[2025-08-26T17:25:00.348+0100] {processor.py:161} INFO - Started process (PID=35304) to work on /Users/vlad.alex995/Desktop/de-sprint/.venv-airflow/lib/python3.11/site-packages/airflow/example_dags/plugins/event_listener.py
[2025-08-26T17:25:00.348+0100] {processor.py:830} INFO - Processing file /Users/vlad.alex995/Desktop/de-sprint/.venv-airflow/lib/python3.11/site-packages/airflow/example_dags/plugins/event_listener.py for tasks to queue
[2025-08-26T17:25:00.348+0100] {logging_mixin.py:188} INFO - [2025-08-26T17:25:00.348+0100] {dagbag.py:545} INFO - Filling up the DagBag from /Users/vlad.alex995/Desktop/de-sprint/.venv-airflow/lib/python3.11/site-packages/airflow/example_dags/plugins/event_listener.py
[2025-08-26T17:25:00.349+0100] {processor.py:842} WARNING - No viable dags retrieved from /Users/vlad.alex995/Desktop/de-sprint/.venv-airflow/lib/python3.11/site-packages/airflow/example_dags/plugins/event_listener.py
[2025-08-26T17:25:00.373+0100] {processor.py:183} INFO - Processing /Users/vlad.alex995/Desktop/de-sprint/.venv-airflow/lib/python3.11/site-packages/airflow/example_dags/plugins/event_listener.py took 0.026 seconds
[2025-08-26T17:26:23.184+0100] {processor.py:161} INFO - Started process (PID=35368) to work on /Users/vlad.alex995/Desktop/de-sprint/.venv-airflow/lib/python3.11/site-packages/airflow/example_dags/plugins/event_listener.py
[2025-08-26T17:26:23.185+0100] {processor.py:830} INFO - Processing file /Users/vlad.alex995/Desktop/de-sprint/.venv-airflow/lib/python3.11/site-packages/airflow/example_dags/plugins/event_listener.py for tasks to queue
[2025-08-26T17:26:23.185+0100] {logging_mixin.py:188} INFO - [2025-08-26T17:26:23.185+0100] {dagbag.py:545} INFO - Filling up the DagBag from /Users/vlad.alex995/Desktop/de-sprint/.venv-airflow/lib/python3.11/site-packages/airflow/example_dags/plugins/event_listener.py
[2025-08-26T17:26:23.186+0100] {processor.py:842} WARNING - No viable dags retrieved from /Users/vlad.alex995/Desktop/de-sprint/.venv-airflow/lib/python3.11/site-packages/airflow/example_dags/plugins/event_listener.py
[2025-08-26T17:26:23.212+0100] {processor.py:183} INFO - Processing /Users/vlad.alex995/Desktop/de-sprint/.venv-airflow/lib/python3.11/site-packages/airflow/example_dags/plugins/event_listener.py took 0.029 seconds
[2025-08-26T17:27:08.414+0100] {processor.py:161} INFO - Started process (PID=35401) to work on /Users/vlad.alex995/Desktop/de-sprint/.venv-airflow/lib/python3.11/site-packages/airflow/example_dags/plugins/event_listener.py
[2025-08-26T17:27:08.414+0100] {processor.py:830} INFO - Processing file /Users/vlad.alex995/Desktop/de-sprint/.venv-airflow/lib/python3.11/site-packages/airflow/example_dags/plugins/event_listener.py for tasks to queue
[2025-08-26T17:27:08.415+0100] {logging_mixin.py:188} INFO - [2025-08-26T17:27:08.415+0100] {dagbag.py:545} INFO - Filling up the DagBag from /Users/vlad.alex995/Desktop/de-sprint/.venv-airflow/lib/python3.11/site-packages/airflow/example_dags/plugins/event_listener.py
[2025-08-26T17:27:08.415+0100] {processor.py:842} WARNING - No viable dags retrieved from /Users/vlad.alex995/Desktop/de-sprint/.venv-airflow/lib/python3.11/site-packages/airflow/example_dags/plugins/event_listener.py
[2025-08-26T17:27:08.439+0100] {processor.py:183} INFO - Processing /Users/vlad.alex995/Desktop/de-sprint/.venv-airflow/lib/python3.11/site-packages/airflow/example_dags/plugins/event_listener.py took 0.026 seconds
[2025-08-26T17:27:53.331+0100] {processor.py:161} INFO - Started process (PID=35440) to work on /Users/vlad.alex995/Desktop/de-sprint/.venv-airflow/lib/python3.11/site-packages/airflow/example_dags/plugins/event_listener.py
[2025-08-26T17:27:53.333+0100] {processor.py:830} INFO - Processing file /Users/vlad.alex995/Desktop/de-sprint/.venv-airflow/lib/python3.11/site-packages/airflow/example_dags/plugins/event_listener.py for tasks to queue
[2025-08-26T17:27:53.333+0100] {logging_mixin.py:188} INFO - [2025-08-26T17:27:53.333+0100] {dagbag.py:545} INFO - Filling up the DagBag from /Users/vlad.alex995/Desktop/de-sprint/.venv-airflow/lib/python3.11/site-packages/airflow/example_dags/plugins/event_listener.py
[2025-08-26T17:27:53.333+0100] {processor.py:842} WARNING - No viable dags retrieved from /Users/vlad.alex995/Desktop/de-sprint/.venv-airflow/lib/python3.11/site-packages/airflow/example_dags/plugins/event_listener.py
[2025-08-26T17:27:53.359+0100] {processor.py:183} INFO - Processing /Users/vlad.alex995/Desktop/de-sprint/.venv-airflow/lib/python3.11/site-packages/airflow/example_dags/plugins/event_listener.py took 0.029 seconds
[2025-08-26T17:28:41.535+0100] {processor.py:161} INFO - Started process (PID=35474) to work on /Users/vlad.alex995/Desktop/de-sprint/.venv-airflow/lib/python3.11/site-packages/airflow/example_dags/plugins/event_listener.py
[2025-08-26T17:28:41.536+0100] {processor.py:830} INFO - Processing file /Users/vlad.alex995/Desktop/de-sprint/.venv-airflow/lib/python3.11/site-packages/airflow/example_dags/plugins/event_listener.py for tasks to queue
[2025-08-26T17:28:41.536+0100] {logging_mixin.py:188} INFO - [2025-08-26T17:28:41.536+0100] {dagbag.py:545} INFO - Filling up the DagBag from /Users/vlad.alex995/Desktop/de-sprint/.venv-airflow/lib/python3.11/site-packages/airflow/example_dags/plugins/event_listener.py
[2025-08-26T17:28:41.537+0100] {processor.py:842} WARNING - No viable dags retrieved from /Users/vlad.alex995/Desktop/de-sprint/.venv-airflow/lib/python3.11/site-packages/airflow/example_dags/plugins/event_listener.py
[2025-08-26T17:28:41.562+0100] {processor.py:183} INFO - Processing /Users/vlad.alex995/Desktop/de-sprint/.venv-airflow/lib/python3.11/site-packages/airflow/example_dags/plugins/event_listener.py took 0.028 seconds
[2025-08-26T17:29:28.513+0100] {processor.py:161} INFO - Started process (PID=35509) to work on /Users/vlad.alex995/Desktop/de-sprint/.venv-airflow/lib/python3.11/site-packages/airflow/example_dags/plugins/event_listener.py
[2025-08-26T17:29:28.513+0100] {processor.py:830} INFO - Processing file /Users/vlad.alex995/Desktop/de-sprint/.venv-airflow/lib/python3.11/site-packages/airflow/example_dags/plugins/event_listener.py for tasks to queue
[2025-08-26T17:29:28.513+0100] {logging_mixin.py:188} INFO - [2025-08-26T17:29:28.513+0100] {dagbag.py:545} INFO - Filling up the DagBag from /Users/vlad.alex995/Desktop/de-sprint/.venv-airflow/lib/python3.11/site-packages/airflow/example_dags/plugins/event_listener.py
[2025-08-26T17:29:28.514+0100] {processor.py:842} WARNING - No viable dags retrieved from /Users/vlad.alex995/Desktop/de-sprint/.venv-airflow/lib/python3.11/site-packages/airflow/example_dags/plugins/event_listener.py
[2025-08-26T17:29:28.538+0100] {processor.py:183} INFO - Processing /Users/vlad.alex995/Desktop/de-sprint/.venv-airflow/lib/python3.11/site-packages/airflow/example_dags/plugins/event_listener.py took 0.026 seconds
[2025-08-26T17:30:15.046+0100] {processor.py:161} INFO - Started process (PID=35545) to work on /Users/vlad.alex995/Desktop/de-sprint/.venv-airflow/lib/python3.11/site-packages/airflow/example_dags/plugins/event_listener.py
[2025-08-26T17:30:15.047+0100] {processor.py:830} INFO - Processing file /Users/vlad.alex995/Desktop/de-sprint/.venv-airflow/lib/python3.11/site-packages/airflow/example_dags/plugins/event_listener.py for tasks to queue
[2025-08-26T17:30:15.047+0100] {logging_mixin.py:188} INFO - [2025-08-26T17:30:15.047+0100] {dagbag.py:545} INFO - Filling up the DagBag from /Users/vlad.alex995/Desktop/de-sprint/.venv-airflow/lib/python3.11/site-packages/airflow/example_dags/plugins/event_listener.py
[2025-08-26T17:30:15.047+0100] {processor.py:842} WARNING - No viable dags retrieved from /Users/vlad.alex995/Desktop/de-sprint/.venv-airflow/lib/python3.11/site-packages/airflow/example_dags/plugins/event_listener.py
[2025-08-26T17:30:15.071+0100] {processor.py:183} INFO - Processing /Users/vlad.alex995/Desktop/de-sprint/.venv-airflow/lib/python3.11/site-packages/airflow/example_dags/plugins/event_listener.py took 0.026 seconds
[2025-08-26T17:30:59.294+0100] {processor.py:161} INFO - Started process (PID=35579) to work on /Users/vlad.alex995/Desktop/de-sprint/.venv-airflow/lib/python3.11/site-packages/airflow/example_dags/plugins/event_listener.py
[2025-08-26T17:30:59.295+0100] {processor.py:830} INFO - Processing file /Users/vlad.alex995/Desktop/de-sprint/.venv-airflow/lib/python3.11/site-packages/airflow/example_dags/plugins/event_listener.py for tasks to queue
[2025-08-26T17:30:59.295+0100] {logging_mixin.py:188} INFO - [2025-08-26T17:30:59.295+0100] {dagbag.py:545} INFO - Filling up the DagBag from /Users/vlad.alex995/Desktop/de-sprint/.venv-airflow/lib/python3.11/site-packages/airflow/example_dags/plugins/event_listener.py
[2025-08-26T17:30:59.296+0100] {processor.py:842} WARNING - No viable dags retrieved from /Users/vlad.alex995/Desktop/de-sprint/.venv-airflow/lib/python3.11/site-packages/airflow/example_dags/plugins/event_listener.py
[2025-08-26T17:30:59.320+0100] {processor.py:183} INFO - Processing /Users/vlad.alex995/Desktop/de-sprint/.venv-airflow/lib/python3.11/site-packages/airflow/example_dags/plugins/event_listener.py took 0.027 seconds
[2025-08-26T17:31:44.839+0100] {processor.py:161} INFO - Started process (PID=35614) to work on /Users/vlad.alex995/Desktop/de-sprint/.venv-airflow/lib/python3.11/site-packages/airflow/example_dags/plugins/event_listener.py
[2025-08-26T17:31:44.840+0100] {processor.py:830} INFO - Processing file /Users/vlad.alex995/Desktop/de-sprint/.venv-airflow/lib/python3.11/site-packages/airflow/example_dags/plugins/event_listener.py for tasks to queue
[2025-08-26T17:31:44.840+0100] {logging_mixin.py:188} INFO - [2025-08-26T17:31:44.840+0100] {dagbag.py:545} INFO - Filling up the DagBag from /Users/vlad.alex995/Desktop/de-sprint/.venv-airflow/lib/python3.11/site-packages/airflow/example_dags/plugins/event_listener.py
[2025-08-26T17:31:44.840+0100] {processor.py:842} WARNING - No viable dags retrieved from /Users/vlad.alex995/Desktop/de-sprint/.venv-airflow/lib/python3.11/site-packages/airflow/example_dags/plugins/event_listener.py
[2025-08-26T17:31:44.865+0100] {processor.py:183} INFO - Processing /Users/vlad.alex995/Desktop/de-sprint/.venv-airflow/lib/python3.11/site-packages/airflow/example_dags/plugins/event_listener.py took 0.026 seconds
[2025-08-26T17:32:29.181+0100] {processor.py:161} INFO - Started process (PID=35960) to work on /Users/vlad.alex995/Desktop/de-sprint/.venv-airflow/lib/python3.11/site-packages/airflow/example_dags/plugins/event_listener.py
[2025-08-26T17:32:29.182+0100] {processor.py:830} INFO - Processing file /Users/vlad.alex995/Desktop/de-sprint/.venv-airflow/lib/python3.11/site-packages/airflow/example_dags/plugins/event_listener.py for tasks to queue
[2025-08-26T17:32:29.182+0100] {logging_mixin.py:188} INFO - [2025-08-26T17:32:29.182+0100] {dagbag.py:545} INFO - Filling up the DagBag from /Users/vlad.alex995/Desktop/de-sprint/.venv-airflow/lib/python3.11/site-packages/airflow/example_dags/plugins/event_listener.py
[2025-08-26T17:32:29.182+0100] {processor.py:842} WARNING - No viable dags retrieved from /Users/vlad.alex995/Desktop/de-sprint/.venv-airflow/lib/python3.11/site-packages/airflow/example_dags/plugins/event_listener.py
[2025-08-26T17:32:29.207+0100] {processor.py:183} INFO - Processing /Users/vlad.alex995/Desktop/de-sprint/.venv-airflow/lib/python3.11/site-packages/airflow/example_dags/plugins/event_listener.py took 0.026 seconds
[2025-08-26T17:33:16.317+0100] {processor.py:161} INFO - Started process (PID=36006) to work on /Users/vlad.alex995/Desktop/de-sprint/.venv-airflow/lib/python3.11/site-packages/airflow/example_dags/plugins/event_listener.py
[2025-08-26T17:33:16.318+0100] {processor.py:830} INFO - Processing file /Users/vlad.alex995/Desktop/de-sprint/.venv-airflow/lib/python3.11/site-packages/airflow/example_dags/plugins/event_listener.py for tasks to queue
[2025-08-26T17:33:16.318+0100] {logging_mixin.py:188} INFO - [2025-08-26T17:33:16.318+0100] {dagbag.py:545} INFO - Filling up the DagBag from /Users/vlad.alex995/Desktop/de-sprint/.venv-airflow/lib/python3.11/site-packages/airflow/example_dags/plugins/event_listener.py
[2025-08-26T17:33:16.318+0100] {processor.py:842} WARNING - No viable dags retrieved from /Users/vlad.alex995/Desktop/de-sprint/.venv-airflow/lib/python3.11/site-packages/airflow/example_dags/plugins/event_listener.py
[2025-08-26T17:33:16.343+0100] {processor.py:183} INFO - Processing /Users/vlad.alex995/Desktop/de-sprint/.venv-airflow/lib/python3.11/site-packages/airflow/example_dags/plugins/event_listener.py took 0.028 seconds
[2025-08-26T18:10:44.735+0100] {processor.py:161} INFO - Started process (PID=37370) to work on /Users/vlad.alex995/Desktop/de-sprint/.venv-airflow/lib/python3.11/site-packages/airflow/example_dags/plugins/event_listener.py
[2025-08-26T18:10:44.736+0100] {processor.py:830} INFO - Processing file /Users/vlad.alex995/Desktop/de-sprint/.venv-airflow/lib/python3.11/site-packages/airflow/example_dags/plugins/event_listener.py for tasks to queue
[2025-08-26T18:10:44.736+0100] {logging_mixin.py:188} INFO - [2025-08-26T18:10:44.736+0100] {dagbag.py:545} INFO - Filling up the DagBag from /Users/vlad.alex995/Desktop/de-sprint/.venv-airflow/lib/python3.11/site-packages/airflow/example_dags/plugins/event_listener.py
[2025-08-26T18:10:44.737+0100] {processor.py:842} WARNING - No viable dags retrieved from /Users/vlad.alex995/Desktop/de-sprint/.venv-airflow/lib/python3.11/site-packages/airflow/example_dags/plugins/event_listener.py
[2025-08-26T18:10:44.765+0100] {processor.py:183} INFO - Processing /Users/vlad.alex995/Desktop/de-sprint/.venv-airflow/lib/python3.11/site-packages/airflow/example_dags/plugins/event_listener.py took 0.031 seconds
[2025-08-26T18:12:05.135+0100] {processor.py:161} INFO - Started process (PID=37453) to work on /Users/vlad.alex995/Desktop/de-sprint/.venv-airflow/lib/python3.11/site-packages/airflow/example_dags/plugins/event_listener.py
[2025-08-26T18:12:05.135+0100] {processor.py:830} INFO - Processing file /Users/vlad.alex995/Desktop/de-sprint/.venv-airflow/lib/python3.11/site-packages/airflow/example_dags/plugins/event_listener.py for tasks to queue
[2025-08-26T18:12:05.136+0100] {logging_mixin.py:188} INFO - [2025-08-26T18:12:05.135+0100] {dagbag.py:545} INFO - Filling up the DagBag from /Users/vlad.alex995/Desktop/de-sprint/.venv-airflow/lib/python3.11/site-packages/airflow/example_dags/plugins/event_listener.py
[2025-08-26T18:12:05.136+0100] {processor.py:842} WARNING - No viable dags retrieved from /Users/vlad.alex995/Desktop/de-sprint/.venv-airflow/lib/python3.11/site-packages/airflow/example_dags/plugins/event_listener.py
[2025-08-26T18:12:05.163+0100] {processor.py:183} INFO - Processing /Users/vlad.alex995/Desktop/de-sprint/.venv-airflow/lib/python3.11/site-packages/airflow/example_dags/plugins/event_listener.py took 0.029 seconds
[2025-08-26T18:12:52.704+0100] {processor.py:161} INFO - Started process (PID=37490) to work on /Users/vlad.alex995/Desktop/de-sprint/.venv-airflow/lib/python3.11/site-packages/airflow/example_dags/plugins/event_listener.py
[2025-08-26T18:12:52.705+0100] {processor.py:830} INFO - Processing file /Users/vlad.alex995/Desktop/de-sprint/.venv-airflow/lib/python3.11/site-packages/airflow/example_dags/plugins/event_listener.py for tasks to queue
[2025-08-26T18:12:52.705+0100] {logging_mixin.py:188} INFO - [2025-08-26T18:12:52.705+0100] {dagbag.py:545} INFO - Filling up the DagBag from /Users/vlad.alex995/Desktop/de-sprint/.venv-airflow/lib/python3.11/site-packages/airflow/example_dags/plugins/event_listener.py
[2025-08-26T18:12:52.705+0100] {processor.py:842} WARNING - No viable dags retrieved from /Users/vlad.alex995/Desktop/de-sprint/.venv-airflow/lib/python3.11/site-packages/airflow/example_dags/plugins/event_listener.py
[2025-08-26T18:12:52.729+0100] {processor.py:183} INFO - Processing /Users/vlad.alex995/Desktop/de-sprint/.venv-airflow/lib/python3.11/site-packages/airflow/example_dags/plugins/event_listener.py took 0.025 seconds
[2025-08-26T18:13:35.452+0100] {processor.py:161} INFO - Started process (PID=37525) to work on /Users/vlad.alex995/Desktop/de-sprint/.venv-airflow/lib/python3.11/site-packages/airflow/example_dags/plugins/event_listener.py
[2025-08-26T18:13:35.452+0100] {processor.py:830} INFO - Processing file /Users/vlad.alex995/Desktop/de-sprint/.venv-airflow/lib/python3.11/site-packages/airflow/example_dags/plugins/event_listener.py for tasks to queue
[2025-08-26T18:13:35.453+0100] {logging_mixin.py:188} INFO - [2025-08-26T18:13:35.452+0100] {dagbag.py:545} INFO - Filling up the DagBag from /Users/vlad.alex995/Desktop/de-sprint/.venv-airflow/lib/python3.11/site-packages/airflow/example_dags/plugins/event_listener.py
[2025-08-26T18:13:35.453+0100] {processor.py:842} WARNING - No viable dags retrieved from /Users/vlad.alex995/Desktop/de-sprint/.venv-airflow/lib/python3.11/site-packages/airflow/example_dags/plugins/event_listener.py
[2025-08-26T18:13:35.476+0100] {processor.py:183} INFO - Processing /Users/vlad.alex995/Desktop/de-sprint/.venv-airflow/lib/python3.11/site-packages/airflow/example_dags/plugins/event_listener.py took 0.025 seconds
[2025-08-26T18:14:18.630+0100] {processor.py:161} INFO - Started process (PID=37791) to work on /Users/vlad.alex995/Desktop/de-sprint/.venv-airflow/lib/python3.11/site-packages/airflow/example_dags/plugins/event_listener.py
[2025-08-26T18:14:18.631+0100] {processor.py:830} INFO - Processing file /Users/vlad.alex995/Desktop/de-sprint/.venv-airflow/lib/python3.11/site-packages/airflow/example_dags/plugins/event_listener.py for tasks to queue
[2025-08-26T18:14:18.631+0100] {logging_mixin.py:188} INFO - [2025-08-26T18:14:18.631+0100] {dagbag.py:545} INFO - Filling up the DagBag from /Users/vlad.alex995/Desktop/de-sprint/.venv-airflow/lib/python3.11/site-packages/airflow/example_dags/plugins/event_listener.py
[2025-08-26T18:14:18.631+0100] {processor.py:842} WARNING - No viable dags retrieved from /Users/vlad.alex995/Desktop/de-sprint/.venv-airflow/lib/python3.11/site-packages/airflow/example_dags/plugins/event_listener.py
[2025-08-26T18:14:18.656+0100] {processor.py:183} INFO - Processing /Users/vlad.alex995/Desktop/de-sprint/.venv-airflow/lib/python3.11/site-packages/airflow/example_dags/plugins/event_listener.py took 0.027 seconds
[2025-08-26T18:15:02.674+0100] {processor.py:161} INFO - Started process (PID=37989) to work on /Users/vlad.alex995/Desktop/de-sprint/.venv-airflow/lib/python3.11/site-packages/airflow/example_dags/plugins/event_listener.py
[2025-08-26T18:15:02.675+0100] {processor.py:830} INFO - Processing file /Users/vlad.alex995/Desktop/de-sprint/.venv-airflow/lib/python3.11/site-packages/airflow/example_dags/plugins/event_listener.py for tasks to queue
[2025-08-26T18:15:02.675+0100] {logging_mixin.py:188} INFO - [2025-08-26T18:15:02.675+0100] {dagbag.py:545} INFO - Filling up the DagBag from /Users/vlad.alex995/Desktop/de-sprint/.venv-airflow/lib/python3.11/site-packages/airflow/example_dags/plugins/event_listener.py
[2025-08-26T18:15:02.675+0100] {processor.py:842} WARNING - No viable dags retrieved from /Users/vlad.alex995/Desktop/de-sprint/.venv-airflow/lib/python3.11/site-packages/airflow/example_dags/plugins/event_listener.py
[2025-08-26T18:15:02.700+0100] {processor.py:183} INFO - Processing /Users/vlad.alex995/Desktop/de-sprint/.venv-airflow/lib/python3.11/site-packages/airflow/example_dags/plugins/event_listener.py took 0.027 seconds
[2025-08-26T18:15:50.271+0100] {processor.py:161} INFO - Started process (PID=38028) to work on /Users/vlad.alex995/Desktop/de-sprint/.venv-airflow/lib/python3.11/site-packages/airflow/example_dags/plugins/event_listener.py
[2025-08-26T18:15:50.271+0100] {processor.py:830} INFO - Processing file /Users/vlad.alex995/Desktop/de-sprint/.venv-airflow/lib/python3.11/site-packages/airflow/example_dags/plugins/event_listener.py for tasks to queue
[2025-08-26T18:15:50.271+0100] {logging_mixin.py:188} INFO - [2025-08-26T18:15:50.271+0100] {dagbag.py:545} INFO - Filling up the DagBag from /Users/vlad.alex995/Desktop/de-sprint/.venv-airflow/lib/python3.11/site-packages/airflow/example_dags/plugins/event_listener.py
[2025-08-26T18:15:50.272+0100] {processor.py:842} WARNING - No viable dags retrieved from /Users/vlad.alex995/Desktop/de-sprint/.venv-airflow/lib/python3.11/site-packages/airflow/example_dags/plugins/event_listener.py
[2025-08-26T18:15:50.295+0100] {processor.py:183} INFO - Processing /Users/vlad.alex995/Desktop/de-sprint/.venv-airflow/lib/python3.11/site-packages/airflow/example_dags/plugins/event_listener.py took 0.026 seconds
[2025-08-26T18:16:36.911+0100] {processor.py:161} INFO - Started process (PID=38065) to work on /Users/vlad.alex995/Desktop/de-sprint/.venv-airflow/lib/python3.11/site-packages/airflow/example_dags/plugins/event_listener.py
[2025-08-26T18:16:36.911+0100] {processor.py:830} INFO - Processing file /Users/vlad.alex995/Desktop/de-sprint/.venv-airflow/lib/python3.11/site-packages/airflow/example_dags/plugins/event_listener.py for tasks to queue
[2025-08-26T18:16:36.911+0100] {logging_mixin.py:188} INFO - [2025-08-26T18:16:36.911+0100] {dagbag.py:545} INFO - Filling up the DagBag from /Users/vlad.alex995/Desktop/de-sprint/.venv-airflow/lib/python3.11/site-packages/airflow/example_dags/plugins/event_listener.py
[2025-08-26T18:16:36.912+0100] {processor.py:842} WARNING - No viable dags retrieved from /Users/vlad.alex995/Desktop/de-sprint/.venv-airflow/lib/python3.11/site-packages/airflow/example_dags/plugins/event_listener.py
[2025-08-26T18:16:36.935+0100] {processor.py:183} INFO - Processing /Users/vlad.alex995/Desktop/de-sprint/.venv-airflow/lib/python3.11/site-packages/airflow/example_dags/plugins/event_listener.py took 0.026 seconds
[2025-08-26T18:17:25.855+0100] {processor.py:161} INFO - Started process (PID=38129) to work on /Users/vlad.alex995/Desktop/de-sprint/.venv-airflow/lib/python3.11/site-packages/airflow/example_dags/plugins/event_listener.py
[2025-08-26T18:17:25.855+0100] {processor.py:830} INFO - Processing file /Users/vlad.alex995/Desktop/de-sprint/.venv-airflow/lib/python3.11/site-packages/airflow/example_dags/plugins/event_listener.py for tasks to queue
[2025-08-26T18:17:25.856+0100] {logging_mixin.py:188} INFO - [2025-08-26T18:17:25.855+0100] {dagbag.py:545} INFO - Filling up the DagBag from /Users/vlad.alex995/Desktop/de-sprint/.venv-airflow/lib/python3.11/site-packages/airflow/example_dags/plugins/event_listener.py
[2025-08-26T18:17:25.856+0100] {processor.py:842} WARNING - No viable dags retrieved from /Users/vlad.alex995/Desktop/de-sprint/.venv-airflow/lib/python3.11/site-packages/airflow/example_dags/plugins/event_listener.py
[2025-08-26T18:17:25.881+0100] {processor.py:183} INFO - Processing /Users/vlad.alex995/Desktop/de-sprint/.venv-airflow/lib/python3.11/site-packages/airflow/example_dags/plugins/event_listener.py took 0.027 seconds
[2025-08-26T18:18:16.250+0100] {processor.py:161} INFO - Started process (PID=38429) to work on /Users/vlad.alex995/Desktop/de-sprint/.venv-airflow/lib/python3.11/site-packages/airflow/example_dags/plugins/event_listener.py
[2025-08-26T18:18:16.251+0100] {processor.py:830} INFO - Processing file /Users/vlad.alex995/Desktop/de-sprint/.venv-airflow/lib/python3.11/site-packages/airflow/example_dags/plugins/event_listener.py for tasks to queue
[2025-08-26T18:18:16.251+0100] {logging_mixin.py:188} INFO - [2025-08-26T18:18:16.251+0100] {dagbag.py:545} INFO - Filling up the DagBag from /Users/vlad.alex995/Desktop/de-sprint/.venv-airflow/lib/python3.11/site-packages/airflow/example_dags/plugins/event_listener.py
[2025-08-26T18:18:16.251+0100] {processor.py:842} WARNING - No viable dags retrieved from /Users/vlad.alex995/Desktop/de-sprint/.venv-airflow/lib/python3.11/site-packages/airflow/example_dags/plugins/event_listener.py
[2025-08-26T18:18:16.275+0100] {processor.py:183} INFO - Processing /Users/vlad.alex995/Desktop/de-sprint/.venv-airflow/lib/python3.11/site-packages/airflow/example_dags/plugins/event_listener.py took 0.026 seconds
[2025-08-26T18:19:15.196+0100] {processor.py:161} INFO - Started process (PID=38846) to work on /Users/vlad.alex995/Desktop/de-sprint/.venv-airflow/lib/python3.11/site-packages/airflow/example_dags/plugins/event_listener.py
[2025-08-26T18:19:15.197+0100] {processor.py:830} INFO - Processing file /Users/vlad.alex995/Desktop/de-sprint/.venv-airflow/lib/python3.11/site-packages/airflow/example_dags/plugins/event_listener.py for tasks to queue
[2025-08-26T18:19:15.197+0100] {logging_mixin.py:188} INFO - [2025-08-26T18:19:15.197+0100] {dagbag.py:545} INFO - Filling up the DagBag from /Users/vlad.alex995/Desktop/de-sprint/.venv-airflow/lib/python3.11/site-packages/airflow/example_dags/plugins/event_listener.py
[2025-08-26T18:19:15.197+0100] {processor.py:842} WARNING - No viable dags retrieved from /Users/vlad.alex995/Desktop/de-sprint/.venv-airflow/lib/python3.11/site-packages/airflow/example_dags/plugins/event_listener.py
[2025-08-26T18:19:15.224+0100] {processor.py:183} INFO - Processing /Users/vlad.alex995/Desktop/de-sprint/.venv-airflow/lib/python3.11/site-packages/airflow/example_dags/plugins/event_listener.py took 0.029 seconds
[2025-08-26T18:20:30.831+0100] {processor.py:161} INFO - Started process (PID=38925) to work on /Users/vlad.alex995/Desktop/de-sprint/.venv-airflow/lib/python3.11/site-packages/airflow/example_dags/plugins/event_listener.py
[2025-08-26T18:20:30.832+0100] {processor.py:830} INFO - Processing file /Users/vlad.alex995/Desktop/de-sprint/.venv-airflow/lib/python3.11/site-packages/airflow/example_dags/plugins/event_listener.py for tasks to queue
[2025-08-26T18:20:30.833+0100] {logging_mixin.py:188} INFO - [2025-08-26T18:20:30.833+0100] {dagbag.py:545} INFO - Filling up the DagBag from /Users/vlad.alex995/Desktop/de-sprint/.venv-airflow/lib/python3.11/site-packages/airflow/example_dags/plugins/event_listener.py
[2025-08-26T18:20:30.833+0100] {processor.py:842} WARNING - No viable dags retrieved from /Users/vlad.alex995/Desktop/de-sprint/.venv-airflow/lib/python3.11/site-packages/airflow/example_dags/plugins/event_listener.py
[2025-08-26T18:20:30.858+0100] {processor.py:183} INFO - Processing /Users/vlad.alex995/Desktop/de-sprint/.venv-airflow/lib/python3.11/site-packages/airflow/example_dags/plugins/event_listener.py took 0.028 seconds
[2025-08-26T18:21:17.191+0100] {processor.py:161} INFO - Started process (PID=38967) to work on /Users/vlad.alex995/Desktop/de-sprint/.venv-airflow/lib/python3.11/site-packages/airflow/example_dags/plugins/event_listener.py
[2025-08-26T18:21:17.191+0100] {processor.py:830} INFO - Processing file /Users/vlad.alex995/Desktop/de-sprint/.venv-airflow/lib/python3.11/site-packages/airflow/example_dags/plugins/event_listener.py for tasks to queue
[2025-08-26T18:21:17.191+0100] {logging_mixin.py:188} INFO - [2025-08-26T18:21:17.191+0100] {dagbag.py:545} INFO - Filling up the DagBag from /Users/vlad.alex995/Desktop/de-sprint/.venv-airflow/lib/python3.11/site-packages/airflow/example_dags/plugins/event_listener.py
[2025-08-26T18:21:17.192+0100] {processor.py:842} WARNING - No viable dags retrieved from /Users/vlad.alex995/Desktop/de-sprint/.venv-airflow/lib/python3.11/site-packages/airflow/example_dags/plugins/event_listener.py
[2025-08-26T18:21:17.216+0100] {processor.py:183} INFO - Processing /Users/vlad.alex995/Desktop/de-sprint/.venv-airflow/lib/python3.11/site-packages/airflow/example_dags/plugins/event_listener.py took 0.027 seconds
[2025-08-26T18:22:04.716+0100] {processor.py:161} INFO - Started process (PID=39005) to work on /Users/vlad.alex995/Desktop/de-sprint/.venv-airflow/lib/python3.11/site-packages/airflow/example_dags/plugins/event_listener.py
[2025-08-26T18:22:04.716+0100] {processor.py:830} INFO - Processing file /Users/vlad.alex995/Desktop/de-sprint/.venv-airflow/lib/python3.11/site-packages/airflow/example_dags/plugins/event_listener.py for tasks to queue
[2025-08-26T18:22:04.717+0100] {logging_mixin.py:188} INFO - [2025-08-26T18:22:04.717+0100] {dagbag.py:545} INFO - Filling up the DagBag from /Users/vlad.alex995/Desktop/de-sprint/.venv-airflow/lib/python3.11/site-packages/airflow/example_dags/plugins/event_listener.py
[2025-08-26T18:22:04.717+0100] {processor.py:842} WARNING - No viable dags retrieved from /Users/vlad.alex995/Desktop/de-sprint/.venv-airflow/lib/python3.11/site-packages/airflow/example_dags/plugins/event_listener.py
[2025-08-26T18:22:04.742+0100] {processor.py:183} INFO - Processing /Users/vlad.alex995/Desktop/de-sprint/.venv-airflow/lib/python3.11/site-packages/airflow/example_dags/plugins/event_listener.py took 0.027 seconds
[2025-08-26T18:22:49.291+0100] {processor.py:161} INFO - Started process (PID=39040) to work on /Users/vlad.alex995/Desktop/de-sprint/.venv-airflow/lib/python3.11/site-packages/airflow/example_dags/plugins/event_listener.py
[2025-08-26T18:22:49.291+0100] {processor.py:830} INFO - Processing file /Users/vlad.alex995/Desktop/de-sprint/.venv-airflow/lib/python3.11/site-packages/airflow/example_dags/plugins/event_listener.py for tasks to queue
[2025-08-26T18:22:49.291+0100] {logging_mixin.py:188} INFO - [2025-08-26T18:22:49.291+0100] {dagbag.py:545} INFO - Filling up the DagBag from /Users/vlad.alex995/Desktop/de-sprint/.venv-airflow/lib/python3.11/site-packages/airflow/example_dags/plugins/event_listener.py
[2025-08-26T18:22:49.292+0100] {processor.py:842} WARNING - No viable dags retrieved from /Users/vlad.alex995/Desktop/de-sprint/.venv-airflow/lib/python3.11/site-packages/airflow/example_dags/plugins/event_listener.py
[2025-08-26T18:22:49.316+0100] {processor.py:183} INFO - Processing /Users/vlad.alex995/Desktop/de-sprint/.venv-airflow/lib/python3.11/site-packages/airflow/example_dags/plugins/event_listener.py took 0.026 seconds
[2025-08-26T18:23:31.513+0100] {processor.py:161} INFO - Started process (PID=39074) to work on /Users/vlad.alex995/Desktop/de-sprint/.venv-airflow/lib/python3.11/site-packages/airflow/example_dags/plugins/event_listener.py
[2025-08-26T18:23:31.513+0100] {processor.py:830} INFO - Processing file /Users/vlad.alex995/Desktop/de-sprint/.venv-airflow/lib/python3.11/site-packages/airflow/example_dags/plugins/event_listener.py for tasks to queue
[2025-08-26T18:23:31.514+0100] {logging_mixin.py:188} INFO - [2025-08-26T18:23:31.514+0100] {dagbag.py:545} INFO - Filling up the DagBag from /Users/vlad.alex995/Desktop/de-sprint/.venv-airflow/lib/python3.11/site-packages/airflow/example_dags/plugins/event_listener.py
[2025-08-26T18:23:31.514+0100] {processor.py:842} WARNING - No viable dags retrieved from /Users/vlad.alex995/Desktop/de-sprint/.venv-airflow/lib/python3.11/site-packages/airflow/example_dags/plugins/event_listener.py
[2025-08-26T18:23:31.541+0100] {processor.py:183} INFO - Processing /Users/vlad.alex995/Desktop/de-sprint/.venv-airflow/lib/python3.11/site-packages/airflow/example_dags/plugins/event_listener.py took 0.030 seconds
[2025-08-26T18:24:14.027+0100] {processor.py:161} INFO - Started process (PID=39108) to work on /Users/vlad.alex995/Desktop/de-sprint/.venv-airflow/lib/python3.11/site-packages/airflow/example_dags/plugins/event_listener.py
[2025-08-26T18:24:14.028+0100] {processor.py:830} INFO - Processing file /Users/vlad.alex995/Desktop/de-sprint/.venv-airflow/lib/python3.11/site-packages/airflow/example_dags/plugins/event_listener.py for tasks to queue
[2025-08-26T18:24:14.028+0100] {logging_mixin.py:188} INFO - [2025-08-26T18:24:14.028+0100] {dagbag.py:545} INFO - Filling up the DagBag from /Users/vlad.alex995/Desktop/de-sprint/.venv-airflow/lib/python3.11/site-packages/airflow/example_dags/plugins/event_listener.py
[2025-08-26T18:24:14.029+0100] {processor.py:842} WARNING - No viable dags retrieved from /Users/vlad.alex995/Desktop/de-sprint/.venv-airflow/lib/python3.11/site-packages/airflow/example_dags/plugins/event_listener.py
[2025-08-26T18:24:14.053+0100] {processor.py:183} INFO - Processing /Users/vlad.alex995/Desktop/de-sprint/.venv-airflow/lib/python3.11/site-packages/airflow/example_dags/plugins/event_listener.py took 0.026 seconds
[2025-08-26T18:24:58.307+0100] {processor.py:161} INFO - Started process (PID=39151) to work on /Users/vlad.alex995/Desktop/de-sprint/.venv-airflow/lib/python3.11/site-packages/airflow/example_dags/plugins/event_listener.py
[2025-08-26T18:24:58.308+0100] {processor.py:830} INFO - Processing file /Users/vlad.alex995/Desktop/de-sprint/.venv-airflow/lib/python3.11/site-packages/airflow/example_dags/plugins/event_listener.py for tasks to queue
[2025-08-26T18:24:58.308+0100] {logging_mixin.py:188} INFO - [2025-08-26T18:24:58.308+0100] {dagbag.py:545} INFO - Filling up the DagBag from /Users/vlad.alex995/Desktop/de-sprint/.venv-airflow/lib/python3.11/site-packages/airflow/example_dags/plugins/event_listener.py
[2025-08-26T18:24:58.308+0100] {processor.py:842} WARNING - No viable dags retrieved from /Users/vlad.alex995/Desktop/de-sprint/.venv-airflow/lib/python3.11/site-packages/airflow/example_dags/plugins/event_listener.py
[2025-08-26T18:24:58.334+0100] {processor.py:183} INFO - Processing /Users/vlad.alex995/Desktop/de-sprint/.venv-airflow/lib/python3.11/site-packages/airflow/example_dags/plugins/event_listener.py took 0.028 seconds
[2025-08-26T18:25:47.064+0100] {processor.py:161} INFO - Started process (PID=39203) to work on /Users/vlad.alex995/Desktop/de-sprint/.venv-airflow/lib/python3.11/site-packages/airflow/example_dags/plugins/event_listener.py
[2025-08-26T18:25:47.065+0100] {processor.py:830} INFO - Processing file /Users/vlad.alex995/Desktop/de-sprint/.venv-airflow/lib/python3.11/site-packages/airflow/example_dags/plugins/event_listener.py for tasks to queue
[2025-08-26T18:25:47.065+0100] {logging_mixin.py:188} INFO - [2025-08-26T18:25:47.065+0100] {dagbag.py:545} INFO - Filling up the DagBag from /Users/vlad.alex995/Desktop/de-sprint/.venv-airflow/lib/python3.11/site-packages/airflow/example_dags/plugins/event_listener.py
[2025-08-26T18:25:47.066+0100] {processor.py:842} WARNING - No viable dags retrieved from /Users/vlad.alex995/Desktop/de-sprint/.venv-airflow/lib/python3.11/site-packages/airflow/example_dags/plugins/event_listener.py
[2025-08-26T18:25:47.091+0100] {processor.py:183} INFO - Processing /Users/vlad.alex995/Desktop/de-sprint/.venv-airflow/lib/python3.11/site-packages/airflow/example_dags/plugins/event_listener.py took 0.027 seconds
[2025-08-26T18:26:35.608+0100] {processor.py:161} INFO - Started process (PID=39239) to work on /Users/vlad.alex995/Desktop/de-sprint/.venv-airflow/lib/python3.11/site-packages/airflow/example_dags/plugins/event_listener.py
[2025-08-26T18:26:35.609+0100] {processor.py:830} INFO - Processing file /Users/vlad.alex995/Desktop/de-sprint/.venv-airflow/lib/python3.11/site-packages/airflow/example_dags/plugins/event_listener.py for tasks to queue
[2025-08-26T18:26:35.610+0100] {logging_mixin.py:188} INFO - [2025-08-26T18:26:35.609+0100] {dagbag.py:545} INFO - Filling up the DagBag from /Users/vlad.alex995/Desktop/de-sprint/.venv-airflow/lib/python3.11/site-packages/airflow/example_dags/plugins/event_listener.py
[2025-08-26T18:26:35.610+0100] {processor.py:842} WARNING - No viable dags retrieved from /Users/vlad.alex995/Desktop/de-sprint/.venv-airflow/lib/python3.11/site-packages/airflow/example_dags/plugins/event_listener.py
[2025-08-26T18:26:35.636+0100] {processor.py:183} INFO - Processing /Users/vlad.alex995/Desktop/de-sprint/.venv-airflow/lib/python3.11/site-packages/airflow/example_dags/plugins/event_listener.py took 0.029 seconds
[2025-08-26T18:27:05.939+0100] {processor.py:161} INFO - Started process (PID=39653) to work on /Users/vlad.alex995/Desktop/de-sprint/.venv-airflow/lib/python3.11/site-packages/airflow/example_dags/plugins/event_listener.py
[2025-08-26T18:27:05.939+0100] {processor.py:830} INFO - Processing file /Users/vlad.alex995/Desktop/de-sprint/.venv-airflow/lib/python3.11/site-packages/airflow/example_dags/plugins/event_listener.py for tasks to queue
[2025-08-26T18:27:05.939+0100] {logging_mixin.py:188} INFO - [2025-08-26T18:27:05.939+0100] {dagbag.py:545} INFO - Filling up the DagBag from /Users/vlad.alex995/Desktop/de-sprint/.venv-airflow/lib/python3.11/site-packages/airflow/example_dags/plugins/event_listener.py
[2025-08-26T18:27:05.940+0100] {processor.py:842} WARNING - No viable dags retrieved from /Users/vlad.alex995/Desktop/de-sprint/.venv-airflow/lib/python3.11/site-packages/airflow/example_dags/plugins/event_listener.py
[2025-08-26T18:27:05.963+0100] {processor.py:183} INFO - Processing /Users/vlad.alex995/Desktop/de-sprint/.venv-airflow/lib/python3.11/site-packages/airflow/example_dags/plugins/event_listener.py took 0.026 seconds
[2025-08-26T18:29:25.588+0100] {processor.py:161} INFO - Started process (PID=40076) to work on /Users/vlad.alex995/Desktop/de-sprint/.venv-airflow/lib/python3.11/site-packages/airflow/example_dags/plugins/event_listener.py
[2025-08-26T18:29:25.590+0100] {processor.py:830} INFO - Processing file /Users/vlad.alex995/Desktop/de-sprint/.venv-airflow/lib/python3.11/site-packages/airflow/example_dags/plugins/event_listener.py for tasks to queue
[2025-08-26T18:29:25.591+0100] {logging_mixin.py:188} INFO - [2025-08-26T18:29:25.591+0100] {dagbag.py:545} INFO - Filling up the DagBag from /Users/vlad.alex995/Desktop/de-sprint/.venv-airflow/lib/python3.11/site-packages/airflow/example_dags/plugins/event_listener.py
[2025-08-26T18:29:25.591+0100] {processor.py:842} WARNING - No viable dags retrieved from /Users/vlad.alex995/Desktop/de-sprint/.venv-airflow/lib/python3.11/site-packages/airflow/example_dags/plugins/event_listener.py
[2025-08-26T18:29:25.615+0100] {processor.py:183} INFO - Processing /Users/vlad.alex995/Desktop/de-sprint/.venv-airflow/lib/python3.11/site-packages/airflow/example_dags/plugins/event_listener.py took 0.028 seconds
