[2025-08-26T17:24:57.554+0100] {processor.py:161} INFO - Started process (PID=35300) to work on /Users/vlad.alex995/Desktop/de-sprint/.venv-airflow/lib/python3.11/site-packages/airflow/example_dags/plugins/workday.py
[2025-08-26T17:24:57.554+0100] {processor.py:830} INFO - Processing file /Users/vlad.alex995/Desktop/de-sprint/.venv-airflow/lib/python3.11/site-packages/airflow/example_dags/plugins/workday.py for tasks to queue
[2025-08-26T17:24:57.554+0100] {logging_mixin.py:188} INFO - [2025-08-26T17:24:57.554+0100] {dagbag.py:545} INFO - Filling up the DagBag from /Users/vlad.alex995/Desktop/de-sprint/.venv-airflow/lib/python3.11/site-packages/airflow/example_dags/plugins/workday.py
[2025-08-26T17:24:57.555+0100] {logging_mixin.py:188} INFO - [2025-08-26T17:24:57.555+0100] {workday.py:41} WARNING - Could not import pandas. Holidays will not be considered.
[2025-08-26T17:24:57.555+0100] {processor.py:842} WARNING - No viable dags retrieved from /Users/vlad.alex995/Desktop/de-sprint/.venv-airflow/lib/python3.11/site-packages/airflow/example_dags/plugins/workday.py
[2025-08-26T17:24:57.579+0100] {processor.py:183} INFO - Processing /Users/vlad.alex995/Desktop/de-sprint/.venv-airflow/lib/python3.11/site-packages/airflow/example_dags/plugins/workday.py took 0.027 seconds
[2025-08-26T17:26:19.889+0100] {processor.py:161} INFO - Started process (PID=35365) to work on /Users/vlad.alex995/Desktop/de-sprint/.venv-airflow/lib/python3.11/site-packages/airflow/example_dags/plugins/workday.py
[2025-08-26T17:26:19.890+0100] {processor.py:830} INFO - Processing file /Users/vlad.alex995/Desktop/de-sprint/.venv-airflow/lib/python3.11/site-packages/airflow/example_dags/plugins/workday.py for tasks to queue
[2025-08-26T17:26:19.890+0100] {logging_mixin.py:188} INFO - [2025-08-26T17:26:19.890+0100] {dagbag.py:545} INFO - Filling up the DagBag from /Users/vlad.alex995/Desktop/de-sprint/.venv-airflow/lib/python3.11/site-packages/airflow/example_dags/plugins/workday.py
[2025-08-26T17:26:19.890+0100] {logging_mixin.py:188} INFO - [2025-08-26T17:26:19.890+0100] {workday.py:41} WARNING - Could not import pandas. Holidays will not be considered.
[2025-08-26T17:26:19.891+0100] {processor.py:842} WARNING - No viable dags retrieved from /Users/vlad.alex995/Desktop/de-sprint/.venv-airflow/lib/python3.11/site-packages/airflow/example_dags/plugins/workday.py
[2025-08-26T17:26:19.914+0100] {processor.py:183} INFO - Processing /Users/vlad.alex995/Desktop/de-sprint/.venv-airflow/lib/python3.11/site-packages/airflow/example_dags/plugins/workday.py took 0.027 seconds
[2025-08-26T17:27:05.134+0100] {processor.py:161} INFO - Started process (PID=35399) to work on /Users/vlad.alex995/Desktop/de-sprint/.venv-airflow/lib/python3.11/site-packages/airflow/example_dags/plugins/workday.py
[2025-08-26T17:27:05.134+0100] {processor.py:830} INFO - Processing file /Users/vlad.alex995/Desktop/de-sprint/.venv-airflow/lib/python3.11/site-packages/airflow/example_dags/plugins/workday.py for tasks to queue
[2025-08-26T17:27:05.134+0100] {logging_mixin.py:188} INFO - [2025-08-26T17:27:05.134+0100] {dagbag.py:545} INFO - Filling up the DagBag from /Users/vlad.alex995/Desktop/de-sprint/.venv-airflow/lib/python3.11/site-packages/airflow/example_dags/plugins/workday.py
[2025-08-26T17:27:05.135+0100] {logging_mixin.py:188} INFO - [2025-08-26T17:27:05.135+0100] {workday.py:41} WARNING - Could not import pandas. Holidays will not be considered.
[2025-08-26T17:27:05.135+0100] {processor.py:842} WARNING - No viable dags retrieved from /Users/vlad.alex995/Desktop/de-sprint/.venv-airflow/lib/python3.11/site-packages/airflow/example_dags/plugins/workday.py
[2025-08-26T17:27:05.159+0100] {processor.py:183} INFO - Processing /Users/vlad.alex995/Desktop/de-sprint/.venv-airflow/lib/python3.11/site-packages/airflow/example_dags/plugins/workday.py took 0.026 seconds
[2025-08-26T17:27:50.905+0100] {processor.py:161} INFO - Started process (PID=35437) to work on /Users/vlad.alex995/Desktop/de-sprint/.venv-airflow/lib/python3.11/site-packages/airflow/example_dags/plugins/workday.py
[2025-08-26T17:27:50.906+0100] {processor.py:830} INFO - Processing file /Users/vlad.alex995/Desktop/de-sprint/.venv-airflow/lib/python3.11/site-packages/airflow/example_dags/plugins/workday.py for tasks to queue
[2025-08-26T17:27:50.907+0100] {logging_mixin.py:188} INFO - [2025-08-26T17:27:50.907+0100] {dagbag.py:545} INFO - Filling up the DagBag from /Users/vlad.alex995/Desktop/de-sprint/.venv-airflow/lib/python3.11/site-packages/airflow/example_dags/plugins/workday.py
[2025-08-26T17:27:50.907+0100] {logging_mixin.py:188} INFO - [2025-08-26T17:27:50.907+0100] {workday.py:41} WARNING - Could not import pandas. Holidays will not be considered.
[2025-08-26T17:27:50.907+0100] {processor.py:842} WARNING - No viable dags retrieved from /Users/vlad.alex995/Desktop/de-sprint/.venv-airflow/lib/python3.11/site-packages/airflow/example_dags/plugins/workday.py
[2025-08-26T17:27:50.931+0100] {processor.py:183} INFO - Processing /Users/vlad.alex995/Desktop/de-sprint/.venv-airflow/lib/python3.11/site-packages/airflow/example_dags/plugins/workday.py took 0.027 seconds
[2025-08-26T17:28:38.243+0100] {processor.py:161} INFO - Started process (PID=35472) to work on /Users/vlad.alex995/Desktop/de-sprint/.venv-airflow/lib/python3.11/site-packages/airflow/example_dags/plugins/workday.py
[2025-08-26T17:28:38.244+0100] {processor.py:830} INFO - Processing file /Users/vlad.alex995/Desktop/de-sprint/.venv-airflow/lib/python3.11/site-packages/airflow/example_dags/plugins/workday.py for tasks to queue
[2025-08-26T17:28:38.244+0100] {logging_mixin.py:188} INFO - [2025-08-26T17:28:38.244+0100] {dagbag.py:545} INFO - Filling up the DagBag from /Users/vlad.alex995/Desktop/de-sprint/.venv-airflow/lib/python3.11/site-packages/airflow/example_dags/plugins/workday.py
[2025-08-26T17:28:38.245+0100] {logging_mixin.py:188} INFO - [2025-08-26T17:28:38.245+0100] {workday.py:41} WARNING - Could not import pandas. Holidays will not be considered.
[2025-08-26T17:28:38.245+0100] {processor.py:842} WARNING - No viable dags retrieved from /Users/vlad.alex995/Desktop/de-sprint/.venv-airflow/lib/python3.11/site-packages/airflow/example_dags/plugins/workday.py
[2025-08-26T17:28:38.271+0100] {processor.py:183} INFO - Processing /Users/vlad.alex995/Desktop/de-sprint/.venv-airflow/lib/python3.11/site-packages/airflow/example_dags/plugins/workday.py took 0.029 seconds
[2025-08-26T17:29:25.971+0100] {processor.py:161} INFO - Started process (PID=35507) to work on /Users/vlad.alex995/Desktop/de-sprint/.venv-airflow/lib/python3.11/site-packages/airflow/example_dags/plugins/workday.py
[2025-08-26T17:29:25.971+0100] {processor.py:830} INFO - Processing file /Users/vlad.alex995/Desktop/de-sprint/.venv-airflow/lib/python3.11/site-packages/airflow/example_dags/plugins/workday.py for tasks to queue
[2025-08-26T17:29:25.971+0100] {logging_mixin.py:188} INFO - [2025-08-26T17:29:25.971+0100] {dagbag.py:545} INFO - Filling up the DagBag from /Users/vlad.alex995/Desktop/de-sprint/.venv-airflow/lib/python3.11/site-packages/airflow/example_dags/plugins/workday.py
[2025-08-26T17:29:25.971+0100] {logging_mixin.py:188} INFO - [2025-08-26T17:29:25.971+0100] {workday.py:41} WARNING - Could not import pandas. Holidays will not be considered.
[2025-08-26T17:29:25.972+0100] {processor.py:842} WARNING - No viable dags retrieved from /Users/vlad.alex995/Desktop/de-sprint/.venv-airflow/lib/python3.11/site-packages/airflow/example_dags/plugins/workday.py
[2025-08-26T17:29:25.996+0100] {processor.py:183} INFO - Processing /Users/vlad.alex995/Desktop/de-sprint/.venv-airflow/lib/python3.11/site-packages/airflow/example_dags/plugins/workday.py took 0.026 seconds
[2025-08-26T17:30:12.696+0100] {processor.py:161} INFO - Started process (PID=35543) to work on /Users/vlad.alex995/Desktop/de-sprint/.venv-airflow/lib/python3.11/site-packages/airflow/example_dags/plugins/workday.py
[2025-08-26T17:30:12.697+0100] {processor.py:830} INFO - Processing file /Users/vlad.alex995/Desktop/de-sprint/.venv-airflow/lib/python3.11/site-packages/airflow/example_dags/plugins/workday.py for tasks to queue
[2025-08-26T17:30:12.697+0100] {logging_mixin.py:188} INFO - [2025-08-26T17:30:12.697+0100] {dagbag.py:545} INFO - Filling up the DagBag from /Users/vlad.alex995/Desktop/de-sprint/.venv-airflow/lib/python3.11/site-packages/airflow/example_dags/plugins/workday.py
[2025-08-26T17:30:12.697+0100] {logging_mixin.py:188} INFO - [2025-08-26T17:30:12.697+0100] {workday.py:41} WARNING - Could not import pandas. Holidays will not be considered.
[2025-08-26T17:30:12.697+0100] {processor.py:842} WARNING - No viable dags retrieved from /Users/vlad.alex995/Desktop/de-sprint/.venv-airflow/lib/python3.11/site-packages/airflow/example_dags/plugins/workday.py
[2025-08-26T17:30:12.723+0100] {processor.py:183} INFO - Processing /Users/vlad.alex995/Desktop/de-sprint/.venv-airflow/lib/python3.11/site-packages/airflow/example_dags/plugins/workday.py took 0.027 seconds
[2025-08-26T17:30:56.682+0100] {processor.py:161} INFO - Started process (PID=35577) to work on /Users/vlad.alex995/Desktop/de-sprint/.venv-airflow/lib/python3.11/site-packages/airflow/example_dags/plugins/workday.py
[2025-08-26T17:30:56.683+0100] {processor.py:830} INFO - Processing file /Users/vlad.alex995/Desktop/de-sprint/.venv-airflow/lib/python3.11/site-packages/airflow/example_dags/plugins/workday.py for tasks to queue
[2025-08-26T17:30:56.683+0100] {logging_mixin.py:188} INFO - [2025-08-26T17:30:56.683+0100] {dagbag.py:545} INFO - Filling up the DagBag from /Users/vlad.alex995/Desktop/de-sprint/.venv-airflow/lib/python3.11/site-packages/airflow/example_dags/plugins/workday.py
[2025-08-26T17:30:56.684+0100] {logging_mixin.py:188} INFO - [2025-08-26T17:30:56.684+0100] {workday.py:41} WARNING - Could not import pandas. Holidays will not be considered.
[2025-08-26T17:30:56.684+0100] {processor.py:842} WARNING - No viable dags retrieved from /Users/vlad.alex995/Desktop/de-sprint/.venv-airflow/lib/python3.11/site-packages/airflow/example_dags/plugins/workday.py
[2025-08-26T17:30:56.708+0100] {processor.py:183} INFO - Processing /Users/vlad.alex995/Desktop/de-sprint/.venv-airflow/lib/python3.11/site-packages/airflow/example_dags/plugins/workday.py took 0.027 seconds
[2025-08-26T17:31:42.464+0100] {processor.py:161} INFO - Started process (PID=35612) to work on /Users/vlad.alex995/Desktop/de-sprint/.venv-airflow/lib/python3.11/site-packages/airflow/example_dags/plugins/workday.py
[2025-08-26T17:31:42.465+0100] {processor.py:830} INFO - Processing file /Users/vlad.alex995/Desktop/de-sprint/.venv-airflow/lib/python3.11/site-packages/airflow/example_dags/plugins/workday.py for tasks to queue
[2025-08-26T17:31:42.465+0100] {logging_mixin.py:188} INFO - [2025-08-26T17:31:42.465+0100] {dagbag.py:545} INFO - Filling up the DagBag from /Users/vlad.alex995/Desktop/de-sprint/.venv-airflow/lib/python3.11/site-packages/airflow/example_dags/plugins/workday.py
[2025-08-26T17:31:42.465+0100] {logging_mixin.py:188} INFO - [2025-08-26T17:31:42.465+0100] {workday.py:41} WARNING - Could not import pandas. Holidays will not be considered.
[2025-08-26T17:31:42.465+0100] {processor.py:842} WARNING - No viable dags retrieved from /Users/vlad.alex995/Desktop/de-sprint/.venv-airflow/lib/python3.11/site-packages/airflow/example_dags/plugins/workday.py
[2025-08-26T17:31:42.489+0100] {processor.py:183} INFO - Processing /Users/vlad.alex995/Desktop/de-sprint/.venv-airflow/lib/python3.11/site-packages/airflow/example_dags/plugins/workday.py took 0.026 seconds
[2025-08-26T17:32:26.926+0100] {processor.py:161} INFO - Started process (PID=35958) to work on /Users/vlad.alex995/Desktop/de-sprint/.venv-airflow/lib/python3.11/site-packages/airflow/example_dags/plugins/workday.py
[2025-08-26T17:32:26.926+0100] {processor.py:830} INFO - Processing file /Users/vlad.alex995/Desktop/de-sprint/.venv-airflow/lib/python3.11/site-packages/airflow/example_dags/plugins/workday.py for tasks to queue
[2025-08-26T17:32:26.926+0100] {logging_mixin.py:188} INFO - [2025-08-26T17:32:26.926+0100] {dagbag.py:545} INFO - Filling up the DagBag from /Users/vlad.alex995/Desktop/de-sprint/.venv-airflow/lib/python3.11/site-packages/airflow/example_dags/plugins/workday.py
[2025-08-26T17:32:26.927+0100] {logging_mixin.py:188} INFO - [2025-08-26T17:32:26.927+0100] {workday.py:41} WARNING - Could not import pandas. Holidays will not be considered.
[2025-08-26T17:32:26.927+0100] {processor.py:842} WARNING - No viable dags retrieved from /Users/vlad.alex995/Desktop/de-sprint/.venv-airflow/lib/python3.11/site-packages/airflow/example_dags/plugins/workday.py
[2025-08-26T17:32:26.951+0100] {processor.py:183} INFO - Processing /Users/vlad.alex995/Desktop/de-sprint/.venv-airflow/lib/python3.11/site-packages/airflow/example_dags/plugins/workday.py took 0.026 seconds
[2025-08-26T17:33:13.040+0100] {processor.py:161} INFO - Started process (PID=36004) to work on /Users/vlad.alex995/Desktop/de-sprint/.venv-airflow/lib/python3.11/site-packages/airflow/example_dags/plugins/workday.py
[2025-08-26T17:33:13.041+0100] {processor.py:830} INFO - Processing file /Users/vlad.alex995/Desktop/de-sprint/.venv-airflow/lib/python3.11/site-packages/airflow/example_dags/plugins/workday.py for tasks to queue
[2025-08-26T17:33:13.042+0100] {logging_mixin.py:188} INFO - [2025-08-26T17:33:13.042+0100] {dagbag.py:545} INFO - Filling up the DagBag from /Users/vlad.alex995/Desktop/de-sprint/.venv-airflow/lib/python3.11/site-packages/airflow/example_dags/plugins/workday.py
[2025-08-26T17:33:13.042+0100] {logging_mixin.py:188} INFO - [2025-08-26T17:33:13.042+0100] {workday.py:41} WARNING - Could not import pandas. Holidays will not be considered.
[2025-08-26T17:33:13.042+0100] {processor.py:842} WARNING - No viable dags retrieved from /Users/vlad.alex995/Desktop/de-sprint/.venv-airflow/lib/python3.11/site-packages/airflow/example_dags/plugins/workday.py
[2025-08-26T17:33:13.068+0100] {processor.py:183} INFO - Processing /Users/vlad.alex995/Desktop/de-sprint/.venv-airflow/lib/python3.11/site-packages/airflow/example_dags/plugins/workday.py took 0.028 seconds
[2025-08-26T18:10:41.832+0100] {processor.py:161} INFO - Started process (PID=37365) to work on /Users/vlad.alex995/Desktop/de-sprint/.venv-airflow/lib/python3.11/site-packages/airflow/example_dags/plugins/workday.py
[2025-08-26T18:10:41.833+0100] {processor.py:830} INFO - Processing file /Users/vlad.alex995/Desktop/de-sprint/.venv-airflow/lib/python3.11/site-packages/airflow/example_dags/plugins/workday.py for tasks to queue
[2025-08-26T18:10:41.833+0100] {logging_mixin.py:188} INFO - [2025-08-26T18:10:41.833+0100] {dagbag.py:545} INFO - Filling up the DagBag from /Users/vlad.alex995/Desktop/de-sprint/.venv-airflow/lib/python3.11/site-packages/airflow/example_dags/plugins/workday.py
[2025-08-26T18:10:41.834+0100] {logging_mixin.py:188} INFO - [2025-08-26T18:10:41.834+0100] {workday.py:41} WARNING - Could not import pandas. Holidays will not be considered.
[2025-08-26T18:10:41.834+0100] {processor.py:842} WARNING - No viable dags retrieved from /Users/vlad.alex995/Desktop/de-sprint/.venv-airflow/lib/python3.11/site-packages/airflow/example_dags/plugins/workday.py
[2025-08-26T18:10:41.856+0100] {processor.py:183} INFO - Processing /Users/vlad.alex995/Desktop/de-sprint/.venv-airflow/lib/python3.11/site-packages/airflow/example_dags/plugins/workday.py took 0.025 seconds
[2025-08-26T18:12:01.738+0100] {processor.py:161} INFO - Started process (PID=37451) to work on /Users/vlad.alex995/Desktop/de-sprint/.venv-airflow/lib/python3.11/site-packages/airflow/example_dags/plugins/workday.py
[2025-08-26T18:12:01.739+0100] {processor.py:830} INFO - Processing file /Users/vlad.alex995/Desktop/de-sprint/.venv-airflow/lib/python3.11/site-packages/airflow/example_dags/plugins/workday.py for tasks to queue
[2025-08-26T18:12:01.739+0100] {logging_mixin.py:188} INFO - [2025-08-26T18:12:01.739+0100] {dagbag.py:545} INFO - Filling up the DagBag from /Users/vlad.alex995/Desktop/de-sprint/.venv-airflow/lib/python3.11/site-packages/airflow/example_dags/plugins/workday.py
[2025-08-26T18:12:01.740+0100] {logging_mixin.py:188} INFO - [2025-08-26T18:12:01.740+0100] {workday.py:41} WARNING - Could not import pandas. Holidays will not be considered.
[2025-08-26T18:12:01.740+0100] {processor.py:842} WARNING - No viable dags retrieved from /Users/vlad.alex995/Desktop/de-sprint/.venv-airflow/lib/python3.11/site-packages/airflow/example_dags/plugins/workday.py
[2025-08-26T18:12:01.765+0100] {processor.py:183} INFO - Processing /Users/vlad.alex995/Desktop/de-sprint/.venv-airflow/lib/python3.11/site-packages/airflow/example_dags/plugins/workday.py took 0.028 seconds
[2025-08-26T18:12:49.507+0100] {processor.py:161} INFO - Started process (PID=37487) to work on /Users/vlad.alex995/Desktop/de-sprint/.venv-airflow/lib/python3.11/site-packages/airflow/example_dags/plugins/workday.py
[2025-08-26T18:12:49.507+0100] {processor.py:830} INFO - Processing file /Users/vlad.alex995/Desktop/de-sprint/.venv-airflow/lib/python3.11/site-packages/airflow/example_dags/plugins/workday.py for tasks to queue
[2025-08-26T18:12:49.508+0100] {logging_mixin.py:188} INFO - [2025-08-26T18:12:49.508+0100] {dagbag.py:545} INFO - Filling up the DagBag from /Users/vlad.alex995/Desktop/de-sprint/.venv-airflow/lib/python3.11/site-packages/airflow/example_dags/plugins/workday.py
[2025-08-26T18:12:49.508+0100] {logging_mixin.py:188} INFO - [2025-08-26T18:12:49.508+0100] {workday.py:41} WARNING - Could not import pandas. Holidays will not be considered.
[2025-08-26T18:12:49.508+0100] {processor.py:842} WARNING - No viable dags retrieved from /Users/vlad.alex995/Desktop/de-sprint/.venv-airflow/lib/python3.11/site-packages/airflow/example_dags/plugins/workday.py
[2025-08-26T18:12:49.532+0100] {processor.py:183} INFO - Processing /Users/vlad.alex995/Desktop/de-sprint/.venv-airflow/lib/python3.11/site-packages/airflow/example_dags/plugins/workday.py took 0.026 seconds
[2025-08-26T18:13:32.264+0100] {processor.py:161} INFO - Started process (PID=37522) to work on /Users/vlad.alex995/Desktop/de-sprint/.venv-airflow/lib/python3.11/site-packages/airflow/example_dags/plugins/workday.py
[2025-08-26T18:13:32.264+0100] {processor.py:830} INFO - Processing file /Users/vlad.alex995/Desktop/de-sprint/.venv-airflow/lib/python3.11/site-packages/airflow/example_dags/plugins/workday.py for tasks to queue
[2025-08-26T18:13:32.264+0100] {logging_mixin.py:188} INFO - [2025-08-26T18:13:32.264+0100] {dagbag.py:545} INFO - Filling up the DagBag from /Users/vlad.alex995/Desktop/de-sprint/.venv-airflow/lib/python3.11/site-packages/airflow/example_dags/plugins/workday.py
[2025-08-26T18:13:32.265+0100] {logging_mixin.py:188} INFO - [2025-08-26T18:13:32.265+0100] {workday.py:41} WARNING - Could not import pandas. Holidays will not be considered.
[2025-08-26T18:13:32.265+0100] {processor.py:842} WARNING - No viable dags retrieved from /Users/vlad.alex995/Desktop/de-sprint/.venv-airflow/lib/python3.11/site-packages/airflow/example_dags/plugins/workday.py
[2025-08-26T18:13:32.288+0100] {processor.py:183} INFO - Processing /Users/vlad.alex995/Desktop/de-sprint/.venv-airflow/lib/python3.11/site-packages/airflow/example_dags/plugins/workday.py took 0.025 seconds
[2025-08-26T18:14:16.400+0100] {processor.py:161} INFO - Started process (PID=37789) to work on /Users/vlad.alex995/Desktop/de-sprint/.venv-airflow/lib/python3.11/site-packages/airflow/example_dags/plugins/workday.py
[2025-08-26T18:14:16.400+0100] {processor.py:830} INFO - Processing file /Users/vlad.alex995/Desktop/de-sprint/.venv-airflow/lib/python3.11/site-packages/airflow/example_dags/plugins/workday.py for tasks to queue
[2025-08-26T18:14:16.400+0100] {logging_mixin.py:188} INFO - [2025-08-26T18:14:16.400+0100] {dagbag.py:545} INFO - Filling up the DagBag from /Users/vlad.alex995/Desktop/de-sprint/.venv-airflow/lib/python3.11/site-packages/airflow/example_dags/plugins/workday.py
[2025-08-26T18:14:16.401+0100] {logging_mixin.py:188} INFO - [2025-08-26T18:14:16.401+0100] {workday.py:41} WARNING - Could not import pandas. Holidays will not be considered.
[2025-08-26T18:14:16.401+0100] {processor.py:842} WARNING - No viable dags retrieved from /Users/vlad.alex995/Desktop/de-sprint/.venv-airflow/lib/python3.11/site-packages/airflow/example_dags/plugins/workday.py
[2025-08-26T18:14:16.425+0100] {processor.py:183} INFO - Processing /Users/vlad.alex995/Desktop/de-sprint/.venv-airflow/lib/python3.11/site-packages/airflow/example_dags/plugins/workday.py took 0.026 seconds
[2025-08-26T18:15:00.990+0100] {processor.py:161} INFO - Started process (PID=37987) to work on /Users/vlad.alex995/Desktop/de-sprint/.venv-airflow/lib/python3.11/site-packages/airflow/example_dags/plugins/workday.py
[2025-08-26T18:15:00.991+0100] {processor.py:830} INFO - Processing file /Users/vlad.alex995/Desktop/de-sprint/.venv-airflow/lib/python3.11/site-packages/airflow/example_dags/plugins/workday.py for tasks to queue
[2025-08-26T18:15:00.991+0100] {logging_mixin.py:188} INFO - [2025-08-26T18:15:00.991+0100] {dagbag.py:545} INFO - Filling up the DagBag from /Users/vlad.alex995/Desktop/de-sprint/.venv-airflow/lib/python3.11/site-packages/airflow/example_dags/plugins/workday.py
[2025-08-26T18:15:00.992+0100] {logging_mixin.py:188} INFO - [2025-08-26T18:15:00.992+0100] {workday.py:41} WARNING - Could not import pandas. Holidays will not be considered.
[2025-08-26T18:15:00.992+0100] {processor.py:842} WARNING - No viable dags retrieved from /Users/vlad.alex995/Desktop/de-sprint/.venv-airflow/lib/python3.11/site-packages/airflow/example_dags/plugins/workday.py
[2025-08-26T18:15:01.016+0100] {processor.py:183} INFO - Processing /Users/vlad.alex995/Desktop/de-sprint/.venv-airflow/lib/python3.11/site-packages/airflow/example_dags/plugins/workday.py took 0.028 seconds
[2025-08-26T18:15:47.983+0100] {processor.py:161} INFO - Started process (PID=38026) to work on /Users/vlad.alex995/Desktop/de-sprint/.venv-airflow/lib/python3.11/site-packages/airflow/example_dags/plugins/workday.py
[2025-08-26T18:15:47.983+0100] {processor.py:830} INFO - Processing file /Users/vlad.alex995/Desktop/de-sprint/.venv-airflow/lib/python3.11/site-packages/airflow/example_dags/plugins/workday.py for tasks to queue
[2025-08-26T18:15:47.984+0100] {logging_mixin.py:188} INFO - [2025-08-26T18:15:47.983+0100] {dagbag.py:545} INFO - Filling up the DagBag from /Users/vlad.alex995/Desktop/de-sprint/.venv-airflow/lib/python3.11/site-packages/airflow/example_dags/plugins/workday.py
[2025-08-26T18:15:47.984+0100] {logging_mixin.py:188} INFO - [2025-08-26T18:15:47.984+0100] {workday.py:41} WARNING - Could not import pandas. Holidays will not be considered.
[2025-08-26T18:15:47.984+0100] {processor.py:842} WARNING - No viable dags retrieved from /Users/vlad.alex995/Desktop/de-sprint/.venv-airflow/lib/python3.11/site-packages/airflow/example_dags/plugins/workday.py
[2025-08-26T18:15:48.009+0100] {processor.py:183} INFO - Processing /Users/vlad.alex995/Desktop/de-sprint/.venv-airflow/lib/python3.11/site-packages/airflow/example_dags/plugins/workday.py took 0.027 seconds
[2025-08-26T18:16:34.329+0100] {processor.py:161} INFO - Started process (PID=38063) to work on /Users/vlad.alex995/Desktop/de-sprint/.venv-airflow/lib/python3.11/site-packages/airflow/example_dags/plugins/workday.py
[2025-08-26T18:16:34.329+0100] {processor.py:830} INFO - Processing file /Users/vlad.alex995/Desktop/de-sprint/.venv-airflow/lib/python3.11/site-packages/airflow/example_dags/plugins/workday.py for tasks to queue
[2025-08-26T18:16:34.329+0100] {logging_mixin.py:188} INFO - [2025-08-26T18:16:34.329+0100] {dagbag.py:545} INFO - Filling up the DagBag from /Users/vlad.alex995/Desktop/de-sprint/.venv-airflow/lib/python3.11/site-packages/airflow/example_dags/plugins/workday.py
[2025-08-26T18:16:34.330+0100] {logging_mixin.py:188} INFO - [2025-08-26T18:16:34.330+0100] {workday.py:41} WARNING - Could not import pandas. Holidays will not be considered.
[2025-08-26T18:16:34.330+0100] {processor.py:842} WARNING - No viable dags retrieved from /Users/vlad.alex995/Desktop/de-sprint/.venv-airflow/lib/python3.11/site-packages/airflow/example_dags/plugins/workday.py
[2025-08-26T18:16:34.353+0100] {processor.py:183} INFO - Processing /Users/vlad.alex995/Desktop/de-sprint/.venv-airflow/lib/python3.11/site-packages/airflow/example_dags/plugins/workday.py took 0.026 seconds
[2025-08-26T18:17:22.576+0100] {processor.py:161} INFO - Started process (PID=38125) to work on /Users/vlad.alex995/Desktop/de-sprint/.venv-airflow/lib/python3.11/site-packages/airflow/example_dags/plugins/workday.py
[2025-08-26T18:17:22.576+0100] {processor.py:830} INFO - Processing file /Users/vlad.alex995/Desktop/de-sprint/.venv-airflow/lib/python3.11/site-packages/airflow/example_dags/plugins/workday.py for tasks to queue
[2025-08-26T18:17:22.577+0100] {logging_mixin.py:188} INFO - [2025-08-26T18:17:22.576+0100] {dagbag.py:545} INFO - Filling up the DagBag from /Users/vlad.alex995/Desktop/de-sprint/.venv-airflow/lib/python3.11/site-packages/airflow/example_dags/plugins/workday.py
[2025-08-26T18:17:22.577+0100] {logging_mixin.py:188} INFO - [2025-08-26T18:17:22.577+0100] {workday.py:41} WARNING - Could not import pandas. Holidays will not be considered.
[2025-08-26T18:17:22.577+0100] {processor.py:842} WARNING - No viable dags retrieved from /Users/vlad.alex995/Desktop/de-sprint/.venv-airflow/lib/python3.11/site-packages/airflow/example_dags/plugins/workday.py
[2025-08-26T18:17:22.603+0100] {processor.py:183} INFO - Processing /Users/vlad.alex995/Desktop/de-sprint/.venv-airflow/lib/python3.11/site-packages/airflow/example_dags/plugins/workday.py took 0.029 seconds
[2025-08-26T18:18:13.287+0100] {processor.py:161} INFO - Started process (PID=38427) to work on /Users/vlad.alex995/Desktop/de-sprint/.venv-airflow/lib/python3.11/site-packages/airflow/example_dags/plugins/workday.py
[2025-08-26T18:18:13.288+0100] {processor.py:830} INFO - Processing file /Users/vlad.alex995/Desktop/de-sprint/.venv-airflow/lib/python3.11/site-packages/airflow/example_dags/plugins/workday.py for tasks to queue
[2025-08-26T18:18:13.288+0100] {logging_mixin.py:188} INFO - [2025-08-26T18:18:13.288+0100] {dagbag.py:545} INFO - Filling up the DagBag from /Users/vlad.alex995/Desktop/de-sprint/.venv-airflow/lib/python3.11/site-packages/airflow/example_dags/plugins/workday.py
[2025-08-26T18:18:13.288+0100] {logging_mixin.py:188} INFO - [2025-08-26T18:18:13.288+0100] {workday.py:41} WARNING - Could not import pandas. Holidays will not be considered.
[2025-08-26T18:18:13.288+0100] {processor.py:842} WARNING - No viable dags retrieved from /Users/vlad.alex995/Desktop/de-sprint/.venv-airflow/lib/python3.11/site-packages/airflow/example_dags/plugins/workday.py
[2025-08-26T18:18:13.312+0100] {processor.py:183} INFO - Processing /Users/vlad.alex995/Desktop/de-sprint/.venv-airflow/lib/python3.11/site-packages/airflow/example_dags/plugins/workday.py took 0.026 seconds
[2025-08-26T18:19:12.276+0100] {processor.py:161} INFO - Started process (PID=38842) to work on /Users/vlad.alex995/Desktop/de-sprint/.venv-airflow/lib/python3.11/site-packages/airflow/example_dags/plugins/workday.py
[2025-08-26T18:19:12.277+0100] {processor.py:830} INFO - Processing file /Users/vlad.alex995/Desktop/de-sprint/.venv-airflow/lib/python3.11/site-packages/airflow/example_dags/plugins/workday.py for tasks to queue
[2025-08-26T18:19:12.277+0100] {logging_mixin.py:188} INFO - [2025-08-26T18:19:12.277+0100] {dagbag.py:545} INFO - Filling up the DagBag from /Users/vlad.alex995/Desktop/de-sprint/.venv-airflow/lib/python3.11/site-packages/airflow/example_dags/plugins/workday.py
[2025-08-26T18:19:12.277+0100] {logging_mixin.py:188} INFO - [2025-08-26T18:19:12.277+0100] {workday.py:41} WARNING - Could not import pandas. Holidays will not be considered.
[2025-08-26T18:19:12.277+0100] {processor.py:842} WARNING - No viable dags retrieved from /Users/vlad.alex995/Desktop/de-sprint/.venv-airflow/lib/python3.11/site-packages/airflow/example_dags/plugins/workday.py
[2025-08-26T18:19:12.302+0100] {processor.py:183} INFO - Processing /Users/vlad.alex995/Desktop/de-sprint/.venv-airflow/lib/python3.11/site-packages/airflow/example_dags/plugins/workday.py took 0.026 seconds
[2025-08-26T18:20:28.528+0100] {processor.py:161} INFO - Started process (PID=38921) to work on /Users/vlad.alex995/Desktop/de-sprint/.venv-airflow/lib/python3.11/site-packages/airflow/example_dags/plugins/workday.py
[2025-08-26T18:20:28.528+0100] {processor.py:830} INFO - Processing file /Users/vlad.alex995/Desktop/de-sprint/.venv-airflow/lib/python3.11/site-packages/airflow/example_dags/plugins/workday.py for tasks to queue
[2025-08-26T18:20:28.529+0100] {logging_mixin.py:188} INFO - [2025-08-26T18:20:28.529+0100] {dagbag.py:545} INFO - Filling up the DagBag from /Users/vlad.alex995/Desktop/de-sprint/.venv-airflow/lib/python3.11/site-packages/airflow/example_dags/plugins/workday.py
[2025-08-26T18:20:28.529+0100] {logging_mixin.py:188} INFO - [2025-08-26T18:20:28.529+0100] {workday.py:41} WARNING - Could not import pandas. Holidays will not be considered.
[2025-08-26T18:20:28.529+0100] {processor.py:842} WARNING - No viable dags retrieved from /Users/vlad.alex995/Desktop/de-sprint/.venv-airflow/lib/python3.11/site-packages/airflow/example_dags/plugins/workday.py
[2025-08-26T18:20:28.554+0100] {processor.py:183} INFO - Processing /Users/vlad.alex995/Desktop/de-sprint/.venv-airflow/lib/python3.11/site-packages/airflow/example_dags/plugins/workday.py took 0.027 seconds
[2025-08-26T18:21:14.931+0100] {processor.py:161} INFO - Started process (PID=38965) to work on /Users/vlad.alex995/Desktop/de-sprint/.venv-airflow/lib/python3.11/site-packages/airflow/example_dags/plugins/workday.py
[2025-08-26T18:21:14.932+0100] {processor.py:830} INFO - Processing file /Users/vlad.alex995/Desktop/de-sprint/.venv-airflow/lib/python3.11/site-packages/airflow/example_dags/plugins/workday.py for tasks to queue
[2025-08-26T18:21:14.933+0100] {logging_mixin.py:188} INFO - [2025-08-26T18:21:14.933+0100] {dagbag.py:545} INFO - Filling up the DagBag from /Users/vlad.alex995/Desktop/de-sprint/.venv-airflow/lib/python3.11/site-packages/airflow/example_dags/plugins/workday.py
[2025-08-26T18:21:14.934+0100] {logging_mixin.py:188} INFO - [2025-08-26T18:21:14.933+0100] {workday.py:41} WARNING - Could not import pandas. Holidays will not be considered.
[2025-08-26T18:21:14.934+0100] {processor.py:842} WARNING - No viable dags retrieved from /Users/vlad.alex995/Desktop/de-sprint/.venv-airflow/lib/python3.11/site-packages/airflow/example_dags/plugins/workday.py
[2025-08-26T18:21:14.959+0100] {processor.py:183} INFO - Processing /Users/vlad.alex995/Desktop/de-sprint/.venv-airflow/lib/python3.11/site-packages/airflow/example_dags/plugins/workday.py took 0.028 seconds
[2025-08-26T18:22:01.436+0100] {processor.py:161} INFO - Started process (PID=39003) to work on /Users/vlad.alex995/Desktop/de-sprint/.venv-airflow/lib/python3.11/site-packages/airflow/example_dags/plugins/workday.py
[2025-08-26T18:22:01.437+0100] {processor.py:830} INFO - Processing file /Users/vlad.alex995/Desktop/de-sprint/.venv-airflow/lib/python3.11/site-packages/airflow/example_dags/plugins/workday.py for tasks to queue
[2025-08-26T18:22:01.437+0100] {logging_mixin.py:188} INFO - [2025-08-26T18:22:01.437+0100] {dagbag.py:545} INFO - Filling up the DagBag from /Users/vlad.alex995/Desktop/de-sprint/.venv-airflow/lib/python3.11/site-packages/airflow/example_dags/plugins/workday.py
[2025-08-26T18:22:01.437+0100] {logging_mixin.py:188} INFO - [2025-08-26T18:22:01.437+0100] {workday.py:41} WARNING - Could not import pandas. Holidays will not be considered.
[2025-08-26T18:22:01.437+0100] {processor.py:842} WARNING - No viable dags retrieved from /Users/vlad.alex995/Desktop/de-sprint/.venv-airflow/lib/python3.11/site-packages/airflow/example_dags/plugins/workday.py
[2025-08-26T18:22:01.463+0100] {processor.py:183} INFO - Processing /Users/vlad.alex995/Desktop/de-sprint/.venv-airflow/lib/python3.11/site-packages/airflow/example_dags/plugins/workday.py took 0.027 seconds
[2025-08-26T18:22:46.121+0100] {processor.py:161} INFO - Started process (PID=39038) to work on /Users/vlad.alex995/Desktop/de-sprint/.venv-airflow/lib/python3.11/site-packages/airflow/example_dags/plugins/workday.py
[2025-08-26T18:22:46.121+0100] {processor.py:830} INFO - Processing file /Users/vlad.alex995/Desktop/de-sprint/.venv-airflow/lib/python3.11/site-packages/airflow/example_dags/plugins/workday.py for tasks to queue
[2025-08-26T18:22:46.122+0100] {logging_mixin.py:188} INFO - [2025-08-26T18:22:46.121+0100] {dagbag.py:545} INFO - Filling up the DagBag from /Users/vlad.alex995/Desktop/de-sprint/.venv-airflow/lib/python3.11/site-packages/airflow/example_dags/plugins/workday.py
[2025-08-26T18:22:46.122+0100] {logging_mixin.py:188} INFO - [2025-08-26T18:22:46.122+0100] {workday.py:41} WARNING - Could not import pandas. Holidays will not be considered.
[2025-08-26T18:22:46.122+0100] {processor.py:842} WARNING - No viable dags retrieved from /Users/vlad.alex995/Desktop/de-sprint/.venv-airflow/lib/python3.11/site-packages/airflow/example_dags/plugins/workday.py
[2025-08-26T18:22:46.145+0100] {processor.py:183} INFO - Processing /Users/vlad.alex995/Desktop/de-sprint/.venv-airflow/lib/python3.11/site-packages/airflow/example_dags/plugins/workday.py took 0.025 seconds
[2025-08-26T18:23:28.921+0100] {processor.py:161} INFO - Started process (PID=39072) to work on /Users/vlad.alex995/Desktop/de-sprint/.venv-airflow/lib/python3.11/site-packages/airflow/example_dags/plugins/workday.py
[2025-08-26T18:23:28.921+0100] {processor.py:830} INFO - Processing file /Users/vlad.alex995/Desktop/de-sprint/.venv-airflow/lib/python3.11/site-packages/airflow/example_dags/plugins/workday.py for tasks to queue
[2025-08-26T18:23:28.921+0100] {logging_mixin.py:188} INFO - [2025-08-26T18:23:28.921+0100] {dagbag.py:545} INFO - Filling up the DagBag from /Users/vlad.alex995/Desktop/de-sprint/.venv-airflow/lib/python3.11/site-packages/airflow/example_dags/plugins/workday.py
[2025-08-26T18:23:28.922+0100] {logging_mixin.py:188} INFO - [2025-08-26T18:23:28.922+0100] {workday.py:41} WARNING - Could not import pandas. Holidays will not be considered.
[2025-08-26T18:23:28.922+0100] {processor.py:842} WARNING - No viable dags retrieved from /Users/vlad.alex995/Desktop/de-sprint/.venv-airflow/lib/python3.11/site-packages/airflow/example_dags/plugins/workday.py
[2025-08-26T18:23:28.946+0100] {processor.py:183} INFO - Processing /Users/vlad.alex995/Desktop/de-sprint/.venv-airflow/lib/python3.11/site-packages/airflow/example_dags/plugins/workday.py took 0.026 seconds
[2025-08-26T18:24:11.689+0100] {processor.py:161} INFO - Started process (PID=39106) to work on /Users/vlad.alex995/Desktop/de-sprint/.venv-airflow/lib/python3.11/site-packages/airflow/example_dags/plugins/workday.py
[2025-08-26T18:24:11.691+0100] {processor.py:830} INFO - Processing file /Users/vlad.alex995/Desktop/de-sprint/.venv-airflow/lib/python3.11/site-packages/airflow/example_dags/plugins/workday.py for tasks to queue
[2025-08-26T18:24:11.691+0100] {logging_mixin.py:188} INFO - [2025-08-26T18:24:11.691+0100] {dagbag.py:545} INFO - Filling up the DagBag from /Users/vlad.alex995/Desktop/de-sprint/.venv-airflow/lib/python3.11/site-packages/airflow/example_dags/plugins/workday.py
[2025-08-26T18:24:11.691+0100] {logging_mixin.py:188} INFO - [2025-08-26T18:24:11.691+0100] {workday.py:41} WARNING - Could not import pandas. Holidays will not be considered.
[2025-08-26T18:24:11.691+0100] {processor.py:842} WARNING - No viable dags retrieved from /Users/vlad.alex995/Desktop/de-sprint/.venv-airflow/lib/python3.11/site-packages/airflow/example_dags/plugins/workday.py
[2025-08-26T18:24:11.715+0100] {processor.py:183} INFO - Processing /Users/vlad.alex995/Desktop/de-sprint/.venv-airflow/lib/python3.11/site-packages/airflow/example_dags/plugins/workday.py took 0.027 seconds
[2025-08-26T18:24:56.044+0100] {processor.py:161} INFO - Started process (PID=39149) to work on /Users/vlad.alex995/Desktop/de-sprint/.venv-airflow/lib/python3.11/site-packages/airflow/example_dags/plugins/workday.py
[2025-08-26T18:24:56.045+0100] {processor.py:830} INFO - Processing file /Users/vlad.alex995/Desktop/de-sprint/.venv-airflow/lib/python3.11/site-packages/airflow/example_dags/plugins/workday.py for tasks to queue
[2025-08-26T18:24:56.045+0100] {logging_mixin.py:188} INFO - [2025-08-26T18:24:56.045+0100] {dagbag.py:545} INFO - Filling up the DagBag from /Users/vlad.alex995/Desktop/de-sprint/.venv-airflow/lib/python3.11/site-packages/airflow/example_dags/plugins/workday.py
[2025-08-26T18:24:56.046+0100] {logging_mixin.py:188} INFO - [2025-08-26T18:24:56.046+0100] {workday.py:41} WARNING - Could not import pandas. Holidays will not be considered.
[2025-08-26T18:24:56.046+0100] {processor.py:842} WARNING - No viable dags retrieved from /Users/vlad.alex995/Desktop/de-sprint/.venv-airflow/lib/python3.11/site-packages/airflow/example_dags/plugins/workday.py
[2025-08-26T18:24:56.070+0100] {processor.py:183} INFO - Processing /Users/vlad.alex995/Desktop/de-sprint/.venv-airflow/lib/python3.11/site-packages/airflow/example_dags/plugins/workday.py took 0.027 seconds
[2025-08-26T18:25:43.721+0100] {processor.py:161} INFO - Started process (PID=39198) to work on /Users/vlad.alex995/Desktop/de-sprint/.venv-airflow/lib/python3.11/site-packages/airflow/example_dags/plugins/workday.py
[2025-08-26T18:25:43.722+0100] {processor.py:830} INFO - Processing file /Users/vlad.alex995/Desktop/de-sprint/.venv-airflow/lib/python3.11/site-packages/airflow/example_dags/plugins/workday.py for tasks to queue
[2025-08-26T18:25:43.722+0100] {logging_mixin.py:188} INFO - [2025-08-26T18:25:43.722+0100] {dagbag.py:545} INFO - Filling up the DagBag from /Users/vlad.alex995/Desktop/de-sprint/.venv-airflow/lib/python3.11/site-packages/airflow/example_dags/plugins/workday.py
[2025-08-26T18:25:43.723+0100] {logging_mixin.py:188} INFO - [2025-08-26T18:25:43.723+0100] {workday.py:41} WARNING - Could not import pandas. Holidays will not be considered.
[2025-08-26T18:25:43.723+0100] {processor.py:842} WARNING - No viable dags retrieved from /Users/vlad.alex995/Desktop/de-sprint/.venv-airflow/lib/python3.11/site-packages/airflow/example_dags/plugins/workday.py
[2025-08-26T18:25:43.748+0100] {processor.py:183} INFO - Processing /Users/vlad.alex995/Desktop/de-sprint/.venv-airflow/lib/python3.11/site-packages/airflow/example_dags/plugins/workday.py took 0.028 seconds
[2025-08-26T18:26:32.323+0100] {processor.py:161} INFO - Started process (PID=39237) to work on /Users/vlad.alex995/Desktop/de-sprint/.venv-airflow/lib/python3.11/site-packages/airflow/example_dags/plugins/workday.py
[2025-08-26T18:26:32.324+0100] {processor.py:830} INFO - Processing file /Users/vlad.alex995/Desktop/de-sprint/.venv-airflow/lib/python3.11/site-packages/airflow/example_dags/plugins/workday.py for tasks to queue
[2025-08-26T18:26:32.325+0100] {logging_mixin.py:188} INFO - [2025-08-26T18:26:32.325+0100] {dagbag.py:545} INFO - Filling up the DagBag from /Users/vlad.alex995/Desktop/de-sprint/.venv-airflow/lib/python3.11/site-packages/airflow/example_dags/plugins/workday.py
[2025-08-26T18:26:32.325+0100] {logging_mixin.py:188} INFO - [2025-08-26T18:26:32.325+0100] {workday.py:41} WARNING - Could not import pandas. Holidays will not be considered.
[2025-08-26T18:26:32.325+0100] {processor.py:842} WARNING - No viable dags retrieved from /Users/vlad.alex995/Desktop/de-sprint/.venv-airflow/lib/python3.11/site-packages/airflow/example_dags/plugins/workday.py
[2025-08-26T18:26:32.349+0100] {processor.py:183} INFO - Processing /Users/vlad.alex995/Desktop/de-sprint/.venv-airflow/lib/python3.11/site-packages/airflow/example_dags/plugins/workday.py took 0.027 seconds
[2025-08-26T18:27:03.139+0100] {processor.py:161} INFO - Started process (PID=39534) to work on /Users/vlad.alex995/Desktop/de-sprint/.venv-airflow/lib/python3.11/site-packages/airflow/example_dags/plugins/workday.py
[2025-08-26T18:27:03.140+0100] {processor.py:830} INFO - Processing file /Users/vlad.alex995/Desktop/de-sprint/.venv-airflow/lib/python3.11/site-packages/airflow/example_dags/plugins/workday.py for tasks to queue
[2025-08-26T18:27:03.140+0100] {logging_mixin.py:188} INFO - [2025-08-26T18:27:03.140+0100] {dagbag.py:545} INFO - Filling up the DagBag from /Users/vlad.alex995/Desktop/de-sprint/.venv-airflow/lib/python3.11/site-packages/airflow/example_dags/plugins/workday.py
[2025-08-26T18:27:03.141+0100] {logging_mixin.py:188} INFO - [2025-08-26T18:27:03.141+0100] {workday.py:41} WARNING - Could not import pandas. Holidays will not be considered.
[2025-08-26T18:27:03.141+0100] {processor.py:842} WARNING - No viable dags retrieved from /Users/vlad.alex995/Desktop/de-sprint/.venv-airflow/lib/python3.11/site-packages/airflow/example_dags/plugins/workday.py
[2025-08-26T18:27:03.166+0100] {processor.py:183} INFO - Processing /Users/vlad.alex995/Desktop/de-sprint/.venv-airflow/lib/python3.11/site-packages/airflow/example_dags/plugins/workday.py took 0.029 seconds
[2025-08-26T18:29:22.733+0100] {processor.py:161} INFO - Started process (PID=40072) to work on /Users/vlad.alex995/Desktop/de-sprint/.venv-airflow/lib/python3.11/site-packages/airflow/example_dags/plugins/workday.py
[2025-08-26T18:29:22.734+0100] {processor.py:830} INFO - Processing file /Users/vlad.alex995/Desktop/de-sprint/.venv-airflow/lib/python3.11/site-packages/airflow/example_dags/plugins/workday.py for tasks to queue
[2025-08-26T18:29:22.734+0100] {logging_mixin.py:188} INFO - [2025-08-26T18:29:22.734+0100] {dagbag.py:545} INFO - Filling up the DagBag from /Users/vlad.alex995/Desktop/de-sprint/.venv-airflow/lib/python3.11/site-packages/airflow/example_dags/plugins/workday.py
[2025-08-26T18:29:22.734+0100] {logging_mixin.py:188} INFO - [2025-08-26T18:29:22.734+0100] {workday.py:41} WARNING - Could not import pandas. Holidays will not be considered.
[2025-08-26T18:29:22.734+0100] {processor.py:842} WARNING - No viable dags retrieved from /Users/vlad.alex995/Desktop/de-sprint/.venv-airflow/lib/python3.11/site-packages/airflow/example_dags/plugins/workday.py
[2025-08-26T18:29:22.762+0100] {processor.py:183} INFO - Processing /Users/vlad.alex995/Desktop/de-sprint/.venv-airflow/lib/python3.11/site-packages/airflow/example_dags/plugins/workday.py took 0.030 seconds
