[2025-08-26T17:25:57.982+0100] {processor.py:161} INFO - Started process (PID=35350) to work on /Users/vlad.alex995/Desktop/de-sprint/.venv-airflow/lib/python3.11/site-packages/airflow/example_dags/example_display_name.py
[2025-08-26T17:25:57.982+0100] {processor.py:830} INFO - Processing file /Users/vlad.alex995/Desktop/de-sprint/.venv-airflow/lib/python3.11/site-packages/airflow/example_dags/example_display_name.py for tasks to queue
[2025-08-26T17:25:57.982+0100] {logging_mixin.py:188} INFO - [2025-08-26T17:25:57.982+0100] {dagbag.py:545} INFO - Filling up the DagBag from /Users/vlad.alex995/Desktop/de-sprint/.venv-airflow/lib/python3.11/site-packages/airflow/example_dags/example_display_name.py
[2025-08-26T17:25:57.996+0100] {processor.py:840} INFO - DAG(s) 'example_display_name' retrieved from /Users/vlad.alex995/Desktop/de-sprint/.venv-airflow/lib/python3.11/site-packages/airflow/example_dags/example_display_name.py
[2025-08-26T17:25:58.050+0100] {logging_mixin.py:188} INFO - [2025-08-26T17:25:58.050+0100] {override.py:1858} INFO - Created Permission View: can delete on DAG:example_display_name
[2025-08-26T17:25:58.053+0100] {logging_mixin.py:188} INFO - [2025-08-26T17:25:58.053+0100] {override.py:1858} INFO - Created Permission View: can edit on DAG:example_display_name
[2025-08-26T17:25:58.054+0100] {logging_mixin.py:188} INFO - [2025-08-26T17:25:58.054+0100] {override.py:1858} INFO - Created Permission View: can read on DAG:example_display_name
[2025-08-26T17:25:58.054+0100] {logging_mixin.py:188} INFO - [2025-08-26T17:25:58.054+0100] {dag.py:3089} INFO - Sync 1 DAGs
[2025-08-26T17:25:58.080+0100] {logging_mixin.py:188} INFO - [2025-08-26T17:25:58.080+0100] {dag.py:3111} INFO - Creating ORM DAG for example_display_name
[2025-08-26T17:25:58.080+0100] {logging_mixin.py:188} INFO - [2025-08-26T17:25:58.080+0100] {dag.py:3947} INFO - Setting next_dagrun for example_display_name to None, run_after=None
[2025-08-26T17:25:58.087+0100] {processor.py:183} INFO - Processing /Users/vlad.alex995/Desktop/de-sprint/.venv-airflow/lib/python3.11/site-packages/airflow/example_dags/example_display_name.py took 0.106 seconds
[2025-08-26T17:27:29.209+0100] {processor.py:161} INFO - Started process (PID=35423) to work on /Users/vlad.alex995/Desktop/de-sprint/.venv-airflow/lib/python3.11/site-packages/airflow/example_dags/example_display_name.py
[2025-08-26T17:27:29.209+0100] {processor.py:830} INFO - Processing file /Users/vlad.alex995/Desktop/de-sprint/.venv-airflow/lib/python3.11/site-packages/airflow/example_dags/example_display_name.py for tasks to queue
[2025-08-26T17:27:29.210+0100] {logging_mixin.py:188} INFO - [2025-08-26T17:27:29.210+0100] {dagbag.py:545} INFO - Filling up the DagBag from /Users/vlad.alex995/Desktop/de-sprint/.venv-airflow/lib/python3.11/site-packages/airflow/example_dags/example_display_name.py
[2025-08-26T17:27:29.223+0100] {processor.py:840} INFO - DAG(s) 'example_display_name' retrieved from /Users/vlad.alex995/Desktop/de-sprint/.venv-airflow/lib/python3.11/site-packages/airflow/example_dags/example_display_name.py
[2025-08-26T17:27:29.253+0100] {logging_mixin.py:188} INFO - [2025-08-26T17:27:29.253+0100] {dag.py:3089} INFO - Sync 1 DAGs
[2025-08-26T17:27:29.256+0100] {logging_mixin.py:188} INFO - [2025-08-26T17:27:29.256+0100] {dag.py:3947} INFO - Setting next_dagrun for example_display_name to None, run_after=None
[2025-08-26T17:27:29.262+0100] {processor.py:183} INFO - Processing /Users/vlad.alex995/Desktop/de-sprint/.venv-airflow/lib/python3.11/site-packages/airflow/example_dags/example_display_name.py took 0.054 seconds
[2025-08-26T17:29:05.578+0100] {processor.py:161} INFO - Started process (PID=35492) to work on /Users/vlad.alex995/Desktop/de-sprint/.venv-airflow/lib/python3.11/site-packages/airflow/example_dags/example_display_name.py
[2025-08-26T17:29:05.579+0100] {processor.py:830} INFO - Processing file /Users/vlad.alex995/Desktop/de-sprint/.venv-airflow/lib/python3.11/site-packages/airflow/example_dags/example_display_name.py for tasks to queue
[2025-08-26T17:29:05.579+0100] {logging_mixin.py:188} INFO - [2025-08-26T17:29:05.579+0100] {dagbag.py:545} INFO - Filling up the DagBag from /Users/vlad.alex995/Desktop/de-sprint/.venv-airflow/lib/python3.11/site-packages/airflow/example_dags/example_display_name.py
[2025-08-26T17:29:05.592+0100] {processor.py:840} INFO - DAG(s) 'example_display_name' retrieved from /Users/vlad.alex995/Desktop/de-sprint/.venv-airflow/lib/python3.11/site-packages/airflow/example_dags/example_display_name.py
[2025-08-26T17:29:05.624+0100] {logging_mixin.py:188} INFO - [2025-08-26T17:29:05.624+0100] {dag.py:3089} INFO - Sync 1 DAGs
[2025-08-26T17:29:05.628+0100] {logging_mixin.py:188} INFO - [2025-08-26T17:29:05.628+0100] {dag.py:3947} INFO - Setting next_dagrun for example_display_name to None, run_after=None
[2025-08-26T17:29:05.635+0100] {processor.py:183} INFO - Processing /Users/vlad.alex995/Desktop/de-sprint/.venv-airflow/lib/python3.11/site-packages/airflow/example_dags/example_display_name.py took 0.058 seconds
[2025-08-26T17:30:36.965+0100] {processor.py:161} INFO - Started process (PID=35562) to work on /Users/vlad.alex995/Desktop/de-sprint/.venv-airflow/lib/python3.11/site-packages/airflow/example_dags/example_display_name.py
[2025-08-26T17:30:36.967+0100] {processor.py:830} INFO - Processing file /Users/vlad.alex995/Desktop/de-sprint/.venv-airflow/lib/python3.11/site-packages/airflow/example_dags/example_display_name.py for tasks to queue
[2025-08-26T17:30:36.967+0100] {logging_mixin.py:188} INFO - [2025-08-26T17:30:36.967+0100] {dagbag.py:545} INFO - Filling up the DagBag from /Users/vlad.alex995/Desktop/de-sprint/.venv-airflow/lib/python3.11/site-packages/airflow/example_dags/example_display_name.py
[2025-08-26T17:30:36.980+0100] {processor.py:840} INFO - DAG(s) 'example_display_name' retrieved from /Users/vlad.alex995/Desktop/de-sprint/.venv-airflow/lib/python3.11/site-packages/airflow/example_dags/example_display_name.py
[2025-08-26T17:30:37.009+0100] {logging_mixin.py:188} INFO - [2025-08-26T17:30:37.009+0100] {dag.py:3089} INFO - Sync 1 DAGs
[2025-08-26T17:30:37.012+0100] {logging_mixin.py:188} INFO - [2025-08-26T17:30:37.012+0100] {dag.py:3947} INFO - Setting next_dagrun for example_display_name to None, run_after=None
[2025-08-26T17:30:37.018+0100] {processor.py:183} INFO - Processing /Users/vlad.alex995/Desktop/de-sprint/.venv-airflow/lib/python3.11/site-packages/airflow/example_dags/example_display_name.py took 0.054 seconds
[2025-08-26T17:32:07.764+0100] {processor.py:161} INFO - Started process (PID=35940) to work on /Users/vlad.alex995/Desktop/de-sprint/.venv-airflow/lib/python3.11/site-packages/airflow/example_dags/example_display_name.py
[2025-08-26T17:32:07.764+0100] {processor.py:830} INFO - Processing file /Users/vlad.alex995/Desktop/de-sprint/.venv-airflow/lib/python3.11/site-packages/airflow/example_dags/example_display_name.py for tasks to queue
[2025-08-26T17:32:07.765+0100] {logging_mixin.py:188} INFO - [2025-08-26T17:32:07.765+0100] {dagbag.py:545} INFO - Filling up the DagBag from /Users/vlad.alex995/Desktop/de-sprint/.venv-airflow/lib/python3.11/site-packages/airflow/example_dags/example_display_name.py
[2025-08-26T17:32:07.777+0100] {processor.py:840} INFO - DAG(s) 'example_display_name' retrieved from /Users/vlad.alex995/Desktop/de-sprint/.venv-airflow/lib/python3.11/site-packages/airflow/example_dags/example_display_name.py
[2025-08-26T17:32:07.804+0100] {logging_mixin.py:188} INFO - [2025-08-26T17:32:07.804+0100] {dag.py:3089} INFO - Sync 1 DAGs
[2025-08-26T17:32:07.807+0100] {logging_mixin.py:188} INFO - [2025-08-26T17:32:07.807+0100] {dag.py:3947} INFO - Setting next_dagrun for example_display_name to None, run_after=None
[2025-08-26T17:32:07.813+0100] {processor.py:183} INFO - Processing /Users/vlad.alex995/Desktop/de-sprint/.venv-airflow/lib/python3.11/site-packages/airflow/example_dags/example_display_name.py took 0.050 seconds
[2025-08-26T17:33:41.053+0100] {processor.py:161} INFO - Started process (PID=36025) to work on /Users/vlad.alex995/Desktop/de-sprint/.venv-airflow/lib/python3.11/site-packages/airflow/example_dags/example_display_name.py
[2025-08-26T17:33:41.054+0100] {processor.py:830} INFO - Processing file /Users/vlad.alex995/Desktop/de-sprint/.venv-airflow/lib/python3.11/site-packages/airflow/example_dags/example_display_name.py for tasks to queue
[2025-08-26T17:33:41.055+0100] {logging_mixin.py:188} INFO - [2025-08-26T17:33:41.055+0100] {dagbag.py:545} INFO - Filling up the DagBag from /Users/vlad.alex995/Desktop/de-sprint/.venv-airflow/lib/python3.11/site-packages/airflow/example_dags/example_display_name.py
[2025-08-26T17:33:41.069+0100] {processor.py:840} INFO - DAG(s) 'example_display_name' retrieved from /Users/vlad.alex995/Desktop/de-sprint/.venv-airflow/lib/python3.11/site-packages/airflow/example_dags/example_display_name.py
[2025-08-26T17:33:41.098+0100] {logging_mixin.py:188} INFO - [2025-08-26T17:33:41.098+0100] {dag.py:3089} INFO - Sync 1 DAGs
[2025-08-26T17:33:41.101+0100] {logging_mixin.py:188} INFO - [2025-08-26T17:33:41.101+0100] {dag.py:3947} INFO - Setting next_dagrun for example_display_name to None, run_after=None
[2025-08-26T17:33:41.107+0100] {processor.py:183} INFO - Processing /Users/vlad.alex995/Desktop/de-sprint/.venv-airflow/lib/python3.11/site-packages/airflow/example_dags/example_display_name.py took 0.055 seconds
[2025-08-26T18:11:39.578+0100] {processor.py:161} INFO - Started process (PID=37437) to work on /Users/vlad.alex995/Desktop/de-sprint/.venv-airflow/lib/python3.11/site-packages/airflow/example_dags/example_display_name.py
[2025-08-26T18:11:39.579+0100] {processor.py:830} INFO - Processing file /Users/vlad.alex995/Desktop/de-sprint/.venv-airflow/lib/python3.11/site-packages/airflow/example_dags/example_display_name.py for tasks to queue
[2025-08-26T18:11:39.580+0100] {logging_mixin.py:188} INFO - [2025-08-26T18:11:39.580+0100] {dagbag.py:545} INFO - Filling up the DagBag from /Users/vlad.alex995/Desktop/de-sprint/.venv-airflow/lib/python3.11/site-packages/airflow/example_dags/example_display_name.py
[2025-08-26T18:11:39.592+0100] {processor.py:840} INFO - DAG(s) 'example_display_name' retrieved from /Users/vlad.alex995/Desktop/de-sprint/.venv-airflow/lib/python3.11/site-packages/airflow/example_dags/example_display_name.py
[2025-08-26T18:11:39.618+0100] {logging_mixin.py:188} INFO - [2025-08-26T18:11:39.618+0100] {dag.py:3089} INFO - Sync 1 DAGs
[2025-08-26T18:11:39.621+0100] {logging_mixin.py:188} INFO - [2025-08-26T18:11:39.621+0100] {dag.py:3947} INFO - Setting next_dagrun for example_display_name to None, run_after=None
[2025-08-26T18:11:39.627+0100] {processor.py:183} INFO - Processing /Users/vlad.alex995/Desktop/de-sprint/.venv-airflow/lib/python3.11/site-packages/airflow/example_dags/example_display_name.py took 0.049 seconds
[2025-08-26T18:13:14.141+0100] {processor.py:161} INFO - Started process (PID=37506) to work on /Users/vlad.alex995/Desktop/de-sprint/.venv-airflow/lib/python3.11/site-packages/airflow/example_dags/example_display_name.py
[2025-08-26T18:13:14.141+0100] {processor.py:830} INFO - Processing file /Users/vlad.alex995/Desktop/de-sprint/.venv-airflow/lib/python3.11/site-packages/airflow/example_dags/example_display_name.py for tasks to queue
[2025-08-26T18:13:14.142+0100] {logging_mixin.py:188} INFO - [2025-08-26T18:13:14.142+0100] {dagbag.py:545} INFO - Filling up the DagBag from /Users/vlad.alex995/Desktop/de-sprint/.venv-airflow/lib/python3.11/site-packages/airflow/example_dags/example_display_name.py
[2025-08-26T18:13:14.154+0100] {processor.py:840} INFO - DAG(s) 'example_display_name' retrieved from /Users/vlad.alex995/Desktop/de-sprint/.venv-airflow/lib/python3.11/site-packages/airflow/example_dags/example_display_name.py
[2025-08-26T18:13:14.181+0100] {logging_mixin.py:188} INFO - [2025-08-26T18:13:14.180+0100] {dag.py:3089} INFO - Sync 1 DAGs
[2025-08-26T18:13:14.183+0100] {logging_mixin.py:188} INFO - [2025-08-26T18:13:14.183+0100] {dag.py:3947} INFO - Setting next_dagrun for example_display_name to None, run_after=None
[2025-08-26T18:13:14.189+0100] {processor.py:183} INFO - Processing /Users/vlad.alex995/Desktop/de-sprint/.venv-airflow/lib/python3.11/site-packages/airflow/example_dags/example_display_name.py took 0.049 seconds
[2025-08-26T18:14:40.489+0100] {processor.py:161} INFO - Started process (PID=37968) to work on /Users/vlad.alex995/Desktop/de-sprint/.venv-airflow/lib/python3.11/site-packages/airflow/example_dags/example_display_name.py
[2025-08-26T18:14:40.489+0100] {processor.py:830} INFO - Processing file /Users/vlad.alex995/Desktop/de-sprint/.venv-airflow/lib/python3.11/site-packages/airflow/example_dags/example_display_name.py for tasks to queue
[2025-08-26T18:14:40.489+0100] {logging_mixin.py:188} INFO - [2025-08-26T18:14:40.489+0100] {dagbag.py:545} INFO - Filling up the DagBag from /Users/vlad.alex995/Desktop/de-sprint/.venv-airflow/lib/python3.11/site-packages/airflow/example_dags/example_display_name.py
[2025-08-26T18:14:40.503+0100] {processor.py:840} INFO - DAG(s) 'example_display_name' retrieved from /Users/vlad.alex995/Desktop/de-sprint/.venv-airflow/lib/python3.11/site-packages/airflow/example_dags/example_display_name.py
[2025-08-26T18:14:40.532+0100] {logging_mixin.py:188} INFO - [2025-08-26T18:14:40.532+0100] {dag.py:3089} INFO - Sync 1 DAGs
[2025-08-26T18:14:40.535+0100] {logging_mixin.py:188} INFO - [2025-08-26T18:14:40.535+0100] {dag.py:3947} INFO - Setting next_dagrun for example_display_name to None, run_after=None
[2025-08-26T18:14:40.541+0100] {processor.py:183} INFO - Processing /Users/vlad.alex995/Desktop/de-sprint/.venv-airflow/lib/python3.11/site-packages/airflow/example_dags/example_display_name.py took 0.053 seconds
[2025-08-26T18:16:13.921+0100] {processor.py:161} INFO - Started process (PID=38048) to work on /Users/vlad.alex995/Desktop/de-sprint/.venv-airflow/lib/python3.11/site-packages/airflow/example_dags/example_display_name.py
[2025-08-26T18:16:13.922+0100] {processor.py:830} INFO - Processing file /Users/vlad.alex995/Desktop/de-sprint/.venv-airflow/lib/python3.11/site-packages/airflow/example_dags/example_display_name.py for tasks to queue
[2025-08-26T18:16:13.922+0100] {logging_mixin.py:188} INFO - [2025-08-26T18:16:13.922+0100] {dagbag.py:545} INFO - Filling up the DagBag from /Users/vlad.alex995/Desktop/de-sprint/.venv-airflow/lib/python3.11/site-packages/airflow/example_dags/example_display_name.py
[2025-08-26T18:16:13.937+0100] {processor.py:840} INFO - DAG(s) 'example_display_name' retrieved from /Users/vlad.alex995/Desktop/de-sprint/.venv-airflow/lib/python3.11/site-packages/airflow/example_dags/example_display_name.py
[2025-08-26T18:16:13.966+0100] {logging_mixin.py:188} INFO - [2025-08-26T18:16:13.966+0100] {dag.py:3089} INFO - Sync 1 DAGs
[2025-08-26T18:16:13.969+0100] {logging_mixin.py:188} INFO - [2025-08-26T18:16:13.969+0100] {dag.py:3947} INFO - Setting next_dagrun for example_display_name to None, run_after=None
[2025-08-26T18:16:13.975+0100] {processor.py:183} INFO - Processing /Users/vlad.alex995/Desktop/de-sprint/.venv-airflow/lib/python3.11/site-packages/airflow/example_dags/example_display_name.py took 0.055 seconds
[2025-08-26T18:17:53.564+0100] {processor.py:161} INFO - Started process (PID=38408) to work on /Users/vlad.alex995/Desktop/de-sprint/.venv-airflow/lib/python3.11/site-packages/airflow/example_dags/example_display_name.py
[2025-08-26T18:17:53.565+0100] {processor.py:830} INFO - Processing file /Users/vlad.alex995/Desktop/de-sprint/.venv-airflow/lib/python3.11/site-packages/airflow/example_dags/example_display_name.py for tasks to queue
[2025-08-26T18:17:53.565+0100] {logging_mixin.py:188} INFO - [2025-08-26T18:17:53.565+0100] {dagbag.py:545} INFO - Filling up the DagBag from /Users/vlad.alex995/Desktop/de-sprint/.venv-airflow/lib/python3.11/site-packages/airflow/example_dags/example_display_name.py
[2025-08-26T18:17:53.578+0100] {processor.py:840} INFO - DAG(s) 'example_display_name' retrieved from /Users/vlad.alex995/Desktop/de-sprint/.venv-airflow/lib/python3.11/site-packages/airflow/example_dags/example_display_name.py
[2025-08-26T18:17:53.607+0100] {logging_mixin.py:188} INFO - [2025-08-26T18:17:53.607+0100] {dag.py:3089} INFO - Sync 1 DAGs
[2025-08-26T18:17:53.610+0100] {logging_mixin.py:188} INFO - [2025-08-26T18:17:53.610+0100] {dag.py:3947} INFO - Setting next_dagrun for example_display_name to None, run_after=None
[2025-08-26T18:17:53.616+0100] {processor.py:183} INFO - Processing /Users/vlad.alex995/Desktop/de-sprint/.venv-airflow/lib/python3.11/site-packages/airflow/example_dags/example_display_name.py took 0.053 seconds
[2025-08-26T18:20:08.239+0100] {processor.py:161} INFO - Started process (PID=38904) to work on /Users/vlad.alex995/Desktop/de-sprint/.venv-airflow/lib/python3.11/site-packages/airflow/example_dags/example_display_name.py
[2025-08-26T18:20:08.240+0100] {processor.py:830} INFO - Processing file /Users/vlad.alex995/Desktop/de-sprint/.venv-airflow/lib/python3.11/site-packages/airflow/example_dags/example_display_name.py for tasks to queue
[2025-08-26T18:20:08.240+0100] {logging_mixin.py:188} INFO - [2025-08-26T18:20:08.240+0100] {dagbag.py:545} INFO - Filling up the DagBag from /Users/vlad.alex995/Desktop/de-sprint/.venv-airflow/lib/python3.11/site-packages/airflow/example_dags/example_display_name.py
[2025-08-26T18:20:08.253+0100] {processor.py:840} INFO - DAG(s) 'example_display_name' retrieved from /Users/vlad.alex995/Desktop/de-sprint/.venv-airflow/lib/python3.11/site-packages/airflow/example_dags/example_display_name.py
[2025-08-26T18:20:08.280+0100] {logging_mixin.py:188} INFO - [2025-08-26T18:20:08.280+0100] {dag.py:3089} INFO - Sync 1 DAGs
[2025-08-26T18:20:08.283+0100] {logging_mixin.py:188} INFO - [2025-08-26T18:20:08.283+0100] {dag.py:3947} INFO - Setting next_dagrun for example_display_name to None, run_after=None
[2025-08-26T18:20:08.289+0100] {processor.py:183} INFO - Processing /Users/vlad.alex995/Desktop/de-sprint/.venv-airflow/lib/python3.11/site-packages/airflow/example_dags/example_display_name.py took 0.051 seconds
[2025-08-26T18:21:41.329+0100] {processor.py:161} INFO - Started process (PID=38986) to work on /Users/vlad.alex995/Desktop/de-sprint/.venv-airflow/lib/python3.11/site-packages/airflow/example_dags/example_display_name.py
[2025-08-26T18:21:41.330+0100] {processor.py:830} INFO - Processing file /Users/vlad.alex995/Desktop/de-sprint/.venv-airflow/lib/python3.11/site-packages/airflow/example_dags/example_display_name.py for tasks to queue
[2025-08-26T18:21:41.330+0100] {logging_mixin.py:188} INFO - [2025-08-26T18:21:41.330+0100] {dagbag.py:545} INFO - Filling up the DagBag from /Users/vlad.alex995/Desktop/de-sprint/.venv-airflow/lib/python3.11/site-packages/airflow/example_dags/example_display_name.py
[2025-08-26T18:21:41.344+0100] {processor.py:840} INFO - DAG(s) 'example_display_name' retrieved from /Users/vlad.alex995/Desktop/de-sprint/.venv-airflow/lib/python3.11/site-packages/airflow/example_dags/example_display_name.py
[2025-08-26T18:21:41.376+0100] {logging_mixin.py:188} INFO - [2025-08-26T18:21:41.376+0100] {dag.py:3089} INFO - Sync 1 DAGs
[2025-08-26T18:21:41.379+0100] {logging_mixin.py:188} INFO - [2025-08-26T18:21:41.379+0100] {dag.py:3947} INFO - Setting next_dagrun for example_display_name to None, run_after=None
[2025-08-26T18:21:41.386+0100] {processor.py:183} INFO - Processing /Users/vlad.alex995/Desktop/de-sprint/.venv-airflow/lib/python3.11/site-packages/airflow/example_dags/example_display_name.py took 0.058 seconds
[2025-08-26T18:23:09.172+0100] {processor.py:161} INFO - Started process (PID=39056) to work on /Users/vlad.alex995/Desktop/de-sprint/.venv-airflow/lib/python3.11/site-packages/airflow/example_dags/example_display_name.py
[2025-08-26T18:23:09.172+0100] {processor.py:830} INFO - Processing file /Users/vlad.alex995/Desktop/de-sprint/.venv-airflow/lib/python3.11/site-packages/airflow/example_dags/example_display_name.py for tasks to queue
[2025-08-26T18:23:09.172+0100] {logging_mixin.py:188} INFO - [2025-08-26T18:23:09.172+0100] {dagbag.py:545} INFO - Filling up the DagBag from /Users/vlad.alex995/Desktop/de-sprint/.venv-airflow/lib/python3.11/site-packages/airflow/example_dags/example_display_name.py
[2025-08-26T18:23:09.185+0100] {processor.py:840} INFO - DAG(s) 'example_display_name' retrieved from /Users/vlad.alex995/Desktop/de-sprint/.venv-airflow/lib/python3.11/site-packages/airflow/example_dags/example_display_name.py
[2025-08-26T18:23:09.212+0100] {logging_mixin.py:188} INFO - [2025-08-26T18:23:09.212+0100] {dag.py:3089} INFO - Sync 1 DAGs
[2025-08-26T18:23:09.215+0100] {logging_mixin.py:188} INFO - [2025-08-26T18:23:09.215+0100] {dag.py:3947} INFO - Setting next_dagrun for example_display_name to None, run_after=None
[2025-08-26T18:23:09.221+0100] {processor.py:183} INFO - Processing /Users/vlad.alex995/Desktop/de-sprint/.venv-airflow/lib/python3.11/site-packages/airflow/example_dags/example_display_name.py took 0.050 seconds
[2025-08-26T18:24:35.325+0100] {processor.py:161} INFO - Started process (PID=39125) to work on /Users/vlad.alex995/Desktop/de-sprint/.venv-airflow/lib/python3.11/site-packages/airflow/example_dags/example_display_name.py
[2025-08-26T18:24:35.326+0100] {processor.py:830} INFO - Processing file /Users/vlad.alex995/Desktop/de-sprint/.venv-airflow/lib/python3.11/site-packages/airflow/example_dags/example_display_name.py for tasks to queue
[2025-08-26T18:24:35.326+0100] {logging_mixin.py:188} INFO - [2025-08-26T18:24:35.326+0100] {dagbag.py:545} INFO - Filling up the DagBag from /Users/vlad.alex995/Desktop/de-sprint/.venv-airflow/lib/python3.11/site-packages/airflow/example_dags/example_display_name.py
[2025-08-26T18:24:35.340+0100] {processor.py:840} INFO - DAG(s) 'example_display_name' retrieved from /Users/vlad.alex995/Desktop/de-sprint/.venv-airflow/lib/python3.11/site-packages/airflow/example_dags/example_display_name.py
[2025-08-26T18:24:35.369+0100] {logging_mixin.py:188} INFO - [2025-08-26T18:24:35.369+0100] {dag.py:3089} INFO - Sync 1 DAGs
[2025-08-26T18:24:35.372+0100] {logging_mixin.py:188} INFO - [2025-08-26T18:24:35.372+0100] {dag.py:3947} INFO - Setting next_dagrun for example_display_name to None, run_after=None
[2025-08-26T18:24:35.378+0100] {processor.py:183} INFO - Processing /Users/vlad.alex995/Desktop/de-sprint/.venv-airflow/lib/python3.11/site-packages/airflow/example_dags/example_display_name.py took 0.054 seconds
[2025-08-26T18:26:11.361+0100] {processor.py:161} INFO - Started process (PID=39220) to work on /Users/vlad.alex995/Desktop/de-sprint/.venv-airflow/lib/python3.11/site-packages/airflow/example_dags/example_display_name.py
[2025-08-26T18:26:11.362+0100] {processor.py:830} INFO - Processing file /Users/vlad.alex995/Desktop/de-sprint/.venv-airflow/lib/python3.11/site-packages/airflow/example_dags/example_display_name.py for tasks to queue
[2025-08-26T18:26:11.362+0100] {logging_mixin.py:188} INFO - [2025-08-26T18:26:11.362+0100] {dagbag.py:545} INFO - Filling up the DagBag from /Users/vlad.alex995/Desktop/de-sprint/.venv-airflow/lib/python3.11/site-packages/airflow/example_dags/example_display_name.py
[2025-08-26T18:26:11.375+0100] {processor.py:840} INFO - DAG(s) 'example_display_name' retrieved from /Users/vlad.alex995/Desktop/de-sprint/.venv-airflow/lib/python3.11/site-packages/airflow/example_dags/example_display_name.py
[2025-08-26T18:26:11.404+0100] {logging_mixin.py:188} INFO - [2025-08-26T18:26:11.404+0100] {dag.py:3089} INFO - Sync 1 DAGs
[2025-08-26T18:26:11.407+0100] {logging_mixin.py:188} INFO - [2025-08-26T18:26:11.407+0100] {dag.py:3947} INFO - Setting next_dagrun for example_display_name to None, run_after=None
[2025-08-26T18:26:11.412+0100] {processor.py:183} INFO - Processing /Users/vlad.alex995/Desktop/de-sprint/.venv-airflow/lib/python3.11/site-packages/airflow/example_dags/example_display_name.py took 0.052 seconds
