[2025-08-26T17:25:22.357+0100] {processor.py:161} INFO - Started process (PID=35323) to work on /Users/vlad.alex995/Desktop/de-sprint/.venv-airflow/lib/python3.11/site-packages/airflow/example_dags/example_subdag_operator.py
[2025-08-26T17:25:22.358+0100] {processor.py:830} INFO - Processing file /Users/vlad.alex995/Desktop/de-sprint/.venv-airflow/lib/python3.11/site-packages/airflow/example_dags/example_subdag_operator.py for tasks to queue
[2025-08-26T17:25:22.358+0100] {logging_mixin.py:188} INFO - [2025-08-26T17:25:22.358+0100] {dagbag.py:545} INFO - Filling up the DagBag from /Users/vlad.alex995/Desktop/de-sprint/.venv-airflow/lib/python3.11/site-packages/airflow/example_dags/example_subdag_operator.py
[2025-08-26T17:25:22.386+0100] {processor.py:840} INFO - DAG(s) 'example_subdag_operator.section-1', 'example_subdag_operator.section-2', 'example_subdag_operator' retrieved from /Users/vlad.alex995/Desktop/de-sprint/.venv-airflow/lib/python3.11/site-packages/airflow/example_dags/example_subdag_operator.py
[2025-08-26T17:25:22.424+0100] {logging_mixin.py:188} INFO - [2025-08-26T17:25:22.424+0100] {override.py:1858} INFO - Created Permission View: can edit on DAG:example_subdag_operator
[2025-08-26T17:25:22.427+0100] {logging_mixin.py:188} INFO - [2025-08-26T17:25:22.427+0100] {override.py:1858} INFO - Created Permission View: can delete on DAG:example_subdag_operator
[2025-08-26T17:25:22.428+0100] {logging_mixin.py:188} INFO - [2025-08-26T17:25:22.428+0100] {override.py:1858} INFO - Created Permission View: can read on DAG:example_subdag_operator
[2025-08-26T17:25:22.428+0100] {logging_mixin.py:188} INFO - [2025-08-26T17:25:22.428+0100] {dag.py:3089} INFO - Sync 3 DAGs
[2025-08-26T17:25:22.431+0100] {logging_mixin.py:188} INFO - [2025-08-26T17:25:22.431+0100] {dag.py:3111} INFO - Creating ORM DAG for example_subdag_operator
[2025-08-26T17:25:22.431+0100] {logging_mixin.py:188} INFO - [2025-08-26T17:25:22.431+0100] {dag.py:3111} INFO - Creating ORM DAG for example_subdag_operator.section-2
[2025-08-26T17:25:22.431+0100] {logging_mixin.py:188} INFO - [2025-08-26T17:25:22.431+0100] {dag.py:3111} INFO - Creating ORM DAG for example_subdag_operator.section-1
[2025-08-26T17:25:22.434+0100] {logging_mixin.py:188} INFO - [2025-08-26T17:25:22.434+0100] {dag.py:3947} INFO - Setting next_dagrun for example_subdag_operator to 2022-01-01 00:00:00+00:00, run_after=2022-01-01 00:00:00+00:00
[2025-08-26T17:25:22.434+0100] {logging_mixin.py:188} INFO - [2025-08-26T17:25:22.434+0100] {dag.py:3947} INFO - Setting next_dagrun for example_subdag_operator.section-1 to None, run_after=None
[2025-08-26T17:25:22.434+0100] {logging_mixin.py:188} INFO - [2025-08-26T17:25:22.434+0100] {dag.py:3947} INFO - Setting next_dagrun for example_subdag_operator.section-2 to None, run_after=None
[2025-08-26T17:25:22.436+0100] {logging_mixin.py:188} INFO - [2025-08-26T17:25:22.436+0100] {dag.py:3089} INFO - Sync 2 DAGs
[2025-08-26T17:25:22.437+0100] {logging_mixin.py:188} INFO - [2025-08-26T17:25:22.437+0100] {dag.py:3947} INFO - Setting next_dagrun for example_subdag_operator.section-1 to None, run_after=None
[2025-08-26T17:25:22.437+0100] {logging_mixin.py:188} INFO - [2025-08-26T17:25:22.437+0100] {dag.py:3947} INFO - Setting next_dagrun for example_subdag_operator.section-2 to None, run_after=None
[2025-08-26T17:25:22.443+0100] {processor.py:183} INFO - Processing /Users/vlad.alex995/Desktop/de-sprint/.venv-airflow/lib/python3.11/site-packages/airflow/example_dags/example_subdag_operator.py took 0.087 seconds
[2025-08-26T17:26:42.148+0100] {processor.py:161} INFO - Started process (PID=35382) to work on /Users/vlad.alex995/Desktop/de-sprint/.venv-airflow/lib/python3.11/site-packages/airflow/example_dags/example_subdag_operator.py
[2025-08-26T17:26:42.149+0100] {processor.py:830} INFO - Processing file /Users/vlad.alex995/Desktop/de-sprint/.venv-airflow/lib/python3.11/site-packages/airflow/example_dags/example_subdag_operator.py for tasks to queue
[2025-08-26T17:26:42.149+0100] {logging_mixin.py:188} INFO - [2025-08-26T17:26:42.149+0100] {dagbag.py:545} INFO - Filling up the DagBag from /Users/vlad.alex995/Desktop/de-sprint/.venv-airflow/lib/python3.11/site-packages/airflow/example_dags/example_subdag_operator.py
[2025-08-26T17:26:42.178+0100] {processor.py:840} INFO - DAG(s) 'example_subdag_operator.section-1', 'example_subdag_operator.section-2', 'example_subdag_operator' retrieved from /Users/vlad.alex995/Desktop/de-sprint/.venv-airflow/lib/python3.11/site-packages/airflow/example_dags/example_subdag_operator.py
[2025-08-26T17:26:42.189+0100] {logging_mixin.py:188} INFO - [2025-08-26T17:26:42.189+0100] {dag.py:3089} INFO - Sync 3 DAGs
[2025-08-26T17:26:42.194+0100] {logging_mixin.py:188} INFO - [2025-08-26T17:26:42.194+0100] {dag.py:3947} INFO - Setting next_dagrun for example_subdag_operator to 2022-01-01 00:00:00+00:00, run_after=2022-01-01 00:00:00+00:00
[2025-08-26T17:26:42.195+0100] {logging_mixin.py:188} INFO - [2025-08-26T17:26:42.195+0100] {dag.py:3947} INFO - Setting next_dagrun for example_subdag_operator.section-1 to None, run_after=None
[2025-08-26T17:26:42.195+0100] {logging_mixin.py:188} INFO - [2025-08-26T17:26:42.195+0100] {dag.py:3947} INFO - Setting next_dagrun for example_subdag_operator.section-2 to None, run_after=None
[2025-08-26T17:26:42.197+0100] {logging_mixin.py:188} INFO - [2025-08-26T17:26:42.197+0100] {dag.py:3089} INFO - Sync 2 DAGs
[2025-08-26T17:26:42.198+0100] {logging_mixin.py:188} INFO - [2025-08-26T17:26:42.198+0100] {dag.py:3947} INFO - Setting next_dagrun for example_subdag_operator.section-1 to None, run_after=None
[2025-08-26T17:26:42.198+0100] {logging_mixin.py:188} INFO - [2025-08-26T17:26:42.198+0100] {dag.py:3947} INFO - Setting next_dagrun for example_subdag_operator.section-2 to None, run_after=None
[2025-08-26T17:26:42.202+0100] {processor.py:183} INFO - Processing /Users/vlad.alex995/Desktop/de-sprint/.venv-airflow/lib/python3.11/site-packages/airflow/example_dags/example_subdag_operator.py took 0.055 seconds
[2025-08-26T17:28:14.487+0100] {processor.py:161} INFO - Started process (PID=35455) to work on /Users/vlad.alex995/Desktop/de-sprint/.venv-airflow/lib/python3.11/site-packages/airflow/example_dags/example_subdag_operator.py
[2025-08-26T17:28:14.488+0100] {processor.py:830} INFO - Processing file /Users/vlad.alex995/Desktop/de-sprint/.venv-airflow/lib/python3.11/site-packages/airflow/example_dags/example_subdag_operator.py for tasks to queue
[2025-08-26T17:28:14.488+0100] {logging_mixin.py:188} INFO - [2025-08-26T17:28:14.488+0100] {dagbag.py:545} INFO - Filling up the DagBag from /Users/vlad.alex995/Desktop/de-sprint/.venv-airflow/lib/python3.11/site-packages/airflow/example_dags/example_subdag_operator.py
[2025-08-26T17:28:14.517+0100] {processor.py:840} INFO - DAG(s) 'example_subdag_operator.section-1', 'example_subdag_operator.section-2', 'example_subdag_operator' retrieved from /Users/vlad.alex995/Desktop/de-sprint/.venv-airflow/lib/python3.11/site-packages/airflow/example_dags/example_subdag_operator.py
[2025-08-26T17:28:14.529+0100] {logging_mixin.py:188} INFO - [2025-08-26T17:28:14.528+0100] {dag.py:3089} INFO - Sync 3 DAGs
[2025-08-26T17:28:14.535+0100] {logging_mixin.py:188} INFO - [2025-08-26T17:28:14.535+0100] {dag.py:3947} INFO - Setting next_dagrun for example_subdag_operator to 2022-01-01 00:00:00+00:00, run_after=2022-01-01 00:00:00+00:00
[2025-08-26T17:28:14.536+0100] {logging_mixin.py:188} INFO - [2025-08-26T17:28:14.536+0100] {dag.py:3947} INFO - Setting next_dagrun for example_subdag_operator.section-1 to None, run_after=None
[2025-08-26T17:28:14.536+0100] {logging_mixin.py:188} INFO - [2025-08-26T17:28:14.536+0100] {dag.py:3947} INFO - Setting next_dagrun for example_subdag_operator.section-2 to None, run_after=None
[2025-08-26T17:28:14.538+0100] {logging_mixin.py:188} INFO - [2025-08-26T17:28:14.537+0100] {dag.py:3089} INFO - Sync 2 DAGs
[2025-08-26T17:28:14.539+0100] {logging_mixin.py:188} INFO - [2025-08-26T17:28:14.539+0100] {dag.py:3947} INFO - Setting next_dagrun for example_subdag_operator.section-1 to None, run_after=None
[2025-08-26T17:28:14.539+0100] {logging_mixin.py:188} INFO - [2025-08-26T17:28:14.539+0100] {dag.py:3947} INFO - Setting next_dagrun for example_subdag_operator.section-2 to None, run_after=None
[2025-08-26T17:28:14.543+0100] {processor.py:183} INFO - Processing /Users/vlad.alex995/Desktop/de-sprint/.venv-airflow/lib/python3.11/site-packages/airflow/example_dags/example_subdag_operator.py took 0.057 seconds
[2025-08-26T17:29:48.939+0100] {processor.py:161} INFO - Started process (PID=35523) to work on /Users/vlad.alex995/Desktop/de-sprint/.venv-airflow/lib/python3.11/site-packages/airflow/example_dags/example_subdag_operator.py
[2025-08-26T17:29:48.940+0100] {processor.py:830} INFO - Processing file /Users/vlad.alex995/Desktop/de-sprint/.venv-airflow/lib/python3.11/site-packages/airflow/example_dags/example_subdag_operator.py for tasks to queue
[2025-08-26T17:29:48.940+0100] {logging_mixin.py:188} INFO - [2025-08-26T17:29:48.940+0100] {dagbag.py:545} INFO - Filling up the DagBag from /Users/vlad.alex995/Desktop/de-sprint/.venv-airflow/lib/python3.11/site-packages/airflow/example_dags/example_subdag_operator.py
[2025-08-26T17:29:48.968+0100] {processor.py:840} INFO - DAG(s) 'example_subdag_operator.section-1', 'example_subdag_operator.section-2', 'example_subdag_operator' retrieved from /Users/vlad.alex995/Desktop/de-sprint/.venv-airflow/lib/python3.11/site-packages/airflow/example_dags/example_subdag_operator.py
[2025-08-26T17:29:48.979+0100] {logging_mixin.py:188} INFO - [2025-08-26T17:29:48.978+0100] {dag.py:3089} INFO - Sync 3 DAGs
[2025-08-26T17:29:48.984+0100] {logging_mixin.py:188} INFO - [2025-08-26T17:29:48.984+0100] {dag.py:3947} INFO - Setting next_dagrun for example_subdag_operator to 2022-01-01 00:00:00+00:00, run_after=2022-01-01 00:00:00+00:00
[2025-08-26T17:29:48.985+0100] {logging_mixin.py:188} INFO - [2025-08-26T17:29:48.985+0100] {dag.py:3947} INFO - Setting next_dagrun for example_subdag_operator.section-1 to None, run_after=None
[2025-08-26T17:29:48.985+0100] {logging_mixin.py:188} INFO - [2025-08-26T17:29:48.985+0100] {dag.py:3947} INFO - Setting next_dagrun for example_subdag_operator.section-2 to None, run_after=None
[2025-08-26T17:29:48.987+0100] {logging_mixin.py:188} INFO - [2025-08-26T17:29:48.987+0100] {dag.py:3089} INFO - Sync 2 DAGs
[2025-08-26T17:29:48.988+0100] {logging_mixin.py:188} INFO - [2025-08-26T17:29:48.988+0100] {dag.py:3947} INFO - Setting next_dagrun for example_subdag_operator.section-1 to None, run_after=None
[2025-08-26T17:29:48.988+0100] {logging_mixin.py:188} INFO - [2025-08-26T17:29:48.988+0100] {dag.py:3947} INFO - Setting next_dagrun for example_subdag_operator.section-2 to None, run_after=None
[2025-08-26T17:29:48.992+0100] {processor.py:183} INFO - Processing /Users/vlad.alex995/Desktop/de-sprint/.venv-airflow/lib/python3.11/site-packages/airflow/example_dags/example_subdag_operator.py took 0.054 seconds
[2025-08-26T17:31:19.001+0100] {processor.py:161} INFO - Started process (PID=35595) to work on /Users/vlad.alex995/Desktop/de-sprint/.venv-airflow/lib/python3.11/site-packages/airflow/example_dags/example_subdag_operator.py
[2025-08-26T17:31:19.002+0100] {processor.py:830} INFO - Processing file /Users/vlad.alex995/Desktop/de-sprint/.venv-airflow/lib/python3.11/site-packages/airflow/example_dags/example_subdag_operator.py for tasks to queue
[2025-08-26T17:31:19.002+0100] {logging_mixin.py:188} INFO - [2025-08-26T17:31:19.002+0100] {dagbag.py:545} INFO - Filling up the DagBag from /Users/vlad.alex995/Desktop/de-sprint/.venv-airflow/lib/python3.11/site-packages/airflow/example_dags/example_subdag_operator.py
[2025-08-26T17:31:19.031+0100] {processor.py:840} INFO - DAG(s) 'example_subdag_operator.section-1', 'example_subdag_operator.section-2', 'example_subdag_operator' retrieved from /Users/vlad.alex995/Desktop/de-sprint/.venv-airflow/lib/python3.11/site-packages/airflow/example_dags/example_subdag_operator.py
[2025-08-26T17:31:19.041+0100] {logging_mixin.py:188} INFO - [2025-08-26T17:31:19.041+0100] {dag.py:3089} INFO - Sync 3 DAGs
[2025-08-26T17:31:19.047+0100] {logging_mixin.py:188} INFO - [2025-08-26T17:31:19.046+0100] {dag.py:3947} INFO - Setting next_dagrun for example_subdag_operator to 2022-01-01 00:00:00+00:00, run_after=2022-01-01 00:00:00+00:00
[2025-08-26T17:31:19.047+0100] {logging_mixin.py:188} INFO - [2025-08-26T17:31:19.047+0100] {dag.py:3947} INFO - Setting next_dagrun for example_subdag_operator.section-1 to None, run_after=None
[2025-08-26T17:31:19.048+0100] {logging_mixin.py:188} INFO - [2025-08-26T17:31:19.048+0100] {dag.py:3947} INFO - Setting next_dagrun for example_subdag_operator.section-2 to None, run_after=None
[2025-08-26T17:31:19.049+0100] {logging_mixin.py:188} INFO - [2025-08-26T17:31:19.049+0100] {dag.py:3089} INFO - Sync 2 DAGs
[2025-08-26T17:31:19.050+0100] {logging_mixin.py:188} INFO - [2025-08-26T17:31:19.050+0100] {dag.py:3947} INFO - Setting next_dagrun for example_subdag_operator.section-1 to None, run_after=None
[2025-08-26T17:31:19.051+0100] {logging_mixin.py:188} INFO - [2025-08-26T17:31:19.051+0100] {dag.py:3947} INFO - Setting next_dagrun for example_subdag_operator.section-2 to None, run_after=None
[2025-08-26T17:31:19.055+0100] {processor.py:183} INFO - Processing /Users/vlad.alex995/Desktop/de-sprint/.venv-airflow/lib/python3.11/site-packages/airflow/example_dags/example_subdag_operator.py took 0.055 seconds
[2025-08-26T17:32:47.980+0100] {processor.py:161} INFO - Started process (PID=35977) to work on /Users/vlad.alex995/Desktop/de-sprint/.venv-airflow/lib/python3.11/site-packages/airflow/example_dags/example_subdag_operator.py
[2025-08-26T17:32:47.981+0100] {processor.py:830} INFO - Processing file /Users/vlad.alex995/Desktop/de-sprint/.venv-airflow/lib/python3.11/site-packages/airflow/example_dags/example_subdag_operator.py for tasks to queue
[2025-08-26T17:32:47.981+0100] {logging_mixin.py:188} INFO - [2025-08-26T17:32:47.981+0100] {dagbag.py:545} INFO - Filling up the DagBag from /Users/vlad.alex995/Desktop/de-sprint/.venv-airflow/lib/python3.11/site-packages/airflow/example_dags/example_subdag_operator.py
[2025-08-26T17:32:48.011+0100] {processor.py:840} INFO - DAG(s) 'example_subdag_operator.section-1', 'example_subdag_operator.section-2', 'example_subdag_operator' retrieved from /Users/vlad.alex995/Desktop/de-sprint/.venv-airflow/lib/python3.11/site-packages/airflow/example_dags/example_subdag_operator.py
[2025-08-26T17:32:48.022+0100] {logging_mixin.py:188} INFO - [2025-08-26T17:32:48.022+0100] {dag.py:3089} INFO - Sync 3 DAGs
[2025-08-26T17:32:48.028+0100] {logging_mixin.py:188} INFO - [2025-08-26T17:32:48.028+0100] {dag.py:3947} INFO - Setting next_dagrun for example_subdag_operator to 2022-01-01 00:00:00+00:00, run_after=2022-01-01 00:00:00+00:00
[2025-08-26T17:32:48.029+0100] {logging_mixin.py:188} INFO - [2025-08-26T17:32:48.029+0100] {dag.py:3947} INFO - Setting next_dagrun for example_subdag_operator.section-1 to None, run_after=None
[2025-08-26T17:32:48.029+0100] {logging_mixin.py:188} INFO - [2025-08-26T17:32:48.029+0100] {dag.py:3947} INFO - Setting next_dagrun for example_subdag_operator.section-2 to None, run_after=None
[2025-08-26T17:32:48.031+0100] {logging_mixin.py:188} INFO - [2025-08-26T17:32:48.031+0100] {dag.py:3089} INFO - Sync 2 DAGs
[2025-08-26T17:32:48.032+0100] {logging_mixin.py:188} INFO - [2025-08-26T17:32:48.032+0100] {dag.py:3947} INFO - Setting next_dagrun for example_subdag_operator.section-1 to None, run_after=None
[2025-08-26T17:32:48.032+0100] {logging_mixin.py:188} INFO - [2025-08-26T17:32:48.032+0100] {dag.py:3947} INFO - Setting next_dagrun for example_subdag_operator.section-2 to None, run_after=None
[2025-08-26T17:32:48.037+0100] {processor.py:183} INFO - Processing /Users/vlad.alex995/Desktop/de-sprint/.venv-airflow/lib/python3.11/site-packages/airflow/example_dags/example_subdag_operator.py took 0.058 seconds
[2025-08-26T18:11:07.240+0100] {processor.py:161} INFO - Started process (PID=37411) to work on /Users/vlad.alex995/Desktop/de-sprint/.venv-airflow/lib/python3.11/site-packages/airflow/example_dags/example_subdag_operator.py
[2025-08-26T18:11:07.241+0100] {processor.py:830} INFO - Processing file /Users/vlad.alex995/Desktop/de-sprint/.venv-airflow/lib/python3.11/site-packages/airflow/example_dags/example_subdag_operator.py for tasks to queue
[2025-08-26T18:11:07.241+0100] {logging_mixin.py:188} INFO - [2025-08-26T18:11:07.241+0100] {dagbag.py:545} INFO - Filling up the DagBag from /Users/vlad.alex995/Desktop/de-sprint/.venv-airflow/lib/python3.11/site-packages/airflow/example_dags/example_subdag_operator.py
[2025-08-26T18:11:07.271+0100] {processor.py:840} INFO - DAG(s) 'example_subdag_operator.section-1', 'example_subdag_operator.section-2', 'example_subdag_operator' retrieved from /Users/vlad.alex995/Desktop/de-sprint/.venv-airflow/lib/python3.11/site-packages/airflow/example_dags/example_subdag_operator.py
[2025-08-26T18:11:07.283+0100] {logging_mixin.py:188} INFO - [2025-08-26T18:11:07.283+0100] {dag.py:3089} INFO - Sync 3 DAGs
[2025-08-26T18:11:07.289+0100] {logging_mixin.py:188} INFO - [2025-08-26T18:11:07.288+0100] {dag.py:3947} INFO - Setting next_dagrun for example_subdag_operator to 2022-01-01 00:00:00+00:00, run_after=2022-01-01 00:00:00+00:00
[2025-08-26T18:11:07.289+0100] {logging_mixin.py:188} INFO - [2025-08-26T18:11:07.289+0100] {dag.py:3947} INFO - Setting next_dagrun for example_subdag_operator.section-1 to None, run_after=None
[2025-08-26T18:11:07.290+0100] {logging_mixin.py:188} INFO - [2025-08-26T18:11:07.290+0100] {dag.py:3947} INFO - Setting next_dagrun for example_subdag_operator.section-2 to None, run_after=None
[2025-08-26T18:11:07.292+0100] {logging_mixin.py:188} INFO - [2025-08-26T18:11:07.292+0100] {dag.py:3089} INFO - Sync 2 DAGs
[2025-08-26T18:11:07.293+0100] {logging_mixin.py:188} INFO - [2025-08-26T18:11:07.293+0100] {dag.py:3947} INFO - Setting next_dagrun for example_subdag_operator.section-1 to None, run_after=None
[2025-08-26T18:11:07.293+0100] {logging_mixin.py:188} INFO - [2025-08-26T18:11:07.293+0100] {dag.py:3947} INFO - Setting next_dagrun for example_subdag_operator.section-2 to None, run_after=None
[2025-08-26T18:11:07.298+0100] {processor.py:183} INFO - Processing /Users/vlad.alex995/Desktop/de-sprint/.venv-airflow/lib/python3.11/site-packages/airflow/example_dags/example_subdag_operator.py took 0.060 seconds
[2025-08-26T18:12:25.359+0100] {processor.py:161} INFO - Started process (PID=37470) to work on /Users/vlad.alex995/Desktop/de-sprint/.venv-airflow/lib/python3.11/site-packages/airflow/example_dags/example_subdag_operator.py
[2025-08-26T18:12:25.360+0100] {processor.py:830} INFO - Processing file /Users/vlad.alex995/Desktop/de-sprint/.venv-airflow/lib/python3.11/site-packages/airflow/example_dags/example_subdag_operator.py for tasks to queue
[2025-08-26T18:12:25.360+0100] {logging_mixin.py:188} INFO - [2025-08-26T18:12:25.360+0100] {dagbag.py:545} INFO - Filling up the DagBag from /Users/vlad.alex995/Desktop/de-sprint/.venv-airflow/lib/python3.11/site-packages/airflow/example_dags/example_subdag_operator.py
[2025-08-26T18:12:25.387+0100] {processor.py:840} INFO - DAG(s) 'example_subdag_operator.section-1', 'example_subdag_operator.section-2', 'example_subdag_operator' retrieved from /Users/vlad.alex995/Desktop/de-sprint/.venv-airflow/lib/python3.11/site-packages/airflow/example_dags/example_subdag_operator.py
[2025-08-26T18:12:25.397+0100] {logging_mixin.py:188} INFO - [2025-08-26T18:12:25.397+0100] {dag.py:3089} INFO - Sync 3 DAGs
[2025-08-26T18:12:25.402+0100] {logging_mixin.py:188} INFO - [2025-08-26T18:12:25.402+0100] {dag.py:3947} INFO - Setting next_dagrun for example_subdag_operator to 2022-01-01 00:00:00+00:00, run_after=2022-01-01 00:00:00+00:00
[2025-08-26T18:12:25.403+0100] {logging_mixin.py:188} INFO - [2025-08-26T18:12:25.403+0100] {dag.py:3947} INFO - Setting next_dagrun for example_subdag_operator.section-1 to None, run_after=None
[2025-08-26T18:12:25.403+0100] {logging_mixin.py:188} INFO - [2025-08-26T18:12:25.403+0100] {dag.py:3947} INFO - Setting next_dagrun for example_subdag_operator.section-2 to None, run_after=None
[2025-08-26T18:12:25.405+0100] {logging_mixin.py:188} INFO - [2025-08-26T18:12:25.405+0100] {dag.py:3089} INFO - Sync 2 DAGs
[2025-08-26T18:12:25.406+0100] {logging_mixin.py:188} INFO - [2025-08-26T18:12:25.406+0100] {dag.py:3947} INFO - Setting next_dagrun for example_subdag_operator.section-1 to None, run_after=None
[2025-08-26T18:12:25.406+0100] {logging_mixin.py:188} INFO - [2025-08-26T18:12:25.406+0100] {dag.py:3947} INFO - Setting next_dagrun for example_subdag_operator.section-2 to None, run_after=None
[2025-08-26T18:12:25.409+0100] {processor.py:183} INFO - Processing /Users/vlad.alex995/Desktop/de-sprint/.venv-airflow/lib/python3.11/site-packages/airflow/example_dags/example_subdag_operator.py took 0.052 seconds
[2025-08-26T18:13:50.818+0100] {processor.py:161} INFO - Started process (PID=37544) to work on /Users/vlad.alex995/Desktop/de-sprint/.venv-airflow/lib/python3.11/site-packages/airflow/example_dags/example_subdag_operator.py
[2025-08-26T18:13:50.819+0100] {processor.py:830} INFO - Processing file /Users/vlad.alex995/Desktop/de-sprint/.venv-airflow/lib/python3.11/site-packages/airflow/example_dags/example_subdag_operator.py for tasks to queue
[2025-08-26T18:13:50.819+0100] {logging_mixin.py:188} INFO - [2025-08-26T18:13:50.819+0100] {dagbag.py:545} INFO - Filling up the DagBag from /Users/vlad.alex995/Desktop/de-sprint/.venv-airflow/lib/python3.11/site-packages/airflow/example_dags/example_subdag_operator.py
[2025-08-26T18:13:50.847+0100] {processor.py:840} INFO - DAG(s) 'example_subdag_operator.section-1', 'example_subdag_operator.section-2', 'example_subdag_operator' retrieved from /Users/vlad.alex995/Desktop/de-sprint/.venv-airflow/lib/python3.11/site-packages/airflow/example_dags/example_subdag_operator.py
[2025-08-26T18:13:50.858+0100] {logging_mixin.py:188} INFO - [2025-08-26T18:13:50.858+0100] {dag.py:3089} INFO - Sync 3 DAGs
[2025-08-26T18:13:50.863+0100] {logging_mixin.py:188} INFO - [2025-08-26T18:13:50.863+0100] {dag.py:3947} INFO - Setting next_dagrun for example_subdag_operator to 2022-01-01 00:00:00+00:00, run_after=2022-01-01 00:00:00+00:00
[2025-08-26T18:13:50.864+0100] {logging_mixin.py:188} INFO - [2025-08-26T18:13:50.864+0100] {dag.py:3947} INFO - Setting next_dagrun for example_subdag_operator.section-1 to None, run_after=None
[2025-08-26T18:13:50.864+0100] {logging_mixin.py:188} INFO - [2025-08-26T18:13:50.864+0100] {dag.py:3947} INFO - Setting next_dagrun for example_subdag_operator.section-2 to None, run_after=None
[2025-08-26T18:13:50.866+0100] {logging_mixin.py:188} INFO - [2025-08-26T18:13:50.866+0100] {dag.py:3089} INFO - Sync 2 DAGs
[2025-08-26T18:13:50.867+0100] {logging_mixin.py:188} INFO - [2025-08-26T18:13:50.867+0100] {dag.py:3947} INFO - Setting next_dagrun for example_subdag_operator.section-1 to None, run_after=None
[2025-08-26T18:13:50.867+0100] {logging_mixin.py:188} INFO - [2025-08-26T18:13:50.867+0100] {dag.py:3947} INFO - Setting next_dagrun for example_subdag_operator.section-2 to None, run_after=None
[2025-08-26T18:13:50.871+0100] {processor.py:183} INFO - Processing /Users/vlad.alex995/Desktop/de-sprint/.venv-airflow/lib/python3.11/site-packages/airflow/example_dags/example_subdag_operator.py took 0.054 seconds
[2025-08-26T18:15:21.671+0100] {processor.py:161} INFO - Started process (PID=38003) to work on /Users/vlad.alex995/Desktop/de-sprint/.venv-airflow/lib/python3.11/site-packages/airflow/example_dags/example_subdag_operator.py
[2025-08-26T18:15:21.672+0100] {processor.py:830} INFO - Processing file /Users/vlad.alex995/Desktop/de-sprint/.venv-airflow/lib/python3.11/site-packages/airflow/example_dags/example_subdag_operator.py for tasks to queue
[2025-08-26T18:15:21.672+0100] {logging_mixin.py:188} INFO - [2025-08-26T18:15:21.672+0100] {dagbag.py:545} INFO - Filling up the DagBag from /Users/vlad.alex995/Desktop/de-sprint/.venv-airflow/lib/python3.11/site-packages/airflow/example_dags/example_subdag_operator.py
[2025-08-26T18:15:21.705+0100] {processor.py:840} INFO - DAG(s) 'example_subdag_operator.section-1', 'example_subdag_operator.section-2', 'example_subdag_operator' retrieved from /Users/vlad.alex995/Desktop/de-sprint/.venv-airflow/lib/python3.11/site-packages/airflow/example_dags/example_subdag_operator.py
[2025-08-26T18:15:21.718+0100] {logging_mixin.py:188} INFO - [2025-08-26T18:15:21.718+0100] {dag.py:3089} INFO - Sync 3 DAGs
[2025-08-26T18:15:21.725+0100] {logging_mixin.py:188} INFO - [2025-08-26T18:15:21.725+0100] {dag.py:3947} INFO - Setting next_dagrun for example_subdag_operator to 2022-01-01 00:00:00+00:00, run_after=2022-01-01 00:00:00+00:00
[2025-08-26T18:15:21.726+0100] {logging_mixin.py:188} INFO - [2025-08-26T18:15:21.726+0100] {dag.py:3947} INFO - Setting next_dagrun for example_subdag_operator.section-1 to None, run_after=None
[2025-08-26T18:15:21.726+0100] {logging_mixin.py:188} INFO - [2025-08-26T18:15:21.726+0100] {dag.py:3947} INFO - Setting next_dagrun for example_subdag_operator.section-2 to None, run_after=None
[2025-08-26T18:15:21.728+0100] {logging_mixin.py:188} INFO - [2025-08-26T18:15:21.728+0100] {dag.py:3089} INFO - Sync 2 DAGs
[2025-08-26T18:15:21.729+0100] {logging_mixin.py:188} INFO - [2025-08-26T18:15:21.729+0100] {dag.py:3947} INFO - Setting next_dagrun for example_subdag_operator.section-1 to None, run_after=None
[2025-08-26T18:15:21.729+0100] {logging_mixin.py:188} INFO - [2025-08-26T18:15:21.729+0100] {dag.py:3947} INFO - Setting next_dagrun for example_subdag_operator.section-2 to None, run_after=None
[2025-08-26T18:15:21.734+0100] {processor.py:183} INFO - Processing /Users/vlad.alex995/Desktop/de-sprint/.venv-airflow/lib/python3.11/site-packages/airflow/example_dags/example_subdag_operator.py took 0.064 seconds
[2025-08-26T18:16:53.144+0100] {processor.py:161} INFO - Started process (PID=38080) to work on /Users/vlad.alex995/Desktop/de-sprint/.venv-airflow/lib/python3.11/site-packages/airflow/example_dags/example_subdag_operator.py
[2025-08-26T18:16:53.145+0100] {processor.py:830} INFO - Processing file /Users/vlad.alex995/Desktop/de-sprint/.venv-airflow/lib/python3.11/site-packages/airflow/example_dags/example_subdag_operator.py for tasks to queue
[2025-08-26T18:16:53.145+0100] {logging_mixin.py:188} INFO - [2025-08-26T18:16:53.145+0100] {dagbag.py:545} INFO - Filling up the DagBag from /Users/vlad.alex995/Desktop/de-sprint/.venv-airflow/lib/python3.11/site-packages/airflow/example_dags/example_subdag_operator.py
[2025-08-26T18:16:53.172+0100] {processor.py:840} INFO - DAG(s) 'example_subdag_operator.section-1', 'example_subdag_operator.section-2', 'example_subdag_operator' retrieved from /Users/vlad.alex995/Desktop/de-sprint/.venv-airflow/lib/python3.11/site-packages/airflow/example_dags/example_subdag_operator.py
[2025-08-26T18:16:53.182+0100] {logging_mixin.py:188} INFO - [2025-08-26T18:16:53.182+0100] {dag.py:3089} INFO - Sync 3 DAGs
[2025-08-26T18:16:53.187+0100] {logging_mixin.py:188} INFO - [2025-08-26T18:16:53.187+0100] {dag.py:3947} INFO - Setting next_dagrun for example_subdag_operator to 2022-01-01 00:00:00+00:00, run_after=2022-01-01 00:00:00+00:00
[2025-08-26T18:16:53.188+0100] {logging_mixin.py:188} INFO - [2025-08-26T18:16:53.188+0100] {dag.py:3947} INFO - Setting next_dagrun for example_subdag_operator.section-1 to None, run_after=None
[2025-08-26T18:16:53.188+0100] {logging_mixin.py:188} INFO - [2025-08-26T18:16:53.188+0100] {dag.py:3947} INFO - Setting next_dagrun for example_subdag_operator.section-2 to None, run_after=None
[2025-08-26T18:16:53.190+0100] {logging_mixin.py:188} INFO - [2025-08-26T18:16:53.190+0100] {dag.py:3089} INFO - Sync 2 DAGs
[2025-08-26T18:16:53.191+0100] {logging_mixin.py:188} INFO - [2025-08-26T18:16:53.191+0100] {dag.py:3947} INFO - Setting next_dagrun for example_subdag_operator.section-1 to None, run_after=None
[2025-08-26T18:16:53.191+0100] {logging_mixin.py:188} INFO - [2025-08-26T18:16:53.191+0100] {dag.py:3947} INFO - Setting next_dagrun for example_subdag_operator.section-2 to None, run_after=None
[2025-08-26T18:16:53.195+0100] {processor.py:183} INFO - Processing /Users/vlad.alex995/Desktop/de-sprint/.venv-airflow/lib/python3.11/site-packages/airflow/example_dags/example_subdag_operator.py took 0.051 seconds
[2025-08-26T18:18:34.290+0100] {processor.py:161} INFO - Started process (PID=38442) to work on /Users/vlad.alex995/Desktop/de-sprint/.venv-airflow/lib/python3.11/site-packages/airflow/example_dags/example_subdag_operator.py
[2025-08-26T18:18:34.291+0100] {processor.py:830} INFO - Processing file /Users/vlad.alex995/Desktop/de-sprint/.venv-airflow/lib/python3.11/site-packages/airflow/example_dags/example_subdag_operator.py for tasks to queue
[2025-08-26T18:18:34.291+0100] {logging_mixin.py:188} INFO - [2025-08-26T18:18:34.291+0100] {dagbag.py:545} INFO - Filling up the DagBag from /Users/vlad.alex995/Desktop/de-sprint/.venv-airflow/lib/python3.11/site-packages/airflow/example_dags/example_subdag_operator.py
[2025-08-26T18:18:34.321+0100] {processor.py:840} INFO - DAG(s) 'example_subdag_operator.section-1', 'example_subdag_operator.section-2', 'example_subdag_operator' retrieved from /Users/vlad.alex995/Desktop/de-sprint/.venv-airflow/lib/python3.11/site-packages/airflow/example_dags/example_subdag_operator.py
[2025-08-26T18:18:34.333+0100] {logging_mixin.py:188} INFO - [2025-08-26T18:18:34.333+0100] {dag.py:3089} INFO - Sync 3 DAGs
[2025-08-26T18:18:34.339+0100] {logging_mixin.py:188} INFO - [2025-08-26T18:18:34.339+0100] {dag.py:3947} INFO - Setting next_dagrun for example_subdag_operator to 2022-01-01 00:00:00+00:00, run_after=2022-01-01 00:00:00+00:00
[2025-08-26T18:18:34.340+0100] {logging_mixin.py:188} INFO - [2025-08-26T18:18:34.340+0100] {dag.py:3947} INFO - Setting next_dagrun for example_subdag_operator.section-1 to None, run_after=None
[2025-08-26T18:18:34.340+0100] {logging_mixin.py:188} INFO - [2025-08-26T18:18:34.340+0100] {dag.py:3947} INFO - Setting next_dagrun for example_subdag_operator.section-2 to None, run_after=None
[2025-08-26T18:18:34.342+0100] {logging_mixin.py:188} INFO - [2025-08-26T18:18:34.342+0100] {dag.py:3089} INFO - Sync 2 DAGs
[2025-08-26T18:18:34.343+0100] {logging_mixin.py:188} INFO - [2025-08-26T18:18:34.343+0100] {dag.py:3947} INFO - Setting next_dagrun for example_subdag_operator.section-1 to None, run_after=None
[2025-08-26T18:18:34.343+0100] {logging_mixin.py:188} INFO - [2025-08-26T18:18:34.343+0100] {dag.py:3947} INFO - Setting next_dagrun for example_subdag_operator.section-2 to None, run_after=None
[2025-08-26T18:18:34.348+0100] {processor.py:183} INFO - Processing /Users/vlad.alex995/Desktop/de-sprint/.venv-airflow/lib/python3.11/site-packages/airflow/example_dags/example_subdag_operator.py took 0.059 seconds
[2025-08-26T18:19:35.573+0100] {processor.py:161} INFO - Started process (PID=38868) to work on /Users/vlad.alex995/Desktop/de-sprint/.venv-airflow/lib/python3.11/site-packages/airflow/example_dags/example_subdag_operator.py
[2025-08-26T18:19:35.574+0100] {processor.py:830} INFO - Processing file /Users/vlad.alex995/Desktop/de-sprint/.venv-airflow/lib/python3.11/site-packages/airflow/example_dags/example_subdag_operator.py for tasks to queue
[2025-08-26T18:19:35.575+0100] {logging_mixin.py:188} INFO - [2025-08-26T18:19:35.575+0100] {dagbag.py:545} INFO - Filling up the DagBag from /Users/vlad.alex995/Desktop/de-sprint/.venv-airflow/lib/python3.11/site-packages/airflow/example_dags/example_subdag_operator.py
[2025-08-26T18:19:35.603+0100] {processor.py:840} INFO - DAG(s) 'example_subdag_operator.section-1', 'example_subdag_operator.section-2', 'example_subdag_operator' retrieved from /Users/vlad.alex995/Desktop/de-sprint/.venv-airflow/lib/python3.11/site-packages/airflow/example_dags/example_subdag_operator.py
[2025-08-26T18:19:35.613+0100] {logging_mixin.py:188} INFO - [2025-08-26T18:19:35.613+0100] {dag.py:3089} INFO - Sync 3 DAGs
[2025-08-26T18:19:35.618+0100] {logging_mixin.py:188} INFO - [2025-08-26T18:19:35.618+0100] {dag.py:3947} INFO - Setting next_dagrun for example_subdag_operator to 2022-01-01 00:00:00+00:00, run_after=2022-01-01 00:00:00+00:00
[2025-08-26T18:19:35.619+0100] {logging_mixin.py:188} INFO - [2025-08-26T18:19:35.619+0100] {dag.py:3947} INFO - Setting next_dagrun for example_subdag_operator.section-1 to None, run_after=None
[2025-08-26T18:19:35.620+0100] {logging_mixin.py:188} INFO - [2025-08-26T18:19:35.620+0100] {dag.py:3947} INFO - Setting next_dagrun for example_subdag_operator.section-2 to None, run_after=None
[2025-08-26T18:19:35.621+0100] {logging_mixin.py:188} INFO - [2025-08-26T18:19:35.621+0100] {dag.py:3089} INFO - Sync 2 DAGs
[2025-08-26T18:19:35.622+0100] {logging_mixin.py:188} INFO - [2025-08-26T18:19:35.622+0100] {dag.py:3947} INFO - Setting next_dagrun for example_subdag_operator.section-1 to None, run_after=None
[2025-08-26T18:19:35.622+0100] {logging_mixin.py:188} INFO - [2025-08-26T18:19:35.622+0100] {dag.py:3947} INFO - Setting next_dagrun for example_subdag_operator.section-2 to None, run_after=None
[2025-08-26T18:19:35.626+0100] {processor.py:183} INFO - Processing /Users/vlad.alex995/Desktop/de-sprint/.venv-airflow/lib/python3.11/site-packages/airflow/example_dags/example_subdag_operator.py took 0.054 seconds
[2025-08-26T18:20:51.083+0100] {processor.py:161} INFO - Started process (PID=38948) to work on /Users/vlad.alex995/Desktop/de-sprint/.venv-airflow/lib/python3.11/site-packages/airflow/example_dags/example_subdag_operator.py
[2025-08-26T18:20:51.084+0100] {processor.py:830} INFO - Processing file /Users/vlad.alex995/Desktop/de-sprint/.venv-airflow/lib/python3.11/site-packages/airflow/example_dags/example_subdag_operator.py for tasks to queue
[2025-08-26T18:20:51.084+0100] {logging_mixin.py:188} INFO - [2025-08-26T18:20:51.084+0100] {dagbag.py:545} INFO - Filling up the DagBag from /Users/vlad.alex995/Desktop/de-sprint/.venv-airflow/lib/python3.11/site-packages/airflow/example_dags/example_subdag_operator.py
[2025-08-26T18:20:51.113+0100] {processor.py:840} INFO - DAG(s) 'example_subdag_operator.section-1', 'example_subdag_operator.section-2', 'example_subdag_operator' retrieved from /Users/vlad.alex995/Desktop/de-sprint/.venv-airflow/lib/python3.11/site-packages/airflow/example_dags/example_subdag_operator.py
[2025-08-26T18:20:51.124+0100] {logging_mixin.py:188} INFO - [2025-08-26T18:20:51.124+0100] {dag.py:3089} INFO - Sync 3 DAGs
[2025-08-26T18:20:51.129+0100] {logging_mixin.py:188} INFO - [2025-08-26T18:20:51.129+0100] {dag.py:3947} INFO - Setting next_dagrun for example_subdag_operator to 2022-01-01 00:00:00+00:00, run_after=2022-01-01 00:00:00+00:00
[2025-08-26T18:20:51.130+0100] {logging_mixin.py:188} INFO - [2025-08-26T18:20:51.130+0100] {dag.py:3947} INFO - Setting next_dagrun for example_subdag_operator.section-1 to None, run_after=None
[2025-08-26T18:20:51.130+0100] {logging_mixin.py:188} INFO - [2025-08-26T18:20:51.130+0100] {dag.py:3947} INFO - Setting next_dagrun for example_subdag_operator.section-2 to None, run_after=None
[2025-08-26T18:20:51.132+0100] {logging_mixin.py:188} INFO - [2025-08-26T18:20:51.132+0100] {dag.py:3089} INFO - Sync 2 DAGs
[2025-08-26T18:20:51.133+0100] {logging_mixin.py:188} INFO - [2025-08-26T18:20:51.133+0100] {dag.py:3947} INFO - Setting next_dagrun for example_subdag_operator.section-1 to None, run_after=None
[2025-08-26T18:20:51.133+0100] {logging_mixin.py:188} INFO - [2025-08-26T18:20:51.133+0100] {dag.py:3947} INFO - Setting next_dagrun for example_subdag_operator.section-2 to None, run_after=None
[2025-08-26T18:20:51.137+0100] {processor.py:183} INFO - Processing /Users/vlad.alex995/Desktop/de-sprint/.venv-airflow/lib/python3.11/site-packages/airflow/example_dags/example_subdag_operator.py took 0.055 seconds
[2025-08-26T18:22:23.660+0100] {processor.py:161} INFO - Started process (PID=39022) to work on /Users/vlad.alex995/Desktop/de-sprint/.venv-airflow/lib/python3.11/site-packages/airflow/example_dags/example_subdag_operator.py
[2025-08-26T18:22:23.661+0100] {processor.py:830} INFO - Processing file /Users/vlad.alex995/Desktop/de-sprint/.venv-airflow/lib/python3.11/site-packages/airflow/example_dags/example_subdag_operator.py for tasks to queue
[2025-08-26T18:22:23.661+0100] {logging_mixin.py:188} INFO - [2025-08-26T18:22:23.661+0100] {dagbag.py:545} INFO - Filling up the DagBag from /Users/vlad.alex995/Desktop/de-sprint/.venv-airflow/lib/python3.11/site-packages/airflow/example_dags/example_subdag_operator.py
[2025-08-26T18:22:23.688+0100] {processor.py:840} INFO - DAG(s) 'example_subdag_operator.section-1', 'example_subdag_operator.section-2', 'example_subdag_operator' retrieved from /Users/vlad.alex995/Desktop/de-sprint/.venv-airflow/lib/python3.11/site-packages/airflow/example_dags/example_subdag_operator.py
[2025-08-26T18:22:23.699+0100] {logging_mixin.py:188} INFO - [2025-08-26T18:22:23.698+0100] {dag.py:3089} INFO - Sync 3 DAGs
[2025-08-26T18:22:23.704+0100] {logging_mixin.py:188} INFO - [2025-08-26T18:22:23.704+0100] {dag.py:3947} INFO - Setting next_dagrun for example_subdag_operator to 2022-01-01 00:00:00+00:00, run_after=2022-01-01 00:00:00+00:00
[2025-08-26T18:22:23.705+0100] {logging_mixin.py:188} INFO - [2025-08-26T18:22:23.705+0100] {dag.py:3947} INFO - Setting next_dagrun for example_subdag_operator.section-1 to None, run_after=None
[2025-08-26T18:22:23.705+0100] {logging_mixin.py:188} INFO - [2025-08-26T18:22:23.705+0100] {dag.py:3947} INFO - Setting next_dagrun for example_subdag_operator.section-2 to None, run_after=None
[2025-08-26T18:22:23.706+0100] {logging_mixin.py:188} INFO - [2025-08-26T18:22:23.706+0100] {dag.py:3089} INFO - Sync 2 DAGs
[2025-08-26T18:22:23.707+0100] {logging_mixin.py:188} INFO - [2025-08-26T18:22:23.707+0100] {dag.py:3947} INFO - Setting next_dagrun for example_subdag_operator.section-1 to None, run_after=None
[2025-08-26T18:22:23.708+0100] {logging_mixin.py:188} INFO - [2025-08-26T18:22:23.707+0100] {dag.py:3947} INFO - Setting next_dagrun for example_subdag_operator.section-2 to None, run_after=None
[2025-08-26T18:22:23.711+0100] {processor.py:183} INFO - Processing /Users/vlad.alex995/Desktop/de-sprint/.venv-airflow/lib/python3.11/site-packages/airflow/example_dags/example_subdag_operator.py took 0.052 seconds
[2025-08-26T18:23:48.730+0100] {processor.py:161} INFO - Started process (PID=39087) to work on /Users/vlad.alex995/Desktop/de-sprint/.venv-airflow/lib/python3.11/site-packages/airflow/example_dags/example_subdag_operator.py
[2025-08-26T18:23:48.732+0100] {processor.py:830} INFO - Processing file /Users/vlad.alex995/Desktop/de-sprint/.venv-airflow/lib/python3.11/site-packages/airflow/example_dags/example_subdag_operator.py for tasks to queue
[2025-08-26T18:23:48.732+0100] {logging_mixin.py:188} INFO - [2025-08-26T18:23:48.732+0100] {dagbag.py:545} INFO - Filling up the DagBag from /Users/vlad.alex995/Desktop/de-sprint/.venv-airflow/lib/python3.11/site-packages/airflow/example_dags/example_subdag_operator.py
[2025-08-26T18:23:48.760+0100] {processor.py:840} INFO - DAG(s) 'example_subdag_operator.section-1', 'example_subdag_operator.section-2', 'example_subdag_operator' retrieved from /Users/vlad.alex995/Desktop/de-sprint/.venv-airflow/lib/python3.11/site-packages/airflow/example_dags/example_subdag_operator.py
[2025-08-26T18:23:48.770+0100] {logging_mixin.py:188} INFO - [2025-08-26T18:23:48.770+0100] {dag.py:3089} INFO - Sync 3 DAGs
[2025-08-26T18:23:48.776+0100] {logging_mixin.py:188} INFO - [2025-08-26T18:23:48.775+0100] {dag.py:3947} INFO - Setting next_dagrun for example_subdag_operator to 2022-01-01 00:00:00+00:00, run_after=2022-01-01 00:00:00+00:00
[2025-08-26T18:23:48.776+0100] {logging_mixin.py:188} INFO - [2025-08-26T18:23:48.776+0100] {dag.py:3947} INFO - Setting next_dagrun for example_subdag_operator.section-1 to None, run_after=None
[2025-08-26T18:23:48.777+0100] {logging_mixin.py:188} INFO - [2025-08-26T18:23:48.777+0100] {dag.py:3947} INFO - Setting next_dagrun for example_subdag_operator.section-2 to None, run_after=None
[2025-08-26T18:23:48.778+0100] {logging_mixin.py:188} INFO - [2025-08-26T18:23:48.778+0100] {dag.py:3089} INFO - Sync 2 DAGs
[2025-08-26T18:23:48.779+0100] {logging_mixin.py:188} INFO - [2025-08-26T18:23:48.779+0100] {dag.py:3947} INFO - Setting next_dagrun for example_subdag_operator.section-1 to None, run_after=None
[2025-08-26T18:23:48.779+0100] {logging_mixin.py:188} INFO - [2025-08-26T18:23:48.779+0100] {dag.py:3947} INFO - Setting next_dagrun for example_subdag_operator.section-2 to None, run_after=None
[2025-08-26T18:23:48.783+0100] {processor.py:183} INFO - Processing /Users/vlad.alex995/Desktop/de-sprint/.venv-airflow/lib/python3.11/site-packages/airflow/example_dags/example_subdag_operator.py took 0.053 seconds
[2025-08-26T18:25:19.989+0100] {processor.py:161} INFO - Started process (PID=39173) to work on /Users/vlad.alex995/Desktop/de-sprint/.venv-airflow/lib/python3.11/site-packages/airflow/example_dags/example_subdag_operator.py
[2025-08-26T18:25:19.990+0100] {processor.py:830} INFO - Processing file /Users/vlad.alex995/Desktop/de-sprint/.venv-airflow/lib/python3.11/site-packages/airflow/example_dags/example_subdag_operator.py for tasks to queue
[2025-08-26T18:25:19.990+0100] {logging_mixin.py:188} INFO - [2025-08-26T18:25:19.990+0100] {dagbag.py:545} INFO - Filling up the DagBag from /Users/vlad.alex995/Desktop/de-sprint/.venv-airflow/lib/python3.11/site-packages/airflow/example_dags/example_subdag_operator.py
[2025-08-26T18:25:20.019+0100] {processor.py:840} INFO - DAG(s) 'example_subdag_operator.section-1', 'example_subdag_operator.section-2', 'example_subdag_operator' retrieved from /Users/vlad.alex995/Desktop/de-sprint/.venv-airflow/lib/python3.11/site-packages/airflow/example_dags/example_subdag_operator.py
[2025-08-26T18:25:20.029+0100] {logging_mixin.py:188} INFO - [2025-08-26T18:25:20.029+0100] {dag.py:3089} INFO - Sync 3 DAGs
[2025-08-26T18:25:20.035+0100] {logging_mixin.py:188} INFO - [2025-08-26T18:25:20.035+0100] {dag.py:3947} INFO - Setting next_dagrun for example_subdag_operator to 2022-01-01 00:00:00+00:00, run_after=2022-01-01 00:00:00+00:00
[2025-08-26T18:25:20.036+0100] {logging_mixin.py:188} INFO - [2025-08-26T18:25:20.036+0100] {dag.py:3947} INFO - Setting next_dagrun for example_subdag_operator.section-1 to None, run_after=None
[2025-08-26T18:25:20.036+0100] {logging_mixin.py:188} INFO - [2025-08-26T18:25:20.036+0100] {dag.py:3947} INFO - Setting next_dagrun for example_subdag_operator.section-2 to None, run_after=None
[2025-08-26T18:25:20.038+0100] {logging_mixin.py:188} INFO - [2025-08-26T18:25:20.038+0100] {dag.py:3089} INFO - Sync 2 DAGs
[2025-08-26T18:25:20.039+0100] {logging_mixin.py:188} INFO - [2025-08-26T18:25:20.039+0100] {dag.py:3947} INFO - Setting next_dagrun for example_subdag_operator.section-1 to None, run_after=None
[2025-08-26T18:25:20.039+0100] {logging_mixin.py:188} INFO - [2025-08-26T18:25:20.039+0100] {dag.py:3947} INFO - Setting next_dagrun for example_subdag_operator.section-2 to None, run_after=None
[2025-08-26T18:25:20.043+0100] {processor.py:183} INFO - Processing /Users/vlad.alex995/Desktop/de-sprint/.venv-airflow/lib/python3.11/site-packages/airflow/example_dags/example_subdag_operator.py took 0.054 seconds
[2025-08-26T18:27:26.251+0100] {processor.py:161} INFO - Started process (PID=39671) to work on /Users/vlad.alex995/Desktop/de-sprint/.venv-airflow/lib/python3.11/site-packages/airflow/example_dags/example_subdag_operator.py
[2025-08-26T18:27:26.252+0100] {processor.py:830} INFO - Processing file /Users/vlad.alex995/Desktop/de-sprint/.venv-airflow/lib/python3.11/site-packages/airflow/example_dags/example_subdag_operator.py for tasks to queue
[2025-08-26T18:27:26.252+0100] {logging_mixin.py:188} INFO - [2025-08-26T18:27:26.252+0100] {dagbag.py:545} INFO - Filling up the DagBag from /Users/vlad.alex995/Desktop/de-sprint/.venv-airflow/lib/python3.11/site-packages/airflow/example_dags/example_subdag_operator.py
[2025-08-26T18:27:26.282+0100] {processor.py:840} INFO - DAG(s) 'example_subdag_operator.section-1', 'example_subdag_operator.section-2', 'example_subdag_operator' retrieved from /Users/vlad.alex995/Desktop/de-sprint/.venv-airflow/lib/python3.11/site-packages/airflow/example_dags/example_subdag_operator.py
[2025-08-26T18:27:26.293+0100] {logging_mixin.py:188} INFO - [2025-08-26T18:27:26.293+0100] {dag.py:3089} INFO - Sync 3 DAGs
[2025-08-26T18:27:26.298+0100] {logging_mixin.py:188} INFO - [2025-08-26T18:27:26.298+0100] {dag.py:3947} INFO - Setting next_dagrun for example_subdag_operator to 2022-01-01 00:00:00+00:00, run_after=2022-01-01 00:00:00+00:00
[2025-08-26T18:27:26.299+0100] {logging_mixin.py:188} INFO - [2025-08-26T18:27:26.299+0100] {dag.py:3947} INFO - Setting next_dagrun for example_subdag_operator.section-1 to None, run_after=None
[2025-08-26T18:27:26.300+0100] {logging_mixin.py:188} INFO - [2025-08-26T18:27:26.300+0100] {dag.py:3947} INFO - Setting next_dagrun for example_subdag_operator.section-2 to None, run_after=None
[2025-08-26T18:27:26.301+0100] {logging_mixin.py:188} INFO - [2025-08-26T18:27:26.301+0100] {dag.py:3089} INFO - Sync 2 DAGs
[2025-08-26T18:27:26.302+0100] {logging_mixin.py:188} INFO - [2025-08-26T18:27:26.302+0100] {dag.py:3947} INFO - Setting next_dagrun for example_subdag_operator.section-1 to None, run_after=None
[2025-08-26T18:27:26.303+0100] {logging_mixin.py:188} INFO - [2025-08-26T18:27:26.303+0100] {dag.py:3947} INFO - Setting next_dagrun for example_subdag_operator.section-2 to None, run_after=None
[2025-08-26T18:27:26.306+0100] {processor.py:183} INFO - Processing /Users/vlad.alex995/Desktop/de-sprint/.venv-airflow/lib/python3.11/site-packages/airflow/example_dags/example_subdag_operator.py took 0.057 seconds
[2025-08-26T18:29:45.931+0100] {processor.py:161} INFO - Started process (PID=40097) to work on /Users/vlad.alex995/Desktop/de-sprint/.venv-airflow/lib/python3.11/site-packages/airflow/example_dags/example_subdag_operator.py
[2025-08-26T18:29:45.932+0100] {processor.py:830} INFO - Processing file /Users/vlad.alex995/Desktop/de-sprint/.venv-airflow/lib/python3.11/site-packages/airflow/example_dags/example_subdag_operator.py for tasks to queue
[2025-08-26T18:29:45.932+0100] {logging_mixin.py:188} INFO - [2025-08-26T18:29:45.932+0100] {dagbag.py:545} INFO - Filling up the DagBag from /Users/vlad.alex995/Desktop/de-sprint/.venv-airflow/lib/python3.11/site-packages/airflow/example_dags/example_subdag_operator.py
[2025-08-26T18:29:45.960+0100] {processor.py:840} INFO - DAG(s) 'example_subdag_operator.section-1', 'example_subdag_operator.section-2', 'example_subdag_operator' retrieved from /Users/vlad.alex995/Desktop/de-sprint/.venv-airflow/lib/python3.11/site-packages/airflow/example_dags/example_subdag_operator.py
[2025-08-26T18:29:45.971+0100] {logging_mixin.py:188} INFO - [2025-08-26T18:29:45.971+0100] {dag.py:3089} INFO - Sync 3 DAGs
[2025-08-26T18:29:45.977+0100] {logging_mixin.py:188} INFO - [2025-08-26T18:29:45.977+0100] {dag.py:3947} INFO - Setting next_dagrun for example_subdag_operator to 2022-01-01 00:00:00+00:00, run_after=2022-01-01 00:00:00+00:00
[2025-08-26T18:29:45.978+0100] {logging_mixin.py:188} INFO - [2025-08-26T18:29:45.978+0100] {dag.py:3947} INFO - Setting next_dagrun for example_subdag_operator.section-1 to None, run_after=None
[2025-08-26T18:29:45.978+0100] {logging_mixin.py:188} INFO - [2025-08-26T18:29:45.978+0100] {dag.py:3947} INFO - Setting next_dagrun for example_subdag_operator.section-2 to None, run_after=None
[2025-08-26T18:29:45.980+0100] {logging_mixin.py:188} INFO - [2025-08-26T18:29:45.980+0100] {dag.py:3089} INFO - Sync 2 DAGs
[2025-08-26T18:29:45.981+0100] {logging_mixin.py:188} INFO - [2025-08-26T18:29:45.981+0100] {dag.py:3947} INFO - Setting next_dagrun for example_subdag_operator.section-1 to None, run_after=None
[2025-08-26T18:29:45.981+0100] {logging_mixin.py:188} INFO - [2025-08-26T18:29:45.981+0100] {dag.py:3947} INFO - Setting next_dagrun for example_subdag_operator.section-2 to None, run_after=None
[2025-08-26T18:29:45.984+0100] {processor.py:183} INFO - Processing /Users/vlad.alex995/Desktop/de-sprint/.venv-airflow/lib/python3.11/site-packages/airflow/example_dags/example_subdag_operator.py took 0.055 seconds
