[2025-08-26T17:25:20.620+0100] {processor.py:161} INFO - Started process (PID=35322) to work on /Users/vlad.alex995/Desktop/de-sprint/.venv-airflow/lib/python3.11/site-packages/airflow/example_dags/example_task_group.py
[2025-08-26T17:25:20.620+0100] {processor.py:830} INFO - Processing file /Users/vlad.alex995/Desktop/de-sprint/.venv-airflow/lib/python3.11/site-packages/airflow/example_dags/example_task_group.py for tasks to queue
[2025-08-26T17:25:20.621+0100] {logging_mixin.py:188} INFO - [2025-08-26T17:25:20.621+0100] {dagbag.py:545} INFO - Filling up the DagBag from /Users/vlad.alex995/Desktop/de-sprint/.venv-airflow/lib/python3.11/site-packages/airflow/example_dags/example_task_group.py
[2025-08-26T17:25:20.624+0100] {processor.py:840} INFO - DAG(s) 'example_task_group' retrieved from /Users/vlad.alex995/Desktop/de-sprint/.venv-airflow/lib/python3.11/site-packages/airflow/example_dags/example_task_group.py
[2025-08-26T17:25:20.684+0100] {logging_mixin.py:188} INFO - [2025-08-26T17:25:20.684+0100] {override.py:1858} INFO - Created Permission View: can read on DAG:example_task_group
[2025-08-26T17:25:20.687+0100] {logging_mixin.py:188} INFO - [2025-08-26T17:25:20.687+0100] {override.py:1858} INFO - Created Permission View: can edit on DAG:example_task_group
[2025-08-26T17:25:20.689+0100] {logging_mixin.py:188} INFO - [2025-08-26T17:25:20.689+0100] {override.py:1858} INFO - Created Permission View: can delete on DAG:example_task_group
[2025-08-26T17:25:20.689+0100] {logging_mixin.py:188} INFO - [2025-08-26T17:25:20.689+0100] {dag.py:3089} INFO - Sync 1 DAGs
[2025-08-26T17:25:20.692+0100] {logging_mixin.py:188} INFO - [2025-08-26T17:25:20.692+0100] {dag.py:3111} INFO - Creating ORM DAG for example_task_group
[2025-08-26T17:25:20.695+0100] {logging_mixin.py:188} INFO - [2025-08-26T17:25:20.695+0100] {dag.py:3947} INFO - Setting next_dagrun for example_task_group to 2025-08-25 00:00:00+00:00, run_after=2025-08-26 00:00:00+00:00
[2025-08-26T17:25:20.701+0100] {processor.py:183} INFO - Processing /Users/vlad.alex995/Desktop/de-sprint/.venv-airflow/lib/python3.11/site-packages/airflow/example_dags/example_task_group.py took 0.082 seconds
[2025-08-26T17:26:41.306+0100] {processor.py:161} INFO - Started process (PID=35381) to work on /Users/vlad.alex995/Desktop/de-sprint/.venv-airflow/lib/python3.11/site-packages/airflow/example_dags/example_task_group.py
[2025-08-26T17:26:41.307+0100] {processor.py:830} INFO - Processing file /Users/vlad.alex995/Desktop/de-sprint/.venv-airflow/lib/python3.11/site-packages/airflow/example_dags/example_task_group.py for tasks to queue
[2025-08-26T17:26:41.308+0100] {logging_mixin.py:188} INFO - [2025-08-26T17:26:41.308+0100] {dagbag.py:545} INFO - Filling up the DagBag from /Users/vlad.alex995/Desktop/de-sprint/.venv-airflow/lib/python3.11/site-packages/airflow/example_dags/example_task_group.py
[2025-08-26T17:26:41.311+0100] {processor.py:840} INFO - DAG(s) 'example_task_group' retrieved from /Users/vlad.alex995/Desktop/de-sprint/.venv-airflow/lib/python3.11/site-packages/airflow/example_dags/example_task_group.py
[2025-08-26T17:26:41.341+0100] {logging_mixin.py:188} INFO - [2025-08-26T17:26:41.341+0100] {dag.py:3089} INFO - Sync 1 DAGs
[2025-08-26T17:26:41.346+0100] {logging_mixin.py:188} INFO - [2025-08-26T17:26:41.346+0100] {dag.py:3947} INFO - Setting next_dagrun for example_task_group to 2025-08-25 00:00:00+00:00, run_after=2025-08-26 00:00:00+00:00
[2025-08-26T17:26:41.352+0100] {processor.py:183} INFO - Processing /Users/vlad.alex995/Desktop/de-sprint/.venv-airflow/lib/python3.11/site-packages/airflow/example_dags/example_task_group.py took 0.047 seconds
[2025-08-26T17:28:12.762+0100] {processor.py:161} INFO - Started process (PID=35454) to work on /Users/vlad.alex995/Desktop/de-sprint/.venv-airflow/lib/python3.11/site-packages/airflow/example_dags/example_task_group.py
[2025-08-26T17:28:12.763+0100] {processor.py:830} INFO - Processing file /Users/vlad.alex995/Desktop/de-sprint/.venv-airflow/lib/python3.11/site-packages/airflow/example_dags/example_task_group.py for tasks to queue
[2025-08-26T17:28:12.763+0100] {logging_mixin.py:188} INFO - [2025-08-26T17:28:12.763+0100] {dagbag.py:545} INFO - Filling up the DagBag from /Users/vlad.alex995/Desktop/de-sprint/.venv-airflow/lib/python3.11/site-packages/airflow/example_dags/example_task_group.py
[2025-08-26T17:28:12.766+0100] {processor.py:840} INFO - DAG(s) 'example_task_group' retrieved from /Users/vlad.alex995/Desktop/de-sprint/.venv-airflow/lib/python3.11/site-packages/airflow/example_dags/example_task_group.py
[2025-08-26T17:28:12.801+0100] {logging_mixin.py:188} INFO - [2025-08-26T17:28:12.801+0100] {dag.py:3089} INFO - Sync 1 DAGs
[2025-08-26T17:28:12.806+0100] {logging_mixin.py:188} INFO - [2025-08-26T17:28:12.806+0100] {dag.py:3947} INFO - Setting next_dagrun for example_task_group to 2025-08-25 00:00:00+00:00, run_after=2025-08-26 00:00:00+00:00
[2025-08-26T17:28:12.814+0100] {processor.py:183} INFO - Processing /Users/vlad.alex995/Desktop/de-sprint/.venv-airflow/lib/python3.11/site-packages/airflow/example_dags/example_task_group.py took 0.053 seconds
[2025-08-26T17:29:48.198+0100] {processor.py:161} INFO - Started process (PID=35522) to work on /Users/vlad.alex995/Desktop/de-sprint/.venv-airflow/lib/python3.11/site-packages/airflow/example_dags/example_task_group.py
[2025-08-26T17:29:48.199+0100] {processor.py:830} INFO - Processing file /Users/vlad.alex995/Desktop/de-sprint/.venv-airflow/lib/python3.11/site-packages/airflow/example_dags/example_task_group.py for tasks to queue
[2025-08-26T17:29:48.199+0100] {logging_mixin.py:188} INFO - [2025-08-26T17:29:48.199+0100] {dagbag.py:545} INFO - Filling up the DagBag from /Users/vlad.alex995/Desktop/de-sprint/.venv-airflow/lib/python3.11/site-packages/airflow/example_dags/example_task_group.py
[2025-08-26T17:29:48.202+0100] {processor.py:840} INFO - DAG(s) 'example_task_group' retrieved from /Users/vlad.alex995/Desktop/de-sprint/.venv-airflow/lib/python3.11/site-packages/airflow/example_dags/example_task_group.py
[2025-08-26T17:29:48.233+0100] {logging_mixin.py:188} INFO - [2025-08-26T17:29:48.232+0100] {dag.py:3089} INFO - Sync 1 DAGs
[2025-08-26T17:29:48.237+0100] {logging_mixin.py:188} INFO - [2025-08-26T17:29:48.237+0100] {dag.py:3947} INFO - Setting next_dagrun for example_task_group to 2025-08-25 00:00:00+00:00, run_after=2025-08-26 00:00:00+00:00
[2025-08-26T17:29:48.244+0100] {processor.py:183} INFO - Processing /Users/vlad.alex995/Desktop/de-sprint/.venv-airflow/lib/python3.11/site-packages/airflow/example_dags/example_task_group.py took 0.047 seconds
[2025-08-26T17:31:17.329+0100] {processor.py:161} INFO - Started process (PID=35594) to work on /Users/vlad.alex995/Desktop/de-sprint/.venv-airflow/lib/python3.11/site-packages/airflow/example_dags/example_task_group.py
[2025-08-26T17:31:17.330+0100] {processor.py:830} INFO - Processing file /Users/vlad.alex995/Desktop/de-sprint/.venv-airflow/lib/python3.11/site-packages/airflow/example_dags/example_task_group.py for tasks to queue
[2025-08-26T17:31:17.331+0100] {logging_mixin.py:188} INFO - [2025-08-26T17:31:17.330+0100] {dagbag.py:545} INFO - Filling up the DagBag from /Users/vlad.alex995/Desktop/de-sprint/.venv-airflow/lib/python3.11/site-packages/airflow/example_dags/example_task_group.py
[2025-08-26T17:31:17.334+0100] {processor.py:840} INFO - DAG(s) 'example_task_group' retrieved from /Users/vlad.alex995/Desktop/de-sprint/.venv-airflow/lib/python3.11/site-packages/airflow/example_dags/example_task_group.py
[2025-08-26T17:31:17.363+0100] {logging_mixin.py:188} INFO - [2025-08-26T17:31:17.363+0100] {dag.py:3089} INFO - Sync 1 DAGs
[2025-08-26T17:31:17.368+0100] {logging_mixin.py:188} INFO - [2025-08-26T17:31:17.368+0100] {dag.py:3947} INFO - Setting next_dagrun for example_task_group to 2025-08-25 00:00:00+00:00, run_after=2025-08-26 00:00:00+00:00
[2025-08-26T17:31:17.374+0100] {processor.py:183} INFO - Processing /Users/vlad.alex995/Desktop/de-sprint/.venv-airflow/lib/python3.11/site-packages/airflow/example_dags/example_task_group.py took 0.046 seconds
[2025-08-26T17:32:46.246+0100] {processor.py:161} INFO - Started process (PID=35975) to work on /Users/vlad.alex995/Desktop/de-sprint/.venv-airflow/lib/python3.11/site-packages/airflow/example_dags/example_task_group.py
[2025-08-26T17:32:46.246+0100] {processor.py:830} INFO - Processing file /Users/vlad.alex995/Desktop/de-sprint/.venv-airflow/lib/python3.11/site-packages/airflow/example_dags/example_task_group.py for tasks to queue
[2025-08-26T17:32:46.247+0100] {logging_mixin.py:188} INFO - [2025-08-26T17:32:46.247+0100] {dagbag.py:545} INFO - Filling up the DagBag from /Users/vlad.alex995/Desktop/de-sprint/.venv-airflow/lib/python3.11/site-packages/airflow/example_dags/example_task_group.py
[2025-08-26T17:32:46.250+0100] {processor.py:840} INFO - DAG(s) 'example_task_group' retrieved from /Users/vlad.alex995/Desktop/de-sprint/.venv-airflow/lib/python3.11/site-packages/airflow/example_dags/example_task_group.py
[2025-08-26T17:32:46.284+0100] {logging_mixin.py:188} INFO - [2025-08-26T17:32:46.283+0100] {dag.py:3089} INFO - Sync 1 DAGs
[2025-08-26T17:32:46.289+0100] {logging_mixin.py:188} INFO - [2025-08-26T17:32:46.289+0100] {dag.py:3947} INFO - Setting next_dagrun for example_task_group to 2025-08-25 00:00:00+00:00, run_after=2025-08-26 00:00:00+00:00
[2025-08-26T17:32:46.297+0100] {processor.py:183} INFO - Processing /Users/vlad.alex995/Desktop/de-sprint/.venv-airflow/lib/python3.11/site-packages/airflow/example_dags/example_task_group.py took 0.053 seconds
[2025-08-26T18:11:05.527+0100] {processor.py:161} INFO - Started process (PID=37408) to work on /Users/vlad.alex995/Desktop/de-sprint/.venv-airflow/lib/python3.11/site-packages/airflow/example_dags/example_task_group.py
[2025-08-26T18:11:05.528+0100] {processor.py:830} INFO - Processing file /Users/vlad.alex995/Desktop/de-sprint/.venv-airflow/lib/python3.11/site-packages/airflow/example_dags/example_task_group.py for tasks to queue
[2025-08-26T18:11:05.528+0100] {logging_mixin.py:188} INFO - [2025-08-26T18:11:05.528+0100] {dagbag.py:545} INFO - Filling up the DagBag from /Users/vlad.alex995/Desktop/de-sprint/.venv-airflow/lib/python3.11/site-packages/airflow/example_dags/example_task_group.py
[2025-08-26T18:11:05.531+0100] {processor.py:840} INFO - DAG(s) 'example_task_group' retrieved from /Users/vlad.alex995/Desktop/de-sprint/.venv-airflow/lib/python3.11/site-packages/airflow/example_dags/example_task_group.py
[2025-08-26T18:11:05.565+0100] {logging_mixin.py:188} INFO - [2025-08-26T18:11:05.565+0100] {dag.py:3089} INFO - Sync 1 DAGs
[2025-08-26T18:11:05.571+0100] {logging_mixin.py:188} INFO - [2025-08-26T18:11:05.571+0100] {dag.py:3947} INFO - Setting next_dagrun for example_task_group to 2025-08-25 00:00:00+00:00, run_after=2025-08-26 00:00:00+00:00
[2025-08-26T18:11:05.578+0100] {processor.py:183} INFO - Processing /Users/vlad.alex995/Desktop/de-sprint/.venv-airflow/lib/python3.11/site-packages/airflow/example_dags/example_task_group.py took 0.052 seconds
[2025-08-26T18:12:24.365+0100] {processor.py:161} INFO - Started process (PID=37469) to work on /Users/vlad.alex995/Desktop/de-sprint/.venv-airflow/lib/python3.11/site-packages/airflow/example_dags/example_task_group.py
[2025-08-26T18:12:24.366+0100] {processor.py:830} INFO - Processing file /Users/vlad.alex995/Desktop/de-sprint/.venv-airflow/lib/python3.11/site-packages/airflow/example_dags/example_task_group.py for tasks to queue
[2025-08-26T18:12:24.367+0100] {logging_mixin.py:188} INFO - [2025-08-26T18:12:24.366+0100] {dagbag.py:545} INFO - Filling up the DagBag from /Users/vlad.alex995/Desktop/de-sprint/.venv-airflow/lib/python3.11/site-packages/airflow/example_dags/example_task_group.py
[2025-08-26T18:12:24.369+0100] {processor.py:840} INFO - DAG(s) 'example_task_group' retrieved from /Users/vlad.alex995/Desktop/de-sprint/.venv-airflow/lib/python3.11/site-packages/airflow/example_dags/example_task_group.py
[2025-08-26T18:12:24.398+0100] {logging_mixin.py:188} INFO - [2025-08-26T18:12:24.398+0100] {dag.py:3089} INFO - Sync 1 DAGs
[2025-08-26T18:12:24.403+0100] {logging_mixin.py:188} INFO - [2025-08-26T18:12:24.403+0100] {dag.py:3947} INFO - Setting next_dagrun for example_task_group to 2025-08-25 00:00:00+00:00, run_after=2025-08-26 00:00:00+00:00
[2025-08-26T18:12:24.408+0100] {processor.py:183} INFO - Processing /Users/vlad.alex995/Desktop/de-sprint/.venv-airflow/lib/python3.11/site-packages/airflow/example_dags/example_task_group.py took 0.044 seconds
[2025-08-26T18:13:49.213+0100] {processor.py:161} INFO - Started process (PID=37542) to work on /Users/vlad.alex995/Desktop/de-sprint/.venv-airflow/lib/python3.11/site-packages/airflow/example_dags/example_task_group.py
[2025-08-26T18:13:49.213+0100] {processor.py:830} INFO - Processing file /Users/vlad.alex995/Desktop/de-sprint/.venv-airflow/lib/python3.11/site-packages/airflow/example_dags/example_task_group.py for tasks to queue
[2025-08-26T18:13:49.214+0100] {logging_mixin.py:188} INFO - [2025-08-26T18:13:49.214+0100] {dagbag.py:545} INFO - Filling up the DagBag from /Users/vlad.alex995/Desktop/de-sprint/.venv-airflow/lib/python3.11/site-packages/airflow/example_dags/example_task_group.py
[2025-08-26T18:13:49.217+0100] {processor.py:840} INFO - DAG(s) 'example_task_group' retrieved from /Users/vlad.alex995/Desktop/de-sprint/.venv-airflow/lib/python3.11/site-packages/airflow/example_dags/example_task_group.py
[2025-08-26T18:13:49.246+0100] {logging_mixin.py:188} INFO - [2025-08-26T18:13:49.246+0100] {dag.py:3089} INFO - Sync 1 DAGs
[2025-08-26T18:13:49.252+0100] {logging_mixin.py:188} INFO - [2025-08-26T18:13:49.251+0100] {dag.py:3947} INFO - Setting next_dagrun for example_task_group to 2025-08-25 00:00:00+00:00, run_after=2025-08-26 00:00:00+00:00
[2025-08-26T18:13:49.257+0100] {processor.py:183} INFO - Processing /Users/vlad.alex995/Desktop/de-sprint/.venv-airflow/lib/python3.11/site-packages/airflow/example_dags/example_task_group.py took 0.045 seconds
[2025-08-26T18:15:20.016+0100] {processor.py:161} INFO - Started process (PID=38000) to work on /Users/vlad.alex995/Desktop/de-sprint/.venv-airflow/lib/python3.11/site-packages/airflow/example_dags/example_task_group.py
[2025-08-26T18:15:20.017+0100] {processor.py:830} INFO - Processing file /Users/vlad.alex995/Desktop/de-sprint/.venv-airflow/lib/python3.11/site-packages/airflow/example_dags/example_task_group.py for tasks to queue
[2025-08-26T18:15:20.017+0100] {logging_mixin.py:188} INFO - [2025-08-26T18:15:20.017+0100] {dagbag.py:545} INFO - Filling up the DagBag from /Users/vlad.alex995/Desktop/de-sprint/.venv-airflow/lib/python3.11/site-packages/airflow/example_dags/example_task_group.py
[2025-08-26T18:15:20.020+0100] {processor.py:840} INFO - DAG(s) 'example_task_group' retrieved from /Users/vlad.alex995/Desktop/de-sprint/.venv-airflow/lib/python3.11/site-packages/airflow/example_dags/example_task_group.py
[2025-08-26T18:15:20.050+0100] {logging_mixin.py:188} INFO - [2025-08-26T18:15:20.050+0100] {dag.py:3089} INFO - Sync 1 DAGs
[2025-08-26T18:15:20.055+0100] {logging_mixin.py:188} INFO - [2025-08-26T18:15:20.055+0100] {dag.py:3947} INFO - Setting next_dagrun for example_task_group to 2025-08-25 00:00:00+00:00, run_after=2025-08-26 00:00:00+00:00
[2025-08-26T18:15:20.061+0100] {processor.py:183} INFO - Processing /Users/vlad.alex995/Desktop/de-sprint/.venv-airflow/lib/python3.11/site-packages/airflow/example_dags/example_task_group.py took 0.046 seconds
[2025-08-26T18:16:51.509+0100] {processor.py:161} INFO - Started process (PID=38077) to work on /Users/vlad.alex995/Desktop/de-sprint/.venv-airflow/lib/python3.11/site-packages/airflow/example_dags/example_task_group.py
[2025-08-26T18:16:51.509+0100] {processor.py:830} INFO - Processing file /Users/vlad.alex995/Desktop/de-sprint/.venv-airflow/lib/python3.11/site-packages/airflow/example_dags/example_task_group.py for tasks to queue
[2025-08-26T18:16:51.509+0100] {logging_mixin.py:188} INFO - [2025-08-26T18:16:51.509+0100] {dagbag.py:545} INFO - Filling up the DagBag from /Users/vlad.alex995/Desktop/de-sprint/.venv-airflow/lib/python3.11/site-packages/airflow/example_dags/example_task_group.py
[2025-08-26T18:16:51.512+0100] {processor.py:840} INFO - DAG(s) 'example_task_group' retrieved from /Users/vlad.alex995/Desktop/de-sprint/.venv-airflow/lib/python3.11/site-packages/airflow/example_dags/example_task_group.py
[2025-08-26T18:16:51.543+0100] {logging_mixin.py:188} INFO - [2025-08-26T18:16:51.543+0100] {dag.py:3089} INFO - Sync 1 DAGs
[2025-08-26T18:16:51.549+0100] {logging_mixin.py:188} INFO - [2025-08-26T18:16:51.548+0100] {dag.py:3947} INFO - Setting next_dagrun for example_task_group to 2025-08-25 00:00:00+00:00, run_after=2025-08-26 00:00:00+00:00
[2025-08-26T18:16:51.554+0100] {processor.py:183} INFO - Processing /Users/vlad.alex995/Desktop/de-sprint/.venv-airflow/lib/python3.11/site-packages/airflow/example_dags/example_task_group.py took 0.047 seconds
[2025-08-26T18:18:32.587+0100] {processor.py:161} INFO - Started process (PID=38441) to work on /Users/vlad.alex995/Desktop/de-sprint/.venv-airflow/lib/python3.11/site-packages/airflow/example_dags/example_task_group.py
[2025-08-26T18:18:32.589+0100] {processor.py:830} INFO - Processing file /Users/vlad.alex995/Desktop/de-sprint/.venv-airflow/lib/python3.11/site-packages/airflow/example_dags/example_task_group.py for tasks to queue
[2025-08-26T18:18:32.589+0100] {logging_mixin.py:188} INFO - [2025-08-26T18:18:32.589+0100] {dagbag.py:545} INFO - Filling up the DagBag from /Users/vlad.alex995/Desktop/de-sprint/.venv-airflow/lib/python3.11/site-packages/airflow/example_dags/example_task_group.py
[2025-08-26T18:18:32.592+0100] {processor.py:840} INFO - DAG(s) 'example_task_group' retrieved from /Users/vlad.alex995/Desktop/de-sprint/.venv-airflow/lib/python3.11/site-packages/airflow/example_dags/example_task_group.py
[2025-08-26T18:18:32.625+0100] {logging_mixin.py:188} INFO - [2025-08-26T18:18:32.625+0100] {dag.py:3089} INFO - Sync 1 DAGs
[2025-08-26T18:18:32.631+0100] {logging_mixin.py:188} INFO - [2025-08-26T18:18:32.631+0100] {dag.py:3947} INFO - Setting next_dagrun for example_task_group to 2025-08-25 00:00:00+00:00, run_after=2025-08-26 00:00:00+00:00
[2025-08-26T18:18:32.637+0100] {processor.py:183} INFO - Processing /Users/vlad.alex995/Desktop/de-sprint/.venv-airflow/lib/python3.11/site-packages/airflow/example_dags/example_task_group.py took 0.051 seconds
[2025-08-26T18:19:33.873+0100] {processor.py:161} INFO - Started process (PID=38865) to work on /Users/vlad.alex995/Desktop/de-sprint/.venv-airflow/lib/python3.11/site-packages/airflow/example_dags/example_task_group.py
[2025-08-26T18:19:33.874+0100] {processor.py:830} INFO - Processing file /Users/vlad.alex995/Desktop/de-sprint/.venv-airflow/lib/python3.11/site-packages/airflow/example_dags/example_task_group.py for tasks to queue
[2025-08-26T18:19:33.875+0100] {logging_mixin.py:188} INFO - [2025-08-26T18:19:33.874+0100] {dagbag.py:545} INFO - Filling up the DagBag from /Users/vlad.alex995/Desktop/de-sprint/.venv-airflow/lib/python3.11/site-packages/airflow/example_dags/example_task_group.py
[2025-08-26T18:19:33.877+0100] {processor.py:840} INFO - DAG(s) 'example_task_group' retrieved from /Users/vlad.alex995/Desktop/de-sprint/.venv-airflow/lib/python3.11/site-packages/airflow/example_dags/example_task_group.py
[2025-08-26T18:19:33.907+0100] {logging_mixin.py:188} INFO - [2025-08-26T18:19:33.907+0100] {dag.py:3089} INFO - Sync 1 DAGs
[2025-08-26T18:19:33.912+0100] {logging_mixin.py:188} INFO - [2025-08-26T18:19:33.912+0100] {dag.py:3947} INFO - Setting next_dagrun for example_task_group to 2025-08-25 00:00:00+00:00, run_after=2025-08-26 00:00:00+00:00
[2025-08-26T18:19:33.918+0100] {processor.py:183} INFO - Processing /Users/vlad.alex995/Desktop/de-sprint/.venv-airflow/lib/python3.11/site-packages/airflow/example_dags/example_task_group.py took 0.045 seconds
[2025-08-26T18:20:49.483+0100] {processor.py:161} INFO - Started process (PID=38947) to work on /Users/vlad.alex995/Desktop/de-sprint/.venv-airflow/lib/python3.11/site-packages/airflow/example_dags/example_task_group.py
[2025-08-26T18:20:49.484+0100] {processor.py:830} INFO - Processing file /Users/vlad.alex995/Desktop/de-sprint/.venv-airflow/lib/python3.11/site-packages/airflow/example_dags/example_task_group.py for tasks to queue
[2025-08-26T18:20:49.484+0100] {logging_mixin.py:188} INFO - [2025-08-26T18:20:49.484+0100] {dagbag.py:545} INFO - Filling up the DagBag from /Users/vlad.alex995/Desktop/de-sprint/.venv-airflow/lib/python3.11/site-packages/airflow/example_dags/example_task_group.py
[2025-08-26T18:20:49.487+0100] {processor.py:840} INFO - DAG(s) 'example_task_group' retrieved from /Users/vlad.alex995/Desktop/de-sprint/.venv-airflow/lib/python3.11/site-packages/airflow/example_dags/example_task_group.py
[2025-08-26T18:20:49.517+0100] {logging_mixin.py:188} INFO - [2025-08-26T18:20:49.517+0100] {dag.py:3089} INFO - Sync 1 DAGs
[2025-08-26T18:20:49.522+0100] {logging_mixin.py:188} INFO - [2025-08-26T18:20:49.522+0100] {dag.py:3947} INFO - Setting next_dagrun for example_task_group to 2025-08-25 00:00:00+00:00, run_after=2025-08-26 00:00:00+00:00
[2025-08-26T18:20:49.528+0100] {processor.py:183} INFO - Processing /Users/vlad.alex995/Desktop/de-sprint/.venv-airflow/lib/python3.11/site-packages/airflow/example_dags/example_task_group.py took 0.046 seconds
[2025-08-26T18:22:22.045+0100] {processor.py:161} INFO - Started process (PID=39021) to work on /Users/vlad.alex995/Desktop/de-sprint/.venv-airflow/lib/python3.11/site-packages/airflow/example_dags/example_task_group.py
[2025-08-26T18:22:22.045+0100] {processor.py:830} INFO - Processing file /Users/vlad.alex995/Desktop/de-sprint/.venv-airflow/lib/python3.11/site-packages/airflow/example_dags/example_task_group.py for tasks to queue
[2025-08-26T18:22:22.046+0100] {logging_mixin.py:188} INFO - [2025-08-26T18:22:22.046+0100] {dagbag.py:545} INFO - Filling up the DagBag from /Users/vlad.alex995/Desktop/de-sprint/.venv-airflow/lib/python3.11/site-packages/airflow/example_dags/example_task_group.py
[2025-08-26T18:22:22.048+0100] {processor.py:840} INFO - DAG(s) 'example_task_group' retrieved from /Users/vlad.alex995/Desktop/de-sprint/.venv-airflow/lib/python3.11/site-packages/airflow/example_dags/example_task_group.py
[2025-08-26T18:22:22.077+0100] {logging_mixin.py:188} INFO - [2025-08-26T18:22:22.077+0100] {dag.py:3089} INFO - Sync 1 DAGs
[2025-08-26T18:22:22.082+0100] {logging_mixin.py:188} INFO - [2025-08-26T18:22:22.082+0100] {dag.py:3947} INFO - Setting next_dagrun for example_task_group to 2025-08-25 00:00:00+00:00, run_after=2025-08-26 00:00:00+00:00
[2025-08-26T18:22:22.088+0100] {processor.py:183} INFO - Processing /Users/vlad.alex995/Desktop/de-sprint/.venv-airflow/lib/python3.11/site-packages/airflow/example_dags/example_task_group.py took 0.044 seconds
[2025-08-26T18:23:47.113+0100] {processor.py:161} INFO - Started process (PID=39086) to work on /Users/vlad.alex995/Desktop/de-sprint/.venv-airflow/lib/python3.11/site-packages/airflow/example_dags/example_task_group.py
[2025-08-26T18:23:47.114+0100] {processor.py:830} INFO - Processing file /Users/vlad.alex995/Desktop/de-sprint/.venv-airflow/lib/python3.11/site-packages/airflow/example_dags/example_task_group.py for tasks to queue
[2025-08-26T18:23:47.115+0100] {logging_mixin.py:188} INFO - [2025-08-26T18:23:47.115+0100] {dagbag.py:545} INFO - Filling up the DagBag from /Users/vlad.alex995/Desktop/de-sprint/.venv-airflow/lib/python3.11/site-packages/airflow/example_dags/example_task_group.py
[2025-08-26T18:23:47.118+0100] {processor.py:840} INFO - DAG(s) 'example_task_group' retrieved from /Users/vlad.alex995/Desktop/de-sprint/.venv-airflow/lib/python3.11/site-packages/airflow/example_dags/example_task_group.py
[2025-08-26T18:23:47.147+0100] {logging_mixin.py:188} INFO - [2025-08-26T18:23:47.147+0100] {dag.py:3089} INFO - Sync 1 DAGs
[2025-08-26T18:23:47.152+0100] {logging_mixin.py:188} INFO - [2025-08-26T18:23:47.152+0100] {dag.py:3947} INFO - Setting next_dagrun for example_task_group to 2025-08-25 00:00:00+00:00, run_after=2025-08-26 00:00:00+00:00
[2025-08-26T18:23:47.157+0100] {processor.py:183} INFO - Processing /Users/vlad.alex995/Desktop/de-sprint/.venv-airflow/lib/python3.11/site-packages/airflow/example_dags/example_task_group.py took 0.045 seconds
[2025-08-26T18:25:18.355+0100] {processor.py:161} INFO - Started process (PID=39172) to work on /Users/vlad.alex995/Desktop/de-sprint/.venv-airflow/lib/python3.11/site-packages/airflow/example_dags/example_task_group.py
[2025-08-26T18:25:18.356+0100] {processor.py:830} INFO - Processing file /Users/vlad.alex995/Desktop/de-sprint/.venv-airflow/lib/python3.11/site-packages/airflow/example_dags/example_task_group.py for tasks to queue
[2025-08-26T18:25:18.356+0100] {logging_mixin.py:188} INFO - [2025-08-26T18:25:18.356+0100] {dagbag.py:545} INFO - Filling up the DagBag from /Users/vlad.alex995/Desktop/de-sprint/.venv-airflow/lib/python3.11/site-packages/airflow/example_dags/example_task_group.py
[2025-08-26T18:25:18.359+0100] {processor.py:840} INFO - DAG(s) 'example_task_group' retrieved from /Users/vlad.alex995/Desktop/de-sprint/.venv-airflow/lib/python3.11/site-packages/airflow/example_dags/example_task_group.py
[2025-08-26T18:25:18.389+0100] {logging_mixin.py:188} INFO - [2025-08-26T18:25:18.389+0100] {dag.py:3089} INFO - Sync 1 DAGs
[2025-08-26T18:25:18.395+0100] {logging_mixin.py:188} INFO - [2025-08-26T18:25:18.395+0100] {dag.py:3947} INFO - Setting next_dagrun for example_task_group to 2025-08-25 00:00:00+00:00, run_after=2025-08-26 00:00:00+00:00
[2025-08-26T18:25:18.401+0100] {processor.py:183} INFO - Processing /Users/vlad.alex995/Desktop/de-sprint/.venv-airflow/lib/python3.11/site-packages/airflow/example_dags/example_task_group.py took 0.047 seconds
[2025-08-26T18:27:24.611+0100] {processor.py:161} INFO - Started process (PID=39670) to work on /Users/vlad.alex995/Desktop/de-sprint/.venv-airflow/lib/python3.11/site-packages/airflow/example_dags/example_task_group.py
[2025-08-26T18:27:24.612+0100] {processor.py:830} INFO - Processing file /Users/vlad.alex995/Desktop/de-sprint/.venv-airflow/lib/python3.11/site-packages/airflow/example_dags/example_task_group.py for tasks to queue
[2025-08-26T18:27:24.612+0100] {logging_mixin.py:188} INFO - [2025-08-26T18:27:24.612+0100] {dagbag.py:545} INFO - Filling up the DagBag from /Users/vlad.alex995/Desktop/de-sprint/.venv-airflow/lib/python3.11/site-packages/airflow/example_dags/example_task_group.py
[2025-08-26T18:27:24.615+0100] {processor.py:840} INFO - DAG(s) 'example_task_group' retrieved from /Users/vlad.alex995/Desktop/de-sprint/.venv-airflow/lib/python3.11/site-packages/airflow/example_dags/example_task_group.py
[2025-08-26T18:27:24.646+0100] {logging_mixin.py:188} INFO - [2025-08-26T18:27:24.646+0100] {dag.py:3089} INFO - Sync 1 DAGs
[2025-08-26T18:27:24.652+0100] {logging_mixin.py:188} INFO - [2025-08-26T18:27:24.652+0100] {dag.py:3947} INFO - Setting next_dagrun for example_task_group to 2025-08-25 00:00:00+00:00, run_after=2025-08-26 00:00:00+00:00
[2025-08-26T18:27:24.657+0100] {processor.py:183} INFO - Processing /Users/vlad.alex995/Desktop/de-sprint/.venv-airflow/lib/python3.11/site-packages/airflow/example_dags/example_task_group.py took 0.048 seconds
[2025-08-26T18:29:44.262+0100] {processor.py:161} INFO - Started process (PID=40096) to work on /Users/vlad.alex995/Desktop/de-sprint/.venv-airflow/lib/python3.11/site-packages/airflow/example_dags/example_task_group.py
[2025-08-26T18:29:44.263+0100] {processor.py:830} INFO - Processing file /Users/vlad.alex995/Desktop/de-sprint/.venv-airflow/lib/python3.11/site-packages/airflow/example_dags/example_task_group.py for tasks to queue
[2025-08-26T18:29:44.263+0100] {logging_mixin.py:188} INFO - [2025-08-26T18:29:44.263+0100] {dagbag.py:545} INFO - Filling up the DagBag from /Users/vlad.alex995/Desktop/de-sprint/.venv-airflow/lib/python3.11/site-packages/airflow/example_dags/example_task_group.py
[2025-08-26T18:29:44.266+0100] {processor.py:840} INFO - DAG(s) 'example_task_group' retrieved from /Users/vlad.alex995/Desktop/de-sprint/.venv-airflow/lib/python3.11/site-packages/airflow/example_dags/example_task_group.py
[2025-08-26T18:29:44.298+0100] {logging_mixin.py:188} INFO - [2025-08-26T18:29:44.298+0100] {dag.py:3089} INFO - Sync 1 DAGs
[2025-08-26T18:29:44.303+0100] {logging_mixin.py:188} INFO - [2025-08-26T18:29:44.303+0100] {dag.py:3947} INFO - Setting next_dagrun for example_task_group to 2025-08-25 00:00:00+00:00, run_after=2025-08-26 00:00:00+00:00
[2025-08-26T18:29:44.309+0100] {processor.py:183} INFO - Processing /Users/vlad.alex995/Desktop/de-sprint/.venv-airflow/lib/python3.11/site-packages/airflow/example_dags/example_task_group.py took 0.049 seconds
