[2025-08-26T17:25:29.218+0100] {processor.py:161} INFO - Started process (PID=35327) to work on /Users/vlad.alex995/Desktop/de-sprint/.venv-airflow/lib/python3.11/site-packages/airflow/example_dags/example_short_circuit_decorator.py
[2025-08-26T17:25:29.219+0100] {processor.py:830} INFO - Processing file /Users/vlad.alex995/Desktop/de-sprint/.venv-airflow/lib/python3.11/site-packages/airflow/example_dags/example_short_circuit_decorator.py for tasks to queue
[2025-08-26T17:25:29.219+0100] {logging_mixin.py:188} INFO - [2025-08-26T17:25:29.219+0100] {dagbag.py:545} INFO - Filling up the DagBag from /Users/vlad.alex995/Desktop/de-sprint/.venv-airflow/lib/python3.11/site-packages/airflow/example_dags/example_short_circuit_decorator.py
[2025-08-26T17:25:29.233+0100] {processor.py:840} INFO - DAG(s) 'example_short_circuit_decorator' retrieved from /Users/vlad.alex995/Desktop/de-sprint/.venv-airflow/lib/python3.11/site-packages/airflow/example_dags/example_short_circuit_decorator.py
[2025-08-26T17:25:29.289+0100] {logging_mixin.py:188} INFO - [2025-08-26T17:25:29.289+0100] {override.py:1858} INFO - Created Permission View: can edit on DAG:example_short_circuit_decorator
[2025-08-26T17:25:29.291+0100] {logging_mixin.py:188} INFO - [2025-08-26T17:25:29.291+0100] {override.py:1858} INFO - Created Permission View: can read on DAG:example_short_circuit_decorator
[2025-08-26T17:25:29.293+0100] {logging_mixin.py:188} INFO - [2025-08-26T17:25:29.293+0100] {override.py:1858} INFO - Created Permission View: can delete on DAG:example_short_circuit_decorator
[2025-08-26T17:25:29.293+0100] {logging_mixin.py:188} INFO - [2025-08-26T17:25:29.293+0100] {dag.py:3089} INFO - Sync 1 DAGs
[2025-08-26T17:25:29.318+0100] {logging_mixin.py:188} INFO - [2025-08-26T17:25:29.318+0100] {dag.py:3111} INFO - Creating ORM DAG for example_short_circuit_decorator
[2025-08-26T17:25:29.321+0100] {logging_mixin.py:188} INFO - [2025-08-26T17:25:29.321+0100] {dag.py:3947} INFO - Setting next_dagrun for example_short_circuit_decorator to 2025-08-25 00:00:00+00:00, run_after=2025-08-26 00:00:00+00:00
[2025-08-26T17:25:29.327+0100] {processor.py:183} INFO - Processing /Users/vlad.alex995/Desktop/de-sprint/.venv-airflow/lib/python3.11/site-packages/airflow/example_dags/example_short_circuit_decorator.py took 0.110 seconds
[2025-08-26T17:26:47.975+0100] {processor.py:161} INFO - Started process (PID=35386) to work on /Users/vlad.alex995/Desktop/de-sprint/.venv-airflow/lib/python3.11/site-packages/airflow/example_dags/example_short_circuit_decorator.py
[2025-08-26T17:26:47.975+0100] {processor.py:830} INFO - Processing file /Users/vlad.alex995/Desktop/de-sprint/.venv-airflow/lib/python3.11/site-packages/airflow/example_dags/example_short_circuit_decorator.py for tasks to queue
[2025-08-26T17:26:47.975+0100] {logging_mixin.py:188} INFO - [2025-08-26T17:26:47.975+0100] {dagbag.py:545} INFO - Filling up the DagBag from /Users/vlad.alex995/Desktop/de-sprint/.venv-airflow/lib/python3.11/site-packages/airflow/example_dags/example_short_circuit_decorator.py
[2025-08-26T17:26:47.989+0100] {processor.py:840} INFO - DAG(s) 'example_short_circuit_decorator' retrieved from /Users/vlad.alex995/Desktop/de-sprint/.venv-airflow/lib/python3.11/site-packages/airflow/example_dags/example_short_circuit_decorator.py
[2025-08-26T17:26:48.019+0100] {logging_mixin.py:188} INFO - [2025-08-26T17:26:48.018+0100] {dag.py:3089} INFO - Sync 1 DAGs
[2025-08-26T17:26:48.024+0100] {logging_mixin.py:188} INFO - [2025-08-26T17:26:48.024+0100] {dag.py:3947} INFO - Setting next_dagrun for example_short_circuit_decorator to 2025-08-25 00:00:00+00:00, run_after=2025-08-26 00:00:00+00:00
[2025-08-26T17:26:48.030+0100] {processor.py:183} INFO - Processing /Users/vlad.alex995/Desktop/de-sprint/.venv-airflow/lib/python3.11/site-packages/airflow/example_dags/example_short_circuit_decorator.py took 0.057 seconds
[2025-08-26T17:28:20.137+0100] {processor.py:161} INFO - Started process (PID=35459) to work on /Users/vlad.alex995/Desktop/de-sprint/.venv-airflow/lib/python3.11/site-packages/airflow/example_dags/example_short_circuit_decorator.py
[2025-08-26T17:28:20.138+0100] {processor.py:830} INFO - Processing file /Users/vlad.alex995/Desktop/de-sprint/.venv-airflow/lib/python3.11/site-packages/airflow/example_dags/example_short_circuit_decorator.py for tasks to queue
[2025-08-26T17:28:20.139+0100] {logging_mixin.py:188} INFO - [2025-08-26T17:28:20.139+0100] {dagbag.py:545} INFO - Filling up the DagBag from /Users/vlad.alex995/Desktop/de-sprint/.venv-airflow/lib/python3.11/site-packages/airflow/example_dags/example_short_circuit_decorator.py
[2025-08-26T17:28:20.152+0100] {processor.py:840} INFO - DAG(s) 'example_short_circuit_decorator' retrieved from /Users/vlad.alex995/Desktop/de-sprint/.venv-airflow/lib/python3.11/site-packages/airflow/example_dags/example_short_circuit_decorator.py
[2025-08-26T17:28:20.182+0100] {logging_mixin.py:188} INFO - [2025-08-26T17:28:20.181+0100] {dag.py:3089} INFO - Sync 1 DAGs
[2025-08-26T17:28:20.186+0100] {logging_mixin.py:188} INFO - [2025-08-26T17:28:20.186+0100] {dag.py:3947} INFO - Setting next_dagrun for example_short_circuit_decorator to 2025-08-25 00:00:00+00:00, run_after=2025-08-26 00:00:00+00:00
[2025-08-26T17:28:20.192+0100] {processor.py:183} INFO - Processing /Users/vlad.alex995/Desktop/de-sprint/.venv-airflow/lib/python3.11/site-packages/airflow/example_dags/example_short_circuit_decorator.py took 0.056 seconds
[2025-08-26T17:29:54.798+0100] {processor.py:161} INFO - Started process (PID=35530) to work on /Users/vlad.alex995/Desktop/de-sprint/.venv-airflow/lib/python3.11/site-packages/airflow/example_dags/example_short_circuit_decorator.py
[2025-08-26T17:29:54.798+0100] {processor.py:830} INFO - Processing file /Users/vlad.alex995/Desktop/de-sprint/.venv-airflow/lib/python3.11/site-packages/airflow/example_dags/example_short_circuit_decorator.py for tasks to queue
[2025-08-26T17:29:54.799+0100] {logging_mixin.py:188} INFO - [2025-08-26T17:29:54.798+0100] {dagbag.py:545} INFO - Filling up the DagBag from /Users/vlad.alex995/Desktop/de-sprint/.venv-airflow/lib/python3.11/site-packages/airflow/example_dags/example_short_circuit_decorator.py
[2025-08-26T17:29:54.813+0100] {processor.py:840} INFO - DAG(s) 'example_short_circuit_decorator' retrieved from /Users/vlad.alex995/Desktop/de-sprint/.venv-airflow/lib/python3.11/site-packages/airflow/example_dags/example_short_circuit_decorator.py
[2025-08-26T17:29:54.843+0100] {logging_mixin.py:188} INFO - [2025-08-26T17:29:54.843+0100] {dag.py:3089} INFO - Sync 1 DAGs
[2025-08-26T17:29:54.848+0100] {logging_mixin.py:188} INFO - [2025-08-26T17:29:54.848+0100] {dag.py:3947} INFO - Setting next_dagrun for example_short_circuit_decorator to 2025-08-25 00:00:00+00:00, run_after=2025-08-26 00:00:00+00:00
[2025-08-26T17:29:54.854+0100] {processor.py:183} INFO - Processing /Users/vlad.alex995/Desktop/de-sprint/.venv-airflow/lib/python3.11/site-packages/airflow/example_dags/example_short_circuit_decorator.py took 0.057 seconds
[2025-08-26T17:31:23.795+0100] {processor.py:161} INFO - Started process (PID=35600) to work on /Users/vlad.alex995/Desktop/de-sprint/.venv-airflow/lib/python3.11/site-packages/airflow/example_dags/example_short_circuit_decorator.py
[2025-08-26T17:31:23.797+0100] {processor.py:830} INFO - Processing file /Users/vlad.alex995/Desktop/de-sprint/.venv-airflow/lib/python3.11/site-packages/airflow/example_dags/example_short_circuit_decorator.py for tasks to queue
[2025-08-26T17:31:23.797+0100] {logging_mixin.py:188} INFO - [2025-08-26T17:31:23.797+0100] {dagbag.py:545} INFO - Filling up the DagBag from /Users/vlad.alex995/Desktop/de-sprint/.venv-airflow/lib/python3.11/site-packages/airflow/example_dags/example_short_circuit_decorator.py
[2025-08-26T17:31:23.812+0100] {processor.py:840} INFO - DAG(s) 'example_short_circuit_decorator' retrieved from /Users/vlad.alex995/Desktop/de-sprint/.venv-airflow/lib/python3.11/site-packages/airflow/example_dags/example_short_circuit_decorator.py
[2025-08-26T17:31:23.844+0100] {logging_mixin.py:188} INFO - [2025-08-26T17:31:23.844+0100] {dag.py:3089} INFO - Sync 1 DAGs
[2025-08-26T17:31:23.850+0100] {logging_mixin.py:188} INFO - [2025-08-26T17:31:23.850+0100] {dag.py:3947} INFO - Setting next_dagrun for example_short_circuit_decorator to 2025-08-25 00:00:00+00:00, run_after=2025-08-26 00:00:00+00:00
[2025-08-26T17:31:23.857+0100] {processor.py:183} INFO - Processing /Users/vlad.alex995/Desktop/de-sprint/.venv-airflow/lib/python3.11/site-packages/airflow/example_dags/example_short_circuit_decorator.py took 0.062 seconds
[2025-08-26T17:32:54.872+0100] {processor.py:161} INFO - Started process (PID=35991) to work on /Users/vlad.alex995/Desktop/de-sprint/.venv-airflow/lib/python3.11/site-packages/airflow/example_dags/example_short_circuit_decorator.py
[2025-08-26T17:32:54.873+0100] {processor.py:830} INFO - Processing file /Users/vlad.alex995/Desktop/de-sprint/.venv-airflow/lib/python3.11/site-packages/airflow/example_dags/example_short_circuit_decorator.py for tasks to queue
[2025-08-26T17:32:54.874+0100] {logging_mixin.py:188} INFO - [2025-08-26T17:32:54.873+0100] {dagbag.py:545} INFO - Filling up the DagBag from /Users/vlad.alex995/Desktop/de-sprint/.venv-airflow/lib/python3.11/site-packages/airflow/example_dags/example_short_circuit_decorator.py
[2025-08-26T17:32:54.887+0100] {processor.py:840} INFO - DAG(s) 'example_short_circuit_decorator' retrieved from /Users/vlad.alex995/Desktop/de-sprint/.venv-airflow/lib/python3.11/site-packages/airflow/example_dags/example_short_circuit_decorator.py
[2025-08-26T17:32:54.920+0100] {logging_mixin.py:188} INFO - [2025-08-26T17:32:54.920+0100] {dag.py:3089} INFO - Sync 1 DAGs
[2025-08-26T17:32:54.926+0100] {logging_mixin.py:188} INFO - [2025-08-26T17:32:54.926+0100] {dag.py:3947} INFO - Setting next_dagrun for example_short_circuit_decorator to 2025-08-25 00:00:00+00:00, run_after=2025-08-26 00:00:00+00:00
[2025-08-26T17:32:54.932+0100] {processor.py:183} INFO - Processing /Users/vlad.alex995/Desktop/de-sprint/.venv-airflow/lib/python3.11/site-packages/airflow/example_dags/example_short_circuit_decorator.py took 0.061 seconds
[2025-08-26T18:11:12.723+0100] {processor.py:161} INFO - Started process (PID=37417) to work on /Users/vlad.alex995/Desktop/de-sprint/.venv-airflow/lib/python3.11/site-packages/airflow/example_dags/example_short_circuit_decorator.py
[2025-08-26T18:11:12.724+0100] {processor.py:830} INFO - Processing file /Users/vlad.alex995/Desktop/de-sprint/.venv-airflow/lib/python3.11/site-packages/airflow/example_dags/example_short_circuit_decorator.py for tasks to queue
[2025-08-26T18:11:12.725+0100] {logging_mixin.py:188} INFO - [2025-08-26T18:11:12.725+0100] {dagbag.py:545} INFO - Filling up the DagBag from /Users/vlad.alex995/Desktop/de-sprint/.venv-airflow/lib/python3.11/site-packages/airflow/example_dags/example_short_circuit_decorator.py
[2025-08-26T18:11:12.738+0100] {processor.py:840} INFO - DAG(s) 'example_short_circuit_decorator' retrieved from /Users/vlad.alex995/Desktop/de-sprint/.venv-airflow/lib/python3.11/site-packages/airflow/example_dags/example_short_circuit_decorator.py
[2025-08-26T18:11:12.770+0100] {logging_mixin.py:188} INFO - [2025-08-26T18:11:12.770+0100] {dag.py:3089} INFO - Sync 1 DAGs
[2025-08-26T18:11:12.775+0100] {logging_mixin.py:188} INFO - [2025-08-26T18:11:12.775+0100] {dag.py:3947} INFO - Setting next_dagrun for example_short_circuit_decorator to 2025-08-25 00:00:00+00:00, run_after=2025-08-26 00:00:00+00:00
[2025-08-26T18:11:12.782+0100] {processor.py:183} INFO - Processing /Users/vlad.alex995/Desktop/de-sprint/.venv-airflow/lib/python3.11/site-packages/airflow/example_dags/example_short_circuit_decorator.py took 0.059 seconds
[2025-08-26T18:12:30.996+0100] {processor.py:161} INFO - Started process (PID=37474) to work on /Users/vlad.alex995/Desktop/de-sprint/.venv-airflow/lib/python3.11/site-packages/airflow/example_dags/example_short_circuit_decorator.py
[2025-08-26T18:12:30.998+0100] {processor.py:830} INFO - Processing file /Users/vlad.alex995/Desktop/de-sprint/.venv-airflow/lib/python3.11/site-packages/airflow/example_dags/example_short_circuit_decorator.py for tasks to queue
[2025-08-26T18:12:30.998+0100] {logging_mixin.py:188} INFO - [2025-08-26T18:12:30.998+0100] {dagbag.py:545} INFO - Filling up the DagBag from /Users/vlad.alex995/Desktop/de-sprint/.venv-airflow/lib/python3.11/site-packages/airflow/example_dags/example_short_circuit_decorator.py
[2025-08-26T18:12:31.011+0100] {processor.py:840} INFO - DAG(s) 'example_short_circuit_decorator' retrieved from /Users/vlad.alex995/Desktop/de-sprint/.venv-airflow/lib/python3.11/site-packages/airflow/example_dags/example_short_circuit_decorator.py
[2025-08-26T18:12:31.040+0100] {logging_mixin.py:188} INFO - [2025-08-26T18:12:31.040+0100] {dag.py:3089} INFO - Sync 1 DAGs
[2025-08-26T18:12:31.045+0100] {logging_mixin.py:188} INFO - [2025-08-26T18:12:31.045+0100] {dag.py:3947} INFO - Setting next_dagrun for example_short_circuit_decorator to 2025-08-25 00:00:00+00:00, run_after=2025-08-26 00:00:00+00:00
[2025-08-26T18:12:31.050+0100] {processor.py:183} INFO - Processing /Users/vlad.alex995/Desktop/de-sprint/.venv-airflow/lib/python3.11/site-packages/airflow/example_dags/example_short_circuit_decorator.py took 0.055 seconds
[2025-08-26T18:13:56.566+0100] {processor.py:161} INFO - Started process (PID=37549) to work on /Users/vlad.alex995/Desktop/de-sprint/.venv-airflow/lib/python3.11/site-packages/airflow/example_dags/example_short_circuit_decorator.py
[2025-08-26T18:13:56.567+0100] {processor.py:830} INFO - Processing file /Users/vlad.alex995/Desktop/de-sprint/.venv-airflow/lib/python3.11/site-packages/airflow/example_dags/example_short_circuit_decorator.py for tasks to queue
[2025-08-26T18:13:56.567+0100] {logging_mixin.py:188} INFO - [2025-08-26T18:13:56.567+0100] {dagbag.py:545} INFO - Filling up the DagBag from /Users/vlad.alex995/Desktop/de-sprint/.venv-airflow/lib/python3.11/site-packages/airflow/example_dags/example_short_circuit_decorator.py
[2025-08-26T18:13:56.583+0100] {processor.py:840} INFO - DAG(s) 'example_short_circuit_decorator' retrieved from /Users/vlad.alex995/Desktop/de-sprint/.venv-airflow/lib/python3.11/site-packages/airflow/example_dags/example_short_circuit_decorator.py
[2025-08-26T18:13:56.616+0100] {logging_mixin.py:188} INFO - [2025-08-26T18:13:56.616+0100] {dag.py:3089} INFO - Sync 1 DAGs
[2025-08-26T18:13:56.621+0100] {logging_mixin.py:188} INFO - [2025-08-26T18:13:56.621+0100] {dag.py:3947} INFO - Setting next_dagrun for example_short_circuit_decorator to 2025-08-25 00:00:00+00:00, run_after=2025-08-26 00:00:00+00:00
[2025-08-26T18:13:56.627+0100] {processor.py:183} INFO - Processing /Users/vlad.alex995/Desktop/de-sprint/.venv-airflow/lib/python3.11/site-packages/airflow/example_dags/example_short_circuit_decorator.py took 0.062 seconds
[2025-08-26T18:15:28.276+0100] {processor.py:161} INFO - Started process (PID=38009) to work on /Users/vlad.alex995/Desktop/de-sprint/.venv-airflow/lib/python3.11/site-packages/airflow/example_dags/example_short_circuit_decorator.py
[2025-08-26T18:15:28.278+0100] {processor.py:830} INFO - Processing file /Users/vlad.alex995/Desktop/de-sprint/.venv-airflow/lib/python3.11/site-packages/airflow/example_dags/example_short_circuit_decorator.py for tasks to queue
[2025-08-26T18:15:28.278+0100] {logging_mixin.py:188} INFO - [2025-08-26T18:15:28.278+0100] {dagbag.py:545} INFO - Filling up the DagBag from /Users/vlad.alex995/Desktop/de-sprint/.venv-airflow/lib/python3.11/site-packages/airflow/example_dags/example_short_circuit_decorator.py
[2025-08-26T18:15:28.294+0100] {processor.py:840} INFO - DAG(s) 'example_short_circuit_decorator' retrieved from /Users/vlad.alex995/Desktop/de-sprint/.venv-airflow/lib/python3.11/site-packages/airflow/example_dags/example_short_circuit_decorator.py
[2025-08-26T18:15:28.327+0100] {logging_mixin.py:188} INFO - [2025-08-26T18:15:28.327+0100] {dag.py:3089} INFO - Sync 1 DAGs
[2025-08-26T18:15:28.332+0100] {logging_mixin.py:188} INFO - [2025-08-26T18:15:28.332+0100] {dag.py:3947} INFO - Setting next_dagrun for example_short_circuit_decorator to 2025-08-25 00:00:00+00:00, run_after=2025-08-26 00:00:00+00:00
[2025-08-26T18:15:28.339+0100] {processor.py:183} INFO - Processing /Users/vlad.alex995/Desktop/de-sprint/.venv-airflow/lib/python3.11/site-packages/airflow/example_dags/example_short_circuit_decorator.py took 0.063 seconds
[2025-08-26T18:16:59.583+0100] {processor.py:161} INFO - Started process (PID=38084) to work on /Users/vlad.alex995/Desktop/de-sprint/.venv-airflow/lib/python3.11/site-packages/airflow/example_dags/example_short_circuit_decorator.py
[2025-08-26T18:16:59.584+0100] {processor.py:830} INFO - Processing file /Users/vlad.alex995/Desktop/de-sprint/.venv-airflow/lib/python3.11/site-packages/airflow/example_dags/example_short_circuit_decorator.py for tasks to queue
[2025-08-26T18:16:59.584+0100] {logging_mixin.py:188} INFO - [2025-08-26T18:16:59.584+0100] {dagbag.py:545} INFO - Filling up the DagBag from /Users/vlad.alex995/Desktop/de-sprint/.venv-airflow/lib/python3.11/site-packages/airflow/example_dags/example_short_circuit_decorator.py
[2025-08-26T18:16:59.599+0100] {processor.py:840} INFO - DAG(s) 'example_short_circuit_decorator' retrieved from /Users/vlad.alex995/Desktop/de-sprint/.venv-airflow/lib/python3.11/site-packages/airflow/example_dags/example_short_circuit_decorator.py
[2025-08-26T18:16:59.630+0100] {logging_mixin.py:188} INFO - [2025-08-26T18:16:59.630+0100] {dag.py:3089} INFO - Sync 1 DAGs
[2025-08-26T18:16:59.635+0100] {logging_mixin.py:188} INFO - [2025-08-26T18:16:59.635+0100] {dag.py:3947} INFO - Setting next_dagrun for example_short_circuit_decorator to 2025-08-25 00:00:00+00:00, run_after=2025-08-26 00:00:00+00:00
[2025-08-26T18:16:59.641+0100] {processor.py:183} INFO - Processing /Users/vlad.alex995/Desktop/de-sprint/.venv-airflow/lib/python3.11/site-packages/airflow/example_dags/example_short_circuit_decorator.py took 0.059 seconds
[2025-08-26T18:18:40.527+0100] {processor.py:161} INFO - Started process (PID=38446) to work on /Users/vlad.alex995/Desktop/de-sprint/.venv-airflow/lib/python3.11/site-packages/airflow/example_dags/example_short_circuit_decorator.py
[2025-08-26T18:18:40.528+0100] {processor.py:830} INFO - Processing file /Users/vlad.alex995/Desktop/de-sprint/.venv-airflow/lib/python3.11/site-packages/airflow/example_dags/example_short_circuit_decorator.py for tasks to queue
[2025-08-26T18:18:40.528+0100] {logging_mixin.py:188} INFO - [2025-08-26T18:18:40.528+0100] {dagbag.py:545} INFO - Filling up the DagBag from /Users/vlad.alex995/Desktop/de-sprint/.venv-airflow/lib/python3.11/site-packages/airflow/example_dags/example_short_circuit_decorator.py
[2025-08-26T18:18:40.542+0100] {processor.py:840} INFO - DAG(s) 'example_short_circuit_decorator' retrieved from /Users/vlad.alex995/Desktop/de-sprint/.venv-airflow/lib/python3.11/site-packages/airflow/example_dags/example_short_circuit_decorator.py
[2025-08-26T18:18:40.571+0100] {logging_mixin.py:188} INFO - [2025-08-26T18:18:40.571+0100] {dag.py:3089} INFO - Sync 1 DAGs
[2025-08-26T18:18:40.576+0100] {logging_mixin.py:188} INFO - [2025-08-26T18:18:40.576+0100] {dag.py:3947} INFO - Setting next_dagrun for example_short_circuit_decorator to 2025-08-25 00:00:00+00:00, run_after=2025-08-26 00:00:00+00:00
[2025-08-26T18:18:40.581+0100] {processor.py:183} INFO - Processing /Users/vlad.alex995/Desktop/de-sprint/.venv-airflow/lib/python3.11/site-packages/airflow/example_dags/example_short_circuit_decorator.py took 0.055 seconds
[2025-08-26T18:19:40.931+0100] {processor.py:161} INFO - Started process (PID=38874) to work on /Users/vlad.alex995/Desktop/de-sprint/.venv-airflow/lib/python3.11/site-packages/airflow/example_dags/example_short_circuit_decorator.py
[2025-08-26T18:19:40.931+0100] {processor.py:830} INFO - Processing file /Users/vlad.alex995/Desktop/de-sprint/.venv-airflow/lib/python3.11/site-packages/airflow/example_dags/example_short_circuit_decorator.py for tasks to queue
[2025-08-26T18:19:40.931+0100] {logging_mixin.py:188} INFO - [2025-08-26T18:19:40.931+0100] {dagbag.py:545} INFO - Filling up the DagBag from /Users/vlad.alex995/Desktop/de-sprint/.venv-airflow/lib/python3.11/site-packages/airflow/example_dags/example_short_circuit_decorator.py
[2025-08-26T18:19:40.945+0100] {processor.py:840} INFO - DAG(s) 'example_short_circuit_decorator' retrieved from /Users/vlad.alex995/Desktop/de-sprint/.venv-airflow/lib/python3.11/site-packages/airflow/example_dags/example_short_circuit_decorator.py
[2025-08-26T18:19:40.975+0100] {logging_mixin.py:188} INFO - [2025-08-26T18:19:40.974+0100] {dag.py:3089} INFO - Sync 1 DAGs
[2025-08-26T18:19:40.979+0100] {logging_mixin.py:188} INFO - [2025-08-26T18:19:40.979+0100] {dag.py:3947} INFO - Setting next_dagrun for example_short_circuit_decorator to 2025-08-25 00:00:00+00:00, run_after=2025-08-26 00:00:00+00:00
[2025-08-26T18:19:40.985+0100] {processor.py:183} INFO - Processing /Users/vlad.alex995/Desktop/de-sprint/.venv-airflow/lib/python3.11/site-packages/airflow/example_dags/example_short_circuit_decorator.py took 0.055 seconds
[2025-08-26T18:20:56.524+0100] {processor.py:161} INFO - Started process (PID=38953) to work on /Users/vlad.alex995/Desktop/de-sprint/.venv-airflow/lib/python3.11/site-packages/airflow/example_dags/example_short_circuit_decorator.py
[2025-08-26T18:20:56.525+0100] {processor.py:830} INFO - Processing file /Users/vlad.alex995/Desktop/de-sprint/.venv-airflow/lib/python3.11/site-packages/airflow/example_dags/example_short_circuit_decorator.py for tasks to queue
[2025-08-26T18:20:56.526+0100] {logging_mixin.py:188} INFO - [2025-08-26T18:20:56.526+0100] {dagbag.py:545} INFO - Filling up the DagBag from /Users/vlad.alex995/Desktop/de-sprint/.venv-airflow/lib/python3.11/site-packages/airflow/example_dags/example_short_circuit_decorator.py
[2025-08-26T18:20:56.540+0100] {processor.py:840} INFO - DAG(s) 'example_short_circuit_decorator' retrieved from /Users/vlad.alex995/Desktop/de-sprint/.venv-airflow/lib/python3.11/site-packages/airflow/example_dags/example_short_circuit_decorator.py
[2025-08-26T18:20:56.571+0100] {logging_mixin.py:188} INFO - [2025-08-26T18:20:56.570+0100] {dag.py:3089} INFO - Sync 1 DAGs
[2025-08-26T18:20:56.576+0100] {logging_mixin.py:188} INFO - [2025-08-26T18:20:56.576+0100] {dag.py:3947} INFO - Setting next_dagrun for example_short_circuit_decorator to 2025-08-25 00:00:00+00:00, run_after=2025-08-26 00:00:00+00:00
[2025-08-26T18:20:56.582+0100] {processor.py:183} INFO - Processing /Users/vlad.alex995/Desktop/de-sprint/.venv-airflow/lib/python3.11/site-packages/airflow/example_dags/example_short_circuit_decorator.py took 0.058 seconds
[2025-08-26T18:22:29.275+0100] {processor.py:161} INFO - Started process (PID=39026) to work on /Users/vlad.alex995/Desktop/de-sprint/.venv-airflow/lib/python3.11/site-packages/airflow/example_dags/example_short_circuit_decorator.py
[2025-08-26T18:22:29.275+0100] {processor.py:830} INFO - Processing file /Users/vlad.alex995/Desktop/de-sprint/.venv-airflow/lib/python3.11/site-packages/airflow/example_dags/example_short_circuit_decorator.py for tasks to queue
[2025-08-26T18:22:29.275+0100] {logging_mixin.py:188} INFO - [2025-08-26T18:22:29.275+0100] {dagbag.py:545} INFO - Filling up the DagBag from /Users/vlad.alex995/Desktop/de-sprint/.venv-airflow/lib/python3.11/site-packages/airflow/example_dags/example_short_circuit_decorator.py
[2025-08-26T18:22:29.289+0100] {processor.py:840} INFO - DAG(s) 'example_short_circuit_decorator' retrieved from /Users/vlad.alex995/Desktop/de-sprint/.venv-airflow/lib/python3.11/site-packages/airflow/example_dags/example_short_circuit_decorator.py
[2025-08-26T18:22:29.317+0100] {logging_mixin.py:188} INFO - [2025-08-26T18:22:29.317+0100] {dag.py:3089} INFO - Sync 1 DAGs
[2025-08-26T18:22:29.322+0100] {logging_mixin.py:188} INFO - [2025-08-26T18:22:29.322+0100] {dag.py:3947} INFO - Setting next_dagrun for example_short_circuit_decorator to 2025-08-25 00:00:00+00:00, run_after=2025-08-26 00:00:00+00:00
[2025-08-26T18:22:29.328+0100] {processor.py:183} INFO - Processing /Users/vlad.alex995/Desktop/de-sprint/.venv-airflow/lib/python3.11/site-packages/airflow/example_dags/example_short_circuit_decorator.py took 0.054 seconds
[2025-08-26T18:23:54.745+0100] {processor.py:161} INFO - Started process (PID=39092) to work on /Users/vlad.alex995/Desktop/de-sprint/.venv-airflow/lib/python3.11/site-packages/airflow/example_dags/example_short_circuit_decorator.py
[2025-08-26T18:23:54.746+0100] {processor.py:830} INFO - Processing file /Users/vlad.alex995/Desktop/de-sprint/.venv-airflow/lib/python3.11/site-packages/airflow/example_dags/example_short_circuit_decorator.py for tasks to queue
[2025-08-26T18:23:54.746+0100] {logging_mixin.py:188} INFO - [2025-08-26T18:23:54.746+0100] {dagbag.py:545} INFO - Filling up the DagBag from /Users/vlad.alex995/Desktop/de-sprint/.venv-airflow/lib/python3.11/site-packages/airflow/example_dags/example_short_circuit_decorator.py
[2025-08-26T18:23:54.760+0100] {processor.py:840} INFO - DAG(s) 'example_short_circuit_decorator' retrieved from /Users/vlad.alex995/Desktop/de-sprint/.venv-airflow/lib/python3.11/site-packages/airflow/example_dags/example_short_circuit_decorator.py
[2025-08-26T18:23:54.789+0100] {logging_mixin.py:188} INFO - [2025-08-26T18:23:54.789+0100] {dag.py:3089} INFO - Sync 1 DAGs
[2025-08-26T18:23:54.793+0100] {logging_mixin.py:188} INFO - [2025-08-26T18:23:54.793+0100] {dag.py:3947} INFO - Setting next_dagrun for example_short_circuit_decorator to 2025-08-25 00:00:00+00:00, run_after=2025-08-26 00:00:00+00:00
[2025-08-26T18:23:54.799+0100] {processor.py:183} INFO - Processing /Users/vlad.alex995/Desktop/de-sprint/.venv-airflow/lib/python3.11/site-packages/airflow/example_dags/example_short_circuit_decorator.py took 0.055 seconds
[2025-08-26T18:25:25.639+0100] {processor.py:161} INFO - Started process (PID=39178) to work on /Users/vlad.alex995/Desktop/de-sprint/.venv-airflow/lib/python3.11/site-packages/airflow/example_dags/example_short_circuit_decorator.py
[2025-08-26T18:25:25.640+0100] {processor.py:830} INFO - Processing file /Users/vlad.alex995/Desktop/de-sprint/.venv-airflow/lib/python3.11/site-packages/airflow/example_dags/example_short_circuit_decorator.py for tasks to queue
[2025-08-26T18:25:25.640+0100] {logging_mixin.py:188} INFO - [2025-08-26T18:25:25.640+0100] {dagbag.py:545} INFO - Filling up the DagBag from /Users/vlad.alex995/Desktop/de-sprint/.venv-airflow/lib/python3.11/site-packages/airflow/example_dags/example_short_circuit_decorator.py
[2025-08-26T18:25:25.654+0100] {processor.py:840} INFO - DAG(s) 'example_short_circuit_decorator' retrieved from /Users/vlad.alex995/Desktop/de-sprint/.venv-airflow/lib/python3.11/site-packages/airflow/example_dags/example_short_circuit_decorator.py
[2025-08-26T18:25:25.683+0100] {logging_mixin.py:188} INFO - [2025-08-26T18:25:25.683+0100] {dag.py:3089} INFO - Sync 1 DAGs
[2025-08-26T18:25:25.688+0100] {logging_mixin.py:188} INFO - [2025-08-26T18:25:25.688+0100] {dag.py:3947} INFO - Setting next_dagrun for example_short_circuit_decorator to 2025-08-25 00:00:00+00:00, run_after=2025-08-26 00:00:00+00:00
[2025-08-26T18:25:25.694+0100] {processor.py:183} INFO - Processing /Users/vlad.alex995/Desktop/de-sprint/.venv-airflow/lib/python3.11/site-packages/airflow/example_dags/example_short_circuit_decorator.py took 0.056 seconds
[2025-08-26T18:27:31.552+0100] {processor.py:161} INFO - Started process (PID=39677) to work on /Users/vlad.alex995/Desktop/de-sprint/.venv-airflow/lib/python3.11/site-packages/airflow/example_dags/example_short_circuit_decorator.py
[2025-08-26T18:27:31.553+0100] {processor.py:830} INFO - Processing file /Users/vlad.alex995/Desktop/de-sprint/.venv-airflow/lib/python3.11/site-packages/airflow/example_dags/example_short_circuit_decorator.py for tasks to queue
[2025-08-26T18:27:31.553+0100] {logging_mixin.py:188} INFO - [2025-08-26T18:27:31.553+0100] {dagbag.py:545} INFO - Filling up the DagBag from /Users/vlad.alex995/Desktop/de-sprint/.venv-airflow/lib/python3.11/site-packages/airflow/example_dags/example_short_circuit_decorator.py
[2025-08-26T18:27:31.567+0100] {processor.py:840} INFO - DAG(s) 'example_short_circuit_decorator' retrieved from /Users/vlad.alex995/Desktop/de-sprint/.venv-airflow/lib/python3.11/site-packages/airflow/example_dags/example_short_circuit_decorator.py
[2025-08-26T18:27:31.599+0100] {logging_mixin.py:188} INFO - [2025-08-26T18:27:31.598+0100] {dag.py:3089} INFO - Sync 1 DAGs
[2025-08-26T18:27:31.603+0100] {logging_mixin.py:188} INFO - [2025-08-26T18:27:31.603+0100] {dag.py:3947} INFO - Setting next_dagrun for example_short_circuit_decorator to 2025-08-25 00:00:00+00:00, run_after=2025-08-26 00:00:00+00:00
[2025-08-26T18:27:31.609+0100] {processor.py:183} INFO - Processing /Users/vlad.alex995/Desktop/de-sprint/.venv-airflow/lib/python3.11/site-packages/airflow/example_dags/example_short_circuit_decorator.py took 0.058 seconds
[2025-08-26T18:29:51.565+0100] {processor.py:161} INFO - Started process (PID=40103) to work on /Users/vlad.alex995/Desktop/de-sprint/.venv-airflow/lib/python3.11/site-packages/airflow/example_dags/example_short_circuit_decorator.py
[2025-08-26T18:29:51.566+0100] {processor.py:830} INFO - Processing file /Users/vlad.alex995/Desktop/de-sprint/.venv-airflow/lib/python3.11/site-packages/airflow/example_dags/example_short_circuit_decorator.py for tasks to queue
[2025-08-26T18:29:51.566+0100] {logging_mixin.py:188} INFO - [2025-08-26T18:29:51.566+0100] {dagbag.py:545} INFO - Filling up the DagBag from /Users/vlad.alex995/Desktop/de-sprint/.venv-airflow/lib/python3.11/site-packages/airflow/example_dags/example_short_circuit_decorator.py
[2025-08-26T18:29:51.579+0100] {processor.py:840} INFO - DAG(s) 'example_short_circuit_decorator' retrieved from /Users/vlad.alex995/Desktop/de-sprint/.venv-airflow/lib/python3.11/site-packages/airflow/example_dags/example_short_circuit_decorator.py
[2025-08-26T18:29:51.609+0100] {logging_mixin.py:188} INFO - [2025-08-26T18:29:51.609+0100] {dag.py:3089} INFO - Sync 1 DAGs
[2025-08-26T18:29:51.613+0100] {logging_mixin.py:188} INFO - [2025-08-26T18:29:51.613+0100] {dag.py:3947} INFO - Setting next_dagrun for example_short_circuit_decorator to 2025-08-25 00:00:00+00:00, run_after=2025-08-26 00:00:00+00:00
[2025-08-26T18:29:51.619+0100] {processor.py:183} INFO - Processing /Users/vlad.alex995/Desktop/de-sprint/.venv-airflow/lib/python3.11/site-packages/airflow/example_dags/example_short_circuit_decorator.py took 0.055 seconds
