[2025-08-26T17:26:10.765+0100] {processor.py:161} INFO - Started process (PID=35359) to work on /Users/vlad.alex995/Desktop/de-sprint/.venv-airflow/lib/python3.11/site-packages/airflow/example_dags/example_branch_day_of_week_operator.py
[2025-08-26T17:26:10.765+0100] {processor.py:830} INFO - Processing file /Users/vlad.alex995/Desktop/de-sprint/.venv-airflow/lib/python3.11/site-packages/airflow/example_dags/example_branch_day_of_week_operator.py for tasks to queue
[2025-08-26T17:26:10.765+0100] {logging_mixin.py:188} INFO - [2025-08-26T17:26:10.765+0100] {dagbag.py:545} INFO - Filling up the DagBag from /Users/vlad.alex995/Desktop/de-sprint/.venv-airflow/lib/python3.11/site-packages/airflow/example_dags/example_branch_day_of_week_operator.py
[2025-08-26T17:26:10.769+0100] {processor.py:840} INFO - DAG(s) 'example_weekday_branch_operator' retrieved from /Users/vlad.alex995/Desktop/de-sprint/.venv-airflow/lib/python3.11/site-packages/airflow/example_dags/example_branch_day_of_week_operator.py
[2025-08-26T17:26:10.827+0100] {logging_mixin.py:188} INFO - [2025-08-26T17:26:10.826+0100] {override.py:1858} INFO - Created Permission View: can read on DAG:example_weekday_branch_operator
[2025-08-26T17:26:10.829+0100] {logging_mixin.py:188} INFO - [2025-08-26T17:26:10.829+0100] {override.py:1858} INFO - Created Permission View: can edit on DAG:example_weekday_branch_operator
[2025-08-26T17:26:10.831+0100] {logging_mixin.py:188} INFO - [2025-08-26T17:26:10.831+0100] {override.py:1858} INFO - Created Permission View: can delete on DAG:example_weekday_branch_operator
[2025-08-26T17:26:10.831+0100] {logging_mixin.py:188} INFO - [2025-08-26T17:26:10.831+0100] {dag.py:3089} INFO - Sync 1 DAGs
[2025-08-26T17:26:10.834+0100] {logging_mixin.py:188} INFO - [2025-08-26T17:26:10.834+0100] {dag.py:3111} INFO - Creating ORM DAG for example_weekday_branch_operator
[2025-08-26T17:26:10.837+0100] {logging_mixin.py:188} INFO - [2025-08-26T17:26:10.837+0100] {dag.py:3947} INFO - Setting next_dagrun for example_weekday_branch_operator to 2025-08-25 00:00:00+00:00, run_after=2025-08-26 00:00:00+00:00
[2025-08-26T17:26:10.843+0100] {processor.py:183} INFO - Processing /Users/vlad.alex995/Desktop/de-sprint/.venv-airflow/lib/python3.11/site-packages/airflow/example_dags/example_branch_day_of_week_operator.py took 0.079 seconds
[2025-08-26T17:27:41.101+0100] {processor.py:161} INFO - Started process (PID=35431) to work on /Users/vlad.alex995/Desktop/de-sprint/.venv-airflow/lib/python3.11/site-packages/airflow/example_dags/example_branch_day_of_week_operator.py
[2025-08-26T17:27:41.102+0100] {processor.py:830} INFO - Processing file /Users/vlad.alex995/Desktop/de-sprint/.venv-airflow/lib/python3.11/site-packages/airflow/example_dags/example_branch_day_of_week_operator.py for tasks to queue
[2025-08-26T17:27:41.103+0100] {logging_mixin.py:188} INFO - [2025-08-26T17:27:41.103+0100] {dagbag.py:545} INFO - Filling up the DagBag from /Users/vlad.alex995/Desktop/de-sprint/.venv-airflow/lib/python3.11/site-packages/airflow/example_dags/example_branch_day_of_week_operator.py
[2025-08-26T17:27:41.107+0100] {processor.py:840} INFO - DAG(s) 'example_weekday_branch_operator' retrieved from /Users/vlad.alex995/Desktop/de-sprint/.venv-airflow/lib/python3.11/site-packages/airflow/example_dags/example_branch_day_of_week_operator.py
[2025-08-26T17:27:41.138+0100] {logging_mixin.py:188} INFO - [2025-08-26T17:27:41.138+0100] {dag.py:3089} INFO - Sync 1 DAGs
[2025-08-26T17:27:41.143+0100] {logging_mixin.py:188} INFO - [2025-08-26T17:27:41.143+0100] {dag.py:3947} INFO - Setting next_dagrun for example_weekday_branch_operator to 2025-08-25 00:00:00+00:00, run_after=2025-08-26 00:00:00+00:00
[2025-08-26T17:27:41.150+0100] {processor.py:183} INFO - Processing /Users/vlad.alex995/Desktop/de-sprint/.venv-airflow/lib/python3.11/site-packages/airflow/example_dags/example_branch_day_of_week_operator.py took 0.050 seconds
[2025-08-26T17:29:17.756+0100] {processor.py:161} INFO - Started process (PID=35500) to work on /Users/vlad.alex995/Desktop/de-sprint/.venv-airflow/lib/python3.11/site-packages/airflow/example_dags/example_branch_day_of_week_operator.py
[2025-08-26T17:29:17.757+0100] {processor.py:830} INFO - Processing file /Users/vlad.alex995/Desktop/de-sprint/.venv-airflow/lib/python3.11/site-packages/airflow/example_dags/example_branch_day_of_week_operator.py for tasks to queue
[2025-08-26T17:29:17.757+0100] {logging_mixin.py:188} INFO - [2025-08-26T17:29:17.757+0100] {dagbag.py:545} INFO - Filling up the DagBag from /Users/vlad.alex995/Desktop/de-sprint/.venv-airflow/lib/python3.11/site-packages/airflow/example_dags/example_branch_day_of_week_operator.py
[2025-08-26T17:29:17.761+0100] {processor.py:840} INFO - DAG(s) 'example_weekday_branch_operator' retrieved from /Users/vlad.alex995/Desktop/de-sprint/.venv-airflow/lib/python3.11/site-packages/airflow/example_dags/example_branch_day_of_week_operator.py
[2025-08-26T17:29:17.791+0100] {logging_mixin.py:188} INFO - [2025-08-26T17:29:17.791+0100] {dag.py:3089} INFO - Sync 1 DAGs
[2025-08-26T17:29:17.796+0100] {logging_mixin.py:188} INFO - [2025-08-26T17:29:17.796+0100] {dag.py:3947} INFO - Setting next_dagrun for example_weekday_branch_operator to 2025-08-25 00:00:00+00:00, run_after=2025-08-26 00:00:00+00:00
[2025-08-26T17:29:17.802+0100] {processor.py:183} INFO - Processing /Users/vlad.alex995/Desktop/de-sprint/.venv-airflow/lib/python3.11/site-packages/airflow/example_dags/example_branch_day_of_week_operator.py took 0.048 seconds
[2025-08-26T17:30:48.282+0100] {processor.py:161} INFO - Started process (PID=35570) to work on /Users/vlad.alex995/Desktop/de-sprint/.venv-airflow/lib/python3.11/site-packages/airflow/example_dags/example_branch_day_of_week_operator.py
[2025-08-26T17:30:48.283+0100] {processor.py:830} INFO - Processing file /Users/vlad.alex995/Desktop/de-sprint/.venv-airflow/lib/python3.11/site-packages/airflow/example_dags/example_branch_day_of_week_operator.py for tasks to queue
[2025-08-26T17:30:48.283+0100] {logging_mixin.py:188} INFO - [2025-08-26T17:30:48.283+0100] {dagbag.py:545} INFO - Filling up the DagBag from /Users/vlad.alex995/Desktop/de-sprint/.venv-airflow/lib/python3.11/site-packages/airflow/example_dags/example_branch_day_of_week_operator.py
[2025-08-26T17:30:48.288+0100] {processor.py:840} INFO - DAG(s) 'example_weekday_branch_operator' retrieved from /Users/vlad.alex995/Desktop/de-sprint/.venv-airflow/lib/python3.11/site-packages/airflow/example_dags/example_branch_day_of_week_operator.py
[2025-08-26T17:30:48.319+0100] {logging_mixin.py:188} INFO - [2025-08-26T17:30:48.319+0100] {dag.py:3089} INFO - Sync 1 DAGs
[2025-08-26T17:30:48.324+0100] {logging_mixin.py:188} INFO - [2025-08-26T17:30:48.324+0100] {dag.py:3947} INFO - Setting next_dagrun for example_weekday_branch_operator to 2025-08-25 00:00:00+00:00, run_after=2025-08-26 00:00:00+00:00
[2025-08-26T17:30:48.332+0100] {processor.py:183} INFO - Processing /Users/vlad.alex995/Desktop/de-sprint/.venv-airflow/lib/python3.11/site-packages/airflow/example_dags/example_branch_day_of_week_operator.py took 0.051 seconds
[2025-08-26T17:32:19.553+0100] {processor.py:161} INFO - Started process (PID=35948) to work on /Users/vlad.alex995/Desktop/de-sprint/.venv-airflow/lib/python3.11/site-packages/airflow/example_dags/example_branch_day_of_week_operator.py
[2025-08-26T17:32:19.553+0100] {processor.py:830} INFO - Processing file /Users/vlad.alex995/Desktop/de-sprint/.venv-airflow/lib/python3.11/site-packages/airflow/example_dags/example_branch_day_of_week_operator.py for tasks to queue
[2025-08-26T17:32:19.553+0100] {logging_mixin.py:188} INFO - [2025-08-26T17:32:19.553+0100] {dagbag.py:545} INFO - Filling up the DagBag from /Users/vlad.alex995/Desktop/de-sprint/.venv-airflow/lib/python3.11/site-packages/airflow/example_dags/example_branch_day_of_week_operator.py
[2025-08-26T17:32:19.556+0100] {processor.py:840} INFO - DAG(s) 'example_weekday_branch_operator' retrieved from /Users/vlad.alex995/Desktop/de-sprint/.venv-airflow/lib/python3.11/site-packages/airflow/example_dags/example_branch_day_of_week_operator.py
[2025-08-26T17:32:19.585+0100] {logging_mixin.py:188} INFO - [2025-08-26T17:32:19.585+0100] {dag.py:3089} INFO - Sync 1 DAGs
[2025-08-26T17:32:19.590+0100] {logging_mixin.py:188} INFO - [2025-08-26T17:32:19.590+0100] {dag.py:3947} INFO - Setting next_dagrun for example_weekday_branch_operator to 2025-08-25 00:00:00+00:00, run_after=2025-08-26 00:00:00+00:00
[2025-08-26T17:32:19.597+0100] {processor.py:183} INFO - Processing /Users/vlad.alex995/Desktop/de-sprint/.venv-airflow/lib/python3.11/site-packages/airflow/example_dags/example_branch_day_of_week_operator.py took 0.045 seconds
[2025-08-26T17:33:53.509+0100] {processor.py:161} INFO - Started process (PID=36078) to work on /Users/vlad.alex995/Desktop/de-sprint/.venv-airflow/lib/python3.11/site-packages/airflow/example_dags/example_branch_day_of_week_operator.py
[2025-08-26T17:33:53.510+0100] {processor.py:830} INFO - Processing file /Users/vlad.alex995/Desktop/de-sprint/.venv-airflow/lib/python3.11/site-packages/airflow/example_dags/example_branch_day_of_week_operator.py for tasks to queue
[2025-08-26T17:33:53.510+0100] {logging_mixin.py:188} INFO - [2025-08-26T17:33:53.510+0100] {dagbag.py:545} INFO - Filling up the DagBag from /Users/vlad.alex995/Desktop/de-sprint/.venv-airflow/lib/python3.11/site-packages/airflow/example_dags/example_branch_day_of_week_operator.py
[2025-08-26T17:33:53.515+0100] {processor.py:840} INFO - DAG(s) 'example_weekday_branch_operator' retrieved from /Users/vlad.alex995/Desktop/de-sprint/.venv-airflow/lib/python3.11/site-packages/airflow/example_dags/example_branch_day_of_week_operator.py
[2025-08-26T17:33:53.548+0100] {logging_mixin.py:188} INFO - [2025-08-26T17:33:53.547+0100] {dag.py:3089} INFO - Sync 1 DAGs
[2025-08-26T17:33:53.553+0100] {logging_mixin.py:188} INFO - [2025-08-26T17:33:53.553+0100] {dag.py:3947} INFO - Setting next_dagrun for example_weekday_branch_operator to 2025-08-25 00:00:00+00:00, run_after=2025-08-26 00:00:00+00:00
[2025-08-26T17:33:53.559+0100] {processor.py:183} INFO - Processing /Users/vlad.alex995/Desktop/de-sprint/.venv-airflow/lib/python3.11/site-packages/airflow/example_dags/example_branch_day_of_week_operator.py took 0.052 seconds
[2025-08-26T18:11:53.174+0100] {processor.py:161} INFO - Started process (PID=37446) to work on /Users/vlad.alex995/Desktop/de-sprint/.venv-airflow/lib/python3.11/site-packages/airflow/example_dags/example_branch_day_of_week_operator.py
[2025-08-26T18:11:53.176+0100] {processor.py:830} INFO - Processing file /Users/vlad.alex995/Desktop/de-sprint/.venv-airflow/lib/python3.11/site-packages/airflow/example_dags/example_branch_day_of_week_operator.py for tasks to queue
[2025-08-26T18:11:53.176+0100] {logging_mixin.py:188} INFO - [2025-08-26T18:11:53.176+0100] {dagbag.py:545} INFO - Filling up the DagBag from /Users/vlad.alex995/Desktop/de-sprint/.venv-airflow/lib/python3.11/site-packages/airflow/example_dags/example_branch_day_of_week_operator.py
[2025-08-26T18:11:53.180+0100] {processor.py:840} INFO - DAG(s) 'example_weekday_branch_operator' retrieved from /Users/vlad.alex995/Desktop/de-sprint/.venv-airflow/lib/python3.11/site-packages/airflow/example_dags/example_branch_day_of_week_operator.py
[2025-08-26T18:11:53.211+0100] {logging_mixin.py:188} INFO - [2025-08-26T18:11:53.211+0100] {dag.py:3089} INFO - Sync 1 DAGs
[2025-08-26T18:11:53.218+0100] {logging_mixin.py:188} INFO - [2025-08-26T18:11:53.218+0100] {dag.py:3947} INFO - Setting next_dagrun for example_weekday_branch_operator to 2025-08-25 00:00:00+00:00, run_after=2025-08-26 00:00:00+00:00
[2025-08-26T18:11:53.224+0100] {processor.py:183} INFO - Processing /Users/vlad.alex995/Desktop/de-sprint/.venv-airflow/lib/python3.11/site-packages/airflow/example_dags/example_branch_day_of_week_operator.py took 0.051 seconds
[2025-08-26T18:13:25.914+0100] {processor.py:161} INFO - Started process (PID=37517) to work on /Users/vlad.alex995/Desktop/de-sprint/.venv-airflow/lib/python3.11/site-packages/airflow/example_dags/example_branch_day_of_week_operator.py
[2025-08-26T18:13:25.914+0100] {processor.py:830} INFO - Processing file /Users/vlad.alex995/Desktop/de-sprint/.venv-airflow/lib/python3.11/site-packages/airflow/example_dags/example_branch_day_of_week_operator.py for tasks to queue
[2025-08-26T18:13:25.914+0100] {logging_mixin.py:188} INFO - [2025-08-26T18:13:25.914+0100] {dagbag.py:545} INFO - Filling up the DagBag from /Users/vlad.alex995/Desktop/de-sprint/.venv-airflow/lib/python3.11/site-packages/airflow/example_dags/example_branch_day_of_week_operator.py
[2025-08-26T18:13:25.917+0100] {processor.py:840} INFO - DAG(s) 'example_weekday_branch_operator' retrieved from /Users/vlad.alex995/Desktop/de-sprint/.venv-airflow/lib/python3.11/site-packages/airflow/example_dags/example_branch_day_of_week_operator.py
[2025-08-26T18:13:25.945+0100] {logging_mixin.py:188} INFO - [2025-08-26T18:13:25.945+0100] {dag.py:3089} INFO - Sync 1 DAGs
[2025-08-26T18:13:25.951+0100] {logging_mixin.py:188} INFO - [2025-08-26T18:13:25.951+0100] {dag.py:3947} INFO - Setting next_dagrun for example_weekday_branch_operator to 2025-08-25 00:00:00+00:00, run_after=2025-08-26 00:00:00+00:00
[2025-08-26T18:13:25.956+0100] {processor.py:183} INFO - Processing /Users/vlad.alex995/Desktop/de-sprint/.venv-airflow/lib/python3.11/site-packages/airflow/example_dags/example_branch_day_of_week_operator.py took 0.043 seconds
[2025-08-26T18:14:52.860+0100] {processor.py:161} INFO - Started process (PID=37982) to work on /Users/vlad.alex995/Desktop/de-sprint/.venv-airflow/lib/python3.11/site-packages/airflow/example_dags/example_branch_day_of_week_operator.py
[2025-08-26T18:14:52.861+0100] {processor.py:830} INFO - Processing file /Users/vlad.alex995/Desktop/de-sprint/.venv-airflow/lib/python3.11/site-packages/airflow/example_dags/example_branch_day_of_week_operator.py for tasks to queue
[2025-08-26T18:14:52.862+0100] {logging_mixin.py:188} INFO - [2025-08-26T18:14:52.861+0100] {dagbag.py:545} INFO - Filling up the DagBag from /Users/vlad.alex995/Desktop/de-sprint/.venv-airflow/lib/python3.11/site-packages/airflow/example_dags/example_branch_day_of_week_operator.py
[2025-08-26T18:14:52.866+0100] {processor.py:840} INFO - DAG(s) 'example_weekday_branch_operator' retrieved from /Users/vlad.alex995/Desktop/de-sprint/.venv-airflow/lib/python3.11/site-packages/airflow/example_dags/example_branch_day_of_week_operator.py
[2025-08-26T18:14:52.903+0100] {logging_mixin.py:188} INFO - [2025-08-26T18:14:52.902+0100] {dag.py:3089} INFO - Sync 1 DAGs
[2025-08-26T18:14:52.909+0100] {logging_mixin.py:188} INFO - [2025-08-26T18:14:52.909+0100] {dag.py:3947} INFO - Setting next_dagrun for example_weekday_branch_operator to 2025-08-25 00:00:00+00:00, run_after=2025-08-26 00:00:00+00:00
[2025-08-26T18:14:52.916+0100] {processor.py:183} INFO - Processing /Users/vlad.alex995/Desktop/de-sprint/.venv-airflow/lib/python3.11/site-packages/airflow/example_dags/example_branch_day_of_week_operator.py took 0.057 seconds
[2025-08-26T18:16:26.267+0100] {processor.py:161} INFO - Started process (PID=38057) to work on /Users/vlad.alex995/Desktop/de-sprint/.venv-airflow/lib/python3.11/site-packages/airflow/example_dags/example_branch_day_of_week_operator.py
[2025-08-26T18:16:26.268+0100] {processor.py:830} INFO - Processing file /Users/vlad.alex995/Desktop/de-sprint/.venv-airflow/lib/python3.11/site-packages/airflow/example_dags/example_branch_day_of_week_operator.py for tasks to queue
[2025-08-26T18:16:26.268+0100] {logging_mixin.py:188} INFO - [2025-08-26T18:16:26.268+0100] {dagbag.py:545} INFO - Filling up the DagBag from /Users/vlad.alex995/Desktop/de-sprint/.venv-airflow/lib/python3.11/site-packages/airflow/example_dags/example_branch_day_of_week_operator.py
[2025-08-26T18:16:26.272+0100] {processor.py:840} INFO - DAG(s) 'example_weekday_branch_operator' retrieved from /Users/vlad.alex995/Desktop/de-sprint/.venv-airflow/lib/python3.11/site-packages/airflow/example_dags/example_branch_day_of_week_operator.py
[2025-08-26T18:16:26.302+0100] {logging_mixin.py:188} INFO - [2025-08-26T18:16:26.302+0100] {dag.py:3089} INFO - Sync 1 DAGs
[2025-08-26T18:16:26.308+0100] {logging_mixin.py:188} INFO - [2025-08-26T18:16:26.308+0100] {dag.py:3947} INFO - Setting next_dagrun for example_weekday_branch_operator to 2025-08-25 00:00:00+00:00, run_after=2025-08-26 00:00:00+00:00
[2025-08-26T18:16:26.314+0100] {processor.py:183} INFO - Processing /Users/vlad.alex995/Desktop/de-sprint/.venv-airflow/lib/python3.11/site-packages/airflow/example_dags/example_branch_day_of_week_operator.py took 0.048 seconds
[2025-08-26T18:18:05.017+0100] {processor.py:161} INFO - Started process (PID=38420) to work on /Users/vlad.alex995/Desktop/de-sprint/.venv-airflow/lib/python3.11/site-packages/airflow/example_dags/example_branch_day_of_week_operator.py
[2025-08-26T18:18:05.018+0100] {processor.py:830} INFO - Processing file /Users/vlad.alex995/Desktop/de-sprint/.venv-airflow/lib/python3.11/site-packages/airflow/example_dags/example_branch_day_of_week_operator.py for tasks to queue
[2025-08-26T18:18:05.018+0100] {logging_mixin.py:188} INFO - [2025-08-26T18:18:05.018+0100] {dagbag.py:545} INFO - Filling up the DagBag from /Users/vlad.alex995/Desktop/de-sprint/.venv-airflow/lib/python3.11/site-packages/airflow/example_dags/example_branch_day_of_week_operator.py
[2025-08-26T18:18:05.022+0100] {processor.py:840} INFO - DAG(s) 'example_weekday_branch_operator' retrieved from /Users/vlad.alex995/Desktop/de-sprint/.venv-airflow/lib/python3.11/site-packages/airflow/example_dags/example_branch_day_of_week_operator.py
[2025-08-26T18:18:05.051+0100] {logging_mixin.py:188} INFO - [2025-08-26T18:18:05.051+0100] {dag.py:3089} INFO - Sync 1 DAGs
[2025-08-26T18:18:05.057+0100] {logging_mixin.py:188} INFO - [2025-08-26T18:18:05.056+0100] {dag.py:3947} INFO - Setting next_dagrun for example_weekday_branch_operator to 2025-08-25 00:00:00+00:00, run_after=2025-08-26 00:00:00+00:00
[2025-08-26T18:18:05.062+0100] {processor.py:183} INFO - Processing /Users/vlad.alex995/Desktop/de-sprint/.venv-airflow/lib/python3.11/site-packages/airflow/example_dags/example_branch_day_of_week_operator.py took 0.046 seconds
[2025-08-26T18:20:19.435+0100] {processor.py:161} INFO - Started process (PID=38912) to work on /Users/vlad.alex995/Desktop/de-sprint/.venv-airflow/lib/python3.11/site-packages/airflow/example_dags/example_branch_day_of_week_operator.py
[2025-08-26T18:20:19.436+0100] {processor.py:830} INFO - Processing file /Users/vlad.alex995/Desktop/de-sprint/.venv-airflow/lib/python3.11/site-packages/airflow/example_dags/example_branch_day_of_week_operator.py for tasks to queue
[2025-08-26T18:20:19.436+0100] {logging_mixin.py:188} INFO - [2025-08-26T18:20:19.436+0100] {dagbag.py:545} INFO - Filling up the DagBag from /Users/vlad.alex995/Desktop/de-sprint/.venv-airflow/lib/python3.11/site-packages/airflow/example_dags/example_branch_day_of_week_operator.py
[2025-08-26T18:20:19.440+0100] {processor.py:840} INFO - DAG(s) 'example_weekday_branch_operator' retrieved from /Users/vlad.alex995/Desktop/de-sprint/.venv-airflow/lib/python3.11/site-packages/airflow/example_dags/example_branch_day_of_week_operator.py
[2025-08-26T18:20:19.470+0100] {logging_mixin.py:188} INFO - [2025-08-26T18:20:19.470+0100] {dag.py:3089} INFO - Sync 1 DAGs
[2025-08-26T18:20:19.476+0100] {logging_mixin.py:188} INFO - [2025-08-26T18:20:19.475+0100] {dag.py:3947} INFO - Setting next_dagrun for example_weekday_branch_operator to 2025-08-25 00:00:00+00:00, run_after=2025-08-26 00:00:00+00:00
[2025-08-26T18:20:19.481+0100] {processor.py:183} INFO - Processing /Users/vlad.alex995/Desktop/de-sprint/.venv-airflow/lib/python3.11/site-packages/airflow/example_dags/example_branch_day_of_week_operator.py took 0.047 seconds
[2025-08-26T18:21:53.420+0100] {processor.py:161} INFO - Started process (PID=38995) to work on /Users/vlad.alex995/Desktop/de-sprint/.venv-airflow/lib/python3.11/site-packages/airflow/example_dags/example_branch_day_of_week_operator.py
[2025-08-26T18:21:53.421+0100] {processor.py:830} INFO - Processing file /Users/vlad.alex995/Desktop/de-sprint/.venv-airflow/lib/python3.11/site-packages/airflow/example_dags/example_branch_day_of_week_operator.py for tasks to queue
[2025-08-26T18:21:53.422+0100] {logging_mixin.py:188} INFO - [2025-08-26T18:21:53.421+0100] {dagbag.py:545} INFO - Filling up the DagBag from /Users/vlad.alex995/Desktop/de-sprint/.venv-airflow/lib/python3.11/site-packages/airflow/example_dags/example_branch_day_of_week_operator.py
[2025-08-26T18:21:53.425+0100] {processor.py:840} INFO - DAG(s) 'example_weekday_branch_operator' retrieved from /Users/vlad.alex995/Desktop/de-sprint/.venv-airflow/lib/python3.11/site-packages/airflow/example_dags/example_branch_day_of_week_operator.py
[2025-08-26T18:21:53.454+0100] {logging_mixin.py:188} INFO - [2025-08-26T18:21:53.454+0100] {dag.py:3089} INFO - Sync 1 DAGs
[2025-08-26T18:21:53.460+0100] {logging_mixin.py:188} INFO - [2025-08-26T18:21:53.460+0100] {dag.py:3947} INFO - Setting next_dagrun for example_weekday_branch_operator to 2025-08-25 00:00:00+00:00, run_after=2025-08-26 00:00:00+00:00
[2025-08-26T18:21:53.465+0100] {processor.py:183} INFO - Processing /Users/vlad.alex995/Desktop/de-sprint/.venv-airflow/lib/python3.11/site-packages/airflow/example_dags/example_branch_day_of_week_operator.py took 0.046 seconds
[2025-08-26T18:23:19.878+0100] {processor.py:161} INFO - Started process (PID=39065) to work on /Users/vlad.alex995/Desktop/de-sprint/.venv-airflow/lib/python3.11/site-packages/airflow/example_dags/example_branch_day_of_week_operator.py
[2025-08-26T18:23:19.878+0100] {processor.py:830} INFO - Processing file /Users/vlad.alex995/Desktop/de-sprint/.venv-airflow/lib/python3.11/site-packages/airflow/example_dags/example_branch_day_of_week_operator.py for tasks to queue
[2025-08-26T18:23:19.878+0100] {logging_mixin.py:188} INFO - [2025-08-26T18:23:19.878+0100] {dagbag.py:545} INFO - Filling up the DagBag from /Users/vlad.alex995/Desktop/de-sprint/.venv-airflow/lib/python3.11/site-packages/airflow/example_dags/example_branch_day_of_week_operator.py
[2025-08-26T18:23:19.882+0100] {processor.py:840} INFO - DAG(s) 'example_weekday_branch_operator' retrieved from /Users/vlad.alex995/Desktop/de-sprint/.venv-airflow/lib/python3.11/site-packages/airflow/example_dags/example_branch_day_of_week_operator.py
[2025-08-26T18:23:19.916+0100] {logging_mixin.py:188} INFO - [2025-08-26T18:23:19.916+0100] {dag.py:3089} INFO - Sync 1 DAGs
[2025-08-26T18:23:19.923+0100] {logging_mixin.py:188} INFO - [2025-08-26T18:23:19.923+0100] {dag.py:3947} INFO - Setting next_dagrun for example_weekday_branch_operator to 2025-08-25 00:00:00+00:00, run_after=2025-08-26 00:00:00+00:00
[2025-08-26T18:23:19.930+0100] {processor.py:183} INFO - Processing /Users/vlad.alex995/Desktop/de-sprint/.venv-airflow/lib/python3.11/site-packages/airflow/example_dags/example_branch_day_of_week_operator.py took 0.053 seconds
[2025-08-26T18:24:47.028+0100] {processor.py:161} INFO - Started process (PID=39138) to work on /Users/vlad.alex995/Desktop/de-sprint/.venv-airflow/lib/python3.11/site-packages/airflow/example_dags/example_branch_day_of_week_operator.py
[2025-08-26T18:24:47.030+0100] {processor.py:830} INFO - Processing file /Users/vlad.alex995/Desktop/de-sprint/.venv-airflow/lib/python3.11/site-packages/airflow/example_dags/example_branch_day_of_week_operator.py for tasks to queue
[2025-08-26T18:24:47.030+0100] {logging_mixin.py:188} INFO - [2025-08-26T18:24:47.030+0100] {dagbag.py:545} INFO - Filling up the DagBag from /Users/vlad.alex995/Desktop/de-sprint/.venv-airflow/lib/python3.11/site-packages/airflow/example_dags/example_branch_day_of_week_operator.py
[2025-08-26T18:24:47.034+0100] {processor.py:840} INFO - DAG(s) 'example_weekday_branch_operator' retrieved from /Users/vlad.alex995/Desktop/de-sprint/.venv-airflow/lib/python3.11/site-packages/airflow/example_dags/example_branch_day_of_week_operator.py
[2025-08-26T18:24:47.063+0100] {logging_mixin.py:188} INFO - [2025-08-26T18:24:47.063+0100] {dag.py:3089} INFO - Sync 1 DAGs
[2025-08-26T18:24:47.068+0100] {logging_mixin.py:188} INFO - [2025-08-26T18:24:47.068+0100] {dag.py:3947} INFO - Setting next_dagrun for example_weekday_branch_operator to 2025-08-25 00:00:00+00:00, run_after=2025-08-26 00:00:00+00:00
[2025-08-26T18:24:47.073+0100] {processor.py:183} INFO - Processing /Users/vlad.alex995/Desktop/de-sprint/.venv-airflow/lib/python3.11/site-packages/airflow/example_dags/example_branch_day_of_week_operator.py took 0.046 seconds
[2025-08-26T18:26:23.751+0100] {processor.py:161} INFO - Started process (PID=39231) to work on /Users/vlad.alex995/Desktop/de-sprint/.venv-airflow/lib/python3.11/site-packages/airflow/example_dags/example_branch_day_of_week_operator.py
[2025-08-26T18:26:23.753+0100] {processor.py:830} INFO - Processing file /Users/vlad.alex995/Desktop/de-sprint/.venv-airflow/lib/python3.11/site-packages/airflow/example_dags/example_branch_day_of_week_operator.py for tasks to queue
[2025-08-26T18:26:23.753+0100] {logging_mixin.py:188} INFO - [2025-08-26T18:26:23.753+0100] {dagbag.py:545} INFO - Filling up the DagBag from /Users/vlad.alex995/Desktop/de-sprint/.venv-airflow/lib/python3.11/site-packages/airflow/example_dags/example_branch_day_of_week_operator.py
[2025-08-26T18:26:23.757+0100] {processor.py:840} INFO - DAG(s) 'example_weekday_branch_operator' retrieved from /Users/vlad.alex995/Desktop/de-sprint/.venv-airflow/lib/python3.11/site-packages/airflow/example_dags/example_branch_day_of_week_operator.py
[2025-08-26T18:26:23.787+0100] {logging_mixin.py:188} INFO - [2025-08-26T18:26:23.787+0100] {dag.py:3089} INFO - Sync 1 DAGs
[2025-08-26T18:26:23.793+0100] {logging_mixin.py:188} INFO - [2025-08-26T18:26:23.793+0100] {dag.py:3947} INFO - Setting next_dagrun for example_weekday_branch_operator to 2025-08-25 00:00:00+00:00, run_after=2025-08-26 00:00:00+00:00
[2025-08-26T18:26:23.799+0100] {processor.py:183} INFO - Processing /Users/vlad.alex995/Desktop/de-sprint/.venv-airflow/lib/python3.11/site-packages/airflow/example_dags/example_branch_day_of_week_operator.py took 0.049 seconds
