[2025-08-26T17:25:51.650+0100] {processor.py:161} INFO - Started process (PID=35345) to work on /Users/vlad.alex995/Desktop/de-sprint/.venv-airflow/lib/python3.11/site-packages/airflow/example_dags/example_latest_only.py
[2025-08-26T17:25:51.650+0100] {processor.py:830} INFO - Processing file /Users/vlad.alex995/Desktop/de-sprint/.venv-airflow/lib/python3.11/site-packages/airflow/example_dags/example_latest_only.py for tasks to queue
[2025-08-26T17:25:51.650+0100] {logging_mixin.py:188} INFO - [2025-08-26T17:25:51.650+0100] {dagbag.py:545} INFO - Filling up the DagBag from /Users/vlad.alex995/Desktop/de-sprint/.venv-airflow/lib/python3.11/site-packages/airflow/example_dags/example_latest_only.py
[2025-08-26T17:25:51.653+0100] {processor.py:840} INFO - DAG(s) 'latest_only' retrieved from /Users/vlad.alex995/Desktop/de-sprint/.venv-airflow/lib/python3.11/site-packages/airflow/example_dags/example_latest_only.py
[2025-08-26T17:25:51.709+0100] {logging_mixin.py:188} INFO - [2025-08-26T17:25:51.709+0100] {override.py:1858} INFO - Created Permission View: can read on DAG:latest_only
[2025-08-26T17:25:51.711+0100] {logging_mixin.py:188} INFO - [2025-08-26T17:25:51.711+0100] {override.py:1858} INFO - Created Permission View: can delete on DAG:latest_only
[2025-08-26T17:25:51.713+0100] {logging_mixin.py:188} INFO - [2025-08-26T17:25:51.713+0100] {override.py:1858} INFO - Created Permission View: can edit on DAG:latest_only
[2025-08-26T17:25:51.713+0100] {logging_mixin.py:188} INFO - [2025-08-26T17:25:51.713+0100] {dag.py:3089} INFO - Sync 1 DAGs
[2025-08-26T17:25:51.716+0100] {logging_mixin.py:188} INFO - [2025-08-26T17:25:51.716+0100] {dag.py:3111} INFO - Creating ORM DAG for latest_only
[2025-08-26T17:25:51.718+0100] {logging_mixin.py:188} INFO - [2025-08-26T17:25:51.718+0100] {dag.py:3947} INFO - Setting next_dagrun for latest_only to 2025-08-26 12:00:00+00:00, run_after=2025-08-26 16:00:00+00:00
[2025-08-26T17:25:51.725+0100] {processor.py:183} INFO - Processing /Users/vlad.alex995/Desktop/de-sprint/.venv-airflow/lib/python3.11/site-packages/airflow/example_dags/example_latest_only.py took 0.076 seconds
[2025-08-26T17:27:22.023+0100] {processor.py:161} INFO - Started process (PID=35417) to work on /Users/vlad.alex995/Desktop/de-sprint/.venv-airflow/lib/python3.11/site-packages/airflow/example_dags/example_latest_only.py
[2025-08-26T17:27:22.024+0100] {processor.py:830} INFO - Processing file /Users/vlad.alex995/Desktop/de-sprint/.venv-airflow/lib/python3.11/site-packages/airflow/example_dags/example_latest_only.py for tasks to queue
[2025-08-26T17:27:22.024+0100] {logging_mixin.py:188} INFO - [2025-08-26T17:27:22.024+0100] {dagbag.py:545} INFO - Filling up the DagBag from /Users/vlad.alex995/Desktop/de-sprint/.venv-airflow/lib/python3.11/site-packages/airflow/example_dags/example_latest_only.py
[2025-08-26T17:27:22.026+0100] {processor.py:840} INFO - DAG(s) 'latest_only' retrieved from /Users/vlad.alex995/Desktop/de-sprint/.venv-airflow/lib/python3.11/site-packages/airflow/example_dags/example_latest_only.py
[2025-08-26T17:27:22.055+0100] {logging_mixin.py:188} INFO - [2025-08-26T17:27:22.055+0100] {dag.py:3089} INFO - Sync 1 DAGs
[2025-08-26T17:27:22.061+0100] {logging_mixin.py:188} INFO - [2025-08-26T17:27:22.060+0100] {dag.py:3947} INFO - Setting next_dagrun for latest_only to 2025-08-26 12:00:00+00:00, run_after=2025-08-26 16:00:00+00:00
[2025-08-26T17:27:22.067+0100] {processor.py:183} INFO - Processing /Users/vlad.alex995/Desktop/de-sprint/.venv-airflow/lib/python3.11/site-packages/airflow/example_dags/example_latest_only.py took 0.045 seconds
[2025-08-26T17:28:57.159+0100] {processor.py:161} INFO - Started process (PID=35487) to work on /Users/vlad.alex995/Desktop/de-sprint/.venv-airflow/lib/python3.11/site-packages/airflow/example_dags/example_latest_only.py
[2025-08-26T17:28:57.160+0100] {processor.py:830} INFO - Processing file /Users/vlad.alex995/Desktop/de-sprint/.venv-airflow/lib/python3.11/site-packages/airflow/example_dags/example_latest_only.py for tasks to queue
[2025-08-26T17:28:57.160+0100] {logging_mixin.py:188} INFO - [2025-08-26T17:28:57.160+0100] {dagbag.py:545} INFO - Filling up the DagBag from /Users/vlad.alex995/Desktop/de-sprint/.venv-airflow/lib/python3.11/site-packages/airflow/example_dags/example_latest_only.py
[2025-08-26T17:28:57.163+0100] {processor.py:840} INFO - DAG(s) 'latest_only' retrieved from /Users/vlad.alex995/Desktop/de-sprint/.venv-airflow/lib/python3.11/site-packages/airflow/example_dags/example_latest_only.py
[2025-08-26T17:28:57.193+0100] {logging_mixin.py:188} INFO - [2025-08-26T17:28:57.193+0100] {dag.py:3089} INFO - Sync 1 DAGs
[2025-08-26T17:28:57.198+0100] {logging_mixin.py:188} INFO - [2025-08-26T17:28:57.198+0100] {dag.py:3947} INFO - Setting next_dagrun for latest_only to 2025-08-26 12:00:00+00:00, run_after=2025-08-26 16:00:00+00:00
[2025-08-26T17:28:57.205+0100] {processor.py:183} INFO - Processing /Users/vlad.alex995/Desktop/de-sprint/.venv-airflow/lib/python3.11/site-packages/airflow/example_dags/example_latest_only.py took 0.047 seconds
[2025-08-26T17:30:30.602+0100] {processor.py:161} INFO - Started process (PID=35557) to work on /Users/vlad.alex995/Desktop/de-sprint/.venv-airflow/lib/python3.11/site-packages/airflow/example_dags/example_latest_only.py
[2025-08-26T17:30:30.603+0100] {processor.py:830} INFO - Processing file /Users/vlad.alex995/Desktop/de-sprint/.venv-airflow/lib/python3.11/site-packages/airflow/example_dags/example_latest_only.py for tasks to queue
[2025-08-26T17:30:30.603+0100] {logging_mixin.py:188} INFO - [2025-08-26T17:30:30.603+0100] {dagbag.py:545} INFO - Filling up the DagBag from /Users/vlad.alex995/Desktop/de-sprint/.venv-airflow/lib/python3.11/site-packages/airflow/example_dags/example_latest_only.py
[2025-08-26T17:30:30.605+0100] {processor.py:840} INFO - DAG(s) 'latest_only' retrieved from /Users/vlad.alex995/Desktop/de-sprint/.venv-airflow/lib/python3.11/site-packages/airflow/example_dags/example_latest_only.py
[2025-08-26T17:30:30.637+0100] {logging_mixin.py:188} INFO - [2025-08-26T17:30:30.637+0100] {dag.py:3089} INFO - Sync 1 DAGs
[2025-08-26T17:30:30.642+0100] {logging_mixin.py:188} INFO - [2025-08-26T17:30:30.642+0100] {dag.py:3947} INFO - Setting next_dagrun for latest_only to 2025-08-26 12:00:00+00:00, run_after=2025-08-26 16:00:00+00:00
[2025-08-26T17:30:30.648+0100] {processor.py:183} INFO - Processing /Users/vlad.alex995/Desktop/de-sprint/.venv-airflow/lib/python3.11/site-packages/airflow/example_dags/example_latest_only.py took 0.047 seconds
[2025-08-26T17:32:00.150+0100] {processor.py:161} INFO - Started process (PID=35930) to work on /Users/vlad.alex995/Desktop/de-sprint/.venv-airflow/lib/python3.11/site-packages/airflow/example_dags/example_latest_only.py
[2025-08-26T17:32:00.150+0100] {processor.py:830} INFO - Processing file /Users/vlad.alex995/Desktop/de-sprint/.venv-airflow/lib/python3.11/site-packages/airflow/example_dags/example_latest_only.py for tasks to queue
[2025-08-26T17:32:00.150+0100] {logging_mixin.py:188} INFO - [2025-08-26T17:32:00.150+0100] {dagbag.py:545} INFO - Filling up the DagBag from /Users/vlad.alex995/Desktop/de-sprint/.venv-airflow/lib/python3.11/site-packages/airflow/example_dags/example_latest_only.py
[2025-08-26T17:32:00.153+0100] {processor.py:840} INFO - DAG(s) 'latest_only' retrieved from /Users/vlad.alex995/Desktop/de-sprint/.venv-airflow/lib/python3.11/site-packages/airflow/example_dags/example_latest_only.py
[2025-08-26T17:32:00.182+0100] {logging_mixin.py:188} INFO - [2025-08-26T17:32:00.181+0100] {dag.py:3089} INFO - Sync 1 DAGs
[2025-08-26T17:32:00.186+0100] {logging_mixin.py:188} INFO - [2025-08-26T17:32:00.186+0100] {dag.py:3947} INFO - Setting next_dagrun for latest_only to 2025-08-26 12:00:00+00:00, run_after=2025-08-26 16:00:00+00:00
[2025-08-26T17:32:00.193+0100] {processor.py:183} INFO - Processing /Users/vlad.alex995/Desktop/de-sprint/.venv-airflow/lib/python3.11/site-packages/airflow/example_dags/example_latest_only.py took 0.044 seconds
[2025-08-26T17:33:33.437+0100] {processor.py:161} INFO - Started process (PID=36020) to work on /Users/vlad.alex995/Desktop/de-sprint/.venv-airflow/lib/python3.11/site-packages/airflow/example_dags/example_latest_only.py
[2025-08-26T17:33:33.438+0100] {processor.py:830} INFO - Processing file /Users/vlad.alex995/Desktop/de-sprint/.venv-airflow/lib/python3.11/site-packages/airflow/example_dags/example_latest_only.py for tasks to queue
[2025-08-26T17:33:33.439+0100] {logging_mixin.py:188} INFO - [2025-08-26T17:33:33.439+0100] {dagbag.py:545} INFO - Filling up the DagBag from /Users/vlad.alex995/Desktop/de-sprint/.venv-airflow/lib/python3.11/site-packages/airflow/example_dags/example_latest_only.py
[2025-08-26T17:33:33.441+0100] {processor.py:840} INFO - DAG(s) 'latest_only' retrieved from /Users/vlad.alex995/Desktop/de-sprint/.venv-airflow/lib/python3.11/site-packages/airflow/example_dags/example_latest_only.py
[2025-08-26T17:33:33.471+0100] {logging_mixin.py:188} INFO - [2025-08-26T17:33:33.471+0100] {dag.py:3089} INFO - Sync 1 DAGs
[2025-08-26T17:33:33.476+0100] {logging_mixin.py:188} INFO - [2025-08-26T17:33:33.476+0100] {dag.py:3947} INFO - Setting next_dagrun for latest_only to 2025-08-26 12:00:00+00:00, run_after=2025-08-26 16:00:00+00:00
[2025-08-26T17:33:33.483+0100] {processor.py:183} INFO - Processing /Users/vlad.alex995/Desktop/de-sprint/.venv-airflow/lib/python3.11/site-packages/airflow/example_dags/example_latest_only.py took 0.047 seconds
[2025-08-26T18:11:32.290+0100] {processor.py:161} INFO - Started process (PID=37432) to work on /Users/vlad.alex995/Desktop/de-sprint/.venv-airflow/lib/python3.11/site-packages/airflow/example_dags/example_latest_only.py
[2025-08-26T18:11:32.292+0100] {processor.py:830} INFO - Processing file /Users/vlad.alex995/Desktop/de-sprint/.venv-airflow/lib/python3.11/site-packages/airflow/example_dags/example_latest_only.py for tasks to queue
[2025-08-26T18:11:32.292+0100] {logging_mixin.py:188} INFO - [2025-08-26T18:11:32.292+0100] {dagbag.py:545} INFO - Filling up the DagBag from /Users/vlad.alex995/Desktop/de-sprint/.venv-airflow/lib/python3.11/site-packages/airflow/example_dags/example_latest_only.py
[2025-08-26T18:11:32.296+0100] {processor.py:840} INFO - DAG(s) 'latest_only' retrieved from /Users/vlad.alex995/Desktop/de-sprint/.venv-airflow/lib/python3.11/site-packages/airflow/example_dags/example_latest_only.py
[2025-08-26T18:11:32.332+0100] {logging_mixin.py:188} INFO - [2025-08-26T18:11:32.331+0100] {dag.py:3089} INFO - Sync 1 DAGs
[2025-08-26T18:11:32.339+0100] {logging_mixin.py:188} INFO - [2025-08-26T18:11:32.339+0100] {dag.py:3947} INFO - Setting next_dagrun for latest_only to 2025-08-26 12:00:00+00:00, run_after=2025-08-26 16:00:00+00:00
[2025-08-26T18:11:32.348+0100] {processor.py:183} INFO - Processing /Users/vlad.alex995/Desktop/de-sprint/.venv-airflow/lib/python3.11/site-packages/airflow/example_dags/example_latest_only.py took 0.059 seconds
[2025-08-26T18:13:07.320+0100] {processor.py:161} INFO - Started process (PID=37501) to work on /Users/vlad.alex995/Desktop/de-sprint/.venv-airflow/lib/python3.11/site-packages/airflow/example_dags/example_latest_only.py
[2025-08-26T18:13:07.321+0100] {processor.py:830} INFO - Processing file /Users/vlad.alex995/Desktop/de-sprint/.venv-airflow/lib/python3.11/site-packages/airflow/example_dags/example_latest_only.py for tasks to queue
[2025-08-26T18:13:07.321+0100] {logging_mixin.py:188} INFO - [2025-08-26T18:13:07.321+0100] {dagbag.py:545} INFO - Filling up the DagBag from /Users/vlad.alex995/Desktop/de-sprint/.venv-airflow/lib/python3.11/site-packages/airflow/example_dags/example_latest_only.py
[2025-08-26T18:13:07.323+0100] {processor.py:840} INFO - DAG(s) 'latest_only' retrieved from /Users/vlad.alex995/Desktop/de-sprint/.venv-airflow/lib/python3.11/site-packages/airflow/example_dags/example_latest_only.py
[2025-08-26T18:13:07.352+0100] {logging_mixin.py:188} INFO - [2025-08-26T18:13:07.352+0100] {dag.py:3089} INFO - Sync 1 DAGs
[2025-08-26T18:13:07.358+0100] {logging_mixin.py:188} INFO - [2025-08-26T18:13:07.358+0100] {dag.py:3947} INFO - Setting next_dagrun for latest_only to 2025-08-26 12:00:00+00:00, run_after=2025-08-26 16:00:00+00:00
[2025-08-26T18:13:07.363+0100] {processor.py:183} INFO - Processing /Users/vlad.alex995/Desktop/de-sprint/.venv-airflow/lib/python3.11/site-packages/airflow/example_dags/example_latest_only.py took 0.044 seconds
[2025-08-26T18:14:33.980+0100] {processor.py:161} INFO - Started process (PID=37805) to work on /Users/vlad.alex995/Desktop/de-sprint/.venv-airflow/lib/python3.11/site-packages/airflow/example_dags/example_latest_only.py
[2025-08-26T18:14:33.981+0100] {processor.py:830} INFO - Processing file /Users/vlad.alex995/Desktop/de-sprint/.venv-airflow/lib/python3.11/site-packages/airflow/example_dags/example_latest_only.py for tasks to queue
[2025-08-26T18:14:33.981+0100] {logging_mixin.py:188} INFO - [2025-08-26T18:14:33.981+0100] {dagbag.py:545} INFO - Filling up the DagBag from /Users/vlad.alex995/Desktop/de-sprint/.venv-airflow/lib/python3.11/site-packages/airflow/example_dags/example_latest_only.py
[2025-08-26T18:14:33.984+0100] {processor.py:840} INFO - DAG(s) 'latest_only' retrieved from /Users/vlad.alex995/Desktop/de-sprint/.venv-airflow/lib/python3.11/site-packages/airflow/example_dags/example_latest_only.py
[2025-08-26T18:14:34.015+0100] {logging_mixin.py:188} INFO - [2025-08-26T18:14:34.015+0100] {dag.py:3089} INFO - Sync 1 DAGs
[2025-08-26T18:14:34.021+0100] {logging_mixin.py:188} INFO - [2025-08-26T18:14:34.020+0100] {dag.py:3947} INFO - Setting next_dagrun for latest_only to 2025-08-26 12:00:00+00:00, run_after=2025-08-26 16:00:00+00:00
[2025-08-26T18:14:34.026+0100] {processor.py:183} INFO - Processing /Users/vlad.alex995/Desktop/de-sprint/.venv-airflow/lib/python3.11/site-packages/airflow/example_dags/example_latest_only.py took 0.048 seconds
[2025-08-26T18:16:06.617+0100] {processor.py:161} INFO - Started process (PID=38043) to work on /Users/vlad.alex995/Desktop/de-sprint/.venv-airflow/lib/python3.11/site-packages/airflow/example_dags/example_latest_only.py
[2025-08-26T18:16:06.618+0100] {processor.py:830} INFO - Processing file /Users/vlad.alex995/Desktop/de-sprint/.venv-airflow/lib/python3.11/site-packages/airflow/example_dags/example_latest_only.py for tasks to queue
[2025-08-26T18:16:06.618+0100] {logging_mixin.py:188} INFO - [2025-08-26T18:16:06.618+0100] {dagbag.py:545} INFO - Filling up the DagBag from /Users/vlad.alex995/Desktop/de-sprint/.venv-airflow/lib/python3.11/site-packages/airflow/example_dags/example_latest_only.py
[2025-08-26T18:16:06.620+0100] {processor.py:840} INFO - DAG(s) 'latest_only' retrieved from /Users/vlad.alex995/Desktop/de-sprint/.venv-airflow/lib/python3.11/site-packages/airflow/example_dags/example_latest_only.py
[2025-08-26T18:16:06.650+0100] {logging_mixin.py:188} INFO - [2025-08-26T18:16:06.650+0100] {dag.py:3089} INFO - Sync 1 DAGs
[2025-08-26T18:16:06.655+0100] {logging_mixin.py:188} INFO - [2025-08-26T18:16:06.655+0100] {dag.py:3947} INFO - Setting next_dagrun for latest_only to 2025-08-26 12:00:00+00:00, run_after=2025-08-26 16:00:00+00:00
[2025-08-26T18:16:06.661+0100] {processor.py:183} INFO - Processing /Users/vlad.alex995/Desktop/de-sprint/.venv-airflow/lib/python3.11/site-packages/airflow/example_dags/example_latest_only.py took 0.045 seconds
[2025-08-26T18:17:45.297+0100] {processor.py:161} INFO - Started process (PID=38318) to work on /Users/vlad.alex995/Desktop/de-sprint/.venv-airflow/lib/python3.11/site-packages/airflow/example_dags/example_latest_only.py
[2025-08-26T18:17:45.298+0100] {processor.py:830} INFO - Processing file /Users/vlad.alex995/Desktop/de-sprint/.venv-airflow/lib/python3.11/site-packages/airflow/example_dags/example_latest_only.py for tasks to queue
[2025-08-26T18:17:45.298+0100] {logging_mixin.py:188} INFO - [2025-08-26T18:17:45.298+0100] {dagbag.py:545} INFO - Filling up the DagBag from /Users/vlad.alex995/Desktop/de-sprint/.venv-airflow/lib/python3.11/site-packages/airflow/example_dags/example_latest_only.py
[2025-08-26T18:17:45.301+0100] {processor.py:840} INFO - DAG(s) 'latest_only' retrieved from /Users/vlad.alex995/Desktop/de-sprint/.venv-airflow/lib/python3.11/site-packages/airflow/example_dags/example_latest_only.py
[2025-08-26T18:17:45.332+0100] {logging_mixin.py:188} INFO - [2025-08-26T18:17:45.332+0100] {dag.py:3089} INFO - Sync 1 DAGs
[2025-08-26T18:17:45.338+0100] {logging_mixin.py:188} INFO - [2025-08-26T18:17:45.338+0100] {dag.py:3947} INFO - Setting next_dagrun for latest_only to 2025-08-26 12:00:00+00:00, run_after=2025-08-26 16:00:00+00:00
[2025-08-26T18:17:45.344+0100] {processor.py:183} INFO - Processing /Users/vlad.alex995/Desktop/de-sprint/.venv-airflow/lib/python3.11/site-packages/airflow/example_dags/example_latest_only.py took 0.048 seconds
[2025-08-26T18:20:00.659+0100] {processor.py:161} INFO - Started process (PID=38899) to work on /Users/vlad.alex995/Desktop/de-sprint/.venv-airflow/lib/python3.11/site-packages/airflow/example_dags/example_latest_only.py
[2025-08-26T18:20:00.660+0100] {processor.py:830} INFO - Processing file /Users/vlad.alex995/Desktop/de-sprint/.venv-airflow/lib/python3.11/site-packages/airflow/example_dags/example_latest_only.py for tasks to queue
[2025-08-26T18:20:00.660+0100] {logging_mixin.py:188} INFO - [2025-08-26T18:20:00.660+0100] {dagbag.py:545} INFO - Filling up the DagBag from /Users/vlad.alex995/Desktop/de-sprint/.venv-airflow/lib/python3.11/site-packages/airflow/example_dags/example_latest_only.py
[2025-08-26T18:20:00.663+0100] {processor.py:840} INFO - DAG(s) 'latest_only' retrieved from /Users/vlad.alex995/Desktop/de-sprint/.venv-airflow/lib/python3.11/site-packages/airflow/example_dags/example_latest_only.py
[2025-08-26T18:20:00.691+0100] {logging_mixin.py:188} INFO - [2025-08-26T18:20:00.691+0100] {dag.py:3089} INFO - Sync 1 DAGs
[2025-08-26T18:20:00.696+0100] {logging_mixin.py:188} INFO - [2025-08-26T18:20:00.696+0100] {dag.py:3947} INFO - Setting next_dagrun for latest_only to 2025-08-26 12:00:00+00:00, run_after=2025-08-26 16:00:00+00:00
[2025-08-26T18:20:00.702+0100] {processor.py:183} INFO - Processing /Users/vlad.alex995/Desktop/de-sprint/.venv-airflow/lib/python3.11/site-packages/airflow/example_dags/example_latest_only.py took 0.043 seconds
[2025-08-26T18:21:33.686+0100] {processor.py:161} INFO - Started process (PID=38980) to work on /Users/vlad.alex995/Desktop/de-sprint/.venv-airflow/lib/python3.11/site-packages/airflow/example_dags/example_latest_only.py
[2025-08-26T18:21:33.687+0100] {processor.py:830} INFO - Processing file /Users/vlad.alex995/Desktop/de-sprint/.venv-airflow/lib/python3.11/site-packages/airflow/example_dags/example_latest_only.py for tasks to queue
[2025-08-26T18:21:33.687+0100] {logging_mixin.py:188} INFO - [2025-08-26T18:21:33.687+0100] {dagbag.py:545} INFO - Filling up the DagBag from /Users/vlad.alex995/Desktop/de-sprint/.venv-airflow/lib/python3.11/site-packages/airflow/example_dags/example_latest_only.py
[2025-08-26T18:21:33.689+0100] {processor.py:840} INFO - DAG(s) 'latest_only' retrieved from /Users/vlad.alex995/Desktop/de-sprint/.venv-airflow/lib/python3.11/site-packages/airflow/example_dags/example_latest_only.py
[2025-08-26T18:21:33.723+0100] {logging_mixin.py:188} INFO - [2025-08-26T18:21:33.723+0100] {dag.py:3089} INFO - Sync 1 DAGs
[2025-08-26T18:21:33.730+0100] {logging_mixin.py:188} INFO - [2025-08-26T18:21:33.730+0100] {dag.py:3947} INFO - Setting next_dagrun for latest_only to 2025-08-26 12:00:00+00:00, run_after=2025-08-26 16:00:00+00:00
[2025-08-26T18:21:33.736+0100] {processor.py:183} INFO - Processing /Users/vlad.alex995/Desktop/de-sprint/.venv-airflow/lib/python3.11/site-packages/airflow/example_dags/example_latest_only.py took 0.052 seconds
[2025-08-26T18:23:02.918+0100] {processor.py:161} INFO - Started process (PID=39051) to work on /Users/vlad.alex995/Desktop/de-sprint/.venv-airflow/lib/python3.11/site-packages/airflow/example_dags/example_latest_only.py
[2025-08-26T18:23:02.918+0100] {processor.py:830} INFO - Processing file /Users/vlad.alex995/Desktop/de-sprint/.venv-airflow/lib/python3.11/site-packages/airflow/example_dags/example_latest_only.py for tasks to queue
[2025-08-26T18:23:02.918+0100] {logging_mixin.py:188} INFO - [2025-08-26T18:23:02.918+0100] {dagbag.py:545} INFO - Filling up the DagBag from /Users/vlad.alex995/Desktop/de-sprint/.venv-airflow/lib/python3.11/site-packages/airflow/example_dags/example_latest_only.py
[2025-08-26T18:23:02.921+0100] {processor.py:840} INFO - DAG(s) 'latest_only' retrieved from /Users/vlad.alex995/Desktop/de-sprint/.venv-airflow/lib/python3.11/site-packages/airflow/example_dags/example_latest_only.py
[2025-08-26T18:23:02.949+0100] {logging_mixin.py:188} INFO - [2025-08-26T18:23:02.949+0100] {dag.py:3089} INFO - Sync 1 DAGs
[2025-08-26T18:23:02.954+0100] {logging_mixin.py:188} INFO - [2025-08-26T18:23:02.954+0100] {dag.py:3947} INFO - Setting next_dagrun for latest_only to 2025-08-26 12:00:00+00:00, run_after=2025-08-26 16:00:00+00:00
[2025-08-26T18:23:02.960+0100] {processor.py:183} INFO - Processing /Users/vlad.alex995/Desktop/de-sprint/.venv-airflow/lib/python3.11/site-packages/airflow/example_dags/example_latest_only.py took 0.043 seconds
[2025-08-26T18:24:27.041+0100] {processor.py:161} INFO - Started process (PID=39119) to work on /Users/vlad.alex995/Desktop/de-sprint/.venv-airflow/lib/python3.11/site-packages/airflow/example_dags/example_latest_only.py
[2025-08-26T18:24:27.042+0100] {processor.py:830} INFO - Processing file /Users/vlad.alex995/Desktop/de-sprint/.venv-airflow/lib/python3.11/site-packages/airflow/example_dags/example_latest_only.py for tasks to queue
[2025-08-26T18:24:27.042+0100] {logging_mixin.py:188} INFO - [2025-08-26T18:24:27.042+0100] {dagbag.py:545} INFO - Filling up the DagBag from /Users/vlad.alex995/Desktop/de-sprint/.venv-airflow/lib/python3.11/site-packages/airflow/example_dags/example_latest_only.py
[2025-08-26T18:24:27.045+0100] {processor.py:840} INFO - DAG(s) 'latest_only' retrieved from /Users/vlad.alex995/Desktop/de-sprint/.venv-airflow/lib/python3.11/site-packages/airflow/example_dags/example_latest_only.py
[2025-08-26T18:24:27.075+0100] {logging_mixin.py:188} INFO - [2025-08-26T18:24:27.075+0100] {dag.py:3089} INFO - Sync 1 DAGs
[2025-08-26T18:24:27.081+0100] {logging_mixin.py:188} INFO - [2025-08-26T18:24:27.081+0100] {dag.py:3947} INFO - Setting next_dagrun for latest_only to 2025-08-26 12:00:00+00:00, run_after=2025-08-26 16:00:00+00:00
[2025-08-26T18:24:27.087+0100] {processor.py:183} INFO - Processing /Users/vlad.alex995/Desktop/de-sprint/.venv-airflow/lib/python3.11/site-packages/airflow/example_dags/example_latest_only.py took 0.047 seconds
[2025-08-26T18:26:03.409+0100] {processor.py:161} INFO - Started process (PID=39215) to work on /Users/vlad.alex995/Desktop/de-sprint/.venv-airflow/lib/python3.11/site-packages/airflow/example_dags/example_latest_only.py
[2025-08-26T18:26:03.410+0100] {processor.py:830} INFO - Processing file /Users/vlad.alex995/Desktop/de-sprint/.venv-airflow/lib/python3.11/site-packages/airflow/example_dags/example_latest_only.py for tasks to queue
[2025-08-26T18:26:03.410+0100] {logging_mixin.py:188} INFO - [2025-08-26T18:26:03.410+0100] {dagbag.py:545} INFO - Filling up the DagBag from /Users/vlad.alex995/Desktop/de-sprint/.venv-airflow/lib/python3.11/site-packages/airflow/example_dags/example_latest_only.py
[2025-08-26T18:26:03.413+0100] {processor.py:840} INFO - DAG(s) 'latest_only' retrieved from /Users/vlad.alex995/Desktop/de-sprint/.venv-airflow/lib/python3.11/site-packages/airflow/example_dags/example_latest_only.py
[2025-08-26T18:26:03.445+0100] {logging_mixin.py:188} INFO - [2025-08-26T18:26:03.445+0100] {dag.py:3089} INFO - Sync 1 DAGs
[2025-08-26T18:26:03.451+0100] {logging_mixin.py:188} INFO - [2025-08-26T18:26:03.451+0100] {dag.py:3947} INFO - Setting next_dagrun for latest_only to 2025-08-26 12:00:00+00:00, run_after=2025-08-26 16:00:00+00:00
[2025-08-26T18:26:03.456+0100] {processor.py:183} INFO - Processing /Users/vlad.alex995/Desktop/de-sprint/.venv-airflow/lib/python3.11/site-packages/airflow/example_dags/example_latest_only.py took 0.048 seconds
[2025-08-26T18:27:51.650+0100] {processor.py:161} INFO - Started process (PID=39731) to work on /Users/vlad.alex995/Desktop/de-sprint/.venv-airflow/lib/python3.11/site-packages/airflow/example_dags/example_latest_only.py
[2025-08-26T18:27:51.651+0100] {processor.py:830} INFO - Processing file /Users/vlad.alex995/Desktop/de-sprint/.venv-airflow/lib/python3.11/site-packages/airflow/example_dags/example_latest_only.py for tasks to queue
[2025-08-26T18:27:51.652+0100] {logging_mixin.py:188} INFO - [2025-08-26T18:27:51.652+0100] {dagbag.py:545} INFO - Filling up the DagBag from /Users/vlad.alex995/Desktop/de-sprint/.venv-airflow/lib/python3.11/site-packages/airflow/example_dags/example_latest_only.py
[2025-08-26T18:27:51.655+0100] {processor.py:840} INFO - DAG(s) 'latest_only' retrieved from /Users/vlad.alex995/Desktop/de-sprint/.venv-airflow/lib/python3.11/site-packages/airflow/example_dags/example_latest_only.py
[2025-08-26T18:27:51.685+0100] {logging_mixin.py:188} INFO - [2025-08-26T18:27:51.685+0100] {dag.py:3089} INFO - Sync 1 DAGs
[2025-08-26T18:27:51.691+0100] {logging_mixin.py:188} INFO - [2025-08-26T18:27:51.691+0100] {dag.py:3947} INFO - Setting next_dagrun for latest_only to 2025-08-26 12:00:00+00:00, run_after=2025-08-26 16:00:00+00:00
[2025-08-26T18:27:51.697+0100] {processor.py:183} INFO - Processing /Users/vlad.alex995/Desktop/de-sprint/.venv-airflow/lib/python3.11/site-packages/airflow/example_dags/example_latest_only.py took 0.048 seconds
