[2025-08-26T17:26:07.687+0100] {processor.py:161} INFO - Started process (PID=35357) to work on /Users/vlad.alex995/Desktop/de-sprint/.venv-airflow/lib/python3.11/site-packages/airflow/example_dags/example_branch_operator.py
[2025-08-26T17:26:07.688+0100] {processor.py:830} INFO - Processing file /Users/vlad.alex995/Desktop/de-sprint/.venv-airflow/lib/python3.11/site-packages/airflow/example_dags/example_branch_operator.py for tasks to queue
[2025-08-26T17:26:07.688+0100] {logging_mixin.py:188} INFO - [2025-08-26T17:26:07.688+0100] {dagbag.py:545} INFO - Filling up the DagBag from /Users/vlad.alex995/Desktop/de-sprint/.venv-airflow/lib/python3.11/site-packages/airflow/example_dags/example_branch_operator.py
[2025-08-26T17:26:07.697+0100] {processor.py:842} WARNING - No viable dags retrieved from /Users/vlad.alex995/Desktop/de-sprint/.venv-airflow/lib/python3.11/site-packages/airflow/example_dags/example_branch_operator.py
[2025-08-26T17:26:07.719+0100] {processor.py:183} INFO - Processing /Users/vlad.alex995/Desktop/de-sprint/.venv-airflow/lib/python3.11/site-packages/airflow/example_dags/example_branch_operator.py took 0.033 seconds
[2025-08-26T17:27:38.632+0100] {processor.py:161} INFO - Started process (PID=35429) to work on /Users/vlad.alex995/Desktop/de-sprint/.venv-airflow/lib/python3.11/site-packages/airflow/example_dags/example_branch_operator.py
[2025-08-26T17:27:38.633+0100] {processor.py:830} INFO - Processing file /Users/vlad.alex995/Desktop/de-sprint/.venv-airflow/lib/python3.11/site-packages/airflow/example_dags/example_branch_operator.py for tasks to queue
[2025-08-26T17:27:38.633+0100] {logging_mixin.py:188} INFO - [2025-08-26T17:27:38.633+0100] {dagbag.py:545} INFO - Filling up the DagBag from /Users/vlad.alex995/Desktop/de-sprint/.venv-airflow/lib/python3.11/site-packages/airflow/example_dags/example_branch_operator.py
[2025-08-26T17:27:38.642+0100] {processor.py:842} WARNING - No viable dags retrieved from /Users/vlad.alex995/Desktop/de-sprint/.venv-airflow/lib/python3.11/site-packages/airflow/example_dags/example_branch_operator.py
[2025-08-26T17:27:38.666+0100] {processor.py:183} INFO - Processing /Users/vlad.alex995/Desktop/de-sprint/.venv-airflow/lib/python3.11/site-packages/airflow/example_dags/example_branch_operator.py took 0.035 seconds
[2025-08-26T17:29:14.747+0100] {processor.py:161} INFO - Started process (PID=35498) to work on /Users/vlad.alex995/Desktop/de-sprint/.venv-airflow/lib/python3.11/site-packages/airflow/example_dags/example_branch_operator.py
[2025-08-26T17:29:14.748+0100] {processor.py:830} INFO - Processing file /Users/vlad.alex995/Desktop/de-sprint/.venv-airflow/lib/python3.11/site-packages/airflow/example_dags/example_branch_operator.py for tasks to queue
[2025-08-26T17:29:14.748+0100] {logging_mixin.py:188} INFO - [2025-08-26T17:29:14.748+0100] {dagbag.py:545} INFO - Filling up the DagBag from /Users/vlad.alex995/Desktop/de-sprint/.venv-airflow/lib/python3.11/site-packages/airflow/example_dags/example_branch_operator.py
[2025-08-26T17:29:14.757+0100] {processor.py:842} WARNING - No viable dags retrieved from /Users/vlad.alex995/Desktop/de-sprint/.venv-airflow/lib/python3.11/site-packages/airflow/example_dags/example_branch_operator.py
[2025-08-26T17:29:14.780+0100] {processor.py:183} INFO - Processing /Users/vlad.alex995/Desktop/de-sprint/.venv-airflow/lib/python3.11/site-packages/airflow/example_dags/example_branch_operator.py took 0.034 seconds
[2025-08-26T17:30:45.981+0100] {processor.py:161} INFO - Started process (PID=35568) to work on /Users/vlad.alex995/Desktop/de-sprint/.venv-airflow/lib/python3.11/site-packages/airflow/example_dags/example_branch_operator.py
[2025-08-26T17:30:45.982+0100] {processor.py:830} INFO - Processing file /Users/vlad.alex995/Desktop/de-sprint/.venv-airflow/lib/python3.11/site-packages/airflow/example_dags/example_branch_operator.py for tasks to queue
[2025-08-26T17:30:45.982+0100] {logging_mixin.py:188} INFO - [2025-08-26T17:30:45.982+0100] {dagbag.py:545} INFO - Filling up the DagBag from /Users/vlad.alex995/Desktop/de-sprint/.venv-airflow/lib/python3.11/site-packages/airflow/example_dags/example_branch_operator.py
[2025-08-26T17:30:45.991+0100] {processor.py:842} WARNING - No viable dags retrieved from /Users/vlad.alex995/Desktop/de-sprint/.venv-airflow/lib/python3.11/site-packages/airflow/example_dags/example_branch_operator.py
[2025-08-26T17:30:46.015+0100] {processor.py:183} INFO - Processing /Users/vlad.alex995/Desktop/de-sprint/.venv-airflow/lib/python3.11/site-packages/airflow/example_dags/example_branch_operator.py took 0.035 seconds
[2025-08-26T17:32:16.333+0100] {processor.py:161} INFO - Started process (PID=35946) to work on /Users/vlad.alex995/Desktop/de-sprint/.venv-airflow/lib/python3.11/site-packages/airflow/example_dags/example_branch_operator.py
[2025-08-26T17:32:16.333+0100] {processor.py:830} INFO - Processing file /Users/vlad.alex995/Desktop/de-sprint/.venv-airflow/lib/python3.11/site-packages/airflow/example_dags/example_branch_operator.py for tasks to queue
[2025-08-26T17:32:16.334+0100] {logging_mixin.py:188} INFO - [2025-08-26T17:32:16.333+0100] {dagbag.py:545} INFO - Filling up the DagBag from /Users/vlad.alex995/Desktop/de-sprint/.venv-airflow/lib/python3.11/site-packages/airflow/example_dags/example_branch_operator.py
[2025-08-26T17:32:16.342+0100] {processor.py:842} WARNING - No viable dags retrieved from /Users/vlad.alex995/Desktop/de-sprint/.venv-airflow/lib/python3.11/site-packages/airflow/example_dags/example_branch_operator.py
[2025-08-26T17:32:16.364+0100] {processor.py:183} INFO - Processing /Users/vlad.alex995/Desktop/de-sprint/.venv-airflow/lib/python3.11/site-packages/airflow/example_dags/example_branch_operator.py took 0.032 seconds
[2025-08-26T17:33:50.268+0100] {processor.py:161} INFO - Started process (PID=36031) to work on /Users/vlad.alex995/Desktop/de-sprint/.venv-airflow/lib/python3.11/site-packages/airflow/example_dags/example_branch_operator.py
[2025-08-26T17:33:50.269+0100] {processor.py:830} INFO - Processing file /Users/vlad.alex995/Desktop/de-sprint/.venv-airflow/lib/python3.11/site-packages/airflow/example_dags/example_branch_operator.py for tasks to queue
[2025-08-26T17:33:50.269+0100] {logging_mixin.py:188} INFO - [2025-08-26T17:33:50.269+0100] {dagbag.py:545} INFO - Filling up the DagBag from /Users/vlad.alex995/Desktop/de-sprint/.venv-airflow/lib/python3.11/site-packages/airflow/example_dags/example_branch_operator.py
[2025-08-26T17:33:50.278+0100] {processor.py:842} WARNING - No viable dags retrieved from /Users/vlad.alex995/Desktop/de-sprint/.venv-airflow/lib/python3.11/site-packages/airflow/example_dags/example_branch_operator.py
[2025-08-26T17:33:50.301+0100] {processor.py:183} INFO - Processing /Users/vlad.alex995/Desktop/de-sprint/.venv-airflow/lib/python3.11/site-packages/airflow/example_dags/example_branch_operator.py took 0.034 seconds
[2025-08-26T18:11:49.751+0100] {processor.py:161} INFO - Started process (PID=37443) to work on /Users/vlad.alex995/Desktop/de-sprint/.venv-airflow/lib/python3.11/site-packages/airflow/example_dags/example_branch_operator.py
[2025-08-26T18:11:49.753+0100] {processor.py:830} INFO - Processing file /Users/vlad.alex995/Desktop/de-sprint/.venv-airflow/lib/python3.11/site-packages/airflow/example_dags/example_branch_operator.py for tasks to queue
[2025-08-26T18:11:49.753+0100] {logging_mixin.py:188} INFO - [2025-08-26T18:11:49.753+0100] {dagbag.py:545} INFO - Filling up the DagBag from /Users/vlad.alex995/Desktop/de-sprint/.venv-airflow/lib/python3.11/site-packages/airflow/example_dags/example_branch_operator.py
[2025-08-26T18:11:49.762+0100] {processor.py:842} WARNING - No viable dags retrieved from /Users/vlad.alex995/Desktop/de-sprint/.venv-airflow/lib/python3.11/site-packages/airflow/example_dags/example_branch_operator.py
[2025-08-26T18:11:49.788+0100] {processor.py:183} INFO - Processing /Users/vlad.alex995/Desktop/de-sprint/.venv-airflow/lib/python3.11/site-packages/airflow/example_dags/example_branch_operator.py took 0.038 seconds
[2025-08-26T18:13:22.686+0100] {processor.py:161} INFO - Started process (PID=37515) to work on /Users/vlad.alex995/Desktop/de-sprint/.venv-airflow/lib/python3.11/site-packages/airflow/example_dags/example_branch_operator.py
[2025-08-26T18:13:22.686+0100] {processor.py:830} INFO - Processing file /Users/vlad.alex995/Desktop/de-sprint/.venv-airflow/lib/python3.11/site-packages/airflow/example_dags/example_branch_operator.py for tasks to queue
[2025-08-26T18:13:22.687+0100] {logging_mixin.py:188} INFO - [2025-08-26T18:13:22.686+0100] {dagbag.py:545} INFO - Filling up the DagBag from /Users/vlad.alex995/Desktop/de-sprint/.venv-airflow/lib/python3.11/site-packages/airflow/example_dags/example_branch_operator.py
[2025-08-26T18:13:22.695+0100] {processor.py:842} WARNING - No viable dags retrieved from /Users/vlad.alex995/Desktop/de-sprint/.venv-airflow/lib/python3.11/site-packages/airflow/example_dags/example_branch_operator.py
[2025-08-26T18:13:22.718+0100] {processor.py:183} INFO - Processing /Users/vlad.alex995/Desktop/de-sprint/.venv-airflow/lib/python3.11/site-packages/airflow/example_dags/example_branch_operator.py took 0.033 seconds
[2025-08-26T18:14:50.328+0100] {processor.py:161} INFO - Started process (PID=37979) to work on /Users/vlad.alex995/Desktop/de-sprint/.venv-airflow/lib/python3.11/site-packages/airflow/example_dags/example_branch_operator.py
[2025-08-26T18:14:50.329+0100] {processor.py:830} INFO - Processing file /Users/vlad.alex995/Desktop/de-sprint/.venv-airflow/lib/python3.11/site-packages/airflow/example_dags/example_branch_operator.py for tasks to queue
[2025-08-26T18:14:50.330+0100] {logging_mixin.py:188} INFO - [2025-08-26T18:14:50.329+0100] {dagbag.py:545} INFO - Filling up the DagBag from /Users/vlad.alex995/Desktop/de-sprint/.venv-airflow/lib/python3.11/site-packages/airflow/example_dags/example_branch_operator.py
[2025-08-26T18:14:50.338+0100] {processor.py:842} WARNING - No viable dags retrieved from /Users/vlad.alex995/Desktop/de-sprint/.venv-airflow/lib/python3.11/site-packages/airflow/example_dags/example_branch_operator.py
[2025-08-26T18:14:50.362+0100] {processor.py:183} INFO - Processing /Users/vlad.alex995/Desktop/de-sprint/.venv-airflow/lib/python3.11/site-packages/airflow/example_dags/example_branch_operator.py took 0.035 seconds
[2025-08-26T18:16:23.037+0100] {processor.py:161} INFO - Started process (PID=38055) to work on /Users/vlad.alex995/Desktop/de-sprint/.venv-airflow/lib/python3.11/site-packages/airflow/example_dags/example_branch_operator.py
[2025-08-26T18:16:23.038+0100] {processor.py:830} INFO - Processing file /Users/vlad.alex995/Desktop/de-sprint/.venv-airflow/lib/python3.11/site-packages/airflow/example_dags/example_branch_operator.py for tasks to queue
[2025-08-26T18:16:23.038+0100] {logging_mixin.py:188} INFO - [2025-08-26T18:16:23.038+0100] {dagbag.py:545} INFO - Filling up the DagBag from /Users/vlad.alex995/Desktop/de-sprint/.venv-airflow/lib/python3.11/site-packages/airflow/example_dags/example_branch_operator.py
[2025-08-26T18:16:23.047+0100] {processor.py:842} WARNING - No viable dags retrieved from /Users/vlad.alex995/Desktop/de-sprint/.venv-airflow/lib/python3.11/site-packages/airflow/example_dags/example_branch_operator.py
[2025-08-26T18:16:23.071+0100] {processor.py:183} INFO - Processing /Users/vlad.alex995/Desktop/de-sprint/.venv-airflow/lib/python3.11/site-packages/airflow/example_dags/example_branch_operator.py took 0.036 seconds
[2025-08-26T18:18:02.693+0100] {processor.py:161} INFO - Started process (PID=38418) to work on /Users/vlad.alex995/Desktop/de-sprint/.venv-airflow/lib/python3.11/site-packages/airflow/example_dags/example_branch_operator.py
[2025-08-26T18:18:02.694+0100] {processor.py:830} INFO - Processing file /Users/vlad.alex995/Desktop/de-sprint/.venv-airflow/lib/python3.11/site-packages/airflow/example_dags/example_branch_operator.py for tasks to queue
[2025-08-26T18:18:02.694+0100] {logging_mixin.py:188} INFO - [2025-08-26T18:18:02.694+0100] {dagbag.py:545} INFO - Filling up the DagBag from /Users/vlad.alex995/Desktop/de-sprint/.venv-airflow/lib/python3.11/site-packages/airflow/example_dags/example_branch_operator.py
[2025-08-26T18:18:02.703+0100] {processor.py:842} WARNING - No viable dags retrieved from /Users/vlad.alex995/Desktop/de-sprint/.venv-airflow/lib/python3.11/site-packages/airflow/example_dags/example_branch_operator.py
[2025-08-26T18:18:02.726+0100] {processor.py:183} INFO - Processing /Users/vlad.alex995/Desktop/de-sprint/.venv-airflow/lib/python3.11/site-packages/airflow/example_dags/example_branch_operator.py took 0.034 seconds
[2025-08-26T18:20:16.177+0100] {processor.py:161} INFO - Started process (PID=38910) to work on /Users/vlad.alex995/Desktop/de-sprint/.venv-airflow/lib/python3.11/site-packages/airflow/example_dags/example_branch_operator.py
[2025-08-26T18:20:16.178+0100] {processor.py:830} INFO - Processing file /Users/vlad.alex995/Desktop/de-sprint/.venv-airflow/lib/python3.11/site-packages/airflow/example_dags/example_branch_operator.py for tasks to queue
[2025-08-26T18:20:16.178+0100] {logging_mixin.py:188} INFO - [2025-08-26T18:20:16.178+0100] {dagbag.py:545} INFO - Filling up the DagBag from /Users/vlad.alex995/Desktop/de-sprint/.venv-airflow/lib/python3.11/site-packages/airflow/example_dags/example_branch_operator.py
[2025-08-26T18:20:16.186+0100] {processor.py:842} WARNING - No viable dags retrieved from /Users/vlad.alex995/Desktop/de-sprint/.venv-airflow/lib/python3.11/site-packages/airflow/example_dags/example_branch_operator.py
[2025-08-26T18:20:16.208+0100] {processor.py:183} INFO - Processing /Users/vlad.alex995/Desktop/de-sprint/.venv-airflow/lib/python3.11/site-packages/airflow/example_dags/example_branch_operator.py took 0.032 seconds
[2025-08-26T18:21:50.181+0100] {processor.py:161} INFO - Started process (PID=38992) to work on /Users/vlad.alex995/Desktop/de-sprint/.venv-airflow/lib/python3.11/site-packages/airflow/example_dags/example_branch_operator.py
[2025-08-26T18:21:50.182+0100] {processor.py:830} INFO - Processing file /Users/vlad.alex995/Desktop/de-sprint/.venv-airflow/lib/python3.11/site-packages/airflow/example_dags/example_branch_operator.py for tasks to queue
[2025-08-26T18:21:50.182+0100] {logging_mixin.py:188} INFO - [2025-08-26T18:21:50.182+0100] {dagbag.py:545} INFO - Filling up the DagBag from /Users/vlad.alex995/Desktop/de-sprint/.venv-airflow/lib/python3.11/site-packages/airflow/example_dags/example_branch_operator.py
[2025-08-26T18:21:50.191+0100] {processor.py:842} WARNING - No viable dags retrieved from /Users/vlad.alex995/Desktop/de-sprint/.venv-airflow/lib/python3.11/site-packages/airflow/example_dags/example_branch_operator.py
[2025-08-26T18:21:50.213+0100] {processor.py:183} INFO - Processing /Users/vlad.alex995/Desktop/de-sprint/.venv-airflow/lib/python3.11/site-packages/airflow/example_dags/example_branch_operator.py took 0.033 seconds
[2025-08-26T18:23:17.469+0100] {processor.py:161} INFO - Started process (PID=39063) to work on /Users/vlad.alex995/Desktop/de-sprint/.venv-airflow/lib/python3.11/site-packages/airflow/example_dags/example_branch_operator.py
[2025-08-26T18:23:17.469+0100] {processor.py:830} INFO - Processing file /Users/vlad.alex995/Desktop/de-sprint/.venv-airflow/lib/python3.11/site-packages/airflow/example_dags/example_branch_operator.py for tasks to queue
[2025-08-26T18:23:17.470+0100] {logging_mixin.py:188} INFO - [2025-08-26T18:23:17.470+0100] {dagbag.py:545} INFO - Filling up the DagBag from /Users/vlad.alex995/Desktop/de-sprint/.venv-airflow/lib/python3.11/site-packages/airflow/example_dags/example_branch_operator.py
[2025-08-26T18:23:17.478+0100] {processor.py:842} WARNING - No viable dags retrieved from /Users/vlad.alex995/Desktop/de-sprint/.venv-airflow/lib/python3.11/site-packages/airflow/example_dags/example_branch_operator.py
[2025-08-26T18:23:17.500+0100] {processor.py:183} INFO - Processing /Users/vlad.alex995/Desktop/de-sprint/.venv-airflow/lib/python3.11/site-packages/airflow/example_dags/example_branch_operator.py took 0.032 seconds
[2025-08-26T18:24:44.630+0100] {processor.py:161} INFO - Started process (PID=39134) to work on /Users/vlad.alex995/Desktop/de-sprint/.venv-airflow/lib/python3.11/site-packages/airflow/example_dags/example_branch_operator.py
[2025-08-26T18:24:44.631+0100] {processor.py:830} INFO - Processing file /Users/vlad.alex995/Desktop/de-sprint/.venv-airflow/lib/python3.11/site-packages/airflow/example_dags/example_branch_operator.py for tasks to queue
[2025-08-26T18:24:44.631+0100] {logging_mixin.py:188} INFO - [2025-08-26T18:24:44.631+0100] {dagbag.py:545} INFO - Filling up the DagBag from /Users/vlad.alex995/Desktop/de-sprint/.venv-airflow/lib/python3.11/site-packages/airflow/example_dags/example_branch_operator.py
[2025-08-26T18:24:44.639+0100] {processor.py:842} WARNING - No viable dags retrieved from /Users/vlad.alex995/Desktop/de-sprint/.venv-airflow/lib/python3.11/site-packages/airflow/example_dags/example_branch_operator.py
[2025-08-26T18:24:44.663+0100] {processor.py:183} INFO - Processing /Users/vlad.alex995/Desktop/de-sprint/.venv-airflow/lib/python3.11/site-packages/airflow/example_dags/example_branch_operator.py took 0.033 seconds
[2025-08-26T18:26:20.476+0100] {processor.py:161} INFO - Started process (PID=39227) to work on /Users/vlad.alex995/Desktop/de-sprint/.venv-airflow/lib/python3.11/site-packages/airflow/example_dags/example_branch_operator.py
[2025-08-26T18:26:20.477+0100] {processor.py:830} INFO - Processing file /Users/vlad.alex995/Desktop/de-sprint/.venv-airflow/lib/python3.11/site-packages/airflow/example_dags/example_branch_operator.py for tasks to queue
[2025-08-26T18:26:20.478+0100] {logging_mixin.py:188} INFO - [2025-08-26T18:26:20.478+0100] {dagbag.py:545} INFO - Filling up the DagBag from /Users/vlad.alex995/Desktop/de-sprint/.venv-airflow/lib/python3.11/site-packages/airflow/example_dags/example_branch_operator.py
[2025-08-26T18:26:20.486+0100] {processor.py:842} WARNING - No viable dags retrieved from /Users/vlad.alex995/Desktop/de-sprint/.venv-airflow/lib/python3.11/site-packages/airflow/example_dags/example_branch_operator.py
[2025-08-26T18:26:20.509+0100] {processor.py:183} INFO - Processing /Users/vlad.alex995/Desktop/de-sprint/.venv-airflow/lib/python3.11/site-packages/airflow/example_dags/example_branch_operator.py took 0.034 seconds
