[2025-08-26T17:25:44.854+0100] {processor.py:161} INFO - Started process (PID=35338) to work on /Users/vlad.alex995/Desktop/de-sprint/.venv-airflow/lib/python3.11/site-packages/airflow/example_dags/example_params_trigger_ui.py
[2025-08-26T17:25:44.854+0100] {processor.py:830} INFO - Processing file /Users/vlad.alex995/Desktop/de-sprint/.venv-airflow/lib/python3.11/site-packages/airflow/example_dags/example_params_trigger_ui.py for tasks to queue
[2025-08-26T17:25:44.854+0100] {logging_mixin.py:188} INFO - [2025-08-26T17:25:44.854+0100] {dagbag.py:545} INFO - Filling up the DagBag from /Users/vlad.alex995/Desktop/de-sprint/.venv-airflow/lib/python3.11/site-packages/airflow/example_dags/example_params_trigger_ui.py
[2025-08-26T17:25:44.869+0100] {processor.py:840} INFO - DAG(s) 'example_params_trigger_ui' retrieved from /Users/vlad.alex995/Desktop/de-sprint/.venv-airflow/lib/python3.11/site-packages/airflow/example_dags/example_params_trigger_ui.py
[2025-08-26T17:25:44.931+0100] {logging_mixin.py:188} INFO - [2025-08-26T17:25:44.930+0100] {override.py:1858} INFO - Created Permission View: can read on DAG:example_params_trigger_ui
[2025-08-26T17:25:44.933+0100] {logging_mixin.py:188} INFO - [2025-08-26T17:25:44.933+0100] {override.py:1858} INFO - Created Permission View: can edit on DAG:example_params_trigger_ui
[2025-08-26T17:25:44.935+0100] {logging_mixin.py:188} INFO - [2025-08-26T17:25:44.935+0100] {override.py:1858} INFO - Created Permission View: can delete on DAG:example_params_trigger_ui
[2025-08-26T17:25:44.935+0100] {logging_mixin.py:188} INFO - [2025-08-26T17:25:44.935+0100] {dag.py:3089} INFO - Sync 1 DAGs
[2025-08-26T17:25:44.961+0100] {logging_mixin.py:188} INFO - [2025-08-26T17:25:44.961+0100] {dag.py:3111} INFO - Creating ORM DAG for example_params_trigger_ui
[2025-08-26T17:25:44.961+0100] {logging_mixin.py:188} INFO - [2025-08-26T17:25:44.961+0100] {dag.py:3947} INFO - Setting next_dagrun for example_params_trigger_ui to None, run_after=None
[2025-08-26T17:25:44.968+0100] {processor.py:183} INFO - Processing /Users/vlad.alex995/Desktop/de-sprint/.venv-airflow/lib/python3.11/site-packages/airflow/example_dags/example_params_trigger_ui.py took 0.115 seconds
[2025-08-26T17:27:00.306+0100] {processor.py:161} INFO - Started process (PID=35396) to work on /Users/vlad.alex995/Desktop/de-sprint/.venv-airflow/lib/python3.11/site-packages/airflow/example_dags/example_params_trigger_ui.py
[2025-08-26T17:27:00.307+0100] {processor.py:830} INFO - Processing file /Users/vlad.alex995/Desktop/de-sprint/.venv-airflow/lib/python3.11/site-packages/airflow/example_dags/example_params_trigger_ui.py for tasks to queue
[2025-08-26T17:27:00.307+0100] {logging_mixin.py:188} INFO - [2025-08-26T17:27:00.307+0100] {dagbag.py:545} INFO - Filling up the DagBag from /Users/vlad.alex995/Desktop/de-sprint/.venv-airflow/lib/python3.11/site-packages/airflow/example_dags/example_params_trigger_ui.py
[2025-08-26T17:27:00.321+0100] {processor.py:840} INFO - DAG(s) 'example_params_trigger_ui' retrieved from /Users/vlad.alex995/Desktop/de-sprint/.venv-airflow/lib/python3.11/site-packages/airflow/example_dags/example_params_trigger_ui.py
[2025-08-26T17:27:00.356+0100] {logging_mixin.py:188} INFO - [2025-08-26T17:27:00.356+0100] {dag.py:3089} INFO - Sync 1 DAGs
[2025-08-26T17:27:00.359+0100] {logging_mixin.py:188} INFO - [2025-08-26T17:27:00.359+0100] {dag.py:3947} INFO - Setting next_dagrun for example_params_trigger_ui to None, run_after=None
[2025-08-26T17:27:00.366+0100] {processor.py:183} INFO - Processing /Users/vlad.alex995/Desktop/de-sprint/.venv-airflow/lib/python3.11/site-packages/airflow/example_dags/example_params_trigger_ui.py took 0.060 seconds
[2025-08-26T17:28:34.126+0100] {processor.py:161} INFO - Started process (PID=35469) to work on /Users/vlad.alex995/Desktop/de-sprint/.venv-airflow/lib/python3.11/site-packages/airflow/example_dags/example_params_trigger_ui.py
[2025-08-26T17:28:34.128+0100] {processor.py:830} INFO - Processing file /Users/vlad.alex995/Desktop/de-sprint/.venv-airflow/lib/python3.11/site-packages/airflow/example_dags/example_params_trigger_ui.py for tasks to queue
[2025-08-26T17:28:34.128+0100] {logging_mixin.py:188} INFO - [2025-08-26T17:28:34.128+0100] {dagbag.py:545} INFO - Filling up the DagBag from /Users/vlad.alex995/Desktop/de-sprint/.venv-airflow/lib/python3.11/site-packages/airflow/example_dags/example_params_trigger_ui.py
[2025-08-26T17:28:34.142+0100] {processor.py:840} INFO - DAG(s) 'example_params_trigger_ui' retrieved from /Users/vlad.alex995/Desktop/de-sprint/.venv-airflow/lib/python3.11/site-packages/airflow/example_dags/example_params_trigger_ui.py
[2025-08-26T17:28:34.178+0100] {logging_mixin.py:188} INFO - [2025-08-26T17:28:34.178+0100] {dag.py:3089} INFO - Sync 1 DAGs
[2025-08-26T17:28:34.181+0100] {logging_mixin.py:188} INFO - [2025-08-26T17:28:34.181+0100] {dag.py:3947} INFO - Setting next_dagrun for example_params_trigger_ui to None, run_after=None
[2025-08-26T17:28:34.188+0100] {processor.py:183} INFO - Processing /Users/vlad.alex995/Desktop/de-sprint/.venv-airflow/lib/python3.11/site-packages/airflow/example_dags/example_params_trigger_ui.py took 0.063 seconds
[2025-08-26T17:30:07.927+0100] {processor.py:161} INFO - Started process (PID=35540) to work on /Users/vlad.alex995/Desktop/de-sprint/.venv-airflow/lib/python3.11/site-packages/airflow/example_dags/example_params_trigger_ui.py
[2025-08-26T17:30:07.927+0100] {processor.py:830} INFO - Processing file /Users/vlad.alex995/Desktop/de-sprint/.venv-airflow/lib/python3.11/site-packages/airflow/example_dags/example_params_trigger_ui.py for tasks to queue
[2025-08-26T17:30:07.927+0100] {logging_mixin.py:188} INFO - [2025-08-26T17:30:07.927+0100] {dagbag.py:545} INFO - Filling up the DagBag from /Users/vlad.alex995/Desktop/de-sprint/.venv-airflow/lib/python3.11/site-packages/airflow/example_dags/example_params_trigger_ui.py
[2025-08-26T17:30:07.941+0100] {processor.py:840} INFO - DAG(s) 'example_params_trigger_ui' retrieved from /Users/vlad.alex995/Desktop/de-sprint/.venv-airflow/lib/python3.11/site-packages/airflow/example_dags/example_params_trigger_ui.py
[2025-08-26T17:30:07.976+0100] {logging_mixin.py:188} INFO - [2025-08-26T17:30:07.976+0100] {dag.py:3089} INFO - Sync 1 DAGs
[2025-08-26T17:30:07.979+0100] {logging_mixin.py:188} INFO - [2025-08-26T17:30:07.979+0100] {dag.py:3947} INFO - Setting next_dagrun for example_params_trigger_ui to None, run_after=None
[2025-08-26T17:30:07.985+0100] {processor.py:183} INFO - Processing /Users/vlad.alex995/Desktop/de-sprint/.venv-airflow/lib/python3.11/site-packages/airflow/example_dags/example_params_trigger_ui.py took 0.059 seconds
[2025-08-26T17:31:37.626+0100] {processor.py:161} INFO - Started process (PID=35609) to work on /Users/vlad.alex995/Desktop/de-sprint/.venv-airflow/lib/python3.11/site-packages/airflow/example_dags/example_params_trigger_ui.py
[2025-08-26T17:31:37.627+0100] {processor.py:830} INFO - Processing file /Users/vlad.alex995/Desktop/de-sprint/.venv-airflow/lib/python3.11/site-packages/airflow/example_dags/example_params_trigger_ui.py for tasks to queue
[2025-08-26T17:31:37.627+0100] {logging_mixin.py:188} INFO - [2025-08-26T17:31:37.627+0100] {dagbag.py:545} INFO - Filling up the DagBag from /Users/vlad.alex995/Desktop/de-sprint/.venv-airflow/lib/python3.11/site-packages/airflow/example_dags/example_params_trigger_ui.py
[2025-08-26T17:31:37.641+0100] {processor.py:840} INFO - DAG(s) 'example_params_trigger_ui' retrieved from /Users/vlad.alex995/Desktop/de-sprint/.venv-airflow/lib/python3.11/site-packages/airflow/example_dags/example_params_trigger_ui.py
[2025-08-26T17:31:37.674+0100] {logging_mixin.py:188} INFO - [2025-08-26T17:31:37.674+0100] {dag.py:3089} INFO - Sync 1 DAGs
[2025-08-26T17:31:37.677+0100] {logging_mixin.py:188} INFO - [2025-08-26T17:31:37.677+0100] {dag.py:3947} INFO - Setting next_dagrun for example_params_trigger_ui to None, run_after=None
[2025-08-26T17:31:37.683+0100] {processor.py:183} INFO - Processing /Users/vlad.alex995/Desktop/de-sprint/.venv-airflow/lib/python3.11/site-packages/airflow/example_dags/example_params_trigger_ui.py took 0.058 seconds
[2025-08-26T17:33:09.156+0100] {processor.py:161} INFO - Started process (PID=36001) to work on /Users/vlad.alex995/Desktop/de-sprint/.venv-airflow/lib/python3.11/site-packages/airflow/example_dags/example_params_trigger_ui.py
[2025-08-26T17:33:09.158+0100] {processor.py:830} INFO - Processing file /Users/vlad.alex995/Desktop/de-sprint/.venv-airflow/lib/python3.11/site-packages/airflow/example_dags/example_params_trigger_ui.py for tasks to queue
[2025-08-26T17:33:09.158+0100] {logging_mixin.py:188} INFO - [2025-08-26T17:33:09.158+0100] {dagbag.py:545} INFO - Filling up the DagBag from /Users/vlad.alex995/Desktop/de-sprint/.venv-airflow/lib/python3.11/site-packages/airflow/example_dags/example_params_trigger_ui.py
[2025-08-26T17:33:09.172+0100] {processor.py:840} INFO - DAG(s) 'example_params_trigger_ui' retrieved from /Users/vlad.alex995/Desktop/de-sprint/.venv-airflow/lib/python3.11/site-packages/airflow/example_dags/example_params_trigger_ui.py
[2025-08-26T17:33:09.207+0100] {logging_mixin.py:188} INFO - [2025-08-26T17:33:09.207+0100] {dag.py:3089} INFO - Sync 1 DAGs
[2025-08-26T17:33:09.210+0100] {logging_mixin.py:188} INFO - [2025-08-26T17:33:09.210+0100] {dag.py:3947} INFO - Setting next_dagrun for example_params_trigger_ui to None, run_after=None
[2025-08-26T17:33:09.216+0100] {processor.py:183} INFO - Processing /Users/vlad.alex995/Desktop/de-sprint/.venv-airflow/lib/python3.11/site-packages/airflow/example_dags/example_params_trigger_ui.py took 0.061 seconds
[2025-08-26T18:11:25.653+0100] {processor.py:161} INFO - Started process (PID=37428) to work on /Users/vlad.alex995/Desktop/de-sprint/.venv-airflow/lib/python3.11/site-packages/airflow/example_dags/example_params_trigger_ui.py
[2025-08-26T18:11:25.656+0100] {processor.py:830} INFO - Processing file /Users/vlad.alex995/Desktop/de-sprint/.venv-airflow/lib/python3.11/site-packages/airflow/example_dags/example_params_trigger_ui.py for tasks to queue
[2025-08-26T18:11:25.656+0100] {logging_mixin.py:188} INFO - [2025-08-26T18:11:25.656+0100] {dagbag.py:545} INFO - Filling up the DagBag from /Users/vlad.alex995/Desktop/de-sprint/.venv-airflow/lib/python3.11/site-packages/airflow/example_dags/example_params_trigger_ui.py
[2025-08-26T18:11:25.671+0100] {processor.py:840} INFO - DAG(s) 'example_params_trigger_ui' retrieved from /Users/vlad.alex995/Desktop/de-sprint/.venv-airflow/lib/python3.11/site-packages/airflow/example_dags/example_params_trigger_ui.py
[2025-08-26T18:11:25.708+0100] {logging_mixin.py:188} INFO - [2025-08-26T18:11:25.708+0100] {dag.py:3089} INFO - Sync 1 DAGs
[2025-08-26T18:11:25.712+0100] {logging_mixin.py:188} INFO - [2025-08-26T18:11:25.712+0100] {dag.py:3947} INFO - Setting next_dagrun for example_params_trigger_ui to None, run_after=None
[2025-08-26T18:11:25.722+0100] {processor.py:183} INFO - Processing /Users/vlad.alex995/Desktop/de-sprint/.venv-airflow/lib/python3.11/site-packages/airflow/example_dags/example_params_trigger_ui.py took 0.070 seconds
[2025-08-26T18:12:43.386+0100] {processor.py:161} INFO - Started process (PID=37483) to work on /Users/vlad.alex995/Desktop/de-sprint/.venv-airflow/lib/python3.11/site-packages/airflow/example_dags/example_params_trigger_ui.py
[2025-08-26T18:12:43.387+0100] {processor.py:830} INFO - Processing file /Users/vlad.alex995/Desktop/de-sprint/.venv-airflow/lib/python3.11/site-packages/airflow/example_dags/example_params_trigger_ui.py for tasks to queue
[2025-08-26T18:12:43.387+0100] {logging_mixin.py:188} INFO - [2025-08-26T18:12:43.387+0100] {dagbag.py:545} INFO - Filling up the DagBag from /Users/vlad.alex995/Desktop/de-sprint/.venv-airflow/lib/python3.11/site-packages/airflow/example_dags/example_params_trigger_ui.py
[2025-08-26T18:12:43.402+0100] {processor.py:840} INFO - DAG(s) 'example_params_trigger_ui' retrieved from /Users/vlad.alex995/Desktop/de-sprint/.venv-airflow/lib/python3.11/site-packages/airflow/example_dags/example_params_trigger_ui.py
[2025-08-26T18:12:43.439+0100] {logging_mixin.py:188} INFO - [2025-08-26T18:12:43.439+0100] {dag.py:3089} INFO - Sync 1 DAGs
[2025-08-26T18:12:43.442+0100] {logging_mixin.py:188} INFO - [2025-08-26T18:12:43.442+0100] {dag.py:3947} INFO - Setting next_dagrun for example_params_trigger_ui to None, run_after=None
[2025-08-26T18:12:43.449+0100] {processor.py:183} INFO - Processing /Users/vlad.alex995/Desktop/de-sprint/.venv-airflow/lib/python3.11/site-packages/airflow/example_dags/example_params_trigger_ui.py took 0.063 seconds
[2025-08-26T18:14:10.637+0100] {processor.py:161} INFO - Started process (PID=37781) to work on /Users/vlad.alex995/Desktop/de-sprint/.venv-airflow/lib/python3.11/site-packages/airflow/example_dags/example_params_trigger_ui.py
[2025-08-26T18:14:10.638+0100] {processor.py:830} INFO - Processing file /Users/vlad.alex995/Desktop/de-sprint/.venv-airflow/lib/python3.11/site-packages/airflow/example_dags/example_params_trigger_ui.py for tasks to queue
[2025-08-26T18:14:10.639+0100] {logging_mixin.py:188} INFO - [2025-08-26T18:14:10.639+0100] {dagbag.py:545} INFO - Filling up the DagBag from /Users/vlad.alex995/Desktop/de-sprint/.venv-airflow/lib/python3.11/site-packages/airflow/example_dags/example_params_trigger_ui.py
[2025-08-26T18:14:10.653+0100] {processor.py:840} INFO - DAG(s) 'example_params_trigger_ui' retrieved from /Users/vlad.alex995/Desktop/de-sprint/.venv-airflow/lib/python3.11/site-packages/airflow/example_dags/example_params_trigger_ui.py
[2025-08-26T18:14:10.688+0100] {logging_mixin.py:188} INFO - [2025-08-26T18:14:10.688+0100] {dag.py:3089} INFO - Sync 1 DAGs
[2025-08-26T18:14:10.691+0100] {logging_mixin.py:188} INFO - [2025-08-26T18:14:10.691+0100] {dag.py:3947} INFO - Setting next_dagrun for example_params_trigger_ui to None, run_after=None
[2025-08-26T18:14:10.696+0100] {processor.py:183} INFO - Processing /Users/vlad.alex995/Desktop/de-sprint/.venv-airflow/lib/python3.11/site-packages/airflow/example_dags/example_params_trigger_ui.py took 0.060 seconds
[2025-08-26T18:15:42.918+0100] {processor.py:161} INFO - Started process (PID=38022) to work on /Users/vlad.alex995/Desktop/de-sprint/.venv-airflow/lib/python3.11/site-packages/airflow/example_dags/example_params_trigger_ui.py
[2025-08-26T18:15:42.918+0100] {processor.py:830} INFO - Processing file /Users/vlad.alex995/Desktop/de-sprint/.venv-airflow/lib/python3.11/site-packages/airflow/example_dags/example_params_trigger_ui.py for tasks to queue
[2025-08-26T18:15:42.919+0100] {logging_mixin.py:188} INFO - [2025-08-26T18:15:42.918+0100] {dagbag.py:545} INFO - Filling up the DagBag from /Users/vlad.alex995/Desktop/de-sprint/.venv-airflow/lib/python3.11/site-packages/airflow/example_dags/example_params_trigger_ui.py
[2025-08-26T18:15:42.934+0100] {processor.py:840} INFO - DAG(s) 'example_params_trigger_ui' retrieved from /Users/vlad.alex995/Desktop/de-sprint/.venv-airflow/lib/python3.11/site-packages/airflow/example_dags/example_params_trigger_ui.py
[2025-08-26T18:15:42.972+0100] {logging_mixin.py:188} INFO - [2025-08-26T18:15:42.971+0100] {dag.py:3089} INFO - Sync 1 DAGs
[2025-08-26T18:15:42.974+0100] {logging_mixin.py:188} INFO - [2025-08-26T18:15:42.974+0100] {dag.py:3947} INFO - Setting next_dagrun for example_params_trigger_ui to None, run_after=None
[2025-08-26T18:15:42.981+0100] {processor.py:183} INFO - Processing /Users/vlad.alex995/Desktop/de-sprint/.venv-airflow/lib/python3.11/site-packages/airflow/example_dags/example_params_trigger_ui.py took 0.064 seconds
[2025-08-26T18:17:13.942+0100] {processor.py:161} INFO - Started process (PID=38115) to work on /Users/vlad.alex995/Desktop/de-sprint/.venv-airflow/lib/python3.11/site-packages/airflow/example_dags/example_params_trigger_ui.py
[2025-08-26T18:17:13.943+0100] {processor.py:830} INFO - Processing file /Users/vlad.alex995/Desktop/de-sprint/.venv-airflow/lib/python3.11/site-packages/airflow/example_dags/example_params_trigger_ui.py for tasks to queue
[2025-08-26T18:17:13.943+0100] {logging_mixin.py:188} INFO - [2025-08-26T18:17:13.943+0100] {dagbag.py:545} INFO - Filling up the DagBag from /Users/vlad.alex995/Desktop/de-sprint/.venv-airflow/lib/python3.11/site-packages/airflow/example_dags/example_params_trigger_ui.py
[2025-08-26T18:17:13.957+0100] {processor.py:840} INFO - DAG(s) 'example_params_trigger_ui' retrieved from /Users/vlad.alex995/Desktop/de-sprint/.venv-airflow/lib/python3.11/site-packages/airflow/example_dags/example_params_trigger_ui.py
[2025-08-26T18:17:13.994+0100] {logging_mixin.py:188} INFO - [2025-08-26T18:17:13.994+0100] {dag.py:3089} INFO - Sync 1 DAGs
[2025-08-26T18:17:13.997+0100] {logging_mixin.py:188} INFO - [2025-08-26T18:17:13.997+0100] {dag.py:3947} INFO - Setting next_dagrun for example_params_trigger_ui to None, run_after=None
[2025-08-26T18:17:14.003+0100] {processor.py:183} INFO - Processing /Users/vlad.alex995/Desktop/de-sprint/.venv-airflow/lib/python3.11/site-packages/airflow/example_dags/example_params_trigger_ui.py took 0.062 seconds
[2025-08-26T18:19:54.307+0100] {processor.py:161} INFO - Started process (PID=38893) to work on /Users/vlad.alex995/Desktop/de-sprint/.venv-airflow/lib/python3.11/site-packages/airflow/example_dags/example_params_trigger_ui.py
[2025-08-26T18:19:54.308+0100] {processor.py:830} INFO - Processing file /Users/vlad.alex995/Desktop/de-sprint/.venv-airflow/lib/python3.11/site-packages/airflow/example_dags/example_params_trigger_ui.py for tasks to queue
[2025-08-26T18:19:54.308+0100] {logging_mixin.py:188} INFO - [2025-08-26T18:19:54.308+0100] {dagbag.py:545} INFO - Filling up the DagBag from /Users/vlad.alex995/Desktop/de-sprint/.venv-airflow/lib/python3.11/site-packages/airflow/example_dags/example_params_trigger_ui.py
[2025-08-26T18:19:54.326+0100] {processor.py:840} INFO - DAG(s) 'example_params_trigger_ui' retrieved from /Users/vlad.alex995/Desktop/de-sprint/.venv-airflow/lib/python3.11/site-packages/airflow/example_dags/example_params_trigger_ui.py
[2025-08-26T18:19:54.365+0100] {logging_mixin.py:188} INFO - [2025-08-26T18:19:54.365+0100] {dag.py:3089} INFO - Sync 1 DAGs
[2025-08-26T18:19:54.369+0100] {logging_mixin.py:188} INFO - [2025-08-26T18:19:54.368+0100] {dag.py:3947} INFO - Setting next_dagrun for example_params_trigger_ui to None, run_after=None
[2025-08-26T18:19:54.375+0100] {processor.py:183} INFO - Processing /Users/vlad.alex995/Desktop/de-sprint/.venv-airflow/lib/python3.11/site-packages/airflow/example_dags/example_params_trigger_ui.py took 0.069 seconds
[2025-08-26T18:21:09.916+0100] {processor.py:161} INFO - Started process (PID=38962) to work on /Users/vlad.alex995/Desktop/de-sprint/.venv-airflow/lib/python3.11/site-packages/airflow/example_dags/example_params_trigger_ui.py
[2025-08-26T18:21:09.918+0100] {processor.py:830} INFO - Processing file /Users/vlad.alex995/Desktop/de-sprint/.venv-airflow/lib/python3.11/site-packages/airflow/example_dags/example_params_trigger_ui.py for tasks to queue
[2025-08-26T18:21:09.918+0100] {logging_mixin.py:188} INFO - [2025-08-26T18:21:09.918+0100] {dagbag.py:545} INFO - Filling up the DagBag from /Users/vlad.alex995/Desktop/de-sprint/.venv-airflow/lib/python3.11/site-packages/airflow/example_dags/example_params_trigger_ui.py
[2025-08-26T18:21:09.932+0100] {processor.py:840} INFO - DAG(s) 'example_params_trigger_ui' retrieved from /Users/vlad.alex995/Desktop/de-sprint/.venv-airflow/lib/python3.11/site-packages/airflow/example_dags/example_params_trigger_ui.py
[2025-08-26T18:21:09.968+0100] {logging_mixin.py:188} INFO - [2025-08-26T18:21:09.968+0100] {dag.py:3089} INFO - Sync 1 DAGs
[2025-08-26T18:21:09.971+0100] {logging_mixin.py:188} INFO - [2025-08-26T18:21:09.971+0100] {dag.py:3947} INFO - Setting next_dagrun for example_params_trigger_ui to None, run_after=None
[2025-08-26T18:21:09.977+0100] {processor.py:183} INFO - Processing /Users/vlad.alex995/Desktop/de-sprint/.venv-airflow/lib/python3.11/site-packages/airflow/example_dags/example_params_trigger_ui.py took 0.061 seconds
[2025-08-26T18:22:41.558+0100] {processor.py:161} INFO - Started process (PID=39035) to work on /Users/vlad.alex995/Desktop/de-sprint/.venv-airflow/lib/python3.11/site-packages/airflow/example_dags/example_params_trigger_ui.py
[2025-08-26T18:22:41.558+0100] {processor.py:830} INFO - Processing file /Users/vlad.alex995/Desktop/de-sprint/.venv-airflow/lib/python3.11/site-packages/airflow/example_dags/example_params_trigger_ui.py for tasks to queue
[2025-08-26T18:22:41.558+0100] {logging_mixin.py:188} INFO - [2025-08-26T18:22:41.558+0100] {dagbag.py:545} INFO - Filling up the DagBag from /Users/vlad.alex995/Desktop/de-sprint/.venv-airflow/lib/python3.11/site-packages/airflow/example_dags/example_params_trigger_ui.py
[2025-08-26T18:22:41.572+0100] {processor.py:840} INFO - DAG(s) 'example_params_trigger_ui' retrieved from /Users/vlad.alex995/Desktop/de-sprint/.venv-airflow/lib/python3.11/site-packages/airflow/example_dags/example_params_trigger_ui.py
[2025-08-26T18:22:41.606+0100] {logging_mixin.py:188} INFO - [2025-08-26T18:22:41.606+0100] {dag.py:3089} INFO - Sync 1 DAGs
[2025-08-26T18:22:41.609+0100] {logging_mixin.py:188} INFO - [2025-08-26T18:22:41.608+0100] {dag.py:3947} INFO - Setting next_dagrun for example_params_trigger_ui to None, run_after=None
[2025-08-26T18:22:41.614+0100] {processor.py:183} INFO - Processing /Users/vlad.alex995/Desktop/de-sprint/.venv-airflow/lib/python3.11/site-packages/airflow/example_dags/example_params_trigger_ui.py took 0.058 seconds
[2025-08-26T18:24:07.020+0100] {processor.py:161} INFO - Started process (PID=39101) to work on /Users/vlad.alex995/Desktop/de-sprint/.venv-airflow/lib/python3.11/site-packages/airflow/example_dags/example_params_trigger_ui.py
[2025-08-26T18:24:07.021+0100] {processor.py:830} INFO - Processing file /Users/vlad.alex995/Desktop/de-sprint/.venv-airflow/lib/python3.11/site-packages/airflow/example_dags/example_params_trigger_ui.py for tasks to queue
[2025-08-26T18:24:07.021+0100] {logging_mixin.py:188} INFO - [2025-08-26T18:24:07.021+0100] {dagbag.py:545} INFO - Filling up the DagBag from /Users/vlad.alex995/Desktop/de-sprint/.venv-airflow/lib/python3.11/site-packages/airflow/example_dags/example_params_trigger_ui.py
[2025-08-26T18:24:07.035+0100] {processor.py:840} INFO - DAG(s) 'example_params_trigger_ui' retrieved from /Users/vlad.alex995/Desktop/de-sprint/.venv-airflow/lib/python3.11/site-packages/airflow/example_dags/example_params_trigger_ui.py
[2025-08-26T18:24:07.071+0100] {logging_mixin.py:188} INFO - [2025-08-26T18:24:07.070+0100] {dag.py:3089} INFO - Sync 1 DAGs
[2025-08-26T18:24:07.073+0100] {logging_mixin.py:188} INFO - [2025-08-26T18:24:07.073+0100] {dag.py:3947} INFO - Setting next_dagrun for example_params_trigger_ui to None, run_after=None
[2025-08-26T18:24:07.079+0100] {processor.py:183} INFO - Processing /Users/vlad.alex995/Desktop/de-sprint/.venv-airflow/lib/python3.11/site-packages/airflow/example_dags/example_params_trigger_ui.py took 0.060 seconds
[2025-08-26T18:25:39.564+0100] {processor.py:161} INFO - Started process (PID=39193) to work on /Users/vlad.alex995/Desktop/de-sprint/.venv-airflow/lib/python3.11/site-packages/airflow/example_dags/example_params_trigger_ui.py
[2025-08-26T18:25:39.565+0100] {processor.py:830} INFO - Processing file /Users/vlad.alex995/Desktop/de-sprint/.venv-airflow/lib/python3.11/site-packages/airflow/example_dags/example_params_trigger_ui.py for tasks to queue
[2025-08-26T18:25:39.566+0100] {logging_mixin.py:188} INFO - [2025-08-26T18:25:39.565+0100] {dagbag.py:545} INFO - Filling up the DagBag from /Users/vlad.alex995/Desktop/de-sprint/.venv-airflow/lib/python3.11/site-packages/airflow/example_dags/example_params_trigger_ui.py
[2025-08-26T18:25:39.580+0100] {processor.py:840} INFO - DAG(s) 'example_params_trigger_ui' retrieved from /Users/vlad.alex995/Desktop/de-sprint/.venv-airflow/lib/python3.11/site-packages/airflow/example_dags/example_params_trigger_ui.py
[2025-08-26T18:25:39.615+0100] {logging_mixin.py:188} INFO - [2025-08-26T18:25:39.615+0100] {dag.py:3089} INFO - Sync 1 DAGs
[2025-08-26T18:25:39.618+0100] {logging_mixin.py:188} INFO - [2025-08-26T18:25:39.618+0100] {dag.py:3947} INFO - Setting next_dagrun for example_params_trigger_ui to None, run_after=None
[2025-08-26T18:25:39.624+0100] {processor.py:183} INFO - Processing /Users/vlad.alex995/Desktop/de-sprint/.venv-airflow/lib/python3.11/site-packages/airflow/example_dags/example_params_trigger_ui.py took 0.061 seconds
[2025-08-26T18:27:44.963+0100] {processor.py:161} INFO - Started process (PID=39686) to work on /Users/vlad.alex995/Desktop/de-sprint/.venv-airflow/lib/python3.11/site-packages/airflow/example_dags/example_params_trigger_ui.py
[2025-08-26T18:27:44.964+0100] {processor.py:830} INFO - Processing file /Users/vlad.alex995/Desktop/de-sprint/.venv-airflow/lib/python3.11/site-packages/airflow/example_dags/example_params_trigger_ui.py for tasks to queue
[2025-08-26T18:27:44.964+0100] {logging_mixin.py:188} INFO - [2025-08-26T18:27:44.964+0100] {dagbag.py:545} INFO - Filling up the DagBag from /Users/vlad.alex995/Desktop/de-sprint/.venv-airflow/lib/python3.11/site-packages/airflow/example_dags/example_params_trigger_ui.py
[2025-08-26T18:27:44.978+0100] {processor.py:840} INFO - DAG(s) 'example_params_trigger_ui' retrieved from /Users/vlad.alex995/Desktop/de-sprint/.venv-airflow/lib/python3.11/site-packages/airflow/example_dags/example_params_trigger_ui.py
[2025-08-26T18:27:45.012+0100] {logging_mixin.py:188} INFO - [2025-08-26T18:27:45.012+0100] {dag.py:3089} INFO - Sync 1 DAGs
[2025-08-26T18:27:45.015+0100] {logging_mixin.py:188} INFO - [2025-08-26T18:27:45.015+0100] {dag.py:3947} INFO - Setting next_dagrun for example_params_trigger_ui to None, run_after=None
[2025-08-26T18:27:45.020+0100] {processor.py:183} INFO - Processing /Users/vlad.alex995/Desktop/de-sprint/.venv-airflow/lib/python3.11/site-packages/airflow/example_dags/example_params_trigger_ui.py took 0.058 seconds
