[2025-08-26T17:26:12.473+0100] {processor.py:161} INFO - Started process (PID=35360) to work on /Users/vlad.alex995/Desktop/de-sprint/.venv-airflow/lib/python3.11/site-packages/airflow/example_dags/example_branch_datetime_operator.py
[2025-08-26T17:26:12.474+0100] {processor.py:830} INFO - Processing file /Users/vlad.alex995/Desktop/de-sprint/.venv-airflow/lib/python3.11/site-packages/airflow/example_dags/example_branch_datetime_operator.py for tasks to queue
[2025-08-26T17:26:12.474+0100] {logging_mixin.py:188} INFO - [2025-08-26T17:26:12.474+0100] {dagbag.py:545} INFO - Filling up the DagBag from /Users/vlad.alex995/Desktop/de-sprint/.venv-airflow/lib/python3.11/site-packages/airflow/example_dags/example_branch_datetime_operator.py
[2025-08-26T17:26:12.479+0100] {processor.py:840} INFO - DAG(s) 'example_branch_datetime_operator_3', 'example_branch_datetime_operator_2', 'example_branch_datetime_operator' retrieved from /Users/vlad.alex995/Desktop/de-sprint/.venv-airflow/lib/python3.11/site-packages/airflow/example_dags/example_branch_datetime_operator.py
[2025-08-26T17:26:12.540+0100] {logging_mixin.py:188} INFO - [2025-08-26T17:26:12.539+0100] {override.py:1858} INFO - Created Permission View: can delete on DAG:example_branch_datetime_operator_3
[2025-08-26T17:26:12.542+0100] {logging_mixin.py:188} INFO - [2025-08-26T17:26:12.542+0100] {override.py:1858} INFO - Created Permission View: can read on DAG:example_branch_datetime_operator_3
[2025-08-26T17:26:12.544+0100] {logging_mixin.py:188} INFO - [2025-08-26T17:26:12.544+0100] {override.py:1858} INFO - Created Permission View: can edit on DAG:example_branch_datetime_operator_3
[2025-08-26T17:26:12.549+0100] {logging_mixin.py:188} INFO - [2025-08-26T17:26:12.549+0100] {override.py:1858} INFO - Created Permission View: can delete on DAG:example_branch_datetime_operator_2
[2025-08-26T17:26:12.551+0100] {logging_mixin.py:188} INFO - [2025-08-26T17:26:12.551+0100] {override.py:1858} INFO - Created Permission View: can read on DAG:example_branch_datetime_operator_2
[2025-08-26T17:26:12.552+0100] {logging_mixin.py:188} INFO - [2025-08-26T17:26:12.552+0100] {override.py:1858} INFO - Created Permission View: can edit on DAG:example_branch_datetime_operator_2
[2025-08-26T17:26:12.556+0100] {logging_mixin.py:188} INFO - [2025-08-26T17:26:12.555+0100] {override.py:1858} INFO - Created Permission View: can delete on DAG:example_branch_datetime_operator
[2025-08-26T17:26:12.557+0100] {logging_mixin.py:188} INFO - [2025-08-26T17:26:12.557+0100] {override.py:1858} INFO - Created Permission View: can read on DAG:example_branch_datetime_operator
[2025-08-26T17:26:12.559+0100] {logging_mixin.py:188} INFO - [2025-08-26T17:26:12.559+0100] {override.py:1858} INFO - Created Permission View: can edit on DAG:example_branch_datetime_operator
[2025-08-26T17:26:12.559+0100] {logging_mixin.py:188} INFO - [2025-08-26T17:26:12.559+0100] {dag.py:3089} INFO - Sync 3 DAGs
[2025-08-26T17:26:12.563+0100] {logging_mixin.py:188} INFO - [2025-08-26T17:26:12.562+0100] {dag.py:3111} INFO - Creating ORM DAG for example_branch_datetime_operator
[2025-08-26T17:26:12.563+0100] {logging_mixin.py:188} INFO - [2025-08-26T17:26:12.563+0100] {dag.py:3111} INFO - Creating ORM DAG for example_branch_datetime_operator_2
[2025-08-26T17:26:12.563+0100] {logging_mixin.py:188} INFO - [2025-08-26T17:26:12.563+0100] {dag.py:3111} INFO - Creating ORM DAG for example_branch_datetime_operator_3
[2025-08-26T17:26:12.566+0100] {logging_mixin.py:188} INFO - [2025-08-26T17:26:12.566+0100] {dag.py:3947} INFO - Setting next_dagrun for example_branch_datetime_operator to 2025-08-25 00:00:00+00:00, run_after=2025-08-26 00:00:00+00:00
[2025-08-26T17:26:12.566+0100] {logging_mixin.py:188} INFO - [2025-08-26T17:26:12.566+0100] {dag.py:3947} INFO - Setting next_dagrun for example_branch_datetime_operator_2 to 2025-08-25 00:00:00+00:00, run_after=2025-08-26 00:00:00+00:00
[2025-08-26T17:26:12.567+0100] {logging_mixin.py:188} INFO - [2025-08-26T17:26:12.567+0100] {dag.py:3947} INFO - Setting next_dagrun for example_branch_datetime_operator_3 to 2025-08-25 00:00:00+00:00, run_after=2025-08-26 00:00:00+00:00
[2025-08-26T17:26:12.573+0100] {processor.py:183} INFO - Processing /Users/vlad.alex995/Desktop/de-sprint/.venv-airflow/lib/python3.11/site-packages/airflow/example_dags/example_branch_datetime_operator.py took 0.101 seconds
[2025-08-26T17:27:42.640+0100] {processor.py:161} INFO - Started process (PID=35432) to work on /Users/vlad.alex995/Desktop/de-sprint/.venv-airflow/lib/python3.11/site-packages/airflow/example_dags/example_branch_datetime_operator.py
[2025-08-26T17:27:42.641+0100] {processor.py:830} INFO - Processing file /Users/vlad.alex995/Desktop/de-sprint/.venv-airflow/lib/python3.11/site-packages/airflow/example_dags/example_branch_datetime_operator.py for tasks to queue
[2025-08-26T17:27:42.641+0100] {logging_mixin.py:188} INFO - [2025-08-26T17:27:42.641+0100] {dagbag.py:545} INFO - Filling up the DagBag from /Users/vlad.alex995/Desktop/de-sprint/.venv-airflow/lib/python3.11/site-packages/airflow/example_dags/example_branch_datetime_operator.py
[2025-08-26T17:27:42.645+0100] {processor.py:840} INFO - DAG(s) 'example_branch_datetime_operator_3', 'example_branch_datetime_operator', 'example_branch_datetime_operator_2' retrieved from /Users/vlad.alex995/Desktop/de-sprint/.venv-airflow/lib/python3.11/site-packages/airflow/example_dags/example_branch_datetime_operator.py
[2025-08-26T17:27:42.677+0100] {logging_mixin.py:188} INFO - [2025-08-26T17:27:42.676+0100] {dag.py:3089} INFO - Sync 3 DAGs
[2025-08-26T17:27:42.682+0100] {logging_mixin.py:188} INFO - [2025-08-26T17:27:42.682+0100] {dag.py:3947} INFO - Setting next_dagrun for example_branch_datetime_operator to 2025-08-25 00:00:00+00:00, run_after=2025-08-26 00:00:00+00:00
[2025-08-26T17:27:42.683+0100] {logging_mixin.py:188} INFO - [2025-08-26T17:27:42.683+0100] {dag.py:3947} INFO - Setting next_dagrun for example_branch_datetime_operator_2 to 2025-08-25 00:00:00+00:00, run_after=2025-08-26 00:00:00+00:00
[2025-08-26T17:27:42.684+0100] {logging_mixin.py:188} INFO - [2025-08-26T17:27:42.684+0100] {dag.py:3947} INFO - Setting next_dagrun for example_branch_datetime_operator_3 to 2025-08-25 00:00:00+00:00, run_after=2025-08-26 00:00:00+00:00
[2025-08-26T17:27:42.690+0100] {processor.py:183} INFO - Processing /Users/vlad.alex995/Desktop/de-sprint/.venv-airflow/lib/python3.11/site-packages/airflow/example_dags/example_branch_datetime_operator.py took 0.051 seconds
[2025-08-26T17:29:19.372+0100] {processor.py:161} INFO - Started process (PID=35501) to work on /Users/vlad.alex995/Desktop/de-sprint/.venv-airflow/lib/python3.11/site-packages/airflow/example_dags/example_branch_datetime_operator.py
[2025-08-26T17:29:19.373+0100] {processor.py:830} INFO - Processing file /Users/vlad.alex995/Desktop/de-sprint/.venv-airflow/lib/python3.11/site-packages/airflow/example_dags/example_branch_datetime_operator.py for tasks to queue
[2025-08-26T17:29:19.373+0100] {logging_mixin.py:188} INFO - [2025-08-26T17:29:19.373+0100] {dagbag.py:545} INFO - Filling up the DagBag from /Users/vlad.alex995/Desktop/de-sprint/.venv-airflow/lib/python3.11/site-packages/airflow/example_dags/example_branch_datetime_operator.py
[2025-08-26T17:29:19.378+0100] {processor.py:840} INFO - DAG(s) 'example_branch_datetime_operator', 'example_branch_datetime_operator_3', 'example_branch_datetime_operator_2' retrieved from /Users/vlad.alex995/Desktop/de-sprint/.venv-airflow/lib/python3.11/site-packages/airflow/example_dags/example_branch_datetime_operator.py
[2025-08-26T17:29:19.408+0100] {logging_mixin.py:188} INFO - [2025-08-26T17:29:19.408+0100] {dag.py:3089} INFO - Sync 3 DAGs
[2025-08-26T17:29:19.414+0100] {logging_mixin.py:188} INFO - [2025-08-26T17:29:19.414+0100] {dag.py:3947} INFO - Setting next_dagrun for example_branch_datetime_operator to 2025-08-25 00:00:00+00:00, run_after=2025-08-26 00:00:00+00:00
[2025-08-26T17:29:19.416+0100] {logging_mixin.py:188} INFO - [2025-08-26T17:29:19.416+0100] {dag.py:3947} INFO - Setting next_dagrun for example_branch_datetime_operator_2 to 2025-08-25 00:00:00+00:00, run_after=2025-08-26 00:00:00+00:00
[2025-08-26T17:29:19.416+0100] {logging_mixin.py:188} INFO - [2025-08-26T17:29:19.416+0100] {dag.py:3947} INFO - Setting next_dagrun for example_branch_datetime_operator_3 to 2025-08-25 00:00:00+00:00, run_after=2025-08-26 00:00:00+00:00
[2025-08-26T17:29:19.422+0100] {processor.py:183} INFO - Processing /Users/vlad.alex995/Desktop/de-sprint/.venv-airflow/lib/python3.11/site-packages/airflow/example_dags/example_branch_datetime_operator.py took 0.051 seconds
[2025-08-26T17:30:49.902+0100] {processor.py:161} INFO - Started process (PID=35571) to work on /Users/vlad.alex995/Desktop/de-sprint/.venv-airflow/lib/python3.11/site-packages/airflow/example_dags/example_branch_datetime_operator.py
[2025-08-26T17:30:49.903+0100] {processor.py:830} INFO - Processing file /Users/vlad.alex995/Desktop/de-sprint/.venv-airflow/lib/python3.11/site-packages/airflow/example_dags/example_branch_datetime_operator.py for tasks to queue
[2025-08-26T17:30:49.903+0100] {logging_mixin.py:188} INFO - [2025-08-26T17:30:49.903+0100] {dagbag.py:545} INFO - Filling up the DagBag from /Users/vlad.alex995/Desktop/de-sprint/.venv-airflow/lib/python3.11/site-packages/airflow/example_dags/example_branch_datetime_operator.py
[2025-08-26T17:30:49.908+0100] {processor.py:840} INFO - DAG(s) 'example_branch_datetime_operator', 'example_branch_datetime_operator_3', 'example_branch_datetime_operator_2' retrieved from /Users/vlad.alex995/Desktop/de-sprint/.venv-airflow/lib/python3.11/site-packages/airflow/example_dags/example_branch_datetime_operator.py
[2025-08-26T17:30:49.940+0100] {logging_mixin.py:188} INFO - [2025-08-26T17:30:49.940+0100] {dag.py:3089} INFO - Sync 3 DAGs
[2025-08-26T17:30:49.945+0100] {logging_mixin.py:188} INFO - [2025-08-26T17:30:49.945+0100] {dag.py:3947} INFO - Setting next_dagrun for example_branch_datetime_operator to 2025-08-25 00:00:00+00:00, run_after=2025-08-26 00:00:00+00:00
[2025-08-26T17:30:49.947+0100] {logging_mixin.py:188} INFO - [2025-08-26T17:30:49.947+0100] {dag.py:3947} INFO - Setting next_dagrun for example_branch_datetime_operator_2 to 2025-08-25 00:00:00+00:00, run_after=2025-08-26 00:00:00+00:00
[2025-08-26T17:30:49.947+0100] {logging_mixin.py:188} INFO - [2025-08-26T17:30:49.947+0100] {dag.py:3947} INFO - Setting next_dagrun for example_branch_datetime_operator_3 to 2025-08-25 00:00:00+00:00, run_after=2025-08-26 00:00:00+00:00
[2025-08-26T17:30:49.953+0100] {processor.py:183} INFO - Processing /Users/vlad.alex995/Desktop/de-sprint/.venv-airflow/lib/python3.11/site-packages/airflow/example_dags/example_branch_datetime_operator.py took 0.052 seconds
[2025-08-26T17:32:21.160+0100] {processor.py:161} INFO - Started process (PID=35950) to work on /Users/vlad.alex995/Desktop/de-sprint/.venv-airflow/lib/python3.11/site-packages/airflow/example_dags/example_branch_datetime_operator.py
[2025-08-26T17:32:21.161+0100] {processor.py:830} INFO - Processing file /Users/vlad.alex995/Desktop/de-sprint/.venv-airflow/lib/python3.11/site-packages/airflow/example_dags/example_branch_datetime_operator.py for tasks to queue
[2025-08-26T17:32:21.161+0100] {logging_mixin.py:188} INFO - [2025-08-26T17:32:21.161+0100] {dagbag.py:545} INFO - Filling up the DagBag from /Users/vlad.alex995/Desktop/de-sprint/.venv-airflow/lib/python3.11/site-packages/airflow/example_dags/example_branch_datetime_operator.py
[2025-08-26T17:32:21.165+0100] {processor.py:840} INFO - DAG(s) 'example_branch_datetime_operator', 'example_branch_datetime_operator_2', 'example_branch_datetime_operator_3' retrieved from /Users/vlad.alex995/Desktop/de-sprint/.venv-airflow/lib/python3.11/site-packages/airflow/example_dags/example_branch_datetime_operator.py
[2025-08-26T17:32:21.197+0100] {logging_mixin.py:188} INFO - [2025-08-26T17:32:21.197+0100] {dag.py:3089} INFO - Sync 3 DAGs
[2025-08-26T17:32:21.203+0100] {logging_mixin.py:188} INFO - [2025-08-26T17:32:21.202+0100] {dag.py:3947} INFO - Setting next_dagrun for example_branch_datetime_operator to 2025-08-25 00:00:00+00:00, run_after=2025-08-26 00:00:00+00:00
[2025-08-26T17:32:21.204+0100] {logging_mixin.py:188} INFO - [2025-08-26T17:32:21.204+0100] {dag.py:3947} INFO - Setting next_dagrun for example_branch_datetime_operator_2 to 2025-08-25 00:00:00+00:00, run_after=2025-08-26 00:00:00+00:00
[2025-08-26T17:32:21.205+0100] {logging_mixin.py:188} INFO - [2025-08-26T17:32:21.205+0100] {dag.py:3947} INFO - Setting next_dagrun for example_branch_datetime_operator_3 to 2025-08-25 00:00:00+00:00, run_after=2025-08-26 00:00:00+00:00
[2025-08-26T17:32:21.210+0100] {processor.py:183} INFO - Processing /Users/vlad.alex995/Desktop/de-sprint/.venv-airflow/lib/python3.11/site-packages/airflow/example_dags/example_branch_datetime_operator.py took 0.051 seconds
[2025-08-26T18:11:54.818+0100] {processor.py:161} INFO - Started process (PID=37447) to work on /Users/vlad.alex995/Desktop/de-sprint/.venv-airflow/lib/python3.11/site-packages/airflow/example_dags/example_branch_datetime_operator.py
[2025-08-26T18:11:54.819+0100] {processor.py:830} INFO - Processing file /Users/vlad.alex995/Desktop/de-sprint/.venv-airflow/lib/python3.11/site-packages/airflow/example_dags/example_branch_datetime_operator.py for tasks to queue
[2025-08-26T18:11:54.819+0100] {logging_mixin.py:188} INFO - [2025-08-26T18:11:54.819+0100] {dagbag.py:545} INFO - Filling up the DagBag from /Users/vlad.alex995/Desktop/de-sprint/.venv-airflow/lib/python3.11/site-packages/airflow/example_dags/example_branch_datetime_operator.py
[2025-08-26T18:11:54.822+0100] {processor.py:840} INFO - DAG(s) 'example_branch_datetime_operator_3', 'example_branch_datetime_operator_2', 'example_branch_datetime_operator' retrieved from /Users/vlad.alex995/Desktop/de-sprint/.venv-airflow/lib/python3.11/site-packages/airflow/example_dags/example_branch_datetime_operator.py
[2025-08-26T18:11:54.853+0100] {logging_mixin.py:188} INFO - [2025-08-26T18:11:54.852+0100] {dag.py:3089} INFO - Sync 3 DAGs
[2025-08-26T18:11:54.858+0100] {logging_mixin.py:188} INFO - [2025-08-26T18:11:54.858+0100] {dag.py:3947} INFO - Setting next_dagrun for example_branch_datetime_operator to 2025-08-25 00:00:00+00:00, run_after=2025-08-26 00:00:00+00:00
[2025-08-26T18:11:54.859+0100] {logging_mixin.py:188} INFO - [2025-08-26T18:11:54.859+0100] {dag.py:3947} INFO - Setting next_dagrun for example_branch_datetime_operator_2 to 2025-08-25 00:00:00+00:00, run_after=2025-08-26 00:00:00+00:00
[2025-08-26T18:11:54.860+0100] {logging_mixin.py:188} INFO - [2025-08-26T18:11:54.860+0100] {dag.py:3947} INFO - Setting next_dagrun for example_branch_datetime_operator_3 to 2025-08-25 00:00:00+00:00, run_after=2025-08-26 00:00:00+00:00
[2025-08-26T18:11:54.865+0100] {processor.py:183} INFO - Processing /Users/vlad.alex995/Desktop/de-sprint/.venv-airflow/lib/python3.11/site-packages/airflow/example_dags/example_branch_datetime_operator.py took 0.048 seconds
[2025-08-26T18:13:26.633+0100] {processor.py:161} INFO - Started process (PID=37518) to work on /Users/vlad.alex995/Desktop/de-sprint/.venv-airflow/lib/python3.11/site-packages/airflow/example_dags/example_branch_datetime_operator.py
[2025-08-26T18:13:26.634+0100] {processor.py:830} INFO - Processing file /Users/vlad.alex995/Desktop/de-sprint/.venv-airflow/lib/python3.11/site-packages/airflow/example_dags/example_branch_datetime_operator.py for tasks to queue
[2025-08-26T18:13:26.634+0100] {logging_mixin.py:188} INFO - [2025-08-26T18:13:26.634+0100] {dagbag.py:545} INFO - Filling up the DagBag from /Users/vlad.alex995/Desktop/de-sprint/.venv-airflow/lib/python3.11/site-packages/airflow/example_dags/example_branch_datetime_operator.py
[2025-08-26T18:13:26.638+0100] {processor.py:840} INFO - DAG(s) 'example_branch_datetime_operator', 'example_branch_datetime_operator_2', 'example_branch_datetime_operator_3' retrieved from /Users/vlad.alex995/Desktop/de-sprint/.venv-airflow/lib/python3.11/site-packages/airflow/example_dags/example_branch_datetime_operator.py
[2025-08-26T18:13:26.669+0100] {logging_mixin.py:188} INFO - [2025-08-26T18:13:26.668+0100] {dag.py:3089} INFO - Sync 3 DAGs
[2025-08-26T18:13:26.674+0100] {logging_mixin.py:188} INFO - [2025-08-26T18:13:26.674+0100] {dag.py:3947} INFO - Setting next_dagrun for example_branch_datetime_operator to 2025-08-25 00:00:00+00:00, run_after=2025-08-26 00:00:00+00:00
[2025-08-26T18:13:26.675+0100] {logging_mixin.py:188} INFO - [2025-08-26T18:13:26.675+0100] {dag.py:3947} INFO - Setting next_dagrun for example_branch_datetime_operator_2 to 2025-08-25 00:00:00+00:00, run_after=2025-08-26 00:00:00+00:00
[2025-08-26T18:13:26.676+0100] {logging_mixin.py:188} INFO - [2025-08-26T18:13:26.676+0100] {dag.py:3947} INFO - Setting next_dagrun for example_branch_datetime_operator_3 to 2025-08-25 00:00:00+00:00, run_after=2025-08-26 00:00:00+00:00
[2025-08-26T18:13:26.681+0100] {processor.py:183} INFO - Processing /Users/vlad.alex995/Desktop/de-sprint/.venv-airflow/lib/python3.11/site-packages/airflow/example_dags/example_branch_datetime_operator.py took 0.049 seconds
[2025-08-26T18:14:54.601+0100] {processor.py:161} INFO - Started process (PID=37983) to work on /Users/vlad.alex995/Desktop/de-sprint/.venv-airflow/lib/python3.11/site-packages/airflow/example_dags/example_branch_datetime_operator.py
[2025-08-26T18:14:54.602+0100] {processor.py:830} INFO - Processing file /Users/vlad.alex995/Desktop/de-sprint/.venv-airflow/lib/python3.11/site-packages/airflow/example_dags/example_branch_datetime_operator.py for tasks to queue
[2025-08-26T18:14:54.602+0100] {logging_mixin.py:188} INFO - [2025-08-26T18:14:54.602+0100] {dagbag.py:545} INFO - Filling up the DagBag from /Users/vlad.alex995/Desktop/de-sprint/.venv-airflow/lib/python3.11/site-packages/airflow/example_dags/example_branch_datetime_operator.py
[2025-08-26T18:14:54.606+0100] {processor.py:840} INFO - DAG(s) 'example_branch_datetime_operator_3', 'example_branch_datetime_operator', 'example_branch_datetime_operator_2' retrieved from /Users/vlad.alex995/Desktop/de-sprint/.venv-airflow/lib/python3.11/site-packages/airflow/example_dags/example_branch_datetime_operator.py
[2025-08-26T18:14:54.640+0100] {logging_mixin.py:188} INFO - [2025-08-26T18:14:54.640+0100] {dag.py:3089} INFO - Sync 3 DAGs
[2025-08-26T18:14:54.646+0100] {logging_mixin.py:188} INFO - [2025-08-26T18:14:54.646+0100] {dag.py:3947} INFO - Setting next_dagrun for example_branch_datetime_operator to 2025-08-25 00:00:00+00:00, run_after=2025-08-26 00:00:00+00:00
[2025-08-26T18:14:54.648+0100] {logging_mixin.py:188} INFO - [2025-08-26T18:14:54.647+0100] {dag.py:3947} INFO - Setting next_dagrun for example_branch_datetime_operator_2 to 2025-08-25 00:00:00+00:00, run_after=2025-08-26 00:00:00+00:00
[2025-08-26T18:14:54.648+0100] {logging_mixin.py:188} INFO - [2025-08-26T18:14:54.648+0100] {dag.py:3947} INFO - Setting next_dagrun for example_branch_datetime_operator_3 to 2025-08-25 00:00:00+00:00, run_after=2025-08-26 00:00:00+00:00
[2025-08-26T18:14:54.654+0100] {processor.py:183} INFO - Processing /Users/vlad.alex995/Desktop/de-sprint/.venv-airflow/lib/python3.11/site-packages/airflow/example_dags/example_branch_datetime_operator.py took 0.054 seconds
[2025-08-26T18:16:27.899+0100] {processor.py:161} INFO - Started process (PID=38058) to work on /Users/vlad.alex995/Desktop/de-sprint/.venv-airflow/lib/python3.11/site-packages/airflow/example_dags/example_branch_datetime_operator.py
[2025-08-26T18:16:27.900+0100] {processor.py:830} INFO - Processing file /Users/vlad.alex995/Desktop/de-sprint/.venv-airflow/lib/python3.11/site-packages/airflow/example_dags/example_branch_datetime_operator.py for tasks to queue
[2025-08-26T18:16:27.901+0100] {logging_mixin.py:188} INFO - [2025-08-26T18:16:27.901+0100] {dagbag.py:545} INFO - Filling up the DagBag from /Users/vlad.alex995/Desktop/de-sprint/.venv-airflow/lib/python3.11/site-packages/airflow/example_dags/example_branch_datetime_operator.py
[2025-08-26T18:16:27.905+0100] {processor.py:840} INFO - DAG(s) 'example_branch_datetime_operator', 'example_branch_datetime_operator_2', 'example_branch_datetime_operator_3' retrieved from /Users/vlad.alex995/Desktop/de-sprint/.venv-airflow/lib/python3.11/site-packages/airflow/example_dags/example_branch_datetime_operator.py
[2025-08-26T18:16:27.935+0100] {logging_mixin.py:188} INFO - [2025-08-26T18:16:27.934+0100] {dag.py:3089} INFO - Sync 3 DAGs
[2025-08-26T18:16:27.940+0100] {logging_mixin.py:188} INFO - [2025-08-26T18:16:27.940+0100] {dag.py:3947} INFO - Setting next_dagrun for example_branch_datetime_operator to 2025-08-25 00:00:00+00:00, run_after=2025-08-26 00:00:00+00:00
[2025-08-26T18:16:27.941+0100] {logging_mixin.py:188} INFO - [2025-08-26T18:16:27.941+0100] {dag.py:3947} INFO - Setting next_dagrun for example_branch_datetime_operator_2 to 2025-08-25 00:00:00+00:00, run_after=2025-08-26 00:00:00+00:00
[2025-08-26T18:16:27.942+0100] {logging_mixin.py:188} INFO - [2025-08-26T18:16:27.942+0100] {dag.py:3947} INFO - Setting next_dagrun for example_branch_datetime_operator_3 to 2025-08-25 00:00:00+00:00, run_after=2025-08-26 00:00:00+00:00
[2025-08-26T18:16:27.947+0100] {processor.py:183} INFO - Processing /Users/vlad.alex995/Desktop/de-sprint/.venv-airflow/lib/python3.11/site-packages/airflow/example_dags/example_branch_datetime_operator.py took 0.048 seconds
[2025-08-26T18:18:06.635+0100] {processor.py:161} INFO - Started process (PID=38421) to work on /Users/vlad.alex995/Desktop/de-sprint/.venv-airflow/lib/python3.11/site-packages/airflow/example_dags/example_branch_datetime_operator.py
[2025-08-26T18:18:06.636+0100] {processor.py:830} INFO - Processing file /Users/vlad.alex995/Desktop/de-sprint/.venv-airflow/lib/python3.11/site-packages/airflow/example_dags/example_branch_datetime_operator.py for tasks to queue
[2025-08-26T18:18:06.637+0100] {logging_mixin.py:188} INFO - [2025-08-26T18:18:06.636+0100] {dagbag.py:545} INFO - Filling up the DagBag from /Users/vlad.alex995/Desktop/de-sprint/.venv-airflow/lib/python3.11/site-packages/airflow/example_dags/example_branch_datetime_operator.py
[2025-08-26T18:18:06.641+0100] {processor.py:840} INFO - DAG(s) 'example_branch_datetime_operator_2', 'example_branch_datetime_operator', 'example_branch_datetime_operator_3' retrieved from /Users/vlad.alex995/Desktop/de-sprint/.venv-airflow/lib/python3.11/site-packages/airflow/example_dags/example_branch_datetime_operator.py
[2025-08-26T18:18:06.672+0100] {logging_mixin.py:188} INFO - [2025-08-26T18:18:06.672+0100] {dag.py:3089} INFO - Sync 3 DAGs
[2025-08-26T18:18:06.677+0100] {logging_mixin.py:188} INFO - [2025-08-26T18:18:06.677+0100] {dag.py:3947} INFO - Setting next_dagrun for example_branch_datetime_operator to 2025-08-25 00:00:00+00:00, run_after=2025-08-26 00:00:00+00:00
[2025-08-26T18:18:06.679+0100] {logging_mixin.py:188} INFO - [2025-08-26T18:18:06.679+0100] {dag.py:3947} INFO - Setting next_dagrun for example_branch_datetime_operator_2 to 2025-08-25 00:00:00+00:00, run_after=2025-08-26 00:00:00+00:00
[2025-08-26T18:18:06.679+0100] {logging_mixin.py:188} INFO - [2025-08-26T18:18:06.679+0100] {dag.py:3947} INFO - Setting next_dagrun for example_branch_datetime_operator_3 to 2025-08-25 00:00:00+00:00, run_after=2025-08-26 00:00:00+00:00
[2025-08-26T18:18:06.684+0100] {processor.py:183} INFO - Processing /Users/vlad.alex995/Desktop/de-sprint/.venv-airflow/lib/python3.11/site-packages/airflow/example_dags/example_branch_datetime_operator.py took 0.050 seconds
[2025-08-26T18:20:20.155+0100] {processor.py:161} INFO - Started process (PID=38913) to work on /Users/vlad.alex995/Desktop/de-sprint/.venv-airflow/lib/python3.11/site-packages/airflow/example_dags/example_branch_datetime_operator.py
[2025-08-26T18:20:20.156+0100] {processor.py:830} INFO - Processing file /Users/vlad.alex995/Desktop/de-sprint/.venv-airflow/lib/python3.11/site-packages/airflow/example_dags/example_branch_datetime_operator.py for tasks to queue
[2025-08-26T18:20:20.156+0100] {logging_mixin.py:188} INFO - [2025-08-26T18:20:20.156+0100] {dagbag.py:545} INFO - Filling up the DagBag from /Users/vlad.alex995/Desktop/de-sprint/.venv-airflow/lib/python3.11/site-packages/airflow/example_dags/example_branch_datetime_operator.py
[2025-08-26T18:20:20.160+0100] {processor.py:840} INFO - DAG(s) 'example_branch_datetime_operator', 'example_branch_datetime_operator_2', 'example_branch_datetime_operator_3' retrieved from /Users/vlad.alex995/Desktop/de-sprint/.venv-airflow/lib/python3.11/site-packages/airflow/example_dags/example_branch_datetime_operator.py
[2025-08-26T18:20:20.191+0100] {logging_mixin.py:188} INFO - [2025-08-26T18:20:20.191+0100] {dag.py:3089} INFO - Sync 3 DAGs
[2025-08-26T18:20:20.196+0100] {logging_mixin.py:188} INFO - [2025-08-26T18:20:20.196+0100] {dag.py:3947} INFO - Setting next_dagrun for example_branch_datetime_operator to 2025-08-25 00:00:00+00:00, run_after=2025-08-26 00:00:00+00:00
[2025-08-26T18:20:20.198+0100] {logging_mixin.py:188} INFO - [2025-08-26T18:20:20.198+0100] {dag.py:3947} INFO - Setting next_dagrun for example_branch_datetime_operator_2 to 2025-08-25 00:00:00+00:00, run_after=2025-08-26 00:00:00+00:00
[2025-08-26T18:20:20.198+0100] {logging_mixin.py:188} INFO - [2025-08-26T18:20:20.198+0100] {dag.py:3947} INFO - Setting next_dagrun for example_branch_datetime_operator_3 to 2025-08-25 00:00:00+00:00, run_after=2025-08-26 00:00:00+00:00
[2025-08-26T18:20:20.203+0100] {processor.py:183} INFO - Processing /Users/vlad.alex995/Desktop/de-sprint/.venv-airflow/lib/python3.11/site-packages/airflow/example_dags/example_branch_datetime_operator.py took 0.050 seconds
[2025-08-26T18:21:54.175+0100] {processor.py:161} INFO - Started process (PID=38997) to work on /Users/vlad.alex995/Desktop/de-sprint/.venv-airflow/lib/python3.11/site-packages/airflow/example_dags/example_branch_datetime_operator.py
[2025-08-26T18:21:54.176+0100] {processor.py:830} INFO - Processing file /Users/vlad.alex995/Desktop/de-sprint/.venv-airflow/lib/python3.11/site-packages/airflow/example_dags/example_branch_datetime_operator.py for tasks to queue
[2025-08-26T18:21:54.177+0100] {logging_mixin.py:188} INFO - [2025-08-26T18:21:54.176+0100] {dagbag.py:545} INFO - Filling up the DagBag from /Users/vlad.alex995/Desktop/de-sprint/.venv-airflow/lib/python3.11/site-packages/airflow/example_dags/example_branch_datetime_operator.py
[2025-08-26T18:21:54.181+0100] {processor.py:840} INFO - DAG(s) 'example_branch_datetime_operator_2', 'example_branch_datetime_operator_3', 'example_branch_datetime_operator' retrieved from /Users/vlad.alex995/Desktop/de-sprint/.venv-airflow/lib/python3.11/site-packages/airflow/example_dags/example_branch_datetime_operator.py
[2025-08-26T18:21:54.211+0100] {logging_mixin.py:188} INFO - [2025-08-26T18:21:54.211+0100] {dag.py:3089} INFO - Sync 3 DAGs
[2025-08-26T18:21:54.217+0100] {logging_mixin.py:188} INFO - [2025-08-26T18:21:54.217+0100] {dag.py:3947} INFO - Setting next_dagrun for example_branch_datetime_operator to 2025-08-25 00:00:00+00:00, run_after=2025-08-26 00:00:00+00:00
[2025-08-26T18:21:54.218+0100] {logging_mixin.py:188} INFO - [2025-08-26T18:21:54.218+0100] {dag.py:3947} INFO - Setting next_dagrun for example_branch_datetime_operator_2 to 2025-08-25 00:00:00+00:00, run_after=2025-08-26 00:00:00+00:00
[2025-08-26T18:21:54.218+0100] {logging_mixin.py:188} INFO - [2025-08-26T18:21:54.218+0100] {dag.py:3947} INFO - Setting next_dagrun for example_branch_datetime_operator_3 to 2025-08-25 00:00:00+00:00, run_after=2025-08-26 00:00:00+00:00
[2025-08-26T18:21:54.223+0100] {processor.py:183} INFO - Processing /Users/vlad.alex995/Desktop/de-sprint/.venv-airflow/lib/python3.11/site-packages/airflow/example_dags/example_branch_datetime_operator.py took 0.050 seconds
[2025-08-26T18:23:21.520+0100] {processor.py:161} INFO - Started process (PID=39067) to work on /Users/vlad.alex995/Desktop/de-sprint/.venv-airflow/lib/python3.11/site-packages/airflow/example_dags/example_branch_datetime_operator.py
[2025-08-26T18:23:21.521+0100] {processor.py:830} INFO - Processing file /Users/vlad.alex995/Desktop/de-sprint/.venv-airflow/lib/python3.11/site-packages/airflow/example_dags/example_branch_datetime_operator.py for tasks to queue
[2025-08-26T18:23:21.521+0100] {logging_mixin.py:188} INFO - [2025-08-26T18:23:21.521+0100] {dagbag.py:545} INFO - Filling up the DagBag from /Users/vlad.alex995/Desktop/de-sprint/.venv-airflow/lib/python3.11/site-packages/airflow/example_dags/example_branch_datetime_operator.py
[2025-08-26T18:23:21.525+0100] {processor.py:840} INFO - DAG(s) 'example_branch_datetime_operator_2', 'example_branch_datetime_operator', 'example_branch_datetime_operator_3' retrieved from /Users/vlad.alex995/Desktop/de-sprint/.venv-airflow/lib/python3.11/site-packages/airflow/example_dags/example_branch_datetime_operator.py
[2025-08-26T18:23:21.560+0100] {logging_mixin.py:188} INFO - [2025-08-26T18:23:21.560+0100] {dag.py:3089} INFO - Sync 3 DAGs
[2025-08-26T18:23:21.566+0100] {logging_mixin.py:188} INFO - [2025-08-26T18:23:21.566+0100] {dag.py:3947} INFO - Setting next_dagrun for example_branch_datetime_operator to 2025-08-25 00:00:00+00:00, run_after=2025-08-26 00:00:00+00:00
[2025-08-26T18:23:21.568+0100] {logging_mixin.py:188} INFO - [2025-08-26T18:23:21.568+0100] {dag.py:3947} INFO - Setting next_dagrun for example_branch_datetime_operator_2 to 2025-08-25 00:00:00+00:00, run_after=2025-08-26 00:00:00+00:00
[2025-08-26T18:23:21.569+0100] {logging_mixin.py:188} INFO - [2025-08-26T18:23:21.569+0100] {dag.py:3947} INFO - Setting next_dagrun for example_branch_datetime_operator_3 to 2025-08-25 00:00:00+00:00, run_after=2025-08-26 00:00:00+00:00
[2025-08-26T18:23:21.575+0100] {processor.py:183} INFO - Processing /Users/vlad.alex995/Desktop/de-sprint/.venv-airflow/lib/python3.11/site-packages/airflow/example_dags/example_branch_datetime_operator.py took 0.056 seconds
[2025-08-26T18:24:48.679+0100] {processor.py:161} INFO - Started process (PID=39139) to work on /Users/vlad.alex995/Desktop/de-sprint/.venv-airflow/lib/python3.11/site-packages/airflow/example_dags/example_branch_datetime_operator.py
[2025-08-26T18:24:48.681+0100] {processor.py:830} INFO - Processing file /Users/vlad.alex995/Desktop/de-sprint/.venv-airflow/lib/python3.11/site-packages/airflow/example_dags/example_branch_datetime_operator.py for tasks to queue
[2025-08-26T18:24:48.682+0100] {logging_mixin.py:188} INFO - [2025-08-26T18:24:48.681+0100] {dagbag.py:545} INFO - Filling up the DagBag from /Users/vlad.alex995/Desktop/de-sprint/.venv-airflow/lib/python3.11/site-packages/airflow/example_dags/example_branch_datetime_operator.py
[2025-08-26T18:24:48.686+0100] {processor.py:840} INFO - DAG(s) 'example_branch_datetime_operator', 'example_branch_datetime_operator_3', 'example_branch_datetime_operator_2' retrieved from /Users/vlad.alex995/Desktop/de-sprint/.venv-airflow/lib/python3.11/site-packages/airflow/example_dags/example_branch_datetime_operator.py
[2025-08-26T18:24:48.717+0100] {logging_mixin.py:188} INFO - [2025-08-26T18:24:48.717+0100] {dag.py:3089} INFO - Sync 3 DAGs
[2025-08-26T18:24:48.724+0100] {logging_mixin.py:188} INFO - [2025-08-26T18:24:48.724+0100] {dag.py:3947} INFO - Setting next_dagrun for example_branch_datetime_operator to 2025-08-25 00:00:00+00:00, run_after=2025-08-26 00:00:00+00:00
[2025-08-26T18:24:48.725+0100] {logging_mixin.py:188} INFO - [2025-08-26T18:24:48.725+0100] {dag.py:3947} INFO - Setting next_dagrun for example_branch_datetime_operator_2 to 2025-08-25 00:00:00+00:00, run_after=2025-08-26 00:00:00+00:00
[2025-08-26T18:24:48.726+0100] {logging_mixin.py:188} INFO - [2025-08-26T18:24:48.726+0100] {dag.py:3947} INFO - Setting next_dagrun for example_branch_datetime_operator_3 to 2025-08-25 00:00:00+00:00, run_after=2025-08-26 00:00:00+00:00
[2025-08-26T18:24:48.731+0100] {processor.py:183} INFO - Processing /Users/vlad.alex995/Desktop/de-sprint/.venv-airflow/lib/python3.11/site-packages/airflow/example_dags/example_branch_datetime_operator.py took 0.053 seconds
[2025-08-26T18:26:25.069+0100] {processor.py:161} INFO - Started process (PID=39232) to work on /Users/vlad.alex995/Desktop/de-sprint/.venv-airflow/lib/python3.11/site-packages/airflow/example_dags/example_branch_datetime_operator.py
[2025-08-26T18:26:25.070+0100] {processor.py:830} INFO - Processing file /Users/vlad.alex995/Desktop/de-sprint/.venv-airflow/lib/python3.11/site-packages/airflow/example_dags/example_branch_datetime_operator.py for tasks to queue
[2025-08-26T18:26:25.070+0100] {logging_mixin.py:188} INFO - [2025-08-26T18:26:25.070+0100] {dagbag.py:545} INFO - Filling up the DagBag from /Users/vlad.alex995/Desktop/de-sprint/.venv-airflow/lib/python3.11/site-packages/airflow/example_dags/example_branch_datetime_operator.py
[2025-08-26T18:26:25.074+0100] {processor.py:840} INFO - DAG(s) 'example_branch_datetime_operator_2', 'example_branch_datetime_operator', 'example_branch_datetime_operator_3' retrieved from /Users/vlad.alex995/Desktop/de-sprint/.venv-airflow/lib/python3.11/site-packages/airflow/example_dags/example_branch_datetime_operator.py
[2025-08-26T18:26:25.106+0100] {logging_mixin.py:188} INFO - [2025-08-26T18:26:25.106+0100] {dag.py:3089} INFO - Sync 3 DAGs
[2025-08-26T18:26:25.111+0100] {logging_mixin.py:188} INFO - [2025-08-26T18:26:25.111+0100] {dag.py:3947} INFO - Setting next_dagrun for example_branch_datetime_operator to 2025-08-25 00:00:00+00:00, run_after=2025-08-26 00:00:00+00:00
[2025-08-26T18:26:25.113+0100] {logging_mixin.py:188} INFO - [2025-08-26T18:26:25.113+0100] {dag.py:3947} INFO - Setting next_dagrun for example_branch_datetime_operator_2 to 2025-08-25 00:00:00+00:00, run_after=2025-08-26 00:00:00+00:00
[2025-08-26T18:26:25.113+0100] {logging_mixin.py:188} INFO - [2025-08-26T18:26:25.113+0100] {dag.py:3947} INFO - Setting next_dagrun for example_branch_datetime_operator_3 to 2025-08-25 00:00:00+00:00, run_after=2025-08-26 00:00:00+00:00
[2025-08-26T18:26:25.118+0100] {processor.py:183} INFO - Processing /Users/vlad.alex995/Desktop/de-sprint/.venv-airflow/lib/python3.11/site-packages/airflow/example_dags/example_branch_datetime_operator.py took 0.050 seconds
