[2025-08-26T17:26:01.524+0100] {processor.py:161} INFO - Started process (PID=35353) to work on /Users/vlad.alex995/Desktop/de-sprint/.venv-airflow/lib/python3.11/site-packages/airflow/example_dags/example_dag_decorator.py
[2025-08-26T17:26:01.525+0100] {processor.py:830} INFO - Processing file /Users/vlad.alex995/Desktop/de-sprint/.venv-airflow/lib/python3.11/site-packages/airflow/example_dags/example_dag_decorator.py for tasks to queue
[2025-08-26T17:26:01.525+0100] {logging_mixin.py:188} INFO - [2025-08-26T17:26:01.525+0100] {dagbag.py:545} INFO - Filling up the DagBag from /Users/vlad.alex995/Desktop/de-sprint/.venv-airflow/lib/python3.11/site-packages/airflow/example_dags/example_dag_decorator.py
[2025-08-26T17:26:01.593+0100] {processor.py:840} INFO - DAG(s) 'example_dag_decorator' retrieved from /Users/vlad.alex995/Desktop/de-sprint/.venv-airflow/lib/python3.11/site-packages/airflow/example_dags/example_dag_decorator.py
[2025-08-26T17:26:01.676+0100] {logging_mixin.py:188} INFO - [2025-08-26T17:26:01.675+0100] {override.py:1858} INFO - Created Permission View: can delete on DAG:example_dag_decorator
[2025-08-26T17:26:01.679+0100] {logging_mixin.py:188} INFO - [2025-08-26T17:26:01.679+0100] {override.py:1858} INFO - Created Permission View: can read on DAG:example_dag_decorator
[2025-08-26T17:26:01.681+0100] {logging_mixin.py:188} INFO - [2025-08-26T17:26:01.681+0100] {override.py:1858} INFO - Created Permission View: can edit on DAG:example_dag_decorator
[2025-08-26T17:26:01.681+0100] {logging_mixin.py:188} INFO - [2025-08-26T17:26:01.681+0100] {dag.py:3089} INFO - Sync 1 DAGs
[2025-08-26T17:26:01.684+0100] {logging_mixin.py:188} INFO - [2025-08-26T17:26:01.684+0100] {dag.py:3111} INFO - Creating ORM DAG for example_dag_decorator
[2025-08-26T17:26:01.684+0100] {logging_mixin.py:188} INFO - [2025-08-26T17:26:01.684+0100] {dag.py:3947} INFO - Setting next_dagrun for example_dag_decorator to None, run_after=None
[2025-08-26T17:26:01.691+0100] {processor.py:183} INFO - Processing /Users/vlad.alex995/Desktop/de-sprint/.venv-airflow/lib/python3.11/site-packages/airflow/example_dags/example_dag_decorator.py took 0.167 seconds
[2025-08-26T17:27:31.767+0100] {processor.py:161} INFO - Started process (PID=35425) to work on /Users/vlad.alex995/Desktop/de-sprint/.venv-airflow/lib/python3.11/site-packages/airflow/example_dags/example_dag_decorator.py
[2025-08-26T17:27:31.767+0100] {processor.py:830} INFO - Processing file /Users/vlad.alex995/Desktop/de-sprint/.venv-airflow/lib/python3.11/site-packages/airflow/example_dags/example_dag_decorator.py for tasks to queue
[2025-08-26T17:27:31.767+0100] {logging_mixin.py:188} INFO - [2025-08-26T17:27:31.767+0100] {dagbag.py:545} INFO - Filling up the DagBag from /Users/vlad.alex995/Desktop/de-sprint/.venv-airflow/lib/python3.11/site-packages/airflow/example_dags/example_dag_decorator.py
[2025-08-26T17:27:31.840+0100] {processor.py:840} INFO - DAG(s) 'example_dag_decorator' retrieved from /Users/vlad.alex995/Desktop/de-sprint/.venv-airflow/lib/python3.11/site-packages/airflow/example_dags/example_dag_decorator.py
[2025-08-26T17:27:31.930+0100] {logging_mixin.py:188} INFO - [2025-08-26T17:27:31.929+0100] {dag.py:3089} INFO - Sync 1 DAGs
[2025-08-26T17:27:31.933+0100] {logging_mixin.py:188} INFO - [2025-08-26T17:27:31.933+0100] {dag.py:3947} INFO - Setting next_dagrun for example_dag_decorator to None, run_after=None
[2025-08-26T17:27:31.940+0100] {processor.py:183} INFO - Processing /Users/vlad.alex995/Desktop/de-sprint/.venv-airflow/lib/python3.11/site-packages/airflow/example_dags/example_dag_decorator.py took 0.175 seconds
[2025-08-26T17:29:08.977+0100] {processor.py:161} INFO - Started process (PID=35494) to work on /Users/vlad.alex995/Desktop/de-sprint/.venv-airflow/lib/python3.11/site-packages/airflow/example_dags/example_dag_decorator.py
[2025-08-26T17:29:08.978+0100] {processor.py:830} INFO - Processing file /Users/vlad.alex995/Desktop/de-sprint/.venv-airflow/lib/python3.11/site-packages/airflow/example_dags/example_dag_decorator.py for tasks to queue
[2025-08-26T17:29:08.979+0100] {logging_mixin.py:188} INFO - [2025-08-26T17:29:08.979+0100] {dagbag.py:545} INFO - Filling up the DagBag from /Users/vlad.alex995/Desktop/de-sprint/.venv-airflow/lib/python3.11/site-packages/airflow/example_dags/example_dag_decorator.py
[2025-08-26T17:29:09.047+0100] {processor.py:840} INFO - DAG(s) 'example_dag_decorator' retrieved from /Users/vlad.alex995/Desktop/de-sprint/.venv-airflow/lib/python3.11/site-packages/airflow/example_dags/example_dag_decorator.py
[2025-08-26T17:29:09.134+0100] {logging_mixin.py:188} INFO - [2025-08-26T17:29:09.133+0100] {dag.py:3089} INFO - Sync 1 DAGs
[2025-08-26T17:29:09.136+0100] {logging_mixin.py:188} INFO - [2025-08-26T17:29:09.136+0100] {dag.py:3947} INFO - Setting next_dagrun for example_dag_decorator to None, run_after=None
[2025-08-26T17:29:09.143+0100] {processor.py:183} INFO - Processing /Users/vlad.alex995/Desktop/de-sprint/.venv-airflow/lib/python3.11/site-packages/airflow/example_dags/example_dag_decorator.py took 0.166 seconds
[2025-08-26T17:30:40.346+0100] {processor.py:161} INFO - Started process (PID=35564) to work on /Users/vlad.alex995/Desktop/de-sprint/.venv-airflow/lib/python3.11/site-packages/airflow/example_dags/example_dag_decorator.py
[2025-08-26T17:30:40.347+0100] {processor.py:830} INFO - Processing file /Users/vlad.alex995/Desktop/de-sprint/.venv-airflow/lib/python3.11/site-packages/airflow/example_dags/example_dag_decorator.py for tasks to queue
[2025-08-26T17:30:40.347+0100] {logging_mixin.py:188} INFO - [2025-08-26T17:30:40.347+0100] {dagbag.py:545} INFO - Filling up the DagBag from /Users/vlad.alex995/Desktop/de-sprint/.venv-airflow/lib/python3.11/site-packages/airflow/example_dags/example_dag_decorator.py
[2025-08-26T17:30:40.417+0100] {processor.py:840} INFO - DAG(s) 'example_dag_decorator' retrieved from /Users/vlad.alex995/Desktop/de-sprint/.venv-airflow/lib/python3.11/site-packages/airflow/example_dags/example_dag_decorator.py
[2025-08-26T17:30:40.506+0100] {logging_mixin.py:188} INFO - [2025-08-26T17:30:40.506+0100] {dag.py:3089} INFO - Sync 1 DAGs
[2025-08-26T17:30:40.509+0100] {logging_mixin.py:188} INFO - [2025-08-26T17:30:40.508+0100] {dag.py:3947} INFO - Setting next_dagrun for example_dag_decorator to None, run_after=None
[2025-08-26T17:30:40.515+0100] {processor.py:183} INFO - Processing /Users/vlad.alex995/Desktop/de-sprint/.venv-airflow/lib/python3.11/site-packages/airflow/example_dags/example_dag_decorator.py took 0.170 seconds
[2025-08-26T17:32:10.612+0100] {processor.py:161} INFO - Started process (PID=35942) to work on /Users/vlad.alex995/Desktop/de-sprint/.venv-airflow/lib/python3.11/site-packages/airflow/example_dags/example_dag_decorator.py
[2025-08-26T17:32:10.612+0100] {processor.py:830} INFO - Processing file /Users/vlad.alex995/Desktop/de-sprint/.venv-airflow/lib/python3.11/site-packages/airflow/example_dags/example_dag_decorator.py for tasks to queue
[2025-08-26T17:32:10.613+0100] {logging_mixin.py:188} INFO - [2025-08-26T17:32:10.612+0100] {dagbag.py:545} INFO - Filling up the DagBag from /Users/vlad.alex995/Desktop/de-sprint/.venv-airflow/lib/python3.11/site-packages/airflow/example_dags/example_dag_decorator.py
[2025-08-26T17:32:10.661+0100] {processor.py:840} INFO - DAG(s) 'example_dag_decorator' retrieved from /Users/vlad.alex995/Desktop/de-sprint/.venv-airflow/lib/python3.11/site-packages/airflow/example_dags/example_dag_decorator.py
[2025-08-26T17:32:10.733+0100] {logging_mixin.py:188} INFO - [2025-08-26T17:32:10.733+0100] {dag.py:3089} INFO - Sync 1 DAGs
[2025-08-26T17:32:10.735+0100] {logging_mixin.py:188} INFO - [2025-08-26T17:32:10.735+0100] {dag.py:3947} INFO - Setting next_dagrun for example_dag_decorator to None, run_after=None
[2025-08-26T17:32:10.742+0100] {processor.py:183} INFO - Processing /Users/vlad.alex995/Desktop/de-sprint/.venv-airflow/lib/python3.11/site-packages/airflow/example_dags/example_dag_decorator.py took 0.130 seconds
[2025-08-26T17:33:43.426+0100] {processor.py:161} INFO - Started process (PID=36027) to work on /Users/vlad.alex995/Desktop/de-sprint/.venv-airflow/lib/python3.11/site-packages/airflow/example_dags/example_dag_decorator.py
[2025-08-26T17:33:43.427+0100] {processor.py:830} INFO - Processing file /Users/vlad.alex995/Desktop/de-sprint/.venv-airflow/lib/python3.11/site-packages/airflow/example_dags/example_dag_decorator.py for tasks to queue
[2025-08-26T17:33:43.428+0100] {logging_mixin.py:188} INFO - [2025-08-26T17:33:43.428+0100] {dagbag.py:545} INFO - Filling up the DagBag from /Users/vlad.alex995/Desktop/de-sprint/.venv-airflow/lib/python3.11/site-packages/airflow/example_dags/example_dag_decorator.py
[2025-08-26T17:33:43.500+0100] {processor.py:840} INFO - DAG(s) 'example_dag_decorator' retrieved from /Users/vlad.alex995/Desktop/de-sprint/.venv-airflow/lib/python3.11/site-packages/airflow/example_dags/example_dag_decorator.py
[2025-08-26T17:33:43.587+0100] {logging_mixin.py:188} INFO - [2025-08-26T17:33:43.587+0100] {dag.py:3089} INFO - Sync 1 DAGs
[2025-08-26T17:33:43.590+0100] {logging_mixin.py:188} INFO - [2025-08-26T17:33:43.590+0100] {dag.py:3947} INFO - Setting next_dagrun for example_dag_decorator to None, run_after=None
[2025-08-26T17:33:43.596+0100] {processor.py:183} INFO - Processing /Users/vlad.alex995/Desktop/de-sprint/.venv-airflow/lib/python3.11/site-packages/airflow/example_dags/example_dag_decorator.py took 0.170 seconds
[2025-08-26T18:11:42.855+0100] {processor.py:161} INFO - Started process (PID=37439) to work on /Users/vlad.alex995/Desktop/de-sprint/.venv-airflow/lib/python3.11/site-packages/airflow/example_dags/example_dag_decorator.py
[2025-08-26T18:11:42.856+0100] {processor.py:830} INFO - Processing file /Users/vlad.alex995/Desktop/de-sprint/.venv-airflow/lib/python3.11/site-packages/airflow/example_dags/example_dag_decorator.py for tasks to queue
[2025-08-26T18:11:42.856+0100] {logging_mixin.py:188} INFO - [2025-08-26T18:11:42.856+0100] {dagbag.py:545} INFO - Filling up the DagBag from /Users/vlad.alex995/Desktop/de-sprint/.venv-airflow/lib/python3.11/site-packages/airflow/example_dags/example_dag_decorator.py
[2025-08-26T18:11:42.920+0100] {processor.py:840} INFO - DAG(s) 'example_dag_decorator' retrieved from /Users/vlad.alex995/Desktop/de-sprint/.venv-airflow/lib/python3.11/site-packages/airflow/example_dags/example_dag_decorator.py
[2025-08-26T18:11:42.998+0100] {logging_mixin.py:188} INFO - [2025-08-26T18:11:42.998+0100] {dag.py:3089} INFO - Sync 1 DAGs
[2025-08-26T18:11:43.000+0100] {logging_mixin.py:188} INFO - [2025-08-26T18:11:43.000+0100] {dag.py:3947} INFO - Setting next_dagrun for example_dag_decorator to None, run_after=None
[2025-08-26T18:11:43.006+0100] {processor.py:183} INFO - Processing /Users/vlad.alex995/Desktop/de-sprint/.venv-airflow/lib/python3.11/site-packages/airflow/example_dags/example_dag_decorator.py took 0.152 seconds
[2025-08-26T18:13:16.316+0100] {processor.py:161} INFO - Started process (PID=37508) to work on /Users/vlad.alex995/Desktop/de-sprint/.venv-airflow/lib/python3.11/site-packages/airflow/example_dags/example_dag_decorator.py
[2025-08-26T18:13:16.317+0100] {processor.py:830} INFO - Processing file /Users/vlad.alex995/Desktop/de-sprint/.venv-airflow/lib/python3.11/site-packages/airflow/example_dags/example_dag_decorator.py for tasks to queue
[2025-08-26T18:13:16.317+0100] {logging_mixin.py:188} INFO - [2025-08-26T18:13:16.317+0100] {dagbag.py:545} INFO - Filling up the DagBag from /Users/vlad.alex995/Desktop/de-sprint/.venv-airflow/lib/python3.11/site-packages/airflow/example_dags/example_dag_decorator.py
[2025-08-26T18:13:16.364+0100] {processor.py:840} INFO - DAG(s) 'example_dag_decorator' retrieved from /Users/vlad.alex995/Desktop/de-sprint/.venv-airflow/lib/python3.11/site-packages/airflow/example_dags/example_dag_decorator.py
[2025-08-26T18:13:16.442+0100] {logging_mixin.py:188} INFO - [2025-08-26T18:13:16.441+0100] {dag.py:3089} INFO - Sync 1 DAGs
[2025-08-26T18:13:16.444+0100] {logging_mixin.py:188} INFO - [2025-08-26T18:13:16.444+0100] {dag.py:3947} INFO - Setting next_dagrun for example_dag_decorator to None, run_after=None
[2025-08-26T18:13:16.451+0100] {processor.py:183} INFO - Processing /Users/vlad.alex995/Desktop/de-sprint/.venv-airflow/lib/python3.11/site-packages/airflow/example_dags/example_dag_decorator.py took 0.136 seconds
[2025-08-26T18:14:43.907+0100] {processor.py:161} INFO - Started process (PID=37974) to work on /Users/vlad.alex995/Desktop/de-sprint/.venv-airflow/lib/python3.11/site-packages/airflow/example_dags/example_dag_decorator.py
[2025-08-26T18:14:43.909+0100] {processor.py:830} INFO - Processing file /Users/vlad.alex995/Desktop/de-sprint/.venv-airflow/lib/python3.11/site-packages/airflow/example_dags/example_dag_decorator.py for tasks to queue
[2025-08-26T18:14:43.909+0100] {logging_mixin.py:188} INFO - [2025-08-26T18:14:43.909+0100] {dagbag.py:545} INFO - Filling up the DagBag from /Users/vlad.alex995/Desktop/de-sprint/.venv-airflow/lib/python3.11/site-packages/airflow/example_dags/example_dag_decorator.py
[2025-08-26T18:14:43.981+0100] {processor.py:840} INFO - DAG(s) 'example_dag_decorator' retrieved from /Users/vlad.alex995/Desktop/de-sprint/.venv-airflow/lib/python3.11/site-packages/airflow/example_dags/example_dag_decorator.py
[2025-08-26T18:14:44.068+0100] {logging_mixin.py:188} INFO - [2025-08-26T18:14:44.068+0100] {dag.py:3089} INFO - Sync 1 DAGs
[2025-08-26T18:14:44.070+0100] {logging_mixin.py:188} INFO - [2025-08-26T18:14:44.070+0100] {dag.py:3947} INFO - Setting next_dagrun for example_dag_decorator to None, run_after=None
[2025-08-26T18:14:44.076+0100] {processor.py:183} INFO - Processing /Users/vlad.alex995/Desktop/de-sprint/.venv-airflow/lib/python3.11/site-packages/airflow/example_dags/example_dag_decorator.py took 0.169 seconds
[2025-08-26T18:16:17.265+0100] {processor.py:161} INFO - Started process (PID=38050) to work on /Users/vlad.alex995/Desktop/de-sprint/.venv-airflow/lib/python3.11/site-packages/airflow/example_dags/example_dag_decorator.py
[2025-08-26T18:16:17.266+0100] {processor.py:830} INFO - Processing file /Users/vlad.alex995/Desktop/de-sprint/.venv-airflow/lib/python3.11/site-packages/airflow/example_dags/example_dag_decorator.py for tasks to queue
[2025-08-26T18:16:17.266+0100] {logging_mixin.py:188} INFO - [2025-08-26T18:16:17.266+0100] {dagbag.py:545} INFO - Filling up the DagBag from /Users/vlad.alex995/Desktop/de-sprint/.venv-airflow/lib/python3.11/site-packages/airflow/example_dags/example_dag_decorator.py
[2025-08-26T18:16:17.335+0100] {processor.py:840} INFO - DAG(s) 'example_dag_decorator' retrieved from /Users/vlad.alex995/Desktop/de-sprint/.venv-airflow/lib/python3.11/site-packages/airflow/example_dags/example_dag_decorator.py
[2025-08-26T18:16:17.411+0100] {logging_mixin.py:188} INFO - [2025-08-26T18:16:17.411+0100] {dag.py:3089} INFO - Sync 1 DAGs
[2025-08-26T18:16:17.414+0100] {logging_mixin.py:188} INFO - [2025-08-26T18:16:17.414+0100] {dag.py:3947} INFO - Setting next_dagrun for example_dag_decorator to None, run_after=None
[2025-08-26T18:16:17.419+0100] {processor.py:183} INFO - Processing /Users/vlad.alex995/Desktop/de-sprint/.venv-airflow/lib/python3.11/site-packages/airflow/example_dags/example_dag_decorator.py took 0.156 seconds
[2025-08-26T18:17:55.967+0100] {processor.py:161} INFO - Started process (PID=38412) to work on /Users/vlad.alex995/Desktop/de-sprint/.venv-airflow/lib/python3.11/site-packages/airflow/example_dags/example_dag_decorator.py
[2025-08-26T18:17:55.969+0100] {processor.py:830} INFO - Processing file /Users/vlad.alex995/Desktop/de-sprint/.venv-airflow/lib/python3.11/site-packages/airflow/example_dags/example_dag_decorator.py for tasks to queue
[2025-08-26T18:17:55.969+0100] {logging_mixin.py:188} INFO - [2025-08-26T18:17:55.969+0100] {dagbag.py:545} INFO - Filling up the DagBag from /Users/vlad.alex995/Desktop/de-sprint/.venv-airflow/lib/python3.11/site-packages/airflow/example_dags/example_dag_decorator.py
[2025-08-26T18:17:56.032+0100] {processor.py:840} INFO - DAG(s) 'example_dag_decorator' retrieved from /Users/vlad.alex995/Desktop/de-sprint/.venv-airflow/lib/python3.11/site-packages/airflow/example_dags/example_dag_decorator.py
[2025-08-26T18:17:56.108+0100] {logging_mixin.py:188} INFO - [2025-08-26T18:17:56.107+0100] {dag.py:3089} INFO - Sync 1 DAGs
[2025-08-26T18:17:56.110+0100] {logging_mixin.py:188} INFO - [2025-08-26T18:17:56.110+0100] {dag.py:3947} INFO - Setting next_dagrun for example_dag_decorator to None, run_after=None
[2025-08-26T18:17:56.116+0100] {processor.py:183} INFO - Processing /Users/vlad.alex995/Desktop/de-sprint/.venv-airflow/lib/python3.11/site-packages/airflow/example_dags/example_dag_decorator.py took 0.150 seconds
[2025-08-26T18:20:10.032+0100] {processor.py:161} INFO - Started process (PID=38906) to work on /Users/vlad.alex995/Desktop/de-sprint/.venv-airflow/lib/python3.11/site-packages/airflow/example_dags/example_dag_decorator.py
[2025-08-26T18:20:10.033+0100] {processor.py:830} INFO - Processing file /Users/vlad.alex995/Desktop/de-sprint/.venv-airflow/lib/python3.11/site-packages/airflow/example_dags/example_dag_decorator.py for tasks to queue
[2025-08-26T18:20:10.033+0100] {logging_mixin.py:188} INFO - [2025-08-26T18:20:10.033+0100] {dagbag.py:545} INFO - Filling up the DagBag from /Users/vlad.alex995/Desktop/de-sprint/.venv-airflow/lib/python3.11/site-packages/airflow/example_dags/example_dag_decorator.py
[2025-08-26T18:20:10.098+0100] {processor.py:840} INFO - DAG(s) 'example_dag_decorator' retrieved from /Users/vlad.alex995/Desktop/de-sprint/.venv-airflow/lib/python3.11/site-packages/airflow/example_dags/example_dag_decorator.py
[2025-08-26T18:20:10.178+0100] {logging_mixin.py:188} INFO - [2025-08-26T18:20:10.178+0100] {dag.py:3089} INFO - Sync 1 DAGs
[2025-08-26T18:20:10.180+0100] {logging_mixin.py:188} INFO - [2025-08-26T18:20:10.180+0100] {dag.py:3947} INFO - Setting next_dagrun for example_dag_decorator to None, run_after=None
[2025-08-26T18:20:10.186+0100] {processor.py:183} INFO - Processing /Users/vlad.alex995/Desktop/de-sprint/.venv-airflow/lib/python3.11/site-packages/airflow/example_dags/example_dag_decorator.py took 0.155 seconds
[2025-08-26T18:21:43.362+0100] {processor.py:161} INFO - Started process (PID=38988) to work on /Users/vlad.alex995/Desktop/de-sprint/.venv-airflow/lib/python3.11/site-packages/airflow/example_dags/example_dag_decorator.py
[2025-08-26T18:21:43.363+0100] {processor.py:830} INFO - Processing file /Users/vlad.alex995/Desktop/de-sprint/.venv-airflow/lib/python3.11/site-packages/airflow/example_dags/example_dag_decorator.py for tasks to queue
[2025-08-26T18:21:43.363+0100] {logging_mixin.py:188} INFO - [2025-08-26T18:21:43.363+0100] {dagbag.py:545} INFO - Filling up the DagBag from /Users/vlad.alex995/Desktop/de-sprint/.venv-airflow/lib/python3.11/site-packages/airflow/example_dags/example_dag_decorator.py
[2025-08-26T18:21:43.434+0100] {processor.py:840} INFO - DAG(s) 'example_dag_decorator' retrieved from /Users/vlad.alex995/Desktop/de-sprint/.venv-airflow/lib/python3.11/site-packages/airflow/example_dags/example_dag_decorator.py
[2025-08-26T18:21:43.525+0100] {logging_mixin.py:188} INFO - [2025-08-26T18:21:43.524+0100] {dag.py:3089} INFO - Sync 1 DAGs
[2025-08-26T18:21:43.528+0100] {logging_mixin.py:188} INFO - [2025-08-26T18:21:43.527+0100] {dag.py:3947} INFO - Setting next_dagrun for example_dag_decorator to None, run_after=None
[2025-08-26T18:21:43.533+0100] {processor.py:183} INFO - Processing /Users/vlad.alex995/Desktop/de-sprint/.venv-airflow/lib/python3.11/site-packages/airflow/example_dags/example_dag_decorator.py took 0.172 seconds
[2025-08-26T18:23:10.770+0100] {processor.py:161} INFO - Started process (PID=39058) to work on /Users/vlad.alex995/Desktop/de-sprint/.venv-airflow/lib/python3.11/site-packages/airflow/example_dags/example_dag_decorator.py
[2025-08-26T18:23:10.770+0100] {processor.py:830} INFO - Processing file /Users/vlad.alex995/Desktop/de-sprint/.venv-airflow/lib/python3.11/site-packages/airflow/example_dags/example_dag_decorator.py for tasks to queue
[2025-08-26T18:23:10.770+0100] {logging_mixin.py:188} INFO - [2025-08-26T18:23:10.770+0100] {dagbag.py:545} INFO - Filling up the DagBag from /Users/vlad.alex995/Desktop/de-sprint/.venv-airflow/lib/python3.11/site-packages/airflow/example_dags/example_dag_decorator.py
[2025-08-26T18:23:10.818+0100] {processor.py:840} INFO - DAG(s) 'example_dag_decorator' retrieved from /Users/vlad.alex995/Desktop/de-sprint/.venv-airflow/lib/python3.11/site-packages/airflow/example_dags/example_dag_decorator.py
[2025-08-26T18:23:10.888+0100] {logging_mixin.py:188} INFO - [2025-08-26T18:23:10.888+0100] {dag.py:3089} INFO - Sync 1 DAGs
[2025-08-26T18:23:10.891+0100] {logging_mixin.py:188} INFO - [2025-08-26T18:23:10.891+0100] {dag.py:3947} INFO - Setting next_dagrun for example_dag_decorator to None, run_after=None
[2025-08-26T18:23:10.897+0100] {processor.py:183} INFO - Processing /Users/vlad.alex995/Desktop/de-sprint/.venv-airflow/lib/python3.11/site-packages/airflow/example_dags/example_dag_decorator.py took 0.128 seconds
[2025-08-26T18:24:37.853+0100] {processor.py:161} INFO - Started process (PID=39127) to work on /Users/vlad.alex995/Desktop/de-sprint/.venv-airflow/lib/python3.11/site-packages/airflow/example_dags/example_dag_decorator.py
[2025-08-26T18:24:37.853+0100] {processor.py:830} INFO - Processing file /Users/vlad.alex995/Desktop/de-sprint/.venv-airflow/lib/python3.11/site-packages/airflow/example_dags/example_dag_decorator.py for tasks to queue
[2025-08-26T18:24:37.854+0100] {logging_mixin.py:188} INFO - [2025-08-26T18:24:37.854+0100] {dagbag.py:545} INFO - Filling up the DagBag from /Users/vlad.alex995/Desktop/de-sprint/.venv-airflow/lib/python3.11/site-packages/airflow/example_dags/example_dag_decorator.py
[2025-08-26T18:24:37.923+0100] {processor.py:840} INFO - DAG(s) 'example_dag_decorator' retrieved from /Users/vlad.alex995/Desktop/de-sprint/.venv-airflow/lib/python3.11/site-packages/airflow/example_dags/example_dag_decorator.py
[2025-08-26T18:24:38.008+0100] {logging_mixin.py:188} INFO - [2025-08-26T18:24:38.007+0100] {dag.py:3089} INFO - Sync 1 DAGs
[2025-08-26T18:24:38.010+0100] {logging_mixin.py:188} INFO - [2025-08-26T18:24:38.010+0100] {dag.py:3947} INFO - Setting next_dagrun for example_dag_decorator to None, run_after=None
[2025-08-26T18:24:38.016+0100] {processor.py:183} INFO - Processing /Users/vlad.alex995/Desktop/de-sprint/.venv-airflow/lib/python3.11/site-packages/airflow/example_dags/example_dag_decorator.py took 0.164 seconds
[2025-08-26T18:26:14.302+0100] {processor.py:161} INFO - Started process (PID=39222) to work on /Users/vlad.alex995/Desktop/de-sprint/.venv-airflow/lib/python3.11/site-packages/airflow/example_dags/example_dag_decorator.py
[2025-08-26T18:26:14.303+0100] {processor.py:830} INFO - Processing file /Users/vlad.alex995/Desktop/de-sprint/.venv-airflow/lib/python3.11/site-packages/airflow/example_dags/example_dag_decorator.py for tasks to queue
[2025-08-26T18:26:14.303+0100] {logging_mixin.py:188} INFO - [2025-08-26T18:26:14.303+0100] {dagbag.py:545} INFO - Filling up the DagBag from /Users/vlad.alex995/Desktop/de-sprint/.venv-airflow/lib/python3.11/site-packages/airflow/example_dags/example_dag_decorator.py
[2025-08-26T18:26:14.369+0100] {processor.py:840} INFO - DAG(s) 'example_dag_decorator' retrieved from /Users/vlad.alex995/Desktop/de-sprint/.venv-airflow/lib/python3.11/site-packages/airflow/example_dags/example_dag_decorator.py
[2025-08-26T18:26:14.448+0100] {logging_mixin.py:188} INFO - [2025-08-26T18:26:14.448+0100] {dag.py:3089} INFO - Sync 1 DAGs
[2025-08-26T18:26:14.451+0100] {logging_mixin.py:188} INFO - [2025-08-26T18:26:14.451+0100] {dag.py:3947} INFO - Setting next_dagrun for example_dag_decorator to None, run_after=None
[2025-08-26T18:26:14.456+0100] {processor.py:183} INFO - Processing /Users/vlad.alex995/Desktop/de-sprint/.venv-airflow/lib/python3.11/site-packages/airflow/example_dags/example_dag_decorator.py took 0.155 seconds
