[2025-08-26T17:25:36.055+0100] {processor.py:161} INFO - Started process (PID=35331) to work on /Users/vlad.alex995/Desktop/de-sprint/.venv-airflow/lib/python3.11/site-packages/airflow/example_dags/example_sensor_decorator.py
[2025-08-26T17:25:36.055+0100] {processor.py:830} INFO - Processing file /Users/vlad.alex995/Desktop/de-sprint/.venv-airflow/lib/python3.11/site-packages/airflow/example_dags/example_sensor_decorator.py for tasks to queue
[2025-08-26T17:25:36.056+0100] {logging_mixin.py:188} INFO - [2025-08-26T17:25:36.056+0100] {dagbag.py:545} INFO - Filling up the DagBag from /Users/vlad.alex995/Desktop/de-sprint/.venv-airflow/lib/python3.11/site-packages/airflow/example_dags/example_sensor_decorator.py
[2025-08-26T17:25:36.070+0100] {processor.py:840} INFO - DAG(s) 'example_sensor_decorator' retrieved from /Users/vlad.alex995/Desktop/de-sprint/.venv-airflow/lib/python3.11/site-packages/airflow/example_dags/example_sensor_decorator.py
[2025-08-26T17:25:36.132+0100] {logging_mixin.py:188} INFO - [2025-08-26T17:25:36.132+0100] {override.py:1858} INFO - Created Permission View: can read on DAG:example_sensor_decorator
[2025-08-26T17:25:36.135+0100] {logging_mixin.py:188} INFO - [2025-08-26T17:25:36.135+0100] {override.py:1858} INFO - Created Permission View: can delete on DAG:example_sensor_decorator
[2025-08-26T17:25:36.137+0100] {logging_mixin.py:188} INFO - [2025-08-26T17:25:36.137+0100] {override.py:1858} INFO - Created Permission View: can edit on DAG:example_sensor_decorator
[2025-08-26T17:25:36.137+0100] {logging_mixin.py:188} INFO - [2025-08-26T17:25:36.137+0100] {dag.py:3089} INFO - Sync 1 DAGs
[2025-08-26T17:25:36.168+0100] {logging_mixin.py:188} INFO - [2025-08-26T17:25:36.168+0100] {dag.py:3111} INFO - Creating ORM DAG for example_sensor_decorator
[2025-08-26T17:25:36.168+0100] {logging_mixin.py:188} INFO - [2025-08-26T17:25:36.168+0100] {dag.py:3947} INFO - Setting next_dagrun for example_sensor_decorator to None, run_after=None
[2025-08-26T17:25:36.175+0100] {processor.py:183} INFO - Processing /Users/vlad.alex995/Desktop/de-sprint/.venv-airflow/lib/python3.11/site-packages/airflow/example_dags/example_sensor_decorator.py took 0.121 seconds
[2025-08-26T17:26:53.726+0100] {processor.py:161} INFO - Started process (PID=35391) to work on /Users/vlad.alex995/Desktop/de-sprint/.venv-airflow/lib/python3.11/site-packages/airflow/example_dags/example_sensor_decorator.py
[2025-08-26T17:26:53.726+0100] {processor.py:830} INFO - Processing file /Users/vlad.alex995/Desktop/de-sprint/.venv-airflow/lib/python3.11/site-packages/airflow/example_dags/example_sensor_decorator.py for tasks to queue
[2025-08-26T17:26:53.726+0100] {logging_mixin.py:188} INFO - [2025-08-26T17:26:53.726+0100] {dagbag.py:545} INFO - Filling up the DagBag from /Users/vlad.alex995/Desktop/de-sprint/.venv-airflow/lib/python3.11/site-packages/airflow/example_dags/example_sensor_decorator.py
[2025-08-26T17:26:53.740+0100] {processor.py:840} INFO - DAG(s) 'example_sensor_decorator' retrieved from /Users/vlad.alex995/Desktop/de-sprint/.venv-airflow/lib/python3.11/site-packages/airflow/example_dags/example_sensor_decorator.py
[2025-08-26T17:26:53.772+0100] {logging_mixin.py:188} INFO - [2025-08-26T17:26:53.772+0100] {dag.py:3089} INFO - Sync 1 DAGs
[2025-08-26T17:26:53.775+0100] {logging_mixin.py:188} INFO - [2025-08-26T17:26:53.775+0100] {dag.py:3947} INFO - Setting next_dagrun for example_sensor_decorator to None, run_after=None
[2025-08-26T17:26:53.781+0100] {processor.py:183} INFO - Processing /Users/vlad.alex995/Desktop/de-sprint/.venv-airflow/lib/python3.11/site-packages/airflow/example_dags/example_sensor_decorator.py took 0.057 seconds
[2025-08-26T17:28:25.773+0100] {processor.py:161} INFO - Started process (PID=35464) to work on /Users/vlad.alex995/Desktop/de-sprint/.venv-airflow/lib/python3.11/site-packages/airflow/example_dags/example_sensor_decorator.py
[2025-08-26T17:28:25.774+0100] {processor.py:830} INFO - Processing file /Users/vlad.alex995/Desktop/de-sprint/.venv-airflow/lib/python3.11/site-packages/airflow/example_dags/example_sensor_decorator.py for tasks to queue
[2025-08-26T17:28:25.774+0100] {logging_mixin.py:188} INFO - [2025-08-26T17:28:25.774+0100] {dagbag.py:545} INFO - Filling up the DagBag from /Users/vlad.alex995/Desktop/de-sprint/.venv-airflow/lib/python3.11/site-packages/airflow/example_dags/example_sensor_decorator.py
[2025-08-26T17:28:25.788+0100] {processor.py:840} INFO - DAG(s) 'example_sensor_decorator' retrieved from /Users/vlad.alex995/Desktop/de-sprint/.venv-airflow/lib/python3.11/site-packages/airflow/example_dags/example_sensor_decorator.py
[2025-08-26T17:28:25.821+0100] {logging_mixin.py:188} INFO - [2025-08-26T17:28:25.821+0100] {dag.py:3089} INFO - Sync 1 DAGs
[2025-08-26T17:28:25.824+0100] {logging_mixin.py:188} INFO - [2025-08-26T17:28:25.824+0100] {dag.py:3947} INFO - Setting next_dagrun for example_sensor_decorator to None, run_after=None
[2025-08-26T17:28:25.831+0100] {processor.py:183} INFO - Processing /Users/vlad.alex995/Desktop/de-sprint/.venv-airflow/lib/python3.11/site-packages/airflow/example_dags/example_sensor_decorator.py took 0.059 seconds
[2025-08-26T17:30:00.471+0100] {processor.py:161} INFO - Started process (PID=35534) to work on /Users/vlad.alex995/Desktop/de-sprint/.venv-airflow/lib/python3.11/site-packages/airflow/example_dags/example_sensor_decorator.py
[2025-08-26T17:30:00.471+0100] {processor.py:830} INFO - Processing file /Users/vlad.alex995/Desktop/de-sprint/.venv-airflow/lib/python3.11/site-packages/airflow/example_dags/example_sensor_decorator.py for tasks to queue
[2025-08-26T17:30:00.471+0100] {logging_mixin.py:188} INFO - [2025-08-26T17:30:00.471+0100] {dagbag.py:545} INFO - Filling up the DagBag from /Users/vlad.alex995/Desktop/de-sprint/.venv-airflow/lib/python3.11/site-packages/airflow/example_dags/example_sensor_decorator.py
[2025-08-26T17:30:00.485+0100] {processor.py:840} INFO - DAG(s) 'example_sensor_decorator' retrieved from /Users/vlad.alex995/Desktop/de-sprint/.venv-airflow/lib/python3.11/site-packages/airflow/example_dags/example_sensor_decorator.py
[2025-08-26T17:30:00.517+0100] {logging_mixin.py:188} INFO - [2025-08-26T17:30:00.517+0100] {dag.py:3089} INFO - Sync 1 DAGs
[2025-08-26T17:30:00.520+0100] {logging_mixin.py:188} INFO - [2025-08-26T17:30:00.520+0100] {dag.py:3947} INFO - Setting next_dagrun for example_sensor_decorator to None, run_after=None
[2025-08-26T17:30:00.527+0100] {processor.py:183} INFO - Processing /Users/vlad.alex995/Desktop/de-sprint/.venv-airflow/lib/python3.11/site-packages/airflow/example_dags/example_sensor_decorator.py took 0.057 seconds
[2025-08-26T17:31:30.277+0100] {processor.py:161} INFO - Started process (PID=35604) to work on /Users/vlad.alex995/Desktop/de-sprint/.venv-airflow/lib/python3.11/site-packages/airflow/example_dags/example_sensor_decorator.py
[2025-08-26T17:31:30.278+0100] {processor.py:830} INFO - Processing file /Users/vlad.alex995/Desktop/de-sprint/.venv-airflow/lib/python3.11/site-packages/airflow/example_dags/example_sensor_decorator.py for tasks to queue
[2025-08-26T17:31:30.279+0100] {logging_mixin.py:188} INFO - [2025-08-26T17:31:30.279+0100] {dagbag.py:545} INFO - Filling up the DagBag from /Users/vlad.alex995/Desktop/de-sprint/.venv-airflow/lib/python3.11/site-packages/airflow/example_dags/example_sensor_decorator.py
[2025-08-26T17:31:30.292+0100] {processor.py:840} INFO - DAG(s) 'example_sensor_decorator' retrieved from /Users/vlad.alex995/Desktop/de-sprint/.venv-airflow/lib/python3.11/site-packages/airflow/example_dags/example_sensor_decorator.py
[2025-08-26T17:31:30.328+0100] {logging_mixin.py:188} INFO - [2025-08-26T17:31:30.327+0100] {dag.py:3089} INFO - Sync 1 DAGs
[2025-08-26T17:31:30.332+0100] {logging_mixin.py:188} INFO - [2025-08-26T17:31:30.332+0100] {dag.py:3947} INFO - Setting next_dagrun for example_sensor_decorator to None, run_after=None
[2025-08-26T17:31:30.345+0100] {processor.py:183} INFO - Processing /Users/vlad.alex995/Desktop/de-sprint/.venv-airflow/lib/python3.11/site-packages/airflow/example_dags/example_sensor_decorator.py took 0.069 seconds
[2025-08-26T17:33:00.459+0100] {processor.py:161} INFO - Started process (PID=35996) to work on /Users/vlad.alex995/Desktop/de-sprint/.venv-airflow/lib/python3.11/site-packages/airflow/example_dags/example_sensor_decorator.py
[2025-08-26T17:33:00.460+0100] {processor.py:830} INFO - Processing file /Users/vlad.alex995/Desktop/de-sprint/.venv-airflow/lib/python3.11/site-packages/airflow/example_dags/example_sensor_decorator.py for tasks to queue
[2025-08-26T17:33:00.460+0100] {logging_mixin.py:188} INFO - [2025-08-26T17:33:00.460+0100] {dagbag.py:545} INFO - Filling up the DagBag from /Users/vlad.alex995/Desktop/de-sprint/.venv-airflow/lib/python3.11/site-packages/airflow/example_dags/example_sensor_decorator.py
[2025-08-26T17:33:00.475+0100] {processor.py:840} INFO - DAG(s) 'example_sensor_decorator' retrieved from /Users/vlad.alex995/Desktop/de-sprint/.venv-airflow/lib/python3.11/site-packages/airflow/example_dags/example_sensor_decorator.py
[2025-08-26T17:33:00.509+0100] {logging_mixin.py:188} INFO - [2025-08-26T17:33:00.509+0100] {dag.py:3089} INFO - Sync 1 DAGs
[2025-08-26T17:33:00.512+0100] {logging_mixin.py:188} INFO - [2025-08-26T17:33:00.512+0100] {dag.py:3947} INFO - Setting next_dagrun for example_sensor_decorator to None, run_after=None
[2025-08-26T17:33:00.519+0100] {processor.py:183} INFO - Processing /Users/vlad.alex995/Desktop/de-sprint/.venv-airflow/lib/python3.11/site-packages/airflow/example_dags/example_sensor_decorator.py took 0.061 seconds
[2025-08-26T18:11:18.370+0100] {processor.py:161} INFO - Started process (PID=37421) to work on /Users/vlad.alex995/Desktop/de-sprint/.venv-airflow/lib/python3.11/site-packages/airflow/example_dags/example_sensor_decorator.py
[2025-08-26T18:11:18.371+0100] {processor.py:830} INFO - Processing file /Users/vlad.alex995/Desktop/de-sprint/.venv-airflow/lib/python3.11/site-packages/airflow/example_dags/example_sensor_decorator.py for tasks to queue
[2025-08-26T18:11:18.371+0100] {logging_mixin.py:188} INFO - [2025-08-26T18:11:18.371+0100] {dagbag.py:545} INFO - Filling up the DagBag from /Users/vlad.alex995/Desktop/de-sprint/.venv-airflow/lib/python3.11/site-packages/airflow/example_dags/example_sensor_decorator.py
[2025-08-26T18:11:18.384+0100] {processor.py:840} INFO - DAG(s) 'example_sensor_decorator' retrieved from /Users/vlad.alex995/Desktop/de-sprint/.venv-airflow/lib/python3.11/site-packages/airflow/example_dags/example_sensor_decorator.py
[2025-08-26T18:11:18.416+0100] {logging_mixin.py:188} INFO - [2025-08-26T18:11:18.416+0100] {dag.py:3089} INFO - Sync 1 DAGs
[2025-08-26T18:11:18.419+0100] {logging_mixin.py:188} INFO - [2025-08-26T18:11:18.419+0100] {dag.py:3947} INFO - Setting next_dagrun for example_sensor_decorator to None, run_after=None
[2025-08-26T18:11:18.425+0100] {processor.py:183} INFO - Processing /Users/vlad.alex995/Desktop/de-sprint/.venv-airflow/lib/python3.11/site-packages/airflow/example_dags/example_sensor_decorator.py took 0.056 seconds
[2025-08-26T18:12:36.592+0100] {processor.py:161} INFO - Started process (PID=37478) to work on /Users/vlad.alex995/Desktop/de-sprint/.venv-airflow/lib/python3.11/site-packages/airflow/example_dags/example_sensor_decorator.py
[2025-08-26T18:12:36.593+0100] {processor.py:830} INFO - Processing file /Users/vlad.alex995/Desktop/de-sprint/.venv-airflow/lib/python3.11/site-packages/airflow/example_dags/example_sensor_decorator.py for tasks to queue
[2025-08-26T18:12:36.593+0100] {logging_mixin.py:188} INFO - [2025-08-26T18:12:36.593+0100] {dagbag.py:545} INFO - Filling up the DagBag from /Users/vlad.alex995/Desktop/de-sprint/.venv-airflow/lib/python3.11/site-packages/airflow/example_dags/example_sensor_decorator.py
[2025-08-26T18:12:36.606+0100] {processor.py:840} INFO - DAG(s) 'example_sensor_decorator' retrieved from /Users/vlad.alex995/Desktop/de-sprint/.venv-airflow/lib/python3.11/site-packages/airflow/example_dags/example_sensor_decorator.py
[2025-08-26T18:12:36.636+0100] {logging_mixin.py:188} INFO - [2025-08-26T18:12:36.636+0100] {dag.py:3089} INFO - Sync 1 DAGs
[2025-08-26T18:12:36.639+0100] {logging_mixin.py:188} INFO - [2025-08-26T18:12:36.639+0100] {dag.py:3947} INFO - Setting next_dagrun for example_sensor_decorator to None, run_after=None
[2025-08-26T18:12:36.645+0100] {processor.py:183} INFO - Processing /Users/vlad.alex995/Desktop/de-sprint/.venv-airflow/lib/python3.11/site-packages/airflow/example_dags/example_sensor_decorator.py took 0.054 seconds
[2025-08-26T18:14:02.561+0100] {processor.py:161} INFO - Started process (PID=37555) to work on /Users/vlad.alex995/Desktop/de-sprint/.venv-airflow/lib/python3.11/site-packages/airflow/example_dags/example_sensor_decorator.py
[2025-08-26T18:14:02.562+0100] {processor.py:830} INFO - Processing file /Users/vlad.alex995/Desktop/de-sprint/.venv-airflow/lib/python3.11/site-packages/airflow/example_dags/example_sensor_decorator.py for tasks to queue
[2025-08-26T18:14:02.563+0100] {logging_mixin.py:188} INFO - [2025-08-26T18:14:02.563+0100] {dagbag.py:545} INFO - Filling up the DagBag from /Users/vlad.alex995/Desktop/de-sprint/.venv-airflow/lib/python3.11/site-packages/airflow/example_dags/example_sensor_decorator.py
[2025-08-26T18:14:02.576+0100] {processor.py:840} INFO - DAG(s) 'example_sensor_decorator' retrieved from /Users/vlad.alex995/Desktop/de-sprint/.venv-airflow/lib/python3.11/site-packages/airflow/example_dags/example_sensor_decorator.py
[2025-08-26T18:14:02.609+0100] {logging_mixin.py:188} INFO - [2025-08-26T18:14:02.609+0100] {dag.py:3089} INFO - Sync 1 DAGs
[2025-08-26T18:14:02.612+0100] {logging_mixin.py:188} INFO - [2025-08-26T18:14:02.612+0100] {dag.py:3947} INFO - Setting next_dagrun for example_sensor_decorator to None, run_after=None
[2025-08-26T18:14:02.618+0100] {processor.py:183} INFO - Processing /Users/vlad.alex995/Desktop/de-sprint/.venv-airflow/lib/python3.11/site-packages/airflow/example_dags/example_sensor_decorator.py took 0.057 seconds
[2025-08-26T18:15:34.022+0100] {processor.py:161} INFO - Started process (PID=38013) to work on /Users/vlad.alex995/Desktop/de-sprint/.venv-airflow/lib/python3.11/site-packages/airflow/example_dags/example_sensor_decorator.py
[2025-08-26T18:15:34.023+0100] {processor.py:830} INFO - Processing file /Users/vlad.alex995/Desktop/de-sprint/.venv-airflow/lib/python3.11/site-packages/airflow/example_dags/example_sensor_decorator.py for tasks to queue
[2025-08-26T18:15:34.024+0100] {logging_mixin.py:188} INFO - [2025-08-26T18:15:34.023+0100] {dagbag.py:545} INFO - Filling up the DagBag from /Users/vlad.alex995/Desktop/de-sprint/.venv-airflow/lib/python3.11/site-packages/airflow/example_dags/example_sensor_decorator.py
[2025-08-26T18:15:34.037+0100] {processor.py:840} INFO - DAG(s) 'example_sensor_decorator' retrieved from /Users/vlad.alex995/Desktop/de-sprint/.venv-airflow/lib/python3.11/site-packages/airflow/example_dags/example_sensor_decorator.py
[2025-08-26T18:15:34.069+0100] {logging_mixin.py:188} INFO - [2025-08-26T18:15:34.069+0100] {dag.py:3089} INFO - Sync 1 DAGs
[2025-08-26T18:15:34.072+0100] {logging_mixin.py:188} INFO - [2025-08-26T18:15:34.072+0100] {dag.py:3947} INFO - Setting next_dagrun for example_sensor_decorator to None, run_after=None
[2025-08-26T18:15:34.078+0100] {processor.py:183} INFO - Processing /Users/vlad.alex995/Desktop/de-sprint/.venv-airflow/lib/python3.11/site-packages/airflow/example_dags/example_sensor_decorator.py took 0.057 seconds
[2025-08-26T18:17:05.406+0100] {processor.py:161} INFO - Started process (PID=38099) to work on /Users/vlad.alex995/Desktop/de-sprint/.venv-airflow/lib/python3.11/site-packages/airflow/example_dags/example_sensor_decorator.py
[2025-08-26T18:17:05.408+0100] {processor.py:830} INFO - Processing file /Users/vlad.alex995/Desktop/de-sprint/.venv-airflow/lib/python3.11/site-packages/airflow/example_dags/example_sensor_decorator.py for tasks to queue
[2025-08-26T18:17:05.408+0100] {logging_mixin.py:188} INFO - [2025-08-26T18:17:05.408+0100] {dagbag.py:545} INFO - Filling up the DagBag from /Users/vlad.alex995/Desktop/de-sprint/.venv-airflow/lib/python3.11/site-packages/airflow/example_dags/example_sensor_decorator.py
[2025-08-26T18:17:05.422+0100] {processor.py:840} INFO - DAG(s) 'example_sensor_decorator' retrieved from /Users/vlad.alex995/Desktop/de-sprint/.venv-airflow/lib/python3.11/site-packages/airflow/example_dags/example_sensor_decorator.py
[2025-08-26T18:17:05.456+0100] {logging_mixin.py:188} INFO - [2025-08-26T18:17:05.456+0100] {dag.py:3089} INFO - Sync 1 DAGs
[2025-08-26T18:17:05.459+0100] {logging_mixin.py:188} INFO - [2025-08-26T18:17:05.459+0100] {dag.py:3947} INFO - Setting next_dagrun for example_sensor_decorator to None, run_after=None
[2025-08-26T18:17:05.466+0100] {processor.py:183} INFO - Processing /Users/vlad.alex995/Desktop/de-sprint/.venv-airflow/lib/python3.11/site-packages/airflow/example_dags/example_sensor_decorator.py took 0.060 seconds
[2025-08-26T18:19:46.918+0100] {processor.py:161} INFO - Started process (PID=38881) to work on /Users/vlad.alex995/Desktop/de-sprint/.venv-airflow/lib/python3.11/site-packages/airflow/example_dags/example_sensor_decorator.py
[2025-08-26T18:19:46.919+0100] {processor.py:830} INFO - Processing file /Users/vlad.alex995/Desktop/de-sprint/.venv-airflow/lib/python3.11/site-packages/airflow/example_dags/example_sensor_decorator.py for tasks to queue
[2025-08-26T18:19:46.920+0100] {logging_mixin.py:188} INFO - [2025-08-26T18:19:46.920+0100] {dagbag.py:545} INFO - Filling up the DagBag from /Users/vlad.alex995/Desktop/de-sprint/.venv-airflow/lib/python3.11/site-packages/airflow/example_dags/example_sensor_decorator.py
[2025-08-26T18:19:46.933+0100] {processor.py:840} INFO - DAG(s) 'example_sensor_decorator' retrieved from /Users/vlad.alex995/Desktop/de-sprint/.venv-airflow/lib/python3.11/site-packages/airflow/example_dags/example_sensor_decorator.py
[2025-08-26T18:19:46.964+0100] {logging_mixin.py:188} INFO - [2025-08-26T18:19:46.964+0100] {dag.py:3089} INFO - Sync 1 DAGs
[2025-08-26T18:19:46.967+0100] {logging_mixin.py:188} INFO - [2025-08-26T18:19:46.967+0100] {dag.py:3947} INFO - Setting next_dagrun for example_sensor_decorator to None, run_after=None
[2025-08-26T18:19:46.972+0100] {processor.py:183} INFO - Processing /Users/vlad.alex995/Desktop/de-sprint/.venv-airflow/lib/python3.11/site-packages/airflow/example_dags/example_sensor_decorator.py took 0.055 seconds
[2025-08-26T18:21:02.568+0100] {processor.py:161} INFO - Started process (PID=38957) to work on /Users/vlad.alex995/Desktop/de-sprint/.venv-airflow/lib/python3.11/site-packages/airflow/example_dags/example_sensor_decorator.py
[2025-08-26T18:21:02.569+0100] {processor.py:830} INFO - Processing file /Users/vlad.alex995/Desktop/de-sprint/.venv-airflow/lib/python3.11/site-packages/airflow/example_dags/example_sensor_decorator.py for tasks to queue
[2025-08-26T18:21:02.569+0100] {logging_mixin.py:188} INFO - [2025-08-26T18:21:02.569+0100] {dagbag.py:545} INFO - Filling up the DagBag from /Users/vlad.alex995/Desktop/de-sprint/.venv-airflow/lib/python3.11/site-packages/airflow/example_dags/example_sensor_decorator.py
[2025-08-26T18:21:02.583+0100] {processor.py:840} INFO - DAG(s) 'example_sensor_decorator' retrieved from /Users/vlad.alex995/Desktop/de-sprint/.venv-airflow/lib/python3.11/site-packages/airflow/example_dags/example_sensor_decorator.py
[2025-08-26T18:21:02.616+0100] {logging_mixin.py:188} INFO - [2025-08-26T18:21:02.616+0100] {dag.py:3089} INFO - Sync 1 DAGs
[2025-08-26T18:21:02.619+0100] {logging_mixin.py:188} INFO - [2025-08-26T18:21:02.619+0100] {dag.py:3947} INFO - Setting next_dagrun for example_sensor_decorator to None, run_after=None
[2025-08-26T18:21:02.625+0100] {processor.py:183} INFO - Processing /Users/vlad.alex995/Desktop/de-sprint/.venv-airflow/lib/python3.11/site-packages/airflow/example_dags/example_sensor_decorator.py took 0.058 seconds
[2025-08-26T18:22:34.890+0100] {processor.py:161} INFO - Started process (PID=39030) to work on /Users/vlad.alex995/Desktop/de-sprint/.venv-airflow/lib/python3.11/site-packages/airflow/example_dags/example_sensor_decorator.py
[2025-08-26T18:22:34.890+0100] {processor.py:830} INFO - Processing file /Users/vlad.alex995/Desktop/de-sprint/.venv-airflow/lib/python3.11/site-packages/airflow/example_dags/example_sensor_decorator.py for tasks to queue
[2025-08-26T18:22:34.890+0100] {logging_mixin.py:188} INFO - [2025-08-26T18:22:34.890+0100] {dagbag.py:545} INFO - Filling up the DagBag from /Users/vlad.alex995/Desktop/de-sprint/.venv-airflow/lib/python3.11/site-packages/airflow/example_dags/example_sensor_decorator.py
[2025-08-26T18:22:34.903+0100] {processor.py:840} INFO - DAG(s) 'example_sensor_decorator' retrieved from /Users/vlad.alex995/Desktop/de-sprint/.venv-airflow/lib/python3.11/site-packages/airflow/example_dags/example_sensor_decorator.py
[2025-08-26T18:22:34.933+0100] {logging_mixin.py:188} INFO - [2025-08-26T18:22:34.933+0100] {dag.py:3089} INFO - Sync 1 DAGs
[2025-08-26T18:22:34.936+0100] {logging_mixin.py:188} INFO - [2025-08-26T18:22:34.936+0100] {dag.py:3947} INFO - Setting next_dagrun for example_sensor_decorator to None, run_after=None
[2025-08-26T18:22:34.941+0100] {processor.py:183} INFO - Processing /Users/vlad.alex995/Desktop/de-sprint/.venv-airflow/lib/python3.11/site-packages/airflow/example_dags/example_sensor_decorator.py took 0.053 seconds
[2025-08-26T18:24:00.404+0100] {processor.py:161} INFO - Started process (PID=39096) to work on /Users/vlad.alex995/Desktop/de-sprint/.venv-airflow/lib/python3.11/site-packages/airflow/example_dags/example_sensor_decorator.py
[2025-08-26T18:24:00.404+0100] {processor.py:830} INFO - Processing file /Users/vlad.alex995/Desktop/de-sprint/.venv-airflow/lib/python3.11/site-packages/airflow/example_dags/example_sensor_decorator.py for tasks to queue
[2025-08-26T18:24:00.405+0100] {logging_mixin.py:188} INFO - [2025-08-26T18:24:00.405+0100] {dagbag.py:545} INFO - Filling up the DagBag from /Users/vlad.alex995/Desktop/de-sprint/.venv-airflow/lib/python3.11/site-packages/airflow/example_dags/example_sensor_decorator.py
[2025-08-26T18:24:00.417+0100] {processor.py:840} INFO - DAG(s) 'example_sensor_decorator' retrieved from /Users/vlad.alex995/Desktop/de-sprint/.venv-airflow/lib/python3.11/site-packages/airflow/example_dags/example_sensor_decorator.py
[2025-08-26T18:24:00.447+0100] {logging_mixin.py:188} INFO - [2025-08-26T18:24:00.447+0100] {dag.py:3089} INFO - Sync 1 DAGs
[2025-08-26T18:24:00.450+0100] {logging_mixin.py:188} INFO - [2025-08-26T18:24:00.450+0100] {dag.py:3947} INFO - Setting next_dagrun for example_sensor_decorator to None, run_after=None
[2025-08-26T18:24:00.455+0100] {processor.py:183} INFO - Processing /Users/vlad.alex995/Desktop/de-sprint/.venv-airflow/lib/python3.11/site-packages/airflow/example_dags/example_sensor_decorator.py took 0.052 seconds
[2025-08-26T18:25:32.385+0100] {processor.py:161} INFO - Started process (PID=39182) to work on /Users/vlad.alex995/Desktop/de-sprint/.venv-airflow/lib/python3.11/site-packages/airflow/example_dags/example_sensor_decorator.py
[2025-08-26T18:25:32.386+0100] {processor.py:830} INFO - Processing file /Users/vlad.alex995/Desktop/de-sprint/.venv-airflow/lib/python3.11/site-packages/airflow/example_dags/example_sensor_decorator.py for tasks to queue
[2025-08-26T18:25:32.387+0100] {logging_mixin.py:188} INFO - [2025-08-26T18:25:32.387+0100] {dagbag.py:545} INFO - Filling up the DagBag from /Users/vlad.alex995/Desktop/de-sprint/.venv-airflow/lib/python3.11/site-packages/airflow/example_dags/example_sensor_decorator.py
[2025-08-26T18:25:32.401+0100] {processor.py:840} INFO - DAG(s) 'example_sensor_decorator' retrieved from /Users/vlad.alex995/Desktop/de-sprint/.venv-airflow/lib/python3.11/site-packages/airflow/example_dags/example_sensor_decorator.py
[2025-08-26T18:25:32.434+0100] {logging_mixin.py:188} INFO - [2025-08-26T18:25:32.434+0100] {dag.py:3089} INFO - Sync 1 DAGs
[2025-08-26T18:25:32.437+0100] {logging_mixin.py:188} INFO - [2025-08-26T18:25:32.437+0100] {dag.py:3947} INFO - Setting next_dagrun for example_sensor_decorator to None, run_after=None
[2025-08-26T18:25:32.443+0100] {processor.py:183} INFO - Processing /Users/vlad.alex995/Desktop/de-sprint/.venv-airflow/lib/python3.11/site-packages/airflow/example_dags/example_sensor_decorator.py took 0.059 seconds
[2025-08-26T18:27:37.613+0100] {processor.py:161} INFO - Started process (PID=39681) to work on /Users/vlad.alex995/Desktop/de-sprint/.venv-airflow/lib/python3.11/site-packages/airflow/example_dags/example_sensor_decorator.py
[2025-08-26T18:27:37.614+0100] {processor.py:830} INFO - Processing file /Users/vlad.alex995/Desktop/de-sprint/.venv-airflow/lib/python3.11/site-packages/airflow/example_dags/example_sensor_decorator.py for tasks to queue
[2025-08-26T18:27:37.614+0100] {logging_mixin.py:188} INFO - [2025-08-26T18:27:37.614+0100] {dagbag.py:545} INFO - Filling up the DagBag from /Users/vlad.alex995/Desktop/de-sprint/.venv-airflow/lib/python3.11/site-packages/airflow/example_dags/example_sensor_decorator.py
[2025-08-26T18:27:37.627+0100] {processor.py:840} INFO - DAG(s) 'example_sensor_decorator' retrieved from /Users/vlad.alex995/Desktop/de-sprint/.venv-airflow/lib/python3.11/site-packages/airflow/example_dags/example_sensor_decorator.py
[2025-08-26T18:27:37.658+0100] {logging_mixin.py:188} INFO - [2025-08-26T18:27:37.658+0100] {dag.py:3089} INFO - Sync 1 DAGs
[2025-08-26T18:27:37.661+0100] {logging_mixin.py:188} INFO - [2025-08-26T18:27:37.661+0100] {dag.py:3947} INFO - Setting next_dagrun for example_sensor_decorator to None, run_after=None
[2025-08-26T18:27:37.666+0100] {processor.py:183} INFO - Processing /Users/vlad.alex995/Desktop/de-sprint/.venv-airflow/lib/python3.11/site-packages/airflow/example_dags/example_sensor_decorator.py took 0.054 seconds
