[2025-08-26T17:25:37.854+0100] {processor.py:161} INFO - Started process (PID=35332) to work on /Users/vlad.alex995/Desktop/de-sprint/.venv-airflow/lib/python3.11/site-packages/airflow/example_dags/example_python_operator.py
[2025-08-26T17:25:37.854+0100] {processor.py:830} INFO - Processing file /Users/vlad.alex995/Desktop/de-sprint/.venv-airflow/lib/python3.11/site-packages/airflow/example_dags/example_python_operator.py for tasks to queue
[2025-08-26T17:25:37.855+0100] {logging_mixin.py:188} INFO - [2025-08-26T17:25:37.854+0100] {dagbag.py:545} INFO - Filling up the DagBag from /Users/vlad.alex995/Desktop/de-sprint/.venv-airflow/lib/python3.11/site-packages/airflow/example_dags/example_python_operator.py
[2025-08-26T17:25:37.864+0100] {logging_mixin.py:188} INFO - [2025-08-26T17:25:37.864+0100] {example_python_operator.py:93} WARNING - The virtalenv_python example task requires virtualenv, please install it.
[2025-08-26T17:25:37.865+0100] {processor.py:840} INFO - DAG(s) 'example_python_operator' retrieved from /Users/vlad.alex995/Desktop/de-sprint/.venv-airflow/lib/python3.11/site-packages/airflow/example_dags/example_python_operator.py
[2025-08-26T17:25:37.920+0100] {logging_mixin.py:188} INFO - [2025-08-26T17:25:37.919+0100] {override.py:1858} INFO - Created Permission View: can edit on DAG:example_python_operator
[2025-08-26T17:25:37.922+0100] {logging_mixin.py:188} INFO - [2025-08-26T17:25:37.922+0100] {override.py:1858} INFO - Created Permission View: can delete on DAG:example_python_operator
[2025-08-26T17:25:37.924+0100] {logging_mixin.py:188} INFO - [2025-08-26T17:25:37.924+0100] {override.py:1858} INFO - Created Permission View: can read on DAG:example_python_operator
[2025-08-26T17:25:37.924+0100] {logging_mixin.py:188} INFO - [2025-08-26T17:25:37.924+0100] {dag.py:3089} INFO - Sync 1 DAGs
[2025-08-26T17:25:37.927+0100] {logging_mixin.py:188} INFO - [2025-08-26T17:25:37.927+0100] {dag.py:3111} INFO - Creating ORM DAG for example_python_operator
[2025-08-26T17:25:37.927+0100] {logging_mixin.py:188} INFO - [2025-08-26T17:25:37.927+0100] {dag.py:3947} INFO - Setting next_dagrun for example_python_operator to None, run_after=None
[2025-08-26T17:25:37.959+0100] {processor.py:183} INFO - Processing /Users/vlad.alex995/Desktop/de-sprint/.venv-airflow/lib/python3.11/site-packages/airflow/example_dags/example_python_operator.py took 0.106 seconds
[2025-08-26T17:26:54.462+0100] {processor.py:161} INFO - Started process (PID=35392) to work on /Users/vlad.alex995/Desktop/de-sprint/.venv-airflow/lib/python3.11/site-packages/airflow/example_dags/example_python_operator.py
[2025-08-26T17:26:54.462+0100] {processor.py:830} INFO - Processing file /Users/vlad.alex995/Desktop/de-sprint/.venv-airflow/lib/python3.11/site-packages/airflow/example_dags/example_python_operator.py for tasks to queue
[2025-08-26T17:26:54.462+0100] {logging_mixin.py:188} INFO - [2025-08-26T17:26:54.462+0100] {dagbag.py:545} INFO - Filling up the DagBag from /Users/vlad.alex995/Desktop/de-sprint/.venv-airflow/lib/python3.11/site-packages/airflow/example_dags/example_python_operator.py
[2025-08-26T17:26:54.472+0100] {logging_mixin.py:188} INFO - [2025-08-26T17:26:54.472+0100] {example_python_operator.py:93} WARNING - The virtalenv_python example task requires virtualenv, please install it.
[2025-08-26T17:26:54.473+0100] {processor.py:840} INFO - DAG(s) 'example_python_operator' retrieved from /Users/vlad.alex995/Desktop/de-sprint/.venv-airflow/lib/python3.11/site-packages/airflow/example_dags/example_python_operator.py
[2025-08-26T17:26:54.504+0100] {logging_mixin.py:188} INFO - [2025-08-26T17:26:54.503+0100] {dag.py:3089} INFO - Sync 1 DAGs
[2025-08-26T17:26:54.506+0100] {logging_mixin.py:188} INFO - [2025-08-26T17:26:54.506+0100] {dag.py:3947} INFO - Setting next_dagrun for example_python_operator to None, run_after=None
[2025-08-26T17:26:54.512+0100] {processor.py:183} INFO - Processing /Users/vlad.alex995/Desktop/de-sprint/.venv-airflow/lib/python3.11/site-packages/airflow/example_dags/example_python_operator.py took 0.051 seconds
[2025-08-26T17:28:27.437+0100] {processor.py:161} INFO - Started process (PID=35465) to work on /Users/vlad.alex995/Desktop/de-sprint/.venv-airflow/lib/python3.11/site-packages/airflow/example_dags/example_python_operator.py
[2025-08-26T17:28:27.438+0100] {processor.py:830} INFO - Processing file /Users/vlad.alex995/Desktop/de-sprint/.venv-airflow/lib/python3.11/site-packages/airflow/example_dags/example_python_operator.py for tasks to queue
[2025-08-26T17:28:27.438+0100] {logging_mixin.py:188} INFO - [2025-08-26T17:28:27.438+0100] {dagbag.py:545} INFO - Filling up the DagBag from /Users/vlad.alex995/Desktop/de-sprint/.venv-airflow/lib/python3.11/site-packages/airflow/example_dags/example_python_operator.py
[2025-08-26T17:28:27.449+0100] {logging_mixin.py:188} INFO - [2025-08-26T17:28:27.449+0100] {example_python_operator.py:93} WARNING - The virtalenv_python example task requires virtualenv, please install it.
[2025-08-26T17:28:27.450+0100] {processor.py:840} INFO - DAG(s) 'example_python_operator' retrieved from /Users/vlad.alex995/Desktop/de-sprint/.venv-airflow/lib/python3.11/site-packages/airflow/example_dags/example_python_operator.py
[2025-08-26T17:28:27.484+0100] {logging_mixin.py:188} INFO - [2025-08-26T17:28:27.484+0100] {dag.py:3089} INFO - Sync 1 DAGs
[2025-08-26T17:28:27.487+0100] {logging_mixin.py:188} INFO - [2025-08-26T17:28:27.487+0100] {dag.py:3947} INFO - Setting next_dagrun for example_python_operator to None, run_after=None
[2025-08-26T17:28:27.494+0100] {processor.py:183} INFO - Processing /Users/vlad.alex995/Desktop/de-sprint/.venv-airflow/lib/python3.11/site-packages/airflow/example_dags/example_python_operator.py took 0.059 seconds
[2025-08-26T17:30:02.149+0100] {processor.py:161} INFO - Started process (PID=35535) to work on /Users/vlad.alex995/Desktop/de-sprint/.venv-airflow/lib/python3.11/site-packages/airflow/example_dags/example_python_operator.py
[2025-08-26T17:30:02.149+0100] {processor.py:830} INFO - Processing file /Users/vlad.alex995/Desktop/de-sprint/.venv-airflow/lib/python3.11/site-packages/airflow/example_dags/example_python_operator.py for tasks to queue
[2025-08-26T17:30:02.149+0100] {logging_mixin.py:188} INFO - [2025-08-26T17:30:02.149+0100] {dagbag.py:545} INFO - Filling up the DagBag from /Users/vlad.alex995/Desktop/de-sprint/.venv-airflow/lib/python3.11/site-packages/airflow/example_dags/example_python_operator.py
[2025-08-26T17:30:02.158+0100] {logging_mixin.py:188} INFO - [2025-08-26T17:30:02.158+0100] {example_python_operator.py:93} WARNING - The virtalenv_python example task requires virtualenv, please install it.
[2025-08-26T17:30:02.159+0100] {processor.py:840} INFO - DAG(s) 'example_python_operator' retrieved from /Users/vlad.alex995/Desktop/de-sprint/.venv-airflow/lib/python3.11/site-packages/airflow/example_dags/example_python_operator.py
[2025-08-26T17:30:02.189+0100] {logging_mixin.py:188} INFO - [2025-08-26T17:30:02.189+0100] {dag.py:3089} INFO - Sync 1 DAGs
[2025-08-26T17:30:02.192+0100] {logging_mixin.py:188} INFO - [2025-08-26T17:30:02.192+0100] {dag.py:3947} INFO - Setting next_dagrun for example_python_operator to None, run_after=None
[2025-08-26T17:30:02.198+0100] {processor.py:183} INFO - Processing /Users/vlad.alex995/Desktop/de-sprint/.venv-airflow/lib/python3.11/site-packages/airflow/example_dags/example_python_operator.py took 0.050 seconds
[2025-08-26T17:31:31.996+0100] {processor.py:161} INFO - Started process (PID=35605) to work on /Users/vlad.alex995/Desktop/de-sprint/.venv-airflow/lib/python3.11/site-packages/airflow/example_dags/example_python_operator.py
[2025-08-26T17:31:31.997+0100] {processor.py:830} INFO - Processing file /Users/vlad.alex995/Desktop/de-sprint/.venv-airflow/lib/python3.11/site-packages/airflow/example_dags/example_python_operator.py for tasks to queue
[2025-08-26T17:31:31.997+0100] {logging_mixin.py:188} INFO - [2025-08-26T17:31:31.997+0100] {dagbag.py:545} INFO - Filling up the DagBag from /Users/vlad.alex995/Desktop/de-sprint/.venv-airflow/lib/python3.11/site-packages/airflow/example_dags/example_python_operator.py
[2025-08-26T17:31:32.007+0100] {logging_mixin.py:188} INFO - [2025-08-26T17:31:32.007+0100] {example_python_operator.py:93} WARNING - The virtalenv_python example task requires virtualenv, please install it.
[2025-08-26T17:31:32.008+0100] {processor.py:840} INFO - DAG(s) 'example_python_operator' retrieved from /Users/vlad.alex995/Desktop/de-sprint/.venv-airflow/lib/python3.11/site-packages/airflow/example_dags/example_python_operator.py
[2025-08-26T17:31:32.039+0100] {logging_mixin.py:188} INFO - [2025-08-26T17:31:32.039+0100] {dag.py:3089} INFO - Sync 1 DAGs
[2025-08-26T17:31:32.042+0100] {logging_mixin.py:188} INFO - [2025-08-26T17:31:32.042+0100] {dag.py:3947} INFO - Setting next_dagrun for example_python_operator to None, run_after=None
[2025-08-26T17:31:32.048+0100] {processor.py:183} INFO - Processing /Users/vlad.alex995/Desktop/de-sprint/.venv-airflow/lib/python3.11/site-packages/airflow/example_dags/example_python_operator.py took 0.054 seconds
[2025-08-26T17:33:02.182+0100] {processor.py:161} INFO - Started process (PID=35997) to work on /Users/vlad.alex995/Desktop/de-sprint/.venv-airflow/lib/python3.11/site-packages/airflow/example_dags/example_python_operator.py
[2025-08-26T17:33:02.183+0100] {processor.py:830} INFO - Processing file /Users/vlad.alex995/Desktop/de-sprint/.venv-airflow/lib/python3.11/site-packages/airflow/example_dags/example_python_operator.py for tasks to queue
[2025-08-26T17:33:02.183+0100] {logging_mixin.py:188} INFO - [2025-08-26T17:33:02.183+0100] {dagbag.py:545} INFO - Filling up the DagBag from /Users/vlad.alex995/Desktop/de-sprint/.venv-airflow/lib/python3.11/site-packages/airflow/example_dags/example_python_operator.py
[2025-08-26T17:33:02.193+0100] {logging_mixin.py:188} INFO - [2025-08-26T17:33:02.193+0100] {example_python_operator.py:93} WARNING - The virtalenv_python example task requires virtualenv, please install it.
[2025-08-26T17:33:02.194+0100] {processor.py:840} INFO - DAG(s) 'example_python_operator' retrieved from /Users/vlad.alex995/Desktop/de-sprint/.venv-airflow/lib/python3.11/site-packages/airflow/example_dags/example_python_operator.py
[2025-08-26T17:33:02.224+0100] {logging_mixin.py:188} INFO - [2025-08-26T17:33:02.224+0100] {dag.py:3089} INFO - Sync 1 DAGs
[2025-08-26T17:33:02.227+0100] {logging_mixin.py:188} INFO - [2025-08-26T17:33:02.227+0100] {dag.py:3947} INFO - Setting next_dagrun for example_python_operator to None, run_after=None
[2025-08-26T17:33:02.233+0100] {processor.py:183} INFO - Processing /Users/vlad.alex995/Desktop/de-sprint/.venv-airflow/lib/python3.11/site-packages/airflow/example_dags/example_python_operator.py took 0.052 seconds
[2025-08-26T18:11:20.040+0100] {processor.py:161} INFO - Started process (PID=37423) to work on /Users/vlad.alex995/Desktop/de-sprint/.venv-airflow/lib/python3.11/site-packages/airflow/example_dags/example_python_operator.py
[2025-08-26T18:11:20.041+0100] {processor.py:830} INFO - Processing file /Users/vlad.alex995/Desktop/de-sprint/.venv-airflow/lib/python3.11/site-packages/airflow/example_dags/example_python_operator.py for tasks to queue
[2025-08-26T18:11:20.042+0100] {logging_mixin.py:188} INFO - [2025-08-26T18:11:20.041+0100] {dagbag.py:545} INFO - Filling up the DagBag from /Users/vlad.alex995/Desktop/de-sprint/.venv-airflow/lib/python3.11/site-packages/airflow/example_dags/example_python_operator.py
[2025-08-26T18:11:20.050+0100] {logging_mixin.py:188} INFO - [2025-08-26T18:11:20.050+0100] {example_python_operator.py:93} WARNING - The virtalenv_python example task requires virtualenv, please install it.
[2025-08-26T18:11:20.051+0100] {processor.py:840} INFO - DAG(s) 'example_python_operator' retrieved from /Users/vlad.alex995/Desktop/de-sprint/.venv-airflow/lib/python3.11/site-packages/airflow/example_dags/example_python_operator.py
[2025-08-26T18:11:20.078+0100] {logging_mixin.py:188} INFO - [2025-08-26T18:11:20.078+0100] {dag.py:3089} INFO - Sync 1 DAGs
[2025-08-26T18:11:20.081+0100] {logging_mixin.py:188} INFO - [2025-08-26T18:11:20.081+0100] {dag.py:3947} INFO - Setting next_dagrun for example_python_operator to None, run_after=None
[2025-08-26T18:11:20.087+0100] {processor.py:183} INFO - Processing /Users/vlad.alex995/Desktop/de-sprint/.venv-airflow/lib/python3.11/site-packages/airflow/example_dags/example_python_operator.py took 0.047 seconds
[2025-08-26T18:12:38.236+0100] {processor.py:161} INFO - Started process (PID=37479) to work on /Users/vlad.alex995/Desktop/de-sprint/.venv-airflow/lib/python3.11/site-packages/airflow/example_dags/example_python_operator.py
[2025-08-26T18:12:38.237+0100] {processor.py:830} INFO - Processing file /Users/vlad.alex995/Desktop/de-sprint/.venv-airflow/lib/python3.11/site-packages/airflow/example_dags/example_python_operator.py for tasks to queue
[2025-08-26T18:12:38.238+0100] {logging_mixin.py:188} INFO - [2025-08-26T18:12:38.238+0100] {dagbag.py:545} INFO - Filling up the DagBag from /Users/vlad.alex995/Desktop/de-sprint/.venv-airflow/lib/python3.11/site-packages/airflow/example_dags/example_python_operator.py
[2025-08-26T18:12:38.247+0100] {logging_mixin.py:188} INFO - [2025-08-26T18:12:38.247+0100] {example_python_operator.py:93} WARNING - The virtalenv_python example task requires virtualenv, please install it.
[2025-08-26T18:12:38.248+0100] {processor.py:840} INFO - DAG(s) 'example_python_operator' retrieved from /Users/vlad.alex995/Desktop/de-sprint/.venv-airflow/lib/python3.11/site-packages/airflow/example_dags/example_python_operator.py
[2025-08-26T18:12:38.276+0100] {logging_mixin.py:188} INFO - [2025-08-26T18:12:38.276+0100] {dag.py:3089} INFO - Sync 1 DAGs
[2025-08-26T18:12:38.279+0100] {logging_mixin.py:188} INFO - [2025-08-26T18:12:38.279+0100] {dag.py:3947} INFO - Setting next_dagrun for example_python_operator to None, run_after=None
[2025-08-26T18:12:38.284+0100] {processor.py:183} INFO - Processing /Users/vlad.alex995/Desktop/de-sprint/.venv-airflow/lib/python3.11/site-packages/airflow/example_dags/example_python_operator.py took 0.049 seconds
[2025-08-26T18:14:04.186+0100] {processor.py:161} INFO - Started process (PID=37556) to work on /Users/vlad.alex995/Desktop/de-sprint/.venv-airflow/lib/python3.11/site-packages/airflow/example_dags/example_python_operator.py
[2025-08-26T18:14:04.187+0100] {processor.py:830} INFO - Processing file /Users/vlad.alex995/Desktop/de-sprint/.venv-airflow/lib/python3.11/site-packages/airflow/example_dags/example_python_operator.py for tasks to queue
[2025-08-26T18:14:04.187+0100] {logging_mixin.py:188} INFO - [2025-08-26T18:14:04.187+0100] {dagbag.py:545} INFO - Filling up the DagBag from /Users/vlad.alex995/Desktop/de-sprint/.venv-airflow/lib/python3.11/site-packages/airflow/example_dags/example_python_operator.py
[2025-08-26T18:14:04.196+0100] {logging_mixin.py:188} INFO - [2025-08-26T18:14:04.196+0100] {example_python_operator.py:93} WARNING - The virtalenv_python example task requires virtualenv, please install it.
[2025-08-26T18:14:04.197+0100] {processor.py:840} INFO - DAG(s) 'example_python_operator' retrieved from /Users/vlad.alex995/Desktop/de-sprint/.venv-airflow/lib/python3.11/site-packages/airflow/example_dags/example_python_operator.py
[2025-08-26T18:14:04.226+0100] {logging_mixin.py:188} INFO - [2025-08-26T18:14:04.225+0100] {dag.py:3089} INFO - Sync 1 DAGs
[2025-08-26T18:14:04.228+0100] {logging_mixin.py:188} INFO - [2025-08-26T18:14:04.228+0100] {dag.py:3947} INFO - Setting next_dagrun for example_python_operator to None, run_after=None
[2025-08-26T18:14:04.234+0100] {processor.py:183} INFO - Processing /Users/vlad.alex995/Desktop/de-sprint/.venv-airflow/lib/python3.11/site-packages/airflow/example_dags/example_python_operator.py took 0.049 seconds
[2025-08-26T18:15:35.685+0100] {processor.py:161} INFO - Started process (PID=38014) to work on /Users/vlad.alex995/Desktop/de-sprint/.venv-airflow/lib/python3.11/site-packages/airflow/example_dags/example_python_operator.py
[2025-08-26T18:15:35.686+0100] {processor.py:830} INFO - Processing file /Users/vlad.alex995/Desktop/de-sprint/.venv-airflow/lib/python3.11/site-packages/airflow/example_dags/example_python_operator.py for tasks to queue
[2025-08-26T18:15:35.686+0100] {logging_mixin.py:188} INFO - [2025-08-26T18:15:35.686+0100] {dagbag.py:545} INFO - Filling up the DagBag from /Users/vlad.alex995/Desktop/de-sprint/.venv-airflow/lib/python3.11/site-packages/airflow/example_dags/example_python_operator.py
[2025-08-26T18:15:35.696+0100] {logging_mixin.py:188} INFO - [2025-08-26T18:15:35.696+0100] {example_python_operator.py:93} WARNING - The virtalenv_python example task requires virtualenv, please install it.
[2025-08-26T18:15:35.697+0100] {processor.py:840} INFO - DAG(s) 'example_python_operator' retrieved from /Users/vlad.alex995/Desktop/de-sprint/.venv-airflow/lib/python3.11/site-packages/airflow/example_dags/example_python_operator.py
[2025-08-26T18:15:35.727+0100] {logging_mixin.py:188} INFO - [2025-08-26T18:15:35.726+0100] {dag.py:3089} INFO - Sync 1 DAGs
[2025-08-26T18:15:35.730+0100] {logging_mixin.py:188} INFO - [2025-08-26T18:15:35.730+0100] {dag.py:3947} INFO - Setting next_dagrun for example_python_operator to None, run_after=None
[2025-08-26T18:15:35.735+0100] {processor.py:183} INFO - Processing /Users/vlad.alex995/Desktop/de-sprint/.venv-airflow/lib/python3.11/site-packages/airflow/example_dags/example_python_operator.py took 0.052 seconds
[2025-08-26T18:17:07.149+0100] {processor.py:161} INFO - Started process (PID=38107) to work on /Users/vlad.alex995/Desktop/de-sprint/.venv-airflow/lib/python3.11/site-packages/airflow/example_dags/example_python_operator.py
[2025-08-26T18:17:07.150+0100] {processor.py:830} INFO - Processing file /Users/vlad.alex995/Desktop/de-sprint/.venv-airflow/lib/python3.11/site-packages/airflow/example_dags/example_python_operator.py for tasks to queue
[2025-08-26T18:17:07.150+0100] {logging_mixin.py:188} INFO - [2025-08-26T18:17:07.150+0100] {dagbag.py:545} INFO - Filling up the DagBag from /Users/vlad.alex995/Desktop/de-sprint/.venv-airflow/lib/python3.11/site-packages/airflow/example_dags/example_python_operator.py
[2025-08-26T18:17:07.159+0100] {logging_mixin.py:188} INFO - [2025-08-26T18:17:07.159+0100] {example_python_operator.py:93} WARNING - The virtalenv_python example task requires virtualenv, please install it.
[2025-08-26T18:17:07.160+0100] {processor.py:840} INFO - DAG(s) 'example_python_operator' retrieved from /Users/vlad.alex995/Desktop/de-sprint/.venv-airflow/lib/python3.11/site-packages/airflow/example_dags/example_python_operator.py
[2025-08-26T18:17:07.190+0100] {logging_mixin.py:188} INFO - [2025-08-26T18:17:07.190+0100] {dag.py:3089} INFO - Sync 1 DAGs
[2025-08-26T18:17:07.193+0100] {logging_mixin.py:188} INFO - [2025-08-26T18:17:07.193+0100] {dag.py:3947} INFO - Setting next_dagrun for example_python_operator to None, run_after=None
[2025-08-26T18:17:07.199+0100] {processor.py:183} INFO - Processing /Users/vlad.alex995/Desktop/de-sprint/.venv-airflow/lib/python3.11/site-packages/airflow/example_dags/example_python_operator.py took 0.050 seconds
[2025-08-26T18:19:48.564+0100] {processor.py:161} INFO - Started process (PID=38884) to work on /Users/vlad.alex995/Desktop/de-sprint/.venv-airflow/lib/python3.11/site-packages/airflow/example_dags/example_python_operator.py
[2025-08-26T18:19:48.566+0100] {processor.py:830} INFO - Processing file /Users/vlad.alex995/Desktop/de-sprint/.venv-airflow/lib/python3.11/site-packages/airflow/example_dags/example_python_operator.py for tasks to queue
[2025-08-26T18:19:48.566+0100] {logging_mixin.py:188} INFO - [2025-08-26T18:19:48.566+0100] {dagbag.py:545} INFO - Filling up the DagBag from /Users/vlad.alex995/Desktop/de-sprint/.venv-airflow/lib/python3.11/site-packages/airflow/example_dags/example_python_operator.py
[2025-08-26T18:19:48.576+0100] {logging_mixin.py:188} INFO - [2025-08-26T18:19:48.576+0100] {example_python_operator.py:93} WARNING - The virtalenv_python example task requires virtualenv, please install it.
[2025-08-26T18:19:48.577+0100] {processor.py:840} INFO - DAG(s) 'example_python_operator' retrieved from /Users/vlad.alex995/Desktop/de-sprint/.venv-airflow/lib/python3.11/site-packages/airflow/example_dags/example_python_operator.py
[2025-08-26T18:19:48.608+0100] {logging_mixin.py:188} INFO - [2025-08-26T18:19:48.608+0100] {dag.py:3089} INFO - Sync 1 DAGs
[2025-08-26T18:19:48.611+0100] {logging_mixin.py:188} INFO - [2025-08-26T18:19:48.611+0100] {dag.py:3947} INFO - Setting next_dagrun for example_python_operator to None, run_after=None
[2025-08-26T18:19:48.618+0100] {processor.py:183} INFO - Processing /Users/vlad.alex995/Desktop/de-sprint/.venv-airflow/lib/python3.11/site-packages/airflow/example_dags/example_python_operator.py took 0.055 seconds
[2025-08-26T18:21:04.231+0100] {processor.py:161} INFO - Started process (PID=38958) to work on /Users/vlad.alex995/Desktop/de-sprint/.venv-airflow/lib/python3.11/site-packages/airflow/example_dags/example_python_operator.py
[2025-08-26T18:21:04.232+0100] {processor.py:830} INFO - Processing file /Users/vlad.alex995/Desktop/de-sprint/.venv-airflow/lib/python3.11/site-packages/airflow/example_dags/example_python_operator.py for tasks to queue
[2025-08-26T18:21:04.232+0100] {logging_mixin.py:188} INFO - [2025-08-26T18:21:04.232+0100] {dagbag.py:545} INFO - Filling up the DagBag from /Users/vlad.alex995/Desktop/de-sprint/.venv-airflow/lib/python3.11/site-packages/airflow/example_dags/example_python_operator.py
[2025-08-26T18:21:04.242+0100] {logging_mixin.py:188} INFO - [2025-08-26T18:21:04.242+0100] {example_python_operator.py:93} WARNING - The virtalenv_python example task requires virtualenv, please install it.
[2025-08-26T18:21:04.243+0100] {processor.py:840} INFO - DAG(s) 'example_python_operator' retrieved from /Users/vlad.alex995/Desktop/de-sprint/.venv-airflow/lib/python3.11/site-packages/airflow/example_dags/example_python_operator.py
[2025-08-26T18:21:04.273+0100] {logging_mixin.py:188} INFO - [2025-08-26T18:21:04.273+0100] {dag.py:3089} INFO - Sync 1 DAGs
[2025-08-26T18:21:04.276+0100] {logging_mixin.py:188} INFO - [2025-08-26T18:21:04.276+0100] {dag.py:3947} INFO - Setting next_dagrun for example_python_operator to None, run_after=None
[2025-08-26T18:21:04.282+0100] {processor.py:183} INFO - Processing /Users/vlad.alex995/Desktop/de-sprint/.venv-airflow/lib/python3.11/site-packages/airflow/example_dags/example_python_operator.py took 0.052 seconds
[2025-08-26T18:22:36.527+0100] {processor.py:161} INFO - Started process (PID=39031) to work on /Users/vlad.alex995/Desktop/de-sprint/.venv-airflow/lib/python3.11/site-packages/airflow/example_dags/example_python_operator.py
[2025-08-26T18:22:36.527+0100] {processor.py:830} INFO - Processing file /Users/vlad.alex995/Desktop/de-sprint/.venv-airflow/lib/python3.11/site-packages/airflow/example_dags/example_python_operator.py for tasks to queue
[2025-08-26T18:22:36.528+0100] {logging_mixin.py:188} INFO - [2025-08-26T18:22:36.528+0100] {dagbag.py:545} INFO - Filling up the DagBag from /Users/vlad.alex995/Desktop/de-sprint/.venv-airflow/lib/python3.11/site-packages/airflow/example_dags/example_python_operator.py
[2025-08-26T18:22:36.537+0100] {logging_mixin.py:188} INFO - [2025-08-26T18:22:36.537+0100] {example_python_operator.py:93} WARNING - The virtalenv_python example task requires virtualenv, please install it.
[2025-08-26T18:22:36.538+0100] {processor.py:840} INFO - DAG(s) 'example_python_operator' retrieved from /Users/vlad.alex995/Desktop/de-sprint/.venv-airflow/lib/python3.11/site-packages/airflow/example_dags/example_python_operator.py
[2025-08-26T18:22:36.566+0100] {logging_mixin.py:188} INFO - [2025-08-26T18:22:36.565+0100] {dag.py:3089} INFO - Sync 1 DAGs
[2025-08-26T18:22:36.568+0100] {logging_mixin.py:188} INFO - [2025-08-26T18:22:36.568+0100] {dag.py:3947} INFO - Setting next_dagrun for example_python_operator to None, run_after=None
[2025-08-26T18:22:36.574+0100] {processor.py:183} INFO - Processing /Users/vlad.alex995/Desktop/de-sprint/.venv-airflow/lib/python3.11/site-packages/airflow/example_dags/example_python_operator.py took 0.048 seconds
[2025-08-26T18:24:02.027+0100] {processor.py:161} INFO - Started process (PID=39097) to work on /Users/vlad.alex995/Desktop/de-sprint/.venv-airflow/lib/python3.11/site-packages/airflow/example_dags/example_python_operator.py
[2025-08-26T18:24:02.028+0100] {processor.py:830} INFO - Processing file /Users/vlad.alex995/Desktop/de-sprint/.venv-airflow/lib/python3.11/site-packages/airflow/example_dags/example_python_operator.py for tasks to queue
[2025-08-26T18:24:02.029+0100] {logging_mixin.py:188} INFO - [2025-08-26T18:24:02.028+0100] {dagbag.py:545} INFO - Filling up the DagBag from /Users/vlad.alex995/Desktop/de-sprint/.venv-airflow/lib/python3.11/site-packages/airflow/example_dags/example_python_operator.py
[2025-08-26T18:24:02.037+0100] {logging_mixin.py:188} INFO - [2025-08-26T18:24:02.037+0100] {example_python_operator.py:93} WARNING - The virtalenv_python example task requires virtualenv, please install it.
[2025-08-26T18:24:02.038+0100] {processor.py:840} INFO - DAG(s) 'example_python_operator' retrieved from /Users/vlad.alex995/Desktop/de-sprint/.venv-airflow/lib/python3.11/site-packages/airflow/example_dags/example_python_operator.py
[2025-08-26T18:24:02.066+0100] {logging_mixin.py:188} INFO - [2025-08-26T18:24:02.066+0100] {dag.py:3089} INFO - Sync 1 DAGs
[2025-08-26T18:24:02.069+0100] {logging_mixin.py:188} INFO - [2025-08-26T18:24:02.069+0100] {dag.py:3947} INFO - Setting next_dagrun for example_python_operator to None, run_after=None
[2025-08-26T18:24:02.074+0100] {processor.py:183} INFO - Processing /Users/vlad.alex995/Desktop/de-sprint/.venv-airflow/lib/python3.11/site-packages/airflow/example_dags/example_python_operator.py took 0.048 seconds
[2025-08-26T18:25:34.079+0100] {processor.py:161} INFO - Started process (PID=39184) to work on /Users/vlad.alex995/Desktop/de-sprint/.venv-airflow/lib/python3.11/site-packages/airflow/example_dags/example_python_operator.py
[2025-08-26T18:25:34.080+0100] {processor.py:830} INFO - Processing file /Users/vlad.alex995/Desktop/de-sprint/.venv-airflow/lib/python3.11/site-packages/airflow/example_dags/example_python_operator.py for tasks to queue
[2025-08-26T18:25:34.080+0100] {logging_mixin.py:188} INFO - [2025-08-26T18:25:34.080+0100] {dagbag.py:545} INFO - Filling up the DagBag from /Users/vlad.alex995/Desktop/de-sprint/.venv-airflow/lib/python3.11/site-packages/airflow/example_dags/example_python_operator.py
[2025-08-26T18:25:34.090+0100] {logging_mixin.py:188} INFO - [2025-08-26T18:25:34.089+0100] {example_python_operator.py:93} WARNING - The virtalenv_python example task requires virtualenv, please install it.
[2025-08-26T18:25:34.091+0100] {processor.py:840} INFO - DAG(s) 'example_python_operator' retrieved from /Users/vlad.alex995/Desktop/de-sprint/.venv-airflow/lib/python3.11/site-packages/airflow/example_dags/example_python_operator.py
[2025-08-26T18:25:34.120+0100] {logging_mixin.py:188} INFO - [2025-08-26T18:25:34.120+0100] {dag.py:3089} INFO - Sync 1 DAGs
[2025-08-26T18:25:34.123+0100] {logging_mixin.py:188} INFO - [2025-08-26T18:25:34.123+0100] {dag.py:3947} INFO - Setting next_dagrun for example_python_operator to None, run_after=None
[2025-08-26T18:25:34.129+0100] {processor.py:183} INFO - Processing /Users/vlad.alex995/Desktop/de-sprint/.venv-airflow/lib/python3.11/site-packages/airflow/example_dags/example_python_operator.py took 0.050 seconds
[2025-08-26T18:27:38.275+0100] {processor.py:161} INFO - Started process (PID=39682) to work on /Users/vlad.alex995/Desktop/de-sprint/.venv-airflow/lib/python3.11/site-packages/airflow/example_dags/example_python_operator.py
[2025-08-26T18:27:38.276+0100] {processor.py:830} INFO - Processing file /Users/vlad.alex995/Desktop/de-sprint/.venv-airflow/lib/python3.11/site-packages/airflow/example_dags/example_python_operator.py for tasks to queue
[2025-08-26T18:27:38.276+0100] {logging_mixin.py:188} INFO - [2025-08-26T18:27:38.276+0100] {dagbag.py:545} INFO - Filling up the DagBag from /Users/vlad.alex995/Desktop/de-sprint/.venv-airflow/lib/python3.11/site-packages/airflow/example_dags/example_python_operator.py
[2025-08-26T18:27:38.285+0100] {logging_mixin.py:188} INFO - [2025-08-26T18:27:38.285+0100] {example_python_operator.py:93} WARNING - The virtalenv_python example task requires virtualenv, please install it.
[2025-08-26T18:27:38.286+0100] {processor.py:840} INFO - DAG(s) 'example_python_operator' retrieved from /Users/vlad.alex995/Desktop/de-sprint/.venv-airflow/lib/python3.11/site-packages/airflow/example_dags/example_python_operator.py
[2025-08-26T18:27:38.315+0100] {logging_mixin.py:188} INFO - [2025-08-26T18:27:38.314+0100] {dag.py:3089} INFO - Sync 1 DAGs
[2025-08-26T18:27:38.317+0100] {logging_mixin.py:188} INFO - [2025-08-26T18:27:38.317+0100] {dag.py:3947} INFO - Setting next_dagrun for example_python_operator to None, run_after=None
[2025-08-26T18:27:38.323+0100] {processor.py:183} INFO - Processing /Users/vlad.alex995/Desktop/de-sprint/.venv-airflow/lib/python3.11/site-packages/airflow/example_dags/example_python_operator.py took 0.049 seconds
