[2025-08-26T17:26:06.037+0100] {processor.py:161} INFO - Started process (PID=35356) to work on /Users/vlad.alex995/Desktop/de-sprint/.venv-airflow/lib/python3.11/site-packages/airflow/example_dags/example_branch_operator_decorator.py
[2025-08-26T17:26:06.037+0100] {processor.py:830} INFO - Processing file /Users/vlad.alex995/Desktop/de-sprint/.venv-airflow/lib/python3.11/site-packages/airflow/example_dags/example_branch_operator_decorator.py for tasks to queue
[2025-08-26T17:26:06.037+0100] {logging_mixin.py:188} INFO - [2025-08-26T17:26:06.037+0100] {dagbag.py:545} INFO - Filling up the DagBag from /Users/vlad.alex995/Desktop/de-sprint/.venv-airflow/lib/python3.11/site-packages/airflow/example_dags/example_branch_operator_decorator.py
[2025-08-26T17:26:06.046+0100] {processor.py:842} WARNING - No viable dags retrieved from /Users/vlad.alex995/Desktop/de-sprint/.venv-airflow/lib/python3.11/site-packages/airflow/example_dags/example_branch_operator_decorator.py
[2025-08-26T17:26:06.069+0100] {processor.py:183} INFO - Processing /Users/vlad.alex995/Desktop/de-sprint/.venv-airflow/lib/python3.11/site-packages/airflow/example_dags/example_branch_operator_decorator.py took 0.034 seconds
[2025-08-26T17:27:36.974+0100] {processor.py:161} INFO - Started process (PID=35428) to work on /Users/vlad.alex995/Desktop/de-sprint/.venv-airflow/lib/python3.11/site-packages/airflow/example_dags/example_branch_operator_decorator.py
[2025-08-26T17:27:36.975+0100] {processor.py:830} INFO - Processing file /Users/vlad.alex995/Desktop/de-sprint/.venv-airflow/lib/python3.11/site-packages/airflow/example_dags/example_branch_operator_decorator.py for tasks to queue
[2025-08-26T17:27:36.975+0100] {logging_mixin.py:188} INFO - [2025-08-26T17:27:36.975+0100] {dagbag.py:545} INFO - Filling up the DagBag from /Users/vlad.alex995/Desktop/de-sprint/.venv-airflow/lib/python3.11/site-packages/airflow/example_dags/example_branch_operator_decorator.py
[2025-08-26T17:27:36.984+0100] {processor.py:842} WARNING - No viable dags retrieved from /Users/vlad.alex995/Desktop/de-sprint/.venv-airflow/lib/python3.11/site-packages/airflow/example_dags/example_branch_operator_decorator.py
[2025-08-26T17:27:37.007+0100] {processor.py:183} INFO - Processing /Users/vlad.alex995/Desktop/de-sprint/.venv-airflow/lib/python3.11/site-packages/airflow/example_dags/example_branch_operator_decorator.py took 0.034 seconds
[2025-08-26T17:29:14.123+0100] {processor.py:161} INFO - Started process (PID=35497) to work on /Users/vlad.alex995/Desktop/de-sprint/.venv-airflow/lib/python3.11/site-packages/airflow/example_dags/example_branch_operator_decorator.py
[2025-08-26T17:29:14.124+0100] {processor.py:830} INFO - Processing file /Users/vlad.alex995/Desktop/de-sprint/.venv-airflow/lib/python3.11/site-packages/airflow/example_dags/example_branch_operator_decorator.py for tasks to queue
[2025-08-26T17:29:14.125+0100] {logging_mixin.py:188} INFO - [2025-08-26T17:29:14.125+0100] {dagbag.py:545} INFO - Filling up the DagBag from /Users/vlad.alex995/Desktop/de-sprint/.venv-airflow/lib/python3.11/site-packages/airflow/example_dags/example_branch_operator_decorator.py
[2025-08-26T17:29:14.133+0100] {processor.py:842} WARNING - No viable dags retrieved from /Users/vlad.alex995/Desktop/de-sprint/.venv-airflow/lib/python3.11/site-packages/airflow/example_dags/example_branch_operator_decorator.py
[2025-08-26T17:29:14.157+0100] {processor.py:183} INFO - Processing /Users/vlad.alex995/Desktop/de-sprint/.venv-airflow/lib/python3.11/site-packages/airflow/example_dags/example_branch_operator_decorator.py took 0.034 seconds
[2025-08-26T17:30:44.330+0100] {processor.py:161} INFO - Started process (PID=35567) to work on /Users/vlad.alex995/Desktop/de-sprint/.venv-airflow/lib/python3.11/site-packages/airflow/example_dags/example_branch_operator_decorator.py
[2025-08-26T17:30:44.331+0100] {processor.py:830} INFO - Processing file /Users/vlad.alex995/Desktop/de-sprint/.venv-airflow/lib/python3.11/site-packages/airflow/example_dags/example_branch_operator_decorator.py for tasks to queue
[2025-08-26T17:30:44.331+0100] {logging_mixin.py:188} INFO - [2025-08-26T17:30:44.331+0100] {dagbag.py:545} INFO - Filling up the DagBag from /Users/vlad.alex995/Desktop/de-sprint/.venv-airflow/lib/python3.11/site-packages/airflow/example_dags/example_branch_operator_decorator.py
[2025-08-26T17:30:44.340+0100] {processor.py:842} WARNING - No viable dags retrieved from /Users/vlad.alex995/Desktop/de-sprint/.venv-airflow/lib/python3.11/site-packages/airflow/example_dags/example_branch_operator_decorator.py
[2025-08-26T17:30:44.364+0100] {processor.py:183} INFO - Processing /Users/vlad.alex995/Desktop/de-sprint/.venv-airflow/lib/python3.11/site-packages/airflow/example_dags/example_branch_operator_decorator.py took 0.035 seconds
[2025-08-26T17:32:15.660+0100] {processor.py:161} INFO - Started process (PID=35945) to work on /Users/vlad.alex995/Desktop/de-sprint/.venv-airflow/lib/python3.11/site-packages/airflow/example_dags/example_branch_operator_decorator.py
[2025-08-26T17:32:15.660+0100] {processor.py:830} INFO - Processing file /Users/vlad.alex995/Desktop/de-sprint/.venv-airflow/lib/python3.11/site-packages/airflow/example_dags/example_branch_operator_decorator.py for tasks to queue
[2025-08-26T17:32:15.660+0100] {logging_mixin.py:188} INFO - [2025-08-26T17:32:15.660+0100] {dagbag.py:545} INFO - Filling up the DagBag from /Users/vlad.alex995/Desktop/de-sprint/.venv-airflow/lib/python3.11/site-packages/airflow/example_dags/example_branch_operator_decorator.py
[2025-08-26T17:32:15.669+0100] {processor.py:842} WARNING - No viable dags retrieved from /Users/vlad.alex995/Desktop/de-sprint/.venv-airflow/lib/python3.11/site-packages/airflow/example_dags/example_branch_operator_decorator.py
[2025-08-26T17:32:15.693+0100] {processor.py:183} INFO - Processing /Users/vlad.alex995/Desktop/de-sprint/.venv-airflow/lib/python3.11/site-packages/airflow/example_dags/example_branch_operator_decorator.py took 0.034 seconds
[2025-08-26T17:33:48.663+0100] {processor.py:161} INFO - Started process (PID=36030) to work on /Users/vlad.alex995/Desktop/de-sprint/.venv-airflow/lib/python3.11/site-packages/airflow/example_dags/example_branch_operator_decorator.py
[2025-08-26T17:33:48.664+0100] {processor.py:830} INFO - Processing file /Users/vlad.alex995/Desktop/de-sprint/.venv-airflow/lib/python3.11/site-packages/airflow/example_dags/example_branch_operator_decorator.py for tasks to queue
[2025-08-26T17:33:48.664+0100] {logging_mixin.py:188} INFO - [2025-08-26T17:33:48.664+0100] {dagbag.py:545} INFO - Filling up the DagBag from /Users/vlad.alex995/Desktop/de-sprint/.venv-airflow/lib/python3.11/site-packages/airflow/example_dags/example_branch_operator_decorator.py
[2025-08-26T17:33:48.672+0100] {processor.py:842} WARNING - No viable dags retrieved from /Users/vlad.alex995/Desktop/de-sprint/.venv-airflow/lib/python3.11/site-packages/airflow/example_dags/example_branch_operator_decorator.py
[2025-08-26T17:33:48.695+0100] {processor.py:183} INFO - Processing /Users/vlad.alex995/Desktop/de-sprint/.venv-airflow/lib/python3.11/site-packages/airflow/example_dags/example_branch_operator_decorator.py took 0.033 seconds
[2025-08-26T18:11:48.094+0100] {processor.py:161} INFO - Started process (PID=37442) to work on /Users/vlad.alex995/Desktop/de-sprint/.venv-airflow/lib/python3.11/site-packages/airflow/example_dags/example_branch_operator_decorator.py
[2025-08-26T18:11:48.095+0100] {processor.py:830} INFO - Processing file /Users/vlad.alex995/Desktop/de-sprint/.venv-airflow/lib/python3.11/site-packages/airflow/example_dags/example_branch_operator_decorator.py for tasks to queue
[2025-08-26T18:11:48.095+0100] {logging_mixin.py:188} INFO - [2025-08-26T18:11:48.095+0100] {dagbag.py:545} INFO - Filling up the DagBag from /Users/vlad.alex995/Desktop/de-sprint/.venv-airflow/lib/python3.11/site-packages/airflow/example_dags/example_branch_operator_decorator.py
[2025-08-26T18:11:48.103+0100] {processor.py:842} WARNING - No viable dags retrieved from /Users/vlad.alex995/Desktop/de-sprint/.venv-airflow/lib/python3.11/site-packages/airflow/example_dags/example_branch_operator_decorator.py
[2025-08-26T18:11:48.125+0100] {processor.py:183} INFO - Processing /Users/vlad.alex995/Desktop/de-sprint/.venv-airflow/lib/python3.11/site-packages/airflow/example_dags/example_branch_operator_decorator.py took 0.031 seconds
[2025-08-26T18:13:21.037+0100] {processor.py:161} INFO - Started process (PID=37512) to work on /Users/vlad.alex995/Desktop/de-sprint/.venv-airflow/lib/python3.11/site-packages/airflow/example_dags/example_branch_operator_decorator.py
[2025-08-26T18:13:21.037+0100] {processor.py:830} INFO - Processing file /Users/vlad.alex995/Desktop/de-sprint/.venv-airflow/lib/python3.11/site-packages/airflow/example_dags/example_branch_operator_decorator.py for tasks to queue
[2025-08-26T18:13:21.038+0100] {logging_mixin.py:188} INFO - [2025-08-26T18:13:21.038+0100] {dagbag.py:545} INFO - Filling up the DagBag from /Users/vlad.alex995/Desktop/de-sprint/.venv-airflow/lib/python3.11/site-packages/airflow/example_dags/example_branch_operator_decorator.py
[2025-08-26T18:13:21.046+0100] {processor.py:842} WARNING - No viable dags retrieved from /Users/vlad.alex995/Desktop/de-sprint/.venv-airflow/lib/python3.11/site-packages/airflow/example_dags/example_branch_operator_decorator.py
[2025-08-26T18:13:21.068+0100] {processor.py:183} INFO - Processing /Users/vlad.alex995/Desktop/de-sprint/.venv-airflow/lib/python3.11/site-packages/airflow/example_dags/example_branch_operator_decorator.py took 0.032 seconds
[2025-08-26T18:14:48.696+0100] {processor.py:161} INFO - Started process (PID=37978) to work on /Users/vlad.alex995/Desktop/de-sprint/.venv-airflow/lib/python3.11/site-packages/airflow/example_dags/example_branch_operator_decorator.py
[2025-08-26T18:14:48.697+0100] {processor.py:830} INFO - Processing file /Users/vlad.alex995/Desktop/de-sprint/.venv-airflow/lib/python3.11/site-packages/airflow/example_dags/example_branch_operator_decorator.py for tasks to queue
[2025-08-26T18:14:48.697+0100] {logging_mixin.py:188} INFO - [2025-08-26T18:14:48.697+0100] {dagbag.py:545} INFO - Filling up the DagBag from /Users/vlad.alex995/Desktop/de-sprint/.venv-airflow/lib/python3.11/site-packages/airflow/example_dags/example_branch_operator_decorator.py
[2025-08-26T18:14:48.705+0100] {processor.py:842} WARNING - No viable dags retrieved from /Users/vlad.alex995/Desktop/de-sprint/.venv-airflow/lib/python3.11/site-packages/airflow/example_dags/example_branch_operator_decorator.py
[2025-08-26T18:14:48.728+0100] {processor.py:183} INFO - Processing /Users/vlad.alex995/Desktop/de-sprint/.venv-airflow/lib/python3.11/site-packages/airflow/example_dags/example_branch_operator_decorator.py took 0.032 seconds
[2025-08-26T18:16:22.282+0100] {processor.py:161} INFO - Started process (PID=38054) to work on /Users/vlad.alex995/Desktop/de-sprint/.venv-airflow/lib/python3.11/site-packages/airflow/example_dags/example_branch_operator_decorator.py
[2025-08-26T18:16:22.283+0100] {processor.py:830} INFO - Processing file /Users/vlad.alex995/Desktop/de-sprint/.venv-airflow/lib/python3.11/site-packages/airflow/example_dags/example_branch_operator_decorator.py for tasks to queue
[2025-08-26T18:16:22.283+0100] {logging_mixin.py:188} INFO - [2025-08-26T18:16:22.283+0100] {dagbag.py:545} INFO - Filling up the DagBag from /Users/vlad.alex995/Desktop/de-sprint/.venv-airflow/lib/python3.11/site-packages/airflow/example_dags/example_branch_operator_decorator.py
[2025-08-26T18:16:22.291+0100] {processor.py:842} WARNING - No viable dags retrieved from /Users/vlad.alex995/Desktop/de-sprint/.venv-airflow/lib/python3.11/site-packages/airflow/example_dags/example_branch_operator_decorator.py
[2025-08-26T18:16:22.314+0100] {processor.py:183} INFO - Processing /Users/vlad.alex995/Desktop/de-sprint/.venv-airflow/lib/python3.11/site-packages/airflow/example_dags/example_branch_operator_decorator.py took 0.033 seconds
[2025-08-26T18:18:01.081+0100] {processor.py:161} INFO - Started process (PID=38415) to work on /Users/vlad.alex995/Desktop/de-sprint/.venv-airflow/lib/python3.11/site-packages/airflow/example_dags/example_branch_operator_decorator.py
[2025-08-26T18:18:01.082+0100] {processor.py:830} INFO - Processing file /Users/vlad.alex995/Desktop/de-sprint/.venv-airflow/lib/python3.11/site-packages/airflow/example_dags/example_branch_operator_decorator.py for tasks to queue
[2025-08-26T18:18:01.082+0100] {logging_mixin.py:188} INFO - [2025-08-26T18:18:01.082+0100] {dagbag.py:545} INFO - Filling up the DagBag from /Users/vlad.alex995/Desktop/de-sprint/.venv-airflow/lib/python3.11/site-packages/airflow/example_dags/example_branch_operator_decorator.py
[2025-08-26T18:18:01.091+0100] {processor.py:842} WARNING - No viable dags retrieved from /Users/vlad.alex995/Desktop/de-sprint/.venv-airflow/lib/python3.11/site-packages/airflow/example_dags/example_branch_operator_decorator.py
[2025-08-26T18:18:01.113+0100] {processor.py:183} INFO - Processing /Users/vlad.alex995/Desktop/de-sprint/.venv-airflow/lib/python3.11/site-packages/airflow/example_dags/example_branch_operator_decorator.py took 0.033 seconds
[2025-08-26T18:20:14.571+0100] {processor.py:161} INFO - Started process (PID=38909) to work on /Users/vlad.alex995/Desktop/de-sprint/.venv-airflow/lib/python3.11/site-packages/airflow/example_dags/example_branch_operator_decorator.py
[2025-08-26T18:20:14.572+0100] {processor.py:830} INFO - Processing file /Users/vlad.alex995/Desktop/de-sprint/.venv-airflow/lib/python3.11/site-packages/airflow/example_dags/example_branch_operator_decorator.py for tasks to queue
[2025-08-26T18:20:14.572+0100] {logging_mixin.py:188} INFO - [2025-08-26T18:20:14.572+0100] {dagbag.py:545} INFO - Filling up the DagBag from /Users/vlad.alex995/Desktop/de-sprint/.venv-airflow/lib/python3.11/site-packages/airflow/example_dags/example_branch_operator_decorator.py
[2025-08-26T18:20:14.580+0100] {processor.py:842} WARNING - No viable dags retrieved from /Users/vlad.alex995/Desktop/de-sprint/.venv-airflow/lib/python3.11/site-packages/airflow/example_dags/example_branch_operator_decorator.py
[2025-08-26T18:20:14.603+0100] {processor.py:183} INFO - Processing /Users/vlad.alex995/Desktop/de-sprint/.venv-airflow/lib/python3.11/site-packages/airflow/example_dags/example_branch_operator_decorator.py took 0.033 seconds
[2025-08-26T18:21:48.572+0100] {processor.py:161} INFO - Started process (PID=38991) to work on /Users/vlad.alex995/Desktop/de-sprint/.venv-airflow/lib/python3.11/site-packages/airflow/example_dags/example_branch_operator_decorator.py
[2025-08-26T18:21:48.573+0100] {processor.py:830} INFO - Processing file /Users/vlad.alex995/Desktop/de-sprint/.venv-airflow/lib/python3.11/site-packages/airflow/example_dags/example_branch_operator_decorator.py for tasks to queue
[2025-08-26T18:21:48.573+0100] {logging_mixin.py:188} INFO - [2025-08-26T18:21:48.573+0100] {dagbag.py:545} INFO - Filling up the DagBag from /Users/vlad.alex995/Desktop/de-sprint/.venv-airflow/lib/python3.11/site-packages/airflow/example_dags/example_branch_operator_decorator.py
[2025-08-26T18:21:48.583+0100] {processor.py:842} WARNING - No viable dags retrieved from /Users/vlad.alex995/Desktop/de-sprint/.venv-airflow/lib/python3.11/site-packages/airflow/example_dags/example_branch_operator_decorator.py
[2025-08-26T18:21:48.607+0100] {processor.py:183} INFO - Processing /Users/vlad.alex995/Desktop/de-sprint/.venv-airflow/lib/python3.11/site-packages/airflow/example_dags/example_branch_operator_decorator.py took 0.037 seconds
[2025-08-26T18:23:15.847+0100] {processor.py:161} INFO - Started process (PID=39062) to work on /Users/vlad.alex995/Desktop/de-sprint/.venv-airflow/lib/python3.11/site-packages/airflow/example_dags/example_branch_operator_decorator.py
[2025-08-26T18:23:15.847+0100] {processor.py:830} INFO - Processing file /Users/vlad.alex995/Desktop/de-sprint/.venv-airflow/lib/python3.11/site-packages/airflow/example_dags/example_branch_operator_decorator.py for tasks to queue
[2025-08-26T18:23:15.847+0100] {logging_mixin.py:188} INFO - [2025-08-26T18:23:15.847+0100] {dagbag.py:545} INFO - Filling up the DagBag from /Users/vlad.alex995/Desktop/de-sprint/.venv-airflow/lib/python3.11/site-packages/airflow/example_dags/example_branch_operator_decorator.py
[2025-08-26T18:23:15.856+0100] {processor.py:842} WARNING - No viable dags retrieved from /Users/vlad.alex995/Desktop/de-sprint/.venv-airflow/lib/python3.11/site-packages/airflow/example_dags/example_branch_operator_decorator.py
[2025-08-26T18:23:15.880+0100] {processor.py:183} INFO - Processing /Users/vlad.alex995/Desktop/de-sprint/.venv-airflow/lib/python3.11/site-packages/airflow/example_dags/example_branch_operator_decorator.py took 0.035 seconds
[2025-08-26T18:24:43.009+0100] {processor.py:161} INFO - Started process (PID=39133) to work on /Users/vlad.alex995/Desktop/de-sprint/.venv-airflow/lib/python3.11/site-packages/airflow/example_dags/example_branch_operator_decorator.py
[2025-08-26T18:24:43.010+0100] {processor.py:830} INFO - Processing file /Users/vlad.alex995/Desktop/de-sprint/.venv-airflow/lib/python3.11/site-packages/airflow/example_dags/example_branch_operator_decorator.py for tasks to queue
[2025-08-26T18:24:43.010+0100] {logging_mixin.py:188} INFO - [2025-08-26T18:24:43.010+0100] {dagbag.py:545} INFO - Filling up the DagBag from /Users/vlad.alex995/Desktop/de-sprint/.venv-airflow/lib/python3.11/site-packages/airflow/example_dags/example_branch_operator_decorator.py
[2025-08-26T18:24:43.018+0100] {processor.py:842} WARNING - No viable dags retrieved from /Users/vlad.alex995/Desktop/de-sprint/.venv-airflow/lib/python3.11/site-packages/airflow/example_dags/example_branch_operator_decorator.py
[2025-08-26T18:24:43.040+0100] {processor.py:183} INFO - Processing /Users/vlad.alex995/Desktop/de-sprint/.venv-airflow/lib/python3.11/site-packages/airflow/example_dags/example_branch_operator_decorator.py took 0.032 seconds
[2025-08-26T18:26:19.448+0100] {processor.py:161} INFO - Started process (PID=39226) to work on /Users/vlad.alex995/Desktop/de-sprint/.venv-airflow/lib/python3.11/site-packages/airflow/example_dags/example_branch_operator_decorator.py
[2025-08-26T18:26:19.449+0100] {processor.py:830} INFO - Processing file /Users/vlad.alex995/Desktop/de-sprint/.venv-airflow/lib/python3.11/site-packages/airflow/example_dags/example_branch_operator_decorator.py for tasks to queue
[2025-08-26T18:26:19.449+0100] {logging_mixin.py:188} INFO - [2025-08-26T18:26:19.449+0100] {dagbag.py:545} INFO - Filling up the DagBag from /Users/vlad.alex995/Desktop/de-sprint/.venv-airflow/lib/python3.11/site-packages/airflow/example_dags/example_branch_operator_decorator.py
[2025-08-26T18:26:19.457+0100] {processor.py:842} WARNING - No viable dags retrieved from /Users/vlad.alex995/Desktop/de-sprint/.venv-airflow/lib/python3.11/site-packages/airflow/example_dags/example_branch_operator_decorator.py
[2025-08-26T18:26:19.480+0100] {processor.py:183} INFO - Processing /Users/vlad.alex995/Desktop/de-sprint/.venv-airflow/lib/python3.11/site-packages/airflow/example_dags/example_branch_operator_decorator.py took 0.033 seconds
