[2025-08-26T17:26:09.058+0100] {processor.py:161} INFO - Started process (PID=35358) to work on /Users/vlad.alex995/Desktop/de-sprint/.venv-airflow/lib/python3.11/site-packages/airflow/example_dags/example_branch_labels.py
[2025-08-26T17:26:09.058+0100] {processor.py:830} INFO - Processing file /Users/vlad.alex995/Desktop/de-sprint/.venv-airflow/lib/python3.11/site-packages/airflow/example_dags/example_branch_labels.py for tasks to queue
[2025-08-26T17:26:09.059+0100] {logging_mixin.py:188} INFO - [2025-08-26T17:26:09.059+0100] {dagbag.py:545} INFO - Filling up the DagBag from /Users/vlad.alex995/Desktop/de-sprint/.venv-airflow/lib/python3.11/site-packages/airflow/example_dags/example_branch_labels.py
[2025-08-26T17:26:09.062+0100] {processor.py:840} INFO - DAG(s) 'example_branch_labels' retrieved from /Users/vlad.alex995/Desktop/de-sprint/.venv-airflow/lib/python3.11/site-packages/airflow/example_dags/example_branch_labels.py
[2025-08-26T17:26:09.117+0100] {logging_mixin.py:188} INFO - [2025-08-26T17:26:09.117+0100] {override.py:1858} INFO - Created Permission View: can read on DAG:example_branch_labels
[2025-08-26T17:26:09.120+0100] {logging_mixin.py:188} INFO - [2025-08-26T17:26:09.120+0100] {override.py:1858} INFO - Created Permission View: can delete on DAG:example_branch_labels
[2025-08-26T17:26:09.122+0100] {logging_mixin.py:188} INFO - [2025-08-26T17:26:09.122+0100] {override.py:1858} INFO - Created Permission View: can edit on DAG:example_branch_labels
[2025-08-26T17:26:09.122+0100] {logging_mixin.py:188} INFO - [2025-08-26T17:26:09.122+0100] {dag.py:3089} INFO - Sync 1 DAGs
[2025-08-26T17:26:09.125+0100] {logging_mixin.py:188} INFO - [2025-08-26T17:26:09.125+0100] {dag.py:3111} INFO - Creating ORM DAG for example_branch_labels
[2025-08-26T17:26:09.127+0100] {logging_mixin.py:188} INFO - [2025-08-26T17:26:09.127+0100] {dag.py:3947} INFO - Setting next_dagrun for example_branch_labels to 2025-08-25 00:00:00+00:00, run_after=2025-08-26 00:00:00+00:00
[2025-08-26T17:26:09.133+0100] {processor.py:183} INFO - Processing /Users/vlad.alex995/Desktop/de-sprint/.venv-airflow/lib/python3.11/site-packages/airflow/example_dags/example_branch_labels.py took 0.076 seconds
[2025-08-26T17:27:40.270+0100] {processor.py:161} INFO - Started process (PID=35430) to work on /Users/vlad.alex995/Desktop/de-sprint/.venv-airflow/lib/python3.11/site-packages/airflow/example_dags/example_branch_labels.py
[2025-08-26T17:27:40.271+0100] {processor.py:830} INFO - Processing file /Users/vlad.alex995/Desktop/de-sprint/.venv-airflow/lib/python3.11/site-packages/airflow/example_dags/example_branch_labels.py for tasks to queue
[2025-08-26T17:27:40.271+0100] {logging_mixin.py:188} INFO - [2025-08-26T17:27:40.271+0100] {dagbag.py:545} INFO - Filling up the DagBag from /Users/vlad.alex995/Desktop/de-sprint/.venv-airflow/lib/python3.11/site-packages/airflow/example_dags/example_branch_labels.py
[2025-08-26T17:27:40.274+0100] {processor.py:840} INFO - DAG(s) 'example_branch_labels' retrieved from /Users/vlad.alex995/Desktop/de-sprint/.venv-airflow/lib/python3.11/site-packages/airflow/example_dags/example_branch_labels.py
[2025-08-26T17:27:40.304+0100] {logging_mixin.py:188} INFO - [2025-08-26T17:27:40.304+0100] {dag.py:3089} INFO - Sync 1 DAGs
[2025-08-26T17:27:40.309+0100] {logging_mixin.py:188} INFO - [2025-08-26T17:27:40.309+0100] {dag.py:3947} INFO - Setting next_dagrun for example_branch_labels to 2025-08-25 00:00:00+00:00, run_after=2025-08-26 00:00:00+00:00
[2025-08-26T17:27:40.315+0100] {processor.py:183} INFO - Processing /Users/vlad.alex995/Desktop/de-sprint/.venv-airflow/lib/python3.11/site-packages/airflow/example_dags/example_branch_labels.py took 0.046 seconds
[2025-08-26T17:29:16.299+0100] {processor.py:161} INFO - Started process (PID=35499) to work on /Users/vlad.alex995/Desktop/de-sprint/.venv-airflow/lib/python3.11/site-packages/airflow/example_dags/example_branch_labels.py
[2025-08-26T17:29:16.300+0100] {processor.py:830} INFO - Processing file /Users/vlad.alex995/Desktop/de-sprint/.venv-airflow/lib/python3.11/site-packages/airflow/example_dags/example_branch_labels.py for tasks to queue
[2025-08-26T17:29:16.300+0100] {logging_mixin.py:188} INFO - [2025-08-26T17:29:16.300+0100] {dagbag.py:545} INFO - Filling up the DagBag from /Users/vlad.alex995/Desktop/de-sprint/.venv-airflow/lib/python3.11/site-packages/airflow/example_dags/example_branch_labels.py
[2025-08-26T17:29:16.304+0100] {processor.py:840} INFO - DAG(s) 'example_branch_labels' retrieved from /Users/vlad.alex995/Desktop/de-sprint/.venv-airflow/lib/python3.11/site-packages/airflow/example_dags/example_branch_labels.py
[2025-08-26T17:29:16.334+0100] {logging_mixin.py:188} INFO - [2025-08-26T17:29:16.334+0100] {dag.py:3089} INFO - Sync 1 DAGs
[2025-08-26T17:29:16.339+0100] {logging_mixin.py:188} INFO - [2025-08-26T17:29:16.339+0100] {dag.py:3947} INFO - Setting next_dagrun for example_branch_labels to 2025-08-25 00:00:00+00:00, run_after=2025-08-26 00:00:00+00:00
[2025-08-26T17:29:16.346+0100] {processor.py:183} INFO - Processing /Users/vlad.alex995/Desktop/de-sprint/.venv-airflow/lib/python3.11/site-packages/airflow/example_dags/example_branch_labels.py took 0.048 seconds
[2025-08-26T17:30:47.637+0100] {processor.py:161} INFO - Started process (PID=35569) to work on /Users/vlad.alex995/Desktop/de-sprint/.venv-airflow/lib/python3.11/site-packages/airflow/example_dags/example_branch_labels.py
[2025-08-26T17:30:47.637+0100] {processor.py:830} INFO - Processing file /Users/vlad.alex995/Desktop/de-sprint/.venv-airflow/lib/python3.11/site-packages/airflow/example_dags/example_branch_labels.py for tasks to queue
[2025-08-26T17:30:47.637+0100] {logging_mixin.py:188} INFO - [2025-08-26T17:30:47.637+0100] {dagbag.py:545} INFO - Filling up the DagBag from /Users/vlad.alex995/Desktop/de-sprint/.venv-airflow/lib/python3.11/site-packages/airflow/example_dags/example_branch_labels.py
[2025-08-26T17:30:47.640+0100] {processor.py:840} INFO - DAG(s) 'example_branch_labels' retrieved from /Users/vlad.alex995/Desktop/de-sprint/.venv-airflow/lib/python3.11/site-packages/airflow/example_dags/example_branch_labels.py
[2025-08-26T17:30:47.670+0100] {logging_mixin.py:188} INFO - [2025-08-26T17:30:47.670+0100] {dag.py:3089} INFO - Sync 1 DAGs
[2025-08-26T17:30:47.675+0100] {logging_mixin.py:188} INFO - [2025-08-26T17:30:47.675+0100] {dag.py:3947} INFO - Setting next_dagrun for example_branch_labels to 2025-08-25 00:00:00+00:00, run_after=2025-08-26 00:00:00+00:00
[2025-08-26T17:30:47.682+0100] {processor.py:183} INFO - Processing /Users/vlad.alex995/Desktop/de-sprint/.venv-airflow/lib/python3.11/site-packages/airflow/example_dags/example_branch_labels.py took 0.046 seconds
[2025-08-26T17:32:17.931+0100] {processor.py:161} INFO - Started process (PID=35947) to work on /Users/vlad.alex995/Desktop/de-sprint/.venv-airflow/lib/python3.11/site-packages/airflow/example_dags/example_branch_labels.py
[2025-08-26T17:32:17.931+0100] {processor.py:830} INFO - Processing file /Users/vlad.alex995/Desktop/de-sprint/.venv-airflow/lib/python3.11/site-packages/airflow/example_dags/example_branch_labels.py for tasks to queue
[2025-08-26T17:32:17.932+0100] {logging_mixin.py:188} INFO - [2025-08-26T17:32:17.932+0100] {dagbag.py:545} INFO - Filling up the DagBag from /Users/vlad.alex995/Desktop/de-sprint/.venv-airflow/lib/python3.11/site-packages/airflow/example_dags/example_branch_labels.py
[2025-08-26T17:32:17.934+0100] {processor.py:840} INFO - DAG(s) 'example_branch_labels' retrieved from /Users/vlad.alex995/Desktop/de-sprint/.venv-airflow/lib/python3.11/site-packages/airflow/example_dags/example_branch_labels.py
[2025-08-26T17:32:17.963+0100] {logging_mixin.py:188} INFO - [2025-08-26T17:32:17.963+0100] {dag.py:3089} INFO - Sync 1 DAGs
[2025-08-26T17:32:17.968+0100] {logging_mixin.py:188} INFO - [2025-08-26T17:32:17.968+0100] {dag.py:3947} INFO - Setting next_dagrun for example_branch_labels to 2025-08-25 00:00:00+00:00, run_after=2025-08-26 00:00:00+00:00
[2025-08-26T17:32:17.974+0100] {processor.py:183} INFO - Processing /Users/vlad.alex995/Desktop/de-sprint/.venv-airflow/lib/python3.11/site-packages/airflow/example_dags/example_branch_labels.py took 0.044 seconds
[2025-08-26T17:33:51.773+0100] {processor.py:161} INFO - Started process (PID=36033) to work on /Users/vlad.alex995/Desktop/de-sprint/.venv-airflow/lib/python3.11/site-packages/airflow/example_dags/example_branch_labels.py
[2025-08-26T17:33:51.774+0100] {processor.py:830} INFO - Processing file /Users/vlad.alex995/Desktop/de-sprint/.venv-airflow/lib/python3.11/site-packages/airflow/example_dags/example_branch_labels.py for tasks to queue
[2025-08-26T17:33:51.775+0100] {logging_mixin.py:188} INFO - [2025-08-26T17:33:51.775+0100] {dagbag.py:545} INFO - Filling up the DagBag from /Users/vlad.alex995/Desktop/de-sprint/.venv-airflow/lib/python3.11/site-packages/airflow/example_dags/example_branch_labels.py
[2025-08-26T17:33:51.778+0100] {processor.py:840} INFO - DAG(s) 'example_branch_labels' retrieved from /Users/vlad.alex995/Desktop/de-sprint/.venv-airflow/lib/python3.11/site-packages/airflow/example_dags/example_branch_labels.py
[2025-08-26T17:33:51.809+0100] {logging_mixin.py:188} INFO - [2025-08-26T17:33:51.809+0100] {dag.py:3089} INFO - Sync 1 DAGs
[2025-08-26T17:33:51.814+0100] {logging_mixin.py:188} INFO - [2025-08-26T17:33:51.814+0100] {dag.py:3947} INFO - Setting next_dagrun for example_branch_labels to 2025-08-25 00:00:00+00:00, run_after=2025-08-26 00:00:00+00:00
[2025-08-26T17:33:51.821+0100] {processor.py:183} INFO - Processing /Users/vlad.alex995/Desktop/de-sprint/.venv-airflow/lib/python3.11/site-packages/airflow/example_dags/example_branch_labels.py took 0.049 seconds
[2025-08-26T18:11:51.478+0100] {processor.py:161} INFO - Started process (PID=37444) to work on /Users/vlad.alex995/Desktop/de-sprint/.venv-airflow/lib/python3.11/site-packages/airflow/example_dags/example_branch_labels.py
[2025-08-26T18:11:51.480+0100] {processor.py:830} INFO - Processing file /Users/vlad.alex995/Desktop/de-sprint/.venv-airflow/lib/python3.11/site-packages/airflow/example_dags/example_branch_labels.py for tasks to queue
[2025-08-26T18:11:51.480+0100] {logging_mixin.py:188} INFO - [2025-08-26T18:11:51.480+0100] {dagbag.py:545} INFO - Filling up the DagBag from /Users/vlad.alex995/Desktop/de-sprint/.venv-airflow/lib/python3.11/site-packages/airflow/example_dags/example_branch_labels.py
[2025-08-26T18:11:51.485+0100] {processor.py:840} INFO - DAG(s) 'example_branch_labels' retrieved from /Users/vlad.alex995/Desktop/de-sprint/.venv-airflow/lib/python3.11/site-packages/airflow/example_dags/example_branch_labels.py
[2025-08-26T18:11:51.519+0100] {logging_mixin.py:188} INFO - [2025-08-26T18:11:51.519+0100] {dag.py:3089} INFO - Sync 1 DAGs
[2025-08-26T18:11:51.525+0100] {logging_mixin.py:188} INFO - [2025-08-26T18:11:51.525+0100] {dag.py:3947} INFO - Setting next_dagrun for example_branch_labels to 2025-08-25 00:00:00+00:00, run_after=2025-08-26 00:00:00+00:00
[2025-08-26T18:11:51.533+0100] {processor.py:183} INFO - Processing /Users/vlad.alex995/Desktop/de-sprint/.venv-airflow/lib/python3.11/site-packages/airflow/example_dags/example_branch_labels.py took 0.055 seconds
[2025-08-26T18:13:24.295+0100] {processor.py:161} INFO - Started process (PID=37516) to work on /Users/vlad.alex995/Desktop/de-sprint/.venv-airflow/lib/python3.11/site-packages/airflow/example_dags/example_branch_labels.py
[2025-08-26T18:13:24.296+0100] {processor.py:830} INFO - Processing file /Users/vlad.alex995/Desktop/de-sprint/.venv-airflow/lib/python3.11/site-packages/airflow/example_dags/example_branch_labels.py for tasks to queue
[2025-08-26T18:13:24.296+0100] {logging_mixin.py:188} INFO - [2025-08-26T18:13:24.296+0100] {dagbag.py:545} INFO - Filling up the DagBag from /Users/vlad.alex995/Desktop/de-sprint/.venv-airflow/lib/python3.11/site-packages/airflow/example_dags/example_branch_labels.py
[2025-08-26T18:13:24.299+0100] {processor.py:840} INFO - DAG(s) 'example_branch_labels' retrieved from /Users/vlad.alex995/Desktop/de-sprint/.venv-airflow/lib/python3.11/site-packages/airflow/example_dags/example_branch_labels.py
[2025-08-26T18:13:24.327+0100] {logging_mixin.py:188} INFO - [2025-08-26T18:13:24.327+0100] {dag.py:3089} INFO - Sync 1 DAGs
[2025-08-26T18:13:24.332+0100] {logging_mixin.py:188} INFO - [2025-08-26T18:13:24.332+0100] {dag.py:3947} INFO - Setting next_dagrun for example_branch_labels to 2025-08-25 00:00:00+00:00, run_after=2025-08-26 00:00:00+00:00
[2025-08-26T18:13:24.338+0100] {processor.py:183} INFO - Processing /Users/vlad.alex995/Desktop/de-sprint/.venv-airflow/lib/python3.11/site-packages/airflow/example_dags/example_branch_labels.py took 0.044 seconds
[2025-08-26T18:14:51.183+0100] {processor.py:161} INFO - Started process (PID=37980) to work on /Users/vlad.alex995/Desktop/de-sprint/.venv-airflow/lib/python3.11/site-packages/airflow/example_dags/example_branch_labels.py
[2025-08-26T18:14:51.184+0100] {processor.py:830} INFO - Processing file /Users/vlad.alex995/Desktop/de-sprint/.venv-airflow/lib/python3.11/site-packages/airflow/example_dags/example_branch_labels.py for tasks to queue
[2025-08-26T18:14:51.184+0100] {logging_mixin.py:188} INFO - [2025-08-26T18:14:51.184+0100] {dagbag.py:545} INFO - Filling up the DagBag from /Users/vlad.alex995/Desktop/de-sprint/.venv-airflow/lib/python3.11/site-packages/airflow/example_dags/example_branch_labels.py
[2025-08-26T18:14:51.187+0100] {processor.py:840} INFO - DAG(s) 'example_branch_labels' retrieved from /Users/vlad.alex995/Desktop/de-sprint/.venv-airflow/lib/python3.11/site-packages/airflow/example_dags/example_branch_labels.py
[2025-08-26T18:14:51.217+0100] {logging_mixin.py:188} INFO - [2025-08-26T18:14:51.217+0100] {dag.py:3089} INFO - Sync 1 DAGs
[2025-08-26T18:14:51.222+0100] {logging_mixin.py:188} INFO - [2025-08-26T18:14:51.222+0100] {dag.py:3947} INFO - Setting next_dagrun for example_branch_labels to 2025-08-25 00:00:00+00:00, run_after=2025-08-26 00:00:00+00:00
[2025-08-26T18:14:51.229+0100] {processor.py:183} INFO - Processing /Users/vlad.alex995/Desktop/de-sprint/.venv-airflow/lib/python3.11/site-packages/airflow/example_dags/example_branch_labels.py took 0.047 seconds
[2025-08-26T18:16:24.725+0100] {processor.py:161} INFO - Started process (PID=38056) to work on /Users/vlad.alex995/Desktop/de-sprint/.venv-airflow/lib/python3.11/site-packages/airflow/example_dags/example_branch_labels.py
[2025-08-26T18:16:24.726+0100] {processor.py:830} INFO - Processing file /Users/vlad.alex995/Desktop/de-sprint/.venv-airflow/lib/python3.11/site-packages/airflow/example_dags/example_branch_labels.py for tasks to queue
[2025-08-26T18:16:24.726+0100] {logging_mixin.py:188} INFO - [2025-08-26T18:16:24.726+0100] {dagbag.py:545} INFO - Filling up the DagBag from /Users/vlad.alex995/Desktop/de-sprint/.venv-airflow/lib/python3.11/site-packages/airflow/example_dags/example_branch_labels.py
[2025-08-26T18:16:24.729+0100] {processor.py:840} INFO - DAG(s) 'example_branch_labels' retrieved from /Users/vlad.alex995/Desktop/de-sprint/.venv-airflow/lib/python3.11/site-packages/airflow/example_dags/example_branch_labels.py
[2025-08-26T18:16:24.760+0100] {logging_mixin.py:188} INFO - [2025-08-26T18:16:24.760+0100] {dag.py:3089} INFO - Sync 1 DAGs
[2025-08-26T18:16:24.766+0100] {logging_mixin.py:188} INFO - [2025-08-26T18:16:24.765+0100] {dag.py:3947} INFO - Setting next_dagrun for example_branch_labels to 2025-08-25 00:00:00+00:00, run_after=2025-08-26 00:00:00+00:00
[2025-08-26T18:16:24.773+0100] {processor.py:183} INFO - Processing /Users/vlad.alex995/Desktop/de-sprint/.venv-airflow/lib/python3.11/site-packages/airflow/example_dags/example_branch_labels.py took 0.049 seconds
[2025-08-26T18:18:04.314+0100] {processor.py:161} INFO - Started process (PID=38419) to work on /Users/vlad.alex995/Desktop/de-sprint/.venv-airflow/lib/python3.11/site-packages/airflow/example_dags/example_branch_labels.py
[2025-08-26T18:18:04.315+0100] {processor.py:830} INFO - Processing file /Users/vlad.alex995/Desktop/de-sprint/.venv-airflow/lib/python3.11/site-packages/airflow/example_dags/example_branch_labels.py for tasks to queue
[2025-08-26T18:18:04.315+0100] {logging_mixin.py:188} INFO - [2025-08-26T18:18:04.315+0100] {dagbag.py:545} INFO - Filling up the DagBag from /Users/vlad.alex995/Desktop/de-sprint/.venv-airflow/lib/python3.11/site-packages/airflow/example_dags/example_branch_labels.py
[2025-08-26T18:18:04.318+0100] {processor.py:840} INFO - DAG(s) 'example_branch_labels' retrieved from /Users/vlad.alex995/Desktop/de-sprint/.venv-airflow/lib/python3.11/site-packages/airflow/example_dags/example_branch_labels.py
[2025-08-26T18:18:04.351+0100] {logging_mixin.py:188} INFO - [2025-08-26T18:18:04.351+0100] {dag.py:3089} INFO - Sync 1 DAGs
[2025-08-26T18:18:04.356+0100] {logging_mixin.py:188} INFO - [2025-08-26T18:18:04.356+0100] {dag.py:3947} INFO - Setting next_dagrun for example_branch_labels to 2025-08-25 00:00:00+00:00, run_after=2025-08-26 00:00:00+00:00
[2025-08-26T18:18:04.363+0100] {processor.py:183} INFO - Processing /Users/vlad.alex995/Desktop/de-sprint/.venv-airflow/lib/python3.11/site-packages/airflow/example_dags/example_branch_labels.py took 0.050 seconds
[2025-08-26T18:20:17.778+0100] {processor.py:161} INFO - Started process (PID=38911) to work on /Users/vlad.alex995/Desktop/de-sprint/.venv-airflow/lib/python3.11/site-packages/airflow/example_dags/example_branch_labels.py
[2025-08-26T18:20:17.779+0100] {processor.py:830} INFO - Processing file /Users/vlad.alex995/Desktop/de-sprint/.venv-airflow/lib/python3.11/site-packages/airflow/example_dags/example_branch_labels.py for tasks to queue
[2025-08-26T18:20:17.779+0100] {logging_mixin.py:188} INFO - [2025-08-26T18:20:17.779+0100] {dagbag.py:545} INFO - Filling up the DagBag from /Users/vlad.alex995/Desktop/de-sprint/.venv-airflow/lib/python3.11/site-packages/airflow/example_dags/example_branch_labels.py
[2025-08-26T18:20:17.782+0100] {processor.py:840} INFO - DAG(s) 'example_branch_labels' retrieved from /Users/vlad.alex995/Desktop/de-sprint/.venv-airflow/lib/python3.11/site-packages/airflow/example_dags/example_branch_labels.py
[2025-08-26T18:20:17.811+0100] {logging_mixin.py:188} INFO - [2025-08-26T18:20:17.811+0100] {dag.py:3089} INFO - Sync 1 DAGs
[2025-08-26T18:20:17.816+0100] {logging_mixin.py:188} INFO - [2025-08-26T18:20:17.816+0100] {dag.py:3947} INFO - Setting next_dagrun for example_branch_labels to 2025-08-25 00:00:00+00:00, run_after=2025-08-26 00:00:00+00:00
[2025-08-26T18:20:17.822+0100] {processor.py:183} INFO - Processing /Users/vlad.alex995/Desktop/de-sprint/.venv-airflow/lib/python3.11/site-packages/airflow/example_dags/example_branch_labels.py took 0.045 seconds
[2025-08-26T18:21:51.802+0100] {processor.py:161} INFO - Started process (PID=38993) to work on /Users/vlad.alex995/Desktop/de-sprint/.venv-airflow/lib/python3.11/site-packages/airflow/example_dags/example_branch_labels.py
[2025-08-26T18:21:51.803+0100] {processor.py:830} INFO - Processing file /Users/vlad.alex995/Desktop/de-sprint/.venv-airflow/lib/python3.11/site-packages/airflow/example_dags/example_branch_labels.py for tasks to queue
[2025-08-26T18:21:51.803+0100] {logging_mixin.py:188} INFO - [2025-08-26T18:21:51.803+0100] {dagbag.py:545} INFO - Filling up the DagBag from /Users/vlad.alex995/Desktop/de-sprint/.venv-airflow/lib/python3.11/site-packages/airflow/example_dags/example_branch_labels.py
[2025-08-26T18:21:51.806+0100] {processor.py:840} INFO - DAG(s) 'example_branch_labels' retrieved from /Users/vlad.alex995/Desktop/de-sprint/.venv-airflow/lib/python3.11/site-packages/airflow/example_dags/example_branch_labels.py
[2025-08-26T18:21:51.835+0100] {logging_mixin.py:188} INFO - [2025-08-26T18:21:51.835+0100] {dag.py:3089} INFO - Sync 1 DAGs
[2025-08-26T18:21:51.840+0100] {logging_mixin.py:188} INFO - [2025-08-26T18:21:51.840+0100] {dag.py:3947} INFO - Setting next_dagrun for example_branch_labels to 2025-08-25 00:00:00+00:00, run_after=2025-08-26 00:00:00+00:00
[2025-08-26T18:21:51.847+0100] {processor.py:183} INFO - Processing /Users/vlad.alex995/Desktop/de-sprint/.venv-airflow/lib/python3.11/site-packages/airflow/example_dags/example_branch_labels.py took 0.046 seconds
[2025-08-26T18:23:18.187+0100] {processor.py:161} INFO - Started process (PID=39064) to work on /Users/vlad.alex995/Desktop/de-sprint/.venv-airflow/lib/python3.11/site-packages/airflow/example_dags/example_branch_labels.py
[2025-08-26T18:23:18.188+0100] {processor.py:830} INFO - Processing file /Users/vlad.alex995/Desktop/de-sprint/.venv-airflow/lib/python3.11/site-packages/airflow/example_dags/example_branch_labels.py for tasks to queue
[2025-08-26T18:23:18.188+0100] {logging_mixin.py:188} INFO - [2025-08-26T18:23:18.188+0100] {dagbag.py:545} INFO - Filling up the DagBag from /Users/vlad.alex995/Desktop/de-sprint/.venv-airflow/lib/python3.11/site-packages/airflow/example_dags/example_branch_labels.py
[2025-08-26T18:23:18.191+0100] {processor.py:840} INFO - DAG(s) 'example_branch_labels' retrieved from /Users/vlad.alex995/Desktop/de-sprint/.venv-airflow/lib/python3.11/site-packages/airflow/example_dags/example_branch_labels.py
[2025-08-26T18:23:18.223+0100] {logging_mixin.py:188} INFO - [2025-08-26T18:23:18.223+0100] {dag.py:3089} INFO - Sync 1 DAGs
[2025-08-26T18:23:18.228+0100] {logging_mixin.py:188} INFO - [2025-08-26T18:23:18.228+0100] {dag.py:3947} INFO - Setting next_dagrun for example_branch_labels to 2025-08-25 00:00:00+00:00, run_after=2025-08-26 00:00:00+00:00
[2025-08-26T18:23:18.235+0100] {processor.py:183} INFO - Processing /Users/vlad.alex995/Desktop/de-sprint/.venv-airflow/lib/python3.11/site-packages/airflow/example_dags/example_branch_labels.py took 0.049 seconds
[2025-08-26T18:24:45.954+0100] {processor.py:161} INFO - Started process (PID=39137) to work on /Users/vlad.alex995/Desktop/de-sprint/.venv-airflow/lib/python3.11/site-packages/airflow/example_dags/example_branch_labels.py
[2025-08-26T18:24:45.955+0100] {processor.py:830} INFO - Processing file /Users/vlad.alex995/Desktop/de-sprint/.venv-airflow/lib/python3.11/site-packages/airflow/example_dags/example_branch_labels.py for tasks to queue
[2025-08-26T18:24:45.955+0100] {logging_mixin.py:188} INFO - [2025-08-26T18:24:45.955+0100] {dagbag.py:545} INFO - Filling up the DagBag from /Users/vlad.alex995/Desktop/de-sprint/.venv-airflow/lib/python3.11/site-packages/airflow/example_dags/example_branch_labels.py
[2025-08-26T18:24:45.959+0100] {processor.py:840} INFO - DAG(s) 'example_branch_labels' retrieved from /Users/vlad.alex995/Desktop/de-sprint/.venv-airflow/lib/python3.11/site-packages/airflow/example_dags/example_branch_labels.py
[2025-08-26T18:24:45.990+0100] {logging_mixin.py:188} INFO - [2025-08-26T18:24:45.990+0100] {dag.py:3089} INFO - Sync 1 DAGs
[2025-08-26T18:24:45.996+0100] {logging_mixin.py:188} INFO - [2025-08-26T18:24:45.995+0100] {dag.py:3947} INFO - Setting next_dagrun for example_branch_labels to 2025-08-25 00:00:00+00:00, run_after=2025-08-26 00:00:00+00:00
[2025-08-26T18:24:46.003+0100] {processor.py:183} INFO - Processing /Users/vlad.alex995/Desktop/de-sprint/.venv-airflow/lib/python3.11/site-packages/airflow/example_dags/example_branch_labels.py took 0.049 seconds
[2025-08-26T18:26:22.082+0100] {processor.py:161} INFO - Started process (PID=39229) to work on /Users/vlad.alex995/Desktop/de-sprint/.venv-airflow/lib/python3.11/site-packages/airflow/example_dags/example_branch_labels.py
[2025-08-26T18:26:22.082+0100] {processor.py:830} INFO - Processing file /Users/vlad.alex995/Desktop/de-sprint/.venv-airflow/lib/python3.11/site-packages/airflow/example_dags/example_branch_labels.py for tasks to queue
[2025-08-26T18:26:22.083+0100] {logging_mixin.py:188} INFO - [2025-08-26T18:26:22.082+0100] {dagbag.py:545} INFO - Filling up the DagBag from /Users/vlad.alex995/Desktop/de-sprint/.venv-airflow/lib/python3.11/site-packages/airflow/example_dags/example_branch_labels.py
[2025-08-26T18:26:22.085+0100] {processor.py:840} INFO - DAG(s) 'example_branch_labels' retrieved from /Users/vlad.alex995/Desktop/de-sprint/.venv-airflow/lib/python3.11/site-packages/airflow/example_dags/example_branch_labels.py
[2025-08-26T18:26:22.115+0100] {logging_mixin.py:188} INFO - [2025-08-26T18:26:22.115+0100] {dag.py:3089} INFO - Sync 1 DAGs
[2025-08-26T18:26:22.120+0100] {logging_mixin.py:188} INFO - [2025-08-26T18:26:22.119+0100] {dag.py:3947} INFO - Setting next_dagrun for example_branch_labels to 2025-08-25 00:00:00+00:00, run_after=2025-08-26 00:00:00+00:00
[2025-08-26T18:26:22.126+0100] {processor.py:183} INFO - Processing /Users/vlad.alex995/Desktop/de-sprint/.venv-airflow/lib/python3.11/site-packages/airflow/example_dags/example_branch_labels.py took 0.045 seconds
