[2025-08-26T17:25:11.838+0100] {processor.py:161} INFO - Started process (PID=35313) to work on /Users/vlad.alex995/Desktop/de-sprint/.venv-airflow/lib/python3.11/site-packages/airflow/example_dags/example_xcom.py
[2025-08-26T17:25:11.838+0100] {processor.py:830} INFO - Processing file /Users/vlad.alex995/Desktop/de-sprint/.venv-airflow/lib/python3.11/site-packages/airflow/example_dags/example_xcom.py for tasks to queue
[2025-08-26T17:25:11.838+0100] {logging_mixin.py:188} INFO - [2025-08-26T17:25:11.838+0100] {dagbag.py:545} INFO - Filling up the DagBag from /Users/vlad.alex995/Desktop/de-sprint/.venv-airflow/lib/python3.11/site-packages/airflow/example_dags/example_xcom.py
[2025-08-26T17:25:11.853+0100] {processor.py:840} INFO - DAG(s) 'example_xcom' retrieved from /Users/vlad.alex995/Desktop/de-sprint/.venv-airflow/lib/python3.11/site-packages/airflow/example_dags/example_xcom.py
[2025-08-26T17:25:11.913+0100] {logging_mixin.py:188} INFO - [2025-08-26T17:25:11.913+0100] {override.py:1858} INFO - Created Permission View: can read on DAG:example_xcom
[2025-08-26T17:25:11.916+0100] {logging_mixin.py:188} INFO - [2025-08-26T17:25:11.916+0100] {override.py:1858} INFO - Created Permission View: can edit on DAG:example_xcom
[2025-08-26T17:25:11.918+0100] {logging_mixin.py:188} INFO - [2025-08-26T17:25:11.918+0100] {override.py:1858} INFO - Created Permission View: can delete on DAG:example_xcom
[2025-08-26T17:25:11.918+0100] {logging_mixin.py:188} INFO - [2025-08-26T17:25:11.918+0100] {dag.py:3089} INFO - Sync 1 DAGs
[2025-08-26T17:25:11.947+0100] {logging_mixin.py:188} INFO - [2025-08-26T17:25:11.947+0100] {dag.py:3111} INFO - Creating ORM DAG for example_xcom
[2025-08-26T17:25:11.950+0100] {logging_mixin.py:188} INFO - [2025-08-26T17:25:11.950+0100] {dag.py:3947} INFO - Setting next_dagrun for example_xcom to 2021-01-01 00:00:00+00:00, run_after=2021-01-01 00:00:00+00:00
[2025-08-26T17:25:11.956+0100] {processor.py:183} INFO - Processing /Users/vlad.alex995/Desktop/de-sprint/.venv-airflow/lib/python3.11/site-packages/airflow/example_dags/example_xcom.py took 0.120 seconds
[2025-08-26T17:26:33.934+0100] {processor.py:161} INFO - Started process (PID=35376) to work on /Users/vlad.alex995/Desktop/de-sprint/.venv-airflow/lib/python3.11/site-packages/airflow/example_dags/example_xcom.py
[2025-08-26T17:26:33.935+0100] {processor.py:830} INFO - Processing file /Users/vlad.alex995/Desktop/de-sprint/.venv-airflow/lib/python3.11/site-packages/airflow/example_dags/example_xcom.py for tasks to queue
[2025-08-26T17:26:33.935+0100] {logging_mixin.py:188} INFO - [2025-08-26T17:26:33.935+0100] {dagbag.py:545} INFO - Filling up the DagBag from /Users/vlad.alex995/Desktop/de-sprint/.venv-airflow/lib/python3.11/site-packages/airflow/example_dags/example_xcom.py
[2025-08-26T17:26:33.949+0100] {processor.py:840} INFO - DAG(s) 'example_xcom' retrieved from /Users/vlad.alex995/Desktop/de-sprint/.venv-airflow/lib/python3.11/site-packages/airflow/example_dags/example_xcom.py
[2025-08-26T17:26:33.981+0100] {logging_mixin.py:188} INFO - [2025-08-26T17:26:33.981+0100] {dag.py:3089} INFO - Sync 1 DAGs
[2025-08-26T17:26:33.987+0100] {logging_mixin.py:188} INFO - [2025-08-26T17:26:33.987+0100] {dag.py:3947} INFO - Setting next_dagrun for example_xcom to 2021-01-01 00:00:00+00:00, run_after=2021-01-01 00:00:00+00:00
[2025-08-26T17:26:33.993+0100] {processor.py:183} INFO - Processing /Users/vlad.alex995/Desktop/de-sprint/.venv-airflow/lib/python3.11/site-packages/airflow/example_dags/example_xcom.py took 0.060 seconds
[2025-08-26T17:28:04.199+0100] {processor.py:161} INFO - Started process (PID=35448) to work on /Users/vlad.alex995/Desktop/de-sprint/.venv-airflow/lib/python3.11/site-packages/airflow/example_dags/example_xcom.py
[2025-08-26T17:28:04.199+0100] {processor.py:830} INFO - Processing file /Users/vlad.alex995/Desktop/de-sprint/.venv-airflow/lib/python3.11/site-packages/airflow/example_dags/example_xcom.py for tasks to queue
[2025-08-26T17:28:04.199+0100] {logging_mixin.py:188} INFO - [2025-08-26T17:28:04.199+0100] {dagbag.py:545} INFO - Filling up the DagBag from /Users/vlad.alex995/Desktop/de-sprint/.venv-airflow/lib/python3.11/site-packages/airflow/example_dags/example_xcom.py
[2025-08-26T17:28:04.216+0100] {processor.py:840} INFO - DAG(s) 'example_xcom' retrieved from /Users/vlad.alex995/Desktop/de-sprint/.venv-airflow/lib/python3.11/site-packages/airflow/example_dags/example_xcom.py
[2025-08-26T17:28:04.248+0100] {logging_mixin.py:188} INFO - [2025-08-26T17:28:04.248+0100] {dag.py:3089} INFO - Sync 1 DAGs
[2025-08-26T17:28:04.254+0100] {logging_mixin.py:188} INFO - [2025-08-26T17:28:04.254+0100] {dag.py:3947} INFO - Setting next_dagrun for example_xcom to 2021-01-01 00:00:00+00:00, run_after=2021-01-01 00:00:00+00:00
[2025-08-26T17:28:04.261+0100] {processor.py:183} INFO - Processing /Users/vlad.alex995/Desktop/de-sprint/.venv-airflow/lib/python3.11/site-packages/airflow/example_dags/example_xcom.py took 0.063 seconds
[2025-08-26T17:28:52.737+0100] {processor.py:161} INFO - Started process (PID=35483) to work on /Users/vlad.alex995/Desktop/de-sprint/.venv-airflow/lib/python3.11/site-packages/airflow/example_dags/example_xcom.py
[2025-08-26T17:28:52.738+0100] {processor.py:830} INFO - Processing file /Users/vlad.alex995/Desktop/de-sprint/.venv-airflow/lib/python3.11/site-packages/airflow/example_dags/example_xcom.py for tasks to queue
[2025-08-26T17:28:52.738+0100] {logging_mixin.py:188} INFO - [2025-08-26T17:28:52.738+0100] {dagbag.py:545} INFO - Filling up the DagBag from /Users/vlad.alex995/Desktop/de-sprint/.venv-airflow/lib/python3.11/site-packages/airflow/example_dags/example_xcom.py
[2025-08-26T17:28:52.753+0100] {processor.py:840} INFO - DAG(s) 'example_xcom' retrieved from /Users/vlad.alex995/Desktop/de-sprint/.venv-airflow/lib/python3.11/site-packages/airflow/example_dags/example_xcom.py
[2025-08-26T17:28:52.783+0100] {logging_mixin.py:188} INFO - [2025-08-26T17:28:52.783+0100] {dag.py:3089} INFO - Sync 1 DAGs
[2025-08-26T17:28:52.788+0100] {logging_mixin.py:188} INFO - [2025-08-26T17:28:52.787+0100] {dag.py:3947} INFO - Setting next_dagrun for example_xcom to 2021-01-01 00:00:00+00:00, run_after=2021-01-01 00:00:00+00:00
[2025-08-26T17:28:52.794+0100] {processor.py:183} INFO - Processing /Users/vlad.alex995/Desktop/de-sprint/.venv-airflow/lib/python3.11/site-packages/airflow/example_dags/example_xcom.py took 0.058 seconds
[2025-08-26T17:29:40.950+0100] {processor.py:161} INFO - Started process (PID=35517) to work on /Users/vlad.alex995/Desktop/de-sprint/.venv-airflow/lib/python3.11/site-packages/airflow/example_dags/example_xcom.py
[2025-08-26T17:29:40.950+0100] {processor.py:830} INFO - Processing file /Users/vlad.alex995/Desktop/de-sprint/.venv-airflow/lib/python3.11/site-packages/airflow/example_dags/example_xcom.py for tasks to queue
[2025-08-26T17:29:40.951+0100] {logging_mixin.py:188} INFO - [2025-08-26T17:29:40.950+0100] {dagbag.py:545} INFO - Filling up the DagBag from /Users/vlad.alex995/Desktop/de-sprint/.venv-airflow/lib/python3.11/site-packages/airflow/example_dags/example_xcom.py
[2025-08-26T17:29:40.964+0100] {processor.py:840} INFO - DAG(s) 'example_xcom' retrieved from /Users/vlad.alex995/Desktop/de-sprint/.venv-airflow/lib/python3.11/site-packages/airflow/example_dags/example_xcom.py
[2025-08-26T17:29:40.994+0100] {logging_mixin.py:188} INFO - [2025-08-26T17:29:40.994+0100] {dag.py:3089} INFO - Sync 1 DAGs
[2025-08-26T17:29:40.999+0100] {logging_mixin.py:188} INFO - [2025-08-26T17:29:40.998+0100] {dag.py:3947} INFO - Setting next_dagrun for example_xcom to 2021-01-01 00:00:00+00:00, run_after=2021-01-01 00:00:00+00:00
[2025-08-26T17:29:41.005+0100] {processor.py:183} INFO - Processing /Users/vlad.alex995/Desktop/de-sprint/.venv-airflow/lib/python3.11/site-packages/airflow/example_dags/example_xcom.py took 0.056 seconds
[2025-08-26T17:31:09.999+0100] {processor.py:161} INFO - Started process (PID=35586) to work on /Users/vlad.alex995/Desktop/de-sprint/.venv-airflow/lib/python3.11/site-packages/airflow/example_dags/example_xcom.py
[2025-08-26T17:31:10.000+0100] {processor.py:830} INFO - Processing file /Users/vlad.alex995/Desktop/de-sprint/.venv-airflow/lib/python3.11/site-packages/airflow/example_dags/example_xcom.py for tasks to queue
[2025-08-26T17:31:10.000+0100] {logging_mixin.py:188} INFO - [2025-08-26T17:31:10.000+0100] {dagbag.py:545} INFO - Filling up the DagBag from /Users/vlad.alex995/Desktop/de-sprint/.venv-airflow/lib/python3.11/site-packages/airflow/example_dags/example_xcom.py
[2025-08-26T17:31:10.013+0100] {processor.py:840} INFO - DAG(s) 'example_xcom' retrieved from /Users/vlad.alex995/Desktop/de-sprint/.venv-airflow/lib/python3.11/site-packages/airflow/example_dags/example_xcom.py
[2025-08-26T17:31:10.042+0100] {logging_mixin.py:188} INFO - [2025-08-26T17:31:10.042+0100] {dag.py:3089} INFO - Sync 1 DAGs
[2025-08-26T17:31:10.047+0100] {logging_mixin.py:188} INFO - [2025-08-26T17:31:10.047+0100] {dag.py:3947} INFO - Setting next_dagrun for example_xcom to 2021-01-01 00:00:00+00:00, run_after=2021-01-01 00:00:00+00:00
[2025-08-26T17:31:10.053+0100] {processor.py:183} INFO - Processing /Users/vlad.alex995/Desktop/de-sprint/.venv-airflow/lib/python3.11/site-packages/airflow/example_dags/example_xcom.py took 0.055 seconds
[2025-08-26T17:32:38.879+0100] {processor.py:161} INFO - Started process (PID=35969) to work on /Users/vlad.alex995/Desktop/de-sprint/.venv-airflow/lib/python3.11/site-packages/airflow/example_dags/example_xcom.py
[2025-08-26T17:32:38.879+0100] {processor.py:830} INFO - Processing file /Users/vlad.alex995/Desktop/de-sprint/.venv-airflow/lib/python3.11/site-packages/airflow/example_dags/example_xcom.py for tasks to queue
[2025-08-26T17:32:38.879+0100] {logging_mixin.py:188} INFO - [2025-08-26T17:32:38.879+0100] {dagbag.py:545} INFO - Filling up the DagBag from /Users/vlad.alex995/Desktop/de-sprint/.venv-airflow/lib/python3.11/site-packages/airflow/example_dags/example_xcom.py
[2025-08-26T17:32:38.893+0100] {processor.py:840} INFO - DAG(s) 'example_xcom' retrieved from /Users/vlad.alex995/Desktop/de-sprint/.venv-airflow/lib/python3.11/site-packages/airflow/example_dags/example_xcom.py
[2025-08-26T17:32:38.923+0100] {logging_mixin.py:188} INFO - [2025-08-26T17:32:38.923+0100] {dag.py:3089} INFO - Sync 1 DAGs
[2025-08-26T17:32:38.928+0100] {logging_mixin.py:188} INFO - [2025-08-26T17:32:38.928+0100] {dag.py:3947} INFO - Setting next_dagrun for example_xcom to 2021-01-01 00:00:00+00:00, run_after=2021-01-01 00:00:00+00:00
[2025-08-26T17:32:38.935+0100] {processor.py:183} INFO - Processing /Users/vlad.alex995/Desktop/de-sprint/.venv-airflow/lib/python3.11/site-packages/airflow/example_dags/example_xcom.py took 0.057 seconds
[2025-08-26T17:33:27.751+0100] {processor.py:161} INFO - Started process (PID=36016) to work on /Users/vlad.alex995/Desktop/de-sprint/.venv-airflow/lib/python3.11/site-packages/airflow/example_dags/example_xcom.py
[2025-08-26T17:33:27.752+0100] {processor.py:830} INFO - Processing file /Users/vlad.alex995/Desktop/de-sprint/.venv-airflow/lib/python3.11/site-packages/airflow/example_dags/example_xcom.py for tasks to queue
[2025-08-26T17:33:27.752+0100] {logging_mixin.py:188} INFO - [2025-08-26T17:33:27.752+0100] {dagbag.py:545} INFO - Filling up the DagBag from /Users/vlad.alex995/Desktop/de-sprint/.venv-airflow/lib/python3.11/site-packages/airflow/example_dags/example_xcom.py
[2025-08-26T17:33:27.765+0100] {processor.py:840} INFO - DAG(s) 'example_xcom' retrieved from /Users/vlad.alex995/Desktop/de-sprint/.venv-airflow/lib/python3.11/site-packages/airflow/example_dags/example_xcom.py
[2025-08-26T17:33:27.795+0100] {logging_mixin.py:188} INFO - [2025-08-26T17:33:27.795+0100] {dag.py:3089} INFO - Sync 1 DAGs
[2025-08-26T17:33:27.800+0100] {logging_mixin.py:188} INFO - [2025-08-26T17:33:27.800+0100] {dag.py:3947} INFO - Setting next_dagrun for example_xcom to 2021-01-01 00:00:00+00:00, run_after=2021-01-01 00:00:00+00:00
[2025-08-26T17:33:27.806+0100] {processor.py:183} INFO - Processing /Users/vlad.alex995/Desktop/de-sprint/.venv-airflow/lib/python3.11/site-packages/airflow/example_dags/example_xcom.py took 0.056 seconds
[2025-08-26T18:10:57.135+0100] {processor.py:161} INFO - Started process (PID=37399) to work on /Users/vlad.alex995/Desktop/de-sprint/.venv-airflow/lib/python3.11/site-packages/airflow/example_dags/example_xcom.py
[2025-08-26T18:10:57.136+0100] {processor.py:830} INFO - Processing file /Users/vlad.alex995/Desktop/de-sprint/.venv-airflow/lib/python3.11/site-packages/airflow/example_dags/example_xcom.py for tasks to queue
[2025-08-26T18:10:57.137+0100] {logging_mixin.py:188} INFO - [2025-08-26T18:10:57.137+0100] {dagbag.py:545} INFO - Filling up the DagBag from /Users/vlad.alex995/Desktop/de-sprint/.venv-airflow/lib/python3.11/site-packages/airflow/example_dags/example_xcom.py
[2025-08-26T18:10:57.151+0100] {processor.py:840} INFO - DAG(s) 'example_xcom' retrieved from /Users/vlad.alex995/Desktop/de-sprint/.venv-airflow/lib/python3.11/site-packages/airflow/example_dags/example_xcom.py
[2025-08-26T18:10:57.181+0100] {logging_mixin.py:188} INFO - [2025-08-26T18:10:57.181+0100] {dag.py:3089} INFO - Sync 1 DAGs
[2025-08-26T18:10:57.186+0100] {logging_mixin.py:188} INFO - [2025-08-26T18:10:57.186+0100] {dag.py:3947} INFO - Setting next_dagrun for example_xcom to 2021-01-01 00:00:00+00:00, run_after=2021-01-01 00:00:00+00:00
[2025-08-26T18:10:57.192+0100] {processor.py:183} INFO - Processing /Users/vlad.alex995/Desktop/de-sprint/.venv-airflow/lib/python3.11/site-packages/airflow/example_dags/example_xcom.py took 0.058 seconds
[2025-08-26T18:12:16.327+0100] {processor.py:161} INFO - Started process (PID=37462) to work on /Users/vlad.alex995/Desktop/de-sprint/.venv-airflow/lib/python3.11/site-packages/airflow/example_dags/example_xcom.py
[2025-08-26T18:12:16.328+0100] {processor.py:830} INFO - Processing file /Users/vlad.alex995/Desktop/de-sprint/.venv-airflow/lib/python3.11/site-packages/airflow/example_dags/example_xcom.py for tasks to queue
[2025-08-26T18:12:16.329+0100] {logging_mixin.py:188} INFO - [2025-08-26T18:12:16.329+0100] {dagbag.py:545} INFO - Filling up the DagBag from /Users/vlad.alex995/Desktop/de-sprint/.venv-airflow/lib/python3.11/site-packages/airflow/example_dags/example_xcom.py
[2025-08-26T18:12:16.341+0100] {processor.py:840} INFO - DAG(s) 'example_xcom' retrieved from /Users/vlad.alex995/Desktop/de-sprint/.venv-airflow/lib/python3.11/site-packages/airflow/example_dags/example_xcom.py
[2025-08-26T18:12:16.369+0100] {logging_mixin.py:188} INFO - [2025-08-26T18:12:16.368+0100] {dag.py:3089} INFO - Sync 1 DAGs
[2025-08-26T18:12:16.373+0100] {logging_mixin.py:188} INFO - [2025-08-26T18:12:16.373+0100] {dag.py:3947} INFO - Setting next_dagrun for example_xcom to 2021-01-01 00:00:00+00:00, run_after=2021-01-01 00:00:00+00:00
[2025-08-26T18:12:16.378+0100] {processor.py:183} INFO - Processing /Users/vlad.alex995/Desktop/de-sprint/.venv-airflow/lib/python3.11/site-packages/airflow/example_dags/example_xcom.py took 0.052 seconds
[2025-08-26T18:13:04.093+0100] {processor.py:161} INFO - Started process (PID=37499) to work on /Users/vlad.alex995/Desktop/de-sprint/.venv-airflow/lib/python3.11/site-packages/airflow/example_dags/example_xcom.py
[2025-08-26T18:13:04.094+0100] {processor.py:830} INFO - Processing file /Users/vlad.alex995/Desktop/de-sprint/.venv-airflow/lib/python3.11/site-packages/airflow/example_dags/example_xcom.py for tasks to queue
[2025-08-26T18:13:04.094+0100] {logging_mixin.py:188} INFO - [2025-08-26T18:13:04.094+0100] {dagbag.py:545} INFO - Filling up the DagBag from /Users/vlad.alex995/Desktop/de-sprint/.venv-airflow/lib/python3.11/site-packages/airflow/example_dags/example_xcom.py
[2025-08-26T18:13:04.106+0100] {processor.py:840} INFO - DAG(s) 'example_xcom' retrieved from /Users/vlad.alex995/Desktop/de-sprint/.venv-airflow/lib/python3.11/site-packages/airflow/example_dags/example_xcom.py
[2025-08-26T18:13:04.134+0100] {logging_mixin.py:188} INFO - [2025-08-26T18:13:04.134+0100] {dag.py:3089} INFO - Sync 1 DAGs
[2025-08-26T18:13:04.139+0100] {logging_mixin.py:188} INFO - [2025-08-26T18:13:04.139+0100] {dag.py:3947} INFO - Setting next_dagrun for example_xcom to 2021-01-01 00:00:00+00:00, run_after=2021-01-01 00:00:00+00:00
[2025-08-26T18:13:04.144+0100] {processor.py:183} INFO - Processing /Users/vlad.alex995/Desktop/de-sprint/.venv-airflow/lib/python3.11/site-packages/airflow/example_dags/example_xcom.py took 0.052 seconds
[2025-08-26T18:14:29.974+0100] {processor.py:161} INFO - Started process (PID=37802) to work on /Users/vlad.alex995/Desktop/de-sprint/.venv-airflow/lib/python3.11/site-packages/airflow/example_dags/example_xcom.py
[2025-08-26T18:14:29.975+0100] {processor.py:830} INFO - Processing file /Users/vlad.alex995/Desktop/de-sprint/.venv-airflow/lib/python3.11/site-packages/airflow/example_dags/example_xcom.py for tasks to queue
[2025-08-26T18:14:29.975+0100] {logging_mixin.py:188} INFO - [2025-08-26T18:14:29.975+0100] {dagbag.py:545} INFO - Filling up the DagBag from /Users/vlad.alex995/Desktop/de-sprint/.venv-airflow/lib/python3.11/site-packages/airflow/example_dags/example_xcom.py
[2025-08-26T18:14:29.990+0100] {processor.py:840} INFO - DAG(s) 'example_xcom' retrieved from /Users/vlad.alex995/Desktop/de-sprint/.venv-airflow/lib/python3.11/site-packages/airflow/example_dags/example_xcom.py
[2025-08-26T18:14:30.019+0100] {logging_mixin.py:188} INFO - [2025-08-26T18:14:30.019+0100] {dag.py:3089} INFO - Sync 1 DAGs
[2025-08-26T18:14:30.024+0100] {logging_mixin.py:188} INFO - [2025-08-26T18:14:30.024+0100] {dag.py:3947} INFO - Setting next_dagrun for example_xcom to 2021-01-01 00:00:00+00:00, run_after=2021-01-01 00:00:00+00:00
[2025-08-26T18:14:30.031+0100] {processor.py:183} INFO - Processing /Users/vlad.alex995/Desktop/de-sprint/.venv-airflow/lib/python3.11/site-packages/airflow/example_dags/example_xcom.py took 0.058 seconds
[2025-08-26T18:16:02.704+0100] {processor.py:161} INFO - Started process (PID=38037) to work on /Users/vlad.alex995/Desktop/de-sprint/.venv-airflow/lib/python3.11/site-packages/airflow/example_dags/example_xcom.py
[2025-08-26T18:16:02.705+0100] {processor.py:830} INFO - Processing file /Users/vlad.alex995/Desktop/de-sprint/.venv-airflow/lib/python3.11/site-packages/airflow/example_dags/example_xcom.py for tasks to queue
[2025-08-26T18:16:02.705+0100] {logging_mixin.py:188} INFO - [2025-08-26T18:16:02.705+0100] {dagbag.py:545} INFO - Filling up the DagBag from /Users/vlad.alex995/Desktop/de-sprint/.venv-airflow/lib/python3.11/site-packages/airflow/example_dags/example_xcom.py
[2025-08-26T18:16:02.720+0100] {processor.py:840} INFO - DAG(s) 'example_xcom' retrieved from /Users/vlad.alex995/Desktop/de-sprint/.venv-airflow/lib/python3.11/site-packages/airflow/example_dags/example_xcom.py
[2025-08-26T18:16:02.753+0100] {logging_mixin.py:188} INFO - [2025-08-26T18:16:02.753+0100] {dag.py:3089} INFO - Sync 1 DAGs
[2025-08-26T18:16:02.758+0100] {logging_mixin.py:188} INFO - [2025-08-26T18:16:02.758+0100] {dag.py:3947} INFO - Setting next_dagrun for example_xcom to 2021-01-01 00:00:00+00:00, run_after=2021-01-01 00:00:00+00:00
[2025-08-26T18:16:02.764+0100] {processor.py:183} INFO - Processing /Users/vlad.alex995/Desktop/de-sprint/.venv-airflow/lib/python3.11/site-packages/airflow/example_dags/example_xcom.py took 0.062 seconds
[2025-08-26T18:17:39.673+0100] {processor.py:161} INFO - Started process (PID=38201) to work on /Users/vlad.alex995/Desktop/de-sprint/.venv-airflow/lib/python3.11/site-packages/airflow/example_dags/example_xcom.py
[2025-08-26T18:17:39.674+0100] {processor.py:830} INFO - Processing file /Users/vlad.alex995/Desktop/de-sprint/.venv-airflow/lib/python3.11/site-packages/airflow/example_dags/example_xcom.py for tasks to queue
[2025-08-26T18:17:39.674+0100] {logging_mixin.py:188} INFO - [2025-08-26T18:17:39.674+0100] {dagbag.py:545} INFO - Filling up the DagBag from /Users/vlad.alex995/Desktop/de-sprint/.venv-airflow/lib/python3.11/site-packages/airflow/example_dags/example_xcom.py
[2025-08-26T18:17:39.688+0100] {processor.py:840} INFO - DAG(s) 'example_xcom' retrieved from /Users/vlad.alex995/Desktop/de-sprint/.venv-airflow/lib/python3.11/site-packages/airflow/example_dags/example_xcom.py
[2025-08-26T18:17:39.718+0100] {logging_mixin.py:188} INFO - [2025-08-26T18:17:39.718+0100] {dag.py:3089} INFO - Sync 1 DAGs
[2025-08-26T18:17:39.723+0100] {logging_mixin.py:188} INFO - [2025-08-26T18:17:39.723+0100] {dag.py:3947} INFO - Setting next_dagrun for example_xcom to 2021-01-01 00:00:00+00:00, run_after=2021-01-01 00:00:00+00:00
[2025-08-26T18:17:39.729+0100] {processor.py:183} INFO - Processing /Users/vlad.alex995/Desktop/de-sprint/.venv-airflow/lib/python3.11/site-packages/airflow/example_dags/example_xcom.py took 0.057 seconds
[2025-08-26T18:18:27.567+0100] {processor.py:161} INFO - Started process (PID=38438) to work on /Users/vlad.alex995/Desktop/de-sprint/.venv-airflow/lib/python3.11/site-packages/airflow/example_dags/example_xcom.py
[2025-08-26T18:18:27.567+0100] {processor.py:830} INFO - Processing file /Users/vlad.alex995/Desktop/de-sprint/.venv-airflow/lib/python3.11/site-packages/airflow/example_dags/example_xcom.py for tasks to queue
[2025-08-26T18:18:27.567+0100] {logging_mixin.py:188} INFO - [2025-08-26T18:18:27.567+0100] {dagbag.py:545} INFO - Filling up the DagBag from /Users/vlad.alex995/Desktop/de-sprint/.venv-airflow/lib/python3.11/site-packages/airflow/example_dags/example_xcom.py
[2025-08-26T18:18:27.581+0100] {processor.py:840} INFO - DAG(s) 'example_xcom' retrieved from /Users/vlad.alex995/Desktop/de-sprint/.venv-airflow/lib/python3.11/site-packages/airflow/example_dags/example_xcom.py
[2025-08-26T18:18:27.612+0100] {logging_mixin.py:188} INFO - [2025-08-26T18:18:27.612+0100] {dag.py:3089} INFO - Sync 1 DAGs
[2025-08-26T18:18:27.617+0100] {logging_mixin.py:188} INFO - [2025-08-26T18:18:27.617+0100] {dag.py:3947} INFO - Setting next_dagrun for example_xcom to 2021-01-01 00:00:00+00:00, run_after=2021-01-01 00:00:00+00:00
[2025-08-26T18:18:27.623+0100] {processor.py:183} INFO - Processing /Users/vlad.alex995/Desktop/de-sprint/.venv-airflow/lib/python3.11/site-packages/airflow/example_dags/example_xcom.py took 0.058 seconds
[2025-08-26T18:19:26.558+0100] {processor.py:161} INFO - Started process (PID=38858) to work on /Users/vlad.alex995/Desktop/de-sprint/.venv-airflow/lib/python3.11/site-packages/airflow/example_dags/example_xcom.py
[2025-08-26T18:19:26.559+0100] {processor.py:830} INFO - Processing file /Users/vlad.alex995/Desktop/de-sprint/.venv-airflow/lib/python3.11/site-packages/airflow/example_dags/example_xcom.py for tasks to queue
[2025-08-26T18:19:26.559+0100] {logging_mixin.py:188} INFO - [2025-08-26T18:19:26.559+0100] {dagbag.py:545} INFO - Filling up the DagBag from /Users/vlad.alex995/Desktop/de-sprint/.venv-airflow/lib/python3.11/site-packages/airflow/example_dags/example_xcom.py
[2025-08-26T18:19:26.572+0100] {processor.py:840} INFO - DAG(s) 'example_xcom' retrieved from /Users/vlad.alex995/Desktop/de-sprint/.venv-airflow/lib/python3.11/site-packages/airflow/example_dags/example_xcom.py
[2025-08-26T18:19:26.601+0100] {logging_mixin.py:188} INFO - [2025-08-26T18:19:26.601+0100] {dag.py:3089} INFO - Sync 1 DAGs
[2025-08-26T18:19:26.605+0100] {logging_mixin.py:188} INFO - [2025-08-26T18:19:26.605+0100] {dag.py:3947} INFO - Setting next_dagrun for example_xcom to 2021-01-01 00:00:00+00:00, run_after=2021-01-01 00:00:00+00:00
[2025-08-26T18:19:26.611+0100] {processor.py:183} INFO - Processing /Users/vlad.alex995/Desktop/de-sprint/.venv-airflow/lib/python3.11/site-packages/airflow/example_dags/example_xcom.py took 0.053 seconds
[2025-08-26T18:20:42.198+0100] {processor.py:161} INFO - Started process (PID=38940) to work on /Users/vlad.alex995/Desktop/de-sprint/.venv-airflow/lib/python3.11/site-packages/airflow/example_dags/example_xcom.py
[2025-08-26T18:20:42.199+0100] {processor.py:830} INFO - Processing file /Users/vlad.alex995/Desktop/de-sprint/.venv-airflow/lib/python3.11/site-packages/airflow/example_dags/example_xcom.py for tasks to queue
[2025-08-26T18:20:42.199+0100] {logging_mixin.py:188} INFO - [2025-08-26T18:20:42.199+0100] {dagbag.py:545} INFO - Filling up the DagBag from /Users/vlad.alex995/Desktop/de-sprint/.venv-airflow/lib/python3.11/site-packages/airflow/example_dags/example_xcom.py
[2025-08-26T18:20:42.213+0100] {processor.py:840} INFO - DAG(s) 'example_xcom' retrieved from /Users/vlad.alex995/Desktop/de-sprint/.venv-airflow/lib/python3.11/site-packages/airflow/example_dags/example_xcom.py
[2025-08-26T18:20:42.242+0100] {logging_mixin.py:188} INFO - [2025-08-26T18:20:42.242+0100] {dag.py:3089} INFO - Sync 1 DAGs
[2025-08-26T18:20:42.246+0100] {logging_mixin.py:188} INFO - [2025-08-26T18:20:42.246+0100] {dag.py:3947} INFO - Setting next_dagrun for example_xcom to 2021-01-01 00:00:00+00:00, run_after=2021-01-01 00:00:00+00:00
[2025-08-26T18:20:42.252+0100] {processor.py:183} INFO - Processing /Users/vlad.alex995/Desktop/de-sprint/.venv-airflow/lib/python3.11/site-packages/airflow/example_dags/example_xcom.py took 0.055 seconds
[2025-08-26T18:22:15.563+0100] {processor.py:161} INFO - Started process (PID=39015) to work on /Users/vlad.alex995/Desktop/de-sprint/.venv-airflow/lib/python3.11/site-packages/airflow/example_dags/example_xcom.py
[2025-08-26T18:22:15.563+0100] {processor.py:830} INFO - Processing file /Users/vlad.alex995/Desktop/de-sprint/.venv-airflow/lib/python3.11/site-packages/airflow/example_dags/example_xcom.py for tasks to queue
[2025-08-26T18:22:15.563+0100] {logging_mixin.py:188} INFO - [2025-08-26T18:22:15.563+0100] {dagbag.py:545} INFO - Filling up the DagBag from /Users/vlad.alex995/Desktop/de-sprint/.venv-airflow/lib/python3.11/site-packages/airflow/example_dags/example_xcom.py
[2025-08-26T18:22:15.576+0100] {processor.py:840} INFO - DAG(s) 'example_xcom' retrieved from /Users/vlad.alex995/Desktop/de-sprint/.venv-airflow/lib/python3.11/site-packages/airflow/example_dags/example_xcom.py
[2025-08-26T18:22:15.604+0100] {logging_mixin.py:188} INFO - [2025-08-26T18:22:15.604+0100] {dag.py:3089} INFO - Sync 1 DAGs
[2025-08-26T18:22:15.609+0100] {logging_mixin.py:188} INFO - [2025-08-26T18:22:15.609+0100] {dag.py:3947} INFO - Setting next_dagrun for example_xcom to 2021-01-01 00:00:00+00:00, run_after=2021-01-01 00:00:00+00:00
[2025-08-26T18:22:15.614+0100] {processor.py:183} INFO - Processing /Users/vlad.alex995/Desktop/de-sprint/.venv-airflow/lib/python3.11/site-packages/airflow/example_dags/example_xcom.py took 0.053 seconds
[2025-08-26T18:23:40.125+0100] {processor.py:161} INFO - Started process (PID=39081) to work on /Users/vlad.alex995/Desktop/de-sprint/.venv-airflow/lib/python3.11/site-packages/airflow/example_dags/example_xcom.py
[2025-08-26T18:23:40.126+0100] {processor.py:830} INFO - Processing file /Users/vlad.alex995/Desktop/de-sprint/.venv-airflow/lib/python3.11/site-packages/airflow/example_dags/example_xcom.py for tasks to queue
[2025-08-26T18:23:40.127+0100] {logging_mixin.py:188} INFO - [2025-08-26T18:23:40.127+0100] {dagbag.py:545} INFO - Filling up the DagBag from /Users/vlad.alex995/Desktop/de-sprint/.venv-airflow/lib/python3.11/site-packages/airflow/example_dags/example_xcom.py
[2025-08-26T18:23:40.141+0100] {processor.py:840} INFO - DAG(s) 'example_xcom' retrieved from /Users/vlad.alex995/Desktop/de-sprint/.venv-airflow/lib/python3.11/site-packages/airflow/example_dags/example_xcom.py
[2025-08-26T18:23:40.170+0100] {logging_mixin.py:188} INFO - [2025-08-26T18:23:40.170+0100] {dag.py:3089} INFO - Sync 1 DAGs
[2025-08-26T18:23:40.175+0100] {logging_mixin.py:188} INFO - [2025-08-26T18:23:40.175+0100] {dag.py:3947} INFO - Setting next_dagrun for example_xcom to 2021-01-01 00:00:00+00:00, run_after=2021-01-01 00:00:00+00:00
[2025-08-26T18:23:40.181+0100] {processor.py:183} INFO - Processing /Users/vlad.alex995/Desktop/de-sprint/.venv-airflow/lib/python3.11/site-packages/airflow/example_dags/example_xcom.py took 0.056 seconds
[2025-08-26T18:25:10.719+0100] {processor.py:161} INFO - Started process (PID=39163) to work on /Users/vlad.alex995/Desktop/de-sprint/.venv-airflow/lib/python3.11/site-packages/airflow/example_dags/example_xcom.py
[2025-08-26T18:25:10.720+0100] {processor.py:830} INFO - Processing file /Users/vlad.alex995/Desktop/de-sprint/.venv-airflow/lib/python3.11/site-packages/airflow/example_dags/example_xcom.py for tasks to queue
[2025-08-26T18:25:10.720+0100] {logging_mixin.py:188} INFO - [2025-08-26T18:25:10.720+0100] {dagbag.py:545} INFO - Filling up the DagBag from /Users/vlad.alex995/Desktop/de-sprint/.venv-airflow/lib/python3.11/site-packages/airflow/example_dags/example_xcom.py
[2025-08-26T18:25:10.734+0100] {processor.py:840} INFO - DAG(s) 'example_xcom' retrieved from /Users/vlad.alex995/Desktop/de-sprint/.venv-airflow/lib/python3.11/site-packages/airflow/example_dags/example_xcom.py
[2025-08-26T18:25:10.762+0100] {logging_mixin.py:188} INFO - [2025-08-26T18:25:10.762+0100] {dag.py:3089} INFO - Sync 1 DAGs
[2025-08-26T18:25:10.766+0100] {logging_mixin.py:188} INFO - [2025-08-26T18:25:10.766+0100] {dag.py:3947} INFO - Setting next_dagrun for example_xcom to 2021-01-01 00:00:00+00:00, run_after=2021-01-01 00:00:00+00:00
[2025-08-26T18:25:10.772+0100] {processor.py:183} INFO - Processing /Users/vlad.alex995/Desktop/de-sprint/.venv-airflow/lib/python3.11/site-packages/airflow/example_dags/example_xcom.py took 0.054 seconds
[2025-08-26T18:27:17.284+0100] {processor.py:161} INFO - Started process (PID=39664) to work on /Users/vlad.alex995/Desktop/de-sprint/.venv-airflow/lib/python3.11/site-packages/airflow/example_dags/example_xcom.py
[2025-08-26T18:27:17.285+0100] {processor.py:830} INFO - Processing file /Users/vlad.alex995/Desktop/de-sprint/.venv-airflow/lib/python3.11/site-packages/airflow/example_dags/example_xcom.py for tasks to queue
[2025-08-26T18:27:17.285+0100] {logging_mixin.py:188} INFO - [2025-08-26T18:27:17.285+0100] {dagbag.py:545} INFO - Filling up the DagBag from /Users/vlad.alex995/Desktop/de-sprint/.venv-airflow/lib/python3.11/site-packages/airflow/example_dags/example_xcom.py
[2025-08-26T18:27:17.298+0100] {processor.py:840} INFO - DAG(s) 'example_xcom' retrieved from /Users/vlad.alex995/Desktop/de-sprint/.venv-airflow/lib/python3.11/site-packages/airflow/example_dags/example_xcom.py
[2025-08-26T18:27:17.327+0100] {logging_mixin.py:188} INFO - [2025-08-26T18:27:17.327+0100] {dag.py:3089} INFO - Sync 1 DAGs
[2025-08-26T18:27:17.331+0100] {logging_mixin.py:188} INFO - [2025-08-26T18:27:17.331+0100] {dag.py:3947} INFO - Setting next_dagrun for example_xcom to 2021-01-01 00:00:00+00:00, run_after=2021-01-01 00:00:00+00:00
[2025-08-26T18:27:17.337+0100] {processor.py:183} INFO - Processing /Users/vlad.alex995/Desktop/de-sprint/.venv-airflow/lib/python3.11/site-packages/airflow/example_dags/example_xcom.py took 0.054 seconds
[2025-08-26T18:29:36.931+0100] {processor.py:161} INFO - Started process (PID=40089) to work on /Users/vlad.alex995/Desktop/de-sprint/.venv-airflow/lib/python3.11/site-packages/airflow/example_dags/example_xcom.py
[2025-08-26T18:29:36.932+0100] {processor.py:830} INFO - Processing file /Users/vlad.alex995/Desktop/de-sprint/.venv-airflow/lib/python3.11/site-packages/airflow/example_dags/example_xcom.py for tasks to queue
[2025-08-26T18:29:36.933+0100] {logging_mixin.py:188} INFO - [2025-08-26T18:29:36.933+0100] {dagbag.py:545} INFO - Filling up the DagBag from /Users/vlad.alex995/Desktop/de-sprint/.venv-airflow/lib/python3.11/site-packages/airflow/example_dags/example_xcom.py
[2025-08-26T18:29:36.947+0100] {processor.py:840} INFO - DAG(s) 'example_xcom' retrieved from /Users/vlad.alex995/Desktop/de-sprint/.venv-airflow/lib/python3.11/site-packages/airflow/example_dags/example_xcom.py
[2025-08-26T18:29:36.979+0100] {logging_mixin.py:188} INFO - [2025-08-26T18:29:36.978+0100] {dag.py:3089} INFO - Sync 1 DAGs
[2025-08-26T18:29:36.983+0100] {logging_mixin.py:188} INFO - [2025-08-26T18:29:36.983+0100] {dag.py:3947} INFO - Setting next_dagrun for example_xcom to 2021-01-01 00:00:00+00:00, run_after=2021-01-01 00:00:00+00:00
[2025-08-26T18:29:36.989+0100] {processor.py:183} INFO - Processing /Users/vlad.alex995/Desktop/de-sprint/.venv-airflow/lib/python3.11/site-packages/airflow/example_dags/example_xcom.py took 0.059 seconds
