[2025-08-26T17:25:17.075+0100] {processor.py:161} INFO - Started process (PID=35316) to work on /Users/vlad.alex995/Desktop/de-sprint/.venv-airflow/lib/python3.11/site-packages/airflow/example_dags/example_time_delta_sensor_async.py
[2025-08-26T17:25:17.075+0100] {processor.py:830} INFO - Processing file /Users/vlad.alex995/Desktop/de-sprint/.venv-airflow/lib/python3.11/site-packages/airflow/example_dags/example_time_delta_sensor_async.py for tasks to queue
[2025-08-26T17:25:17.076+0100] {logging_mixin.py:188} INFO - [2025-08-26T17:25:17.076+0100] {dagbag.py:545} INFO - Filling up the DagBag from /Users/vlad.alex995/Desktop/de-sprint/.venv-airflow/lib/python3.11/site-packages/airflow/example_dags/example_time_delta_sensor_async.py
[2025-08-26T17:25:17.078+0100] {processor.py:840} INFO - DAG(s) 'example_time_delta_sensor_async' retrieved from /Users/vlad.alex995/Desktop/de-sprint/.venv-airflow/lib/python3.11/site-packages/airflow/example_dags/example_time_delta_sensor_async.py
[2025-08-26T17:25:17.138+0100] {logging_mixin.py:188} INFO - [2025-08-26T17:25:17.138+0100] {override.py:1858} INFO - Created Permission View: can edit on DAG:example_time_delta_sensor_async
[2025-08-26T17:25:17.141+0100] {logging_mixin.py:188} INFO - [2025-08-26T17:25:17.140+0100] {override.py:1858} INFO - Created Permission View: can delete on DAG:example_time_delta_sensor_async
[2025-08-26T17:25:17.142+0100] {logging_mixin.py:188} INFO - [2025-08-26T17:25:17.142+0100] {override.py:1858} INFO - Created Permission View: can read on DAG:example_time_delta_sensor_async
[2025-08-26T17:25:17.142+0100] {logging_mixin.py:188} INFO - [2025-08-26T17:25:17.142+0100] {dag.py:3089} INFO - Sync 1 DAGs
[2025-08-26T17:25:17.146+0100] {logging_mixin.py:188} INFO - [2025-08-26T17:25:17.145+0100] {dag.py:3111} INFO - Creating ORM DAG for example_time_delta_sensor_async
[2025-08-26T17:25:17.146+0100] {logging_mixin.py:188} INFO - [2025-08-26T17:25:17.146+0100] {dag.py:3947} INFO - Setting next_dagrun for example_time_delta_sensor_async to None, run_after=None
[2025-08-26T17:25:17.153+0100] {processor.py:183} INFO - Processing /Users/vlad.alex995/Desktop/de-sprint/.venv-airflow/lib/python3.11/site-packages/airflow/example_dags/example_time_delta_sensor_async.py took 0.079 seconds
[2025-08-26T17:26:38.986+0100] {processor.py:161} INFO - Started process (PID=35379) to work on /Users/vlad.alex995/Desktop/de-sprint/.venv-airflow/lib/python3.11/site-packages/airflow/example_dags/example_time_delta_sensor_async.py
[2025-08-26T17:26:38.987+0100] {processor.py:830} INFO - Processing file /Users/vlad.alex995/Desktop/de-sprint/.venv-airflow/lib/python3.11/site-packages/airflow/example_dags/example_time_delta_sensor_async.py for tasks to queue
[2025-08-26T17:26:38.987+0100] {logging_mixin.py:188} INFO - [2025-08-26T17:26:38.987+0100] {dagbag.py:545} INFO - Filling up the DagBag from /Users/vlad.alex995/Desktop/de-sprint/.venv-airflow/lib/python3.11/site-packages/airflow/example_dags/example_time_delta_sensor_async.py
[2025-08-26T17:26:38.990+0100] {processor.py:840} INFO - DAG(s) 'example_time_delta_sensor_async' retrieved from /Users/vlad.alex995/Desktop/de-sprint/.venv-airflow/lib/python3.11/site-packages/airflow/example_dags/example_time_delta_sensor_async.py
[2025-08-26T17:26:39.022+0100] {logging_mixin.py:188} INFO - [2025-08-26T17:26:39.022+0100] {dag.py:3089} INFO - Sync 1 DAGs
[2025-08-26T17:26:39.025+0100] {logging_mixin.py:188} INFO - [2025-08-26T17:26:39.025+0100] {dag.py:3947} INFO - Setting next_dagrun for example_time_delta_sensor_async to None, run_after=None
[2025-08-26T17:26:39.031+0100] {processor.py:183} INFO - Processing /Users/vlad.alex995/Desktop/de-sprint/.venv-airflow/lib/python3.11/site-packages/airflow/example_dags/example_time_delta_sensor_async.py took 0.046 seconds
[2025-08-26T17:28:09.316+0100] {processor.py:161} INFO - Started process (PID=35451) to work on /Users/vlad.alex995/Desktop/de-sprint/.venv-airflow/lib/python3.11/site-packages/airflow/example_dags/example_time_delta_sensor_async.py
[2025-08-26T17:28:09.317+0100] {processor.py:830} INFO - Processing file /Users/vlad.alex995/Desktop/de-sprint/.venv-airflow/lib/python3.11/site-packages/airflow/example_dags/example_time_delta_sensor_async.py for tasks to queue
[2025-08-26T17:28:09.318+0100] {logging_mixin.py:188} INFO - [2025-08-26T17:28:09.317+0100] {dagbag.py:545} INFO - Filling up the DagBag from /Users/vlad.alex995/Desktop/de-sprint/.venv-airflow/lib/python3.11/site-packages/airflow/example_dags/example_time_delta_sensor_async.py
[2025-08-26T17:28:09.321+0100] {processor.py:840} INFO - DAG(s) 'example_time_delta_sensor_async' retrieved from /Users/vlad.alex995/Desktop/de-sprint/.venv-airflow/lib/python3.11/site-packages/airflow/example_dags/example_time_delta_sensor_async.py
[2025-08-26T17:28:09.354+0100] {logging_mixin.py:188} INFO - [2025-08-26T17:28:09.354+0100] {dag.py:3089} INFO - Sync 1 DAGs
[2025-08-26T17:28:09.357+0100] {logging_mixin.py:188} INFO - [2025-08-26T17:28:09.357+0100] {dag.py:3947} INFO - Setting next_dagrun for example_time_delta_sensor_async to None, run_after=None
[2025-08-26T17:28:09.364+0100] {processor.py:183} INFO - Processing /Users/vlad.alex995/Desktop/de-sprint/.venv-airflow/lib/python3.11/site-packages/airflow/example_dags/example_time_delta_sensor_async.py took 0.049 seconds
[2025-08-26T17:29:45.727+0100] {processor.py:161} INFO - Started process (PID=35520) to work on /Users/vlad.alex995/Desktop/de-sprint/.venv-airflow/lib/python3.11/site-packages/airflow/example_dags/example_time_delta_sensor_async.py
[2025-08-26T17:29:45.728+0100] {processor.py:830} INFO - Processing file /Users/vlad.alex995/Desktop/de-sprint/.venv-airflow/lib/python3.11/site-packages/airflow/example_dags/example_time_delta_sensor_async.py for tasks to queue
[2025-08-26T17:29:45.728+0100] {logging_mixin.py:188} INFO - [2025-08-26T17:29:45.728+0100] {dagbag.py:545} INFO - Filling up the DagBag from /Users/vlad.alex995/Desktop/de-sprint/.venv-airflow/lib/python3.11/site-packages/airflow/example_dags/example_time_delta_sensor_async.py
[2025-08-26T17:29:45.731+0100] {processor.py:840} INFO - DAG(s) 'example_time_delta_sensor_async' retrieved from /Users/vlad.alex995/Desktop/de-sprint/.venv-airflow/lib/python3.11/site-packages/airflow/example_dags/example_time_delta_sensor_async.py
[2025-08-26T17:29:45.763+0100] {logging_mixin.py:188} INFO - [2025-08-26T17:29:45.762+0100] {dag.py:3089} INFO - Sync 1 DAGs
[2025-08-26T17:29:45.766+0100] {logging_mixin.py:188} INFO - [2025-08-26T17:29:45.766+0100] {dag.py:3947} INFO - Setting next_dagrun for example_time_delta_sensor_async to None, run_after=None
[2025-08-26T17:29:45.772+0100] {processor.py:183} INFO - Processing /Users/vlad.alex995/Desktop/de-sprint/.venv-airflow/lib/python3.11/site-packages/airflow/example_dags/example_time_delta_sensor_async.py took 0.046 seconds
[2025-08-26T17:31:14.765+0100] {processor.py:161} INFO - Started process (PID=35592) to work on /Users/vlad.alex995/Desktop/de-sprint/.venv-airflow/lib/python3.11/site-packages/airflow/example_dags/example_time_delta_sensor_async.py
[2025-08-26T17:31:14.766+0100] {processor.py:830} INFO - Processing file /Users/vlad.alex995/Desktop/de-sprint/.venv-airflow/lib/python3.11/site-packages/airflow/example_dags/example_time_delta_sensor_async.py for tasks to queue
[2025-08-26T17:31:14.767+0100] {logging_mixin.py:188} INFO - [2025-08-26T17:31:14.767+0100] {dagbag.py:545} INFO - Filling up the DagBag from /Users/vlad.alex995/Desktop/de-sprint/.venv-airflow/lib/python3.11/site-packages/airflow/example_dags/example_time_delta_sensor_async.py
[2025-08-26T17:31:14.771+0100] {processor.py:840} INFO - DAG(s) 'example_time_delta_sensor_async' retrieved from /Users/vlad.alex995/Desktop/de-sprint/.venv-airflow/lib/python3.11/site-packages/airflow/example_dags/example_time_delta_sensor_async.py
[2025-08-26T17:31:14.804+0100] {logging_mixin.py:188} INFO - [2025-08-26T17:31:14.804+0100] {dag.py:3089} INFO - Sync 1 DAGs
[2025-08-26T17:31:14.807+0100] {logging_mixin.py:188} INFO - [2025-08-26T17:31:14.807+0100] {dag.py:3947} INFO - Setting next_dagrun for example_time_delta_sensor_async to None, run_after=None
[2025-08-26T17:31:14.813+0100] {processor.py:183} INFO - Processing /Users/vlad.alex995/Desktop/de-sprint/.venv-airflow/lib/python3.11/site-packages/airflow/example_dags/example_time_delta_sensor_async.py took 0.049 seconds
[2025-08-26T17:32:43.587+0100] {processor.py:161} INFO - Started process (PID=35972) to work on /Users/vlad.alex995/Desktop/de-sprint/.venv-airflow/lib/python3.11/site-packages/airflow/example_dags/example_time_delta_sensor_async.py
[2025-08-26T17:32:43.587+0100] {processor.py:830} INFO - Processing file /Users/vlad.alex995/Desktop/de-sprint/.venv-airflow/lib/python3.11/site-packages/airflow/example_dags/example_time_delta_sensor_async.py for tasks to queue
[2025-08-26T17:32:43.588+0100] {logging_mixin.py:188} INFO - [2025-08-26T17:32:43.588+0100] {dagbag.py:545} INFO - Filling up the DagBag from /Users/vlad.alex995/Desktop/de-sprint/.venv-airflow/lib/python3.11/site-packages/airflow/example_dags/example_time_delta_sensor_async.py
[2025-08-26T17:32:43.590+0100] {processor.py:840} INFO - DAG(s) 'example_time_delta_sensor_async' retrieved from /Users/vlad.alex995/Desktop/de-sprint/.venv-airflow/lib/python3.11/site-packages/airflow/example_dags/example_time_delta_sensor_async.py
[2025-08-26T17:32:43.620+0100] {logging_mixin.py:188} INFO - [2025-08-26T17:32:43.620+0100] {dag.py:3089} INFO - Sync 1 DAGs
[2025-08-26T17:32:43.623+0100] {logging_mixin.py:188} INFO - [2025-08-26T17:32:43.623+0100] {dag.py:3947} INFO - Setting next_dagrun for example_time_delta_sensor_async to None, run_after=None
[2025-08-26T17:32:43.630+0100] {processor.py:183} INFO - Processing /Users/vlad.alex995/Desktop/de-sprint/.venv-airflow/lib/python3.11/site-packages/airflow/example_dags/example_time_delta_sensor_async.py took 0.043 seconds
[2025-08-26T18:11:02.109+0100] {processor.py:161} INFO - Started process (PID=37405) to work on /Users/vlad.alex995/Desktop/de-sprint/.venv-airflow/lib/python3.11/site-packages/airflow/example_dags/example_time_delta_sensor_async.py
[2025-08-26T18:11:02.110+0100] {processor.py:830} INFO - Processing file /Users/vlad.alex995/Desktop/de-sprint/.venv-airflow/lib/python3.11/site-packages/airflow/example_dags/example_time_delta_sensor_async.py for tasks to queue
[2025-08-26T18:11:02.110+0100] {logging_mixin.py:188} INFO - [2025-08-26T18:11:02.110+0100] {dagbag.py:545} INFO - Filling up the DagBag from /Users/vlad.alex995/Desktop/de-sprint/.venv-airflow/lib/python3.11/site-packages/airflow/example_dags/example_time_delta_sensor_async.py
[2025-08-26T18:11:02.113+0100] {processor.py:840} INFO - DAG(s) 'example_time_delta_sensor_async' retrieved from /Users/vlad.alex995/Desktop/de-sprint/.venv-airflow/lib/python3.11/site-packages/airflow/example_dags/example_time_delta_sensor_async.py
[2025-08-26T18:11:02.144+0100] {logging_mixin.py:188} INFO - [2025-08-26T18:11:02.144+0100] {dag.py:3089} INFO - Sync 1 DAGs
[2025-08-26T18:11:02.147+0100] {logging_mixin.py:188} INFO - [2025-08-26T18:11:02.147+0100] {dag.py:3947} INFO - Setting next_dagrun for example_time_delta_sensor_async to None, run_after=None
[2025-08-26T18:11:02.155+0100] {processor.py:183} INFO - Processing /Users/vlad.alex995/Desktop/de-sprint/.venv-airflow/lib/python3.11/site-packages/airflow/example_dags/example_time_delta_sensor_async.py took 0.047 seconds
[2025-08-26T18:12:21.348+0100] {processor.py:161} INFO - Started process (PID=37467) to work on /Users/vlad.alex995/Desktop/de-sprint/.venv-airflow/lib/python3.11/site-packages/airflow/example_dags/example_time_delta_sensor_async.py
[2025-08-26T18:12:21.349+0100] {processor.py:830} INFO - Processing file /Users/vlad.alex995/Desktop/de-sprint/.venv-airflow/lib/python3.11/site-packages/airflow/example_dags/example_time_delta_sensor_async.py for tasks to queue
[2025-08-26T18:12:21.349+0100] {logging_mixin.py:188} INFO - [2025-08-26T18:12:21.349+0100] {dagbag.py:545} INFO - Filling up the DagBag from /Users/vlad.alex995/Desktop/de-sprint/.venv-airflow/lib/python3.11/site-packages/airflow/example_dags/example_time_delta_sensor_async.py
[2025-08-26T18:12:21.352+0100] {processor.py:840} INFO - DAG(s) 'example_time_delta_sensor_async' retrieved from /Users/vlad.alex995/Desktop/de-sprint/.venv-airflow/lib/python3.11/site-packages/airflow/example_dags/example_time_delta_sensor_async.py
[2025-08-26T18:12:21.383+0100] {logging_mixin.py:188} INFO - [2025-08-26T18:12:21.383+0100] {dag.py:3089} INFO - Sync 1 DAGs
[2025-08-26T18:12:21.386+0100] {logging_mixin.py:188} INFO - [2025-08-26T18:12:21.386+0100] {dag.py:3947} INFO - Setting next_dagrun for example_time_delta_sensor_async to None, run_after=None
[2025-08-26T18:12:21.392+0100] {processor.py:183} INFO - Processing /Users/vlad.alex995/Desktop/de-sprint/.venv-airflow/lib/python3.11/site-packages/airflow/example_dags/example_time_delta_sensor_async.py took 0.045 seconds
[2025-08-26T18:13:46.869+0100] {processor.py:161} INFO - Started process (PID=37539) to work on /Users/vlad.alex995/Desktop/de-sprint/.venv-airflow/lib/python3.11/site-packages/airflow/example_dags/example_time_delta_sensor_async.py
[2025-08-26T18:13:46.870+0100] {processor.py:830} INFO - Processing file /Users/vlad.alex995/Desktop/de-sprint/.venv-airflow/lib/python3.11/site-packages/airflow/example_dags/example_time_delta_sensor_async.py for tasks to queue
[2025-08-26T18:13:46.870+0100] {logging_mixin.py:188} INFO - [2025-08-26T18:13:46.870+0100] {dagbag.py:545} INFO - Filling up the DagBag from /Users/vlad.alex995/Desktop/de-sprint/.venv-airflow/lib/python3.11/site-packages/airflow/example_dags/example_time_delta_sensor_async.py
[2025-08-26T18:13:46.873+0100] {processor.py:840} INFO - DAG(s) 'example_time_delta_sensor_async' retrieved from /Users/vlad.alex995/Desktop/de-sprint/.venv-airflow/lib/python3.11/site-packages/airflow/example_dags/example_time_delta_sensor_async.py
[2025-08-26T18:13:46.904+0100] {logging_mixin.py:188} INFO - [2025-08-26T18:13:46.904+0100] {dag.py:3089} INFO - Sync 1 DAGs
[2025-08-26T18:13:46.906+0100] {logging_mixin.py:188} INFO - [2025-08-26T18:13:46.906+0100] {dag.py:3947} INFO - Setting next_dagrun for example_time_delta_sensor_async to None, run_after=None
[2025-08-26T18:13:46.912+0100] {processor.py:183} INFO - Processing /Users/vlad.alex995/Desktop/de-sprint/.venv-airflow/lib/python3.11/site-packages/airflow/example_dags/example_time_delta_sensor_async.py took 0.045 seconds
[2025-08-26T18:15:17.438+0100] {processor.py:161} INFO - Started process (PID=37998) to work on /Users/vlad.alex995/Desktop/de-sprint/.venv-airflow/lib/python3.11/site-packages/airflow/example_dags/example_time_delta_sensor_async.py
[2025-08-26T18:15:17.439+0100] {processor.py:830} INFO - Processing file /Users/vlad.alex995/Desktop/de-sprint/.venv-airflow/lib/python3.11/site-packages/airflow/example_dags/example_time_delta_sensor_async.py for tasks to queue
[2025-08-26T18:15:17.439+0100] {logging_mixin.py:188} INFO - [2025-08-26T18:15:17.439+0100] {dagbag.py:545} INFO - Filling up the DagBag from /Users/vlad.alex995/Desktop/de-sprint/.venv-airflow/lib/python3.11/site-packages/airflow/example_dags/example_time_delta_sensor_async.py
[2025-08-26T18:15:17.442+0100] {processor.py:840} INFO - DAG(s) 'example_time_delta_sensor_async' retrieved from /Users/vlad.alex995/Desktop/de-sprint/.venv-airflow/lib/python3.11/site-packages/airflow/example_dags/example_time_delta_sensor_async.py
[2025-08-26T18:15:17.476+0100] {logging_mixin.py:188} INFO - [2025-08-26T18:15:17.476+0100] {dag.py:3089} INFO - Sync 1 DAGs
[2025-08-26T18:15:17.479+0100] {logging_mixin.py:188} INFO - [2025-08-26T18:15:17.479+0100] {dag.py:3947} INFO - Setting next_dagrun for example_time_delta_sensor_async to None, run_after=None
[2025-08-26T18:15:17.486+0100] {processor.py:183} INFO - Processing /Users/vlad.alex995/Desktop/de-sprint/.venv-airflow/lib/python3.11/site-packages/airflow/example_dags/example_time_delta_sensor_async.py took 0.049 seconds
[2025-08-26T18:16:49.172+0100] {processor.py:161} INFO - Started process (PID=38074) to work on /Users/vlad.alex995/Desktop/de-sprint/.venv-airflow/lib/python3.11/site-packages/airflow/example_dags/example_time_delta_sensor_async.py
[2025-08-26T18:16:49.172+0100] {processor.py:830} INFO - Processing file /Users/vlad.alex995/Desktop/de-sprint/.venv-airflow/lib/python3.11/site-packages/airflow/example_dags/example_time_delta_sensor_async.py for tasks to queue
[2025-08-26T18:16:49.172+0100] {logging_mixin.py:188} INFO - [2025-08-26T18:16:49.172+0100] {dagbag.py:545} INFO - Filling up the DagBag from /Users/vlad.alex995/Desktop/de-sprint/.venv-airflow/lib/python3.11/site-packages/airflow/example_dags/example_time_delta_sensor_async.py
[2025-08-26T18:16:49.175+0100] {processor.py:840} INFO - DAG(s) 'example_time_delta_sensor_async' retrieved from /Users/vlad.alex995/Desktop/de-sprint/.venv-airflow/lib/python3.11/site-packages/airflow/example_dags/example_time_delta_sensor_async.py
[2025-08-26T18:16:49.206+0100] {logging_mixin.py:188} INFO - [2025-08-26T18:16:49.206+0100] {dag.py:3089} INFO - Sync 1 DAGs
[2025-08-26T18:16:49.209+0100] {logging_mixin.py:188} INFO - [2025-08-26T18:16:49.209+0100] {dag.py:3947} INFO - Setting next_dagrun for example_time_delta_sensor_async to None, run_after=None
[2025-08-26T18:16:49.215+0100] {processor.py:183} INFO - Processing /Users/vlad.alex995/Desktop/de-sprint/.venv-airflow/lib/python3.11/site-packages/airflow/example_dags/example_time_delta_sensor_async.py took 0.044 seconds
[2025-08-26T18:18:29.281+0100] {processor.py:161} INFO - Started process (PID=38439) to work on /Users/vlad.alex995/Desktop/de-sprint/.venv-airflow/lib/python3.11/site-packages/airflow/example_dags/example_time_delta_sensor_async.py
[2025-08-26T18:18:29.282+0100] {processor.py:830} INFO - Processing file /Users/vlad.alex995/Desktop/de-sprint/.venv-airflow/lib/python3.11/site-packages/airflow/example_dags/example_time_delta_sensor_async.py for tasks to queue
[2025-08-26T18:18:29.282+0100] {logging_mixin.py:188} INFO - [2025-08-26T18:18:29.282+0100] {dagbag.py:545} INFO - Filling up the DagBag from /Users/vlad.alex995/Desktop/de-sprint/.venv-airflow/lib/python3.11/site-packages/airflow/example_dags/example_time_delta_sensor_async.py
[2025-08-26T18:18:29.285+0100] {processor.py:840} INFO - DAG(s) 'example_time_delta_sensor_async' retrieved from /Users/vlad.alex995/Desktop/de-sprint/.venv-airflow/lib/python3.11/site-packages/airflow/example_dags/example_time_delta_sensor_async.py
[2025-08-26T18:18:29.320+0100] {logging_mixin.py:188} INFO - [2025-08-26T18:18:29.320+0100] {dag.py:3089} INFO - Sync 1 DAGs
[2025-08-26T18:18:29.323+0100] {logging_mixin.py:188} INFO - [2025-08-26T18:18:29.323+0100] {dag.py:3947} INFO - Setting next_dagrun for example_time_delta_sensor_async to None, run_after=None
[2025-08-26T18:18:29.330+0100] {processor.py:183} INFO - Processing /Users/vlad.alex995/Desktop/de-sprint/.venv-airflow/lib/python3.11/site-packages/airflow/example_dags/example_time_delta_sensor_async.py took 0.050 seconds
[2025-08-26T18:19:30.577+0100] {processor.py:161} INFO - Started process (PID=38863) to work on /Users/vlad.alex995/Desktop/de-sprint/.venv-airflow/lib/python3.11/site-packages/airflow/example_dags/example_time_delta_sensor_async.py
[2025-08-26T18:19:30.578+0100] {processor.py:830} INFO - Processing file /Users/vlad.alex995/Desktop/de-sprint/.venv-airflow/lib/python3.11/site-packages/airflow/example_dags/example_time_delta_sensor_async.py for tasks to queue
[2025-08-26T18:19:30.578+0100] {logging_mixin.py:188} INFO - [2025-08-26T18:19:30.578+0100] {dagbag.py:545} INFO - Filling up the DagBag from /Users/vlad.alex995/Desktop/de-sprint/.venv-airflow/lib/python3.11/site-packages/airflow/example_dags/example_time_delta_sensor_async.py
[2025-08-26T18:19:30.581+0100] {processor.py:840} INFO - DAG(s) 'example_time_delta_sensor_async' retrieved from /Users/vlad.alex995/Desktop/de-sprint/.venv-airflow/lib/python3.11/site-packages/airflow/example_dags/example_time_delta_sensor_async.py
[2025-08-26T18:19:30.613+0100] {logging_mixin.py:188} INFO - [2025-08-26T18:19:30.613+0100] {dag.py:3089} INFO - Sync 1 DAGs
[2025-08-26T18:19:30.616+0100] {logging_mixin.py:188} INFO - [2025-08-26T18:19:30.616+0100] {dag.py:3947} INFO - Setting next_dagrun for example_time_delta_sensor_async to None, run_after=None
[2025-08-26T18:19:30.623+0100] {processor.py:183} INFO - Processing /Users/vlad.alex995/Desktop/de-sprint/.venv-airflow/lib/python3.11/site-packages/airflow/example_dags/example_time_delta_sensor_async.py took 0.046 seconds
[2025-08-26T18:20:46.304+0100] {processor.py:161} INFO - Started process (PID=38945) to work on /Users/vlad.alex995/Desktop/de-sprint/.venv-airflow/lib/python3.11/site-packages/airflow/example_dags/example_time_delta_sensor_async.py
[2025-08-26T18:20:46.305+0100] {processor.py:830} INFO - Processing file /Users/vlad.alex995/Desktop/de-sprint/.venv-airflow/lib/python3.11/site-packages/airflow/example_dags/example_time_delta_sensor_async.py for tasks to queue
[2025-08-26T18:20:46.306+0100] {logging_mixin.py:188} INFO - [2025-08-26T18:20:46.306+0100] {dagbag.py:545} INFO - Filling up the DagBag from /Users/vlad.alex995/Desktop/de-sprint/.venv-airflow/lib/python3.11/site-packages/airflow/example_dags/example_time_delta_sensor_async.py
[2025-08-26T18:20:46.309+0100] {processor.py:840} INFO - DAG(s) 'example_time_delta_sensor_async' retrieved from /Users/vlad.alex995/Desktop/de-sprint/.venv-airflow/lib/python3.11/site-packages/airflow/example_dags/example_time_delta_sensor_async.py
[2025-08-26T18:20:46.340+0100] {logging_mixin.py:188} INFO - [2025-08-26T18:20:46.340+0100] {dag.py:3089} INFO - Sync 1 DAGs
[2025-08-26T18:20:46.343+0100] {logging_mixin.py:188} INFO - [2025-08-26T18:20:46.343+0100] {dag.py:3947} INFO - Setting next_dagrun for example_time_delta_sensor_async to None, run_after=None
[2025-08-26T18:20:46.349+0100] {processor.py:183} INFO - Processing /Users/vlad.alex995/Desktop/de-sprint/.venv-airflow/lib/python3.11/site-packages/airflow/example_dags/example_time_delta_sensor_async.py took 0.046 seconds
[2025-08-26T18:22:18.811+0100] {processor.py:161} INFO - Started process (PID=39018) to work on /Users/vlad.alex995/Desktop/de-sprint/.venv-airflow/lib/python3.11/site-packages/airflow/example_dags/example_time_delta_sensor_async.py
[2025-08-26T18:22:18.811+0100] {processor.py:830} INFO - Processing file /Users/vlad.alex995/Desktop/de-sprint/.venv-airflow/lib/python3.11/site-packages/airflow/example_dags/example_time_delta_sensor_async.py for tasks to queue
[2025-08-26T18:22:18.811+0100] {logging_mixin.py:188} INFO - [2025-08-26T18:22:18.811+0100] {dagbag.py:545} INFO - Filling up the DagBag from /Users/vlad.alex995/Desktop/de-sprint/.venv-airflow/lib/python3.11/site-packages/airflow/example_dags/example_time_delta_sensor_async.py
[2025-08-26T18:22:18.814+0100] {processor.py:840} INFO - DAG(s) 'example_time_delta_sensor_async' retrieved from /Users/vlad.alex995/Desktop/de-sprint/.venv-airflow/lib/python3.11/site-packages/airflow/example_dags/example_time_delta_sensor_async.py
[2025-08-26T18:22:18.845+0100] {logging_mixin.py:188} INFO - [2025-08-26T18:22:18.845+0100] {dag.py:3089} INFO - Sync 1 DAGs
[2025-08-26T18:22:18.848+0100] {logging_mixin.py:188} INFO - [2025-08-26T18:22:18.848+0100] {dag.py:3947} INFO - Setting next_dagrun for example_time_delta_sensor_async to None, run_after=None
[2025-08-26T18:22:18.854+0100] {processor.py:183} INFO - Processing /Users/vlad.alex995/Desktop/de-sprint/.venv-airflow/lib/python3.11/site-packages/airflow/example_dags/example_time_delta_sensor_async.py took 0.044 seconds
[2025-08-26T18:23:44.650+0100] {processor.py:161} INFO - Started process (PID=39084) to work on /Users/vlad.alex995/Desktop/de-sprint/.venv-airflow/lib/python3.11/site-packages/airflow/example_dags/example_time_delta_sensor_async.py
[2025-08-26T18:23:44.653+0100] {processor.py:830} INFO - Processing file /Users/vlad.alex995/Desktop/de-sprint/.venv-airflow/lib/python3.11/site-packages/airflow/example_dags/example_time_delta_sensor_async.py for tasks to queue
[2025-08-26T18:23:44.653+0100] {logging_mixin.py:188} INFO - [2025-08-26T18:23:44.653+0100] {dagbag.py:545} INFO - Filling up the DagBag from /Users/vlad.alex995/Desktop/de-sprint/.venv-airflow/lib/python3.11/site-packages/airflow/example_dags/example_time_delta_sensor_async.py
[2025-08-26T18:23:44.656+0100] {processor.py:840} INFO - DAG(s) 'example_time_delta_sensor_async' retrieved from /Users/vlad.alex995/Desktop/de-sprint/.venv-airflow/lib/python3.11/site-packages/airflow/example_dags/example_time_delta_sensor_async.py
[2025-08-26T18:23:44.689+0100] {logging_mixin.py:188} INFO - [2025-08-26T18:23:44.688+0100] {dag.py:3089} INFO - Sync 1 DAGs
[2025-08-26T18:23:44.691+0100] {logging_mixin.py:188} INFO - [2025-08-26T18:23:44.691+0100] {dag.py:3947} INFO - Setting next_dagrun for example_time_delta_sensor_async to None, run_after=None
[2025-08-26T18:23:44.698+0100] {processor.py:183} INFO - Processing /Users/vlad.alex995/Desktop/de-sprint/.venv-airflow/lib/python3.11/site-packages/airflow/example_dags/example_time_delta_sensor_async.py took 0.049 seconds
[2025-08-26T18:25:14.934+0100] {processor.py:161} INFO - Started process (PID=39167) to work on /Users/vlad.alex995/Desktop/de-sprint/.venv-airflow/lib/python3.11/site-packages/airflow/example_dags/example_time_delta_sensor_async.py
[2025-08-26T18:25:14.935+0100] {processor.py:830} INFO - Processing file /Users/vlad.alex995/Desktop/de-sprint/.venv-airflow/lib/python3.11/site-packages/airflow/example_dags/example_time_delta_sensor_async.py for tasks to queue
[2025-08-26T18:25:14.935+0100] {logging_mixin.py:188} INFO - [2025-08-26T18:25:14.935+0100] {dagbag.py:545} INFO - Filling up the DagBag from /Users/vlad.alex995/Desktop/de-sprint/.venv-airflow/lib/python3.11/site-packages/airflow/example_dags/example_time_delta_sensor_async.py
[2025-08-26T18:25:14.938+0100] {processor.py:840} INFO - DAG(s) 'example_time_delta_sensor_async' retrieved from /Users/vlad.alex995/Desktop/de-sprint/.venv-airflow/lib/python3.11/site-packages/airflow/example_dags/example_time_delta_sensor_async.py
[2025-08-26T18:25:14.972+0100] {logging_mixin.py:188} INFO - [2025-08-26T18:25:14.972+0100] {dag.py:3089} INFO - Sync 1 DAGs
[2025-08-26T18:25:14.975+0100] {logging_mixin.py:188} INFO - [2025-08-26T18:25:14.975+0100] {dag.py:3947} INFO - Setting next_dagrun for example_time_delta_sensor_async to None, run_after=None
[2025-08-26T18:25:14.982+0100] {processor.py:183} INFO - Processing /Users/vlad.alex995/Desktop/de-sprint/.venv-airflow/lib/python3.11/site-packages/airflow/example_dags/example_time_delta_sensor_async.py took 0.049 seconds
[2025-08-26T18:27:21.319+0100] {processor.py:161} INFO - Started process (PID=39667) to work on /Users/vlad.alex995/Desktop/de-sprint/.venv-airflow/lib/python3.11/site-packages/airflow/example_dags/example_time_delta_sensor_async.py
[2025-08-26T18:27:21.320+0100] {processor.py:830} INFO - Processing file /Users/vlad.alex995/Desktop/de-sprint/.venv-airflow/lib/python3.11/site-packages/airflow/example_dags/example_time_delta_sensor_async.py for tasks to queue
[2025-08-26T18:27:21.320+0100] {logging_mixin.py:188} INFO - [2025-08-26T18:27:21.320+0100] {dagbag.py:545} INFO - Filling up the DagBag from /Users/vlad.alex995/Desktop/de-sprint/.venv-airflow/lib/python3.11/site-packages/airflow/example_dags/example_time_delta_sensor_async.py
[2025-08-26T18:27:21.323+0100] {processor.py:840} INFO - DAG(s) 'example_time_delta_sensor_async' retrieved from /Users/vlad.alex995/Desktop/de-sprint/.venv-airflow/lib/python3.11/site-packages/airflow/example_dags/example_time_delta_sensor_async.py
[2025-08-26T18:27:21.357+0100] {logging_mixin.py:188} INFO - [2025-08-26T18:27:21.356+0100] {dag.py:3089} INFO - Sync 1 DAGs
[2025-08-26T18:27:21.359+0100] {logging_mixin.py:188} INFO - [2025-08-26T18:27:21.359+0100] {dag.py:3947} INFO - Setting next_dagrun for example_time_delta_sensor_async to None, run_after=None
[2025-08-26T18:27:21.366+0100] {processor.py:183} INFO - Processing /Users/vlad.alex995/Desktop/de-sprint/.venv-airflow/lib/python3.11/site-packages/airflow/example_dags/example_time_delta_sensor_async.py took 0.048 seconds
[2025-08-26T18:29:40.930+0100] {processor.py:161} INFO - Started process (PID=40092) to work on /Users/vlad.alex995/Desktop/de-sprint/.venv-airflow/lib/python3.11/site-packages/airflow/example_dags/example_time_delta_sensor_async.py
[2025-08-26T18:29:40.930+0100] {processor.py:830} INFO - Processing file /Users/vlad.alex995/Desktop/de-sprint/.venv-airflow/lib/python3.11/site-packages/airflow/example_dags/example_time_delta_sensor_async.py for tasks to queue
[2025-08-26T18:29:40.931+0100] {logging_mixin.py:188} INFO - [2025-08-26T18:29:40.931+0100] {dagbag.py:545} INFO - Filling up the DagBag from /Users/vlad.alex995/Desktop/de-sprint/.venv-airflow/lib/python3.11/site-packages/airflow/example_dags/example_time_delta_sensor_async.py
[2025-08-26T18:29:40.933+0100] {processor.py:840} INFO - DAG(s) 'example_time_delta_sensor_async' retrieved from /Users/vlad.alex995/Desktop/de-sprint/.venv-airflow/lib/python3.11/site-packages/airflow/example_dags/example_time_delta_sensor_async.py
[2025-08-26T18:29:40.964+0100] {logging_mixin.py:188} INFO - [2025-08-26T18:29:40.964+0100] {dag.py:3089} INFO - Sync 1 DAGs
[2025-08-26T18:29:40.966+0100] {logging_mixin.py:188} INFO - [2025-08-26T18:29:40.966+0100] {dag.py:3947} INFO - Setting next_dagrun for example_time_delta_sensor_async to None, run_after=None
[2025-08-26T18:29:40.972+0100] {processor.py:183} INFO - Processing /Users/vlad.alex995/Desktop/de-sprint/.venv-airflow/lib/python3.11/site-packages/airflow/example_dags/example_time_delta_sensor_async.py took 0.044 seconds
