[2025-08-26T17:25:15.371+0100] {processor.py:161} INFO - Started process (PID=35315) to work on /Users/vlad.alex995/Desktop/de-sprint/.venv-airflow/lib/python3.11/site-packages/airflow/example_dags/example_trigger_controller_dag.py
[2025-08-26T17:25:15.371+0100] {processor.py:830} INFO - Processing file /Users/vlad.alex995/Desktop/de-sprint/.venv-airflow/lib/python3.11/site-packages/airflow/example_dags/example_trigger_controller_dag.py for tasks to queue
[2025-08-26T17:25:15.372+0100] {logging_mixin.py:188} INFO - [2025-08-26T17:25:15.371+0100] {dagbag.py:545} INFO - Filling up the DagBag from /Users/vlad.alex995/Desktop/de-sprint/.venv-airflow/lib/python3.11/site-packages/airflow/example_dags/example_trigger_controller_dag.py
[2025-08-26T17:25:15.375+0100] {processor.py:840} INFO - DAG(s) 'example_trigger_controller_dag' retrieved from /Users/vlad.alex995/Desktop/de-sprint/.venv-airflow/lib/python3.11/site-packages/airflow/example_dags/example_trigger_controller_dag.py
[2025-08-26T17:25:15.432+0100] {logging_mixin.py:188} INFO - [2025-08-26T17:25:15.432+0100] {override.py:1858} INFO - Created Permission View: can edit on DAG:example_trigger_controller_dag
[2025-08-26T17:25:15.435+0100] {logging_mixin.py:188} INFO - [2025-08-26T17:25:15.435+0100] {override.py:1858} INFO - Created Permission View: can delete on DAG:example_trigger_controller_dag
[2025-08-26T17:25:15.437+0100] {logging_mixin.py:188} INFO - [2025-08-26T17:25:15.437+0100] {override.py:1858} INFO - Created Permission View: can read on DAG:example_trigger_controller_dag
[2025-08-26T17:25:15.437+0100] {logging_mixin.py:188} INFO - [2025-08-26T17:25:15.437+0100] {dag.py:3089} INFO - Sync 1 DAGs
[2025-08-26T17:25:15.440+0100] {logging_mixin.py:188} INFO - [2025-08-26T17:25:15.440+0100] {dag.py:3111} INFO - Creating ORM DAG for example_trigger_controller_dag
[2025-08-26T17:25:15.443+0100] {logging_mixin.py:188} INFO - [2025-08-26T17:25:15.443+0100] {dag.py:3947} INFO - Setting next_dagrun for example_trigger_controller_dag to 2021-01-01 00:00:00+00:00, run_after=2021-01-01 00:00:00+00:00
[2025-08-26T17:25:15.449+0100] {processor.py:183} INFO - Processing /Users/vlad.alex995/Desktop/de-sprint/.venv-airflow/lib/python3.11/site-packages/airflow/example_dags/example_trigger_controller_dag.py took 0.079 seconds
[2025-08-26T17:26:37.324+0100] {processor.py:161} INFO - Started process (PID=35378) to work on /Users/vlad.alex995/Desktop/de-sprint/.venv-airflow/lib/python3.11/site-packages/airflow/example_dags/example_trigger_controller_dag.py
[2025-08-26T17:26:37.325+0100] {processor.py:830} INFO - Processing file /Users/vlad.alex995/Desktop/de-sprint/.venv-airflow/lib/python3.11/site-packages/airflow/example_dags/example_trigger_controller_dag.py for tasks to queue
[2025-08-26T17:26:37.325+0100] {logging_mixin.py:188} INFO - [2025-08-26T17:26:37.325+0100] {dagbag.py:545} INFO - Filling up the DagBag from /Users/vlad.alex995/Desktop/de-sprint/.venv-airflow/lib/python3.11/site-packages/airflow/example_dags/example_trigger_controller_dag.py
[2025-08-26T17:26:37.329+0100] {processor.py:840} INFO - DAG(s) 'example_trigger_controller_dag' retrieved from /Users/vlad.alex995/Desktop/de-sprint/.venv-airflow/lib/python3.11/site-packages/airflow/example_dags/example_trigger_controller_dag.py
[2025-08-26T17:26:37.357+0100] {logging_mixin.py:188} INFO - [2025-08-26T17:26:37.356+0100] {dag.py:3089} INFO - Sync 1 DAGs
[2025-08-26T17:26:37.361+0100] {logging_mixin.py:188} INFO - [2025-08-26T17:26:37.361+0100] {dag.py:3947} INFO - Setting next_dagrun for example_trigger_controller_dag to 2021-01-01 00:00:00+00:00, run_after=2021-01-01 00:00:00+00:00
[2025-08-26T17:26:37.367+0100] {processor.py:183} INFO - Processing /Users/vlad.alex995/Desktop/de-sprint/.venv-airflow/lib/python3.11/site-packages/airflow/example_dags/example_trigger_controller_dag.py took 0.045 seconds
[2025-08-26T17:28:07.621+0100] {processor.py:161} INFO - Started process (PID=35450) to work on /Users/vlad.alex995/Desktop/de-sprint/.venv-airflow/lib/python3.11/site-packages/airflow/example_dags/example_trigger_controller_dag.py
[2025-08-26T17:28:07.622+0100] {processor.py:830} INFO - Processing file /Users/vlad.alex995/Desktop/de-sprint/.venv-airflow/lib/python3.11/site-packages/airflow/example_dags/example_trigger_controller_dag.py for tasks to queue
[2025-08-26T17:28:07.623+0100] {logging_mixin.py:188} INFO - [2025-08-26T17:28:07.622+0100] {dagbag.py:545} INFO - Filling up the DagBag from /Users/vlad.alex995/Desktop/de-sprint/.venv-airflow/lib/python3.11/site-packages/airflow/example_dags/example_trigger_controller_dag.py
[2025-08-26T17:28:07.626+0100] {processor.py:840} INFO - DAG(s) 'example_trigger_controller_dag' retrieved from /Users/vlad.alex995/Desktop/de-sprint/.venv-airflow/lib/python3.11/site-packages/airflow/example_dags/example_trigger_controller_dag.py
[2025-08-26T17:28:07.656+0100] {logging_mixin.py:188} INFO - [2025-08-26T17:28:07.656+0100] {dag.py:3089} INFO - Sync 1 DAGs
[2025-08-26T17:28:07.661+0100] {logging_mixin.py:188} INFO - [2025-08-26T17:28:07.661+0100] {dag.py:3947} INFO - Setting next_dagrun for example_trigger_controller_dag to 2021-01-01 00:00:00+00:00, run_after=2021-01-01 00:00:00+00:00
[2025-08-26T17:28:07.668+0100] {processor.py:183} INFO - Processing /Users/vlad.alex995/Desktop/de-sprint/.venv-airflow/lib/python3.11/site-packages/airflow/example_dags/example_trigger_controller_dag.py took 0.048 seconds
[2025-08-26T17:29:44.078+0100] {processor.py:161} INFO - Started process (PID=35519) to work on /Users/vlad.alex995/Desktop/de-sprint/.venv-airflow/lib/python3.11/site-packages/airflow/example_dags/example_trigger_controller_dag.py
[2025-08-26T17:29:44.079+0100] {processor.py:830} INFO - Processing file /Users/vlad.alex995/Desktop/de-sprint/.venv-airflow/lib/python3.11/site-packages/airflow/example_dags/example_trigger_controller_dag.py for tasks to queue
[2025-08-26T17:29:44.080+0100] {logging_mixin.py:188} INFO - [2025-08-26T17:29:44.080+0100] {dagbag.py:545} INFO - Filling up the DagBag from /Users/vlad.alex995/Desktop/de-sprint/.venv-airflow/lib/python3.11/site-packages/airflow/example_dags/example_trigger_controller_dag.py
[2025-08-26T17:29:44.083+0100] {processor.py:840} INFO - DAG(s) 'example_trigger_controller_dag' retrieved from /Users/vlad.alex995/Desktop/de-sprint/.venv-airflow/lib/python3.11/site-packages/airflow/example_dags/example_trigger_controller_dag.py
[2025-08-26T17:29:44.111+0100] {logging_mixin.py:188} INFO - [2025-08-26T17:29:44.111+0100] {dag.py:3089} INFO - Sync 1 DAGs
[2025-08-26T17:29:44.116+0100] {logging_mixin.py:188} INFO - [2025-08-26T17:29:44.115+0100] {dag.py:3947} INFO - Setting next_dagrun for example_trigger_controller_dag to 2021-01-01 00:00:00+00:00, run_after=2021-01-01 00:00:00+00:00
[2025-08-26T17:29:44.122+0100] {processor.py:183} INFO - Processing /Users/vlad.alex995/Desktop/de-sprint/.venv-airflow/lib/python3.11/site-packages/airflow/example_dags/example_trigger_controller_dag.py took 0.045 seconds
[2025-08-26T17:31:13.134+0100] {processor.py:161} INFO - Started process (PID=35591) to work on /Users/vlad.alex995/Desktop/de-sprint/.venv-airflow/lib/python3.11/site-packages/airflow/example_dags/example_trigger_controller_dag.py
[2025-08-26T17:31:13.135+0100] {processor.py:830} INFO - Processing file /Users/vlad.alex995/Desktop/de-sprint/.venv-airflow/lib/python3.11/site-packages/airflow/example_dags/example_trigger_controller_dag.py for tasks to queue
[2025-08-26T17:31:13.135+0100] {logging_mixin.py:188} INFO - [2025-08-26T17:31:13.135+0100] {dagbag.py:545} INFO - Filling up the DagBag from /Users/vlad.alex995/Desktop/de-sprint/.venv-airflow/lib/python3.11/site-packages/airflow/example_dags/example_trigger_controller_dag.py
[2025-08-26T17:31:13.139+0100] {processor.py:840} INFO - DAG(s) 'example_trigger_controller_dag' retrieved from /Users/vlad.alex995/Desktop/de-sprint/.venv-airflow/lib/python3.11/site-packages/airflow/example_dags/example_trigger_controller_dag.py
[2025-08-26T17:31:13.166+0100] {logging_mixin.py:188} INFO - [2025-08-26T17:31:13.166+0100] {dag.py:3089} INFO - Sync 1 DAGs
[2025-08-26T17:31:13.171+0100] {logging_mixin.py:188} INFO - [2025-08-26T17:31:13.171+0100] {dag.py:3947} INFO - Setting next_dagrun for example_trigger_controller_dag to 2021-01-01 00:00:00+00:00, run_after=2021-01-01 00:00:00+00:00
[2025-08-26T17:31:13.177+0100] {processor.py:183} INFO - Processing /Users/vlad.alex995/Desktop/de-sprint/.venv-airflow/lib/python3.11/site-packages/airflow/example_dags/example_trigger_controller_dag.py took 0.044 seconds
[2025-08-26T17:32:41.981+0100] {processor.py:161} INFO - Started process (PID=35971) to work on /Users/vlad.alex995/Desktop/de-sprint/.venv-airflow/lib/python3.11/site-packages/airflow/example_dags/example_trigger_controller_dag.py
[2025-08-26T17:32:41.981+0100] {processor.py:830} INFO - Processing file /Users/vlad.alex995/Desktop/de-sprint/.venv-airflow/lib/python3.11/site-packages/airflow/example_dags/example_trigger_controller_dag.py for tasks to queue
[2025-08-26T17:32:41.981+0100] {logging_mixin.py:188} INFO - [2025-08-26T17:32:41.981+0100] {dagbag.py:545} INFO - Filling up the DagBag from /Users/vlad.alex995/Desktop/de-sprint/.venv-airflow/lib/python3.11/site-packages/airflow/example_dags/example_trigger_controller_dag.py
[2025-08-26T17:32:41.985+0100] {processor.py:840} INFO - DAG(s) 'example_trigger_controller_dag' retrieved from /Users/vlad.alex995/Desktop/de-sprint/.venv-airflow/lib/python3.11/site-packages/airflow/example_dags/example_trigger_controller_dag.py
[2025-08-26T17:32:42.013+0100] {logging_mixin.py:188} INFO - [2025-08-26T17:32:42.013+0100] {dag.py:3089} INFO - Sync 1 DAGs
[2025-08-26T17:32:42.018+0100] {logging_mixin.py:188} INFO - [2025-08-26T17:32:42.017+0100] {dag.py:3947} INFO - Setting next_dagrun for example_trigger_controller_dag to 2021-01-01 00:00:00+00:00, run_after=2021-01-01 00:00:00+00:00
[2025-08-26T17:32:42.024+0100] {processor.py:183} INFO - Processing /Users/vlad.alex995/Desktop/de-sprint/.venv-airflow/lib/python3.11/site-packages/airflow/example_dags/example_trigger_controller_dag.py took 0.045 seconds
[2025-08-26T18:11:00.471+0100] {processor.py:161} INFO - Started process (PID=37402) to work on /Users/vlad.alex995/Desktop/de-sprint/.venv-airflow/lib/python3.11/site-packages/airflow/example_dags/example_trigger_controller_dag.py
[2025-08-26T18:11:00.472+0100] {processor.py:830} INFO - Processing file /Users/vlad.alex995/Desktop/de-sprint/.venv-airflow/lib/python3.11/site-packages/airflow/example_dags/example_trigger_controller_dag.py for tasks to queue
[2025-08-26T18:11:00.472+0100] {logging_mixin.py:188} INFO - [2025-08-26T18:11:00.472+0100] {dagbag.py:545} INFO - Filling up the DagBag from /Users/vlad.alex995/Desktop/de-sprint/.venv-airflow/lib/python3.11/site-packages/airflow/example_dags/example_trigger_controller_dag.py
[2025-08-26T18:11:00.475+0100] {processor.py:840} INFO - DAG(s) 'example_trigger_controller_dag' retrieved from /Users/vlad.alex995/Desktop/de-sprint/.venv-airflow/lib/python3.11/site-packages/airflow/example_dags/example_trigger_controller_dag.py
[2025-08-26T18:11:00.503+0100] {logging_mixin.py:188} INFO - [2025-08-26T18:11:00.503+0100] {dag.py:3089} INFO - Sync 1 DAGs
[2025-08-26T18:11:00.508+0100] {logging_mixin.py:188} INFO - [2025-08-26T18:11:00.508+0100] {dag.py:3947} INFO - Setting next_dagrun for example_trigger_controller_dag to 2021-01-01 00:00:00+00:00, run_after=2021-01-01 00:00:00+00:00
[2025-08-26T18:11:00.515+0100] {processor.py:183} INFO - Processing /Users/vlad.alex995/Desktop/de-sprint/.venv-airflow/lib/python3.11/site-packages/airflow/example_dags/example_trigger_controller_dag.py took 0.044 seconds
[2025-08-26T18:12:19.733+0100] {processor.py:161} INFO - Started process (PID=37465) to work on /Users/vlad.alex995/Desktop/de-sprint/.venv-airflow/lib/python3.11/site-packages/airflow/example_dags/example_trigger_controller_dag.py
[2025-08-26T18:12:19.734+0100] {processor.py:830} INFO - Processing file /Users/vlad.alex995/Desktop/de-sprint/.venv-airflow/lib/python3.11/site-packages/airflow/example_dags/example_trigger_controller_dag.py for tasks to queue
[2025-08-26T18:12:19.734+0100] {logging_mixin.py:188} INFO - [2025-08-26T18:12:19.734+0100] {dagbag.py:545} INFO - Filling up the DagBag from /Users/vlad.alex995/Desktop/de-sprint/.venv-airflow/lib/python3.11/site-packages/airflow/example_dags/example_trigger_controller_dag.py
[2025-08-26T18:12:19.738+0100] {processor.py:840} INFO - DAG(s) 'example_trigger_controller_dag' retrieved from /Users/vlad.alex995/Desktop/de-sprint/.venv-airflow/lib/python3.11/site-packages/airflow/example_dags/example_trigger_controller_dag.py
[2025-08-26T18:12:19.765+0100] {logging_mixin.py:188} INFO - [2025-08-26T18:12:19.765+0100] {dag.py:3089} INFO - Sync 1 DAGs
[2025-08-26T18:12:19.769+0100] {logging_mixin.py:188} INFO - [2025-08-26T18:12:19.769+0100] {dag.py:3947} INFO - Setting next_dagrun for example_trigger_controller_dag to 2021-01-01 00:00:00+00:00, run_after=2021-01-01 00:00:00+00:00
[2025-08-26T18:12:19.776+0100] {processor.py:183} INFO - Processing /Users/vlad.alex995/Desktop/de-sprint/.venv-airflow/lib/python3.11/site-packages/airflow/example_dags/example_trigger_controller_dag.py took 0.043 seconds
[2025-08-26T18:13:45.242+0100] {processor.py:161} INFO - Started process (PID=37536) to work on /Users/vlad.alex995/Desktop/de-sprint/.venv-airflow/lib/python3.11/site-packages/airflow/example_dags/example_trigger_controller_dag.py
[2025-08-26T18:13:45.244+0100] {processor.py:830} INFO - Processing file /Users/vlad.alex995/Desktop/de-sprint/.venv-airflow/lib/python3.11/site-packages/airflow/example_dags/example_trigger_controller_dag.py for tasks to queue
[2025-08-26T18:13:45.244+0100] {logging_mixin.py:188} INFO - [2025-08-26T18:13:45.244+0100] {dagbag.py:545} INFO - Filling up the DagBag from /Users/vlad.alex995/Desktop/de-sprint/.venv-airflow/lib/python3.11/site-packages/airflow/example_dags/example_trigger_controller_dag.py
[2025-08-26T18:13:45.247+0100] {processor.py:840} INFO - DAG(s) 'example_trigger_controller_dag' retrieved from /Users/vlad.alex995/Desktop/de-sprint/.venv-airflow/lib/python3.11/site-packages/airflow/example_dags/example_trigger_controller_dag.py
[2025-08-26T18:13:45.275+0100] {logging_mixin.py:188} INFO - [2025-08-26T18:13:45.275+0100] {dag.py:3089} INFO - Sync 1 DAGs
[2025-08-26T18:13:45.281+0100] {logging_mixin.py:188} INFO - [2025-08-26T18:13:45.280+0100] {dag.py:3947} INFO - Setting next_dagrun for example_trigger_controller_dag to 2021-01-01 00:00:00+00:00, run_after=2021-01-01 00:00:00+00:00
[2025-08-26T18:13:45.287+0100] {processor.py:183} INFO - Processing /Users/vlad.alex995/Desktop/de-sprint/.venv-airflow/lib/python3.11/site-packages/airflow/example_dags/example_trigger_controller_dag.py took 0.046 seconds
[2025-08-26T18:15:15.784+0100] {processor.py:161} INFO - Started process (PID=37997) to work on /Users/vlad.alex995/Desktop/de-sprint/.venv-airflow/lib/python3.11/site-packages/airflow/example_dags/example_trigger_controller_dag.py
[2025-08-26T18:15:15.785+0100] {processor.py:830} INFO - Processing file /Users/vlad.alex995/Desktop/de-sprint/.venv-airflow/lib/python3.11/site-packages/airflow/example_dags/example_trigger_controller_dag.py for tasks to queue
[2025-08-26T18:15:15.785+0100] {logging_mixin.py:188} INFO - [2025-08-26T18:15:15.785+0100] {dagbag.py:545} INFO - Filling up the DagBag from /Users/vlad.alex995/Desktop/de-sprint/.venv-airflow/lib/python3.11/site-packages/airflow/example_dags/example_trigger_controller_dag.py
[2025-08-26T18:15:15.789+0100] {processor.py:840} INFO - DAG(s) 'example_trigger_controller_dag' retrieved from /Users/vlad.alex995/Desktop/de-sprint/.venv-airflow/lib/python3.11/site-packages/airflow/example_dags/example_trigger_controller_dag.py
[2025-08-26T18:15:15.818+0100] {logging_mixin.py:188} INFO - [2025-08-26T18:15:15.818+0100] {dag.py:3089} INFO - Sync 1 DAGs
[2025-08-26T18:15:15.823+0100] {logging_mixin.py:188} INFO - [2025-08-26T18:15:15.823+0100] {dag.py:3947} INFO - Setting next_dagrun for example_trigger_controller_dag to 2021-01-01 00:00:00+00:00, run_after=2021-01-01 00:00:00+00:00
[2025-08-26T18:15:15.831+0100] {processor.py:183} INFO - Processing /Users/vlad.alex995/Desktop/de-sprint/.venv-airflow/lib/python3.11/site-packages/airflow/example_dags/example_trigger_controller_dag.py took 0.048 seconds
[2025-08-26T18:16:47.568+0100] {processor.py:161} INFO - Started process (PID=38073) to work on /Users/vlad.alex995/Desktop/de-sprint/.venv-airflow/lib/python3.11/site-packages/airflow/example_dags/example_trigger_controller_dag.py
[2025-08-26T18:16:47.569+0100] {processor.py:830} INFO - Processing file /Users/vlad.alex995/Desktop/de-sprint/.venv-airflow/lib/python3.11/site-packages/airflow/example_dags/example_trigger_controller_dag.py for tasks to queue
[2025-08-26T18:16:47.569+0100] {logging_mixin.py:188} INFO - [2025-08-26T18:16:47.569+0100] {dagbag.py:545} INFO - Filling up the DagBag from /Users/vlad.alex995/Desktop/de-sprint/.venv-airflow/lib/python3.11/site-packages/airflow/example_dags/example_trigger_controller_dag.py
[2025-08-26T18:16:47.572+0100] {processor.py:840} INFO - DAG(s) 'example_trigger_controller_dag' retrieved from /Users/vlad.alex995/Desktop/de-sprint/.venv-airflow/lib/python3.11/site-packages/airflow/example_dags/example_trigger_controller_dag.py
[2025-08-26T18:16:47.598+0100] {logging_mixin.py:188} INFO - [2025-08-26T18:16:47.598+0100] {dag.py:3089} INFO - Sync 1 DAGs
[2025-08-26T18:16:47.603+0100] {logging_mixin.py:188} INFO - [2025-08-26T18:16:47.603+0100] {dag.py:3947} INFO - Setting next_dagrun for example_trigger_controller_dag to 2021-01-01 00:00:00+00:00, run_after=2021-01-01 00:00:00+00:00
[2025-08-26T18:16:47.609+0100] {processor.py:183} INFO - Processing /Users/vlad.alex995/Desktop/de-sprint/.venv-airflow/lib/python3.11/site-packages/airflow/example_dags/example_trigger_controller_dag.py took 0.041 seconds
[2025-08-26T18:17:42.522+0100] {processor.py:161} INFO - Started process (PID=38205) to work on /Users/vlad.alex995/Desktop/de-sprint/.venv-airflow/lib/python3.11/site-packages/airflow/example_dags/example_trigger_controller_dag.py
[2025-08-26T18:17:42.522+0100] {processor.py:830} INFO - Processing file /Users/vlad.alex995/Desktop/de-sprint/.venv-airflow/lib/python3.11/site-packages/airflow/example_dags/example_trigger_controller_dag.py for tasks to queue
[2025-08-26T18:17:42.523+0100] {logging_mixin.py:188} INFO - [2025-08-26T18:17:42.522+0100] {dagbag.py:545} INFO - Filling up the DagBag from /Users/vlad.alex995/Desktop/de-sprint/.venv-airflow/lib/python3.11/site-packages/airflow/example_dags/example_trigger_controller_dag.py
[2025-08-26T18:17:42.526+0100] {processor.py:840} INFO - DAG(s) 'example_trigger_controller_dag' retrieved from /Users/vlad.alex995/Desktop/de-sprint/.venv-airflow/lib/python3.11/site-packages/airflow/example_dags/example_trigger_controller_dag.py
[2025-08-26T18:17:42.554+0100] {logging_mixin.py:188} INFO - [2025-08-26T18:17:42.554+0100] {dag.py:3089} INFO - Sync 1 DAGs
[2025-08-26T18:17:42.558+0100] {logging_mixin.py:188} INFO - [2025-08-26T18:17:42.558+0100] {dag.py:3947} INFO - Setting next_dagrun for example_trigger_controller_dag to 2021-01-01 00:00:00+00:00, run_after=2021-01-01 00:00:00+00:00
[2025-08-26T18:17:42.564+0100] {processor.py:183} INFO - Processing /Users/vlad.alex995/Desktop/de-sprint/.venv-airflow/lib/python3.11/site-packages/airflow/example_dags/example_trigger_controller_dag.py took 0.043 seconds
[2025-08-26T18:19:29.140+0100] {processor.py:161} INFO - Started process (PID=38862) to work on /Users/vlad.alex995/Desktop/de-sprint/.venv-airflow/lib/python3.11/site-packages/airflow/example_dags/example_trigger_controller_dag.py
[2025-08-26T18:19:29.140+0100] {processor.py:830} INFO - Processing file /Users/vlad.alex995/Desktop/de-sprint/.venv-airflow/lib/python3.11/site-packages/airflow/example_dags/example_trigger_controller_dag.py for tasks to queue
[2025-08-26T18:19:29.140+0100] {logging_mixin.py:188} INFO - [2025-08-26T18:19:29.140+0100] {dagbag.py:545} INFO - Filling up the DagBag from /Users/vlad.alex995/Desktop/de-sprint/.venv-airflow/lib/python3.11/site-packages/airflow/example_dags/example_trigger_controller_dag.py
[2025-08-26T18:19:29.144+0100] {processor.py:840} INFO - DAG(s) 'example_trigger_controller_dag' retrieved from /Users/vlad.alex995/Desktop/de-sprint/.venv-airflow/lib/python3.11/site-packages/airflow/example_dags/example_trigger_controller_dag.py
[2025-08-26T18:19:29.173+0100] {logging_mixin.py:188} INFO - [2025-08-26T18:19:29.173+0100] {dag.py:3089} INFO - Sync 1 DAGs
[2025-08-26T18:19:29.178+0100] {logging_mixin.py:188} INFO - [2025-08-26T18:19:29.178+0100] {dag.py:3947} INFO - Setting next_dagrun for example_trigger_controller_dag to 2021-01-01 00:00:00+00:00, run_after=2021-01-01 00:00:00+00:00
[2025-08-26T18:19:29.185+0100] {processor.py:183} INFO - Processing /Users/vlad.alex995/Desktop/de-sprint/.venv-airflow/lib/python3.11/site-packages/airflow/example_dags/example_trigger_controller_dag.py took 0.046 seconds
[2025-08-26T18:20:44.655+0100] {processor.py:161} INFO - Started process (PID=38944) to work on /Users/vlad.alex995/Desktop/de-sprint/.venv-airflow/lib/python3.11/site-packages/airflow/example_dags/example_trigger_controller_dag.py
[2025-08-26T18:20:44.656+0100] {processor.py:830} INFO - Processing file /Users/vlad.alex995/Desktop/de-sprint/.venv-airflow/lib/python3.11/site-packages/airflow/example_dags/example_trigger_controller_dag.py for tasks to queue
[2025-08-26T18:20:44.656+0100] {logging_mixin.py:188} INFO - [2025-08-26T18:20:44.656+0100] {dagbag.py:545} INFO - Filling up the DagBag from /Users/vlad.alex995/Desktop/de-sprint/.venv-airflow/lib/python3.11/site-packages/airflow/example_dags/example_trigger_controller_dag.py
[2025-08-26T18:20:44.660+0100] {processor.py:840} INFO - DAG(s) 'example_trigger_controller_dag' retrieved from /Users/vlad.alex995/Desktop/de-sprint/.venv-airflow/lib/python3.11/site-packages/airflow/example_dags/example_trigger_controller_dag.py
[2025-08-26T18:20:44.688+0100] {logging_mixin.py:188} INFO - [2025-08-26T18:20:44.688+0100] {dag.py:3089} INFO - Sync 1 DAGs
[2025-08-26T18:20:44.692+0100] {logging_mixin.py:188} INFO - [2025-08-26T18:20:44.692+0100] {dag.py:3947} INFO - Setting next_dagrun for example_trigger_controller_dag to 2021-01-01 00:00:00+00:00, run_after=2021-01-01 00:00:00+00:00
[2025-08-26T18:20:44.699+0100] {processor.py:183} INFO - Processing /Users/vlad.alex995/Desktop/de-sprint/.venv-airflow/lib/python3.11/site-packages/airflow/example_dags/example_trigger_controller_dag.py took 0.044 seconds
[2025-08-26T18:22:18.106+0100] {processor.py:161} INFO - Started process (PID=39017) to work on /Users/vlad.alex995/Desktop/de-sprint/.venv-airflow/lib/python3.11/site-packages/airflow/example_dags/example_trigger_controller_dag.py
[2025-08-26T18:22:18.107+0100] {processor.py:830} INFO - Processing file /Users/vlad.alex995/Desktop/de-sprint/.venv-airflow/lib/python3.11/site-packages/airflow/example_dags/example_trigger_controller_dag.py for tasks to queue
[2025-08-26T18:22:18.107+0100] {logging_mixin.py:188} INFO - [2025-08-26T18:22:18.107+0100] {dagbag.py:545} INFO - Filling up the DagBag from /Users/vlad.alex995/Desktop/de-sprint/.venv-airflow/lib/python3.11/site-packages/airflow/example_dags/example_trigger_controller_dag.py
[2025-08-26T18:22:18.110+0100] {processor.py:840} INFO - DAG(s) 'example_trigger_controller_dag' retrieved from /Users/vlad.alex995/Desktop/de-sprint/.venv-airflow/lib/python3.11/site-packages/airflow/example_dags/example_trigger_controller_dag.py
[2025-08-26T18:22:18.137+0100] {logging_mixin.py:188} INFO - [2025-08-26T18:22:18.137+0100] {dag.py:3089} INFO - Sync 1 DAGs
[2025-08-26T18:22:18.141+0100] {logging_mixin.py:188} INFO - [2025-08-26T18:22:18.141+0100] {dag.py:3947} INFO - Setting next_dagrun for example_trigger_controller_dag to 2021-01-01 00:00:00+00:00, run_after=2021-01-01 00:00:00+00:00
[2025-08-26T18:22:18.148+0100] {processor.py:183} INFO - Processing /Users/vlad.alex995/Desktop/de-sprint/.venv-airflow/lib/python3.11/site-packages/airflow/example_dags/example_trigger_controller_dag.py took 0.042 seconds
[2025-08-26T18:23:42.960+0100] {processor.py:161} INFO - Started process (PID=39083) to work on /Users/vlad.alex995/Desktop/de-sprint/.venv-airflow/lib/python3.11/site-packages/airflow/example_dags/example_trigger_controller_dag.py
[2025-08-26T18:23:42.961+0100] {processor.py:830} INFO - Processing file /Users/vlad.alex995/Desktop/de-sprint/.venv-airflow/lib/python3.11/site-packages/airflow/example_dags/example_trigger_controller_dag.py for tasks to queue
[2025-08-26T18:23:42.961+0100] {logging_mixin.py:188} INFO - [2025-08-26T18:23:42.961+0100] {dagbag.py:545} INFO - Filling up the DagBag from /Users/vlad.alex995/Desktop/de-sprint/.venv-airflow/lib/python3.11/site-packages/airflow/example_dags/example_trigger_controller_dag.py
[2025-08-26T18:23:42.965+0100] {processor.py:840} INFO - DAG(s) 'example_trigger_controller_dag' retrieved from /Users/vlad.alex995/Desktop/de-sprint/.venv-airflow/lib/python3.11/site-packages/airflow/example_dags/example_trigger_controller_dag.py
[2025-08-26T18:23:42.995+0100] {logging_mixin.py:188} INFO - [2025-08-26T18:23:42.995+0100] {dag.py:3089} INFO - Sync 1 DAGs
[2025-08-26T18:23:43.000+0100] {logging_mixin.py:188} INFO - [2025-08-26T18:23:43.000+0100] {dag.py:3947} INFO - Setting next_dagrun for example_trigger_controller_dag to 2021-01-01 00:00:00+00:00, run_after=2021-01-01 00:00:00+00:00
[2025-08-26T18:23:43.007+0100] {processor.py:183} INFO - Processing /Users/vlad.alex995/Desktop/de-sprint/.venv-airflow/lib/python3.11/site-packages/airflow/example_dags/example_trigger_controller_dag.py took 0.049 seconds
[2025-08-26T18:25:14.066+0100] {processor.py:161} INFO - Started process (PID=39166) to work on /Users/vlad.alex995/Desktop/de-sprint/.venv-airflow/lib/python3.11/site-packages/airflow/example_dags/example_trigger_controller_dag.py
[2025-08-26T18:25:14.067+0100] {processor.py:830} INFO - Processing file /Users/vlad.alex995/Desktop/de-sprint/.venv-airflow/lib/python3.11/site-packages/airflow/example_dags/example_trigger_controller_dag.py for tasks to queue
[2025-08-26T18:25:14.067+0100] {logging_mixin.py:188} INFO - [2025-08-26T18:25:14.067+0100] {dagbag.py:545} INFO - Filling up the DagBag from /Users/vlad.alex995/Desktop/de-sprint/.venv-airflow/lib/python3.11/site-packages/airflow/example_dags/example_trigger_controller_dag.py
[2025-08-26T18:25:14.071+0100] {processor.py:840} INFO - DAG(s) 'example_trigger_controller_dag' retrieved from /Users/vlad.alex995/Desktop/de-sprint/.venv-airflow/lib/python3.11/site-packages/airflow/example_dags/example_trigger_controller_dag.py
[2025-08-26T18:25:14.100+0100] {logging_mixin.py:188} INFO - [2025-08-26T18:25:14.100+0100] {dag.py:3089} INFO - Sync 1 DAGs
[2025-08-26T18:25:14.105+0100] {logging_mixin.py:188} INFO - [2025-08-26T18:25:14.105+0100] {dag.py:3947} INFO - Setting next_dagrun for example_trigger_controller_dag to 2021-01-01 00:00:00+00:00, run_after=2021-01-01 00:00:00+00:00
[2025-08-26T18:25:14.111+0100] {processor.py:183} INFO - Processing /Users/vlad.alex995/Desktop/de-sprint/.venv-airflow/lib/python3.11/site-packages/airflow/example_dags/example_trigger_controller_dag.py took 0.046 seconds
[2025-08-26T18:27:19.837+0100] {processor.py:161} INFO - Started process (PID=39666) to work on /Users/vlad.alex995/Desktop/de-sprint/.venv-airflow/lib/python3.11/site-packages/airflow/example_dags/example_trigger_controller_dag.py
[2025-08-26T18:27:19.837+0100] {processor.py:830} INFO - Processing file /Users/vlad.alex995/Desktop/de-sprint/.venv-airflow/lib/python3.11/site-packages/airflow/example_dags/example_trigger_controller_dag.py for tasks to queue
[2025-08-26T18:27:19.838+0100] {logging_mixin.py:188} INFO - [2025-08-26T18:27:19.837+0100] {dagbag.py:545} INFO - Filling up the DagBag from /Users/vlad.alex995/Desktop/de-sprint/.venv-airflow/lib/python3.11/site-packages/airflow/example_dags/example_trigger_controller_dag.py
[2025-08-26T18:27:19.841+0100] {processor.py:840} INFO - DAG(s) 'example_trigger_controller_dag' retrieved from /Users/vlad.alex995/Desktop/de-sprint/.venv-airflow/lib/python3.11/site-packages/airflow/example_dags/example_trigger_controller_dag.py
[2025-08-26T18:27:19.868+0100] {logging_mixin.py:188} INFO - [2025-08-26T18:27:19.868+0100] {dag.py:3089} INFO - Sync 1 DAGs
[2025-08-26T18:27:19.873+0100] {logging_mixin.py:188} INFO - [2025-08-26T18:27:19.873+0100] {dag.py:3947} INFO - Setting next_dagrun for example_trigger_controller_dag to 2021-01-01 00:00:00+00:00, run_after=2021-01-01 00:00:00+00:00
[2025-08-26T18:27:19.879+0100] {processor.py:183} INFO - Processing /Users/vlad.alex995/Desktop/de-sprint/.venv-airflow/lib/python3.11/site-packages/airflow/example_dags/example_trigger_controller_dag.py took 0.043 seconds
[2025-08-26T18:29:39.499+0100] {processor.py:161} INFO - Started process (PID=40091) to work on /Users/vlad.alex995/Desktop/de-sprint/.venv-airflow/lib/python3.11/site-packages/airflow/example_dags/example_trigger_controller_dag.py
[2025-08-26T18:29:39.500+0100] {processor.py:830} INFO - Processing file /Users/vlad.alex995/Desktop/de-sprint/.venv-airflow/lib/python3.11/site-packages/airflow/example_dags/example_trigger_controller_dag.py for tasks to queue
[2025-08-26T18:29:39.500+0100] {logging_mixin.py:188} INFO - [2025-08-26T18:29:39.500+0100] {dagbag.py:545} INFO - Filling up the DagBag from /Users/vlad.alex995/Desktop/de-sprint/.venv-airflow/lib/python3.11/site-packages/airflow/example_dags/example_trigger_controller_dag.py
[2025-08-26T18:29:39.503+0100] {processor.py:840} INFO - DAG(s) 'example_trigger_controller_dag' retrieved from /Users/vlad.alex995/Desktop/de-sprint/.venv-airflow/lib/python3.11/site-packages/airflow/example_dags/example_trigger_controller_dag.py
[2025-08-26T18:29:39.530+0100] {logging_mixin.py:188} INFO - [2025-08-26T18:29:39.530+0100] {dag.py:3089} INFO - Sync 1 DAGs
[2025-08-26T18:29:39.535+0100] {logging_mixin.py:188} INFO - [2025-08-26T18:29:39.535+0100] {dag.py:3947} INFO - Setting next_dagrun for example_trigger_controller_dag to 2021-01-01 00:00:00+00:00, run_after=2021-01-01 00:00:00+00:00
[2025-08-26T18:29:39.541+0100] {processor.py:183} INFO - Processing /Users/vlad.alex995/Desktop/de-sprint/.venv-airflow/lib/python3.11/site-packages/airflow/example_dags/example_trigger_controller_dag.py took 0.043 seconds
