[2025-08-26T17:25:43.122+0100] {processor.py:161} INFO - Started process (PID=35337) to work on /Users/vlad.alex995/Desktop/de-sprint/.venv-airflow/lib/python3.11/site-packages/airflow/example_dags/example_params_ui_tutorial.py
[2025-08-26T17:25:43.123+0100] {processor.py:830} INFO - Processing file /Users/vlad.alex995/Desktop/de-sprint/.venv-airflow/lib/python3.11/site-packages/airflow/example_dags/example_params_ui_tutorial.py for tasks to queue
[2025-08-26T17:25:43.123+0100] {logging_mixin.py:188} INFO - [2025-08-26T17:25:43.123+0100] {dagbag.py:545} INFO - Filling up the DagBag from /Users/vlad.alex995/Desktop/de-sprint/.venv-airflow/lib/python3.11/site-packages/airflow/example_dags/example_params_ui_tutorial.py
[2025-08-26T17:25:43.137+0100] {processor.py:840} INFO - DAG(s) 'example_params_ui_tutorial' retrieved from /Users/vlad.alex995/Desktop/de-sprint/.venv-airflow/lib/python3.11/site-packages/airflow/example_dags/example_params_ui_tutorial.py
[2025-08-26T17:25:43.197+0100] {logging_mixin.py:188} INFO - [2025-08-26T17:25:43.197+0100] {override.py:1858} INFO - Created Permission View: can edit on DAG:example_params_ui_tutorial
[2025-08-26T17:25:43.200+0100] {logging_mixin.py:188} INFO - [2025-08-26T17:25:43.200+0100] {override.py:1858} INFO - Created Permission View: can read on DAG:example_params_ui_tutorial
[2025-08-26T17:25:43.202+0100] {logging_mixin.py:188} INFO - [2025-08-26T17:25:43.202+0100] {override.py:1858} INFO - Created Permission View: can delete on DAG:example_params_ui_tutorial
[2025-08-26T17:25:43.202+0100] {logging_mixin.py:188} INFO - [2025-08-26T17:25:43.202+0100] {dag.py:3089} INFO - Sync 1 DAGs
[2025-08-26T17:25:43.229+0100] {logging_mixin.py:188} INFO - [2025-08-26T17:25:43.228+0100] {dag.py:3111} INFO - Creating ORM DAG for example_params_ui_tutorial
[2025-08-26T17:25:43.229+0100] {logging_mixin.py:188} INFO - [2025-08-26T17:25:43.229+0100] {dag.py:3947} INFO - Setting next_dagrun for example_params_ui_tutorial to None, run_after=None
[2025-08-26T17:25:43.236+0100] {processor.py:183} INFO - Processing /Users/vlad.alex995/Desktop/de-sprint/.venv-airflow/lib/python3.11/site-packages/airflow/example_dags/example_params_ui_tutorial.py took 0.115 seconds
[2025-08-26T17:26:58.624+0100] {processor.py:161} INFO - Started process (PID=35395) to work on /Users/vlad.alex995/Desktop/de-sprint/.venv-airflow/lib/python3.11/site-packages/airflow/example_dags/example_params_ui_tutorial.py
[2025-08-26T17:26:58.625+0100] {processor.py:830} INFO - Processing file /Users/vlad.alex995/Desktop/de-sprint/.venv-airflow/lib/python3.11/site-packages/airflow/example_dags/example_params_ui_tutorial.py for tasks to queue
[2025-08-26T17:26:58.625+0100] {logging_mixin.py:188} INFO - [2025-08-26T17:26:58.625+0100] {dagbag.py:545} INFO - Filling up the DagBag from /Users/vlad.alex995/Desktop/de-sprint/.venv-airflow/lib/python3.11/site-packages/airflow/example_dags/example_params_ui_tutorial.py
[2025-08-26T17:26:58.639+0100] {processor.py:840} INFO - DAG(s) 'example_params_ui_tutorial' retrieved from /Users/vlad.alex995/Desktop/de-sprint/.venv-airflow/lib/python3.11/site-packages/airflow/example_dags/example_params_ui_tutorial.py
[2025-08-26T17:26:58.675+0100] {logging_mixin.py:188} INFO - [2025-08-26T17:26:58.675+0100] {dag.py:3089} INFO - Sync 1 DAGs
[2025-08-26T17:26:58.678+0100] {logging_mixin.py:188} INFO - [2025-08-26T17:26:58.678+0100] {dag.py:3947} INFO - Setting next_dagrun for example_params_ui_tutorial to None, run_after=None
[2025-08-26T17:26:58.685+0100] {processor.py:183} INFO - Processing /Users/vlad.alex995/Desktop/de-sprint/.venv-airflow/lib/python3.11/site-packages/airflow/example_dags/example_params_ui_tutorial.py took 0.061 seconds
[2025-08-26T17:28:32.561+0100] {processor.py:161} INFO - Started process (PID=35468) to work on /Users/vlad.alex995/Desktop/de-sprint/.venv-airflow/lib/python3.11/site-packages/airflow/example_dags/example_params_ui_tutorial.py
[2025-08-26T17:28:32.562+0100] {processor.py:830} INFO - Processing file /Users/vlad.alex995/Desktop/de-sprint/.venv-airflow/lib/python3.11/site-packages/airflow/example_dags/example_params_ui_tutorial.py for tasks to queue
[2025-08-26T17:28:32.563+0100] {logging_mixin.py:188} INFO - [2025-08-26T17:28:32.563+0100] {dagbag.py:545} INFO - Filling up the DagBag from /Users/vlad.alex995/Desktop/de-sprint/.venv-airflow/lib/python3.11/site-packages/airflow/example_dags/example_params_ui_tutorial.py
[2025-08-26T17:28:32.577+0100] {processor.py:840} INFO - DAG(s) 'example_params_ui_tutorial' retrieved from /Users/vlad.alex995/Desktop/de-sprint/.venv-airflow/lib/python3.11/site-packages/airflow/example_dags/example_params_ui_tutorial.py
[2025-08-26T17:28:32.615+0100] {logging_mixin.py:188} INFO - [2025-08-26T17:28:32.615+0100] {dag.py:3089} INFO - Sync 1 DAGs
[2025-08-26T17:28:32.619+0100] {logging_mixin.py:188} INFO - [2025-08-26T17:28:32.619+0100] {dag.py:3947} INFO - Setting next_dagrun for example_params_ui_tutorial to None, run_after=None
[2025-08-26T17:28:32.625+0100] {processor.py:183} INFO - Processing /Users/vlad.alex995/Desktop/de-sprint/.venv-airflow/lib/python3.11/site-packages/airflow/example_dags/example_params_ui_tutorial.py took 0.065 seconds
[2025-08-26T17:30:06.280+0100] {processor.py:161} INFO - Started process (PID=35539) to work on /Users/vlad.alex995/Desktop/de-sprint/.venv-airflow/lib/python3.11/site-packages/airflow/example_dags/example_params_ui_tutorial.py
[2025-08-26T17:30:06.281+0100] {processor.py:830} INFO - Processing file /Users/vlad.alex995/Desktop/de-sprint/.venv-airflow/lib/python3.11/site-packages/airflow/example_dags/example_params_ui_tutorial.py for tasks to queue
[2025-08-26T17:30:06.281+0100] {logging_mixin.py:188} INFO - [2025-08-26T17:30:06.281+0100] {dagbag.py:545} INFO - Filling up the DagBag from /Users/vlad.alex995/Desktop/de-sprint/.venv-airflow/lib/python3.11/site-packages/airflow/example_dags/example_params_ui_tutorial.py
[2025-08-26T17:30:06.294+0100] {processor.py:840} INFO - DAG(s) 'example_params_ui_tutorial' retrieved from /Users/vlad.alex995/Desktop/de-sprint/.venv-airflow/lib/python3.11/site-packages/airflow/example_dags/example_params_ui_tutorial.py
[2025-08-26T17:30:06.330+0100] {logging_mixin.py:188} INFO - [2025-08-26T17:30:06.330+0100] {dag.py:3089} INFO - Sync 1 DAGs
[2025-08-26T17:30:06.333+0100] {logging_mixin.py:188} INFO - [2025-08-26T17:30:06.332+0100] {dag.py:3947} INFO - Setting next_dagrun for example_params_ui_tutorial to None, run_after=None
[2025-08-26T17:30:06.339+0100] {processor.py:183} INFO - Processing /Users/vlad.alex995/Desktop/de-sprint/.venv-airflow/lib/python3.11/site-packages/airflow/example_dags/example_params_ui_tutorial.py took 0.059 seconds
[2025-08-26T17:31:36.141+0100] {processor.py:161} INFO - Started process (PID=35608) to work on /Users/vlad.alex995/Desktop/de-sprint/.venv-airflow/lib/python3.11/site-packages/airflow/example_dags/example_params_ui_tutorial.py
[2025-08-26T17:31:36.142+0100] {processor.py:830} INFO - Processing file /Users/vlad.alex995/Desktop/de-sprint/.venv-airflow/lib/python3.11/site-packages/airflow/example_dags/example_params_ui_tutorial.py for tasks to queue
[2025-08-26T17:31:36.142+0100] {logging_mixin.py:188} INFO - [2025-08-26T17:31:36.142+0100] {dagbag.py:545} INFO - Filling up the DagBag from /Users/vlad.alex995/Desktop/de-sprint/.venv-airflow/lib/python3.11/site-packages/airflow/example_dags/example_params_ui_tutorial.py
[2025-08-26T17:31:36.155+0100] {processor.py:840} INFO - DAG(s) 'example_params_ui_tutorial' retrieved from /Users/vlad.alex995/Desktop/de-sprint/.venv-airflow/lib/python3.11/site-packages/airflow/example_dags/example_params_ui_tutorial.py
[2025-08-26T17:31:36.192+0100] {logging_mixin.py:188} INFO - [2025-08-26T17:31:36.192+0100] {dag.py:3089} INFO - Sync 1 DAGs
[2025-08-26T17:31:36.196+0100] {logging_mixin.py:188} INFO - [2025-08-26T17:31:36.196+0100] {dag.py:3947} INFO - Setting next_dagrun for example_params_ui_tutorial to None, run_after=None
[2025-08-26T17:31:36.203+0100] {processor.py:183} INFO - Processing /Users/vlad.alex995/Desktop/de-sprint/.venv-airflow/lib/python3.11/site-packages/airflow/example_dags/example_params_ui_tutorial.py took 0.063 seconds
[2025-08-26T17:33:07.456+0100] {processor.py:161} INFO - Started process (PID=36000) to work on /Users/vlad.alex995/Desktop/de-sprint/.venv-airflow/lib/python3.11/site-packages/airflow/example_dags/example_params_ui_tutorial.py
[2025-08-26T17:33:07.457+0100] {processor.py:830} INFO - Processing file /Users/vlad.alex995/Desktop/de-sprint/.venv-airflow/lib/python3.11/site-packages/airflow/example_dags/example_params_ui_tutorial.py for tasks to queue
[2025-08-26T17:33:07.458+0100] {logging_mixin.py:188} INFO - [2025-08-26T17:33:07.458+0100] {dagbag.py:545} INFO - Filling up the DagBag from /Users/vlad.alex995/Desktop/de-sprint/.venv-airflow/lib/python3.11/site-packages/airflow/example_dags/example_params_ui_tutorial.py
[2025-08-26T17:33:07.472+0100] {processor.py:840} INFO - DAG(s) 'example_params_ui_tutorial' retrieved from /Users/vlad.alex995/Desktop/de-sprint/.venv-airflow/lib/python3.11/site-packages/airflow/example_dags/example_params_ui_tutorial.py
[2025-08-26T17:33:07.514+0100] {logging_mixin.py:188} INFO - [2025-08-26T17:33:07.513+0100] {dag.py:3089} INFO - Sync 1 DAGs
[2025-08-26T17:33:07.517+0100] {logging_mixin.py:188} INFO - [2025-08-26T17:33:07.517+0100] {dag.py:3947} INFO - Setting next_dagrun for example_params_ui_tutorial to None, run_after=None
[2025-08-26T17:33:07.526+0100] {processor.py:183} INFO - Processing /Users/vlad.alex995/Desktop/de-sprint/.venv-airflow/lib/python3.11/site-packages/airflow/example_dags/example_params_ui_tutorial.py took 0.071 seconds
[2025-08-26T18:11:23.968+0100] {processor.py:161} INFO - Started process (PID=37427) to work on /Users/vlad.alex995/Desktop/de-sprint/.venv-airflow/lib/python3.11/site-packages/airflow/example_dags/example_params_ui_tutorial.py
[2025-08-26T18:11:23.969+0100] {processor.py:830} INFO - Processing file /Users/vlad.alex995/Desktop/de-sprint/.venv-airflow/lib/python3.11/site-packages/airflow/example_dags/example_params_ui_tutorial.py for tasks to queue
[2025-08-26T18:11:23.969+0100] {logging_mixin.py:188} INFO - [2025-08-26T18:11:23.969+0100] {dagbag.py:545} INFO - Filling up the DagBag from /Users/vlad.alex995/Desktop/de-sprint/.venv-airflow/lib/python3.11/site-packages/airflow/example_dags/example_params_ui_tutorial.py
[2025-08-26T18:11:23.983+0100] {processor.py:840} INFO - DAG(s) 'example_params_ui_tutorial' retrieved from /Users/vlad.alex995/Desktop/de-sprint/.venv-airflow/lib/python3.11/site-packages/airflow/example_dags/example_params_ui_tutorial.py
[2025-08-26T18:11:24.018+0100] {logging_mixin.py:188} INFO - [2025-08-26T18:11:24.018+0100] {dag.py:3089} INFO - Sync 1 DAGs
[2025-08-26T18:11:24.021+0100] {logging_mixin.py:188} INFO - [2025-08-26T18:11:24.021+0100] {dag.py:3947} INFO - Setting next_dagrun for example_params_ui_tutorial to None, run_after=None
[2025-08-26T18:11:24.027+0100] {processor.py:183} INFO - Processing /Users/vlad.alex995/Desktop/de-sprint/.venv-airflow/lib/python3.11/site-packages/airflow/example_dags/example_params_ui_tutorial.py took 0.060 seconds
[2025-08-26T18:12:42.246+0100] {processor.py:161} INFO - Started process (PID=37482) to work on /Users/vlad.alex995/Desktop/de-sprint/.venv-airflow/lib/python3.11/site-packages/airflow/example_dags/example_params_ui_tutorial.py
[2025-08-26T18:12:42.246+0100] {processor.py:830} INFO - Processing file /Users/vlad.alex995/Desktop/de-sprint/.venv-airflow/lib/python3.11/site-packages/airflow/example_dags/example_params_ui_tutorial.py for tasks to queue
[2025-08-26T18:12:42.246+0100] {logging_mixin.py:188} INFO - [2025-08-26T18:12:42.246+0100] {dagbag.py:545} INFO - Filling up the DagBag from /Users/vlad.alex995/Desktop/de-sprint/.venv-airflow/lib/python3.11/site-packages/airflow/example_dags/example_params_ui_tutorial.py
[2025-08-26T18:12:42.260+0100] {processor.py:840} INFO - DAG(s) 'example_params_ui_tutorial' retrieved from /Users/vlad.alex995/Desktop/de-sprint/.venv-airflow/lib/python3.11/site-packages/airflow/example_dags/example_params_ui_tutorial.py
[2025-08-26T18:12:42.294+0100] {logging_mixin.py:188} INFO - [2025-08-26T18:12:42.294+0100] {dag.py:3089} INFO - Sync 1 DAGs
[2025-08-26T18:12:42.297+0100] {logging_mixin.py:188} INFO - [2025-08-26T18:12:42.296+0100] {dag.py:3947} INFO - Setting next_dagrun for example_params_ui_tutorial to None, run_after=None
[2025-08-26T18:12:42.302+0100] {processor.py:183} INFO - Processing /Users/vlad.alex995/Desktop/de-sprint/.venv-airflow/lib/python3.11/site-packages/airflow/example_dags/example_params_ui_tutorial.py took 0.057 seconds
[2025-08-26T18:14:08.983+0100] {processor.py:161} INFO - Started process (PID=37780) to work on /Users/vlad.alex995/Desktop/de-sprint/.venv-airflow/lib/python3.11/site-packages/airflow/example_dags/example_params_ui_tutorial.py
[2025-08-26T18:14:08.984+0100] {processor.py:830} INFO - Processing file /Users/vlad.alex995/Desktop/de-sprint/.venv-airflow/lib/python3.11/site-packages/airflow/example_dags/example_params_ui_tutorial.py for tasks to queue
[2025-08-26T18:14:08.984+0100] {logging_mixin.py:188} INFO - [2025-08-26T18:14:08.984+0100] {dagbag.py:545} INFO - Filling up the DagBag from /Users/vlad.alex995/Desktop/de-sprint/.venv-airflow/lib/python3.11/site-packages/airflow/example_dags/example_params_ui_tutorial.py
[2025-08-26T18:14:08.997+0100] {processor.py:840} INFO - DAG(s) 'example_params_ui_tutorial' retrieved from /Users/vlad.alex995/Desktop/de-sprint/.venv-airflow/lib/python3.11/site-packages/airflow/example_dags/example_params_ui_tutorial.py
[2025-08-26T18:14:09.032+0100] {logging_mixin.py:188} INFO - [2025-08-26T18:14:09.032+0100] {dag.py:3089} INFO - Sync 1 DAGs
[2025-08-26T18:14:09.035+0100] {logging_mixin.py:188} INFO - [2025-08-26T18:14:09.035+0100] {dag.py:3947} INFO - Setting next_dagrun for example_params_ui_tutorial to None, run_after=None
[2025-08-26T18:14:09.040+0100] {processor.py:183} INFO - Processing /Users/vlad.alex995/Desktop/de-sprint/.venv-airflow/lib/python3.11/site-packages/airflow/example_dags/example_params_ui_tutorial.py took 0.058 seconds
[2025-08-26T18:15:39.726+0100] {processor.py:161} INFO - Started process (PID=38017) to work on /Users/vlad.alex995/Desktop/de-sprint/.venv-airflow/lib/python3.11/site-packages/airflow/example_dags/example_params_ui_tutorial.py
[2025-08-26T18:15:39.728+0100] {processor.py:830} INFO - Processing file /Users/vlad.alex995/Desktop/de-sprint/.venv-airflow/lib/python3.11/site-packages/airflow/example_dags/example_params_ui_tutorial.py for tasks to queue
[2025-08-26T18:15:39.728+0100] {logging_mixin.py:188} INFO - [2025-08-26T18:15:39.728+0100] {dagbag.py:545} INFO - Filling up the DagBag from /Users/vlad.alex995/Desktop/de-sprint/.venv-airflow/lib/python3.11/site-packages/airflow/example_dags/example_params_ui_tutorial.py
[2025-08-26T18:15:39.742+0100] {processor.py:840} INFO - DAG(s) 'example_params_ui_tutorial' retrieved from /Users/vlad.alex995/Desktop/de-sprint/.venv-airflow/lib/python3.11/site-packages/airflow/example_dags/example_params_ui_tutorial.py
[2025-08-26T18:15:39.779+0100] {logging_mixin.py:188} INFO - [2025-08-26T18:15:39.778+0100] {dag.py:3089} INFO - Sync 1 DAGs
[2025-08-26T18:15:39.781+0100] {logging_mixin.py:188} INFO - [2025-08-26T18:15:39.781+0100] {dag.py:3947} INFO - Setting next_dagrun for example_params_ui_tutorial to None, run_after=None
[2025-08-26T18:15:39.788+0100] {processor.py:183} INFO - Processing /Users/vlad.alex995/Desktop/de-sprint/.venv-airflow/lib/python3.11/site-packages/airflow/example_dags/example_params_ui_tutorial.py took 0.062 seconds
[2025-08-26T18:17:12.236+0100] {processor.py:161} INFO - Started process (PID=38114) to work on /Users/vlad.alex995/Desktop/de-sprint/.venv-airflow/lib/python3.11/site-packages/airflow/example_dags/example_params_ui_tutorial.py
[2025-08-26T18:17:12.237+0100] {processor.py:830} INFO - Processing file /Users/vlad.alex995/Desktop/de-sprint/.venv-airflow/lib/python3.11/site-packages/airflow/example_dags/example_params_ui_tutorial.py for tasks to queue
[2025-08-26T18:17:12.238+0100] {logging_mixin.py:188} INFO - [2025-08-26T18:17:12.237+0100] {dagbag.py:545} INFO - Filling up the DagBag from /Users/vlad.alex995/Desktop/de-sprint/.venv-airflow/lib/python3.11/site-packages/airflow/example_dags/example_params_ui_tutorial.py
[2025-08-26T18:17:12.251+0100] {processor.py:840} INFO - DAG(s) 'example_params_ui_tutorial' retrieved from /Users/vlad.alex995/Desktop/de-sprint/.venv-airflow/lib/python3.11/site-packages/airflow/example_dags/example_params_ui_tutorial.py
[2025-08-26T18:17:12.287+0100] {logging_mixin.py:188} INFO - [2025-08-26T18:17:12.287+0100] {dag.py:3089} INFO - Sync 1 DAGs
[2025-08-26T18:17:12.290+0100] {logging_mixin.py:188} INFO - [2025-08-26T18:17:12.290+0100] {dag.py:3947} INFO - Setting next_dagrun for example_params_ui_tutorial to None, run_after=None
[2025-08-26T18:17:12.296+0100] {processor.py:183} INFO - Processing /Users/vlad.alex995/Desktop/de-sprint/.venv-airflow/lib/python3.11/site-packages/airflow/example_dags/example_params_ui_tutorial.py took 0.061 seconds
[2025-08-26T18:19:52.588+0100] {processor.py:161} INFO - Started process (PID=38892) to work on /Users/vlad.alex995/Desktop/de-sprint/.venv-airflow/lib/python3.11/site-packages/airflow/example_dags/example_params_ui_tutorial.py
[2025-08-26T18:19:52.589+0100] {processor.py:830} INFO - Processing file /Users/vlad.alex995/Desktop/de-sprint/.venv-airflow/lib/python3.11/site-packages/airflow/example_dags/example_params_ui_tutorial.py for tasks to queue
[2025-08-26T18:19:52.589+0100] {logging_mixin.py:188} INFO - [2025-08-26T18:19:52.589+0100] {dagbag.py:545} INFO - Filling up the DagBag from /Users/vlad.alex995/Desktop/de-sprint/.venv-airflow/lib/python3.11/site-packages/airflow/example_dags/example_params_ui_tutorial.py
[2025-08-26T18:19:52.604+0100] {processor.py:840} INFO - DAG(s) 'example_params_ui_tutorial' retrieved from /Users/vlad.alex995/Desktop/de-sprint/.venv-airflow/lib/python3.11/site-packages/airflow/example_dags/example_params_ui_tutorial.py
[2025-08-26T18:19:52.642+0100] {logging_mixin.py:188} INFO - [2025-08-26T18:19:52.642+0100] {dag.py:3089} INFO - Sync 1 DAGs
[2025-08-26T18:19:52.645+0100] {logging_mixin.py:188} INFO - [2025-08-26T18:19:52.645+0100] {dag.py:3947} INFO - Setting next_dagrun for example_params_ui_tutorial to None, run_after=None
[2025-08-26T18:19:52.651+0100] {processor.py:183} INFO - Processing /Users/vlad.alex995/Desktop/de-sprint/.venv-airflow/lib/python3.11/site-packages/airflow/example_dags/example_params_ui_tutorial.py took 0.065 seconds
[2025-08-26T18:21:08.549+0100] {processor.py:161} INFO - Started process (PID=38961) to work on /Users/vlad.alex995/Desktop/de-sprint/.venv-airflow/lib/python3.11/site-packages/airflow/example_dags/example_params_ui_tutorial.py
[2025-08-26T18:21:08.550+0100] {processor.py:830} INFO - Processing file /Users/vlad.alex995/Desktop/de-sprint/.venv-airflow/lib/python3.11/site-packages/airflow/example_dags/example_params_ui_tutorial.py for tasks to queue
[2025-08-26T18:21:08.550+0100] {logging_mixin.py:188} INFO - [2025-08-26T18:21:08.550+0100] {dagbag.py:545} INFO - Filling up the DagBag from /Users/vlad.alex995/Desktop/de-sprint/.venv-airflow/lib/python3.11/site-packages/airflow/example_dags/example_params_ui_tutorial.py
[2025-08-26T18:21:08.564+0100] {processor.py:840} INFO - DAG(s) 'example_params_ui_tutorial' retrieved from /Users/vlad.alex995/Desktop/de-sprint/.venv-airflow/lib/python3.11/site-packages/airflow/example_dags/example_params_ui_tutorial.py
[2025-08-26T18:21:08.601+0100] {logging_mixin.py:188} INFO - [2025-08-26T18:21:08.601+0100] {dag.py:3089} INFO - Sync 1 DAGs
[2025-08-26T18:21:08.604+0100] {logging_mixin.py:188} INFO - [2025-08-26T18:21:08.604+0100] {dag.py:3947} INFO - Setting next_dagrun for example_params_ui_tutorial to None, run_after=None
[2025-08-26T18:21:08.610+0100] {processor.py:183} INFO - Processing /Users/vlad.alex995/Desktop/de-sprint/.venv-airflow/lib/python3.11/site-packages/airflow/example_dags/example_params_ui_tutorial.py took 0.062 seconds
[2025-08-26T18:22:39.919+0100] {processor.py:161} INFO - Started process (PID=39034) to work on /Users/vlad.alex995/Desktop/de-sprint/.venv-airflow/lib/python3.11/site-packages/airflow/example_dags/example_params_ui_tutorial.py
[2025-08-26T18:22:39.919+0100] {processor.py:830} INFO - Processing file /Users/vlad.alex995/Desktop/de-sprint/.venv-airflow/lib/python3.11/site-packages/airflow/example_dags/example_params_ui_tutorial.py for tasks to queue
[2025-08-26T18:22:39.920+0100] {logging_mixin.py:188} INFO - [2025-08-26T18:22:39.920+0100] {dagbag.py:545} INFO - Filling up the DagBag from /Users/vlad.alex995/Desktop/de-sprint/.venv-airflow/lib/python3.11/site-packages/airflow/example_dags/example_params_ui_tutorial.py
[2025-08-26T18:22:39.933+0100] {processor.py:840} INFO - DAG(s) 'example_params_ui_tutorial' retrieved from /Users/vlad.alex995/Desktop/de-sprint/.venv-airflow/lib/python3.11/site-packages/airflow/example_dags/example_params_ui_tutorial.py
[2025-08-26T18:22:39.968+0100] {logging_mixin.py:188} INFO - [2025-08-26T18:22:39.967+0100] {dag.py:3089} INFO - Sync 1 DAGs
[2025-08-26T18:22:39.970+0100] {logging_mixin.py:188} INFO - [2025-08-26T18:22:39.970+0100] {dag.py:3947} INFO - Setting next_dagrun for example_params_ui_tutorial to None, run_after=None
[2025-08-26T18:22:39.976+0100] {processor.py:183} INFO - Processing /Users/vlad.alex995/Desktop/de-sprint/.venv-airflow/lib/python3.11/site-packages/airflow/example_dags/example_params_ui_tutorial.py took 0.058 seconds
[2025-08-26T18:24:05.365+0100] {processor.py:161} INFO - Started process (PID=39100) to work on /Users/vlad.alex995/Desktop/de-sprint/.venv-airflow/lib/python3.11/site-packages/airflow/example_dags/example_params_ui_tutorial.py
[2025-08-26T18:24:05.366+0100] {processor.py:830} INFO - Processing file /Users/vlad.alex995/Desktop/de-sprint/.venv-airflow/lib/python3.11/site-packages/airflow/example_dags/example_params_ui_tutorial.py for tasks to queue
[2025-08-26T18:24:05.366+0100] {logging_mixin.py:188} INFO - [2025-08-26T18:24:05.366+0100] {dagbag.py:545} INFO - Filling up the DagBag from /Users/vlad.alex995/Desktop/de-sprint/.venv-airflow/lib/python3.11/site-packages/airflow/example_dags/example_params_ui_tutorial.py
[2025-08-26T18:24:05.379+0100] {processor.py:840} INFO - DAG(s) 'example_params_ui_tutorial' retrieved from /Users/vlad.alex995/Desktop/de-sprint/.venv-airflow/lib/python3.11/site-packages/airflow/example_dags/example_params_ui_tutorial.py
[2025-08-26T18:24:05.414+0100] {logging_mixin.py:188} INFO - [2025-08-26T18:24:05.414+0100] {dag.py:3089} INFO - Sync 1 DAGs
[2025-08-26T18:24:05.417+0100] {logging_mixin.py:188} INFO - [2025-08-26T18:24:05.417+0100] {dag.py:3947} INFO - Setting next_dagrun for example_params_ui_tutorial to None, run_after=None
[2025-08-26T18:24:05.423+0100] {processor.py:183} INFO - Processing /Users/vlad.alex995/Desktop/de-sprint/.venv-airflow/lib/python3.11/site-packages/airflow/example_dags/example_params_ui_tutorial.py took 0.059 seconds
[2025-08-26T18:25:37.915+0100] {processor.py:161} INFO - Started process (PID=39191) to work on /Users/vlad.alex995/Desktop/de-sprint/.venv-airflow/lib/python3.11/site-packages/airflow/example_dags/example_params_ui_tutorial.py
[2025-08-26T18:25:37.916+0100] {processor.py:830} INFO - Processing file /Users/vlad.alex995/Desktop/de-sprint/.venv-airflow/lib/python3.11/site-packages/airflow/example_dags/example_params_ui_tutorial.py for tasks to queue
[2025-08-26T18:25:37.916+0100] {logging_mixin.py:188} INFO - [2025-08-26T18:25:37.916+0100] {dagbag.py:545} INFO - Filling up the DagBag from /Users/vlad.alex995/Desktop/de-sprint/.venv-airflow/lib/python3.11/site-packages/airflow/example_dags/example_params_ui_tutorial.py
[2025-08-26T18:25:37.930+0100] {processor.py:840} INFO - DAG(s) 'example_params_ui_tutorial' retrieved from /Users/vlad.alex995/Desktop/de-sprint/.venv-airflow/lib/python3.11/site-packages/airflow/example_dags/example_params_ui_tutorial.py
[2025-08-26T18:25:37.965+0100] {logging_mixin.py:188} INFO - [2025-08-26T18:25:37.965+0100] {dag.py:3089} INFO - Sync 1 DAGs
[2025-08-26T18:25:37.968+0100] {logging_mixin.py:188} INFO - [2025-08-26T18:25:37.968+0100] {dag.py:3947} INFO - Setting next_dagrun for example_params_ui_tutorial to None, run_after=None
[2025-08-26T18:25:37.974+0100] {processor.py:183} INFO - Processing /Users/vlad.alex995/Desktop/de-sprint/.venv-airflow/lib/python3.11/site-packages/airflow/example_dags/example_params_ui_tutorial.py took 0.060 seconds
[2025-08-26T18:27:43.278+0100] {processor.py:161} INFO - Started process (PID=39685) to work on /Users/vlad.alex995/Desktop/de-sprint/.venv-airflow/lib/python3.11/site-packages/airflow/example_dags/example_params_ui_tutorial.py
[2025-08-26T18:27:43.279+0100] {processor.py:830} INFO - Processing file /Users/vlad.alex995/Desktop/de-sprint/.venv-airflow/lib/python3.11/site-packages/airflow/example_dags/example_params_ui_tutorial.py for tasks to queue
[2025-08-26T18:27:43.279+0100] {logging_mixin.py:188} INFO - [2025-08-26T18:27:43.279+0100] {dagbag.py:545} INFO - Filling up the DagBag from /Users/vlad.alex995/Desktop/de-sprint/.venv-airflow/lib/python3.11/site-packages/airflow/example_dags/example_params_ui_tutorial.py
[2025-08-26T18:27:43.293+0100] {processor.py:840} INFO - DAG(s) 'example_params_ui_tutorial' retrieved from /Users/vlad.alex995/Desktop/de-sprint/.venv-airflow/lib/python3.11/site-packages/airflow/example_dags/example_params_ui_tutorial.py
[2025-08-26T18:27:43.328+0100] {logging_mixin.py:188} INFO - [2025-08-26T18:27:43.328+0100] {dag.py:3089} INFO - Sync 1 DAGs
[2025-08-26T18:27:43.331+0100] {logging_mixin.py:188} INFO - [2025-08-26T18:27:43.331+0100] {dag.py:3947} INFO - Setting next_dagrun for example_params_ui_tutorial to None, run_after=None
[2025-08-26T18:27:43.338+0100] {processor.py:183} INFO - Processing /Users/vlad.alex995/Desktop/de-sprint/.venv-airflow/lib/python3.11/site-packages/airflow/example_dags/example_params_ui_tutorial.py took 0.060 seconds
