[2025-08-26T17:25:30.949+0100] {processor.py:161} INFO - Started process (PID=35328) to work on /Users/vlad.alex995/Desktop/de-sprint/.venv-airflow/lib/python3.11/site-packages/airflow/example_dags/example_setup_teardown_taskflow.py
[2025-08-26T17:25:30.949+0100] {processor.py:830} INFO - Processing file /Users/vlad.alex995/Desktop/de-sprint/.venv-airflow/lib/python3.11/site-packages/airflow/example_dags/example_setup_teardown_taskflow.py for tasks to queue
[2025-08-26T17:25:30.949+0100] {logging_mixin.py:188} INFO - [2025-08-26T17:25:30.949+0100] {dagbag.py:545} INFO - Filling up the DagBag from /Users/vlad.alex995/Desktop/de-sprint/.venv-airflow/lib/python3.11/site-packages/airflow/example_dags/example_setup_teardown_taskflow.py
[2025-08-26T17:25:30.963+0100] {processor.py:840} INFO - DAG(s) 'example_setup_teardown_taskflow' retrieved from /Users/vlad.alex995/Desktop/de-sprint/.venv-airflow/lib/python3.11/site-packages/airflow/example_dags/example_setup_teardown_taskflow.py
[2025-08-26T17:25:31.018+0100] {logging_mixin.py:188} INFO - [2025-08-26T17:25:31.018+0100] {override.py:1858} INFO - Created Permission View: can edit on DAG:example_setup_teardown_taskflow
[2025-08-26T17:25:31.021+0100] {logging_mixin.py:188} INFO - [2025-08-26T17:25:31.021+0100] {override.py:1858} INFO - Created Permission View: can read on DAG:example_setup_teardown_taskflow
[2025-08-26T17:25:31.022+0100] {logging_mixin.py:188} INFO - [2025-08-26T17:25:31.022+0100] {override.py:1858} INFO - Created Permission View: can delete on DAG:example_setup_teardown_taskflow
[2025-08-26T17:25:31.023+0100] {logging_mixin.py:188} INFO - [2025-08-26T17:25:31.023+0100] {dag.py:3089} INFO - Sync 1 DAGs
[2025-08-26T17:25:31.048+0100] {logging_mixin.py:188} INFO - [2025-08-26T17:25:31.048+0100] {dag.py:3111} INFO - Creating ORM DAG for example_setup_teardown_taskflow
[2025-08-26T17:25:31.050+0100] {logging_mixin.py:188} INFO - [2025-08-26T17:25:31.050+0100] {dag.py:3947} INFO - Setting next_dagrun for example_setup_teardown_taskflow to 2025-08-25 00:00:00+00:00, run_after=2025-08-26 00:00:00+00:00
[2025-08-26T17:25:31.057+0100] {processor.py:183} INFO - Processing /Users/vlad.alex995/Desktop/de-sprint/.venv-airflow/lib/python3.11/site-packages/airflow/example_dags/example_setup_teardown_taskflow.py took 0.109 seconds
[2025-08-26T17:26:49.602+0100] {processor.py:161} INFO - Started process (PID=35387) to work on /Users/vlad.alex995/Desktop/de-sprint/.venv-airflow/lib/python3.11/site-packages/airflow/example_dags/example_setup_teardown_taskflow.py
[2025-08-26T17:26:49.602+0100] {processor.py:830} INFO - Processing file /Users/vlad.alex995/Desktop/de-sprint/.venv-airflow/lib/python3.11/site-packages/airflow/example_dags/example_setup_teardown_taskflow.py for tasks to queue
[2025-08-26T17:26:49.602+0100] {logging_mixin.py:188} INFO - [2025-08-26T17:26:49.602+0100] {dagbag.py:545} INFO - Filling up the DagBag from /Users/vlad.alex995/Desktop/de-sprint/.venv-airflow/lib/python3.11/site-packages/airflow/example_dags/example_setup_teardown_taskflow.py
[2025-08-26T17:26:49.616+0100] {processor.py:840} INFO - DAG(s) 'example_setup_teardown_taskflow' retrieved from /Users/vlad.alex995/Desktop/de-sprint/.venv-airflow/lib/python3.11/site-packages/airflow/example_dags/example_setup_teardown_taskflow.py
[2025-08-26T17:26:49.644+0100] {logging_mixin.py:188} INFO - [2025-08-26T17:26:49.644+0100] {dag.py:3089} INFO - Sync 1 DAGs
[2025-08-26T17:26:49.649+0100] {logging_mixin.py:188} INFO - [2025-08-26T17:26:49.649+0100] {dag.py:3947} INFO - Setting next_dagrun for example_setup_teardown_taskflow to 2025-08-25 00:00:00+00:00, run_after=2025-08-26 00:00:00+00:00
[2025-08-26T17:26:49.655+0100] {processor.py:183} INFO - Processing /Users/vlad.alex995/Desktop/de-sprint/.venv-airflow/lib/python3.11/site-packages/airflow/example_dags/example_setup_teardown_taskflow.py took 0.054 seconds
[2025-08-26T17:28:21.799+0100] {processor.py:161} INFO - Started process (PID=35461) to work on /Users/vlad.alex995/Desktop/de-sprint/.venv-airflow/lib/python3.11/site-packages/airflow/example_dags/example_setup_teardown_taskflow.py
[2025-08-26T17:28:21.800+0100] {processor.py:830} INFO - Processing file /Users/vlad.alex995/Desktop/de-sprint/.venv-airflow/lib/python3.11/site-packages/airflow/example_dags/example_setup_teardown_taskflow.py for tasks to queue
[2025-08-26T17:28:21.800+0100] {logging_mixin.py:188} INFO - [2025-08-26T17:28:21.800+0100] {dagbag.py:545} INFO - Filling up the DagBag from /Users/vlad.alex995/Desktop/de-sprint/.venv-airflow/lib/python3.11/site-packages/airflow/example_dags/example_setup_teardown_taskflow.py
[2025-08-26T17:28:21.815+0100] {processor.py:840} INFO - DAG(s) 'example_setup_teardown_taskflow' retrieved from /Users/vlad.alex995/Desktop/de-sprint/.venv-airflow/lib/python3.11/site-packages/airflow/example_dags/example_setup_teardown_taskflow.py
[2025-08-26T17:28:21.847+0100] {logging_mixin.py:188} INFO - [2025-08-26T17:28:21.846+0100] {dag.py:3089} INFO - Sync 1 DAGs
[2025-08-26T17:28:21.852+0100] {logging_mixin.py:188} INFO - [2025-08-26T17:28:21.851+0100] {dag.py:3947} INFO - Setting next_dagrun for example_setup_teardown_taskflow to 2025-08-25 00:00:00+00:00, run_after=2025-08-26 00:00:00+00:00
[2025-08-26T17:28:21.858+0100] {processor.py:183} INFO - Processing /Users/vlad.alex995/Desktop/de-sprint/.venv-airflow/lib/python3.11/site-packages/airflow/example_dags/example_setup_teardown_taskflow.py took 0.061 seconds
[2025-08-26T17:29:56.152+0100] {processor.py:161} INFO - Started process (PID=35531) to work on /Users/vlad.alex995/Desktop/de-sprint/.venv-airflow/lib/python3.11/site-packages/airflow/example_dags/example_setup_teardown_taskflow.py
[2025-08-26T17:29:56.153+0100] {processor.py:830} INFO - Processing file /Users/vlad.alex995/Desktop/de-sprint/.venv-airflow/lib/python3.11/site-packages/airflow/example_dags/example_setup_teardown_taskflow.py for tasks to queue
[2025-08-26T17:29:56.153+0100] {logging_mixin.py:188} INFO - [2025-08-26T17:29:56.153+0100] {dagbag.py:545} INFO - Filling up the DagBag from /Users/vlad.alex995/Desktop/de-sprint/.venv-airflow/lib/python3.11/site-packages/airflow/example_dags/example_setup_teardown_taskflow.py
[2025-08-26T17:29:56.169+0100] {processor.py:840} INFO - DAG(s) 'example_setup_teardown_taskflow' retrieved from /Users/vlad.alex995/Desktop/de-sprint/.venv-airflow/lib/python3.11/site-packages/airflow/example_dags/example_setup_teardown_taskflow.py
[2025-08-26T17:29:56.202+0100] {logging_mixin.py:188} INFO - [2025-08-26T17:29:56.202+0100] {dag.py:3089} INFO - Sync 1 DAGs
[2025-08-26T17:29:56.208+0100] {logging_mixin.py:188} INFO - [2025-08-26T17:29:56.208+0100] {dag.py:3947} INFO - Setting next_dagrun for example_setup_teardown_taskflow to 2025-08-25 00:00:00+00:00, run_after=2025-08-26 00:00:00+00:00
[2025-08-26T17:29:56.215+0100] {processor.py:183} INFO - Processing /Users/vlad.alex995/Desktop/de-sprint/.venv-airflow/lib/python3.11/site-packages/airflow/example_dags/example_setup_teardown_taskflow.py took 0.063 seconds
[2025-08-26T17:31:25.492+0100] {processor.py:161} INFO - Started process (PID=35601) to work on /Users/vlad.alex995/Desktop/de-sprint/.venv-airflow/lib/python3.11/site-packages/airflow/example_dags/example_setup_teardown_taskflow.py
[2025-08-26T17:31:25.493+0100] {processor.py:830} INFO - Processing file /Users/vlad.alex995/Desktop/de-sprint/.venv-airflow/lib/python3.11/site-packages/airflow/example_dags/example_setup_teardown_taskflow.py for tasks to queue
[2025-08-26T17:31:25.493+0100] {logging_mixin.py:188} INFO - [2025-08-26T17:31:25.493+0100] {dagbag.py:545} INFO - Filling up the DagBag from /Users/vlad.alex995/Desktop/de-sprint/.venv-airflow/lib/python3.11/site-packages/airflow/example_dags/example_setup_teardown_taskflow.py
[2025-08-26T17:31:25.506+0100] {processor.py:840} INFO - DAG(s) 'example_setup_teardown_taskflow' retrieved from /Users/vlad.alex995/Desktop/de-sprint/.venv-airflow/lib/python3.11/site-packages/airflow/example_dags/example_setup_teardown_taskflow.py
[2025-08-26T17:31:25.535+0100] {logging_mixin.py:188} INFO - [2025-08-26T17:31:25.535+0100] {dag.py:3089} INFO - Sync 1 DAGs
[2025-08-26T17:31:25.540+0100] {logging_mixin.py:188} INFO - [2025-08-26T17:31:25.540+0100] {dag.py:3947} INFO - Setting next_dagrun for example_setup_teardown_taskflow to 2025-08-25 00:00:00+00:00, run_after=2025-08-26 00:00:00+00:00
[2025-08-26T17:31:25.546+0100] {processor.py:183} INFO - Processing /Users/vlad.alex995/Desktop/de-sprint/.venv-airflow/lib/python3.11/site-packages/airflow/example_dags/example_setup_teardown_taskflow.py took 0.055 seconds
[2025-08-26T17:32:55.687+0100] {processor.py:161} INFO - Started process (PID=35992) to work on /Users/vlad.alex995/Desktop/de-sprint/.venv-airflow/lib/python3.11/site-packages/airflow/example_dags/example_setup_teardown_taskflow.py
[2025-08-26T17:32:55.689+0100] {processor.py:830} INFO - Processing file /Users/vlad.alex995/Desktop/de-sprint/.venv-airflow/lib/python3.11/site-packages/airflow/example_dags/example_setup_teardown_taskflow.py for tasks to queue
[2025-08-26T17:32:55.689+0100] {logging_mixin.py:188} INFO - [2025-08-26T17:32:55.689+0100] {dagbag.py:545} INFO - Filling up the DagBag from /Users/vlad.alex995/Desktop/de-sprint/.venv-airflow/lib/python3.11/site-packages/airflow/example_dags/example_setup_teardown_taskflow.py
[2025-08-26T17:32:55.704+0100] {processor.py:840} INFO - DAG(s) 'example_setup_teardown_taskflow' retrieved from /Users/vlad.alex995/Desktop/de-sprint/.venv-airflow/lib/python3.11/site-packages/airflow/example_dags/example_setup_teardown_taskflow.py
[2025-08-26T17:32:55.736+0100] {logging_mixin.py:188} INFO - [2025-08-26T17:32:55.736+0100] {dag.py:3089} INFO - Sync 1 DAGs
[2025-08-26T17:32:55.741+0100] {logging_mixin.py:188} INFO - [2025-08-26T17:32:55.741+0100] {dag.py:3947} INFO - Setting next_dagrun for example_setup_teardown_taskflow to 2025-08-25 00:00:00+00:00, run_after=2025-08-26 00:00:00+00:00
[2025-08-26T17:32:55.747+0100] {processor.py:183} INFO - Processing /Users/vlad.alex995/Desktop/de-sprint/.venv-airflow/lib/python3.11/site-packages/airflow/example_dags/example_setup_teardown_taskflow.py took 0.061 seconds
[2025-08-26T18:11:14.385+0100] {processor.py:161} INFO - Started process (PID=37418) to work on /Users/vlad.alex995/Desktop/de-sprint/.venv-airflow/lib/python3.11/site-packages/airflow/example_dags/example_setup_teardown_taskflow.py
[2025-08-26T18:11:14.388+0100] {processor.py:830} INFO - Processing file /Users/vlad.alex995/Desktop/de-sprint/.venv-airflow/lib/python3.11/site-packages/airflow/example_dags/example_setup_teardown_taskflow.py for tasks to queue
[2025-08-26T18:11:14.389+0100] {logging_mixin.py:188} INFO - [2025-08-26T18:11:14.389+0100] {dagbag.py:545} INFO - Filling up the DagBag from /Users/vlad.alex995/Desktop/de-sprint/.venv-airflow/lib/python3.11/site-packages/airflow/example_dags/example_setup_teardown_taskflow.py
[2025-08-26T18:11:14.402+0100] {processor.py:840} INFO - DAG(s) 'example_setup_teardown_taskflow' retrieved from /Users/vlad.alex995/Desktop/de-sprint/.venv-airflow/lib/python3.11/site-packages/airflow/example_dags/example_setup_teardown_taskflow.py
[2025-08-26T18:11:14.430+0100] {logging_mixin.py:188} INFO - [2025-08-26T18:11:14.430+0100] {dag.py:3089} INFO - Sync 1 DAGs
[2025-08-26T18:11:14.436+0100] {logging_mixin.py:188} INFO - [2025-08-26T18:11:14.435+0100] {dag.py:3947} INFO - Setting next_dagrun for example_setup_teardown_taskflow to 2025-08-25 00:00:00+00:00, run_after=2025-08-26 00:00:00+00:00
[2025-08-26T18:11:14.442+0100] {processor.py:183} INFO - Processing /Users/vlad.alex995/Desktop/de-sprint/.venv-airflow/lib/python3.11/site-packages/airflow/example_dags/example_setup_teardown_taskflow.py took 0.058 seconds
[2025-08-26T18:12:32.653+0100] {processor.py:161} INFO - Started process (PID=37475) to work on /Users/vlad.alex995/Desktop/de-sprint/.venv-airflow/lib/python3.11/site-packages/airflow/example_dags/example_setup_teardown_taskflow.py
[2025-08-26T18:12:32.654+0100] {processor.py:830} INFO - Processing file /Users/vlad.alex995/Desktop/de-sprint/.venv-airflow/lib/python3.11/site-packages/airflow/example_dags/example_setup_teardown_taskflow.py for tasks to queue
[2025-08-26T18:12:32.654+0100] {logging_mixin.py:188} INFO - [2025-08-26T18:12:32.654+0100] {dagbag.py:545} INFO - Filling up the DagBag from /Users/vlad.alex995/Desktop/de-sprint/.venv-airflow/lib/python3.11/site-packages/airflow/example_dags/example_setup_teardown_taskflow.py
[2025-08-26T18:12:32.668+0100] {processor.py:840} INFO - DAG(s) 'example_setup_teardown_taskflow' retrieved from /Users/vlad.alex995/Desktop/de-sprint/.venv-airflow/lib/python3.11/site-packages/airflow/example_dags/example_setup_teardown_taskflow.py
[2025-08-26T18:12:32.697+0100] {logging_mixin.py:188} INFO - [2025-08-26T18:12:32.696+0100] {dag.py:3089} INFO - Sync 1 DAGs
[2025-08-26T18:12:32.701+0100] {logging_mixin.py:188} INFO - [2025-08-26T18:12:32.701+0100] {dag.py:3947} INFO - Setting next_dagrun for example_setup_teardown_taskflow to 2025-08-25 00:00:00+00:00, run_after=2025-08-26 00:00:00+00:00
[2025-08-26T18:12:32.706+0100] {processor.py:183} INFO - Processing /Users/vlad.alex995/Desktop/de-sprint/.venv-airflow/lib/python3.11/site-packages/airflow/example_dags/example_setup_teardown_taskflow.py took 0.054 seconds
[2025-08-26T18:13:58.316+0100] {processor.py:161} INFO - Started process (PID=37550) to work on /Users/vlad.alex995/Desktop/de-sprint/.venv-airflow/lib/python3.11/site-packages/airflow/example_dags/example_setup_teardown_taskflow.py
[2025-08-26T18:13:58.318+0100] {processor.py:830} INFO - Processing file /Users/vlad.alex995/Desktop/de-sprint/.venv-airflow/lib/python3.11/site-packages/airflow/example_dags/example_setup_teardown_taskflow.py for tasks to queue
[2025-08-26T18:13:58.318+0100] {logging_mixin.py:188} INFO - [2025-08-26T18:13:58.318+0100] {dagbag.py:545} INFO - Filling up the DagBag from /Users/vlad.alex995/Desktop/de-sprint/.venv-airflow/lib/python3.11/site-packages/airflow/example_dags/example_setup_teardown_taskflow.py
[2025-08-26T18:13:58.333+0100] {processor.py:840} INFO - DAG(s) 'example_setup_teardown_taskflow' retrieved from /Users/vlad.alex995/Desktop/de-sprint/.venv-airflow/lib/python3.11/site-packages/airflow/example_dags/example_setup_teardown_taskflow.py
[2025-08-26T18:13:58.365+0100] {logging_mixin.py:188} INFO - [2025-08-26T18:13:58.365+0100] {dag.py:3089} INFO - Sync 1 DAGs
[2025-08-26T18:13:58.370+0100] {logging_mixin.py:188} INFO - [2025-08-26T18:13:58.370+0100] {dag.py:3947} INFO - Setting next_dagrun for example_setup_teardown_taskflow to 2025-08-25 00:00:00+00:00, run_after=2025-08-26 00:00:00+00:00
[2025-08-26T18:13:58.376+0100] {processor.py:183} INFO - Processing /Users/vlad.alex995/Desktop/de-sprint/.venv-airflow/lib/python3.11/site-packages/airflow/example_dags/example_setup_teardown_taskflow.py took 0.061 seconds
[2025-08-26T18:15:29.987+0100] {processor.py:161} INFO - Started process (PID=38010) to work on /Users/vlad.alex995/Desktop/de-sprint/.venv-airflow/lib/python3.11/site-packages/airflow/example_dags/example_setup_teardown_taskflow.py
[2025-08-26T18:15:29.989+0100] {processor.py:830} INFO - Processing file /Users/vlad.alex995/Desktop/de-sprint/.venv-airflow/lib/python3.11/site-packages/airflow/example_dags/example_setup_teardown_taskflow.py for tasks to queue
[2025-08-26T18:15:29.989+0100] {logging_mixin.py:188} INFO - [2025-08-26T18:15:29.989+0100] {dagbag.py:545} INFO - Filling up the DagBag from /Users/vlad.alex995/Desktop/de-sprint/.venv-airflow/lib/python3.11/site-packages/airflow/example_dags/example_setup_teardown_taskflow.py
[2025-08-26T18:15:30.004+0100] {processor.py:840} INFO - DAG(s) 'example_setup_teardown_taskflow' retrieved from /Users/vlad.alex995/Desktop/de-sprint/.venv-airflow/lib/python3.11/site-packages/airflow/example_dags/example_setup_teardown_taskflow.py
[2025-08-26T18:15:30.035+0100] {logging_mixin.py:188} INFO - [2025-08-26T18:15:30.035+0100] {dag.py:3089} INFO - Sync 1 DAGs
[2025-08-26T18:15:30.040+0100] {logging_mixin.py:188} INFO - [2025-08-26T18:15:30.040+0100] {dag.py:3947} INFO - Setting next_dagrun for example_setup_teardown_taskflow to 2025-08-25 00:00:00+00:00, run_after=2025-08-26 00:00:00+00:00
[2025-08-26T18:15:30.047+0100] {processor.py:183} INFO - Processing /Users/vlad.alex995/Desktop/de-sprint/.venv-airflow/lib/python3.11/site-packages/airflow/example_dags/example_setup_teardown_taskflow.py took 0.060 seconds
[2025-08-26T18:17:01.249+0100] {processor.py:161} INFO - Started process (PID=38085) to work on /Users/vlad.alex995/Desktop/de-sprint/.venv-airflow/lib/python3.11/site-packages/airflow/example_dags/example_setup_teardown_taskflow.py
[2025-08-26T18:17:01.250+0100] {processor.py:830} INFO - Processing file /Users/vlad.alex995/Desktop/de-sprint/.venv-airflow/lib/python3.11/site-packages/airflow/example_dags/example_setup_teardown_taskflow.py for tasks to queue
[2025-08-26T18:17:01.250+0100] {logging_mixin.py:188} INFO - [2025-08-26T18:17:01.250+0100] {dagbag.py:545} INFO - Filling up the DagBag from /Users/vlad.alex995/Desktop/de-sprint/.venv-airflow/lib/python3.11/site-packages/airflow/example_dags/example_setup_teardown_taskflow.py
[2025-08-26T18:17:01.264+0100] {processor.py:840} INFO - DAG(s) 'example_setup_teardown_taskflow' retrieved from /Users/vlad.alex995/Desktop/de-sprint/.venv-airflow/lib/python3.11/site-packages/airflow/example_dags/example_setup_teardown_taskflow.py
[2025-08-26T18:17:01.293+0100] {logging_mixin.py:188} INFO - [2025-08-26T18:17:01.293+0100] {dag.py:3089} INFO - Sync 1 DAGs
[2025-08-26T18:17:01.298+0100] {logging_mixin.py:188} INFO - [2025-08-26T18:17:01.297+0100] {dag.py:3947} INFO - Setting next_dagrun for example_setup_teardown_taskflow to 2025-08-25 00:00:00+00:00, run_after=2025-08-26 00:00:00+00:00
[2025-08-26T18:17:01.303+0100] {processor.py:183} INFO - Processing /Users/vlad.alex995/Desktop/de-sprint/.venv-airflow/lib/python3.11/site-packages/airflow/example_dags/example_setup_teardown_taskflow.py took 0.055 seconds
[2025-08-26T18:18:41.788+0100] {processor.py:161} INFO - Started process (PID=38447) to work on /Users/vlad.alex995/Desktop/de-sprint/.venv-airflow/lib/python3.11/site-packages/airflow/example_dags/example_setup_teardown_taskflow.py
[2025-08-26T18:18:41.789+0100] {processor.py:830} INFO - Processing file /Users/vlad.alex995/Desktop/de-sprint/.venv-airflow/lib/python3.11/site-packages/airflow/example_dags/example_setup_teardown_taskflow.py for tasks to queue
[2025-08-26T18:18:41.789+0100] {logging_mixin.py:188} INFO - [2025-08-26T18:18:41.789+0100] {dagbag.py:545} INFO - Filling up the DagBag from /Users/vlad.alex995/Desktop/de-sprint/.venv-airflow/lib/python3.11/site-packages/airflow/example_dags/example_setup_teardown_taskflow.py
[2025-08-26T18:18:41.805+0100] {processor.py:840} INFO - DAG(s) 'example_setup_teardown_taskflow' retrieved from /Users/vlad.alex995/Desktop/de-sprint/.venv-airflow/lib/python3.11/site-packages/airflow/example_dags/example_setup_teardown_taskflow.py
[2025-08-26T18:18:41.838+0100] {logging_mixin.py:188} INFO - [2025-08-26T18:18:41.838+0100] {dag.py:3089} INFO - Sync 1 DAGs
[2025-08-26T18:18:41.843+0100] {logging_mixin.py:188} INFO - [2025-08-26T18:18:41.843+0100] {dag.py:3947} INFO - Setting next_dagrun for example_setup_teardown_taskflow to 2025-08-25 00:00:00+00:00, run_after=2025-08-26 00:00:00+00:00
[2025-08-26T18:18:41.850+0100] {processor.py:183} INFO - Processing /Users/vlad.alex995/Desktop/de-sprint/.venv-airflow/lib/python3.11/site-packages/airflow/example_dags/example_setup_teardown_taskflow.py took 0.063 seconds
[2025-08-26T18:19:41.860+0100] {processor.py:161} INFO - Started process (PID=38875) to work on /Users/vlad.alex995/Desktop/de-sprint/.venv-airflow/lib/python3.11/site-packages/airflow/example_dags/example_setup_teardown_taskflow.py
[2025-08-26T18:19:41.862+0100] {processor.py:830} INFO - Processing file /Users/vlad.alex995/Desktop/de-sprint/.venv-airflow/lib/python3.11/site-packages/airflow/example_dags/example_setup_teardown_taskflow.py for tasks to queue
[2025-08-26T18:19:41.862+0100] {logging_mixin.py:188} INFO - [2025-08-26T18:19:41.862+0100] {dagbag.py:545} INFO - Filling up the DagBag from /Users/vlad.alex995/Desktop/de-sprint/.venv-airflow/lib/python3.11/site-packages/airflow/example_dags/example_setup_teardown_taskflow.py
[2025-08-26T18:19:41.876+0100] {processor.py:840} INFO - DAG(s) 'example_setup_teardown_taskflow' retrieved from /Users/vlad.alex995/Desktop/de-sprint/.venv-airflow/lib/python3.11/site-packages/airflow/example_dags/example_setup_teardown_taskflow.py
[2025-08-26T18:19:41.906+0100] {logging_mixin.py:188} INFO - [2025-08-26T18:19:41.906+0100] {dag.py:3089} INFO - Sync 1 DAGs
[2025-08-26T18:19:41.911+0100] {logging_mixin.py:188} INFO - [2025-08-26T18:19:41.910+0100] {dag.py:3947} INFO - Setting next_dagrun for example_setup_teardown_taskflow to 2025-08-25 00:00:00+00:00, run_after=2025-08-26 00:00:00+00:00
[2025-08-26T18:19:41.916+0100] {processor.py:183} INFO - Processing /Users/vlad.alex995/Desktop/de-sprint/.venv-airflow/lib/python3.11/site-packages/airflow/example_dags/example_setup_teardown_taskflow.py took 0.057 seconds
[2025-08-26T18:20:58.216+0100] {processor.py:161} INFO - Started process (PID=38954) to work on /Users/vlad.alex995/Desktop/de-sprint/.venv-airflow/lib/python3.11/site-packages/airflow/example_dags/example_setup_teardown_taskflow.py
[2025-08-26T18:20:58.217+0100] {processor.py:830} INFO - Processing file /Users/vlad.alex995/Desktop/de-sprint/.venv-airflow/lib/python3.11/site-packages/airflow/example_dags/example_setup_teardown_taskflow.py for tasks to queue
[2025-08-26T18:20:58.217+0100] {logging_mixin.py:188} INFO - [2025-08-26T18:20:58.217+0100] {dagbag.py:545} INFO - Filling up the DagBag from /Users/vlad.alex995/Desktop/de-sprint/.venv-airflow/lib/python3.11/site-packages/airflow/example_dags/example_setup_teardown_taskflow.py
[2025-08-26T18:20:58.232+0100] {processor.py:840} INFO - DAG(s) 'example_setup_teardown_taskflow' retrieved from /Users/vlad.alex995/Desktop/de-sprint/.venv-airflow/lib/python3.11/site-packages/airflow/example_dags/example_setup_teardown_taskflow.py
[2025-08-26T18:20:58.263+0100] {logging_mixin.py:188} INFO - [2025-08-26T18:20:58.263+0100] {dag.py:3089} INFO - Sync 1 DAGs
[2025-08-26T18:20:58.268+0100] {logging_mixin.py:188} INFO - [2025-08-26T18:20:58.268+0100] {dag.py:3947} INFO - Setting next_dagrun for example_setup_teardown_taskflow to 2025-08-25 00:00:00+00:00, run_after=2025-08-26 00:00:00+00:00
[2025-08-26T18:20:58.274+0100] {processor.py:183} INFO - Processing /Users/vlad.alex995/Desktop/de-sprint/.venv-airflow/lib/python3.11/site-packages/airflow/example_dags/example_setup_teardown_taskflow.py took 0.059 seconds
[2025-08-26T18:22:30.918+0100] {processor.py:161} INFO - Started process (PID=39027) to work on /Users/vlad.alex995/Desktop/de-sprint/.venv-airflow/lib/python3.11/site-packages/airflow/example_dags/example_setup_teardown_taskflow.py
[2025-08-26T18:22:30.918+0100] {processor.py:830} INFO - Processing file /Users/vlad.alex995/Desktop/de-sprint/.venv-airflow/lib/python3.11/site-packages/airflow/example_dags/example_setup_teardown_taskflow.py for tasks to queue
[2025-08-26T18:22:30.918+0100] {logging_mixin.py:188} INFO - [2025-08-26T18:22:30.918+0100] {dagbag.py:545} INFO - Filling up the DagBag from /Users/vlad.alex995/Desktop/de-sprint/.venv-airflow/lib/python3.11/site-packages/airflow/example_dags/example_setup_teardown_taskflow.py
[2025-08-26T18:22:30.932+0100] {processor.py:840} INFO - DAG(s) 'example_setup_teardown_taskflow' retrieved from /Users/vlad.alex995/Desktop/de-sprint/.venv-airflow/lib/python3.11/site-packages/airflow/example_dags/example_setup_teardown_taskflow.py
[2025-08-26T18:22:30.960+0100] {logging_mixin.py:188} INFO - [2025-08-26T18:22:30.960+0100] {dag.py:3089} INFO - Sync 1 DAGs
[2025-08-26T18:22:30.965+0100] {logging_mixin.py:188} INFO - [2025-08-26T18:22:30.965+0100] {dag.py:3947} INFO - Setting next_dagrun for example_setup_teardown_taskflow to 2025-08-25 00:00:00+00:00, run_after=2025-08-26 00:00:00+00:00
[2025-08-26T18:22:30.970+0100] {processor.py:183} INFO - Processing /Users/vlad.alex995/Desktop/de-sprint/.venv-airflow/lib/python3.11/site-packages/airflow/example_dags/example_setup_teardown_taskflow.py took 0.053 seconds
[2025-08-26T18:23:56.424+0100] {processor.py:161} INFO - Started process (PID=39093) to work on /Users/vlad.alex995/Desktop/de-sprint/.venv-airflow/lib/python3.11/site-packages/airflow/example_dags/example_setup_teardown_taskflow.py
[2025-08-26T18:23:56.425+0100] {processor.py:830} INFO - Processing file /Users/vlad.alex995/Desktop/de-sprint/.venv-airflow/lib/python3.11/site-packages/airflow/example_dags/example_setup_teardown_taskflow.py for tasks to queue
[2025-08-26T18:23:56.425+0100] {logging_mixin.py:188} INFO - [2025-08-26T18:23:56.425+0100] {dagbag.py:545} INFO - Filling up the DagBag from /Users/vlad.alex995/Desktop/de-sprint/.venv-airflow/lib/python3.11/site-packages/airflow/example_dags/example_setup_teardown_taskflow.py
[2025-08-26T18:23:56.438+0100] {processor.py:840} INFO - DAG(s) 'example_setup_teardown_taskflow' retrieved from /Users/vlad.alex995/Desktop/de-sprint/.venv-airflow/lib/python3.11/site-packages/airflow/example_dags/example_setup_teardown_taskflow.py
[2025-08-26T18:23:56.467+0100] {logging_mixin.py:188} INFO - [2025-08-26T18:23:56.467+0100] {dag.py:3089} INFO - Sync 1 DAGs
[2025-08-26T18:23:56.472+0100] {logging_mixin.py:188} INFO - [2025-08-26T18:23:56.472+0100] {dag.py:3947} INFO - Setting next_dagrun for example_setup_teardown_taskflow to 2025-08-25 00:00:00+00:00, run_after=2025-08-26 00:00:00+00:00
[2025-08-26T18:23:56.477+0100] {processor.py:183} INFO - Processing /Users/vlad.alex995/Desktop/de-sprint/.venv-airflow/lib/python3.11/site-packages/airflow/example_dags/example_setup_teardown_taskflow.py took 0.055 seconds
[2025-08-26T18:25:27.264+0100] {processor.py:161} INFO - Started process (PID=39179) to work on /Users/vlad.alex995/Desktop/de-sprint/.venv-airflow/lib/python3.11/site-packages/airflow/example_dags/example_setup_teardown_taskflow.py
[2025-08-26T18:25:27.265+0100] {processor.py:830} INFO - Processing file /Users/vlad.alex995/Desktop/de-sprint/.venv-airflow/lib/python3.11/site-packages/airflow/example_dags/example_setup_teardown_taskflow.py for tasks to queue
[2025-08-26T18:25:27.265+0100] {logging_mixin.py:188} INFO - [2025-08-26T18:25:27.265+0100] {dagbag.py:545} INFO - Filling up the DagBag from /Users/vlad.alex995/Desktop/de-sprint/.venv-airflow/lib/python3.11/site-packages/airflow/example_dags/example_setup_teardown_taskflow.py
[2025-08-26T18:25:27.280+0100] {processor.py:840} INFO - DAG(s) 'example_setup_teardown_taskflow' retrieved from /Users/vlad.alex995/Desktop/de-sprint/.venv-airflow/lib/python3.11/site-packages/airflow/example_dags/example_setup_teardown_taskflow.py
[2025-08-26T18:25:27.309+0100] {logging_mixin.py:188} INFO - [2025-08-26T18:25:27.309+0100] {dag.py:3089} INFO - Sync 1 DAGs
[2025-08-26T18:25:27.313+0100] {logging_mixin.py:188} INFO - [2025-08-26T18:25:27.313+0100] {dag.py:3947} INFO - Setting next_dagrun for example_setup_teardown_taskflow to 2025-08-25 00:00:00+00:00, run_after=2025-08-26 00:00:00+00:00
[2025-08-26T18:25:27.319+0100] {processor.py:183} INFO - Processing /Users/vlad.alex995/Desktop/de-sprint/.venv-airflow/lib/python3.11/site-packages/airflow/example_dags/example_setup_teardown_taskflow.py took 0.056 seconds
[2025-08-26T18:27:32.647+0100] {processor.py:161} INFO - Started process (PID=39678) to work on /Users/vlad.alex995/Desktop/de-sprint/.venv-airflow/lib/python3.11/site-packages/airflow/example_dags/example_setup_teardown_taskflow.py
[2025-08-26T18:27:32.648+0100] {processor.py:830} INFO - Processing file /Users/vlad.alex995/Desktop/de-sprint/.venv-airflow/lib/python3.11/site-packages/airflow/example_dags/example_setup_teardown_taskflow.py for tasks to queue
[2025-08-26T18:27:32.648+0100] {logging_mixin.py:188} INFO - [2025-08-26T18:27:32.648+0100] {dagbag.py:545} INFO - Filling up the DagBag from /Users/vlad.alex995/Desktop/de-sprint/.venv-airflow/lib/python3.11/site-packages/airflow/example_dags/example_setup_teardown_taskflow.py
[2025-08-26T18:27:32.663+0100] {processor.py:840} INFO - DAG(s) 'example_setup_teardown_taskflow' retrieved from /Users/vlad.alex995/Desktop/de-sprint/.venv-airflow/lib/python3.11/site-packages/airflow/example_dags/example_setup_teardown_taskflow.py
[2025-08-26T18:27:32.694+0100] {logging_mixin.py:188} INFO - [2025-08-26T18:27:32.694+0100] {dag.py:3089} INFO - Sync 1 DAGs
[2025-08-26T18:27:32.699+0100] {logging_mixin.py:188} INFO - [2025-08-26T18:27:32.699+0100] {dag.py:3947} INFO - Setting next_dagrun for example_setup_teardown_taskflow to 2025-08-25 00:00:00+00:00, run_after=2025-08-26 00:00:00+00:00
[2025-08-26T18:27:32.705+0100] {processor.py:183} INFO - Processing /Users/vlad.alex995/Desktop/de-sprint/.venv-airflow/lib/python3.11/site-packages/airflow/example_dags/example_setup_teardown_taskflow.py took 0.059 seconds
[2025-08-26T18:29:53.261+0100] {processor.py:161} INFO - Started process (PID=40107) to work on /Users/vlad.alex995/Desktop/de-sprint/.venv-airflow/lib/python3.11/site-packages/airflow/example_dags/example_setup_teardown_taskflow.py
[2025-08-26T18:29:53.264+0100] {processor.py:830} INFO - Processing file /Users/vlad.alex995/Desktop/de-sprint/.venv-airflow/lib/python3.11/site-packages/airflow/example_dags/example_setup_teardown_taskflow.py for tasks to queue
[2025-08-26T18:29:53.264+0100] {logging_mixin.py:188} INFO - [2025-08-26T18:29:53.264+0100] {dagbag.py:545} INFO - Filling up the DagBag from /Users/vlad.alex995/Desktop/de-sprint/.venv-airflow/lib/python3.11/site-packages/airflow/example_dags/example_setup_teardown_taskflow.py
[2025-08-26T18:29:53.282+0100] {processor.py:840} INFO - DAG(s) 'example_setup_teardown_taskflow' retrieved from /Users/vlad.alex995/Desktop/de-sprint/.venv-airflow/lib/python3.11/site-packages/airflow/example_dags/example_setup_teardown_taskflow.py
[2025-08-26T18:29:53.316+0100] {logging_mixin.py:188} INFO - [2025-08-26T18:29:53.316+0100] {dag.py:3089} INFO - Sync 1 DAGs
[2025-08-26T18:29:53.323+0100] {logging_mixin.py:188} INFO - [2025-08-26T18:29:53.322+0100] {dag.py:3947} INFO - Setting next_dagrun for example_setup_teardown_taskflow to 2025-08-25 00:00:00+00:00, run_after=2025-08-26 00:00:00+00:00
[2025-08-26T18:29:53.329+0100] {processor.py:183} INFO - Processing /Users/vlad.alex995/Desktop/de-sprint/.venv-airflow/lib/python3.11/site-packages/airflow/example_dags/example_setup_teardown_taskflow.py took 0.069 seconds
