[2025-08-26T17:25:27.470+0100] {processor.py:161} INFO - Started process (PID=35326) to work on /Users/vlad.alex995/Desktop/de-sprint/.venv-airflow/lib/python3.11/site-packages/airflow/example_dags/example_short_circuit_operator.py
[2025-08-26T17:25:27.470+0100] {processor.py:830} INFO - Processing file /Users/vlad.alex995/Desktop/de-sprint/.venv-airflow/lib/python3.11/site-packages/airflow/example_dags/example_short_circuit_operator.py for tasks to queue
[2025-08-26T17:25:27.470+0100] {logging_mixin.py:188} INFO - [2025-08-26T17:25:27.470+0100] {dagbag.py:545} INFO - Filling up the DagBag from /Users/vlad.alex995/Desktop/de-sprint/.venv-airflow/lib/python3.11/site-packages/airflow/example_dags/example_short_circuit_operator.py
[2025-08-26T17:25:27.481+0100] {processor.py:840} INFO - DAG(s) 'example_short_circuit_operator' retrieved from /Users/vlad.alex995/Desktop/de-sprint/.venv-airflow/lib/python3.11/site-packages/airflow/example_dags/example_short_circuit_operator.py
[2025-08-26T17:25:27.538+0100] {logging_mixin.py:188} INFO - [2025-08-26T17:25:27.538+0100] {override.py:1858} INFO - Created Permission View: can edit on DAG:example_short_circuit_operator
[2025-08-26T17:25:27.541+0100] {logging_mixin.py:188} INFO - [2025-08-26T17:25:27.541+0100] {override.py:1858} INFO - Created Permission View: can read on DAG:example_short_circuit_operator
[2025-08-26T17:25:27.543+0100] {logging_mixin.py:188} INFO - [2025-08-26T17:25:27.543+0100] {override.py:1858} INFO - Created Permission View: can delete on DAG:example_short_circuit_operator
[2025-08-26T17:25:27.543+0100] {logging_mixin.py:188} INFO - [2025-08-26T17:25:27.543+0100] {dag.py:3089} INFO - Sync 1 DAGs
[2025-08-26T17:25:27.546+0100] {logging_mixin.py:188} INFO - [2025-08-26T17:25:27.546+0100] {dag.py:3111} INFO - Creating ORM DAG for example_short_circuit_operator
[2025-08-26T17:25:27.549+0100] {logging_mixin.py:188} INFO - [2025-08-26T17:25:27.549+0100] {dag.py:3947} INFO - Setting next_dagrun for example_short_circuit_operator to 2025-08-25 00:00:00+00:00, run_after=2025-08-26 00:00:00+00:00
[2025-08-26T17:25:27.582+0100] {processor.py:183} INFO - Processing /Users/vlad.alex995/Desktop/de-sprint/.venv-airflow/lib/python3.11/site-packages/airflow/example_dags/example_short_circuit_operator.py took 0.113 seconds
[2025-08-26T17:26:46.936+0100] {processor.py:161} INFO - Started process (PID=35385) to work on /Users/vlad.alex995/Desktop/de-sprint/.venv-airflow/lib/python3.11/site-packages/airflow/example_dags/example_short_circuit_operator.py
[2025-08-26T17:26:46.936+0100] {processor.py:830} INFO - Processing file /Users/vlad.alex995/Desktop/de-sprint/.venv-airflow/lib/python3.11/site-packages/airflow/example_dags/example_short_circuit_operator.py for tasks to queue
[2025-08-26T17:26:46.937+0100] {logging_mixin.py:188} INFO - [2025-08-26T17:26:46.937+0100] {dagbag.py:545} INFO - Filling up the DagBag from /Users/vlad.alex995/Desktop/de-sprint/.venv-airflow/lib/python3.11/site-packages/airflow/example_dags/example_short_circuit_operator.py
[2025-08-26T17:26:46.948+0100] {processor.py:840} INFO - DAG(s) 'example_short_circuit_operator' retrieved from /Users/vlad.alex995/Desktop/de-sprint/.venv-airflow/lib/python3.11/site-packages/airflow/example_dags/example_short_circuit_operator.py
[2025-08-26T17:26:46.979+0100] {logging_mixin.py:188} INFO - [2025-08-26T17:26:46.979+0100] {dag.py:3089} INFO - Sync 1 DAGs
[2025-08-26T17:26:46.984+0100] {logging_mixin.py:188} INFO - [2025-08-26T17:26:46.984+0100] {dag.py:3947} INFO - Setting next_dagrun for example_short_circuit_operator to 2025-08-25 00:00:00+00:00, run_after=2025-08-26 00:00:00+00:00
[2025-08-26T17:26:46.991+0100] {processor.py:183} INFO - Processing /Users/vlad.alex995/Desktop/de-sprint/.venv-airflow/lib/python3.11/site-packages/airflow/example_dags/example_short_circuit_operator.py took 0.056 seconds
[2025-08-26T17:28:19.085+0100] {processor.py:161} INFO - Started process (PID=35458) to work on /Users/vlad.alex995/Desktop/de-sprint/.venv-airflow/lib/python3.11/site-packages/airflow/example_dags/example_short_circuit_operator.py
[2025-08-26T17:28:19.086+0100] {processor.py:830} INFO - Processing file /Users/vlad.alex995/Desktop/de-sprint/.venv-airflow/lib/python3.11/site-packages/airflow/example_dags/example_short_circuit_operator.py for tasks to queue
[2025-08-26T17:28:19.086+0100] {logging_mixin.py:188} INFO - [2025-08-26T17:28:19.086+0100] {dagbag.py:545} INFO - Filling up the DagBag from /Users/vlad.alex995/Desktop/de-sprint/.venv-airflow/lib/python3.11/site-packages/airflow/example_dags/example_short_circuit_operator.py
[2025-08-26T17:28:19.096+0100] {processor.py:840} INFO - DAG(s) 'example_short_circuit_operator' retrieved from /Users/vlad.alex995/Desktop/de-sprint/.venv-airflow/lib/python3.11/site-packages/airflow/example_dags/example_short_circuit_operator.py
[2025-08-26T17:28:19.126+0100] {logging_mixin.py:188} INFO - [2025-08-26T17:28:19.126+0100] {dag.py:3089} INFO - Sync 1 DAGs
[2025-08-26T17:28:19.131+0100] {logging_mixin.py:188} INFO - [2025-08-26T17:28:19.131+0100] {dag.py:3947} INFO - Setting next_dagrun for example_short_circuit_operator to 2025-08-25 00:00:00+00:00, run_after=2025-08-26 00:00:00+00:00
[2025-08-26T17:28:19.137+0100] {processor.py:183} INFO - Processing /Users/vlad.alex995/Desktop/de-sprint/.venv-airflow/lib/python3.11/site-packages/airflow/example_dags/example_short_circuit_operator.py took 0.053 seconds
[2025-08-26T17:29:53.091+0100] {processor.py:161} INFO - Started process (PID=35527) to work on /Users/vlad.alex995/Desktop/de-sprint/.venv-airflow/lib/python3.11/site-packages/airflow/example_dags/example_short_circuit_operator.py
[2025-08-26T17:29:53.092+0100] {processor.py:830} INFO - Processing file /Users/vlad.alex995/Desktop/de-sprint/.venv-airflow/lib/python3.11/site-packages/airflow/example_dags/example_short_circuit_operator.py for tasks to queue
[2025-08-26T17:29:53.092+0100] {logging_mixin.py:188} INFO - [2025-08-26T17:29:53.092+0100] {dagbag.py:545} INFO - Filling up the DagBag from /Users/vlad.alex995/Desktop/de-sprint/.venv-airflow/lib/python3.11/site-packages/airflow/example_dags/example_short_circuit_operator.py
[2025-08-26T17:29:53.103+0100] {processor.py:840} INFO - DAG(s) 'example_short_circuit_operator' retrieved from /Users/vlad.alex995/Desktop/de-sprint/.venv-airflow/lib/python3.11/site-packages/airflow/example_dags/example_short_circuit_operator.py
[2025-08-26T17:29:53.133+0100] {logging_mixin.py:188} INFO - [2025-08-26T17:29:53.133+0100] {dag.py:3089} INFO - Sync 1 DAGs
[2025-08-26T17:29:53.138+0100] {logging_mixin.py:188} INFO - [2025-08-26T17:29:53.138+0100] {dag.py:3947} INFO - Setting next_dagrun for example_short_circuit_operator to 2025-08-25 00:00:00+00:00, run_after=2025-08-26 00:00:00+00:00
[2025-08-26T17:29:53.143+0100] {processor.py:183} INFO - Processing /Users/vlad.alex995/Desktop/de-sprint/.venv-airflow/lib/python3.11/site-packages/airflow/example_dags/example_short_circuit_operator.py took 0.054 seconds
[2025-08-26T17:31:22.356+0100] {processor.py:161} INFO - Started process (PID=35599) to work on /Users/vlad.alex995/Desktop/de-sprint/.venv-airflow/lib/python3.11/site-packages/airflow/example_dags/example_short_circuit_operator.py
[2025-08-26T17:31:22.357+0100] {processor.py:830} INFO - Processing file /Users/vlad.alex995/Desktop/de-sprint/.venv-airflow/lib/python3.11/site-packages/airflow/example_dags/example_short_circuit_operator.py for tasks to queue
[2025-08-26T17:31:22.357+0100] {logging_mixin.py:188} INFO - [2025-08-26T17:31:22.357+0100] {dagbag.py:545} INFO - Filling up the DagBag from /Users/vlad.alex995/Desktop/de-sprint/.venv-airflow/lib/python3.11/site-packages/airflow/example_dags/example_short_circuit_operator.py
[2025-08-26T17:31:22.368+0100] {processor.py:840} INFO - DAG(s) 'example_short_circuit_operator' retrieved from /Users/vlad.alex995/Desktop/de-sprint/.venv-airflow/lib/python3.11/site-packages/airflow/example_dags/example_short_circuit_operator.py
[2025-08-26T17:31:22.399+0100] {logging_mixin.py:188} INFO - [2025-08-26T17:31:22.399+0100] {dag.py:3089} INFO - Sync 1 DAGs
[2025-08-26T17:31:22.404+0100] {logging_mixin.py:188} INFO - [2025-08-26T17:31:22.404+0100] {dag.py:3947} INFO - Setting next_dagrun for example_short_circuit_operator to 2025-08-25 00:00:00+00:00, run_after=2025-08-26 00:00:00+00:00
[2025-08-26T17:31:22.411+0100] {processor.py:183} INFO - Processing /Users/vlad.alex995/Desktop/de-sprint/.venv-airflow/lib/python3.11/site-packages/airflow/example_dags/example_short_circuit_operator.py took 0.055 seconds
[2025-08-26T17:32:53.190+0100] {processor.py:161} INFO - Started process (PID=35989) to work on /Users/vlad.alex995/Desktop/de-sprint/.venv-airflow/lib/python3.11/site-packages/airflow/example_dags/example_short_circuit_operator.py
[2025-08-26T17:32:53.190+0100] {processor.py:830} INFO - Processing file /Users/vlad.alex995/Desktop/de-sprint/.venv-airflow/lib/python3.11/site-packages/airflow/example_dags/example_short_circuit_operator.py for tasks to queue
[2025-08-26T17:32:53.190+0100] {logging_mixin.py:188} INFO - [2025-08-26T17:32:53.190+0100] {dagbag.py:545} INFO - Filling up the DagBag from /Users/vlad.alex995/Desktop/de-sprint/.venv-airflow/lib/python3.11/site-packages/airflow/example_dags/example_short_circuit_operator.py
[2025-08-26T17:32:53.201+0100] {processor.py:840} INFO - DAG(s) 'example_short_circuit_operator' retrieved from /Users/vlad.alex995/Desktop/de-sprint/.venv-airflow/lib/python3.11/site-packages/airflow/example_dags/example_short_circuit_operator.py
[2025-08-26T17:32:53.235+0100] {logging_mixin.py:188} INFO - [2025-08-26T17:32:53.235+0100] {dag.py:3089} INFO - Sync 1 DAGs
[2025-08-26T17:32:53.241+0100] {logging_mixin.py:188} INFO - [2025-08-26T17:32:53.241+0100] {dag.py:3947} INFO - Setting next_dagrun for example_short_circuit_operator to 2025-08-25 00:00:00+00:00, run_after=2025-08-26 00:00:00+00:00
[2025-08-26T17:32:53.248+0100] {processor.py:183} INFO - Processing /Users/vlad.alex995/Desktop/de-sprint/.venv-airflow/lib/python3.11/site-packages/airflow/example_dags/example_short_circuit_operator.py took 0.059 seconds
[2025-08-26T18:11:11.087+0100] {processor.py:161} INFO - Started process (PID=37414) to work on /Users/vlad.alex995/Desktop/de-sprint/.venv-airflow/lib/python3.11/site-packages/airflow/example_dags/example_short_circuit_operator.py
[2025-08-26T18:11:11.088+0100] {processor.py:830} INFO - Processing file /Users/vlad.alex995/Desktop/de-sprint/.venv-airflow/lib/python3.11/site-packages/airflow/example_dags/example_short_circuit_operator.py for tasks to queue
[2025-08-26T18:11:11.088+0100] {logging_mixin.py:188} INFO - [2025-08-26T18:11:11.088+0100] {dagbag.py:545} INFO - Filling up the DagBag from /Users/vlad.alex995/Desktop/de-sprint/.venv-airflow/lib/python3.11/site-packages/airflow/example_dags/example_short_circuit_operator.py
[2025-08-26T18:11:11.098+0100] {processor.py:840} INFO - DAG(s) 'example_short_circuit_operator' retrieved from /Users/vlad.alex995/Desktop/de-sprint/.venv-airflow/lib/python3.11/site-packages/airflow/example_dags/example_short_circuit_operator.py
[2025-08-26T18:11:11.128+0100] {logging_mixin.py:188} INFO - [2025-08-26T18:11:11.127+0100] {dag.py:3089} INFO - Sync 1 DAGs
[2025-08-26T18:11:11.132+0100] {logging_mixin.py:188} INFO - [2025-08-26T18:11:11.132+0100] {dag.py:3947} INFO - Setting next_dagrun for example_short_circuit_operator to 2025-08-25 00:00:00+00:00, run_after=2025-08-26 00:00:00+00:00
[2025-08-26T18:11:11.138+0100] {processor.py:183} INFO - Processing /Users/vlad.alex995/Desktop/de-sprint/.venv-airflow/lib/python3.11/site-packages/airflow/example_dags/example_short_circuit_operator.py took 0.052 seconds
[2025-08-26T18:12:29.376+0100] {processor.py:161} INFO - Started process (PID=37473) to work on /Users/vlad.alex995/Desktop/de-sprint/.venv-airflow/lib/python3.11/site-packages/airflow/example_dags/example_short_circuit_operator.py
[2025-08-26T18:12:29.377+0100] {processor.py:830} INFO - Processing file /Users/vlad.alex995/Desktop/de-sprint/.venv-airflow/lib/python3.11/site-packages/airflow/example_dags/example_short_circuit_operator.py for tasks to queue
[2025-08-26T18:12:29.377+0100] {logging_mixin.py:188} INFO - [2025-08-26T18:12:29.377+0100] {dagbag.py:545} INFO - Filling up the DagBag from /Users/vlad.alex995/Desktop/de-sprint/.venv-airflow/lib/python3.11/site-packages/airflow/example_dags/example_short_circuit_operator.py
[2025-08-26T18:12:29.387+0100] {processor.py:840} INFO - DAG(s) 'example_short_circuit_operator' retrieved from /Users/vlad.alex995/Desktop/de-sprint/.venv-airflow/lib/python3.11/site-packages/airflow/example_dags/example_short_circuit_operator.py
[2025-08-26T18:12:29.417+0100] {logging_mixin.py:188} INFO - [2025-08-26T18:12:29.417+0100] {dag.py:3089} INFO - Sync 1 DAGs
[2025-08-26T18:12:29.422+0100] {logging_mixin.py:188} INFO - [2025-08-26T18:12:29.422+0100] {dag.py:3947} INFO - Setting next_dagrun for example_short_circuit_operator to 2025-08-25 00:00:00+00:00, run_after=2025-08-26 00:00:00+00:00
[2025-08-26T18:12:29.428+0100] {processor.py:183} INFO - Processing /Users/vlad.alex995/Desktop/de-sprint/.venv-airflow/lib/python3.11/site-packages/airflow/example_dags/example_short_circuit_operator.py took 0.053 seconds
[2025-08-26T18:13:54.829+0100] {processor.py:161} INFO - Started process (PID=37548) to work on /Users/vlad.alex995/Desktop/de-sprint/.venv-airflow/lib/python3.11/site-packages/airflow/example_dags/example_short_circuit_operator.py
[2025-08-26T18:13:54.830+0100] {processor.py:830} INFO - Processing file /Users/vlad.alex995/Desktop/de-sprint/.venv-airflow/lib/python3.11/site-packages/airflow/example_dags/example_short_circuit_operator.py for tasks to queue
[2025-08-26T18:13:54.830+0100] {logging_mixin.py:188} INFO - [2025-08-26T18:13:54.830+0100] {dagbag.py:545} INFO - Filling up the DagBag from /Users/vlad.alex995/Desktop/de-sprint/.venv-airflow/lib/python3.11/site-packages/airflow/example_dags/example_short_circuit_operator.py
[2025-08-26T18:13:54.841+0100] {processor.py:840} INFO - DAG(s) 'example_short_circuit_operator' retrieved from /Users/vlad.alex995/Desktop/de-sprint/.venv-airflow/lib/python3.11/site-packages/airflow/example_dags/example_short_circuit_operator.py
[2025-08-26T18:13:54.873+0100] {logging_mixin.py:188} INFO - [2025-08-26T18:13:54.873+0100] {dag.py:3089} INFO - Sync 1 DAGs
[2025-08-26T18:13:54.878+0100] {logging_mixin.py:188} INFO - [2025-08-26T18:13:54.878+0100] {dag.py:3947} INFO - Setting next_dagrun for example_short_circuit_operator to 2025-08-25 00:00:00+00:00, run_after=2025-08-26 00:00:00+00:00
[2025-08-26T18:13:54.884+0100] {processor.py:183} INFO - Processing /Users/vlad.alex995/Desktop/de-sprint/.venv-airflow/lib/python3.11/site-packages/airflow/example_dags/example_short_circuit_operator.py took 0.056 seconds
[2025-08-26T18:15:26.497+0100] {processor.py:161} INFO - Started process (PID=38008) to work on /Users/vlad.alex995/Desktop/de-sprint/.venv-airflow/lib/python3.11/site-packages/airflow/example_dags/example_short_circuit_operator.py
[2025-08-26T18:15:26.498+0100] {processor.py:830} INFO - Processing file /Users/vlad.alex995/Desktop/de-sprint/.venv-airflow/lib/python3.11/site-packages/airflow/example_dags/example_short_circuit_operator.py for tasks to queue
[2025-08-26T18:15:26.499+0100] {logging_mixin.py:188} INFO - [2025-08-26T18:15:26.499+0100] {dagbag.py:545} INFO - Filling up the DagBag from /Users/vlad.alex995/Desktop/de-sprint/.venv-airflow/lib/python3.11/site-packages/airflow/example_dags/example_short_circuit_operator.py
[2025-08-26T18:15:26.509+0100] {processor.py:840} INFO - DAG(s) 'example_short_circuit_operator' retrieved from /Users/vlad.alex995/Desktop/de-sprint/.venv-airflow/lib/python3.11/site-packages/airflow/example_dags/example_short_circuit_operator.py
[2025-08-26T18:15:26.539+0100] {logging_mixin.py:188} INFO - [2025-08-26T18:15:26.539+0100] {dag.py:3089} INFO - Sync 1 DAGs
[2025-08-26T18:15:26.544+0100] {logging_mixin.py:188} INFO - [2025-08-26T18:15:26.544+0100] {dag.py:3947} INFO - Setting next_dagrun for example_short_circuit_operator to 2025-08-25 00:00:00+00:00, run_after=2025-08-26 00:00:00+00:00
[2025-08-26T18:15:26.550+0100] {processor.py:183} INFO - Processing /Users/vlad.alex995/Desktop/de-sprint/.venv-airflow/lib/python3.11/site-packages/airflow/example_dags/example_short_circuit_operator.py took 0.053 seconds
[2025-08-26T18:16:57.962+0100] {processor.py:161} INFO - Started process (PID=38083) to work on /Users/vlad.alex995/Desktop/de-sprint/.venv-airflow/lib/python3.11/site-packages/airflow/example_dags/example_short_circuit_operator.py
[2025-08-26T18:16:57.962+0100] {processor.py:830} INFO - Processing file /Users/vlad.alex995/Desktop/de-sprint/.venv-airflow/lib/python3.11/site-packages/airflow/example_dags/example_short_circuit_operator.py for tasks to queue
[2025-08-26T18:16:57.962+0100] {logging_mixin.py:188} INFO - [2025-08-26T18:16:57.962+0100] {dagbag.py:545} INFO - Filling up the DagBag from /Users/vlad.alex995/Desktop/de-sprint/.venv-airflow/lib/python3.11/site-packages/airflow/example_dags/example_short_circuit_operator.py
[2025-08-26T18:16:57.972+0100] {processor.py:840} INFO - DAG(s) 'example_short_circuit_operator' retrieved from /Users/vlad.alex995/Desktop/de-sprint/.venv-airflow/lib/python3.11/site-packages/airflow/example_dags/example_short_circuit_operator.py
[2025-08-26T18:16:58.000+0100] {logging_mixin.py:188} INFO - [2025-08-26T18:16:58.000+0100] {dag.py:3089} INFO - Sync 1 DAGs
[2025-08-26T18:16:58.005+0100] {logging_mixin.py:188} INFO - [2025-08-26T18:16:58.005+0100] {dag.py:3947} INFO - Setting next_dagrun for example_short_circuit_operator to 2025-08-25 00:00:00+00:00, run_after=2025-08-26 00:00:00+00:00
[2025-08-26T18:16:58.010+0100] {processor.py:183} INFO - Processing /Users/vlad.alex995/Desktop/de-sprint/.venv-airflow/lib/python3.11/site-packages/airflow/example_dags/example_short_circuit_operator.py took 0.050 seconds
[2025-08-26T18:18:39.334+0100] {processor.py:161} INFO - Started process (PID=38445) to work on /Users/vlad.alex995/Desktop/de-sprint/.venv-airflow/lib/python3.11/site-packages/airflow/example_dags/example_short_circuit_operator.py
[2025-08-26T18:18:39.335+0100] {processor.py:830} INFO - Processing file /Users/vlad.alex995/Desktop/de-sprint/.venv-airflow/lib/python3.11/site-packages/airflow/example_dags/example_short_circuit_operator.py for tasks to queue
[2025-08-26T18:18:39.335+0100] {logging_mixin.py:188} INFO - [2025-08-26T18:18:39.335+0100] {dagbag.py:545} INFO - Filling up the DagBag from /Users/vlad.alex995/Desktop/de-sprint/.venv-airflow/lib/python3.11/site-packages/airflow/example_dags/example_short_circuit_operator.py
[2025-08-26T18:18:39.346+0100] {processor.py:840} INFO - DAG(s) 'example_short_circuit_operator' retrieved from /Users/vlad.alex995/Desktop/de-sprint/.venv-airflow/lib/python3.11/site-packages/airflow/example_dags/example_short_circuit_operator.py
[2025-08-26T18:18:39.376+0100] {logging_mixin.py:188} INFO - [2025-08-26T18:18:39.375+0100] {dag.py:3089} INFO - Sync 1 DAGs
[2025-08-26T18:18:39.381+0100] {logging_mixin.py:188} INFO - [2025-08-26T18:18:39.381+0100] {dag.py:3947} INFO - Setting next_dagrun for example_short_circuit_operator to 2025-08-25 00:00:00+00:00, run_after=2025-08-26 00:00:00+00:00
[2025-08-26T18:18:39.387+0100] {processor.py:183} INFO - Processing /Users/vlad.alex995/Desktop/de-sprint/.venv-airflow/lib/python3.11/site-packages/airflow/example_dags/example_short_circuit_operator.py took 0.054 seconds
[2025-08-26T18:19:39.214+0100] {processor.py:161} INFO - Started process (PID=38871) to work on /Users/vlad.alex995/Desktop/de-sprint/.venv-airflow/lib/python3.11/site-packages/airflow/example_dags/example_short_circuit_operator.py
[2025-08-26T18:19:39.214+0100] {processor.py:830} INFO - Processing file /Users/vlad.alex995/Desktop/de-sprint/.venv-airflow/lib/python3.11/site-packages/airflow/example_dags/example_short_circuit_operator.py for tasks to queue
[2025-08-26T18:19:39.215+0100] {logging_mixin.py:188} INFO - [2025-08-26T18:19:39.215+0100] {dagbag.py:545} INFO - Filling up the DagBag from /Users/vlad.alex995/Desktop/de-sprint/.venv-airflow/lib/python3.11/site-packages/airflow/example_dags/example_short_circuit_operator.py
[2025-08-26T18:19:39.225+0100] {processor.py:840} INFO - DAG(s) 'example_short_circuit_operator' retrieved from /Users/vlad.alex995/Desktop/de-sprint/.venv-airflow/lib/python3.11/site-packages/airflow/example_dags/example_short_circuit_operator.py
[2025-08-26T18:19:39.256+0100] {logging_mixin.py:188} INFO - [2025-08-26T18:19:39.256+0100] {dag.py:3089} INFO - Sync 1 DAGs
[2025-08-26T18:19:39.261+0100] {logging_mixin.py:188} INFO - [2025-08-26T18:19:39.261+0100] {dag.py:3947} INFO - Setting next_dagrun for example_short_circuit_operator to 2025-08-25 00:00:00+00:00, run_after=2025-08-26 00:00:00+00:00
[2025-08-26T18:19:39.268+0100] {processor.py:183} INFO - Processing /Users/vlad.alex995/Desktop/de-sprint/.venv-airflow/lib/python3.11/site-packages/airflow/example_dags/example_short_circuit_operator.py took 0.055 seconds
[2025-08-26T18:20:55.173+0100] {processor.py:161} INFO - Started process (PID=38952) to work on /Users/vlad.alex995/Desktop/de-sprint/.venv-airflow/lib/python3.11/site-packages/airflow/example_dags/example_short_circuit_operator.py
[2025-08-26T18:20:55.174+0100] {processor.py:830} INFO - Processing file /Users/vlad.alex995/Desktop/de-sprint/.venv-airflow/lib/python3.11/site-packages/airflow/example_dags/example_short_circuit_operator.py for tasks to queue
[2025-08-26T18:20:55.174+0100] {logging_mixin.py:188} INFO - [2025-08-26T18:20:55.174+0100] {dagbag.py:545} INFO - Filling up the DagBag from /Users/vlad.alex995/Desktop/de-sprint/.venv-airflow/lib/python3.11/site-packages/airflow/example_dags/example_short_circuit_operator.py
[2025-08-26T18:20:55.184+0100] {processor.py:840} INFO - DAG(s) 'example_short_circuit_operator' retrieved from /Users/vlad.alex995/Desktop/de-sprint/.venv-airflow/lib/python3.11/site-packages/airflow/example_dags/example_short_circuit_operator.py
[2025-08-26T18:20:55.215+0100] {logging_mixin.py:188} INFO - [2025-08-26T18:20:55.215+0100] {dag.py:3089} INFO - Sync 1 DAGs
[2025-08-26T18:20:55.220+0100] {logging_mixin.py:188} INFO - [2025-08-26T18:20:55.220+0100] {dag.py:3947} INFO - Setting next_dagrun for example_short_circuit_operator to 2025-08-25 00:00:00+00:00, run_after=2025-08-26 00:00:00+00:00
[2025-08-26T18:20:55.225+0100] {processor.py:183} INFO - Processing /Users/vlad.alex995/Desktop/de-sprint/.venv-airflow/lib/python3.11/site-packages/airflow/example_dags/example_short_circuit_operator.py took 0.054 seconds
[2025-08-26T18:22:27.652+0100] {processor.py:161} INFO - Started process (PID=39025) to work on /Users/vlad.alex995/Desktop/de-sprint/.venv-airflow/lib/python3.11/site-packages/airflow/example_dags/example_short_circuit_operator.py
[2025-08-26T18:22:27.653+0100] {processor.py:830} INFO - Processing file /Users/vlad.alex995/Desktop/de-sprint/.venv-airflow/lib/python3.11/site-packages/airflow/example_dags/example_short_circuit_operator.py for tasks to queue
[2025-08-26T18:22:27.653+0100] {logging_mixin.py:188} INFO - [2025-08-26T18:22:27.653+0100] {dagbag.py:545} INFO - Filling up the DagBag from /Users/vlad.alex995/Desktop/de-sprint/.venv-airflow/lib/python3.11/site-packages/airflow/example_dags/example_short_circuit_operator.py
[2025-08-26T18:22:27.663+0100] {processor.py:840} INFO - DAG(s) 'example_short_circuit_operator' retrieved from /Users/vlad.alex995/Desktop/de-sprint/.venv-airflow/lib/python3.11/site-packages/airflow/example_dags/example_short_circuit_operator.py
[2025-08-26T18:22:27.691+0100] {logging_mixin.py:188} INFO - [2025-08-26T18:22:27.691+0100] {dag.py:3089} INFO - Sync 1 DAGs
[2025-08-26T18:22:27.696+0100] {logging_mixin.py:188} INFO - [2025-08-26T18:22:27.696+0100] {dag.py:3947} INFO - Setting next_dagrun for example_short_circuit_operator to 2025-08-25 00:00:00+00:00, run_after=2025-08-26 00:00:00+00:00
[2025-08-26T18:22:27.701+0100] {processor.py:183} INFO - Processing /Users/vlad.alex995/Desktop/de-sprint/.venv-airflow/lib/python3.11/site-packages/airflow/example_dags/example_short_circuit_operator.py took 0.050 seconds
[2025-08-26T18:23:53.120+0100] {processor.py:161} INFO - Started process (PID=39091) to work on /Users/vlad.alex995/Desktop/de-sprint/.venv-airflow/lib/python3.11/site-packages/airflow/example_dags/example_short_circuit_operator.py
[2025-08-26T18:23:53.121+0100] {processor.py:830} INFO - Processing file /Users/vlad.alex995/Desktop/de-sprint/.venv-airflow/lib/python3.11/site-packages/airflow/example_dags/example_short_circuit_operator.py for tasks to queue
[2025-08-26T18:23:53.121+0100] {logging_mixin.py:188} INFO - [2025-08-26T18:23:53.121+0100] {dagbag.py:545} INFO - Filling up the DagBag from /Users/vlad.alex995/Desktop/de-sprint/.venv-airflow/lib/python3.11/site-packages/airflow/example_dags/example_short_circuit_operator.py
[2025-08-26T18:23:53.132+0100] {processor.py:840} INFO - DAG(s) 'example_short_circuit_operator' retrieved from /Users/vlad.alex995/Desktop/de-sprint/.venv-airflow/lib/python3.11/site-packages/airflow/example_dags/example_short_circuit_operator.py
[2025-08-26T18:23:53.161+0100] {logging_mixin.py:188} INFO - [2025-08-26T18:23:53.160+0100] {dag.py:3089} INFO - Sync 1 DAGs
[2025-08-26T18:23:53.165+0100] {logging_mixin.py:188} INFO - [2025-08-26T18:23:53.165+0100] {dag.py:3947} INFO - Setting next_dagrun for example_short_circuit_operator to 2025-08-25 00:00:00+00:00, run_after=2025-08-26 00:00:00+00:00
[2025-08-26T18:23:53.171+0100] {processor.py:183} INFO - Processing /Users/vlad.alex995/Desktop/de-sprint/.venv-airflow/lib/python3.11/site-packages/airflow/example_dags/example_short_circuit_operator.py took 0.052 seconds
[2025-08-26T18:25:24.008+0100] {processor.py:161} INFO - Started process (PID=39177) to work on /Users/vlad.alex995/Desktop/de-sprint/.venv-airflow/lib/python3.11/site-packages/airflow/example_dags/example_short_circuit_operator.py
[2025-08-26T18:25:24.009+0100] {processor.py:830} INFO - Processing file /Users/vlad.alex995/Desktop/de-sprint/.venv-airflow/lib/python3.11/site-packages/airflow/example_dags/example_short_circuit_operator.py for tasks to queue
[2025-08-26T18:25:24.010+0100] {logging_mixin.py:188} INFO - [2025-08-26T18:25:24.010+0100] {dagbag.py:545} INFO - Filling up the DagBag from /Users/vlad.alex995/Desktop/de-sprint/.venv-airflow/lib/python3.11/site-packages/airflow/example_dags/example_short_circuit_operator.py
[2025-08-26T18:25:24.020+0100] {processor.py:840} INFO - DAG(s) 'example_short_circuit_operator' retrieved from /Users/vlad.alex995/Desktop/de-sprint/.venv-airflow/lib/python3.11/site-packages/airflow/example_dags/example_short_circuit_operator.py
[2025-08-26T18:25:24.049+0100] {logging_mixin.py:188} INFO - [2025-08-26T18:25:24.049+0100] {dag.py:3089} INFO - Sync 1 DAGs
[2025-08-26T18:25:24.054+0100] {logging_mixin.py:188} INFO - [2025-08-26T18:25:24.054+0100] {dag.py:3947} INFO - Setting next_dagrun for example_short_circuit_operator to 2025-08-25 00:00:00+00:00, run_after=2025-08-26 00:00:00+00:00
[2025-08-26T18:25:24.059+0100] {processor.py:183} INFO - Processing /Users/vlad.alex995/Desktop/de-sprint/.venv-airflow/lib/python3.11/site-packages/airflow/example_dags/example_short_circuit_operator.py took 0.052 seconds
[2025-08-26T18:27:29.892+0100] {processor.py:161} INFO - Started process (PID=39676) to work on /Users/vlad.alex995/Desktop/de-sprint/.venv-airflow/lib/python3.11/site-packages/airflow/example_dags/example_short_circuit_operator.py
[2025-08-26T18:27:29.893+0100] {processor.py:830} INFO - Processing file /Users/vlad.alex995/Desktop/de-sprint/.venv-airflow/lib/python3.11/site-packages/airflow/example_dags/example_short_circuit_operator.py for tasks to queue
[2025-08-26T18:27:29.893+0100] {logging_mixin.py:188} INFO - [2025-08-26T18:27:29.893+0100] {dagbag.py:545} INFO - Filling up the DagBag from /Users/vlad.alex995/Desktop/de-sprint/.venv-airflow/lib/python3.11/site-packages/airflow/example_dags/example_short_circuit_operator.py
[2025-08-26T18:27:29.904+0100] {processor.py:840} INFO - DAG(s) 'example_short_circuit_operator' retrieved from /Users/vlad.alex995/Desktop/de-sprint/.venv-airflow/lib/python3.11/site-packages/airflow/example_dags/example_short_circuit_operator.py
[2025-08-26T18:27:29.933+0100] {logging_mixin.py:188} INFO - [2025-08-26T18:27:29.933+0100] {dag.py:3089} INFO - Sync 1 DAGs
[2025-08-26T18:27:29.938+0100] {logging_mixin.py:188} INFO - [2025-08-26T18:27:29.938+0100] {dag.py:3947} INFO - Setting next_dagrun for example_short_circuit_operator to 2025-08-25 00:00:00+00:00, run_after=2025-08-26 00:00:00+00:00
[2025-08-26T18:27:29.943+0100] {processor.py:183} INFO - Processing /Users/vlad.alex995/Desktop/de-sprint/.venv-airflow/lib/python3.11/site-packages/airflow/example_dags/example_short_circuit_operator.py took 0.052 seconds
[2025-08-26T18:29:50.144+0100] {processor.py:161} INFO - Started process (PID=40102) to work on /Users/vlad.alex995/Desktop/de-sprint/.venv-airflow/lib/python3.11/site-packages/airflow/example_dags/example_short_circuit_operator.py
[2025-08-26T18:29:50.144+0100] {processor.py:830} INFO - Processing file /Users/vlad.alex995/Desktop/de-sprint/.venv-airflow/lib/python3.11/site-packages/airflow/example_dags/example_short_circuit_operator.py for tasks to queue
[2025-08-26T18:29:50.144+0100] {logging_mixin.py:188} INFO - [2025-08-26T18:29:50.144+0100] {dagbag.py:545} INFO - Filling up the DagBag from /Users/vlad.alex995/Desktop/de-sprint/.venv-airflow/lib/python3.11/site-packages/airflow/example_dags/example_short_circuit_operator.py
[2025-08-26T18:29:50.155+0100] {processor.py:840} INFO - DAG(s) 'example_short_circuit_operator' retrieved from /Users/vlad.alex995/Desktop/de-sprint/.venv-airflow/lib/python3.11/site-packages/airflow/example_dags/example_short_circuit_operator.py
[2025-08-26T18:29:50.185+0100] {logging_mixin.py:188} INFO - [2025-08-26T18:29:50.185+0100] {dag.py:3089} INFO - Sync 1 DAGs
[2025-08-26T18:29:50.190+0100] {logging_mixin.py:188} INFO - [2025-08-26T18:29:50.190+0100] {dag.py:3947} INFO - Setting next_dagrun for example_short_circuit_operator to 2025-08-25 00:00:00+00:00, run_after=2025-08-26 00:00:00+00:00
[2025-08-26T18:29:50.196+0100] {processor.py:183} INFO - Processing /Users/vlad.alex995/Desktop/de-sprint/.venv-airflow/lib/python3.11/site-packages/airflow/example_dags/example_short_circuit_operator.py took 0.053 seconds
