[2025-08-26T17:25:18.824+0100] {processor.py:161} INFO - Started process (PID=35317) to work on /Users/vlad.alex995/Desktop/de-sprint/.venv-airflow/lib/python3.11/site-packages/airflow/example_dags/example_task_group_decorator.py
[2025-08-26T17:25:18.825+0100] {processor.py:830} INFO - Processing file /Users/vlad.alex995/Desktop/de-sprint/.venv-airflow/lib/python3.11/site-packages/airflow/example_dags/example_task_group_decorator.py for tasks to queue
[2025-08-26T17:25:18.825+0100] {logging_mixin.py:188} INFO - [2025-08-26T17:25:18.825+0100] {dagbag.py:545} INFO - Filling up the DagBag from /Users/vlad.alex995/Desktop/de-sprint/.venv-airflow/lib/python3.11/site-packages/airflow/example_dags/example_task_group_decorator.py
[2025-08-26T17:25:18.841+0100] {processor.py:840} INFO - DAG(s) 'example_task_group_decorator' retrieved from /Users/vlad.alex995/Desktop/de-sprint/.venv-airflow/lib/python3.11/site-packages/airflow/example_dags/example_task_group_decorator.py
[2025-08-26T17:25:18.901+0100] {logging_mixin.py:188} INFO - [2025-08-26T17:25:18.901+0100] {override.py:1858} INFO - Created Permission View: can edit on DAG:example_task_group_decorator
[2025-08-26T17:25:18.903+0100] {logging_mixin.py:188} INFO - [2025-08-26T17:25:18.903+0100] {override.py:1858} INFO - Created Permission View: can read on DAG:example_task_group_decorator
[2025-08-26T17:25:18.905+0100] {logging_mixin.py:188} INFO - [2025-08-26T17:25:18.905+0100] {override.py:1858} INFO - Created Permission View: can delete on DAG:example_task_group_decorator
[2025-08-26T17:25:18.905+0100] {logging_mixin.py:188} INFO - [2025-08-26T17:25:18.905+0100] {dag.py:3089} INFO - Sync 1 DAGs
[2025-08-26T17:25:18.933+0100] {logging_mixin.py:188} INFO - [2025-08-26T17:25:18.933+0100] {dag.py:3111} INFO - Creating ORM DAG for example_task_group_decorator
[2025-08-26T17:25:18.936+0100] {logging_mixin.py:188} INFO - [2025-08-26T17:25:18.936+0100] {dag.py:3947} INFO - Setting next_dagrun for example_task_group_decorator to 2025-08-25 00:00:00+00:00, run_after=2025-08-26 00:00:00+00:00
[2025-08-26T17:25:18.942+0100] {processor.py:183} INFO - Processing /Users/vlad.alex995/Desktop/de-sprint/.venv-airflow/lib/python3.11/site-packages/airflow/example_dags/example_task_group_decorator.py took 0.119 seconds
[2025-08-26T17:26:40.650+0100] {processor.py:161} INFO - Started process (PID=35380) to work on /Users/vlad.alex995/Desktop/de-sprint/.venv-airflow/lib/python3.11/site-packages/airflow/example_dags/example_task_group_decorator.py
[2025-08-26T17:26:40.650+0100] {processor.py:830} INFO - Processing file /Users/vlad.alex995/Desktop/de-sprint/.venv-airflow/lib/python3.11/site-packages/airflow/example_dags/example_task_group_decorator.py for tasks to queue
[2025-08-26T17:26:40.651+0100] {logging_mixin.py:188} INFO - [2025-08-26T17:26:40.650+0100] {dagbag.py:545} INFO - Filling up the DagBag from /Users/vlad.alex995/Desktop/de-sprint/.venv-airflow/lib/python3.11/site-packages/airflow/example_dags/example_task_group_decorator.py
[2025-08-26T17:26:40.666+0100] {processor.py:840} INFO - DAG(s) 'example_task_group_decorator' retrieved from /Users/vlad.alex995/Desktop/de-sprint/.venv-airflow/lib/python3.11/site-packages/airflow/example_dags/example_task_group_decorator.py
[2025-08-26T17:26:40.697+0100] {logging_mixin.py:188} INFO - [2025-08-26T17:26:40.697+0100] {dag.py:3089} INFO - Sync 1 DAGs
[2025-08-26T17:26:40.702+0100] {logging_mixin.py:188} INFO - [2025-08-26T17:26:40.702+0100] {dag.py:3947} INFO - Setting next_dagrun for example_task_group_decorator to 2025-08-25 00:00:00+00:00, run_after=2025-08-26 00:00:00+00:00
[2025-08-26T17:26:40.708+0100] {processor.py:183} INFO - Processing /Users/vlad.alex995/Desktop/de-sprint/.venv-airflow/lib/python3.11/site-packages/airflow/example_dags/example_task_group_decorator.py took 0.060 seconds
[2025-08-26T17:28:11.024+0100] {processor.py:161} INFO - Started process (PID=35452) to work on /Users/vlad.alex995/Desktop/de-sprint/.venv-airflow/lib/python3.11/site-packages/airflow/example_dags/example_task_group_decorator.py
[2025-08-26T17:28:11.025+0100] {processor.py:830} INFO - Processing file /Users/vlad.alex995/Desktop/de-sprint/.venv-airflow/lib/python3.11/site-packages/airflow/example_dags/example_task_group_decorator.py for tasks to queue
[2025-08-26T17:28:11.026+0100] {logging_mixin.py:188} INFO - [2025-08-26T17:28:11.026+0100] {dagbag.py:545} INFO - Filling up the DagBag from /Users/vlad.alex995/Desktop/de-sprint/.venv-airflow/lib/python3.11/site-packages/airflow/example_dags/example_task_group_decorator.py
[2025-08-26T17:28:11.042+0100] {processor.py:840} INFO - DAG(s) 'example_task_group_decorator' retrieved from /Users/vlad.alex995/Desktop/de-sprint/.venv-airflow/lib/python3.11/site-packages/airflow/example_dags/example_task_group_decorator.py
[2025-08-26T17:28:11.076+0100] {logging_mixin.py:188} INFO - [2025-08-26T17:28:11.075+0100] {dag.py:3089} INFO - Sync 1 DAGs
[2025-08-26T17:28:11.081+0100] {logging_mixin.py:188} INFO - [2025-08-26T17:28:11.081+0100] {dag.py:3947} INFO - Setting next_dagrun for example_task_group_decorator to 2025-08-25 00:00:00+00:00, run_after=2025-08-26 00:00:00+00:00
[2025-08-26T17:28:11.087+0100] {processor.py:183} INFO - Processing /Users/vlad.alex995/Desktop/de-sprint/.venv-airflow/lib/python3.11/site-packages/airflow/example_dags/example_task_group_decorator.py took 0.064 seconds
[2025-08-26T17:29:47.382+0100] {processor.py:161} INFO - Started process (PID=35521) to work on /Users/vlad.alex995/Desktop/de-sprint/.venv-airflow/lib/python3.11/site-packages/airflow/example_dags/example_task_group_decorator.py
[2025-08-26T17:29:47.383+0100] {processor.py:830} INFO - Processing file /Users/vlad.alex995/Desktop/de-sprint/.venv-airflow/lib/python3.11/site-packages/airflow/example_dags/example_task_group_decorator.py for tasks to queue
[2025-08-26T17:29:47.383+0100] {logging_mixin.py:188} INFO - [2025-08-26T17:29:47.383+0100] {dagbag.py:545} INFO - Filling up the DagBag from /Users/vlad.alex995/Desktop/de-sprint/.venv-airflow/lib/python3.11/site-packages/airflow/example_dags/example_task_group_decorator.py
[2025-08-26T17:29:47.398+0100] {processor.py:840} INFO - DAG(s) 'example_task_group_decorator' retrieved from /Users/vlad.alex995/Desktop/de-sprint/.venv-airflow/lib/python3.11/site-packages/airflow/example_dags/example_task_group_decorator.py
[2025-08-26T17:29:47.429+0100] {logging_mixin.py:188} INFO - [2025-08-26T17:29:47.428+0100] {dag.py:3089} INFO - Sync 1 DAGs
[2025-08-26T17:29:47.434+0100] {logging_mixin.py:188} INFO - [2025-08-26T17:29:47.434+0100] {dag.py:3947} INFO - Setting next_dagrun for example_task_group_decorator to 2025-08-25 00:00:00+00:00, run_after=2025-08-26 00:00:00+00:00
[2025-08-26T17:29:47.439+0100] {processor.py:183} INFO - Processing /Users/vlad.alex995/Desktop/de-sprint/.venv-airflow/lib/python3.11/site-packages/airflow/example_dags/example_task_group_decorator.py took 0.059 seconds
[2025-08-26T17:31:15.649+0100] {processor.py:161} INFO - Started process (PID=35593) to work on /Users/vlad.alex995/Desktop/de-sprint/.venv-airflow/lib/python3.11/site-packages/airflow/example_dags/example_task_group_decorator.py
[2025-08-26T17:31:15.650+0100] {processor.py:830} INFO - Processing file /Users/vlad.alex995/Desktop/de-sprint/.venv-airflow/lib/python3.11/site-packages/airflow/example_dags/example_task_group_decorator.py for tasks to queue
[2025-08-26T17:31:15.650+0100] {logging_mixin.py:188} INFO - [2025-08-26T17:31:15.650+0100] {dagbag.py:545} INFO - Filling up the DagBag from /Users/vlad.alex995/Desktop/de-sprint/.venv-airflow/lib/python3.11/site-packages/airflow/example_dags/example_task_group_decorator.py
[2025-08-26T17:31:15.666+0100] {processor.py:840} INFO - DAG(s) 'example_task_group_decorator' retrieved from /Users/vlad.alex995/Desktop/de-sprint/.venv-airflow/lib/python3.11/site-packages/airflow/example_dags/example_task_group_decorator.py
[2025-08-26T17:31:15.697+0100] {logging_mixin.py:188} INFO - [2025-08-26T17:31:15.697+0100] {dag.py:3089} INFO - Sync 1 DAGs
[2025-08-26T17:31:15.703+0100] {logging_mixin.py:188} INFO - [2025-08-26T17:31:15.703+0100] {dag.py:3947} INFO - Setting next_dagrun for example_task_group_decorator to 2025-08-25 00:00:00+00:00, run_after=2025-08-26 00:00:00+00:00
[2025-08-26T17:31:15.710+0100] {processor.py:183} INFO - Processing /Users/vlad.alex995/Desktop/de-sprint/.venv-airflow/lib/python3.11/site-packages/airflow/example_dags/example_task_group_decorator.py took 0.062 seconds
[2025-08-26T17:32:44.529+0100] {processor.py:161} INFO - Started process (PID=35973) to work on /Users/vlad.alex995/Desktop/de-sprint/.venv-airflow/lib/python3.11/site-packages/airflow/example_dags/example_task_group_decorator.py
[2025-08-26T17:32:44.530+0100] {processor.py:830} INFO - Processing file /Users/vlad.alex995/Desktop/de-sprint/.venv-airflow/lib/python3.11/site-packages/airflow/example_dags/example_task_group_decorator.py for tasks to queue
[2025-08-26T17:32:44.530+0100] {logging_mixin.py:188} INFO - [2025-08-26T17:32:44.530+0100] {dagbag.py:545} INFO - Filling up the DagBag from /Users/vlad.alex995/Desktop/de-sprint/.venv-airflow/lib/python3.11/site-packages/airflow/example_dags/example_task_group_decorator.py
[2025-08-26T17:32:44.545+0100] {processor.py:840} INFO - DAG(s) 'example_task_group_decorator' retrieved from /Users/vlad.alex995/Desktop/de-sprint/.venv-airflow/lib/python3.11/site-packages/airflow/example_dags/example_task_group_decorator.py
[2025-08-26T17:32:44.575+0100] {logging_mixin.py:188} INFO - [2025-08-26T17:32:44.574+0100] {dag.py:3089} INFO - Sync 1 DAGs
[2025-08-26T17:32:44.579+0100] {logging_mixin.py:188} INFO - [2025-08-26T17:32:44.579+0100] {dag.py:3947} INFO - Setting next_dagrun for example_task_group_decorator to 2025-08-25 00:00:00+00:00, run_after=2025-08-26 00:00:00+00:00
[2025-08-26T17:32:44.585+0100] {processor.py:183} INFO - Processing /Users/vlad.alex995/Desktop/de-sprint/.venv-airflow/lib/python3.11/site-packages/airflow/example_dags/example_task_group_decorator.py took 0.057 seconds
[2025-08-26T18:11:03.731+0100] {processor.py:161} INFO - Started process (PID=37407) to work on /Users/vlad.alex995/Desktop/de-sprint/.venv-airflow/lib/python3.11/site-packages/airflow/example_dags/example_task_group_decorator.py
[2025-08-26T18:11:03.732+0100] {processor.py:830} INFO - Processing file /Users/vlad.alex995/Desktop/de-sprint/.venv-airflow/lib/python3.11/site-packages/airflow/example_dags/example_task_group_decorator.py for tasks to queue
[2025-08-26T18:11:03.732+0100] {logging_mixin.py:188} INFO - [2025-08-26T18:11:03.732+0100] {dagbag.py:545} INFO - Filling up the DagBag from /Users/vlad.alex995/Desktop/de-sprint/.venv-airflow/lib/python3.11/site-packages/airflow/example_dags/example_task_group_decorator.py
[2025-08-26T18:11:03.749+0100] {processor.py:840} INFO - DAG(s) 'example_task_group_decorator' retrieved from /Users/vlad.alex995/Desktop/de-sprint/.venv-airflow/lib/python3.11/site-packages/airflow/example_dags/example_task_group_decorator.py
[2025-08-26T18:11:03.779+0100] {logging_mixin.py:188} INFO - [2025-08-26T18:11:03.779+0100] {dag.py:3089} INFO - Sync 1 DAGs
[2025-08-26T18:11:03.784+0100] {logging_mixin.py:188} INFO - [2025-08-26T18:11:03.784+0100] {dag.py:3947} INFO - Setting next_dagrun for example_task_group_decorator to 2025-08-25 00:00:00+00:00, run_after=2025-08-26 00:00:00+00:00
[2025-08-26T18:11:03.789+0100] {processor.py:183} INFO - Processing /Users/vlad.alex995/Desktop/de-sprint/.venv-airflow/lib/python3.11/site-packages/airflow/example_dags/example_task_group_decorator.py took 0.059 seconds
[2025-08-26T18:12:22.969+0100] {processor.py:161} INFO - Started process (PID=37468) to work on /Users/vlad.alex995/Desktop/de-sprint/.venv-airflow/lib/python3.11/site-packages/airflow/example_dags/example_task_group_decorator.py
[2025-08-26T18:12:22.970+0100] {processor.py:830} INFO - Processing file /Users/vlad.alex995/Desktop/de-sprint/.venv-airflow/lib/python3.11/site-packages/airflow/example_dags/example_task_group_decorator.py for tasks to queue
[2025-08-26T18:12:22.970+0100] {logging_mixin.py:188} INFO - [2025-08-26T18:12:22.970+0100] {dagbag.py:545} INFO - Filling up the DagBag from /Users/vlad.alex995/Desktop/de-sprint/.venv-airflow/lib/python3.11/site-packages/airflow/example_dags/example_task_group_decorator.py
[2025-08-26T18:12:22.984+0100] {processor.py:840} INFO - DAG(s) 'example_task_group_decorator' retrieved from /Users/vlad.alex995/Desktop/de-sprint/.venv-airflow/lib/python3.11/site-packages/airflow/example_dags/example_task_group_decorator.py
[2025-08-26T18:12:23.013+0100] {logging_mixin.py:188} INFO - [2025-08-26T18:12:23.013+0100] {dag.py:3089} INFO - Sync 1 DAGs
[2025-08-26T18:12:23.017+0100] {logging_mixin.py:188} INFO - [2025-08-26T18:12:23.017+0100] {dag.py:3947} INFO - Setting next_dagrun for example_task_group_decorator to 2025-08-25 00:00:00+00:00, run_after=2025-08-26 00:00:00+00:00
[2025-08-26T18:12:23.023+0100] {processor.py:183} INFO - Processing /Users/vlad.alex995/Desktop/de-sprint/.venv-airflow/lib/python3.11/site-packages/airflow/example_dags/example_task_group_decorator.py took 0.055 seconds
[2025-08-26T18:13:47.617+0100] {processor.py:161} INFO - Started process (PID=37541) to work on /Users/vlad.alex995/Desktop/de-sprint/.venv-airflow/lib/python3.11/site-packages/airflow/example_dags/example_task_group_decorator.py
[2025-08-26T18:13:47.618+0100] {processor.py:830} INFO - Processing file /Users/vlad.alex995/Desktop/de-sprint/.venv-airflow/lib/python3.11/site-packages/airflow/example_dags/example_task_group_decorator.py for tasks to queue
[2025-08-26T18:13:47.619+0100] {logging_mixin.py:188} INFO - [2025-08-26T18:13:47.618+0100] {dagbag.py:545} INFO - Filling up the DagBag from /Users/vlad.alex995/Desktop/de-sprint/.venv-airflow/lib/python3.11/site-packages/airflow/example_dags/example_task_group_decorator.py
[2025-08-26T18:13:47.633+0100] {processor.py:840} INFO - DAG(s) 'example_task_group_decorator' retrieved from /Users/vlad.alex995/Desktop/de-sprint/.venv-airflow/lib/python3.11/site-packages/airflow/example_dags/example_task_group_decorator.py
[2025-08-26T18:13:47.663+0100] {logging_mixin.py:188} INFO - [2025-08-26T18:13:47.663+0100] {dag.py:3089} INFO - Sync 1 DAGs
[2025-08-26T18:13:47.668+0100] {logging_mixin.py:188} INFO - [2025-08-26T18:13:47.668+0100] {dag.py:3947} INFO - Setting next_dagrun for example_task_group_decorator to 2025-08-25 00:00:00+00:00, run_after=2025-08-26 00:00:00+00:00
[2025-08-26T18:13:47.673+0100] {processor.py:183} INFO - Processing /Users/vlad.alex995/Desktop/de-sprint/.venv-airflow/lib/python3.11/site-packages/airflow/example_dags/example_task_group_decorator.py took 0.056 seconds
[2025-08-26T18:15:18.378+0100] {processor.py:161} INFO - Started process (PID=37999) to work on /Users/vlad.alex995/Desktop/de-sprint/.venv-airflow/lib/python3.11/site-packages/airflow/example_dags/example_task_group_decorator.py
[2025-08-26T18:15:18.379+0100] {processor.py:830} INFO - Processing file /Users/vlad.alex995/Desktop/de-sprint/.venv-airflow/lib/python3.11/site-packages/airflow/example_dags/example_task_group_decorator.py for tasks to queue
[2025-08-26T18:15:18.379+0100] {logging_mixin.py:188} INFO - [2025-08-26T18:15:18.379+0100] {dagbag.py:545} INFO - Filling up the DagBag from /Users/vlad.alex995/Desktop/de-sprint/.venv-airflow/lib/python3.11/site-packages/airflow/example_dags/example_task_group_decorator.py
[2025-08-26T18:15:18.396+0100] {processor.py:840} INFO - DAG(s) 'example_task_group_decorator' retrieved from /Users/vlad.alex995/Desktop/de-sprint/.venv-airflow/lib/python3.11/site-packages/airflow/example_dags/example_task_group_decorator.py
[2025-08-26T18:15:18.427+0100] {logging_mixin.py:188} INFO - [2025-08-26T18:15:18.427+0100] {dag.py:3089} INFO - Sync 1 DAGs
[2025-08-26T18:15:18.433+0100] {logging_mixin.py:188} INFO - [2025-08-26T18:15:18.432+0100] {dag.py:3947} INFO - Setting next_dagrun for example_task_group_decorator to 2025-08-25 00:00:00+00:00, run_after=2025-08-26 00:00:00+00:00
[2025-08-26T18:15:18.438+0100] {processor.py:183} INFO - Processing /Users/vlad.alex995/Desktop/de-sprint/.venv-airflow/lib/python3.11/site-packages/airflow/example_dags/example_task_group_decorator.py took 0.062 seconds
[2025-08-26T18:16:50.688+0100] {processor.py:161} INFO - Started process (PID=38075) to work on /Users/vlad.alex995/Desktop/de-sprint/.venv-airflow/lib/python3.11/site-packages/airflow/example_dags/example_task_group_decorator.py
[2025-08-26T18:16:50.688+0100] {processor.py:830} INFO - Processing file /Users/vlad.alex995/Desktop/de-sprint/.venv-airflow/lib/python3.11/site-packages/airflow/example_dags/example_task_group_decorator.py for tasks to queue
[2025-08-26T18:16:50.688+0100] {logging_mixin.py:188} INFO - [2025-08-26T18:16:50.688+0100] {dagbag.py:545} INFO - Filling up the DagBag from /Users/vlad.alex995/Desktop/de-sprint/.venv-airflow/lib/python3.11/site-packages/airflow/example_dags/example_task_group_decorator.py
[2025-08-26T18:16:50.703+0100] {processor.py:840} INFO - DAG(s) 'example_task_group_decorator' retrieved from /Users/vlad.alex995/Desktop/de-sprint/.venv-airflow/lib/python3.11/site-packages/airflow/example_dags/example_task_group_decorator.py
[2025-08-26T18:16:50.733+0100] {logging_mixin.py:188} INFO - [2025-08-26T18:16:50.733+0100] {dag.py:3089} INFO - Sync 1 DAGs
[2025-08-26T18:16:50.737+0100] {logging_mixin.py:188} INFO - [2025-08-26T18:16:50.737+0100] {dag.py:3947} INFO - Setting next_dagrun for example_task_group_decorator to 2025-08-25 00:00:00+00:00, run_after=2025-08-26 00:00:00+00:00
[2025-08-26T18:16:50.743+0100] {processor.py:183} INFO - Processing /Users/vlad.alex995/Desktop/de-sprint/.venv-airflow/lib/python3.11/site-packages/airflow/example_dags/example_task_group_decorator.py took 0.056 seconds
[2025-08-26T18:18:30.956+0100] {processor.py:161} INFO - Started process (PID=38440) to work on /Users/vlad.alex995/Desktop/de-sprint/.venv-airflow/lib/python3.11/site-packages/airflow/example_dags/example_task_group_decorator.py
[2025-08-26T18:18:30.957+0100] {processor.py:830} INFO - Processing file /Users/vlad.alex995/Desktop/de-sprint/.venv-airflow/lib/python3.11/site-packages/airflow/example_dags/example_task_group_decorator.py for tasks to queue
[2025-08-26T18:18:30.957+0100] {logging_mixin.py:188} INFO - [2025-08-26T18:18:30.957+0100] {dagbag.py:545} INFO - Filling up the DagBag from /Users/vlad.alex995/Desktop/de-sprint/.venv-airflow/lib/python3.11/site-packages/airflow/example_dags/example_task_group_decorator.py
[2025-08-26T18:18:30.973+0100] {processor.py:840} INFO - DAG(s) 'example_task_group_decorator' retrieved from /Users/vlad.alex995/Desktop/de-sprint/.venv-airflow/lib/python3.11/site-packages/airflow/example_dags/example_task_group_decorator.py
[2025-08-26T18:18:31.006+0100] {logging_mixin.py:188} INFO - [2025-08-26T18:18:31.006+0100] {dag.py:3089} INFO - Sync 1 DAGs
[2025-08-26T18:18:31.011+0100] {logging_mixin.py:188} INFO - [2025-08-26T18:18:31.011+0100] {dag.py:3947} INFO - Setting next_dagrun for example_task_group_decorator to 2025-08-25 00:00:00+00:00, run_after=2025-08-26 00:00:00+00:00
[2025-08-26T18:18:31.017+0100] {processor.py:183} INFO - Processing /Users/vlad.alex995/Desktop/de-sprint/.venv-airflow/lib/python3.11/site-packages/airflow/example_dags/example_task_group_decorator.py took 0.062 seconds
[2025-08-26T18:19:32.228+0100] {processor.py:161} INFO - Started process (PID=38864) to work on /Users/vlad.alex995/Desktop/de-sprint/.venv-airflow/lib/python3.11/site-packages/airflow/example_dags/example_task_group_decorator.py
[2025-08-26T18:19:32.229+0100] {processor.py:830} INFO - Processing file /Users/vlad.alex995/Desktop/de-sprint/.venv-airflow/lib/python3.11/site-packages/airflow/example_dags/example_task_group_decorator.py for tasks to queue
[2025-08-26T18:19:32.230+0100] {logging_mixin.py:188} INFO - [2025-08-26T18:19:32.229+0100] {dagbag.py:545} INFO - Filling up the DagBag from /Users/vlad.alex995/Desktop/de-sprint/.venv-airflow/lib/python3.11/site-packages/airflow/example_dags/example_task_group_decorator.py
[2025-08-26T18:19:32.245+0100] {processor.py:840} INFO - DAG(s) 'example_task_group_decorator' retrieved from /Users/vlad.alex995/Desktop/de-sprint/.venv-airflow/lib/python3.11/site-packages/airflow/example_dags/example_task_group_decorator.py
[2025-08-26T18:19:32.275+0100] {logging_mixin.py:188} INFO - [2025-08-26T18:19:32.275+0100] {dag.py:3089} INFO - Sync 1 DAGs
[2025-08-26T18:19:32.280+0100] {logging_mixin.py:188} INFO - [2025-08-26T18:19:32.279+0100] {dag.py:3947} INFO - Setting next_dagrun for example_task_group_decorator to 2025-08-25 00:00:00+00:00, run_after=2025-08-26 00:00:00+00:00
[2025-08-26T18:19:32.285+0100] {processor.py:183} INFO - Processing /Users/vlad.alex995/Desktop/de-sprint/.venv-airflow/lib/python3.11/site-packages/airflow/example_dags/example_task_group_decorator.py took 0.058 seconds
[2025-08-26T18:20:47.861+0100] {processor.py:161} INFO - Started process (PID=38946) to work on /Users/vlad.alex995/Desktop/de-sprint/.venv-airflow/lib/python3.11/site-packages/airflow/example_dags/example_task_group_decorator.py
[2025-08-26T18:20:47.862+0100] {processor.py:830} INFO - Processing file /Users/vlad.alex995/Desktop/de-sprint/.venv-airflow/lib/python3.11/site-packages/airflow/example_dags/example_task_group_decorator.py for tasks to queue
[2025-08-26T18:20:47.862+0100] {logging_mixin.py:188} INFO - [2025-08-26T18:20:47.862+0100] {dagbag.py:545} INFO - Filling up the DagBag from /Users/vlad.alex995/Desktop/de-sprint/.venv-airflow/lib/python3.11/site-packages/airflow/example_dags/example_task_group_decorator.py
[2025-08-26T18:20:47.878+0100] {processor.py:840} INFO - DAG(s) 'example_task_group_decorator' retrieved from /Users/vlad.alex995/Desktop/de-sprint/.venv-airflow/lib/python3.11/site-packages/airflow/example_dags/example_task_group_decorator.py
[2025-08-26T18:20:47.908+0100] {logging_mixin.py:188} INFO - [2025-08-26T18:20:47.908+0100] {dag.py:3089} INFO - Sync 1 DAGs
[2025-08-26T18:20:47.912+0100] {logging_mixin.py:188} INFO - [2025-08-26T18:20:47.912+0100] {dag.py:3947} INFO - Setting next_dagrun for example_task_group_decorator to 2025-08-25 00:00:00+00:00, run_after=2025-08-26 00:00:00+00:00
[2025-08-26T18:20:47.918+0100] {processor.py:183} INFO - Processing /Users/vlad.alex995/Desktop/de-sprint/.venv-airflow/lib/python3.11/site-packages/airflow/example_dags/example_task_group_decorator.py took 0.058 seconds
[2025-08-26T18:22:20.416+0100] {processor.py:161} INFO - Started process (PID=39019) to work on /Users/vlad.alex995/Desktop/de-sprint/.venv-airflow/lib/python3.11/site-packages/airflow/example_dags/example_task_group_decorator.py
[2025-08-26T18:22:20.417+0100] {processor.py:830} INFO - Processing file /Users/vlad.alex995/Desktop/de-sprint/.venv-airflow/lib/python3.11/site-packages/airflow/example_dags/example_task_group_decorator.py for tasks to queue
[2025-08-26T18:22:20.417+0100] {logging_mixin.py:188} INFO - [2025-08-26T18:22:20.417+0100] {dagbag.py:545} INFO - Filling up the DagBag from /Users/vlad.alex995/Desktop/de-sprint/.venv-airflow/lib/python3.11/site-packages/airflow/example_dags/example_task_group_decorator.py
[2025-08-26T18:22:20.432+0100] {processor.py:840} INFO - DAG(s) 'example_task_group_decorator' retrieved from /Users/vlad.alex995/Desktop/de-sprint/.venv-airflow/lib/python3.11/site-packages/airflow/example_dags/example_task_group_decorator.py
[2025-08-26T18:22:20.461+0100] {logging_mixin.py:188} INFO - [2025-08-26T18:22:20.461+0100] {dag.py:3089} INFO - Sync 1 DAGs
[2025-08-26T18:22:20.466+0100] {logging_mixin.py:188} INFO - [2025-08-26T18:22:20.466+0100] {dag.py:3947} INFO - Setting next_dagrun for example_task_group_decorator to 2025-08-25 00:00:00+00:00, run_after=2025-08-26 00:00:00+00:00
[2025-08-26T18:22:20.472+0100] {processor.py:183} INFO - Processing /Users/vlad.alex995/Desktop/de-sprint/.venv-airflow/lib/python3.11/site-packages/airflow/example_dags/example_task_group_decorator.py took 0.057 seconds
[2025-08-26T18:23:45.803+0100] {processor.py:161} INFO - Started process (PID=39085) to work on /Users/vlad.alex995/Desktop/de-sprint/.venv-airflow/lib/python3.11/site-packages/airflow/example_dags/example_task_group_decorator.py
[2025-08-26T18:23:45.804+0100] {processor.py:830} INFO - Processing file /Users/vlad.alex995/Desktop/de-sprint/.venv-airflow/lib/python3.11/site-packages/airflow/example_dags/example_task_group_decorator.py for tasks to queue
[2025-08-26T18:23:45.804+0100] {logging_mixin.py:188} INFO - [2025-08-26T18:23:45.804+0100] {dagbag.py:545} INFO - Filling up the DagBag from /Users/vlad.alex995/Desktop/de-sprint/.venv-airflow/lib/python3.11/site-packages/airflow/example_dags/example_task_group_decorator.py
[2025-08-26T18:23:45.819+0100] {processor.py:840} INFO - DAG(s) 'example_task_group_decorator' retrieved from /Users/vlad.alex995/Desktop/de-sprint/.venv-airflow/lib/python3.11/site-packages/airflow/example_dags/example_task_group_decorator.py
[2025-08-26T18:23:45.849+0100] {logging_mixin.py:188} INFO - [2025-08-26T18:23:45.849+0100] {dag.py:3089} INFO - Sync 1 DAGs
[2025-08-26T18:23:45.855+0100] {logging_mixin.py:188} INFO - [2025-08-26T18:23:45.854+0100] {dag.py:3947} INFO - Setting next_dagrun for example_task_group_decorator to 2025-08-25 00:00:00+00:00, run_after=2025-08-26 00:00:00+00:00
[2025-08-26T18:23:45.860+0100] {processor.py:183} INFO - Processing /Users/vlad.alex995/Desktop/de-sprint/.venv-airflow/lib/python3.11/site-packages/airflow/example_dags/example_task_group_decorator.py took 0.058 seconds
[2025-08-26T18:25:16.657+0100] {processor.py:161} INFO - Started process (PID=39169) to work on /Users/vlad.alex995/Desktop/de-sprint/.venv-airflow/lib/python3.11/site-packages/airflow/example_dags/example_task_group_decorator.py
[2025-08-26T18:25:16.660+0100] {processor.py:830} INFO - Processing file /Users/vlad.alex995/Desktop/de-sprint/.venv-airflow/lib/python3.11/site-packages/airflow/example_dags/example_task_group_decorator.py for tasks to queue
[2025-08-26T18:25:16.660+0100] {logging_mixin.py:188} INFO - [2025-08-26T18:25:16.660+0100] {dagbag.py:545} INFO - Filling up the DagBag from /Users/vlad.alex995/Desktop/de-sprint/.venv-airflow/lib/python3.11/site-packages/airflow/example_dags/example_task_group_decorator.py
[2025-08-26T18:25:16.676+0100] {processor.py:840} INFO - DAG(s) 'example_task_group_decorator' retrieved from /Users/vlad.alex995/Desktop/de-sprint/.venv-airflow/lib/python3.11/site-packages/airflow/example_dags/example_task_group_decorator.py
[2025-08-26T18:25:16.708+0100] {logging_mixin.py:188} INFO - [2025-08-26T18:25:16.707+0100] {dag.py:3089} INFO - Sync 1 DAGs
[2025-08-26T18:25:16.713+0100] {logging_mixin.py:188} INFO - [2025-08-26T18:25:16.713+0100] {dag.py:3947} INFO - Setting next_dagrun for example_task_group_decorator to 2025-08-25 00:00:00+00:00, run_after=2025-08-26 00:00:00+00:00
[2025-08-26T18:25:16.719+0100] {processor.py:183} INFO - Processing /Users/vlad.alex995/Desktop/de-sprint/.venv-airflow/lib/python3.11/site-packages/airflow/example_dags/example_task_group_decorator.py took 0.062 seconds
[2025-08-26T18:27:22.978+0100] {processor.py:161} INFO - Started process (PID=39669) to work on /Users/vlad.alex995/Desktop/de-sprint/.venv-airflow/lib/python3.11/site-packages/airflow/example_dags/example_task_group_decorator.py
[2025-08-26T18:27:22.979+0100] {processor.py:830} INFO - Processing file /Users/vlad.alex995/Desktop/de-sprint/.venv-airflow/lib/python3.11/site-packages/airflow/example_dags/example_task_group_decorator.py for tasks to queue
[2025-08-26T18:27:22.979+0100] {logging_mixin.py:188} INFO - [2025-08-26T18:27:22.979+0100] {dagbag.py:545} INFO - Filling up the DagBag from /Users/vlad.alex995/Desktop/de-sprint/.venv-airflow/lib/python3.11/site-packages/airflow/example_dags/example_task_group_decorator.py
[2025-08-26T18:27:22.994+0100] {processor.py:840} INFO - DAG(s) 'example_task_group_decorator' retrieved from /Users/vlad.alex995/Desktop/de-sprint/.venv-airflow/lib/python3.11/site-packages/airflow/example_dags/example_task_group_decorator.py
[2025-08-26T18:27:23.024+0100] {logging_mixin.py:188} INFO - [2025-08-26T18:27:23.023+0100] {dag.py:3089} INFO - Sync 1 DAGs
[2025-08-26T18:27:23.028+0100] {logging_mixin.py:188} INFO - [2025-08-26T18:27:23.028+0100] {dag.py:3947} INFO - Setting next_dagrun for example_task_group_decorator to 2025-08-25 00:00:00+00:00, run_after=2025-08-26 00:00:00+00:00
[2025-08-26T18:27:23.034+0100] {processor.py:183} INFO - Processing /Users/vlad.alex995/Desktop/de-sprint/.venv-airflow/lib/python3.11/site-packages/airflow/example_dags/example_task_group_decorator.py took 0.057 seconds
[2025-08-26T18:29:42.608+0100] {processor.py:161} INFO - Started process (PID=40095) to work on /Users/vlad.alex995/Desktop/de-sprint/.venv-airflow/lib/python3.11/site-packages/airflow/example_dags/example_task_group_decorator.py
[2025-08-26T18:29:42.609+0100] {processor.py:830} INFO - Processing file /Users/vlad.alex995/Desktop/de-sprint/.venv-airflow/lib/python3.11/site-packages/airflow/example_dags/example_task_group_decorator.py for tasks to queue
[2025-08-26T18:29:42.609+0100] {logging_mixin.py:188} INFO - [2025-08-26T18:29:42.609+0100] {dagbag.py:545} INFO - Filling up the DagBag from /Users/vlad.alex995/Desktop/de-sprint/.venv-airflow/lib/python3.11/site-packages/airflow/example_dags/example_task_group_decorator.py
[2025-08-26T18:29:42.624+0100] {processor.py:840} INFO - DAG(s) 'example_task_group_decorator' retrieved from /Users/vlad.alex995/Desktop/de-sprint/.venv-airflow/lib/python3.11/site-packages/airflow/example_dags/example_task_group_decorator.py
[2025-08-26T18:29:42.653+0100] {logging_mixin.py:188} INFO - [2025-08-26T18:29:42.653+0100] {dag.py:3089} INFO - Sync 1 DAGs
[2025-08-26T18:29:42.658+0100] {logging_mixin.py:188} INFO - [2025-08-26T18:29:42.658+0100] {dag.py:3947} INFO - Setting next_dagrun for example_task_group_decorator to 2025-08-25 00:00:00+00:00, run_after=2025-08-26 00:00:00+00:00
[2025-08-26T18:29:42.663+0100] {processor.py:183} INFO - Processing /Users/vlad.alex995/Desktop/de-sprint/.venv-airflow/lib/python3.11/site-packages/airflow/example_dags/example_task_group_decorator.py took 0.056 seconds
