[2025-08-26T17:25:10.074+0100] {processor.py:161} INFO - Started process (PID=35311) to work on /Users/vlad.alex995/Desktop/de-sprint/.venv-airflow/lib/python3.11/site-packages/airflow/example_dags/example_xcomargs.py
[2025-08-26T17:25:10.074+0100] {processor.py:830} INFO - Processing file /Users/vlad.alex995/Desktop/de-sprint/.venv-airflow/lib/python3.11/site-packages/airflow/example_dags/example_xcomargs.py for tasks to queue
[2025-08-26T17:25:10.075+0100] {logging_mixin.py:188} INFO - [2025-08-26T17:25:10.075+0100] {dagbag.py:545} INFO - Filling up the DagBag from /Users/vlad.alex995/Desktop/de-sprint/.venv-airflow/lib/python3.11/site-packages/airflow/example_dags/example_xcomargs.py
[2025-08-26T17:25:10.089+0100] {processor.py:840} INFO - DAG(s) 'example_xcom_args', 'example_xcom_args_with_operators' retrieved from /Users/vlad.alex995/Desktop/de-sprint/.venv-airflow/lib/python3.11/site-packages/airflow/example_dags/example_xcomargs.py
[2025-08-26T17:25:10.148+0100] {logging_mixin.py:188} INFO - [2025-08-26T17:25:10.148+0100] {override.py:1858} INFO - Created Permission View: can delete on DAG:example_xcom_args
[2025-08-26T17:25:10.151+0100] {logging_mixin.py:188} INFO - [2025-08-26T17:25:10.151+0100] {override.py:1858} INFO - Created Permission View: can edit on DAG:example_xcom_args
[2025-08-26T17:25:10.153+0100] {logging_mixin.py:188} INFO - [2025-08-26T17:25:10.153+0100] {override.py:1858} INFO - Created Permission View: can read on DAG:example_xcom_args
[2025-08-26T17:25:10.157+0100] {logging_mixin.py:188} INFO - [2025-08-26T17:25:10.157+0100] {override.py:1858} INFO - Created Permission View: can delete on DAG:example_xcom_args_with_operators
[2025-08-26T17:25:10.159+0100] {logging_mixin.py:188} INFO - [2025-08-26T17:25:10.158+0100] {override.py:1858} INFO - Created Permission View: can edit on DAG:example_xcom_args_with_operators
[2025-08-26T17:25:10.160+0100] {logging_mixin.py:188} INFO - [2025-08-26T17:25:10.160+0100] {override.py:1858} INFO - Created Permission View: can read on DAG:example_xcom_args_with_operators
[2025-08-26T17:25:10.160+0100] {logging_mixin.py:188} INFO - [2025-08-26T17:25:10.160+0100] {dag.py:3089} INFO - Sync 2 DAGs
[2025-08-26T17:25:10.187+0100] {logging_mixin.py:188} INFO - [2025-08-26T17:25:10.187+0100] {dag.py:3111} INFO - Creating ORM DAG for example_xcom_args_with_operators
[2025-08-26T17:25:10.188+0100] {logging_mixin.py:188} INFO - [2025-08-26T17:25:10.188+0100] {dag.py:3111} INFO - Creating ORM DAG for example_xcom_args
[2025-08-26T17:25:10.188+0100] {logging_mixin.py:188} INFO - [2025-08-26T17:25:10.188+0100] {dag.py:3947} INFO - Setting next_dagrun for example_xcom_args to None, run_after=None
[2025-08-26T17:25:10.188+0100] {logging_mixin.py:188} INFO - [2025-08-26T17:25:10.188+0100] {dag.py:3947} INFO - Setting next_dagrun for example_xcom_args_with_operators to None, run_after=None
[2025-08-26T17:25:10.195+0100] {processor.py:183} INFO - Processing /Users/vlad.alex995/Desktop/de-sprint/.venv-airflow/lib/python3.11/site-packages/airflow/example_dags/example_xcomargs.py took 0.122 seconds
[2025-08-26T17:26:32.241+0100] {processor.py:161} INFO - Started process (PID=35375) to work on /Users/vlad.alex995/Desktop/de-sprint/.venv-airflow/lib/python3.11/site-packages/airflow/example_dags/example_xcomargs.py
[2025-08-26T17:26:32.242+0100] {processor.py:830} INFO - Processing file /Users/vlad.alex995/Desktop/de-sprint/.venv-airflow/lib/python3.11/site-packages/airflow/example_dags/example_xcomargs.py for tasks to queue
[2025-08-26T17:26:32.242+0100] {logging_mixin.py:188} INFO - [2025-08-26T17:26:32.242+0100] {dagbag.py:545} INFO - Filling up the DagBag from /Users/vlad.alex995/Desktop/de-sprint/.venv-airflow/lib/python3.11/site-packages/airflow/example_dags/example_xcomargs.py
[2025-08-26T17:26:32.256+0100] {processor.py:840} INFO - DAG(s) 'example_xcom_args_with_operators', 'example_xcom_args' retrieved from /Users/vlad.alex995/Desktop/de-sprint/.venv-airflow/lib/python3.11/site-packages/airflow/example_dags/example_xcomargs.py
[2025-08-26T17:26:32.286+0100] {logging_mixin.py:188} INFO - [2025-08-26T17:26:32.286+0100] {dag.py:3089} INFO - Sync 2 DAGs
[2025-08-26T17:26:32.289+0100] {logging_mixin.py:188} INFO - [2025-08-26T17:26:32.289+0100] {dag.py:3947} INFO - Setting next_dagrun for example_xcom_args to None, run_after=None
[2025-08-26T17:26:32.290+0100] {logging_mixin.py:188} INFO - [2025-08-26T17:26:32.290+0100] {dag.py:3947} INFO - Setting next_dagrun for example_xcom_args_with_operators to None, run_after=None
[2025-08-26T17:26:32.295+0100] {processor.py:183} INFO - Processing /Users/vlad.alex995/Desktop/de-sprint/.venv-airflow/lib/python3.11/site-packages/airflow/example_dags/example_xcomargs.py took 0.055 seconds
[2025-08-26T17:28:02.433+0100] {processor.py:161} INFO - Started process (PID=35447) to work on /Users/vlad.alex995/Desktop/de-sprint/.venv-airflow/lib/python3.11/site-packages/airflow/example_dags/example_xcomargs.py
[2025-08-26T17:28:02.434+0100] {processor.py:830} INFO - Processing file /Users/vlad.alex995/Desktop/de-sprint/.venv-airflow/lib/python3.11/site-packages/airflow/example_dags/example_xcomargs.py for tasks to queue
[2025-08-26T17:28:02.434+0100] {logging_mixin.py:188} INFO - [2025-08-26T17:28:02.434+0100] {dagbag.py:545} INFO - Filling up the DagBag from /Users/vlad.alex995/Desktop/de-sprint/.venv-airflow/lib/python3.11/site-packages/airflow/example_dags/example_xcomargs.py
[2025-08-26T17:28:02.448+0100] {processor.py:840} INFO - DAG(s) 'example_xcom_args_with_operators', 'example_xcom_args' retrieved from /Users/vlad.alex995/Desktop/de-sprint/.venv-airflow/lib/python3.11/site-packages/airflow/example_dags/example_xcomargs.py
[2025-08-26T17:28:02.481+0100] {logging_mixin.py:188} INFO - [2025-08-26T17:28:02.481+0100] {dag.py:3089} INFO - Sync 2 DAGs
[2025-08-26T17:28:02.484+0100] {logging_mixin.py:188} INFO - [2025-08-26T17:28:02.484+0100] {dag.py:3947} INFO - Setting next_dagrun for example_xcom_args to None, run_after=None
[2025-08-26T17:28:02.485+0100] {logging_mixin.py:188} INFO - [2025-08-26T17:28:02.485+0100] {dag.py:3947} INFO - Setting next_dagrun for example_xcom_args_with_operators to None, run_after=None
[2025-08-26T17:28:02.491+0100] {processor.py:183} INFO - Processing /Users/vlad.alex995/Desktop/de-sprint/.venv-airflow/lib/python3.11/site-packages/airflow/example_dags/example_xcomargs.py took 0.059 seconds
[2025-08-26T17:28:51.083+0100] {processor.py:161} INFO - Started process (PID=35482) to work on /Users/vlad.alex995/Desktop/de-sprint/.venv-airflow/lib/python3.11/site-packages/airflow/example_dags/example_xcomargs.py
[2025-08-26T17:28:51.084+0100] {processor.py:830} INFO - Processing file /Users/vlad.alex995/Desktop/de-sprint/.venv-airflow/lib/python3.11/site-packages/airflow/example_dags/example_xcomargs.py for tasks to queue
[2025-08-26T17:28:51.084+0100] {logging_mixin.py:188} INFO - [2025-08-26T17:28:51.084+0100] {dagbag.py:545} INFO - Filling up the DagBag from /Users/vlad.alex995/Desktop/de-sprint/.venv-airflow/lib/python3.11/site-packages/airflow/example_dags/example_xcomargs.py
[2025-08-26T17:28:51.098+0100] {processor.py:840} INFO - DAG(s) 'example_xcom_args_with_operators', 'example_xcom_args' retrieved from /Users/vlad.alex995/Desktop/de-sprint/.venv-airflow/lib/python3.11/site-packages/airflow/example_dags/example_xcomargs.py
[2025-08-26T17:28:51.127+0100] {logging_mixin.py:188} INFO - [2025-08-26T17:28:51.127+0100] {dag.py:3089} INFO - Sync 2 DAGs
[2025-08-26T17:28:51.130+0100] {logging_mixin.py:188} INFO - [2025-08-26T17:28:51.130+0100] {dag.py:3947} INFO - Setting next_dagrun for example_xcom_args to None, run_after=None
[2025-08-26T17:28:51.131+0100] {logging_mixin.py:188} INFO - [2025-08-26T17:28:51.130+0100] {dag.py:3947} INFO - Setting next_dagrun for example_xcom_args_with_operators to None, run_after=None
[2025-08-26T17:28:51.136+0100] {processor.py:183} INFO - Processing /Users/vlad.alex995/Desktop/de-sprint/.venv-airflow/lib/python3.11/site-packages/airflow/example_dags/example_xcomargs.py took 0.054 seconds
[2025-08-26T17:29:39.266+0100] {processor.py:161} INFO - Started process (PID=35516) to work on /Users/vlad.alex995/Desktop/de-sprint/.venv-airflow/lib/python3.11/site-packages/airflow/example_dags/example_xcomargs.py
[2025-08-26T17:29:39.266+0100] {processor.py:830} INFO - Processing file /Users/vlad.alex995/Desktop/de-sprint/.venv-airflow/lib/python3.11/site-packages/airflow/example_dags/example_xcomargs.py for tasks to queue
[2025-08-26T17:29:39.266+0100] {logging_mixin.py:188} INFO - [2025-08-26T17:29:39.266+0100] {dagbag.py:545} INFO - Filling up the DagBag from /Users/vlad.alex995/Desktop/de-sprint/.venv-airflow/lib/python3.11/site-packages/airflow/example_dags/example_xcomargs.py
[2025-08-26T17:29:39.282+0100] {processor.py:840} INFO - DAG(s) 'example_xcom_args', 'example_xcom_args_with_operators' retrieved from /Users/vlad.alex995/Desktop/de-sprint/.venv-airflow/lib/python3.11/site-packages/airflow/example_dags/example_xcomargs.py
[2025-08-26T17:29:39.313+0100] {logging_mixin.py:188} INFO - [2025-08-26T17:29:39.313+0100] {dag.py:3089} INFO - Sync 2 DAGs
[2025-08-26T17:29:39.317+0100] {logging_mixin.py:188} INFO - [2025-08-26T17:29:39.316+0100] {dag.py:3947} INFO - Setting next_dagrun for example_xcom_args to None, run_after=None
[2025-08-26T17:29:39.317+0100] {logging_mixin.py:188} INFO - [2025-08-26T17:29:39.317+0100] {dag.py:3947} INFO - Setting next_dagrun for example_xcom_args_with_operators to None, run_after=None
[2025-08-26T17:29:39.323+0100] {processor.py:183} INFO - Processing /Users/vlad.alex995/Desktop/de-sprint/.venv-airflow/lib/python3.11/site-packages/airflow/example_dags/example_xcomargs.py took 0.059 seconds
[2025-08-26T17:31:08.347+0100] {processor.py:161} INFO - Started process (PID=35585) to work on /Users/vlad.alex995/Desktop/de-sprint/.venv-airflow/lib/python3.11/site-packages/airflow/example_dags/example_xcomargs.py
[2025-08-26T17:31:08.349+0100] {processor.py:830} INFO - Processing file /Users/vlad.alex995/Desktop/de-sprint/.venv-airflow/lib/python3.11/site-packages/airflow/example_dags/example_xcomargs.py for tasks to queue
[2025-08-26T17:31:08.349+0100] {logging_mixin.py:188} INFO - [2025-08-26T17:31:08.349+0100] {dagbag.py:545} INFO - Filling up the DagBag from /Users/vlad.alex995/Desktop/de-sprint/.venv-airflow/lib/python3.11/site-packages/airflow/example_dags/example_xcomargs.py
[2025-08-26T17:31:08.363+0100] {processor.py:840} INFO - DAG(s) 'example_xcom_args', 'example_xcom_args_with_operators' retrieved from /Users/vlad.alex995/Desktop/de-sprint/.venv-airflow/lib/python3.11/site-packages/airflow/example_dags/example_xcomargs.py
[2025-08-26T17:31:08.392+0100] {logging_mixin.py:188} INFO - [2025-08-26T17:31:08.392+0100] {dag.py:3089} INFO - Sync 2 DAGs
[2025-08-26T17:31:08.395+0100] {logging_mixin.py:188} INFO - [2025-08-26T17:31:08.395+0100] {dag.py:3947} INFO - Setting next_dagrun for example_xcom_args to None, run_after=None
[2025-08-26T17:31:08.396+0100] {logging_mixin.py:188} INFO - [2025-08-26T17:31:08.396+0100] {dag.py:3947} INFO - Setting next_dagrun for example_xcom_args_with_operators to None, run_after=None
[2025-08-26T17:31:08.402+0100] {processor.py:183} INFO - Processing /Users/vlad.alex995/Desktop/de-sprint/.venv-airflow/lib/python3.11/site-packages/airflow/example_dags/example_xcomargs.py took 0.055 seconds
[2025-08-26T17:31:54.499+0100] {processor.py:161} INFO - Started process (PID=35682) to work on /Users/vlad.alex995/Desktop/de-sprint/.venv-airflow/lib/python3.11/site-packages/airflow/example_dags/example_xcomargs.py
[2025-08-26T17:31:54.499+0100] {processor.py:830} INFO - Processing file /Users/vlad.alex995/Desktop/de-sprint/.venv-airflow/lib/python3.11/site-packages/airflow/example_dags/example_xcomargs.py for tasks to queue
[2025-08-26T17:31:54.499+0100] {logging_mixin.py:188} INFO - [2025-08-26T17:31:54.499+0100] {dagbag.py:545} INFO - Filling up the DagBag from /Users/vlad.alex995/Desktop/de-sprint/.venv-airflow/lib/python3.11/site-packages/airflow/example_dags/example_xcomargs.py
[2025-08-26T17:31:54.513+0100] {processor.py:840} INFO - DAG(s) 'example_xcom_args', 'example_xcom_args_with_operators' retrieved from /Users/vlad.alex995/Desktop/de-sprint/.venv-airflow/lib/python3.11/site-packages/airflow/example_dags/example_xcomargs.py
[2025-08-26T17:31:54.543+0100] {logging_mixin.py:188} INFO - [2025-08-26T17:31:54.543+0100] {dag.py:3089} INFO - Sync 2 DAGs
[2025-08-26T17:31:54.546+0100] {logging_mixin.py:188} INFO - [2025-08-26T17:31:54.546+0100] {dag.py:3947} INFO - Setting next_dagrun for example_xcom_args to None, run_after=None
[2025-08-26T17:31:54.547+0100] {logging_mixin.py:188} INFO - [2025-08-26T17:31:54.547+0100] {dag.py:3947} INFO - Setting next_dagrun for example_xcom_args_with_operators to None, run_after=None
[2025-08-26T17:31:54.553+0100] {processor.py:183} INFO - Processing /Users/vlad.alex995/Desktop/de-sprint/.venv-airflow/lib/python3.11/site-packages/airflow/example_dags/example_xcomargs.py took 0.055 seconds
[2025-08-26T17:33:26.063+0100] {processor.py:161} INFO - Started process (PID=36015) to work on /Users/vlad.alex995/Desktop/de-sprint/.venv-airflow/lib/python3.11/site-packages/airflow/example_dags/example_xcomargs.py
[2025-08-26T17:33:26.065+0100] {processor.py:830} INFO - Processing file /Users/vlad.alex995/Desktop/de-sprint/.venv-airflow/lib/python3.11/site-packages/airflow/example_dags/example_xcomargs.py for tasks to queue
[2025-08-26T17:33:26.065+0100] {logging_mixin.py:188} INFO - [2025-08-26T17:33:26.065+0100] {dagbag.py:545} INFO - Filling up the DagBag from /Users/vlad.alex995/Desktop/de-sprint/.venv-airflow/lib/python3.11/site-packages/airflow/example_dags/example_xcomargs.py
[2025-08-26T17:33:26.080+0100] {processor.py:840} INFO - DAG(s) 'example_xcom_args_with_operators', 'example_xcom_args' retrieved from /Users/vlad.alex995/Desktop/de-sprint/.venv-airflow/lib/python3.11/site-packages/airflow/example_dags/example_xcomargs.py
[2025-08-26T17:33:26.110+0100] {logging_mixin.py:188} INFO - [2025-08-26T17:33:26.110+0100] {dag.py:3089} INFO - Sync 2 DAGs
[2025-08-26T17:33:26.113+0100] {logging_mixin.py:188} INFO - [2025-08-26T17:33:26.113+0100] {dag.py:3947} INFO - Setting next_dagrun for example_xcom_args to None, run_after=None
[2025-08-26T17:33:26.114+0100] {logging_mixin.py:188} INFO - [2025-08-26T17:33:26.114+0100] {dag.py:3947} INFO - Setting next_dagrun for example_xcom_args_with_operators to None, run_after=None
[2025-08-26T17:33:26.120+0100] {processor.py:183} INFO - Processing /Users/vlad.alex995/Desktop/de-sprint/.venv-airflow/lib/python3.11/site-packages/airflow/example_dags/example_xcomargs.py took 0.057 seconds
[2025-08-26T18:10:55.391+0100] {processor.py:161} INFO - Started process (PID=37397) to work on /Users/vlad.alex995/Desktop/de-sprint/.venv-airflow/lib/python3.11/site-packages/airflow/example_dags/example_xcomargs.py
[2025-08-26T18:10:55.393+0100] {processor.py:830} INFO - Processing file /Users/vlad.alex995/Desktop/de-sprint/.venv-airflow/lib/python3.11/site-packages/airflow/example_dags/example_xcomargs.py for tasks to queue
[2025-08-26T18:10:55.394+0100] {logging_mixin.py:188} INFO - [2025-08-26T18:10:55.393+0100] {dagbag.py:545} INFO - Filling up the DagBag from /Users/vlad.alex995/Desktop/de-sprint/.venv-airflow/lib/python3.11/site-packages/airflow/example_dags/example_xcomargs.py
[2025-08-26T18:10:55.408+0100] {processor.py:840} INFO - DAG(s) 'example_xcom_args', 'example_xcom_args_with_operators' retrieved from /Users/vlad.alex995/Desktop/de-sprint/.venv-airflow/lib/python3.11/site-packages/airflow/example_dags/example_xcomargs.py
[2025-08-26T18:10:55.440+0100] {logging_mixin.py:188} INFO - [2025-08-26T18:10:55.440+0100] {dag.py:3089} INFO - Sync 2 DAGs
[2025-08-26T18:10:55.443+0100] {logging_mixin.py:188} INFO - [2025-08-26T18:10:55.443+0100] {dag.py:3947} INFO - Setting next_dagrun for example_xcom_args to None, run_after=None
[2025-08-26T18:10:55.445+0100] {logging_mixin.py:188} INFO - [2025-08-26T18:10:55.445+0100] {dag.py:3947} INFO - Setting next_dagrun for example_xcom_args_with_operators to None, run_after=None
[2025-08-26T18:10:55.453+0100] {processor.py:183} INFO - Processing /Users/vlad.alex995/Desktop/de-sprint/.venv-airflow/lib/python3.11/site-packages/airflow/example_dags/example_xcomargs.py took 0.062 seconds
[2025-08-26T18:12:14.717+0100] {processor.py:161} INFO - Started process (PID=37460) to work on /Users/vlad.alex995/Desktop/de-sprint/.venv-airflow/lib/python3.11/site-packages/airflow/example_dags/example_xcomargs.py
[2025-08-26T18:12:14.719+0100] {processor.py:830} INFO - Processing file /Users/vlad.alex995/Desktop/de-sprint/.venv-airflow/lib/python3.11/site-packages/airflow/example_dags/example_xcomargs.py for tasks to queue
[2025-08-26T18:12:14.719+0100] {logging_mixin.py:188} INFO - [2025-08-26T18:12:14.719+0100] {dagbag.py:545} INFO - Filling up the DagBag from /Users/vlad.alex995/Desktop/de-sprint/.venv-airflow/lib/python3.11/site-packages/airflow/example_dags/example_xcomargs.py
[2025-08-26T18:12:14.731+0100] {processor.py:840} INFO - DAG(s) 'example_xcom_args_with_operators', 'example_xcom_args' retrieved from /Users/vlad.alex995/Desktop/de-sprint/.venv-airflow/lib/python3.11/site-packages/airflow/example_dags/example_xcomargs.py
[2025-08-26T18:12:14.759+0100] {logging_mixin.py:188} INFO - [2025-08-26T18:12:14.759+0100] {dag.py:3089} INFO - Sync 2 DAGs
[2025-08-26T18:12:14.762+0100] {logging_mixin.py:188} INFO - [2025-08-26T18:12:14.762+0100] {dag.py:3947} INFO - Setting next_dagrun for example_xcom_args to None, run_after=None
[2025-08-26T18:12:14.763+0100] {logging_mixin.py:188} INFO - [2025-08-26T18:12:14.763+0100] {dag.py:3947} INFO - Setting next_dagrun for example_xcom_args_with_operators to None, run_after=None
[2025-08-26T18:12:14.768+0100] {processor.py:183} INFO - Processing /Users/vlad.alex995/Desktop/de-sprint/.venv-airflow/lib/python3.11/site-packages/airflow/example_dags/example_xcomargs.py took 0.052 seconds
[2025-08-26T18:13:03.476+0100] {processor.py:161} INFO - Started process (PID=37498) to work on /Users/vlad.alex995/Desktop/de-sprint/.venv-airflow/lib/python3.11/site-packages/airflow/example_dags/example_xcomargs.py
[2025-08-26T18:13:03.477+0100] {processor.py:830} INFO - Processing file /Users/vlad.alex995/Desktop/de-sprint/.venv-airflow/lib/python3.11/site-packages/airflow/example_dags/example_xcomargs.py for tasks to queue
[2025-08-26T18:13:03.477+0100] {logging_mixin.py:188} INFO - [2025-08-26T18:13:03.477+0100] {dagbag.py:545} INFO - Filling up the DagBag from /Users/vlad.alex995/Desktop/de-sprint/.venv-airflow/lib/python3.11/site-packages/airflow/example_dags/example_xcomargs.py
[2025-08-26T18:13:03.491+0100] {processor.py:840} INFO - DAG(s) 'example_xcom_args', 'example_xcom_args_with_operators' retrieved from /Users/vlad.alex995/Desktop/de-sprint/.venv-airflow/lib/python3.11/site-packages/airflow/example_dags/example_xcomargs.py
[2025-08-26T18:13:03.519+0100] {logging_mixin.py:188} INFO - [2025-08-26T18:13:03.519+0100] {dag.py:3089} INFO - Sync 2 DAGs
[2025-08-26T18:13:03.522+0100] {logging_mixin.py:188} INFO - [2025-08-26T18:13:03.522+0100] {dag.py:3947} INFO - Setting next_dagrun for example_xcom_args to None, run_after=None
[2025-08-26T18:13:03.523+0100] {logging_mixin.py:188} INFO - [2025-08-26T18:13:03.523+0100] {dag.py:3947} INFO - Setting next_dagrun for example_xcom_args_with_operators to None, run_after=None
[2025-08-26T18:13:03.528+0100] {processor.py:183} INFO - Processing /Users/vlad.alex995/Desktop/de-sprint/.venv-airflow/lib/python3.11/site-packages/airflow/example_dags/example_xcomargs.py took 0.052 seconds
[2025-08-26T18:14:28.303+0100] {processor.py:161} INFO - Started process (PID=37801) to work on /Users/vlad.alex995/Desktop/de-sprint/.venv-airflow/lib/python3.11/site-packages/airflow/example_dags/example_xcomargs.py
[2025-08-26T18:14:28.303+0100] {processor.py:830} INFO - Processing file /Users/vlad.alex995/Desktop/de-sprint/.venv-airflow/lib/python3.11/site-packages/airflow/example_dags/example_xcomargs.py for tasks to queue
[2025-08-26T18:14:28.303+0100] {logging_mixin.py:188} INFO - [2025-08-26T18:14:28.303+0100] {dagbag.py:545} INFO - Filling up the DagBag from /Users/vlad.alex995/Desktop/de-sprint/.venv-airflow/lib/python3.11/site-packages/airflow/example_dags/example_xcomargs.py
[2025-08-26T18:14:28.318+0100] {processor.py:840} INFO - DAG(s) 'example_xcom_args_with_operators', 'example_xcom_args' retrieved from /Users/vlad.alex995/Desktop/de-sprint/.venv-airflow/lib/python3.11/site-packages/airflow/example_dags/example_xcomargs.py
[2025-08-26T18:14:28.350+0100] {logging_mixin.py:188} INFO - [2025-08-26T18:14:28.349+0100] {dag.py:3089} INFO - Sync 2 DAGs
[2025-08-26T18:14:28.353+0100] {logging_mixin.py:188} INFO - [2025-08-26T18:14:28.353+0100] {dag.py:3947} INFO - Setting next_dagrun for example_xcom_args to None, run_after=None
[2025-08-26T18:14:28.354+0100] {logging_mixin.py:188} INFO - [2025-08-26T18:14:28.354+0100] {dag.py:3947} INFO - Setting next_dagrun for example_xcom_args_with_operators to None, run_after=None
[2025-08-26T18:14:28.359+0100] {processor.py:183} INFO - Processing /Users/vlad.alex995/Desktop/de-sprint/.venv-airflow/lib/python3.11/site-packages/airflow/example_dags/example_xcomargs.py took 0.058 seconds
[2025-08-26T18:15:14.118+0100] {processor.py:161} INFO - Started process (PID=37996) to work on /Users/vlad.alex995/Desktop/de-sprint/.venv-airflow/lib/python3.11/site-packages/airflow/example_dags/example_xcomargs.py
[2025-08-26T18:15:14.119+0100] {processor.py:830} INFO - Processing file /Users/vlad.alex995/Desktop/de-sprint/.venv-airflow/lib/python3.11/site-packages/airflow/example_dags/example_xcomargs.py for tasks to queue
[2025-08-26T18:15:14.119+0100] {logging_mixin.py:188} INFO - [2025-08-26T18:15:14.119+0100] {dagbag.py:545} INFO - Filling up the DagBag from /Users/vlad.alex995/Desktop/de-sprint/.venv-airflow/lib/python3.11/site-packages/airflow/example_dags/example_xcomargs.py
[2025-08-26T18:15:14.133+0100] {processor.py:840} INFO - DAG(s) 'example_xcom_args_with_operators', 'example_xcom_args' retrieved from /Users/vlad.alex995/Desktop/de-sprint/.venv-airflow/lib/python3.11/site-packages/airflow/example_dags/example_xcomargs.py
[2025-08-26T18:15:14.163+0100] {logging_mixin.py:188} INFO - [2025-08-26T18:15:14.163+0100] {dag.py:3089} INFO - Sync 2 DAGs
[2025-08-26T18:15:14.166+0100] {logging_mixin.py:188} INFO - [2025-08-26T18:15:14.166+0100] {dag.py:3947} INFO - Setting next_dagrun for example_xcom_args to None, run_after=None
[2025-08-26T18:15:14.167+0100] {logging_mixin.py:188} INFO - [2025-08-26T18:15:14.167+0100] {dag.py:3947} INFO - Setting next_dagrun for example_xcom_args_with_operators to None, run_after=None
[2025-08-26T18:15:14.172+0100] {processor.py:183} INFO - Processing /Users/vlad.alex995/Desktop/de-sprint/.venv-airflow/lib/python3.11/site-packages/airflow/example_dags/example_xcomargs.py took 0.055 seconds
[2025-08-26T18:16:00.929+0100] {processor.py:161} INFO - Started process (PID=38036) to work on /Users/vlad.alex995/Desktop/de-sprint/.venv-airflow/lib/python3.11/site-packages/airflow/example_dags/example_xcomargs.py
[2025-08-26T18:16:00.929+0100] {processor.py:830} INFO - Processing file /Users/vlad.alex995/Desktop/de-sprint/.venv-airflow/lib/python3.11/site-packages/airflow/example_dags/example_xcomargs.py for tasks to queue
[2025-08-26T18:16:00.929+0100] {logging_mixin.py:188} INFO - [2025-08-26T18:16:00.929+0100] {dagbag.py:545} INFO - Filling up the DagBag from /Users/vlad.alex995/Desktop/de-sprint/.venv-airflow/lib/python3.11/site-packages/airflow/example_dags/example_xcomargs.py
[2025-08-26T18:16:00.945+0100] {processor.py:840} INFO - DAG(s) 'example_xcom_args_with_operators', 'example_xcom_args' retrieved from /Users/vlad.alex995/Desktop/de-sprint/.venv-airflow/lib/python3.11/site-packages/airflow/example_dags/example_xcomargs.py
[2025-08-26T18:16:00.977+0100] {logging_mixin.py:188} INFO - [2025-08-26T18:16:00.977+0100] {dag.py:3089} INFO - Sync 2 DAGs
[2025-08-26T18:16:00.980+0100] {logging_mixin.py:188} INFO - [2025-08-26T18:16:00.980+0100] {dag.py:3947} INFO - Setting next_dagrun for example_xcom_args to None, run_after=None
[2025-08-26T18:16:00.981+0100] {logging_mixin.py:188} INFO - [2025-08-26T18:16:00.981+0100] {dag.py:3947} INFO - Setting next_dagrun for example_xcom_args_with_operators to None, run_after=None
[2025-08-26T18:16:00.987+0100] {processor.py:183} INFO - Processing /Users/vlad.alex995/Desktop/de-sprint/.venv-airflow/lib/python3.11/site-packages/airflow/example_dags/example_xcomargs.py took 0.059 seconds
[2025-08-26T18:16:46.704+0100] {processor.py:161} INFO - Started process (PID=38072) to work on /Users/vlad.alex995/Desktop/de-sprint/.venv-airflow/lib/python3.11/site-packages/airflow/example_dags/example_xcomargs.py
[2025-08-26T18:16:46.704+0100] {processor.py:830} INFO - Processing file /Users/vlad.alex995/Desktop/de-sprint/.venv-airflow/lib/python3.11/site-packages/airflow/example_dags/example_xcomargs.py for tasks to queue
[2025-08-26T18:16:46.704+0100] {logging_mixin.py:188} INFO - [2025-08-26T18:16:46.704+0100] {dagbag.py:545} INFO - Filling up the DagBag from /Users/vlad.alex995/Desktop/de-sprint/.venv-airflow/lib/python3.11/site-packages/airflow/example_dags/example_xcomargs.py
[2025-08-26T18:16:46.717+0100] {processor.py:840} INFO - DAG(s) 'example_xcom_args_with_operators', 'example_xcom_args' retrieved from /Users/vlad.alex995/Desktop/de-sprint/.venv-airflow/lib/python3.11/site-packages/airflow/example_dags/example_xcomargs.py
[2025-08-26T18:16:46.746+0100] {logging_mixin.py:188} INFO - [2025-08-26T18:16:46.746+0100] {dag.py:3089} INFO - Sync 2 DAGs
[2025-08-26T18:16:46.748+0100] {logging_mixin.py:188} INFO - [2025-08-26T18:16:46.748+0100] {dag.py:3947} INFO - Setting next_dagrun for example_xcom_args to None, run_after=None
[2025-08-26T18:16:46.749+0100] {logging_mixin.py:188} INFO - [2025-08-26T18:16:46.749+0100] {dag.py:3947} INFO - Setting next_dagrun for example_xcom_args_with_operators to None, run_after=None
[2025-08-26T18:16:46.755+0100] {processor.py:183} INFO - Processing /Users/vlad.alex995/Desktop/de-sprint/.venv-airflow/lib/python3.11/site-packages/airflow/example_dags/example_xcomargs.py took 0.052 seconds
[2025-08-26T18:17:37.914+0100] {processor.py:161} INFO - Started process (PID=38200) to work on /Users/vlad.alex995/Desktop/de-sprint/.venv-airflow/lib/python3.11/site-packages/airflow/example_dags/example_xcomargs.py
[2025-08-26T18:17:37.915+0100] {processor.py:830} INFO - Processing file /Users/vlad.alex995/Desktop/de-sprint/.venv-airflow/lib/python3.11/site-packages/airflow/example_dags/example_xcomargs.py for tasks to queue
[2025-08-26T18:17:37.915+0100] {logging_mixin.py:188} INFO - [2025-08-26T18:17:37.915+0100] {dagbag.py:545} INFO - Filling up the DagBag from /Users/vlad.alex995/Desktop/de-sprint/.venv-airflow/lib/python3.11/site-packages/airflow/example_dags/example_xcomargs.py
[2025-08-26T18:17:37.930+0100] {processor.py:840} INFO - DAG(s) 'example_xcom_args', 'example_xcom_args_with_operators' retrieved from /Users/vlad.alex995/Desktop/de-sprint/.venv-airflow/lib/python3.11/site-packages/airflow/example_dags/example_xcomargs.py
[2025-08-26T18:17:37.961+0100] {logging_mixin.py:188} INFO - [2025-08-26T18:17:37.961+0100] {dag.py:3089} INFO - Sync 2 DAGs
[2025-08-26T18:17:37.964+0100] {logging_mixin.py:188} INFO - [2025-08-26T18:17:37.964+0100] {dag.py:3947} INFO - Setting next_dagrun for example_xcom_args to None, run_after=None
[2025-08-26T18:17:37.965+0100] {logging_mixin.py:188} INFO - [2025-08-26T18:17:37.965+0100] {dag.py:3947} INFO - Setting next_dagrun for example_xcom_args_with_operators to None, run_after=None
[2025-08-26T18:17:37.970+0100] {processor.py:183} INFO - Processing /Users/vlad.alex995/Desktop/de-sprint/.venv-airflow/lib/python3.11/site-packages/airflow/example_dags/example_xcomargs.py took 0.057 seconds
[2025-08-26T18:18:26.536+0100] {processor.py:161} INFO - Started process (PID=38437) to work on /Users/vlad.alex995/Desktop/de-sprint/.venv-airflow/lib/python3.11/site-packages/airflow/example_dags/example_xcomargs.py
[2025-08-26T18:18:26.537+0100] {processor.py:830} INFO - Processing file /Users/vlad.alex995/Desktop/de-sprint/.venv-airflow/lib/python3.11/site-packages/airflow/example_dags/example_xcomargs.py for tasks to queue
[2025-08-26T18:18:26.537+0100] {logging_mixin.py:188} INFO - [2025-08-26T18:18:26.537+0100] {dagbag.py:545} INFO - Filling up the DagBag from /Users/vlad.alex995/Desktop/de-sprint/.venv-airflow/lib/python3.11/site-packages/airflow/example_dags/example_xcomargs.py
[2025-08-26T18:18:26.552+0100] {processor.py:840} INFO - DAG(s) 'example_xcom_args_with_operators', 'example_xcom_args' retrieved from /Users/vlad.alex995/Desktop/de-sprint/.venv-airflow/lib/python3.11/site-packages/airflow/example_dags/example_xcomargs.py
[2025-08-26T18:18:26.581+0100] {logging_mixin.py:188} INFO - [2025-08-26T18:18:26.581+0100] {dag.py:3089} INFO - Sync 2 DAGs
[2025-08-26T18:18:26.584+0100] {logging_mixin.py:188} INFO - [2025-08-26T18:18:26.584+0100] {dag.py:3947} INFO - Setting next_dagrun for example_xcom_args to None, run_after=None
[2025-08-26T18:18:26.585+0100] {logging_mixin.py:188} INFO - [2025-08-26T18:18:26.585+0100] {dag.py:3947} INFO - Setting next_dagrun for example_xcom_args_with_operators to None, run_after=None
[2025-08-26T18:18:26.590+0100] {processor.py:183} INFO - Processing /Users/vlad.alex995/Desktop/de-sprint/.venv-airflow/lib/python3.11/site-packages/airflow/example_dags/example_xcomargs.py took 0.055 seconds
[2025-08-26T18:19:24.905+0100] {processor.py:161} INFO - Started process (PID=38857) to work on /Users/vlad.alex995/Desktop/de-sprint/.venv-airflow/lib/python3.11/site-packages/airflow/example_dags/example_xcomargs.py
[2025-08-26T18:19:24.905+0100] {processor.py:830} INFO - Processing file /Users/vlad.alex995/Desktop/de-sprint/.venv-airflow/lib/python3.11/site-packages/airflow/example_dags/example_xcomargs.py for tasks to queue
[2025-08-26T18:19:24.906+0100] {logging_mixin.py:188} INFO - [2025-08-26T18:19:24.905+0100] {dagbag.py:545} INFO - Filling up the DagBag from /Users/vlad.alex995/Desktop/de-sprint/.venv-airflow/lib/python3.11/site-packages/airflow/example_dags/example_xcomargs.py
[2025-08-26T18:19:24.919+0100] {processor.py:840} INFO - DAG(s) 'example_xcom_args_with_operators', 'example_xcom_args' retrieved from /Users/vlad.alex995/Desktop/de-sprint/.venv-airflow/lib/python3.11/site-packages/airflow/example_dags/example_xcomargs.py
[2025-08-26T18:19:24.949+0100] {logging_mixin.py:188} INFO - [2025-08-26T18:19:24.949+0100] {dag.py:3089} INFO - Sync 2 DAGs
[2025-08-26T18:19:24.951+0100] {logging_mixin.py:188} INFO - [2025-08-26T18:19:24.951+0100] {dag.py:3947} INFO - Setting next_dagrun for example_xcom_args to None, run_after=None
[2025-08-26T18:19:24.952+0100] {logging_mixin.py:188} INFO - [2025-08-26T18:19:24.952+0100] {dag.py:3947} INFO - Setting next_dagrun for example_xcom_args_with_operators to None, run_after=None
[2025-08-26T18:19:24.958+0100] {processor.py:183} INFO - Processing /Users/vlad.alex995/Desktop/de-sprint/.venv-airflow/lib/python3.11/site-packages/airflow/example_dags/example_xcomargs.py took 0.054 seconds
[2025-08-26T18:20:40.893+0100] {processor.py:161} INFO - Started process (PID=38939) to work on /Users/vlad.alex995/Desktop/de-sprint/.venv-airflow/lib/python3.11/site-packages/airflow/example_dags/example_xcomargs.py
[2025-08-26T18:20:40.894+0100] {processor.py:830} INFO - Processing file /Users/vlad.alex995/Desktop/de-sprint/.venv-airflow/lib/python3.11/site-packages/airflow/example_dags/example_xcomargs.py for tasks to queue
[2025-08-26T18:20:40.894+0100] {logging_mixin.py:188} INFO - [2025-08-26T18:20:40.894+0100] {dagbag.py:545} INFO - Filling up the DagBag from /Users/vlad.alex995/Desktop/de-sprint/.venv-airflow/lib/python3.11/site-packages/airflow/example_dags/example_xcomargs.py
[2025-08-26T18:20:40.908+0100] {processor.py:840} INFO - DAG(s) 'example_xcom_args_with_operators', 'example_xcom_args' retrieved from /Users/vlad.alex995/Desktop/de-sprint/.venv-airflow/lib/python3.11/site-packages/airflow/example_dags/example_xcomargs.py
[2025-08-26T18:20:40.938+0100] {logging_mixin.py:188} INFO - [2025-08-26T18:20:40.938+0100] {dag.py:3089} INFO - Sync 2 DAGs
[2025-08-26T18:20:40.941+0100] {logging_mixin.py:188} INFO - [2025-08-26T18:20:40.941+0100] {dag.py:3947} INFO - Setting next_dagrun for example_xcom_args to None, run_after=None
[2025-08-26T18:20:40.942+0100] {logging_mixin.py:188} INFO - [2025-08-26T18:20:40.942+0100] {dag.py:3947} INFO - Setting next_dagrun for example_xcom_args_with_operators to None, run_after=None
[2025-08-26T18:20:40.947+0100] {processor.py:183} INFO - Processing /Users/vlad.alex995/Desktop/de-sprint/.venv-airflow/lib/python3.11/site-packages/airflow/example_dags/example_xcomargs.py took 0.054 seconds
[2025-08-26T18:21:26.824+0100] {processor.py:161} INFO - Started process (PID=38976) to work on /Users/vlad.alex995/Desktop/de-sprint/.venv-airflow/lib/python3.11/site-packages/airflow/example_dags/example_xcomargs.py
[2025-08-26T18:21:26.824+0100] {processor.py:830} INFO - Processing file /Users/vlad.alex995/Desktop/de-sprint/.venv-airflow/lib/python3.11/site-packages/airflow/example_dags/example_xcomargs.py for tasks to queue
[2025-08-26T18:21:26.824+0100] {logging_mixin.py:188} INFO - [2025-08-26T18:21:26.824+0100] {dagbag.py:545} INFO - Filling up the DagBag from /Users/vlad.alex995/Desktop/de-sprint/.venv-airflow/lib/python3.11/site-packages/airflow/example_dags/example_xcomargs.py
[2025-08-26T18:21:26.839+0100] {processor.py:840} INFO - DAG(s) 'example_xcom_args', 'example_xcom_args_with_operators' retrieved from /Users/vlad.alex995/Desktop/de-sprint/.venv-airflow/lib/python3.11/site-packages/airflow/example_dags/example_xcomargs.py
[2025-08-26T18:21:26.869+0100] {logging_mixin.py:188} INFO - [2025-08-26T18:21:26.869+0100] {dag.py:3089} INFO - Sync 2 DAGs
[2025-08-26T18:21:26.872+0100] {logging_mixin.py:188} INFO - [2025-08-26T18:21:26.872+0100] {dag.py:3947} INFO - Setting next_dagrun for example_xcom_args to None, run_after=None
[2025-08-26T18:21:26.873+0100] {logging_mixin.py:188} INFO - [2025-08-26T18:21:26.872+0100] {dag.py:3947} INFO - Setting next_dagrun for example_xcom_args_with_operators to None, run_after=None
[2025-08-26T18:21:26.878+0100] {processor.py:183} INFO - Processing /Users/vlad.alex995/Desktop/de-sprint/.venv-airflow/lib/python3.11/site-packages/airflow/example_dags/example_xcomargs.py took 0.055 seconds
[2025-08-26T18:22:13.942+0100] {processor.py:161} INFO - Started process (PID=39014) to work on /Users/vlad.alex995/Desktop/de-sprint/.venv-airflow/lib/python3.11/site-packages/airflow/example_dags/example_xcomargs.py
[2025-08-26T18:22:13.943+0100] {processor.py:830} INFO - Processing file /Users/vlad.alex995/Desktop/de-sprint/.venv-airflow/lib/python3.11/site-packages/airflow/example_dags/example_xcomargs.py for tasks to queue
[2025-08-26T18:22:13.943+0100] {logging_mixin.py:188} INFO - [2025-08-26T18:22:13.943+0100] {dagbag.py:545} INFO - Filling up the DagBag from /Users/vlad.alex995/Desktop/de-sprint/.venv-airflow/lib/python3.11/site-packages/airflow/example_dags/example_xcomargs.py
[2025-08-26T18:22:13.956+0100] {processor.py:840} INFO - DAG(s) 'example_xcom_args_with_operators', 'example_xcom_args' retrieved from /Users/vlad.alex995/Desktop/de-sprint/.venv-airflow/lib/python3.11/site-packages/airflow/example_dags/example_xcomargs.py
[2025-08-26T18:22:13.985+0100] {logging_mixin.py:188} INFO - [2025-08-26T18:22:13.985+0100] {dag.py:3089} INFO - Sync 2 DAGs
[2025-08-26T18:22:13.988+0100] {logging_mixin.py:188} INFO - [2025-08-26T18:22:13.988+0100] {dag.py:3947} INFO - Setting next_dagrun for example_xcom_args to None, run_after=None
[2025-08-26T18:22:13.989+0100] {logging_mixin.py:188} INFO - [2025-08-26T18:22:13.988+0100] {dag.py:3947} INFO - Setting next_dagrun for example_xcom_args_with_operators to None, run_after=None
[2025-08-26T18:22:13.994+0100] {processor.py:183} INFO - Processing /Users/vlad.alex995/Desktop/de-sprint/.venv-airflow/lib/python3.11/site-packages/airflow/example_dags/example_xcomargs.py took 0.052 seconds
[2025-08-26T18:23:39.491+0100] {processor.py:161} INFO - Started process (PID=39080) to work on /Users/vlad.alex995/Desktop/de-sprint/.venv-airflow/lib/python3.11/site-packages/airflow/example_dags/example_xcomargs.py
[2025-08-26T18:23:39.492+0100] {processor.py:830} INFO - Processing file /Users/vlad.alex995/Desktop/de-sprint/.venv-airflow/lib/python3.11/site-packages/airflow/example_dags/example_xcomargs.py for tasks to queue
[2025-08-26T18:23:39.492+0100] {logging_mixin.py:188} INFO - [2025-08-26T18:23:39.492+0100] {dagbag.py:545} INFO - Filling up the DagBag from /Users/vlad.alex995/Desktop/de-sprint/.venv-airflow/lib/python3.11/site-packages/airflow/example_dags/example_xcomargs.py
[2025-08-26T18:23:39.507+0100] {processor.py:840} INFO - DAG(s) 'example_xcom_args', 'example_xcom_args_with_operators' retrieved from /Users/vlad.alex995/Desktop/de-sprint/.venv-airflow/lib/python3.11/site-packages/airflow/example_dags/example_xcomargs.py
[2025-08-26T18:23:39.537+0100] {logging_mixin.py:188} INFO - [2025-08-26T18:23:39.537+0100] {dag.py:3089} INFO - Sync 2 DAGs
[2025-08-26T18:23:39.540+0100] {logging_mixin.py:188} INFO - [2025-08-26T18:23:39.540+0100] {dag.py:3947} INFO - Setting next_dagrun for example_xcom_args to None, run_after=None
[2025-08-26T18:23:39.541+0100] {logging_mixin.py:188} INFO - [2025-08-26T18:23:39.541+0100] {dag.py:3947} INFO - Setting next_dagrun for example_xcom_args_with_operators to None, run_after=None
[2025-08-26T18:23:39.547+0100] {processor.py:183} INFO - Processing /Users/vlad.alex995/Desktop/de-sprint/.venv-airflow/lib/python3.11/site-packages/airflow/example_dags/example_xcomargs.py took 0.057 seconds
[2025-08-26T18:25:09.045+0100] {processor.py:161} INFO - Started process (PID=39159) to work on /Users/vlad.alex995/Desktop/de-sprint/.venv-airflow/lib/python3.11/site-packages/airflow/example_dags/example_xcomargs.py
[2025-08-26T18:25:09.046+0100] {processor.py:830} INFO - Processing file /Users/vlad.alex995/Desktop/de-sprint/.venv-airflow/lib/python3.11/site-packages/airflow/example_dags/example_xcomargs.py for tasks to queue
[2025-08-26T18:25:09.046+0100] {logging_mixin.py:188} INFO - [2025-08-26T18:25:09.046+0100] {dagbag.py:545} INFO - Filling up the DagBag from /Users/vlad.alex995/Desktop/de-sprint/.venv-airflow/lib/python3.11/site-packages/airflow/example_dags/example_xcomargs.py
[2025-08-26T18:25:09.064+0100] {processor.py:840} INFO - DAG(s) 'example_xcom_args_with_operators', 'example_xcom_args' retrieved from /Users/vlad.alex995/Desktop/de-sprint/.venv-airflow/lib/python3.11/site-packages/airflow/example_dags/example_xcomargs.py
[2025-08-26T18:25:09.099+0100] {logging_mixin.py:188} INFO - [2025-08-26T18:25:09.099+0100] {dag.py:3089} INFO - Sync 2 DAGs
[2025-08-26T18:25:09.103+0100] {logging_mixin.py:188} INFO - [2025-08-26T18:25:09.103+0100] {dag.py:3947} INFO - Setting next_dagrun for example_xcom_args to None, run_after=None
[2025-08-26T18:25:09.104+0100] {logging_mixin.py:188} INFO - [2025-08-26T18:25:09.104+0100] {dag.py:3947} INFO - Setting next_dagrun for example_xcom_args_with_operators to None, run_after=None
[2025-08-26T18:25:09.110+0100] {processor.py:183} INFO - Processing /Users/vlad.alex995/Desktop/de-sprint/.venv-airflow/lib/python3.11/site-packages/airflow/example_dags/example_xcomargs.py took 0.066 seconds
[2025-08-26T18:25:57.711+0100] {processor.py:161} INFO - Started process (PID=39211) to work on /Users/vlad.alex995/Desktop/de-sprint/.venv-airflow/lib/python3.11/site-packages/airflow/example_dags/example_xcomargs.py
[2025-08-26T18:25:57.712+0100] {processor.py:830} INFO - Processing file /Users/vlad.alex995/Desktop/de-sprint/.venv-airflow/lib/python3.11/site-packages/airflow/example_dags/example_xcomargs.py for tasks to queue
[2025-08-26T18:25:57.712+0100] {logging_mixin.py:188} INFO - [2025-08-26T18:25:57.712+0100] {dagbag.py:545} INFO - Filling up the DagBag from /Users/vlad.alex995/Desktop/de-sprint/.venv-airflow/lib/python3.11/site-packages/airflow/example_dags/example_xcomargs.py
[2025-08-26T18:25:57.725+0100] {processor.py:840} INFO - DAG(s) 'example_xcom_args', 'example_xcom_args_with_operators' retrieved from /Users/vlad.alex995/Desktop/de-sprint/.venv-airflow/lib/python3.11/site-packages/airflow/example_dags/example_xcomargs.py
[2025-08-26T18:25:57.755+0100] {logging_mixin.py:188} INFO - [2025-08-26T18:25:57.754+0100] {dag.py:3089} INFO - Sync 2 DAGs
[2025-08-26T18:25:57.757+0100] {logging_mixin.py:188} INFO - [2025-08-26T18:25:57.757+0100] {dag.py:3947} INFO - Setting next_dagrun for example_xcom_args to None, run_after=None
[2025-08-26T18:25:57.758+0100] {logging_mixin.py:188} INFO - [2025-08-26T18:25:57.758+0100] {dag.py:3947} INFO - Setting next_dagrun for example_xcom_args_with_operators to None, run_after=None
[2025-08-26T18:25:57.763+0100] {processor.py:183} INFO - Processing /Users/vlad.alex995/Desktop/de-sprint/.venv-airflow/lib/python3.11/site-packages/airflow/example_dags/example_xcomargs.py took 0.053 seconds
[2025-08-26T18:27:15.628+0100] {processor.py:161} INFO - Started process (PID=39663) to work on /Users/vlad.alex995/Desktop/de-sprint/.venv-airflow/lib/python3.11/site-packages/airflow/example_dags/example_xcomargs.py
[2025-08-26T18:27:15.629+0100] {processor.py:830} INFO - Processing file /Users/vlad.alex995/Desktop/de-sprint/.venv-airflow/lib/python3.11/site-packages/airflow/example_dags/example_xcomargs.py for tasks to queue
[2025-08-26T18:27:15.630+0100] {logging_mixin.py:188} INFO - [2025-08-26T18:27:15.630+0100] {dagbag.py:545} INFO - Filling up the DagBag from /Users/vlad.alex995/Desktop/de-sprint/.venv-airflow/lib/python3.11/site-packages/airflow/example_dags/example_xcomargs.py
[2025-08-26T18:27:15.643+0100] {processor.py:840} INFO - DAG(s) 'example_xcom_args', 'example_xcom_args_with_operators' retrieved from /Users/vlad.alex995/Desktop/de-sprint/.venv-airflow/lib/python3.11/site-packages/airflow/example_dags/example_xcomargs.py
[2025-08-26T18:27:15.673+0100] {logging_mixin.py:188} INFO - [2025-08-26T18:27:15.673+0100] {dag.py:3089} INFO - Sync 2 DAGs
[2025-08-26T18:27:15.676+0100] {logging_mixin.py:188} INFO - [2025-08-26T18:27:15.675+0100] {dag.py:3947} INFO - Setting next_dagrun for example_xcom_args to None, run_after=None
[2025-08-26T18:27:15.676+0100] {logging_mixin.py:188} INFO - [2025-08-26T18:27:15.676+0100] {dag.py:3947} INFO - Setting next_dagrun for example_xcom_args_with_operators to None, run_after=None
[2025-08-26T18:27:15.682+0100] {processor.py:183} INFO - Processing /Users/vlad.alex995/Desktop/de-sprint/.venv-airflow/lib/python3.11/site-packages/airflow/example_dags/example_xcomargs.py took 0.054 seconds
[2025-08-26T18:29:35.256+0100] {processor.py:161} INFO - Started process (PID=40088) to work on /Users/vlad.alex995/Desktop/de-sprint/.venv-airflow/lib/python3.11/site-packages/airflow/example_dags/example_xcomargs.py
[2025-08-26T18:29:35.257+0100] {processor.py:830} INFO - Processing file /Users/vlad.alex995/Desktop/de-sprint/.venv-airflow/lib/python3.11/site-packages/airflow/example_dags/example_xcomargs.py for tasks to queue
[2025-08-26T18:29:35.257+0100] {logging_mixin.py:188} INFO - [2025-08-26T18:29:35.257+0100] {dagbag.py:545} INFO - Filling up the DagBag from /Users/vlad.alex995/Desktop/de-sprint/.venv-airflow/lib/python3.11/site-packages/airflow/example_dags/example_xcomargs.py
[2025-08-26T18:29:35.273+0100] {processor.py:840} INFO - DAG(s) 'example_xcom_args', 'example_xcom_args_with_operators' retrieved from /Users/vlad.alex995/Desktop/de-sprint/.venv-airflow/lib/python3.11/site-packages/airflow/example_dags/example_xcomargs.py
[2025-08-26T18:29:35.305+0100] {logging_mixin.py:188} INFO - [2025-08-26T18:29:35.305+0100] {dag.py:3089} INFO - Sync 2 DAGs
[2025-08-26T18:29:35.308+0100] {logging_mixin.py:188} INFO - [2025-08-26T18:29:35.308+0100] {dag.py:3947} INFO - Setting next_dagrun for example_xcom_args to None, run_after=None
[2025-08-26T18:29:35.309+0100] {logging_mixin.py:188} INFO - [2025-08-26T18:29:35.309+0100] {dag.py:3947} INFO - Setting next_dagrun for example_xcom_args_with_operators to None, run_after=None
[2025-08-26T18:29:35.315+0100] {processor.py:183} INFO - Processing /Users/vlad.alex995/Desktop/de-sprint/.venv-airflow/lib/python3.11/site-packages/airflow/example_dags/example_xcomargs.py took 0.060 seconds
