[2025-08-26T17:25:39.574+0100] {processor.py:161} INFO - Started process (PID=35333) to work on /Users/vlad.alex995/Desktop/de-sprint/.venv-airflow/lib/python3.11/site-packages/airflow/example_dags/example_python_decorator.py
[2025-08-26T17:25:39.574+0100] {processor.py:830} INFO - Processing file /Users/vlad.alex995/Desktop/de-sprint/.venv-airflow/lib/python3.11/site-packages/airflow/example_dags/example_python_decorator.py for tasks to queue
[2025-08-26T17:25:39.574+0100] {logging_mixin.py:188} INFO - [2025-08-26T17:25:39.574+0100] {dagbag.py:545} INFO - Filling up the DagBag from /Users/vlad.alex995/Desktop/de-sprint/.venv-airflow/lib/python3.11/site-packages/airflow/example_dags/example_python_decorator.py
[2025-08-26T17:25:39.587+0100] {logging_mixin.py:188} INFO - [2025-08-26T17:25:39.587+0100] {example_python_decorator.py:80} WARNING - The virtalenv_python example task requires virtualenv, please install it.
[2025-08-26T17:25:39.588+0100] {processor.py:840} INFO - DAG(s) 'example_python_decorator' retrieved from /Users/vlad.alex995/Desktop/de-sprint/.venv-airflow/lib/python3.11/site-packages/airflow/example_dags/example_python_decorator.py
[2025-08-26T17:25:39.642+0100] {logging_mixin.py:188} INFO - [2025-08-26T17:25:39.642+0100] {override.py:1858} INFO - Created Permission View: can delete on DAG:example_python_decorator
[2025-08-26T17:25:39.645+0100] {logging_mixin.py:188} INFO - [2025-08-26T17:25:39.645+0100] {override.py:1858} INFO - Created Permission View: can edit on DAG:example_python_decorator
[2025-08-26T17:25:39.646+0100] {logging_mixin.py:188} INFO - [2025-08-26T17:25:39.646+0100] {override.py:1858} INFO - Created Permission View: can read on DAG:example_python_decorator
[2025-08-26T17:25:39.647+0100] {logging_mixin.py:188} INFO - [2025-08-26T17:25:39.646+0100] {dag.py:3089} INFO - Sync 1 DAGs
[2025-08-26T17:25:39.675+0100] {logging_mixin.py:188} INFO - [2025-08-26T17:25:39.675+0100] {dag.py:3111} INFO - Creating ORM DAG for example_python_decorator
[2025-08-26T17:25:39.675+0100] {logging_mixin.py:188} INFO - [2025-08-26T17:25:39.675+0100] {dag.py:3947} INFO - Setting next_dagrun for example_python_decorator to None, run_after=None
[2025-08-26T17:25:39.681+0100] {processor.py:183} INFO - Processing /Users/vlad.alex995/Desktop/de-sprint/.venv-airflow/lib/python3.11/site-packages/airflow/example_dags/example_python_decorator.py took 0.109 seconds
[2025-08-26T17:26:56.114+0100] {processor.py:161} INFO - Started process (PID=35393) to work on /Users/vlad.alex995/Desktop/de-sprint/.venv-airflow/lib/python3.11/site-packages/airflow/example_dags/example_python_decorator.py
[2025-08-26T17:26:56.114+0100] {processor.py:830} INFO - Processing file /Users/vlad.alex995/Desktop/de-sprint/.venv-airflow/lib/python3.11/site-packages/airflow/example_dags/example_python_decorator.py for tasks to queue
[2025-08-26T17:26:56.114+0100] {logging_mixin.py:188} INFO - [2025-08-26T17:26:56.114+0100] {dagbag.py:545} INFO - Filling up the DagBag from /Users/vlad.alex995/Desktop/de-sprint/.venv-airflow/lib/python3.11/site-packages/airflow/example_dags/example_python_decorator.py
[2025-08-26T17:26:56.128+0100] {logging_mixin.py:188} INFO - [2025-08-26T17:26:56.128+0100] {example_python_decorator.py:80} WARNING - The virtalenv_python example task requires virtualenv, please install it.
[2025-08-26T17:26:56.129+0100] {processor.py:840} INFO - DAG(s) 'example_python_decorator' retrieved from /Users/vlad.alex995/Desktop/de-sprint/.venv-airflow/lib/python3.11/site-packages/airflow/example_dags/example_python_decorator.py
[2025-08-26T17:26:56.158+0100] {logging_mixin.py:188} INFO - [2025-08-26T17:26:56.158+0100] {dag.py:3089} INFO - Sync 1 DAGs
[2025-08-26T17:26:56.161+0100] {logging_mixin.py:188} INFO - [2025-08-26T17:26:56.161+0100] {dag.py:3947} INFO - Setting next_dagrun for example_python_decorator to None, run_after=None
[2025-08-26T17:26:56.167+0100] {processor.py:183} INFO - Processing /Users/vlad.alex995/Desktop/de-sprint/.venv-airflow/lib/python3.11/site-packages/airflow/example_dags/example_python_decorator.py took 0.054 seconds
[2025-08-26T17:28:29.189+0100] {processor.py:161} INFO - Started process (PID=35466) to work on /Users/vlad.alex995/Desktop/de-sprint/.venv-airflow/lib/python3.11/site-packages/airflow/example_dags/example_python_decorator.py
[2025-08-26T17:28:29.190+0100] {processor.py:830} INFO - Processing file /Users/vlad.alex995/Desktop/de-sprint/.venv-airflow/lib/python3.11/site-packages/airflow/example_dags/example_python_decorator.py for tasks to queue
[2025-08-26T17:28:29.190+0100] {logging_mixin.py:188} INFO - [2025-08-26T17:28:29.190+0100] {dagbag.py:545} INFO - Filling up the DagBag from /Users/vlad.alex995/Desktop/de-sprint/.venv-airflow/lib/python3.11/site-packages/airflow/example_dags/example_python_decorator.py
[2025-08-26T17:28:29.204+0100] {logging_mixin.py:188} INFO - [2025-08-26T17:28:29.204+0100] {example_python_decorator.py:80} WARNING - The virtalenv_python example task requires virtualenv, please install it.
[2025-08-26T17:28:29.205+0100] {processor.py:840} INFO - DAG(s) 'example_python_decorator' retrieved from /Users/vlad.alex995/Desktop/de-sprint/.venv-airflow/lib/python3.11/site-packages/airflow/example_dags/example_python_decorator.py
[2025-08-26T17:28:29.236+0100] {logging_mixin.py:188} INFO - [2025-08-26T17:28:29.235+0100] {dag.py:3089} INFO - Sync 1 DAGs
[2025-08-26T17:28:29.239+0100] {logging_mixin.py:188} INFO - [2025-08-26T17:28:29.239+0100] {dag.py:3947} INFO - Setting next_dagrun for example_python_decorator to None, run_after=None
[2025-08-26T17:28:29.246+0100] {processor.py:183} INFO - Processing /Users/vlad.alex995/Desktop/de-sprint/.venv-airflow/lib/python3.11/site-packages/airflow/example_dags/example_python_decorator.py took 0.058 seconds
[2025-08-26T17:30:03.809+0100] {processor.py:161} INFO - Started process (PID=35536) to work on /Users/vlad.alex995/Desktop/de-sprint/.venv-airflow/lib/python3.11/site-packages/airflow/example_dags/example_python_decorator.py
[2025-08-26T17:30:03.809+0100] {processor.py:830} INFO - Processing file /Users/vlad.alex995/Desktop/de-sprint/.venv-airflow/lib/python3.11/site-packages/airflow/example_dags/example_python_decorator.py for tasks to queue
[2025-08-26T17:30:03.810+0100] {logging_mixin.py:188} INFO - [2025-08-26T17:30:03.810+0100] {dagbag.py:545} INFO - Filling up the DagBag from /Users/vlad.alex995/Desktop/de-sprint/.venv-airflow/lib/python3.11/site-packages/airflow/example_dags/example_python_decorator.py
[2025-08-26T17:30:03.824+0100] {logging_mixin.py:188} INFO - [2025-08-26T17:30:03.823+0100] {example_python_decorator.py:80} WARNING - The virtalenv_python example task requires virtualenv, please install it.
[2025-08-26T17:30:03.824+0100] {processor.py:840} INFO - DAG(s) 'example_python_decorator' retrieved from /Users/vlad.alex995/Desktop/de-sprint/.venv-airflow/lib/python3.11/site-packages/airflow/example_dags/example_python_decorator.py
[2025-08-26T17:30:03.855+0100] {logging_mixin.py:188} INFO - [2025-08-26T17:30:03.855+0100] {dag.py:3089} INFO - Sync 1 DAGs
[2025-08-26T17:30:03.857+0100] {logging_mixin.py:188} INFO - [2025-08-26T17:30:03.857+0100] {dag.py:3947} INFO - Setting next_dagrun for example_python_decorator to None, run_after=None
[2025-08-26T17:30:03.864+0100] {processor.py:183} INFO - Processing /Users/vlad.alex995/Desktop/de-sprint/.venv-airflow/lib/python3.11/site-packages/airflow/example_dags/example_python_decorator.py took 0.056 seconds
[2025-08-26T17:31:33.654+0100] {processor.py:161} INFO - Started process (PID=35606) to work on /Users/vlad.alex995/Desktop/de-sprint/.venv-airflow/lib/python3.11/site-packages/airflow/example_dags/example_python_decorator.py
[2025-08-26T17:31:33.655+0100] {processor.py:830} INFO - Processing file /Users/vlad.alex995/Desktop/de-sprint/.venv-airflow/lib/python3.11/site-packages/airflow/example_dags/example_python_decorator.py for tasks to queue
[2025-08-26T17:31:33.655+0100] {logging_mixin.py:188} INFO - [2025-08-26T17:31:33.655+0100] {dagbag.py:545} INFO - Filling up the DagBag from /Users/vlad.alex995/Desktop/de-sprint/.venv-airflow/lib/python3.11/site-packages/airflow/example_dags/example_python_decorator.py
[2025-08-26T17:31:33.668+0100] {logging_mixin.py:188} INFO - [2025-08-26T17:31:33.668+0100] {example_python_decorator.py:80} WARNING - The virtalenv_python example task requires virtualenv, please install it.
[2025-08-26T17:31:33.669+0100] {processor.py:840} INFO - DAG(s) 'example_python_decorator' retrieved from /Users/vlad.alex995/Desktop/de-sprint/.venv-airflow/lib/python3.11/site-packages/airflow/example_dags/example_python_decorator.py
[2025-08-26T17:31:33.697+0100] {logging_mixin.py:188} INFO - [2025-08-26T17:31:33.697+0100] {dag.py:3089} INFO - Sync 1 DAGs
[2025-08-26T17:31:33.700+0100] {logging_mixin.py:188} INFO - [2025-08-26T17:31:33.700+0100] {dag.py:3947} INFO - Setting next_dagrun for example_python_decorator to None, run_after=None
[2025-08-26T17:31:33.706+0100] {processor.py:183} INFO - Processing /Users/vlad.alex995/Desktop/de-sprint/.venv-airflow/lib/python3.11/site-packages/airflow/example_dags/example_python_decorator.py took 0.053 seconds
[2025-08-26T17:33:04.055+0100] {processor.py:161} INFO - Started process (PID=35998) to work on /Users/vlad.alex995/Desktop/de-sprint/.venv-airflow/lib/python3.11/site-packages/airflow/example_dags/example_python_decorator.py
[2025-08-26T17:33:04.056+0100] {processor.py:830} INFO - Processing file /Users/vlad.alex995/Desktop/de-sprint/.venv-airflow/lib/python3.11/site-packages/airflow/example_dags/example_python_decorator.py for tasks to queue
[2025-08-26T17:33:04.057+0100] {logging_mixin.py:188} INFO - [2025-08-26T17:33:04.057+0100] {dagbag.py:545} INFO - Filling up the DagBag from /Users/vlad.alex995/Desktop/de-sprint/.venv-airflow/lib/python3.11/site-packages/airflow/example_dags/example_python_decorator.py
[2025-08-26T17:33:04.074+0100] {logging_mixin.py:188} INFO - [2025-08-26T17:33:04.074+0100] {example_python_decorator.py:80} WARNING - The virtalenv_python example task requires virtualenv, please install it.
[2025-08-26T17:33:04.075+0100] {processor.py:840} INFO - DAG(s) 'example_python_decorator' retrieved from /Users/vlad.alex995/Desktop/de-sprint/.venv-airflow/lib/python3.11/site-packages/airflow/example_dags/example_python_decorator.py
[2025-08-26T17:33:04.110+0100] {logging_mixin.py:188} INFO - [2025-08-26T17:33:04.110+0100] {dag.py:3089} INFO - Sync 1 DAGs
[2025-08-26T17:33:04.114+0100] {logging_mixin.py:188} INFO - [2025-08-26T17:33:04.114+0100] {dag.py:3947} INFO - Setting next_dagrun for example_python_decorator to None, run_after=None
[2025-08-26T17:33:04.120+0100] {processor.py:183} INFO - Processing /Users/vlad.alex995/Desktop/de-sprint/.venv-airflow/lib/python3.11/site-packages/airflow/example_dags/example_python_decorator.py took 0.067 seconds
[2025-08-26T18:11:21.620+0100] {processor.py:161} INFO - Started process (PID=37425) to work on /Users/vlad.alex995/Desktop/de-sprint/.venv-airflow/lib/python3.11/site-packages/airflow/example_dags/example_python_decorator.py
[2025-08-26T18:11:21.621+0100] {processor.py:830} INFO - Processing file /Users/vlad.alex995/Desktop/de-sprint/.venv-airflow/lib/python3.11/site-packages/airflow/example_dags/example_python_decorator.py for tasks to queue
[2025-08-26T18:11:21.621+0100] {logging_mixin.py:188} INFO - [2025-08-26T18:11:21.621+0100] {dagbag.py:545} INFO - Filling up the DagBag from /Users/vlad.alex995/Desktop/de-sprint/.venv-airflow/lib/python3.11/site-packages/airflow/example_dags/example_python_decorator.py
[2025-08-26T18:11:21.635+0100] {logging_mixin.py:188} INFO - [2025-08-26T18:11:21.634+0100] {example_python_decorator.py:80} WARNING - The virtalenv_python example task requires virtualenv, please install it.
[2025-08-26T18:11:21.635+0100] {processor.py:840} INFO - DAG(s) 'example_python_decorator' retrieved from /Users/vlad.alex995/Desktop/de-sprint/.venv-airflow/lib/python3.11/site-packages/airflow/example_dags/example_python_decorator.py
[2025-08-26T18:11:21.667+0100] {logging_mixin.py:188} INFO - [2025-08-26T18:11:21.667+0100] {dag.py:3089} INFO - Sync 1 DAGs
[2025-08-26T18:11:21.670+0100] {logging_mixin.py:188} INFO - [2025-08-26T18:11:21.670+0100] {dag.py:3947} INFO - Setting next_dagrun for example_python_decorator to None, run_after=None
[2025-08-26T18:11:21.677+0100] {processor.py:183} INFO - Processing /Users/vlad.alex995/Desktop/de-sprint/.venv-airflow/lib/python3.11/site-packages/airflow/example_dags/example_python_decorator.py took 0.058 seconds
[2025-08-26T18:12:39.735+0100] {processor.py:161} INFO - Started process (PID=37480) to work on /Users/vlad.alex995/Desktop/de-sprint/.venv-airflow/lib/python3.11/site-packages/airflow/example_dags/example_python_decorator.py
[2025-08-26T18:12:39.736+0100] {processor.py:830} INFO - Processing file /Users/vlad.alex995/Desktop/de-sprint/.venv-airflow/lib/python3.11/site-packages/airflow/example_dags/example_python_decorator.py for tasks to queue
[2025-08-26T18:12:39.736+0100] {logging_mixin.py:188} INFO - [2025-08-26T18:12:39.736+0100] {dagbag.py:545} INFO - Filling up the DagBag from /Users/vlad.alex995/Desktop/de-sprint/.venv-airflow/lib/python3.11/site-packages/airflow/example_dags/example_python_decorator.py
[2025-08-26T18:12:39.749+0100] {logging_mixin.py:188} INFO - [2025-08-26T18:12:39.749+0100] {example_python_decorator.py:80} WARNING - The virtalenv_python example task requires virtualenv, please install it.
[2025-08-26T18:12:39.750+0100] {processor.py:840} INFO - DAG(s) 'example_python_decorator' retrieved from /Users/vlad.alex995/Desktop/de-sprint/.venv-airflow/lib/python3.11/site-packages/airflow/example_dags/example_python_decorator.py
[2025-08-26T18:12:39.778+0100] {logging_mixin.py:188} INFO - [2025-08-26T18:12:39.778+0100] {dag.py:3089} INFO - Sync 1 DAGs
[2025-08-26T18:12:39.781+0100] {logging_mixin.py:188} INFO - [2025-08-26T18:12:39.781+0100] {dag.py:3947} INFO - Setting next_dagrun for example_python_decorator to None, run_after=None
[2025-08-26T18:12:39.787+0100] {processor.py:183} INFO - Processing /Users/vlad.alex995/Desktop/de-sprint/.venv-airflow/lib/python3.11/site-packages/airflow/example_dags/example_python_decorator.py took 0.052 seconds
[2025-08-26T18:14:05.754+0100] {processor.py:161} INFO - Started process (PID=37774) to work on /Users/vlad.alex995/Desktop/de-sprint/.venv-airflow/lib/python3.11/site-packages/airflow/example_dags/example_python_decorator.py
[2025-08-26T18:14:05.755+0100] {processor.py:830} INFO - Processing file /Users/vlad.alex995/Desktop/de-sprint/.venv-airflow/lib/python3.11/site-packages/airflow/example_dags/example_python_decorator.py for tasks to queue
[2025-08-26T18:14:05.755+0100] {logging_mixin.py:188} INFO - [2025-08-26T18:14:05.755+0100] {dagbag.py:545} INFO - Filling up the DagBag from /Users/vlad.alex995/Desktop/de-sprint/.venv-airflow/lib/python3.11/site-packages/airflow/example_dags/example_python_decorator.py
[2025-08-26T18:14:05.769+0100] {logging_mixin.py:188} INFO - [2025-08-26T18:14:05.769+0100] {example_python_decorator.py:80} WARNING - The virtalenv_python example task requires virtualenv, please install it.
[2025-08-26T18:14:05.770+0100] {processor.py:840} INFO - DAG(s) 'example_python_decorator' retrieved from /Users/vlad.alex995/Desktop/de-sprint/.venv-airflow/lib/python3.11/site-packages/airflow/example_dags/example_python_decorator.py
[2025-08-26T18:14:05.801+0100] {logging_mixin.py:188} INFO - [2025-08-26T18:14:05.801+0100] {dag.py:3089} INFO - Sync 1 DAGs
[2025-08-26T18:14:05.804+0100] {logging_mixin.py:188} INFO - [2025-08-26T18:14:05.804+0100] {dag.py:3947} INFO - Setting next_dagrun for example_python_decorator to None, run_after=None
[2025-08-26T18:14:05.810+0100] {processor.py:183} INFO - Processing /Users/vlad.alex995/Desktop/de-sprint/.venv-airflow/lib/python3.11/site-packages/airflow/example_dags/example_python_decorator.py took 0.057 seconds
[2025-08-26T18:15:37.383+0100] {processor.py:161} INFO - Started process (PID=38015) to work on /Users/vlad.alex995/Desktop/de-sprint/.venv-airflow/lib/python3.11/site-packages/airflow/example_dags/example_python_decorator.py
[2025-08-26T18:15:37.384+0100] {processor.py:830} INFO - Processing file /Users/vlad.alex995/Desktop/de-sprint/.venv-airflow/lib/python3.11/site-packages/airflow/example_dags/example_python_decorator.py for tasks to queue
[2025-08-26T18:15:37.385+0100] {logging_mixin.py:188} INFO - [2025-08-26T18:15:37.384+0100] {dagbag.py:545} INFO - Filling up the DagBag from /Users/vlad.alex995/Desktop/de-sprint/.venv-airflow/lib/python3.11/site-packages/airflow/example_dags/example_python_decorator.py
[2025-08-26T18:15:37.398+0100] {logging_mixin.py:188} INFO - [2025-08-26T18:15:37.398+0100] {example_python_decorator.py:80} WARNING - The virtalenv_python example task requires virtualenv, please install it.
[2025-08-26T18:15:37.399+0100] {processor.py:840} INFO - DAG(s) 'example_python_decorator' retrieved from /Users/vlad.alex995/Desktop/de-sprint/.venv-airflow/lib/python3.11/site-packages/airflow/example_dags/example_python_decorator.py
[2025-08-26T18:15:37.429+0100] {logging_mixin.py:188} INFO - [2025-08-26T18:15:37.429+0100] {dag.py:3089} INFO - Sync 1 DAGs
[2025-08-26T18:15:37.432+0100] {logging_mixin.py:188} INFO - [2025-08-26T18:15:37.432+0100] {dag.py:3947} INFO - Setting next_dagrun for example_python_decorator to None, run_after=None
[2025-08-26T18:15:37.438+0100] {processor.py:183} INFO - Processing /Users/vlad.alex995/Desktop/de-sprint/.venv-airflow/lib/python3.11/site-packages/airflow/example_dags/example_python_decorator.py took 0.056 seconds
[2025-08-26T18:17:08.679+0100] {processor.py:161} INFO - Started process (PID=38110) to work on /Users/vlad.alex995/Desktop/de-sprint/.venv-airflow/lib/python3.11/site-packages/airflow/example_dags/example_python_decorator.py
[2025-08-26T18:17:08.680+0100] {processor.py:830} INFO - Processing file /Users/vlad.alex995/Desktop/de-sprint/.venv-airflow/lib/python3.11/site-packages/airflow/example_dags/example_python_decorator.py for tasks to queue
[2025-08-26T18:17:08.680+0100] {logging_mixin.py:188} INFO - [2025-08-26T18:17:08.680+0100] {dagbag.py:545} INFO - Filling up the DagBag from /Users/vlad.alex995/Desktop/de-sprint/.venv-airflow/lib/python3.11/site-packages/airflow/example_dags/example_python_decorator.py
[2025-08-26T18:17:08.694+0100] {logging_mixin.py:188} INFO - [2025-08-26T18:17:08.694+0100] {example_python_decorator.py:80} WARNING - The virtalenv_python example task requires virtualenv, please install it.
[2025-08-26T18:17:08.695+0100] {processor.py:840} INFO - DAG(s) 'example_python_decorator' retrieved from /Users/vlad.alex995/Desktop/de-sprint/.venv-airflow/lib/python3.11/site-packages/airflow/example_dags/example_python_decorator.py
[2025-08-26T18:17:08.725+0100] {logging_mixin.py:188} INFO - [2025-08-26T18:17:08.725+0100] {dag.py:3089} INFO - Sync 1 DAGs
[2025-08-26T18:17:08.729+0100] {logging_mixin.py:188} INFO - [2025-08-26T18:17:08.729+0100] {dag.py:3947} INFO - Setting next_dagrun for example_python_decorator to None, run_after=None
[2025-08-26T18:17:08.735+0100] {processor.py:183} INFO - Processing /Users/vlad.alex995/Desktop/de-sprint/.venv-airflow/lib/python3.11/site-packages/airflow/example_dags/example_python_decorator.py took 0.056 seconds
[2025-08-26T18:19:49.988+0100] {processor.py:161} INFO - Started process (PID=38887) to work on /Users/vlad.alex995/Desktop/de-sprint/.venv-airflow/lib/python3.11/site-packages/airflow/example_dags/example_python_decorator.py
[2025-08-26T18:19:49.988+0100] {processor.py:830} INFO - Processing file /Users/vlad.alex995/Desktop/de-sprint/.venv-airflow/lib/python3.11/site-packages/airflow/example_dags/example_python_decorator.py for tasks to queue
[2025-08-26T18:19:49.988+0100] {logging_mixin.py:188} INFO - [2025-08-26T18:19:49.988+0100] {dagbag.py:545} INFO - Filling up the DagBag from /Users/vlad.alex995/Desktop/de-sprint/.venv-airflow/lib/python3.11/site-packages/airflow/example_dags/example_python_decorator.py
[2025-08-26T18:19:50.002+0100] {logging_mixin.py:188} INFO - [2025-08-26T18:19:50.002+0100] {example_python_decorator.py:80} WARNING - The virtalenv_python example task requires virtualenv, please install it.
[2025-08-26T18:19:50.002+0100] {processor.py:840} INFO - DAG(s) 'example_python_decorator' retrieved from /Users/vlad.alex995/Desktop/de-sprint/.venv-airflow/lib/python3.11/site-packages/airflow/example_dags/example_python_decorator.py
[2025-08-26T18:19:50.032+0100] {logging_mixin.py:188} INFO - [2025-08-26T18:19:50.032+0100] {dag.py:3089} INFO - Sync 1 DAGs
[2025-08-26T18:19:50.035+0100] {logging_mixin.py:188} INFO - [2025-08-26T18:19:50.035+0100] {dag.py:3947} INFO - Setting next_dagrun for example_python_decorator to None, run_after=None
[2025-08-26T18:19:50.042+0100] {processor.py:183} INFO - Processing /Users/vlad.alex995/Desktop/de-sprint/.venv-airflow/lib/python3.11/site-packages/airflow/example_dags/example_python_decorator.py took 0.055 seconds
[2025-08-26T18:21:05.914+0100] {processor.py:161} INFO - Started process (PID=38959) to work on /Users/vlad.alex995/Desktop/de-sprint/.venv-airflow/lib/python3.11/site-packages/airflow/example_dags/example_python_decorator.py
[2025-08-26T18:21:05.914+0100] {processor.py:830} INFO - Processing file /Users/vlad.alex995/Desktop/de-sprint/.venv-airflow/lib/python3.11/site-packages/airflow/example_dags/example_python_decorator.py for tasks to queue
[2025-08-26T18:21:05.915+0100] {logging_mixin.py:188} INFO - [2025-08-26T18:21:05.914+0100] {dagbag.py:545} INFO - Filling up the DagBag from /Users/vlad.alex995/Desktop/de-sprint/.venv-airflow/lib/python3.11/site-packages/airflow/example_dags/example_python_decorator.py
[2025-08-26T18:21:05.928+0100] {logging_mixin.py:188} INFO - [2025-08-26T18:21:05.928+0100] {example_python_decorator.py:80} WARNING - The virtalenv_python example task requires virtualenv, please install it.
[2025-08-26T18:21:05.929+0100] {processor.py:840} INFO - DAG(s) 'example_python_decorator' retrieved from /Users/vlad.alex995/Desktop/de-sprint/.venv-airflow/lib/python3.11/site-packages/airflow/example_dags/example_python_decorator.py
[2025-08-26T18:21:05.959+0100] {logging_mixin.py:188} INFO - [2025-08-26T18:21:05.958+0100] {dag.py:3089} INFO - Sync 1 DAGs
[2025-08-26T18:21:05.961+0100] {logging_mixin.py:188} INFO - [2025-08-26T18:21:05.961+0100] {dag.py:3947} INFO - Setting next_dagrun for example_python_decorator to None, run_after=None
[2025-08-26T18:21:05.967+0100] {processor.py:183} INFO - Processing /Users/vlad.alex995/Desktop/de-sprint/.venv-airflow/lib/python3.11/site-packages/airflow/example_dags/example_python_decorator.py took 0.054 seconds
[2025-08-26T18:22:38.142+0100] {processor.py:161} INFO - Started process (PID=39032) to work on /Users/vlad.alex995/Desktop/de-sprint/.venv-airflow/lib/python3.11/site-packages/airflow/example_dags/example_python_decorator.py
[2025-08-26T18:22:38.142+0100] {processor.py:830} INFO - Processing file /Users/vlad.alex995/Desktop/de-sprint/.venv-airflow/lib/python3.11/site-packages/airflow/example_dags/example_python_decorator.py for tasks to queue
[2025-08-26T18:22:38.143+0100] {logging_mixin.py:188} INFO - [2025-08-26T18:22:38.143+0100] {dagbag.py:545} INFO - Filling up the DagBag from /Users/vlad.alex995/Desktop/de-sprint/.venv-airflow/lib/python3.11/site-packages/airflow/example_dags/example_python_decorator.py
[2025-08-26T18:22:38.156+0100] {logging_mixin.py:188} INFO - [2025-08-26T18:22:38.155+0100] {example_python_decorator.py:80} WARNING - The virtalenv_python example task requires virtualenv, please install it.
[2025-08-26T18:22:38.156+0100] {processor.py:840} INFO - DAG(s) 'example_python_decorator' retrieved from /Users/vlad.alex995/Desktop/de-sprint/.venv-airflow/lib/python3.11/site-packages/airflow/example_dags/example_python_decorator.py
[2025-08-26T18:22:38.184+0100] {logging_mixin.py:188} INFO - [2025-08-26T18:22:38.184+0100] {dag.py:3089} INFO - Sync 1 DAGs
[2025-08-26T18:22:38.187+0100] {logging_mixin.py:188} INFO - [2025-08-26T18:22:38.187+0100] {dag.py:3947} INFO - Setting next_dagrun for example_python_decorator to None, run_after=None
[2025-08-26T18:22:38.193+0100] {processor.py:183} INFO - Processing /Users/vlad.alex995/Desktop/de-sprint/.venv-airflow/lib/python3.11/site-packages/airflow/example_dags/example_python_decorator.py took 0.051 seconds
[2025-08-26T18:24:02.712+0100] {processor.py:161} INFO - Started process (PID=39098) to work on /Users/vlad.alex995/Desktop/de-sprint/.venv-airflow/lib/python3.11/site-packages/airflow/example_dags/example_python_decorator.py
[2025-08-26T18:24:02.713+0100] {processor.py:830} INFO - Processing file /Users/vlad.alex995/Desktop/de-sprint/.venv-airflow/lib/python3.11/site-packages/airflow/example_dags/example_python_decorator.py for tasks to queue
[2025-08-26T18:24:02.713+0100] {logging_mixin.py:188} INFO - [2025-08-26T18:24:02.713+0100] {dagbag.py:545} INFO - Filling up the DagBag from /Users/vlad.alex995/Desktop/de-sprint/.venv-airflow/lib/python3.11/site-packages/airflow/example_dags/example_python_decorator.py
[2025-08-26T18:24:02.727+0100] {logging_mixin.py:188} INFO - [2025-08-26T18:24:02.727+0100] {example_python_decorator.py:80} WARNING - The virtalenv_python example task requires virtualenv, please install it.
[2025-08-26T18:24:02.727+0100] {processor.py:840} INFO - DAG(s) 'example_python_decorator' retrieved from /Users/vlad.alex995/Desktop/de-sprint/.venv-airflow/lib/python3.11/site-packages/airflow/example_dags/example_python_decorator.py
[2025-08-26T18:24:02.757+0100] {logging_mixin.py:188} INFO - [2025-08-26T18:24:02.756+0100] {dag.py:3089} INFO - Sync 1 DAGs
[2025-08-26T18:24:02.759+0100] {logging_mixin.py:188} INFO - [2025-08-26T18:24:02.759+0100] {dag.py:3947} INFO - Setting next_dagrun for example_python_decorator to None, run_after=None
[2025-08-26T18:24:02.765+0100] {processor.py:183} INFO - Processing /Users/vlad.alex995/Desktop/de-sprint/.venv-airflow/lib/python3.11/site-packages/airflow/example_dags/example_python_decorator.py took 0.054 seconds
[2025-08-26T18:25:35.718+0100] {processor.py:161} INFO - Started process (PID=39186) to work on /Users/vlad.alex995/Desktop/de-sprint/.venv-airflow/lib/python3.11/site-packages/airflow/example_dags/example_python_decorator.py
[2025-08-26T18:25:35.719+0100] {processor.py:830} INFO - Processing file /Users/vlad.alex995/Desktop/de-sprint/.venv-airflow/lib/python3.11/site-packages/airflow/example_dags/example_python_decorator.py for tasks to queue
[2025-08-26T18:25:35.719+0100] {logging_mixin.py:188} INFO - [2025-08-26T18:25:35.719+0100] {dagbag.py:545} INFO - Filling up the DagBag from /Users/vlad.alex995/Desktop/de-sprint/.venv-airflow/lib/python3.11/site-packages/airflow/example_dags/example_python_decorator.py
[2025-08-26T18:25:35.733+0100] {logging_mixin.py:188} INFO - [2025-08-26T18:25:35.732+0100] {example_python_decorator.py:80} WARNING - The virtalenv_python example task requires virtualenv, please install it.
[2025-08-26T18:25:35.733+0100] {processor.py:840} INFO - DAG(s) 'example_python_decorator' retrieved from /Users/vlad.alex995/Desktop/de-sprint/.venv-airflow/lib/python3.11/site-packages/airflow/example_dags/example_python_decorator.py
[2025-08-26T18:25:35.763+0100] {logging_mixin.py:188} INFO - [2025-08-26T18:25:35.763+0100] {dag.py:3089} INFO - Sync 1 DAGs
[2025-08-26T18:25:35.766+0100] {logging_mixin.py:188} INFO - [2025-08-26T18:25:35.766+0100] {dag.py:3947} INFO - Setting next_dagrun for example_python_decorator to None, run_after=None
[2025-08-26T18:25:35.771+0100] {processor.py:183} INFO - Processing /Users/vlad.alex995/Desktop/de-sprint/.venv-airflow/lib/python3.11/site-packages/airflow/example_dags/example_python_decorator.py took 0.055 seconds
[2025-08-26T18:27:39.925+0100] {processor.py:161} INFO - Started process (PID=39683) to work on /Users/vlad.alex995/Desktop/de-sprint/.venv-airflow/lib/python3.11/site-packages/airflow/example_dags/example_python_decorator.py
[2025-08-26T18:27:39.926+0100] {processor.py:830} INFO - Processing file /Users/vlad.alex995/Desktop/de-sprint/.venv-airflow/lib/python3.11/site-packages/airflow/example_dags/example_python_decorator.py for tasks to queue
[2025-08-26T18:27:39.926+0100] {logging_mixin.py:188} INFO - [2025-08-26T18:27:39.926+0100] {dagbag.py:545} INFO - Filling up the DagBag from /Users/vlad.alex995/Desktop/de-sprint/.venv-airflow/lib/python3.11/site-packages/airflow/example_dags/example_python_decorator.py
[2025-08-26T18:27:39.940+0100] {logging_mixin.py:188} INFO - [2025-08-26T18:27:39.940+0100] {example_python_decorator.py:80} WARNING - The virtalenv_python example task requires virtualenv, please install it.
[2025-08-26T18:27:39.940+0100] {processor.py:840} INFO - DAG(s) 'example_python_decorator' retrieved from /Users/vlad.alex995/Desktop/de-sprint/.venv-airflow/lib/python3.11/site-packages/airflow/example_dags/example_python_decorator.py
[2025-08-26T18:27:39.971+0100] {logging_mixin.py:188} INFO - [2025-08-26T18:27:39.970+0100] {dag.py:3089} INFO - Sync 1 DAGs
[2025-08-26T18:27:39.973+0100] {logging_mixin.py:188} INFO - [2025-08-26T18:27:39.973+0100] {dag.py:3947} INFO - Setting next_dagrun for example_python_decorator to None, run_after=None
[2025-08-26T18:27:39.979+0100] {processor.py:183} INFO - Processing /Users/vlad.alex995/Desktop/de-sprint/.venv-airflow/lib/python3.11/site-packages/airflow/example_dags/example_python_decorator.py took 0.055 seconds
