[2025-08-26T17:25:53.737+0100] {processor.py:161} INFO - Started process (PID=35347) to work on /Users/vlad.alex995/Desktop/de-sprint/.venv-airflow/lib/python3.11/site-packages/airflow/example_dags/example_external_task_marker_dag.py
[2025-08-26T17:25:53.738+0100] {processor.py:830} INFO - Processing file /Users/vlad.alex995/Desktop/de-sprint/.venv-airflow/lib/python3.11/site-packages/airflow/example_dags/example_external_task_marker_dag.py for tasks to queue
[2025-08-26T17:25:53.738+0100] {logging_mixin.py:188} INFO - [2025-08-26T17:25:53.738+0100] {dagbag.py:545} INFO - Filling up the DagBag from /Users/vlad.alex995/Desktop/de-sprint/.venv-airflow/lib/python3.11/site-packages/airflow/example_dags/example_external_task_marker_dag.py
[2025-08-26T17:25:53.743+0100] {processor.py:840} INFO - DAG(s) 'example_external_task_marker_child', 'example_external_task_marker_parent' retrieved from /Users/vlad.alex995/Desktop/de-sprint/.venv-airflow/lib/python3.11/site-packages/airflow/example_dags/example_external_task_marker_dag.py
[2025-08-26T17:25:53.803+0100] {logging_mixin.py:188} INFO - [2025-08-26T17:25:53.803+0100] {override.py:1858} INFO - Created Permission View: can delete on DAG:example_external_task_marker_child
[2025-08-26T17:25:53.806+0100] {logging_mixin.py:188} INFO - [2025-08-26T17:25:53.806+0100] {override.py:1858} INFO - Created Permission View: can read on DAG:example_external_task_marker_child
[2025-08-26T17:25:53.808+0100] {logging_mixin.py:188} INFO - [2025-08-26T17:25:53.808+0100] {override.py:1858} INFO - Created Permission View: can edit on DAG:example_external_task_marker_child
[2025-08-26T17:25:53.811+0100] {logging_mixin.py:188} INFO - [2025-08-26T17:25:53.811+0100] {override.py:1858} INFO - Created Permission View: can delete on DAG:example_external_task_marker_parent
[2025-08-26T17:25:53.813+0100] {logging_mixin.py:188} INFO - [2025-08-26T17:25:53.813+0100] {override.py:1858} INFO - Created Permission View: can read on DAG:example_external_task_marker_parent
[2025-08-26T17:25:53.814+0100] {logging_mixin.py:188} INFO - [2025-08-26T17:25:53.814+0100] {override.py:1858} INFO - Created Permission View: can edit on DAG:example_external_task_marker_parent
[2025-08-26T17:25:53.814+0100] {logging_mixin.py:188} INFO - [2025-08-26T17:25:53.814+0100] {dag.py:3089} INFO - Sync 2 DAGs
[2025-08-26T17:25:53.817+0100] {logging_mixin.py:188} INFO - [2025-08-26T17:25:53.817+0100] {dag.py:3111} INFO - Creating ORM DAG for example_external_task_marker_child
[2025-08-26T17:25:53.818+0100] {logging_mixin.py:188} INFO - [2025-08-26T17:25:53.818+0100] {dag.py:3111} INFO - Creating ORM DAG for example_external_task_marker_parent
[2025-08-26T17:25:53.818+0100] {logging_mixin.py:188} INFO - [2025-08-26T17:25:53.818+0100] {dag.py:3947} INFO - Setting next_dagrun for example_external_task_marker_child to None, run_after=None
[2025-08-26T17:25:53.818+0100] {logging_mixin.py:188} INFO - [2025-08-26T17:25:53.818+0100] {dag.py:3947} INFO - Setting next_dagrun for example_external_task_marker_parent to None, run_after=None
[2025-08-26T17:25:53.824+0100] {processor.py:183} INFO - Processing /Users/vlad.alex995/Desktop/de-sprint/.venv-airflow/lib/python3.11/site-packages/airflow/example_dags/example_external_task_marker_dag.py took 0.088 seconds
[2025-08-26T17:27:25.248+0100] {processor.py:161} INFO - Started process (PID=35419) to work on /Users/vlad.alex995/Desktop/de-sprint/.venv-airflow/lib/python3.11/site-packages/airflow/example_dags/example_external_task_marker_dag.py
[2025-08-26T17:27:25.248+0100] {processor.py:830} INFO - Processing file /Users/vlad.alex995/Desktop/de-sprint/.venv-airflow/lib/python3.11/site-packages/airflow/example_dags/example_external_task_marker_dag.py for tasks to queue
[2025-08-26T17:27:25.249+0100] {logging_mixin.py:188} INFO - [2025-08-26T17:27:25.249+0100] {dagbag.py:545} INFO - Filling up the DagBag from /Users/vlad.alex995/Desktop/de-sprint/.venv-airflow/lib/python3.11/site-packages/airflow/example_dags/example_external_task_marker_dag.py
[2025-08-26T17:27:25.253+0100] {processor.py:840} INFO - DAG(s) 'example_external_task_marker_child', 'example_external_task_marker_parent' retrieved from /Users/vlad.alex995/Desktop/de-sprint/.venv-airflow/lib/python3.11/site-packages/airflow/example_dags/example_external_task_marker_dag.py
[2025-08-26T17:27:25.287+0100] {logging_mixin.py:188} INFO - [2025-08-26T17:27:25.287+0100] {dag.py:3089} INFO - Sync 2 DAGs
[2025-08-26T17:27:25.290+0100] {logging_mixin.py:188} INFO - [2025-08-26T17:27:25.290+0100] {dag.py:3947} INFO - Setting next_dagrun for example_external_task_marker_child to None, run_after=None
[2025-08-26T17:27:25.291+0100] {logging_mixin.py:188} INFO - [2025-08-26T17:27:25.291+0100] {dag.py:3947} INFO - Setting next_dagrun for example_external_task_marker_parent to None, run_after=None
[2025-08-26T17:27:25.298+0100] {processor.py:183} INFO - Processing /Users/vlad.alex995/Desktop/de-sprint/.venv-airflow/lib/python3.11/site-packages/airflow/example_dags/example_external_task_marker_dag.py took 0.051 seconds
[2025-08-26T17:29:00.425+0100] {processor.py:161} INFO - Started process (PID=35489) to work on /Users/vlad.alex995/Desktop/de-sprint/.venv-airflow/lib/python3.11/site-packages/airflow/example_dags/example_external_task_marker_dag.py
[2025-08-26T17:29:00.426+0100] {processor.py:830} INFO - Processing file /Users/vlad.alex995/Desktop/de-sprint/.venv-airflow/lib/python3.11/site-packages/airflow/example_dags/example_external_task_marker_dag.py for tasks to queue
[2025-08-26T17:29:00.426+0100] {logging_mixin.py:188} INFO - [2025-08-26T17:29:00.426+0100] {dagbag.py:545} INFO - Filling up the DagBag from /Users/vlad.alex995/Desktop/de-sprint/.venv-airflow/lib/python3.11/site-packages/airflow/example_dags/example_external_task_marker_dag.py
[2025-08-26T17:29:00.430+0100] {processor.py:840} INFO - DAG(s) 'example_external_task_marker_child', 'example_external_task_marker_parent' retrieved from /Users/vlad.alex995/Desktop/de-sprint/.venv-airflow/lib/python3.11/site-packages/airflow/example_dags/example_external_task_marker_dag.py
[2025-08-26T17:29:00.461+0100] {logging_mixin.py:188} INFO - [2025-08-26T17:29:00.461+0100] {dag.py:3089} INFO - Sync 2 DAGs
[2025-08-26T17:29:00.464+0100] {logging_mixin.py:188} INFO - [2025-08-26T17:29:00.464+0100] {dag.py:3947} INFO - Setting next_dagrun for example_external_task_marker_child to None, run_after=None
[2025-08-26T17:29:00.465+0100] {logging_mixin.py:188} INFO - [2025-08-26T17:29:00.465+0100] {dag.py:3947} INFO - Setting next_dagrun for example_external_task_marker_parent to None, run_after=None
[2025-08-26T17:29:00.471+0100] {processor.py:183} INFO - Processing /Users/vlad.alex995/Desktop/de-sprint/.venv-airflow/lib/python3.11/site-packages/airflow/example_dags/example_external_task_marker_dag.py took 0.047 seconds
[2025-08-26T17:30:32.965+0100] {processor.py:161} INFO - Started process (PID=35559) to work on /Users/vlad.alex995/Desktop/de-sprint/.venv-airflow/lib/python3.11/site-packages/airflow/example_dags/example_external_task_marker_dag.py
[2025-08-26T17:30:32.965+0100] {processor.py:830} INFO - Processing file /Users/vlad.alex995/Desktop/de-sprint/.venv-airflow/lib/python3.11/site-packages/airflow/example_dags/example_external_task_marker_dag.py for tasks to queue
[2025-08-26T17:30:32.965+0100] {logging_mixin.py:188} INFO - [2025-08-26T17:30:32.965+0100] {dagbag.py:545} INFO - Filling up the DagBag from /Users/vlad.alex995/Desktop/de-sprint/.venv-airflow/lib/python3.11/site-packages/airflow/example_dags/example_external_task_marker_dag.py
[2025-08-26T17:30:32.969+0100] {processor.py:840} INFO - DAG(s) 'example_external_task_marker_parent', 'example_external_task_marker_child' retrieved from /Users/vlad.alex995/Desktop/de-sprint/.venv-airflow/lib/python3.11/site-packages/airflow/example_dags/example_external_task_marker_dag.py
[2025-08-26T17:30:33.001+0100] {logging_mixin.py:188} INFO - [2025-08-26T17:30:33.001+0100] {dag.py:3089} INFO - Sync 2 DAGs
[2025-08-26T17:30:33.004+0100] {logging_mixin.py:188} INFO - [2025-08-26T17:30:33.003+0100] {dag.py:3947} INFO - Setting next_dagrun for example_external_task_marker_child to None, run_after=None
[2025-08-26T17:30:33.004+0100] {logging_mixin.py:188} INFO - [2025-08-26T17:30:33.004+0100] {dag.py:3947} INFO - Setting next_dagrun for example_external_task_marker_parent to None, run_after=None
[2025-08-26T17:30:33.011+0100] {processor.py:183} INFO - Processing /Users/vlad.alex995/Desktop/de-sprint/.venv-airflow/lib/python3.11/site-packages/airflow/example_dags/example_external_task_marker_dag.py took 0.047 seconds
[2025-08-26T17:32:03.450+0100] {processor.py:161} INFO - Started process (PID=35935) to work on /Users/vlad.alex995/Desktop/de-sprint/.venv-airflow/lib/python3.11/site-packages/airflow/example_dags/example_external_task_marker_dag.py
[2025-08-26T17:32:03.450+0100] {processor.py:830} INFO - Processing file /Users/vlad.alex995/Desktop/de-sprint/.venv-airflow/lib/python3.11/site-packages/airflow/example_dags/example_external_task_marker_dag.py for tasks to queue
[2025-08-26T17:32:03.451+0100] {logging_mixin.py:188} INFO - [2025-08-26T17:32:03.451+0100] {dagbag.py:545} INFO - Filling up the DagBag from /Users/vlad.alex995/Desktop/de-sprint/.venv-airflow/lib/python3.11/site-packages/airflow/example_dags/example_external_task_marker_dag.py
[2025-08-26T17:32:03.460+0100] {processor.py:840} INFO - DAG(s) 'example_external_task_marker_child', 'example_external_task_marker_parent' retrieved from /Users/vlad.alex995/Desktop/de-sprint/.venv-airflow/lib/python3.11/site-packages/airflow/example_dags/example_external_task_marker_dag.py
[2025-08-26T17:32:03.496+0100] {logging_mixin.py:188} INFO - [2025-08-26T17:32:03.495+0100] {dag.py:3089} INFO - Sync 2 DAGs
[2025-08-26T17:32:03.499+0100] {logging_mixin.py:188} INFO - [2025-08-26T17:32:03.499+0100] {dag.py:3947} INFO - Setting next_dagrun for example_external_task_marker_child to None, run_after=None
[2025-08-26T17:32:03.500+0100] {logging_mixin.py:188} INFO - [2025-08-26T17:32:03.500+0100] {dag.py:3947} INFO - Setting next_dagrun for example_external_task_marker_parent to None, run_after=None
[2025-08-26T17:32:03.507+0100] {processor.py:183} INFO - Processing /Users/vlad.alex995/Desktop/de-sprint/.venv-airflow/lib/python3.11/site-packages/airflow/example_dags/example_external_task_marker_dag.py took 0.058 seconds
[2025-08-26T17:33:36.833+0100] {processor.py:161} INFO - Started process (PID=36022) to work on /Users/vlad.alex995/Desktop/de-sprint/.venv-airflow/lib/python3.11/site-packages/airflow/example_dags/example_external_task_marker_dag.py
[2025-08-26T17:33:36.834+0100] {processor.py:830} INFO - Processing file /Users/vlad.alex995/Desktop/de-sprint/.venv-airflow/lib/python3.11/site-packages/airflow/example_dags/example_external_task_marker_dag.py for tasks to queue
[2025-08-26T17:33:36.835+0100] {logging_mixin.py:188} INFO - [2025-08-26T17:33:36.835+0100] {dagbag.py:545} INFO - Filling up the DagBag from /Users/vlad.alex995/Desktop/de-sprint/.venv-airflow/lib/python3.11/site-packages/airflow/example_dags/example_external_task_marker_dag.py
[2025-08-26T17:33:36.839+0100] {processor.py:840} INFO - DAG(s) 'example_external_task_marker_child', 'example_external_task_marker_parent' retrieved from /Users/vlad.alex995/Desktop/de-sprint/.venv-airflow/lib/python3.11/site-packages/airflow/example_dags/example_external_task_marker_dag.py
[2025-08-26T17:33:36.871+0100] {logging_mixin.py:188} INFO - [2025-08-26T17:33:36.871+0100] {dag.py:3089} INFO - Sync 2 DAGs
[2025-08-26T17:33:36.874+0100] {logging_mixin.py:188} INFO - [2025-08-26T17:33:36.874+0100] {dag.py:3947} INFO - Setting next_dagrun for example_external_task_marker_child to None, run_after=None
[2025-08-26T17:33:36.875+0100] {logging_mixin.py:188} INFO - [2025-08-26T17:33:36.875+0100] {dag.py:3947} INFO - Setting next_dagrun for example_external_task_marker_parent to None, run_after=None
[2025-08-26T17:33:36.882+0100] {processor.py:183} INFO - Processing /Users/vlad.alex995/Desktop/de-sprint/.venv-airflow/lib/python3.11/site-packages/airflow/example_dags/example_external_task_marker_dag.py took 0.049 seconds
[2025-08-26T18:11:35.669+0100] {processor.py:161} INFO - Started process (PID=37434) to work on /Users/vlad.alex995/Desktop/de-sprint/.venv-airflow/lib/python3.11/site-packages/airflow/example_dags/example_external_task_marker_dag.py
[2025-08-26T18:11:35.670+0100] {processor.py:830} INFO - Processing file /Users/vlad.alex995/Desktop/de-sprint/.venv-airflow/lib/python3.11/site-packages/airflow/example_dags/example_external_task_marker_dag.py for tasks to queue
[2025-08-26T18:11:35.670+0100] {logging_mixin.py:188} INFO - [2025-08-26T18:11:35.670+0100] {dagbag.py:545} INFO - Filling up the DagBag from /Users/vlad.alex995/Desktop/de-sprint/.venv-airflow/lib/python3.11/site-packages/airflow/example_dags/example_external_task_marker_dag.py
[2025-08-26T18:11:35.675+0100] {processor.py:840} INFO - DAG(s) 'example_external_task_marker_parent', 'example_external_task_marker_child' retrieved from /Users/vlad.alex995/Desktop/de-sprint/.venv-airflow/lib/python3.11/site-packages/airflow/example_dags/example_external_task_marker_dag.py
[2025-08-26T18:11:35.709+0100] {logging_mixin.py:188} INFO - [2025-08-26T18:11:35.709+0100] {dag.py:3089} INFO - Sync 2 DAGs
[2025-08-26T18:11:35.712+0100] {logging_mixin.py:188} INFO - [2025-08-26T18:11:35.712+0100] {dag.py:3947} INFO - Setting next_dagrun for example_external_task_marker_child to None, run_after=None
[2025-08-26T18:11:35.714+0100] {logging_mixin.py:188} INFO - [2025-08-26T18:11:35.714+0100] {dag.py:3947} INFO - Setting next_dagrun for example_external_task_marker_parent to None, run_after=None
[2025-08-26T18:11:35.721+0100] {processor.py:183} INFO - Processing /Users/vlad.alex995/Desktop/de-sprint/.venv-airflow/lib/python3.11/site-packages/airflow/example_dags/example_external_task_marker_dag.py took 0.053 seconds
[2025-08-26T18:13:09.727+0100] {processor.py:161} INFO - Started process (PID=37503) to work on /Users/vlad.alex995/Desktop/de-sprint/.venv-airflow/lib/python3.11/site-packages/airflow/example_dags/example_external_task_marker_dag.py
[2025-08-26T18:13:09.727+0100] {processor.py:830} INFO - Processing file /Users/vlad.alex995/Desktop/de-sprint/.venv-airflow/lib/python3.11/site-packages/airflow/example_dags/example_external_task_marker_dag.py for tasks to queue
[2025-08-26T18:13:09.728+0100] {logging_mixin.py:188} INFO - [2025-08-26T18:13:09.727+0100] {dagbag.py:545} INFO - Filling up the DagBag from /Users/vlad.alex995/Desktop/de-sprint/.venv-airflow/lib/python3.11/site-packages/airflow/example_dags/example_external_task_marker_dag.py
[2025-08-26T18:13:09.732+0100] {processor.py:840} INFO - DAG(s) 'example_external_task_marker_child', 'example_external_task_marker_parent' retrieved from /Users/vlad.alex995/Desktop/de-sprint/.venv-airflow/lib/python3.11/site-packages/airflow/example_dags/example_external_task_marker_dag.py
[2025-08-26T18:13:09.764+0100] {logging_mixin.py:188} INFO - [2025-08-26T18:13:09.763+0100] {dag.py:3089} INFO - Sync 2 DAGs
[2025-08-26T18:13:09.767+0100] {logging_mixin.py:188} INFO - [2025-08-26T18:13:09.767+0100] {dag.py:3947} INFO - Setting next_dagrun for example_external_task_marker_child to None, run_after=None
[2025-08-26T18:13:09.768+0100] {logging_mixin.py:188} INFO - [2025-08-26T18:13:09.768+0100] {dag.py:3947} INFO - Setting next_dagrun for example_external_task_marker_parent to None, run_after=None
[2025-08-26T18:13:09.774+0100] {processor.py:183} INFO - Processing /Users/vlad.alex995/Desktop/de-sprint/.venv-airflow/lib/python3.11/site-packages/airflow/example_dags/example_external_task_marker_dag.py took 0.048 seconds
[2025-08-26T18:14:37.241+0100] {processor.py:161} INFO - Started process (PID=37965) to work on /Users/vlad.alex995/Desktop/de-sprint/.venv-airflow/lib/python3.11/site-packages/airflow/example_dags/example_external_task_marker_dag.py
[2025-08-26T18:14:37.242+0100] {processor.py:830} INFO - Processing file /Users/vlad.alex995/Desktop/de-sprint/.venv-airflow/lib/python3.11/site-packages/airflow/example_dags/example_external_task_marker_dag.py for tasks to queue
[2025-08-26T18:14:37.242+0100] {logging_mixin.py:188} INFO - [2025-08-26T18:14:37.242+0100] {dagbag.py:545} INFO - Filling up the DagBag from /Users/vlad.alex995/Desktop/de-sprint/.venv-airflow/lib/python3.11/site-packages/airflow/example_dags/example_external_task_marker_dag.py
[2025-08-26T18:14:37.246+0100] {processor.py:840} INFO - DAG(s) 'example_external_task_marker_parent', 'example_external_task_marker_child' retrieved from /Users/vlad.alex995/Desktop/de-sprint/.venv-airflow/lib/python3.11/site-packages/airflow/example_dags/example_external_task_marker_dag.py
[2025-08-26T18:14:37.276+0100] {logging_mixin.py:188} INFO - [2025-08-26T18:14:37.276+0100] {dag.py:3089} INFO - Sync 2 DAGs
[2025-08-26T18:14:37.279+0100] {logging_mixin.py:188} INFO - [2025-08-26T18:14:37.279+0100] {dag.py:3947} INFO - Setting next_dagrun for example_external_task_marker_child to None, run_after=None
[2025-08-26T18:14:37.280+0100] {logging_mixin.py:188} INFO - [2025-08-26T18:14:37.280+0100] {dag.py:3947} INFO - Setting next_dagrun for example_external_task_marker_parent to None, run_after=None
[2025-08-26T18:14:37.285+0100] {processor.py:183} INFO - Processing /Users/vlad.alex995/Desktop/de-sprint/.venv-airflow/lib/python3.11/site-packages/airflow/example_dags/example_external_task_marker_dag.py took 0.045 seconds
[2025-08-26T18:16:09.836+0100] {processor.py:161} INFO - Started process (PID=38045) to work on /Users/vlad.alex995/Desktop/de-sprint/.venv-airflow/lib/python3.11/site-packages/airflow/example_dags/example_external_task_marker_dag.py
[2025-08-26T18:16:09.837+0100] {processor.py:830} INFO - Processing file /Users/vlad.alex995/Desktop/de-sprint/.venv-airflow/lib/python3.11/site-packages/airflow/example_dags/example_external_task_marker_dag.py for tasks to queue
[2025-08-26T18:16:09.837+0100] {logging_mixin.py:188} INFO - [2025-08-26T18:16:09.837+0100] {dagbag.py:545} INFO - Filling up the DagBag from /Users/vlad.alex995/Desktop/de-sprint/.venv-airflow/lib/python3.11/site-packages/airflow/example_dags/example_external_task_marker_dag.py
[2025-08-26T18:16:09.842+0100] {processor.py:840} INFO - DAG(s) 'example_external_task_marker_parent', 'example_external_task_marker_child' retrieved from /Users/vlad.alex995/Desktop/de-sprint/.venv-airflow/lib/python3.11/site-packages/airflow/example_dags/example_external_task_marker_dag.py
[2025-08-26T18:16:09.873+0100] {logging_mixin.py:188} INFO - [2025-08-26T18:16:09.873+0100] {dag.py:3089} INFO - Sync 2 DAGs
[2025-08-26T18:16:09.876+0100] {logging_mixin.py:188} INFO - [2025-08-26T18:16:09.876+0100] {dag.py:3947} INFO - Setting next_dagrun for example_external_task_marker_child to None, run_after=None
[2025-08-26T18:16:09.878+0100] {logging_mixin.py:188} INFO - [2025-08-26T18:16:09.878+0100] {dag.py:3947} INFO - Setting next_dagrun for example_external_task_marker_parent to None, run_after=None
[2025-08-26T18:16:09.883+0100] {processor.py:183} INFO - Processing /Users/vlad.alex995/Desktop/de-sprint/.venv-airflow/lib/python3.11/site-packages/airflow/example_dags/example_external_task_marker_dag.py took 0.048 seconds
[2025-08-26T18:17:48.687+0100] {processor.py:161} INFO - Started process (PID=38323) to work on /Users/vlad.alex995/Desktop/de-sprint/.venv-airflow/lib/python3.11/site-packages/airflow/example_dags/example_external_task_marker_dag.py
[2025-08-26T18:17:48.688+0100] {processor.py:830} INFO - Processing file /Users/vlad.alex995/Desktop/de-sprint/.venv-airflow/lib/python3.11/site-packages/airflow/example_dags/example_external_task_marker_dag.py for tasks to queue
[2025-08-26T18:17:48.688+0100] {logging_mixin.py:188} INFO - [2025-08-26T18:17:48.688+0100] {dagbag.py:545} INFO - Filling up the DagBag from /Users/vlad.alex995/Desktop/de-sprint/.venv-airflow/lib/python3.11/site-packages/airflow/example_dags/example_external_task_marker_dag.py
[2025-08-26T18:17:48.692+0100] {processor.py:840} INFO - DAG(s) 'example_external_task_marker_child', 'example_external_task_marker_parent' retrieved from /Users/vlad.alex995/Desktop/de-sprint/.venv-airflow/lib/python3.11/site-packages/airflow/example_dags/example_external_task_marker_dag.py
[2025-08-26T18:17:48.724+0100] {logging_mixin.py:188} INFO - [2025-08-26T18:17:48.724+0100] {dag.py:3089} INFO - Sync 2 DAGs
[2025-08-26T18:17:48.727+0100] {logging_mixin.py:188} INFO - [2025-08-26T18:17:48.727+0100] {dag.py:3947} INFO - Setting next_dagrun for example_external_task_marker_child to None, run_after=None
[2025-08-26T18:17:48.728+0100] {logging_mixin.py:188} INFO - [2025-08-26T18:17:48.728+0100] {dag.py:3947} INFO - Setting next_dagrun for example_external_task_marker_parent to None, run_after=None
[2025-08-26T18:17:48.733+0100] {processor.py:183} INFO - Processing /Users/vlad.alex995/Desktop/de-sprint/.venv-airflow/lib/python3.11/site-packages/airflow/example_dags/example_external_task_marker_dag.py took 0.047 seconds
[2025-08-26T18:20:03.342+0100] {processor.py:161} INFO - Started process (PID=38901) to work on /Users/vlad.alex995/Desktop/de-sprint/.venv-airflow/lib/python3.11/site-packages/airflow/example_dags/example_external_task_marker_dag.py
[2025-08-26T18:20:03.343+0100] {processor.py:830} INFO - Processing file /Users/vlad.alex995/Desktop/de-sprint/.venv-airflow/lib/python3.11/site-packages/airflow/example_dags/example_external_task_marker_dag.py for tasks to queue
[2025-08-26T18:20:03.343+0100] {logging_mixin.py:188} INFO - [2025-08-26T18:20:03.343+0100] {dagbag.py:545} INFO - Filling up the DagBag from /Users/vlad.alex995/Desktop/de-sprint/.venv-airflow/lib/python3.11/site-packages/airflow/example_dags/example_external_task_marker_dag.py
[2025-08-26T18:20:03.348+0100] {processor.py:840} INFO - DAG(s) 'example_external_task_marker_parent', 'example_external_task_marker_child' retrieved from /Users/vlad.alex995/Desktop/de-sprint/.venv-airflow/lib/python3.11/site-packages/airflow/example_dags/example_external_task_marker_dag.py
[2025-08-26T18:20:03.378+0100] {logging_mixin.py:188} INFO - [2025-08-26T18:20:03.378+0100] {dag.py:3089} INFO - Sync 2 DAGs
[2025-08-26T18:20:03.381+0100] {logging_mixin.py:188} INFO - [2025-08-26T18:20:03.381+0100] {dag.py:3947} INFO - Setting next_dagrun for example_external_task_marker_child to None, run_after=None
[2025-08-26T18:20:03.383+0100] {logging_mixin.py:188} INFO - [2025-08-26T18:20:03.383+0100] {dag.py:3947} INFO - Setting next_dagrun for example_external_task_marker_parent to None, run_after=None
[2025-08-26T18:20:03.388+0100] {processor.py:183} INFO - Processing /Users/vlad.alex995/Desktop/de-sprint/.venv-airflow/lib/python3.11/site-packages/airflow/example_dags/example_external_task_marker_dag.py took 0.047 seconds
[2025-08-26T18:21:36.255+0100] {processor.py:161} INFO - Started process (PID=38982) to work on /Users/vlad.alex995/Desktop/de-sprint/.venv-airflow/lib/python3.11/site-packages/airflow/example_dags/example_external_task_marker_dag.py
[2025-08-26T18:21:36.256+0100] {processor.py:830} INFO - Processing file /Users/vlad.alex995/Desktop/de-sprint/.venv-airflow/lib/python3.11/site-packages/airflow/example_dags/example_external_task_marker_dag.py for tasks to queue
[2025-08-26T18:21:36.257+0100] {logging_mixin.py:188} INFO - [2025-08-26T18:21:36.256+0100] {dagbag.py:545} INFO - Filling up the DagBag from /Users/vlad.alex995/Desktop/de-sprint/.venv-airflow/lib/python3.11/site-packages/airflow/example_dags/example_external_task_marker_dag.py
[2025-08-26T18:21:36.261+0100] {processor.py:840} INFO - DAG(s) 'example_external_task_marker_parent', 'example_external_task_marker_child' retrieved from /Users/vlad.alex995/Desktop/de-sprint/.venv-airflow/lib/python3.11/site-packages/airflow/example_dags/example_external_task_marker_dag.py
[2025-08-26T18:21:36.293+0100] {logging_mixin.py:188} INFO - [2025-08-26T18:21:36.293+0100] {dag.py:3089} INFO - Sync 2 DAGs
[2025-08-26T18:21:36.296+0100] {logging_mixin.py:188} INFO - [2025-08-26T18:21:36.296+0100] {dag.py:3947} INFO - Setting next_dagrun for example_external_task_marker_child to None, run_after=None
[2025-08-26T18:21:36.297+0100] {logging_mixin.py:188} INFO - [2025-08-26T18:21:36.297+0100] {dag.py:3947} INFO - Setting next_dagrun for example_external_task_marker_parent to None, run_after=None
[2025-08-26T18:21:36.302+0100] {processor.py:183} INFO - Processing /Users/vlad.alex995/Desktop/de-sprint/.venv-airflow/lib/python3.11/site-packages/airflow/example_dags/example_external_task_marker_dag.py took 0.048 seconds
[2025-08-26T18:23:06.141+0100] {processor.py:161} INFO - Started process (PID=39053) to work on /Users/vlad.alex995/Desktop/de-sprint/.venv-airflow/lib/python3.11/site-packages/airflow/example_dags/example_external_task_marker_dag.py
[2025-08-26T18:23:06.141+0100] {processor.py:830} INFO - Processing file /Users/vlad.alex995/Desktop/de-sprint/.venv-airflow/lib/python3.11/site-packages/airflow/example_dags/example_external_task_marker_dag.py for tasks to queue
[2025-08-26T18:23:06.141+0100] {logging_mixin.py:188} INFO - [2025-08-26T18:23:06.141+0100] {dagbag.py:545} INFO - Filling up the DagBag from /Users/vlad.alex995/Desktop/de-sprint/.venv-airflow/lib/python3.11/site-packages/airflow/example_dags/example_external_task_marker_dag.py
[2025-08-26T18:23:06.145+0100] {processor.py:840} INFO - DAG(s) 'example_external_task_marker_parent', 'example_external_task_marker_child' retrieved from /Users/vlad.alex995/Desktop/de-sprint/.venv-airflow/lib/python3.11/site-packages/airflow/example_dags/example_external_task_marker_dag.py
[2025-08-26T18:23:06.175+0100] {logging_mixin.py:188} INFO - [2025-08-26T18:23:06.175+0100] {dag.py:3089} INFO - Sync 2 DAGs
[2025-08-26T18:23:06.178+0100] {logging_mixin.py:188} INFO - [2025-08-26T18:23:06.178+0100] {dag.py:3947} INFO - Setting next_dagrun for example_external_task_marker_child to None, run_after=None
[2025-08-26T18:23:06.179+0100] {logging_mixin.py:188} INFO - [2025-08-26T18:23:06.179+0100] {dag.py:3947} INFO - Setting next_dagrun for example_external_task_marker_parent to None, run_after=None
[2025-08-26T18:23:06.184+0100] {processor.py:183} INFO - Processing /Users/vlad.alex995/Desktop/de-sprint/.venv-airflow/lib/python3.11/site-packages/airflow/example_dags/example_external_task_marker_dag.py took 0.045 seconds
[2025-08-26T18:24:30.427+0100] {processor.py:161} INFO - Started process (PID=39122) to work on /Users/vlad.alex995/Desktop/de-sprint/.venv-airflow/lib/python3.11/site-packages/airflow/example_dags/example_external_task_marker_dag.py
[2025-08-26T18:24:30.428+0100] {processor.py:830} INFO - Processing file /Users/vlad.alex995/Desktop/de-sprint/.venv-airflow/lib/python3.11/site-packages/airflow/example_dags/example_external_task_marker_dag.py for tasks to queue
[2025-08-26T18:24:30.428+0100] {logging_mixin.py:188} INFO - [2025-08-26T18:24:30.428+0100] {dagbag.py:545} INFO - Filling up the DagBag from /Users/vlad.alex995/Desktop/de-sprint/.venv-airflow/lib/python3.11/site-packages/airflow/example_dags/example_external_task_marker_dag.py
[2025-08-26T18:24:30.433+0100] {processor.py:840} INFO - DAG(s) 'example_external_task_marker_child', 'example_external_task_marker_parent' retrieved from /Users/vlad.alex995/Desktop/de-sprint/.venv-airflow/lib/python3.11/site-packages/airflow/example_dags/example_external_task_marker_dag.py
[2025-08-26T18:24:30.465+0100] {logging_mixin.py:188} INFO - [2025-08-26T18:24:30.465+0100] {dag.py:3089} INFO - Sync 2 DAGs
[2025-08-26T18:24:30.468+0100] {logging_mixin.py:188} INFO - [2025-08-26T18:24:30.468+0100] {dag.py:3947} INFO - Setting next_dagrun for example_external_task_marker_child to None, run_after=None
[2025-08-26T18:24:30.469+0100] {logging_mixin.py:188} INFO - [2025-08-26T18:24:30.469+0100] {dag.py:3947} INFO - Setting next_dagrun for example_external_task_marker_parent to None, run_after=None
[2025-08-26T18:24:30.474+0100] {processor.py:183} INFO - Processing /Users/vlad.alex995/Desktop/de-sprint/.venv-airflow/lib/python3.11/site-packages/airflow/example_dags/example_external_task_marker_dag.py took 0.048 seconds
[2025-08-26T18:26:06.904+0100] {processor.py:161} INFO - Started process (PID=39217) to work on /Users/vlad.alex995/Desktop/de-sprint/.venv-airflow/lib/python3.11/site-packages/airflow/example_dags/example_external_task_marker_dag.py
[2025-08-26T18:26:06.905+0100] {processor.py:830} INFO - Processing file /Users/vlad.alex995/Desktop/de-sprint/.venv-airflow/lib/python3.11/site-packages/airflow/example_dags/example_external_task_marker_dag.py for tasks to queue
[2025-08-26T18:26:06.905+0100] {logging_mixin.py:188} INFO - [2025-08-26T18:26:06.905+0100] {dagbag.py:545} INFO - Filling up the DagBag from /Users/vlad.alex995/Desktop/de-sprint/.venv-airflow/lib/python3.11/site-packages/airflow/example_dags/example_external_task_marker_dag.py
[2025-08-26T18:26:06.911+0100] {processor.py:840} INFO - DAG(s) 'example_external_task_marker_child', 'example_external_task_marker_parent' retrieved from /Users/vlad.alex995/Desktop/de-sprint/.venv-airflow/lib/python3.11/site-packages/airflow/example_dags/example_external_task_marker_dag.py
[2025-08-26T18:26:06.947+0100] {logging_mixin.py:188} INFO - [2025-08-26T18:26:06.947+0100] {dag.py:3089} INFO - Sync 2 DAGs
[2025-08-26T18:26:06.951+0100] {logging_mixin.py:188} INFO - [2025-08-26T18:26:06.951+0100] {dag.py:3947} INFO - Setting next_dagrun for example_external_task_marker_child to None, run_after=None
[2025-08-26T18:26:06.953+0100] {logging_mixin.py:188} INFO - [2025-08-26T18:26:06.953+0100] {dag.py:3947} INFO - Setting next_dagrun for example_external_task_marker_parent to None, run_after=None
[2025-08-26T18:26:06.959+0100] {processor.py:183} INFO - Processing /Users/vlad.alex995/Desktop/de-sprint/.venv-airflow/lib/python3.11/site-packages/airflow/example_dags/example_external_task_marker_dag.py took 0.056 seconds
[2025-08-26T18:27:54.036+0100] {processor.py:161} INFO - Started process (PID=39734) to work on /Users/vlad.alex995/Desktop/de-sprint/.venv-airflow/lib/python3.11/site-packages/airflow/example_dags/example_external_task_marker_dag.py
[2025-08-26T18:27:54.039+0100] {processor.py:830} INFO - Processing file /Users/vlad.alex995/Desktop/de-sprint/.venv-airflow/lib/python3.11/site-packages/airflow/example_dags/example_external_task_marker_dag.py for tasks to queue
[2025-08-26T18:27:54.039+0100] {logging_mixin.py:188} INFO - [2025-08-26T18:27:54.039+0100] {dagbag.py:545} INFO - Filling up the DagBag from /Users/vlad.alex995/Desktop/de-sprint/.venv-airflow/lib/python3.11/site-packages/airflow/example_dags/example_external_task_marker_dag.py
[2025-08-26T18:27:54.044+0100] {processor.py:840} INFO - DAG(s) 'example_external_task_marker_parent', 'example_external_task_marker_child' retrieved from /Users/vlad.alex995/Desktop/de-sprint/.venv-airflow/lib/python3.11/site-packages/airflow/example_dags/example_external_task_marker_dag.py
[2025-08-26T18:27:54.076+0100] {logging_mixin.py:188} INFO - [2025-08-26T18:27:54.076+0100] {dag.py:3089} INFO - Sync 2 DAGs
[2025-08-26T18:27:54.079+0100] {logging_mixin.py:188} INFO - [2025-08-26T18:27:54.079+0100] {dag.py:3947} INFO - Setting next_dagrun for example_external_task_marker_child to None, run_after=None
[2025-08-26T18:27:54.081+0100] {logging_mixin.py:188} INFO - [2025-08-26T18:27:54.081+0100] {dag.py:3947} INFO - Setting next_dagrun for example_external_task_marker_parent to None, run_after=None
[2025-08-26T18:27:54.087+0100] {processor.py:183} INFO - Processing /Users/vlad.alex995/Desktop/de-sprint/.venv-airflow/lib/python3.11/site-packages/airflow/example_dags/example_external_task_marker_dag.py took 0.051 seconds
