[2025-08-26T17:25:25.755+0100] {processor.py:161} INFO - Started process (PID=35325) to work on /Users/vlad.alex995/Desktop/de-sprint/.venv-airflow/lib/python3.11/site-packages/airflow/example_dags/example_skip_dag.py
[2025-08-26T17:25:25.755+0100] {processor.py:830} INFO - Processing file /Users/vlad.alex995/Desktop/de-sprint/.venv-airflow/lib/python3.11/site-packages/airflow/example_dags/example_skip_dag.py for tasks to queue
[2025-08-26T17:25:25.755+0100] {logging_mixin.py:188} INFO - [2025-08-26T17:25:25.755+0100] {dagbag.py:545} INFO - Filling up the DagBag from /Users/vlad.alex995/Desktop/de-sprint/.venv-airflow/lib/python3.11/site-packages/airflow/example_dags/example_skip_dag.py
[2025-08-26T17:25:25.758+0100] {processor.py:840} INFO - DAG(s) 'example_skip_dag' retrieved from /Users/vlad.alex995/Desktop/de-sprint/.venv-airflow/lib/python3.11/site-packages/airflow/example_dags/example_skip_dag.py
[2025-08-26T17:25:25.814+0100] {logging_mixin.py:188} INFO - [2025-08-26T17:25:25.814+0100] {override.py:1858} INFO - Created Permission View: can read on DAG:example_skip_dag
[2025-08-26T17:25:25.817+0100] {logging_mixin.py:188} INFO - [2025-08-26T17:25:25.817+0100] {override.py:1858} INFO - Created Permission View: can edit on DAG:example_skip_dag
[2025-08-26T17:25:25.818+0100] {logging_mixin.py:188} INFO - [2025-08-26T17:25:25.818+0100] {override.py:1858} INFO - Created Permission View: can delete on DAG:example_skip_dag
[2025-08-26T17:25:25.818+0100] {logging_mixin.py:188} INFO - [2025-08-26T17:25:25.818+0100] {dag.py:3089} INFO - Sync 1 DAGs
[2025-08-26T17:25:25.821+0100] {logging_mixin.py:188} INFO - [2025-08-26T17:25:25.821+0100] {dag.py:3111} INFO - Creating ORM DAG for example_skip_dag
[2025-08-26T17:25:25.823+0100] {logging_mixin.py:188} INFO - [2025-08-26T17:25:25.823+0100] {dag.py:3947} INFO - Setting next_dagrun for example_skip_dag to 2025-08-25 00:00:00+00:00, run_after=2025-08-26 00:00:00+00:00
[2025-08-26T17:25:25.830+0100] {processor.py:183} INFO - Processing /Users/vlad.alex995/Desktop/de-sprint/.venv-airflow/lib/python3.11/site-packages/airflow/example_dags/example_skip_dag.py took 0.076 seconds
[2025-08-26T17:26:45.518+0100] {processor.py:161} INFO - Started process (PID=35384) to work on /Users/vlad.alex995/Desktop/de-sprint/.venv-airflow/lib/python3.11/site-packages/airflow/example_dags/example_skip_dag.py
[2025-08-26T17:26:45.519+0100] {processor.py:830} INFO - Processing file /Users/vlad.alex995/Desktop/de-sprint/.venv-airflow/lib/python3.11/site-packages/airflow/example_dags/example_skip_dag.py for tasks to queue
[2025-08-26T17:26:45.519+0100] {logging_mixin.py:188} INFO - [2025-08-26T17:26:45.519+0100] {dagbag.py:545} INFO - Filling up the DagBag from /Users/vlad.alex995/Desktop/de-sprint/.venv-airflow/lib/python3.11/site-packages/airflow/example_dags/example_skip_dag.py
[2025-08-26T17:26:45.522+0100] {processor.py:840} INFO - DAG(s) 'example_skip_dag' retrieved from /Users/vlad.alex995/Desktop/de-sprint/.venv-airflow/lib/python3.11/site-packages/airflow/example_dags/example_skip_dag.py
[2025-08-26T17:26:45.552+0100] {logging_mixin.py:188} INFO - [2025-08-26T17:26:45.552+0100] {dag.py:3089} INFO - Sync 1 DAGs
[2025-08-26T17:26:45.557+0100] {logging_mixin.py:188} INFO - [2025-08-26T17:26:45.557+0100] {dag.py:3947} INFO - Setting next_dagrun for example_skip_dag to 2025-08-25 00:00:00+00:00, run_after=2025-08-26 00:00:00+00:00
[2025-08-26T17:26:45.563+0100] {processor.py:183} INFO - Processing /Users/vlad.alex995/Desktop/de-sprint/.venv-airflow/lib/python3.11/site-packages/airflow/example_dags/example_skip_dag.py took 0.047 seconds
[2025-08-26T17:28:17.424+0100] {processor.py:161} INFO - Started process (PID=35457) to work on /Users/vlad.alex995/Desktop/de-sprint/.venv-airflow/lib/python3.11/site-packages/airflow/example_dags/example_skip_dag.py
[2025-08-26T17:28:17.425+0100] {processor.py:830} INFO - Processing file /Users/vlad.alex995/Desktop/de-sprint/.venv-airflow/lib/python3.11/site-packages/airflow/example_dags/example_skip_dag.py for tasks to queue
[2025-08-26T17:28:17.425+0100] {logging_mixin.py:188} INFO - [2025-08-26T17:28:17.425+0100] {dagbag.py:545} INFO - Filling up the DagBag from /Users/vlad.alex995/Desktop/de-sprint/.venv-airflow/lib/python3.11/site-packages/airflow/example_dags/example_skip_dag.py
[2025-08-26T17:28:17.428+0100] {processor.py:840} INFO - DAG(s) 'example_skip_dag' retrieved from /Users/vlad.alex995/Desktop/de-sprint/.venv-airflow/lib/python3.11/site-packages/airflow/example_dags/example_skip_dag.py
[2025-08-26T17:28:17.461+0100] {logging_mixin.py:188} INFO - [2025-08-26T17:28:17.461+0100] {dag.py:3089} INFO - Sync 1 DAGs
[2025-08-26T17:28:17.467+0100] {logging_mixin.py:188} INFO - [2025-08-26T17:28:17.467+0100] {dag.py:3947} INFO - Setting next_dagrun for example_skip_dag to 2025-08-25 00:00:00+00:00, run_after=2025-08-26 00:00:00+00:00
[2025-08-26T17:28:17.475+0100] {processor.py:183} INFO - Processing /Users/vlad.alex995/Desktop/de-sprint/.venv-airflow/lib/python3.11/site-packages/airflow/example_dags/example_skip_dag.py took 0.052 seconds
[2025-08-26T17:29:52.189+0100] {processor.py:161} INFO - Started process (PID=35526) to work on /Users/vlad.alex995/Desktop/de-sprint/.venv-airflow/lib/python3.11/site-packages/airflow/example_dags/example_skip_dag.py
[2025-08-26T17:29:52.190+0100] {processor.py:830} INFO - Processing file /Users/vlad.alex995/Desktop/de-sprint/.venv-airflow/lib/python3.11/site-packages/airflow/example_dags/example_skip_dag.py for tasks to queue
[2025-08-26T17:29:52.191+0100] {logging_mixin.py:188} INFO - [2025-08-26T17:29:52.191+0100] {dagbag.py:545} INFO - Filling up the DagBag from /Users/vlad.alex995/Desktop/de-sprint/.venv-airflow/lib/python3.11/site-packages/airflow/example_dags/example_skip_dag.py
[2025-08-26T17:29:52.193+0100] {processor.py:840} INFO - DAG(s) 'example_skip_dag' retrieved from /Users/vlad.alex995/Desktop/de-sprint/.venv-airflow/lib/python3.11/site-packages/airflow/example_dags/example_skip_dag.py
[2025-08-26T17:29:52.223+0100] {logging_mixin.py:188} INFO - [2025-08-26T17:29:52.223+0100] {dag.py:3089} INFO - Sync 1 DAGs
[2025-08-26T17:29:52.228+0100] {logging_mixin.py:188} INFO - [2025-08-26T17:29:52.228+0100] {dag.py:3947} INFO - Setting next_dagrun for example_skip_dag to 2025-08-25 00:00:00+00:00, run_after=2025-08-26 00:00:00+00:00
[2025-08-26T17:29:52.234+0100] {processor.py:183} INFO - Processing /Users/vlad.alex995/Desktop/de-sprint/.venv-airflow/lib/python3.11/site-packages/airflow/example_dags/example_skip_dag.py took 0.046 seconds
[2025-08-26T17:31:21.314+0100] {processor.py:161} INFO - Started process (PID=35598) to work on /Users/vlad.alex995/Desktop/de-sprint/.venv-airflow/lib/python3.11/site-packages/airflow/example_dags/example_skip_dag.py
[2025-08-26T17:31:21.315+0100] {processor.py:830} INFO - Processing file /Users/vlad.alex995/Desktop/de-sprint/.venv-airflow/lib/python3.11/site-packages/airflow/example_dags/example_skip_dag.py for tasks to queue
[2025-08-26T17:31:21.316+0100] {logging_mixin.py:188} INFO - [2025-08-26T17:31:21.316+0100] {dagbag.py:545} INFO - Filling up the DagBag from /Users/vlad.alex995/Desktop/de-sprint/.venv-airflow/lib/python3.11/site-packages/airflow/example_dags/example_skip_dag.py
[2025-08-26T17:31:21.318+0100] {processor.py:840} INFO - DAG(s) 'example_skip_dag' retrieved from /Users/vlad.alex995/Desktop/de-sprint/.venv-airflow/lib/python3.11/site-packages/airflow/example_dags/example_skip_dag.py
[2025-08-26T17:31:21.348+0100] {logging_mixin.py:188} INFO - [2025-08-26T17:31:21.347+0100] {dag.py:3089} INFO - Sync 1 DAGs
[2025-08-26T17:31:21.352+0100] {logging_mixin.py:188} INFO - [2025-08-26T17:31:21.352+0100] {dag.py:3947} INFO - Setting next_dagrun for example_skip_dag to 2025-08-25 00:00:00+00:00, run_after=2025-08-26 00:00:00+00:00
[2025-08-26T17:31:21.359+0100] {processor.py:183} INFO - Processing /Users/vlad.alex995/Desktop/de-sprint/.venv-airflow/lib/python3.11/site-packages/airflow/example_dags/example_skip_dag.py took 0.045 seconds
[2025-08-26T17:32:51.483+0100] {processor.py:161} INFO - Started process (PID=35982) to work on /Users/vlad.alex995/Desktop/de-sprint/.venv-airflow/lib/python3.11/site-packages/airflow/example_dags/example_skip_dag.py
[2025-08-26T17:32:51.483+0100] {processor.py:830} INFO - Processing file /Users/vlad.alex995/Desktop/de-sprint/.venv-airflow/lib/python3.11/site-packages/airflow/example_dags/example_skip_dag.py for tasks to queue
[2025-08-26T17:32:51.484+0100] {logging_mixin.py:188} INFO - [2025-08-26T17:32:51.483+0100] {dagbag.py:545} INFO - Filling up the DagBag from /Users/vlad.alex995/Desktop/de-sprint/.venv-airflow/lib/python3.11/site-packages/airflow/example_dags/example_skip_dag.py
[2025-08-26T17:32:51.486+0100] {processor.py:840} INFO - DAG(s) 'example_skip_dag' retrieved from /Users/vlad.alex995/Desktop/de-sprint/.venv-airflow/lib/python3.11/site-packages/airflow/example_dags/example_skip_dag.py
[2025-08-26T17:32:51.518+0100] {logging_mixin.py:188} INFO - [2025-08-26T17:32:51.518+0100] {dag.py:3089} INFO - Sync 1 DAGs
[2025-08-26T17:32:51.523+0100] {logging_mixin.py:188} INFO - [2025-08-26T17:32:51.523+0100] {dag.py:3947} INFO - Setting next_dagrun for example_skip_dag to 2025-08-25 00:00:00+00:00, run_after=2025-08-26 00:00:00+00:00
[2025-08-26T17:32:51.529+0100] {processor.py:183} INFO - Processing /Users/vlad.alex995/Desktop/de-sprint/.venv-airflow/lib/python3.11/site-packages/airflow/example_dags/example_skip_dag.py took 0.047 seconds
[2025-08-26T18:11:10.363+0100] {processor.py:161} INFO - Started process (PID=37413) to work on /Users/vlad.alex995/Desktop/de-sprint/.venv-airflow/lib/python3.11/site-packages/airflow/example_dags/example_skip_dag.py
[2025-08-26T18:11:10.363+0100] {processor.py:830} INFO - Processing file /Users/vlad.alex995/Desktop/de-sprint/.venv-airflow/lib/python3.11/site-packages/airflow/example_dags/example_skip_dag.py for tasks to queue
[2025-08-26T18:11:10.364+0100] {logging_mixin.py:188} INFO - [2025-08-26T18:11:10.364+0100] {dagbag.py:545} INFO - Filling up the DagBag from /Users/vlad.alex995/Desktop/de-sprint/.venv-airflow/lib/python3.11/site-packages/airflow/example_dags/example_skip_dag.py
[2025-08-26T18:11:10.366+0100] {processor.py:840} INFO - DAG(s) 'example_skip_dag' retrieved from /Users/vlad.alex995/Desktop/de-sprint/.venv-airflow/lib/python3.11/site-packages/airflow/example_dags/example_skip_dag.py
[2025-08-26T18:11:10.398+0100] {logging_mixin.py:188} INFO - [2025-08-26T18:11:10.398+0100] {dag.py:3089} INFO - Sync 1 DAGs
[2025-08-26T18:11:10.404+0100] {logging_mixin.py:188} INFO - [2025-08-26T18:11:10.404+0100] {dag.py:3947} INFO - Setting next_dagrun for example_skip_dag to 2025-08-25 00:00:00+00:00, run_after=2025-08-26 00:00:00+00:00
[2025-08-26T18:11:10.410+0100] {processor.py:183} INFO - Processing /Users/vlad.alex995/Desktop/de-sprint/.venv-airflow/lib/python3.11/site-packages/airflow/example_dags/example_skip_dag.py took 0.048 seconds
[2025-08-26T18:12:27.754+0100] {processor.py:161} INFO - Started process (PID=37472) to work on /Users/vlad.alex995/Desktop/de-sprint/.venv-airflow/lib/python3.11/site-packages/airflow/example_dags/example_skip_dag.py
[2025-08-26T18:12:27.755+0100] {processor.py:830} INFO - Processing file /Users/vlad.alex995/Desktop/de-sprint/.venv-airflow/lib/python3.11/site-packages/airflow/example_dags/example_skip_dag.py for tasks to queue
[2025-08-26T18:12:27.755+0100] {logging_mixin.py:188} INFO - [2025-08-26T18:12:27.755+0100] {dagbag.py:545} INFO - Filling up the DagBag from /Users/vlad.alex995/Desktop/de-sprint/.venv-airflow/lib/python3.11/site-packages/airflow/example_dags/example_skip_dag.py
[2025-08-26T18:12:27.757+0100] {processor.py:840} INFO - DAG(s) 'example_skip_dag' retrieved from /Users/vlad.alex995/Desktop/de-sprint/.venv-airflow/lib/python3.11/site-packages/airflow/example_dags/example_skip_dag.py
[2025-08-26T18:12:27.786+0100] {logging_mixin.py:188} INFO - [2025-08-26T18:12:27.786+0100] {dag.py:3089} INFO - Sync 1 DAGs
[2025-08-26T18:12:27.791+0100] {logging_mixin.py:188} INFO - [2025-08-26T18:12:27.791+0100] {dag.py:3947} INFO - Setting next_dagrun for example_skip_dag to 2025-08-25 00:00:00+00:00, run_after=2025-08-26 00:00:00+00:00
[2025-08-26T18:12:27.797+0100] {processor.py:183} INFO - Processing /Users/vlad.alex995/Desktop/de-sprint/.venv-airflow/lib/python3.11/site-packages/airflow/example_dags/example_skip_dag.py took 0.043 seconds
[2025-08-26T18:13:54.071+0100] {processor.py:161} INFO - Started process (PID=37547) to work on /Users/vlad.alex995/Desktop/de-sprint/.venv-airflow/lib/python3.11/site-packages/airflow/example_dags/example_skip_dag.py
[2025-08-26T18:13:54.072+0100] {processor.py:830} INFO - Processing file /Users/vlad.alex995/Desktop/de-sprint/.venv-airflow/lib/python3.11/site-packages/airflow/example_dags/example_skip_dag.py for tasks to queue
[2025-08-26T18:13:54.073+0100] {logging_mixin.py:188} INFO - [2025-08-26T18:13:54.073+0100] {dagbag.py:545} INFO - Filling up the DagBag from /Users/vlad.alex995/Desktop/de-sprint/.venv-airflow/lib/python3.11/site-packages/airflow/example_dags/example_skip_dag.py
[2025-08-26T18:13:54.075+0100] {processor.py:840} INFO - DAG(s) 'example_skip_dag' retrieved from /Users/vlad.alex995/Desktop/de-sprint/.venv-airflow/lib/python3.11/site-packages/airflow/example_dags/example_skip_dag.py
[2025-08-26T18:13:54.103+0100] {logging_mixin.py:188} INFO - [2025-08-26T18:13:54.103+0100] {dag.py:3089} INFO - Sync 1 DAGs
[2025-08-26T18:13:54.108+0100] {logging_mixin.py:188} INFO - [2025-08-26T18:13:54.108+0100] {dag.py:3947} INFO - Setting next_dagrun for example_skip_dag to 2025-08-25 00:00:00+00:00, run_after=2025-08-26 00:00:00+00:00
[2025-08-26T18:13:54.113+0100] {processor.py:183} INFO - Processing /Users/vlad.alex995/Desktop/de-sprint/.venv-airflow/lib/python3.11/site-packages/airflow/example_dags/example_skip_dag.py took 0.043 seconds
[2025-08-26T18:15:24.822+0100] {processor.py:161} INFO - Started process (PID=38005) to work on /Users/vlad.alex995/Desktop/de-sprint/.venv-airflow/lib/python3.11/site-packages/airflow/example_dags/example_skip_dag.py
[2025-08-26T18:15:24.823+0100] {processor.py:830} INFO - Processing file /Users/vlad.alex995/Desktop/de-sprint/.venv-airflow/lib/python3.11/site-packages/airflow/example_dags/example_skip_dag.py for tasks to queue
[2025-08-26T18:15:24.823+0100] {logging_mixin.py:188} INFO - [2025-08-26T18:15:24.823+0100] {dagbag.py:545} INFO - Filling up the DagBag from /Users/vlad.alex995/Desktop/de-sprint/.venv-airflow/lib/python3.11/site-packages/airflow/example_dags/example_skip_dag.py
[2025-08-26T18:15:24.826+0100] {processor.py:840} INFO - DAG(s) 'example_skip_dag' retrieved from /Users/vlad.alex995/Desktop/de-sprint/.venv-airflow/lib/python3.11/site-packages/airflow/example_dags/example_skip_dag.py
[2025-08-26T18:15:24.856+0100] {logging_mixin.py:188} INFO - [2025-08-26T18:15:24.856+0100] {dag.py:3089} INFO - Sync 1 DAGs
[2025-08-26T18:15:24.862+0100] {logging_mixin.py:188} INFO - [2025-08-26T18:15:24.862+0100] {dag.py:3947} INFO - Setting next_dagrun for example_skip_dag to 2025-08-25 00:00:00+00:00, run_after=2025-08-26 00:00:00+00:00
[2025-08-26T18:15:24.868+0100] {processor.py:183} INFO - Processing /Users/vlad.alex995/Desktop/de-sprint/.venv-airflow/lib/python3.11/site-packages/airflow/example_dags/example_skip_dag.py took 0.047 seconds
[2025-08-26T18:16:56.341+0100] {processor.py:161} INFO - Started process (PID=38082) to work on /Users/vlad.alex995/Desktop/de-sprint/.venv-airflow/lib/python3.11/site-packages/airflow/example_dags/example_skip_dag.py
[2025-08-26T18:16:56.341+0100] {processor.py:830} INFO - Processing file /Users/vlad.alex995/Desktop/de-sprint/.venv-airflow/lib/python3.11/site-packages/airflow/example_dags/example_skip_dag.py for tasks to queue
[2025-08-26T18:16:56.342+0100] {logging_mixin.py:188} INFO - [2025-08-26T18:16:56.341+0100] {dagbag.py:545} INFO - Filling up the DagBag from /Users/vlad.alex995/Desktop/de-sprint/.venv-airflow/lib/python3.11/site-packages/airflow/example_dags/example_skip_dag.py
[2025-08-26T18:16:56.344+0100] {processor.py:840} INFO - DAG(s) 'example_skip_dag' retrieved from /Users/vlad.alex995/Desktop/de-sprint/.venv-airflow/lib/python3.11/site-packages/airflow/example_dags/example_skip_dag.py
[2025-08-26T18:16:56.376+0100] {logging_mixin.py:188} INFO - [2025-08-26T18:16:56.375+0100] {dag.py:3089} INFO - Sync 1 DAGs
[2025-08-26T18:16:56.381+0100] {logging_mixin.py:188} INFO - [2025-08-26T18:16:56.381+0100] {dag.py:3947} INFO - Setting next_dagrun for example_skip_dag to 2025-08-25 00:00:00+00:00, run_after=2025-08-26 00:00:00+00:00
[2025-08-26T18:16:56.387+0100] {processor.py:183} INFO - Processing /Users/vlad.alex995/Desktop/de-sprint/.venv-airflow/lib/python3.11/site-packages/airflow/example_dags/example_skip_dag.py took 0.047 seconds
[2025-08-26T18:18:37.631+0100] {processor.py:161} INFO - Started process (PID=38444) to work on /Users/vlad.alex995/Desktop/de-sprint/.venv-airflow/lib/python3.11/site-packages/airflow/example_dags/example_skip_dag.py
[2025-08-26T18:18:37.632+0100] {processor.py:830} INFO - Processing file /Users/vlad.alex995/Desktop/de-sprint/.venv-airflow/lib/python3.11/site-packages/airflow/example_dags/example_skip_dag.py for tasks to queue
[2025-08-26T18:18:37.632+0100] {logging_mixin.py:188} INFO - [2025-08-26T18:18:37.632+0100] {dagbag.py:545} INFO - Filling up the DagBag from /Users/vlad.alex995/Desktop/de-sprint/.venv-airflow/lib/python3.11/site-packages/airflow/example_dags/example_skip_dag.py
[2025-08-26T18:18:37.635+0100] {processor.py:840} INFO - DAG(s) 'example_skip_dag' retrieved from /Users/vlad.alex995/Desktop/de-sprint/.venv-airflow/lib/python3.11/site-packages/airflow/example_dags/example_skip_dag.py
[2025-08-26T18:18:37.665+0100] {logging_mixin.py:188} INFO - [2025-08-26T18:18:37.665+0100] {dag.py:3089} INFO - Sync 1 DAGs
[2025-08-26T18:18:37.670+0100] {logging_mixin.py:188} INFO - [2025-08-26T18:18:37.670+0100] {dag.py:3947} INFO - Setting next_dagrun for example_skip_dag to 2025-08-25 00:00:00+00:00, run_after=2025-08-26 00:00:00+00:00
[2025-08-26T18:18:37.676+0100] {processor.py:183} INFO - Processing /Users/vlad.alex995/Desktop/de-sprint/.venv-airflow/lib/python3.11/site-packages/airflow/example_dags/example_skip_dag.py took 0.046 seconds
[2025-08-26T18:19:37.870+0100] {processor.py:161} INFO - Started process (PID=38870) to work on /Users/vlad.alex995/Desktop/de-sprint/.venv-airflow/lib/python3.11/site-packages/airflow/example_dags/example_skip_dag.py
[2025-08-26T18:19:37.870+0100] {processor.py:830} INFO - Processing file /Users/vlad.alex995/Desktop/de-sprint/.venv-airflow/lib/python3.11/site-packages/airflow/example_dags/example_skip_dag.py for tasks to queue
[2025-08-26T18:19:37.871+0100] {logging_mixin.py:188} INFO - [2025-08-26T18:19:37.871+0100] {dagbag.py:545} INFO - Filling up the DagBag from /Users/vlad.alex995/Desktop/de-sprint/.venv-airflow/lib/python3.11/site-packages/airflow/example_dags/example_skip_dag.py
[2025-08-26T18:19:37.873+0100] {processor.py:840} INFO - DAG(s) 'example_skip_dag' retrieved from /Users/vlad.alex995/Desktop/de-sprint/.venv-airflow/lib/python3.11/site-packages/airflow/example_dags/example_skip_dag.py
[2025-08-26T18:19:37.905+0100] {logging_mixin.py:188} INFO - [2025-08-26T18:19:37.905+0100] {dag.py:3089} INFO - Sync 1 DAGs
[2025-08-26T18:19:37.911+0100] {logging_mixin.py:188} INFO - [2025-08-26T18:19:37.910+0100] {dag.py:3947} INFO - Setting next_dagrun for example_skip_dag to 2025-08-25 00:00:00+00:00, run_after=2025-08-26 00:00:00+00:00
[2025-08-26T18:19:37.917+0100] {processor.py:183} INFO - Processing /Users/vlad.alex995/Desktop/de-sprint/.venv-airflow/lib/python3.11/site-packages/airflow/example_dags/example_skip_dag.py took 0.048 seconds
[2025-08-26T18:20:53.527+0100] {processor.py:161} INFO - Started process (PID=38951) to work on /Users/vlad.alex995/Desktop/de-sprint/.venv-airflow/lib/python3.11/site-packages/airflow/example_dags/example_skip_dag.py
[2025-08-26T18:20:53.528+0100] {processor.py:830} INFO - Processing file /Users/vlad.alex995/Desktop/de-sprint/.venv-airflow/lib/python3.11/site-packages/airflow/example_dags/example_skip_dag.py for tasks to queue
[2025-08-26T18:20:53.529+0100] {logging_mixin.py:188} INFO - [2025-08-26T18:20:53.529+0100] {dagbag.py:545} INFO - Filling up the DagBag from /Users/vlad.alex995/Desktop/de-sprint/.venv-airflow/lib/python3.11/site-packages/airflow/example_dags/example_skip_dag.py
[2025-08-26T18:20:53.532+0100] {processor.py:840} INFO - DAG(s) 'example_skip_dag' retrieved from /Users/vlad.alex995/Desktop/de-sprint/.venv-airflow/lib/python3.11/site-packages/airflow/example_dags/example_skip_dag.py
[2025-08-26T18:20:53.564+0100] {logging_mixin.py:188} INFO - [2025-08-26T18:20:53.563+0100] {dag.py:3089} INFO - Sync 1 DAGs
[2025-08-26T18:20:53.569+0100] {logging_mixin.py:188} INFO - [2025-08-26T18:20:53.569+0100] {dag.py:3947} INFO - Setting next_dagrun for example_skip_dag to 2025-08-25 00:00:00+00:00, run_after=2025-08-26 00:00:00+00:00
[2025-08-26T18:20:53.575+0100] {processor.py:183} INFO - Processing /Users/vlad.alex995/Desktop/de-sprint/.venv-airflow/lib/python3.11/site-packages/airflow/example_dags/example_skip_dag.py took 0.049 seconds
[2025-08-26T18:22:26.907+0100] {processor.py:161} INFO - Started process (PID=39024) to work on /Users/vlad.alex995/Desktop/de-sprint/.venv-airflow/lib/python3.11/site-packages/airflow/example_dags/example_skip_dag.py
[2025-08-26T18:22:26.907+0100] {processor.py:830} INFO - Processing file /Users/vlad.alex995/Desktop/de-sprint/.venv-airflow/lib/python3.11/site-packages/airflow/example_dags/example_skip_dag.py for tasks to queue
[2025-08-26T18:22:26.908+0100] {logging_mixin.py:188} INFO - [2025-08-26T18:22:26.907+0100] {dagbag.py:545} INFO - Filling up the DagBag from /Users/vlad.alex995/Desktop/de-sprint/.venv-airflow/lib/python3.11/site-packages/airflow/example_dags/example_skip_dag.py
[2025-08-26T18:22:26.910+0100] {processor.py:840} INFO - DAG(s) 'example_skip_dag' retrieved from /Users/vlad.alex995/Desktop/de-sprint/.venv-airflow/lib/python3.11/site-packages/airflow/example_dags/example_skip_dag.py
[2025-08-26T18:22:26.939+0100] {logging_mixin.py:188} INFO - [2025-08-26T18:22:26.939+0100] {dag.py:3089} INFO - Sync 1 DAGs
[2025-08-26T18:22:26.944+0100] {logging_mixin.py:188} INFO - [2025-08-26T18:22:26.944+0100] {dag.py:3947} INFO - Setting next_dagrun for example_skip_dag to 2025-08-25 00:00:00+00:00, run_after=2025-08-26 00:00:00+00:00
[2025-08-26T18:22:26.950+0100] {processor.py:183} INFO - Processing /Users/vlad.alex995/Desktop/de-sprint/.venv-airflow/lib/python3.11/site-packages/airflow/example_dags/example_skip_dag.py took 0.044 seconds
[2025-08-26T18:23:51.481+0100] {processor.py:161} INFO - Started process (PID=39089) to work on /Users/vlad.alex995/Desktop/de-sprint/.venv-airflow/lib/python3.11/site-packages/airflow/example_dags/example_skip_dag.py
[2025-08-26T18:23:51.482+0100] {processor.py:830} INFO - Processing file /Users/vlad.alex995/Desktop/de-sprint/.venv-airflow/lib/python3.11/site-packages/airflow/example_dags/example_skip_dag.py for tasks to queue
[2025-08-26T18:23:51.482+0100] {logging_mixin.py:188} INFO - [2025-08-26T18:23:51.482+0100] {dagbag.py:545} INFO - Filling up the DagBag from /Users/vlad.alex995/Desktop/de-sprint/.venv-airflow/lib/python3.11/site-packages/airflow/example_dags/example_skip_dag.py
[2025-08-26T18:23:51.485+0100] {processor.py:840} INFO - DAG(s) 'example_skip_dag' retrieved from /Users/vlad.alex995/Desktop/de-sprint/.venv-airflow/lib/python3.11/site-packages/airflow/example_dags/example_skip_dag.py
[2025-08-26T18:23:51.522+0100] {logging_mixin.py:188} INFO - [2025-08-26T18:23:51.522+0100] {dag.py:3089} INFO - Sync 1 DAGs
[2025-08-26T18:23:51.528+0100] {logging_mixin.py:188} INFO - [2025-08-26T18:23:51.528+0100] {dag.py:3947} INFO - Setting next_dagrun for example_skip_dag to 2025-08-25 00:00:00+00:00, run_after=2025-08-26 00:00:00+00:00
[2025-08-26T18:23:51.535+0100] {processor.py:183} INFO - Processing /Users/vlad.alex995/Desktop/de-sprint/.venv-airflow/lib/python3.11/site-packages/airflow/example_dags/example_skip_dag.py took 0.055 seconds
[2025-08-26T18:25:22.349+0100] {processor.py:161} INFO - Started process (PID=39176) to work on /Users/vlad.alex995/Desktop/de-sprint/.venv-airflow/lib/python3.11/site-packages/airflow/example_dags/example_skip_dag.py
[2025-08-26T18:25:22.350+0100] {processor.py:830} INFO - Processing file /Users/vlad.alex995/Desktop/de-sprint/.venv-airflow/lib/python3.11/site-packages/airflow/example_dags/example_skip_dag.py for tasks to queue
[2025-08-26T18:25:22.350+0100] {logging_mixin.py:188} INFO - [2025-08-26T18:25:22.350+0100] {dagbag.py:545} INFO - Filling up the DagBag from /Users/vlad.alex995/Desktop/de-sprint/.venv-airflow/lib/python3.11/site-packages/airflow/example_dags/example_skip_dag.py
[2025-08-26T18:25:22.352+0100] {processor.py:840} INFO - DAG(s) 'example_skip_dag' retrieved from /Users/vlad.alex995/Desktop/de-sprint/.venv-airflow/lib/python3.11/site-packages/airflow/example_dags/example_skip_dag.py
[2025-08-26T18:25:22.382+0100] {logging_mixin.py:188} INFO - [2025-08-26T18:25:22.381+0100] {dag.py:3089} INFO - Sync 1 DAGs
[2025-08-26T18:25:22.387+0100] {logging_mixin.py:188} INFO - [2025-08-26T18:25:22.387+0100] {dag.py:3947} INFO - Setting next_dagrun for example_skip_dag to 2025-08-25 00:00:00+00:00, run_after=2025-08-26 00:00:00+00:00
[2025-08-26T18:25:22.392+0100] {processor.py:183} INFO - Processing /Users/vlad.alex995/Desktop/de-sprint/.venv-airflow/lib/python3.11/site-packages/airflow/example_dags/example_skip_dag.py took 0.044 seconds
[2025-08-26T18:27:28.641+0100] {processor.py:161} INFO - Started process (PID=39673) to work on /Users/vlad.alex995/Desktop/de-sprint/.venv-airflow/lib/python3.11/site-packages/airflow/example_dags/example_skip_dag.py
[2025-08-26T18:27:28.642+0100] {processor.py:830} INFO - Processing file /Users/vlad.alex995/Desktop/de-sprint/.venv-airflow/lib/python3.11/site-packages/airflow/example_dags/example_skip_dag.py for tasks to queue
[2025-08-26T18:27:28.642+0100] {logging_mixin.py:188} INFO - [2025-08-26T18:27:28.642+0100] {dagbag.py:545} INFO - Filling up the DagBag from /Users/vlad.alex995/Desktop/de-sprint/.venv-airflow/lib/python3.11/site-packages/airflow/example_dags/example_skip_dag.py
[2025-08-26T18:27:28.645+0100] {processor.py:840} INFO - DAG(s) 'example_skip_dag' retrieved from /Users/vlad.alex995/Desktop/de-sprint/.venv-airflow/lib/python3.11/site-packages/airflow/example_dags/example_skip_dag.py
[2025-08-26T18:27:28.676+0100] {logging_mixin.py:188} INFO - [2025-08-26T18:27:28.676+0100] {dag.py:3089} INFO - Sync 1 DAGs
[2025-08-26T18:27:28.682+0100] {logging_mixin.py:188} INFO - [2025-08-26T18:27:28.681+0100] {dag.py:3947} INFO - Setting next_dagrun for example_skip_dag to 2025-08-25 00:00:00+00:00, run_after=2025-08-26 00:00:00+00:00
[2025-08-26T18:27:28.687+0100] {processor.py:183} INFO - Processing /Users/vlad.alex995/Desktop/de-sprint/.venv-airflow/lib/python3.11/site-packages/airflow/example_dags/example_skip_dag.py took 0.047 seconds
[2025-08-26T18:29:49.251+0100] {processor.py:161} INFO - Started process (PID=40101) to work on /Users/vlad.alex995/Desktop/de-sprint/.venv-airflow/lib/python3.11/site-packages/airflow/example_dags/example_skip_dag.py
[2025-08-26T18:29:49.252+0100] {processor.py:830} INFO - Processing file /Users/vlad.alex995/Desktop/de-sprint/.venv-airflow/lib/python3.11/site-packages/airflow/example_dags/example_skip_dag.py for tasks to queue
[2025-08-26T18:29:49.253+0100] {logging_mixin.py:188} INFO - [2025-08-26T18:29:49.253+0100] {dagbag.py:545} INFO - Filling up the DagBag from /Users/vlad.alex995/Desktop/de-sprint/.venv-airflow/lib/python3.11/site-packages/airflow/example_dags/example_skip_dag.py
[2025-08-26T18:29:49.256+0100] {processor.py:840} INFO - DAG(s) 'example_skip_dag' retrieved from /Users/vlad.alex995/Desktop/de-sprint/.venv-airflow/lib/python3.11/site-packages/airflow/example_dags/example_skip_dag.py
[2025-08-26T18:29:49.287+0100] {logging_mixin.py:188} INFO - [2025-08-26T18:29:49.287+0100] {dag.py:3089} INFO - Sync 1 DAGs
[2025-08-26T18:29:49.293+0100] {logging_mixin.py:188} INFO - [2025-08-26T18:29:49.293+0100] {dag.py:3947} INFO - Setting next_dagrun for example_skip_dag to 2025-08-25 00:00:00+00:00, run_after=2025-08-26 00:00:00+00:00
[2025-08-26T18:29:49.299+0100] {processor.py:183} INFO - Processing /Users/vlad.alex995/Desktop/de-sprint/.venv-airflow/lib/python3.11/site-packages/airflow/example_dags/example_skip_dag.py took 0.048 seconds
