[2025-08-26T17:26:14.224+0100] {processor.py:161} INFO - Started process (PID=35361) to work on /Users/vlad.alex995/Desktop/de-sprint/.venv-airflow/lib/python3.11/site-packages/airflow/example_dags/example_bash_operator.py
[2025-08-26T17:26:14.224+0100] {processor.py:830} INFO - Processing file /Users/vlad.alex995/Desktop/de-sprint/.venv-airflow/lib/python3.11/site-packages/airflow/example_dags/example_bash_operator.py for tasks to queue
[2025-08-26T17:26:14.224+0100] {logging_mixin.py:188} INFO - [2025-08-26T17:26:14.224+0100] {dagbag.py:545} INFO - Filling up the DagBag from /Users/vlad.alex995/Desktop/de-sprint/.venv-airflow/lib/python3.11/site-packages/airflow/example_dags/example_bash_operator.py
[2025-08-26T17:26:14.229+0100] {processor.py:840} INFO - DAG(s) 'example_bash_operator' retrieved from /Users/vlad.alex995/Desktop/de-sprint/.venv-airflow/lib/python3.11/site-packages/airflow/example_dags/example_bash_operator.py
[2025-08-26T17:26:14.287+0100] {logging_mixin.py:188} INFO - [2025-08-26T17:26:14.287+0100] {override.py:1858} INFO - Created Permission View: can delete on DAG:example_bash_operator
[2025-08-26T17:26:14.290+0100] {logging_mixin.py:188} INFO - [2025-08-26T17:26:14.290+0100] {override.py:1858} INFO - Created Permission View: can edit on DAG:example_bash_operator
[2025-08-26T17:26:14.291+0100] {logging_mixin.py:188} INFO - [2025-08-26T17:26:14.291+0100] {override.py:1858} INFO - Created Permission View: can read on DAG:example_bash_operator
[2025-08-26T17:26:14.291+0100] {logging_mixin.py:188} INFO - [2025-08-26T17:26:14.291+0100] {dag.py:3089} INFO - Sync 1 DAGs
[2025-08-26T17:26:14.294+0100] {logging_mixin.py:188} INFO - [2025-08-26T17:26:14.294+0100] {dag.py:3111} INFO - Creating ORM DAG for example_bash_operator
[2025-08-26T17:26:14.297+0100] {logging_mixin.py:188} INFO - [2025-08-26T17:26:14.297+0100] {dag.py:3947} INFO - Setting next_dagrun for example_bash_operator to 2025-08-25 00:00:00+00:00, run_after=2025-08-26 00:00:00+00:00
[2025-08-26T17:26:14.303+0100] {processor.py:183} INFO - Processing /Users/vlad.alex995/Desktop/de-sprint/.venv-airflow/lib/python3.11/site-packages/airflow/example_dags/example_bash_operator.py took 0.080 seconds
[2025-08-26T17:27:44.321+0100] {processor.py:161} INFO - Started process (PID=35433) to work on /Users/vlad.alex995/Desktop/de-sprint/.venv-airflow/lib/python3.11/site-packages/airflow/example_dags/example_bash_operator.py
[2025-08-26T17:27:44.322+0100] {processor.py:830} INFO - Processing file /Users/vlad.alex995/Desktop/de-sprint/.venv-airflow/lib/python3.11/site-packages/airflow/example_dags/example_bash_operator.py for tasks to queue
[2025-08-26T17:27:44.322+0100] {logging_mixin.py:188} INFO - [2025-08-26T17:27:44.322+0100] {dagbag.py:545} INFO - Filling up the DagBag from /Users/vlad.alex995/Desktop/de-sprint/.venv-airflow/lib/python3.11/site-packages/airflow/example_dags/example_bash_operator.py
[2025-08-26T17:27:44.326+0100] {processor.py:840} INFO - DAG(s) 'example_bash_operator' retrieved from /Users/vlad.alex995/Desktop/de-sprint/.venv-airflow/lib/python3.11/site-packages/airflow/example_dags/example_bash_operator.py
[2025-08-26T17:27:44.359+0100] {logging_mixin.py:188} INFO - [2025-08-26T17:27:44.358+0100] {dag.py:3089} INFO - Sync 1 DAGs
[2025-08-26T17:27:44.364+0100] {logging_mixin.py:188} INFO - [2025-08-26T17:27:44.364+0100] {dag.py:3947} INFO - Setting next_dagrun for example_bash_operator to 2025-08-25 00:00:00+00:00, run_after=2025-08-26 00:00:00+00:00
[2025-08-26T17:27:44.370+0100] {processor.py:183} INFO - Processing /Users/vlad.alex995/Desktop/de-sprint/.venv-airflow/lib/python3.11/site-packages/airflow/example_dags/example_bash_operator.py took 0.051 seconds
[2025-08-26T17:29:20.351+0100] {processor.py:161} INFO - Started process (PID=35502) to work on /Users/vlad.alex995/Desktop/de-sprint/.venv-airflow/lib/python3.11/site-packages/airflow/example_dags/example_bash_operator.py
[2025-08-26T17:29:20.352+0100] {processor.py:830} INFO - Processing file /Users/vlad.alex995/Desktop/de-sprint/.venv-airflow/lib/python3.11/site-packages/airflow/example_dags/example_bash_operator.py for tasks to queue
[2025-08-26T17:29:20.352+0100] {logging_mixin.py:188} INFO - [2025-08-26T17:29:20.352+0100] {dagbag.py:545} INFO - Filling up the DagBag from /Users/vlad.alex995/Desktop/de-sprint/.venv-airflow/lib/python3.11/site-packages/airflow/example_dags/example_bash_operator.py
[2025-08-26T17:29:20.356+0100] {processor.py:840} INFO - DAG(s) 'example_bash_operator' retrieved from /Users/vlad.alex995/Desktop/de-sprint/.venv-airflow/lib/python3.11/site-packages/airflow/example_dags/example_bash_operator.py
[2025-08-26T17:29:20.387+0100] {logging_mixin.py:188} INFO - [2025-08-26T17:29:20.387+0100] {dag.py:3089} INFO - Sync 1 DAGs
[2025-08-26T17:29:20.392+0100] {logging_mixin.py:188} INFO - [2025-08-26T17:29:20.392+0100] {dag.py:3947} INFO - Setting next_dagrun for example_bash_operator to 2025-08-25 00:00:00+00:00, run_after=2025-08-26 00:00:00+00:00
[2025-08-26T17:29:20.399+0100] {processor.py:183} INFO - Processing /Users/vlad.alex995/Desktop/de-sprint/.venv-airflow/lib/python3.11/site-packages/airflow/example_dags/example_bash_operator.py took 0.049 seconds
[2025-08-26T17:30:51.283+0100] {processor.py:161} INFO - Started process (PID=35573) to work on /Users/vlad.alex995/Desktop/de-sprint/.venv-airflow/lib/python3.11/site-packages/airflow/example_dags/example_bash_operator.py
[2025-08-26T17:30:51.283+0100] {processor.py:830} INFO - Processing file /Users/vlad.alex995/Desktop/de-sprint/.venv-airflow/lib/python3.11/site-packages/airflow/example_dags/example_bash_operator.py for tasks to queue
[2025-08-26T17:30:51.283+0100] {logging_mixin.py:188} INFO - [2025-08-26T17:30:51.283+0100] {dagbag.py:545} INFO - Filling up the DagBag from /Users/vlad.alex995/Desktop/de-sprint/.venv-airflow/lib/python3.11/site-packages/airflow/example_dags/example_bash_operator.py
[2025-08-26T17:30:51.287+0100] {processor.py:840} INFO - DAG(s) 'example_bash_operator' retrieved from /Users/vlad.alex995/Desktop/de-sprint/.venv-airflow/lib/python3.11/site-packages/airflow/example_dags/example_bash_operator.py
[2025-08-26T17:30:51.319+0100] {logging_mixin.py:188} INFO - [2025-08-26T17:30:51.318+0100] {dag.py:3089} INFO - Sync 1 DAGs
[2025-08-26T17:30:51.324+0100] {logging_mixin.py:188} INFO - [2025-08-26T17:30:51.323+0100] {dag.py:3947} INFO - Setting next_dagrun for example_bash_operator to 2025-08-25 00:00:00+00:00, run_after=2025-08-26 00:00:00+00:00
[2025-08-26T17:30:51.330+0100] {processor.py:183} INFO - Processing /Users/vlad.alex995/Desktop/de-sprint/.venv-airflow/lib/python3.11/site-packages/airflow/example_dags/example_bash_operator.py took 0.049 seconds
[2025-08-26T17:32:21.973+0100] {processor.py:161} INFO - Started process (PID=35951) to work on /Users/vlad.alex995/Desktop/de-sprint/.venv-airflow/lib/python3.11/site-packages/airflow/example_dags/example_bash_operator.py
[2025-08-26T17:32:21.973+0100] {processor.py:830} INFO - Processing file /Users/vlad.alex995/Desktop/de-sprint/.venv-airflow/lib/python3.11/site-packages/airflow/example_dags/example_bash_operator.py for tasks to queue
[2025-08-26T17:32:21.973+0100] {logging_mixin.py:188} INFO - [2025-08-26T17:32:21.973+0100] {dagbag.py:545} INFO - Filling up the DagBag from /Users/vlad.alex995/Desktop/de-sprint/.venv-airflow/lib/python3.11/site-packages/airflow/example_dags/example_bash_operator.py
[2025-08-26T17:32:21.977+0100] {processor.py:840} INFO - DAG(s) 'example_bash_operator' retrieved from /Users/vlad.alex995/Desktop/de-sprint/.venv-airflow/lib/python3.11/site-packages/airflow/example_dags/example_bash_operator.py
[2025-08-26T17:32:22.010+0100] {logging_mixin.py:188} INFO - [2025-08-26T17:32:22.010+0100] {dag.py:3089} INFO - Sync 1 DAGs
[2025-08-26T17:32:22.015+0100] {logging_mixin.py:188} INFO - [2025-08-26T17:32:22.015+0100] {dag.py:3947} INFO - Setting next_dagrun for example_bash_operator to 2025-08-25 00:00:00+00:00, run_after=2025-08-26 00:00:00+00:00
[2025-08-26T17:32:22.022+0100] {processor.py:183} INFO - Processing /Users/vlad.alex995/Desktop/de-sprint/.venv-airflow/lib/python3.11/site-packages/airflow/example_dags/example_bash_operator.py took 0.050 seconds
[2025-08-26T18:11:56.473+0100] {processor.py:161} INFO - Started process (PID=37448) to work on /Users/vlad.alex995/Desktop/de-sprint/.venv-airflow/lib/python3.11/site-packages/airflow/example_dags/example_bash_operator.py
[2025-08-26T18:11:56.473+0100] {processor.py:830} INFO - Processing file /Users/vlad.alex995/Desktop/de-sprint/.venv-airflow/lib/python3.11/site-packages/airflow/example_dags/example_bash_operator.py for tasks to queue
[2025-08-26T18:11:56.474+0100] {logging_mixin.py:188} INFO - [2025-08-26T18:11:56.473+0100] {dagbag.py:545} INFO - Filling up the DagBag from /Users/vlad.alex995/Desktop/de-sprint/.venv-airflow/lib/python3.11/site-packages/airflow/example_dags/example_bash_operator.py
[2025-08-26T18:11:56.478+0100] {processor.py:840} INFO - DAG(s) 'example_bash_operator' retrieved from /Users/vlad.alex995/Desktop/de-sprint/.venv-airflow/lib/python3.11/site-packages/airflow/example_dags/example_bash_operator.py
[2025-08-26T18:11:56.510+0100] {logging_mixin.py:188} INFO - [2025-08-26T18:11:56.510+0100] {dag.py:3089} INFO - Sync 1 DAGs
[2025-08-26T18:11:56.516+0100] {logging_mixin.py:188} INFO - [2025-08-26T18:11:56.516+0100] {dag.py:3947} INFO - Setting next_dagrun for example_bash_operator to 2025-08-25 00:00:00+00:00, run_after=2025-08-26 00:00:00+00:00
[2025-08-26T18:11:56.523+0100] {processor.py:183} INFO - Processing /Users/vlad.alex995/Desktop/de-sprint/.venv-airflow/lib/python3.11/site-packages/airflow/example_dags/example_bash_operator.py took 0.051 seconds
[2025-08-26T18:13:28.254+0100] {processor.py:161} INFO - Started process (PID=37519) to work on /Users/vlad.alex995/Desktop/de-sprint/.venv-airflow/lib/python3.11/site-packages/airflow/example_dags/example_bash_operator.py
[2025-08-26T18:13:28.254+0100] {processor.py:830} INFO - Processing file /Users/vlad.alex995/Desktop/de-sprint/.venv-airflow/lib/python3.11/site-packages/airflow/example_dags/example_bash_operator.py for tasks to queue
[2025-08-26T18:13:28.255+0100] {logging_mixin.py:188} INFO - [2025-08-26T18:13:28.255+0100] {dagbag.py:545} INFO - Filling up the DagBag from /Users/vlad.alex995/Desktop/de-sprint/.venv-airflow/lib/python3.11/site-packages/airflow/example_dags/example_bash_operator.py
[2025-08-26T18:13:28.258+0100] {processor.py:840} INFO - DAG(s) 'example_bash_operator' retrieved from /Users/vlad.alex995/Desktop/de-sprint/.venv-airflow/lib/python3.11/site-packages/airflow/example_dags/example_bash_operator.py
[2025-08-26T18:13:28.289+0100] {logging_mixin.py:188} INFO - [2025-08-26T18:13:28.289+0100] {dag.py:3089} INFO - Sync 1 DAGs
[2025-08-26T18:13:28.295+0100] {logging_mixin.py:188} INFO - [2025-08-26T18:13:28.295+0100] {dag.py:3947} INFO - Setting next_dagrun for example_bash_operator to 2025-08-25 00:00:00+00:00, run_after=2025-08-26 00:00:00+00:00
[2025-08-26T18:13:28.301+0100] {processor.py:183} INFO - Processing /Users/vlad.alex995/Desktop/de-sprint/.venv-airflow/lib/python3.11/site-packages/airflow/example_dags/example_bash_operator.py took 0.048 seconds
[2025-08-26T18:14:55.999+0100] {processor.py:161} INFO - Started process (PID=37984) to work on /Users/vlad.alex995/Desktop/de-sprint/.venv-airflow/lib/python3.11/site-packages/airflow/example_dags/example_bash_operator.py
[2025-08-26T18:14:56.001+0100] {processor.py:830} INFO - Processing file /Users/vlad.alex995/Desktop/de-sprint/.venv-airflow/lib/python3.11/site-packages/airflow/example_dags/example_bash_operator.py for tasks to queue
[2025-08-26T18:14:56.001+0100] {logging_mixin.py:188} INFO - [2025-08-26T18:14:56.001+0100] {dagbag.py:545} INFO - Filling up the DagBag from /Users/vlad.alex995/Desktop/de-sprint/.venv-airflow/lib/python3.11/site-packages/airflow/example_dags/example_bash_operator.py
[2025-08-26T18:14:56.005+0100] {processor.py:840} INFO - DAG(s) 'example_bash_operator' retrieved from /Users/vlad.alex995/Desktop/de-sprint/.venv-airflow/lib/python3.11/site-packages/airflow/example_dags/example_bash_operator.py
[2025-08-26T18:14:56.037+0100] {logging_mixin.py:188} INFO - [2025-08-26T18:14:56.037+0100] {dag.py:3089} INFO - Sync 1 DAGs
[2025-08-26T18:14:56.043+0100] {logging_mixin.py:188} INFO - [2025-08-26T18:14:56.043+0100] {dag.py:3947} INFO - Setting next_dagrun for example_bash_operator to 2025-08-25 00:00:00+00:00, run_after=2025-08-26 00:00:00+00:00
[2025-08-26T18:14:56.048+0100] {processor.py:183} INFO - Processing /Users/vlad.alex995/Desktop/de-sprint/.venv-airflow/lib/python3.11/site-packages/airflow/example_dags/example_bash_operator.py took 0.050 seconds
[2025-08-26T18:16:28.704+0100] {processor.py:161} INFO - Started process (PID=38059) to work on /Users/vlad.alex995/Desktop/de-sprint/.venv-airflow/lib/python3.11/site-packages/airflow/example_dags/example_bash_operator.py
[2025-08-26T18:16:28.704+0100] {processor.py:830} INFO - Processing file /Users/vlad.alex995/Desktop/de-sprint/.venv-airflow/lib/python3.11/site-packages/airflow/example_dags/example_bash_operator.py for tasks to queue
[2025-08-26T18:16:28.705+0100] {logging_mixin.py:188} INFO - [2025-08-26T18:16:28.705+0100] {dagbag.py:545} INFO - Filling up the DagBag from /Users/vlad.alex995/Desktop/de-sprint/.venv-airflow/lib/python3.11/site-packages/airflow/example_dags/example_bash_operator.py
[2025-08-26T18:16:28.709+0100] {processor.py:840} INFO - DAG(s) 'example_bash_operator' retrieved from /Users/vlad.alex995/Desktop/de-sprint/.venv-airflow/lib/python3.11/site-packages/airflow/example_dags/example_bash_operator.py
[2025-08-26T18:16:28.742+0100] {logging_mixin.py:188} INFO - [2025-08-26T18:16:28.742+0100] {dag.py:3089} INFO - Sync 1 DAGs
[2025-08-26T18:16:28.748+0100] {logging_mixin.py:188} INFO - [2025-08-26T18:16:28.748+0100] {dag.py:3947} INFO - Setting next_dagrun for example_bash_operator to 2025-08-25 00:00:00+00:00, run_after=2025-08-26 00:00:00+00:00
[2025-08-26T18:16:28.754+0100] {processor.py:183} INFO - Processing /Users/vlad.alex995/Desktop/de-sprint/.venv-airflow/lib/python3.11/site-packages/airflow/example_dags/example_bash_operator.py took 0.051 seconds
[2025-08-26T18:18:08.278+0100] {processor.py:161} INFO - Started process (PID=38422) to work on /Users/vlad.alex995/Desktop/de-sprint/.venv-airflow/lib/python3.11/site-packages/airflow/example_dags/example_bash_operator.py
[2025-08-26T18:18:08.280+0100] {processor.py:830} INFO - Processing file /Users/vlad.alex995/Desktop/de-sprint/.venv-airflow/lib/python3.11/site-packages/airflow/example_dags/example_bash_operator.py for tasks to queue
[2025-08-26T18:18:08.280+0100] {logging_mixin.py:188} INFO - [2025-08-26T18:18:08.280+0100] {dagbag.py:545} INFO - Filling up the DagBag from /Users/vlad.alex995/Desktop/de-sprint/.venv-airflow/lib/python3.11/site-packages/airflow/example_dags/example_bash_operator.py
[2025-08-26T18:18:08.284+0100] {processor.py:840} INFO - DAG(s) 'example_bash_operator' retrieved from /Users/vlad.alex995/Desktop/de-sprint/.venv-airflow/lib/python3.11/site-packages/airflow/example_dags/example_bash_operator.py
[2025-08-26T18:18:08.317+0100] {logging_mixin.py:188} INFO - [2025-08-26T18:18:08.317+0100] {dag.py:3089} INFO - Sync 1 DAGs
[2025-08-26T18:18:08.322+0100] {logging_mixin.py:188} INFO - [2025-08-26T18:18:08.322+0100] {dag.py:3947} INFO - Setting next_dagrun for example_bash_operator to 2025-08-25 00:00:00+00:00, run_after=2025-08-26 00:00:00+00:00
[2025-08-26T18:18:08.329+0100] {processor.py:183} INFO - Processing /Users/vlad.alex995/Desktop/de-sprint/.venv-airflow/lib/python3.11/site-packages/airflow/example_dags/example_bash_operator.py took 0.052 seconds
[2025-08-26T18:20:21.770+0100] {processor.py:161} INFO - Started process (PID=38915) to work on /Users/vlad.alex995/Desktop/de-sprint/.venv-airflow/lib/python3.11/site-packages/airflow/example_dags/example_bash_operator.py
[2025-08-26T18:20:21.771+0100] {processor.py:830} INFO - Processing file /Users/vlad.alex995/Desktop/de-sprint/.venv-airflow/lib/python3.11/site-packages/airflow/example_dags/example_bash_operator.py for tasks to queue
[2025-08-26T18:20:21.772+0100] {logging_mixin.py:188} INFO - [2025-08-26T18:20:21.771+0100] {dagbag.py:545} INFO - Filling up the DagBag from /Users/vlad.alex995/Desktop/de-sprint/.venv-airflow/lib/python3.11/site-packages/airflow/example_dags/example_bash_operator.py
[2025-08-26T18:20:21.775+0100] {processor.py:840} INFO - DAG(s) 'example_bash_operator' retrieved from /Users/vlad.alex995/Desktop/de-sprint/.venv-airflow/lib/python3.11/site-packages/airflow/example_dags/example_bash_operator.py
[2025-08-26T18:20:21.806+0100] {logging_mixin.py:188} INFO - [2025-08-26T18:20:21.806+0100] {dag.py:3089} INFO - Sync 1 DAGs
[2025-08-26T18:20:21.812+0100] {logging_mixin.py:188} INFO - [2025-08-26T18:20:21.812+0100] {dag.py:3947} INFO - Setting next_dagrun for example_bash_operator to 2025-08-25 00:00:00+00:00, run_after=2025-08-26 00:00:00+00:00
[2025-08-26T18:20:21.817+0100] {processor.py:183} INFO - Processing /Users/vlad.alex995/Desktop/de-sprint/.venv-airflow/lib/python3.11/site-packages/airflow/example_dags/example_bash_operator.py took 0.048 seconds
[2025-08-26T18:21:55.790+0100] {processor.py:161} INFO - Started process (PID=38998) to work on /Users/vlad.alex995/Desktop/de-sprint/.venv-airflow/lib/python3.11/site-packages/airflow/example_dags/example_bash_operator.py
[2025-08-26T18:21:55.791+0100] {processor.py:830} INFO - Processing file /Users/vlad.alex995/Desktop/de-sprint/.venv-airflow/lib/python3.11/site-packages/airflow/example_dags/example_bash_operator.py for tasks to queue
[2025-08-26T18:21:55.792+0100] {logging_mixin.py:188} INFO - [2025-08-26T18:21:55.791+0100] {dagbag.py:545} INFO - Filling up the DagBag from /Users/vlad.alex995/Desktop/de-sprint/.venv-airflow/lib/python3.11/site-packages/airflow/example_dags/example_bash_operator.py
[2025-08-26T18:21:55.796+0100] {processor.py:840} INFO - DAG(s) 'example_bash_operator' retrieved from /Users/vlad.alex995/Desktop/de-sprint/.venv-airflow/lib/python3.11/site-packages/airflow/example_dags/example_bash_operator.py
[2025-08-26T18:21:55.827+0100] {logging_mixin.py:188} INFO - [2025-08-26T18:21:55.827+0100] {dag.py:3089} INFO - Sync 1 DAGs
[2025-08-26T18:21:55.833+0100] {logging_mixin.py:188} INFO - [2025-08-26T18:21:55.833+0100] {dag.py:3947} INFO - Setting next_dagrun for example_bash_operator to 2025-08-25 00:00:00+00:00, run_after=2025-08-26 00:00:00+00:00
[2025-08-26T18:21:55.838+0100] {processor.py:183} INFO - Processing /Users/vlad.alex995/Desktop/de-sprint/.venv-airflow/lib/python3.11/site-packages/airflow/example_dags/example_bash_operator.py took 0.049 seconds
[2025-08-26T18:23:23.274+0100] {processor.py:161} INFO - Started process (PID=39068) to work on /Users/vlad.alex995/Desktop/de-sprint/.venv-airflow/lib/python3.11/site-packages/airflow/example_dags/example_bash_operator.py
[2025-08-26T18:23:23.274+0100] {processor.py:830} INFO - Processing file /Users/vlad.alex995/Desktop/de-sprint/.venv-airflow/lib/python3.11/site-packages/airflow/example_dags/example_bash_operator.py for tasks to queue
[2025-08-26T18:23:23.274+0100] {logging_mixin.py:188} INFO - [2025-08-26T18:23:23.274+0100] {dagbag.py:545} INFO - Filling up the DagBag from /Users/vlad.alex995/Desktop/de-sprint/.venv-airflow/lib/python3.11/site-packages/airflow/example_dags/example_bash_operator.py
[2025-08-26T18:23:23.278+0100] {processor.py:840} INFO - DAG(s) 'example_bash_operator' retrieved from /Users/vlad.alex995/Desktop/de-sprint/.venv-airflow/lib/python3.11/site-packages/airflow/example_dags/example_bash_operator.py
[2025-08-26T18:23:23.311+0100] {logging_mixin.py:188} INFO - [2025-08-26T18:23:23.311+0100] {dag.py:3089} INFO - Sync 1 DAGs
[2025-08-26T18:23:23.317+0100] {logging_mixin.py:188} INFO - [2025-08-26T18:23:23.317+0100] {dag.py:3947} INFO - Setting next_dagrun for example_bash_operator to 2025-08-25 00:00:00+00:00, run_after=2025-08-26 00:00:00+00:00
[2025-08-26T18:23:23.323+0100] {processor.py:183} INFO - Processing /Users/vlad.alex995/Desktop/de-sprint/.venv-airflow/lib/python3.11/site-packages/airflow/example_dags/example_bash_operator.py took 0.050 seconds
[2025-08-26T18:24:49.588+0100] {processor.py:161} INFO - Started process (PID=39140) to work on /Users/vlad.alex995/Desktop/de-sprint/.venv-airflow/lib/python3.11/site-packages/airflow/example_dags/example_bash_operator.py
[2025-08-26T18:24:49.589+0100] {processor.py:830} INFO - Processing file /Users/vlad.alex995/Desktop/de-sprint/.venv-airflow/lib/python3.11/site-packages/airflow/example_dags/example_bash_operator.py for tasks to queue
[2025-08-26T18:24:49.590+0100] {logging_mixin.py:188} INFO - [2025-08-26T18:24:49.590+0100] {dagbag.py:545} INFO - Filling up the DagBag from /Users/vlad.alex995/Desktop/de-sprint/.venv-airflow/lib/python3.11/site-packages/airflow/example_dags/example_bash_operator.py
[2025-08-26T18:24:49.593+0100] {processor.py:840} INFO - DAG(s) 'example_bash_operator' retrieved from /Users/vlad.alex995/Desktop/de-sprint/.venv-airflow/lib/python3.11/site-packages/airflow/example_dags/example_bash_operator.py
[2025-08-26T18:24:49.625+0100] {logging_mixin.py:188} INFO - [2025-08-26T18:24:49.625+0100] {dag.py:3089} INFO - Sync 1 DAGs
[2025-08-26T18:24:49.630+0100] {logging_mixin.py:188} INFO - [2025-08-26T18:24:49.630+0100] {dag.py:3947} INFO - Setting next_dagrun for example_bash_operator to 2025-08-25 00:00:00+00:00, run_after=2025-08-26 00:00:00+00:00
[2025-08-26T18:24:49.636+0100] {processor.py:183} INFO - Processing /Users/vlad.alex995/Desktop/de-sprint/.venv-airflow/lib/python3.11/site-packages/airflow/example_dags/example_bash_operator.py took 0.048 seconds
[2025-08-26T18:26:26.705+0100] {processor.py:161} INFO - Started process (PID=39233) to work on /Users/vlad.alex995/Desktop/de-sprint/.venv-airflow/lib/python3.11/site-packages/airflow/example_dags/example_bash_operator.py
[2025-08-26T18:26:26.706+0100] {processor.py:830} INFO - Processing file /Users/vlad.alex995/Desktop/de-sprint/.venv-airflow/lib/python3.11/site-packages/airflow/example_dags/example_bash_operator.py for tasks to queue
[2025-08-26T18:26:26.706+0100] {logging_mixin.py:188} INFO - [2025-08-26T18:26:26.706+0100] {dagbag.py:545} INFO - Filling up the DagBag from /Users/vlad.alex995/Desktop/de-sprint/.venv-airflow/lib/python3.11/site-packages/airflow/example_dags/example_bash_operator.py
[2025-08-26T18:26:26.710+0100] {processor.py:840} INFO - DAG(s) 'example_bash_operator' retrieved from /Users/vlad.alex995/Desktop/de-sprint/.venv-airflow/lib/python3.11/site-packages/airflow/example_dags/example_bash_operator.py
[2025-08-26T18:26:26.741+0100] {logging_mixin.py:188} INFO - [2025-08-26T18:26:26.740+0100] {dag.py:3089} INFO - Sync 1 DAGs
[2025-08-26T18:26:26.746+0100] {logging_mixin.py:188} INFO - [2025-08-26T18:26:26.746+0100] {dag.py:3947} INFO - Setting next_dagrun for example_bash_operator to 2025-08-25 00:00:00+00:00, run_after=2025-08-26 00:00:00+00:00
[2025-08-26T18:26:26.751+0100] {processor.py:183} INFO - Processing /Users/vlad.alex995/Desktop/de-sprint/.venv-airflow/lib/python3.11/site-packages/airflow/example_dags/example_bash_operator.py took 0.048 seconds
