[2025-08-26T17:25:24.058+0100] {processor.py:161} INFO - Started process (PID=35324) to work on /Users/vlad.alex995/Desktop/de-sprint/.venv-airflow/lib/python3.11/site-packages/airflow/example_dags/example_sla_dag.py
[2025-08-26T17:25:24.058+0100] {processor.py:830} INFO - Processing file /Users/vlad.alex995/Desktop/de-sprint/.venv-airflow/lib/python3.11/site-packages/airflow/example_dags/example_sla_dag.py for tasks to queue
[2025-08-26T17:25:24.059+0100] {logging_mixin.py:188} INFO - [2025-08-26T17:25:24.059+0100] {dagbag.py:545} INFO - Filling up the DagBag from /Users/vlad.alex995/Desktop/de-sprint/.venv-airflow/lib/python3.11/site-packages/airflow/example_dags/example_sla_dag.py
[2025-08-26T17:25:24.072+0100] {processor.py:840} INFO - DAG(s) 'example_sla_dag' retrieved from /Users/vlad.alex995/Desktop/de-sprint/.venv-airflow/lib/python3.11/site-packages/airflow/example_dags/example_sla_dag.py
[2025-08-26T17:25:24.126+0100] {logging_mixin.py:188} INFO - [2025-08-26T17:25:24.126+0100] {override.py:1858} INFO - Created Permission View: can edit on DAG:example_sla_dag
[2025-08-26T17:25:24.129+0100] {logging_mixin.py:188} INFO - [2025-08-26T17:25:24.128+0100] {override.py:1858} INFO - Created Permission View: can read on DAG:example_sla_dag
[2025-08-26T17:25:24.130+0100] {logging_mixin.py:188} INFO - [2025-08-26T17:25:24.130+0100] {override.py:1858} INFO - Created Permission View: can delete on DAG:example_sla_dag
[2025-08-26T17:25:24.130+0100] {logging_mixin.py:188} INFO - [2025-08-26T17:25:24.130+0100] {dag.py:3089} INFO - Sync 1 DAGs
[2025-08-26T17:25:24.155+0100] {logging_mixin.py:188} INFO - [2025-08-26T17:25:24.155+0100] {dag.py:3111} INFO - Creating ORM DAG for example_sla_dag
[2025-08-26T17:25:24.159+0100] {logging_mixin.py:188} INFO - [2025-08-26T17:25:24.159+0100] {dag.py:3947} INFO - Setting next_dagrun for example_sla_dag to 2025-08-26 16:22:00+00:00, run_after=2025-08-26 16:24:00+00:00
[2025-08-26T17:25:24.165+0100] {processor.py:183} INFO - Processing /Users/vlad.alex995/Desktop/de-sprint/.venv-airflow/lib/python3.11/site-packages/airflow/example_dags/example_sla_dag.py took 0.108 seconds
[2025-08-26T17:26:43.817+0100] {processor.py:161} INFO - Started process (PID=35383) to work on /Users/vlad.alex995/Desktop/de-sprint/.venv-airflow/lib/python3.11/site-packages/airflow/example_dags/example_sla_dag.py
[2025-08-26T17:26:43.818+0100] {processor.py:830} INFO - Processing file /Users/vlad.alex995/Desktop/de-sprint/.venv-airflow/lib/python3.11/site-packages/airflow/example_dags/example_sla_dag.py for tasks to queue
[2025-08-26T17:26:43.818+0100] {logging_mixin.py:188} INFO - [2025-08-26T17:26:43.818+0100] {dagbag.py:545} INFO - Filling up the DagBag from /Users/vlad.alex995/Desktop/de-sprint/.venv-airflow/lib/python3.11/site-packages/airflow/example_dags/example_sla_dag.py
[2025-08-26T17:26:43.832+0100] {processor.py:840} INFO - DAG(s) 'example_sla_dag' retrieved from /Users/vlad.alex995/Desktop/de-sprint/.venv-airflow/lib/python3.11/site-packages/airflow/example_dags/example_sla_dag.py
[2025-08-26T17:26:43.862+0100] {logging_mixin.py:188} INFO - [2025-08-26T17:26:43.862+0100] {dag.py:3089} INFO - Sync 1 DAGs
[2025-08-26T17:26:43.867+0100] {logging_mixin.py:188} INFO - [2025-08-26T17:26:43.867+0100] {dag.py:3947} INFO - Setting next_dagrun for example_sla_dag to 2025-08-26 16:24:00+00:00, run_after=2025-08-26 16:26:00+00:00
[2025-08-26T17:26:43.873+0100] {processor.py:183} INFO - Processing /Users/vlad.alex995/Desktop/de-sprint/.venv-airflow/lib/python3.11/site-packages/airflow/example_dags/example_sla_dag.py took 0.057 seconds
[2025-08-26T17:28:15.682+0100] {processor.py:161} INFO - Started process (PID=35456) to work on /Users/vlad.alex995/Desktop/de-sprint/.venv-airflow/lib/python3.11/site-packages/airflow/example_dags/example_sla_dag.py
[2025-08-26T17:28:15.683+0100] {processor.py:830} INFO - Processing file /Users/vlad.alex995/Desktop/de-sprint/.venv-airflow/lib/python3.11/site-packages/airflow/example_dags/example_sla_dag.py for tasks to queue
[2025-08-26T17:28:15.683+0100] {logging_mixin.py:188} INFO - [2025-08-26T17:28:15.683+0100] {dagbag.py:545} INFO - Filling up the DagBag from /Users/vlad.alex995/Desktop/de-sprint/.venv-airflow/lib/python3.11/site-packages/airflow/example_dags/example_sla_dag.py
[2025-08-26T17:28:15.700+0100] {processor.py:840} INFO - DAG(s) 'example_sla_dag' retrieved from /Users/vlad.alex995/Desktop/de-sprint/.venv-airflow/lib/python3.11/site-packages/airflow/example_dags/example_sla_dag.py
[2025-08-26T17:28:15.731+0100] {logging_mixin.py:188} INFO - [2025-08-26T17:28:15.731+0100] {dag.py:3089} INFO - Sync 1 DAGs
[2025-08-26T17:28:15.738+0100] {logging_mixin.py:188} INFO - [2025-08-26T17:28:15.738+0100] {dag.py:3947} INFO - Setting next_dagrun for example_sla_dag to 2025-08-26 16:26:00+00:00, run_after=2025-08-26 16:28:00+00:00
[2025-08-26T17:28:15.745+0100] {processor.py:183} INFO - Processing /Users/vlad.alex995/Desktop/de-sprint/.venv-airflow/lib/python3.11/site-packages/airflow/example_dags/example_sla_dag.py took 0.064 seconds
[2025-08-26T17:29:50.546+0100] {processor.py:161} INFO - Started process (PID=35524) to work on /Users/vlad.alex995/Desktop/de-sprint/.venv-airflow/lib/python3.11/site-packages/airflow/example_dags/example_sla_dag.py
[2025-08-26T17:29:50.547+0100] {processor.py:830} INFO - Processing file /Users/vlad.alex995/Desktop/de-sprint/.venv-airflow/lib/python3.11/site-packages/airflow/example_dags/example_sla_dag.py for tasks to queue
[2025-08-26T17:29:50.547+0100] {logging_mixin.py:188} INFO - [2025-08-26T17:29:50.547+0100] {dagbag.py:545} INFO - Filling up the DagBag from /Users/vlad.alex995/Desktop/de-sprint/.venv-airflow/lib/python3.11/site-packages/airflow/example_dags/example_sla_dag.py
[2025-08-26T17:29:50.560+0100] {processor.py:840} INFO - DAG(s) 'example_sla_dag' retrieved from /Users/vlad.alex995/Desktop/de-sprint/.venv-airflow/lib/python3.11/site-packages/airflow/example_dags/example_sla_dag.py
[2025-08-26T17:29:50.589+0100] {logging_mixin.py:188} INFO - [2025-08-26T17:29:50.588+0100] {dag.py:3089} INFO - Sync 1 DAGs
[2025-08-26T17:29:50.594+0100] {logging_mixin.py:188} INFO - [2025-08-26T17:29:50.594+0100] {dag.py:3947} INFO - Setting next_dagrun for example_sla_dag to 2025-08-26 16:26:00+00:00, run_after=2025-08-26 16:28:00+00:00
[2025-08-26T17:29:50.600+0100] {processor.py:183} INFO - Processing /Users/vlad.alex995/Desktop/de-sprint/.venv-airflow/lib/python3.11/site-packages/airflow/example_dags/example_sla_dag.py took 0.055 seconds
[2025-08-26T17:31:20.651+0100] {processor.py:161} INFO - Started process (PID=35597) to work on /Users/vlad.alex995/Desktop/de-sprint/.venv-airflow/lib/python3.11/site-packages/airflow/example_dags/example_sla_dag.py
[2025-08-26T17:31:20.652+0100] {processor.py:830} INFO - Processing file /Users/vlad.alex995/Desktop/de-sprint/.venv-airflow/lib/python3.11/site-packages/airflow/example_dags/example_sla_dag.py for tasks to queue
[2025-08-26T17:31:20.652+0100] {logging_mixin.py:188} INFO - [2025-08-26T17:31:20.652+0100] {dagbag.py:545} INFO - Filling up the DagBag from /Users/vlad.alex995/Desktop/de-sprint/.venv-airflow/lib/python3.11/site-packages/airflow/example_dags/example_sla_dag.py
[2025-08-26T17:31:20.667+0100] {processor.py:840} INFO - DAG(s) 'example_sla_dag' retrieved from /Users/vlad.alex995/Desktop/de-sprint/.venv-airflow/lib/python3.11/site-packages/airflow/example_dags/example_sla_dag.py
[2025-08-26T17:31:20.699+0100] {logging_mixin.py:188} INFO - [2025-08-26T17:31:20.699+0100] {dag.py:3089} INFO - Sync 1 DAGs
[2025-08-26T17:31:20.705+0100] {logging_mixin.py:188} INFO - [2025-08-26T17:31:20.705+0100] {dag.py:3947} INFO - Setting next_dagrun for example_sla_dag to 2025-08-26 16:28:00+00:00, run_after=2025-08-26 16:30:00+00:00
[2025-08-26T17:31:20.711+0100] {processor.py:183} INFO - Processing /Users/vlad.alex995/Desktop/de-sprint/.venv-airflow/lib/python3.11/site-packages/airflow/example_dags/example_sla_dag.py took 0.061 seconds
[2025-08-26T17:32:49.700+0100] {processor.py:161} INFO - Started process (PID=35978) to work on /Users/vlad.alex995/Desktop/de-sprint/.venv-airflow/lib/python3.11/site-packages/airflow/example_dags/example_sla_dag.py
[2025-08-26T17:32:49.702+0100] {processor.py:830} INFO - Processing file /Users/vlad.alex995/Desktop/de-sprint/.venv-airflow/lib/python3.11/site-packages/airflow/example_dags/example_sla_dag.py for tasks to queue
[2025-08-26T17:32:49.702+0100] {logging_mixin.py:188} INFO - [2025-08-26T17:32:49.702+0100] {dagbag.py:545} INFO - Filling up the DagBag from /Users/vlad.alex995/Desktop/de-sprint/.venv-airflow/lib/python3.11/site-packages/airflow/example_dags/example_sla_dag.py
[2025-08-26T17:32:49.717+0100] {processor.py:840} INFO - DAG(s) 'example_sla_dag' retrieved from /Users/vlad.alex995/Desktop/de-sprint/.venv-airflow/lib/python3.11/site-packages/airflow/example_dags/example_sla_dag.py
[2025-08-26T17:32:49.748+0100] {logging_mixin.py:188} INFO - [2025-08-26T17:32:49.748+0100] {dag.py:3089} INFO - Sync 1 DAGs
[2025-08-26T17:32:49.754+0100] {logging_mixin.py:188} INFO - [2025-08-26T17:32:49.754+0100] {dag.py:3947} INFO - Setting next_dagrun for example_sla_dag to 2025-08-26 16:30:00+00:00, run_after=2025-08-26 16:32:00+00:00
[2025-08-26T17:32:49.760+0100] {processor.py:183} INFO - Processing /Users/vlad.alex995/Desktop/de-sprint/.venv-airflow/lib/python3.11/site-packages/airflow/example_dags/example_sla_dag.py took 0.061 seconds
[2025-08-26T18:11:08.905+0100] {processor.py:161} INFO - Started process (PID=37412) to work on /Users/vlad.alex995/Desktop/de-sprint/.venv-airflow/lib/python3.11/site-packages/airflow/example_dags/example_sla_dag.py
[2025-08-26T18:11:08.906+0100] {processor.py:830} INFO - Processing file /Users/vlad.alex995/Desktop/de-sprint/.venv-airflow/lib/python3.11/site-packages/airflow/example_dags/example_sla_dag.py for tasks to queue
[2025-08-26T18:11:08.906+0100] {logging_mixin.py:188} INFO - [2025-08-26T18:11:08.906+0100] {dagbag.py:545} INFO - Filling up the DagBag from /Users/vlad.alex995/Desktop/de-sprint/.venv-airflow/lib/python3.11/site-packages/airflow/example_dags/example_sla_dag.py
[2025-08-26T18:11:08.919+0100] {processor.py:840} INFO - DAG(s) 'example_sla_dag' retrieved from /Users/vlad.alex995/Desktop/de-sprint/.venv-airflow/lib/python3.11/site-packages/airflow/example_dags/example_sla_dag.py
[2025-08-26T18:11:08.946+0100] {logging_mixin.py:188} INFO - [2025-08-26T18:11:08.946+0100] {dag.py:3089} INFO - Sync 1 DAGs
[2025-08-26T18:11:08.952+0100] {logging_mixin.py:188} INFO - [2025-08-26T18:11:08.952+0100] {dag.py:3947} INFO - Setting next_dagrun for example_sla_dag to 2025-08-26 17:08:00+00:00, run_after=2025-08-26 17:10:00+00:00
[2025-08-26T18:11:08.957+0100] {processor.py:183} INFO - Processing /Users/vlad.alex995/Desktop/de-sprint/.venv-airflow/lib/python3.11/site-packages/airflow/example_dags/example_sla_dag.py took 0.053 seconds
[2025-08-26T18:12:26.991+0100] {processor.py:161} INFO - Started process (PID=37471) to work on /Users/vlad.alex995/Desktop/de-sprint/.venv-airflow/lib/python3.11/site-packages/airflow/example_dags/example_sla_dag.py
[2025-08-26T18:12:26.992+0100] {processor.py:830} INFO - Processing file /Users/vlad.alex995/Desktop/de-sprint/.venv-airflow/lib/python3.11/site-packages/airflow/example_dags/example_sla_dag.py for tasks to queue
[2025-08-26T18:12:26.992+0100] {logging_mixin.py:188} INFO - [2025-08-26T18:12:26.992+0100] {dagbag.py:545} INFO - Filling up the DagBag from /Users/vlad.alex995/Desktop/de-sprint/.venv-airflow/lib/python3.11/site-packages/airflow/example_dags/example_sla_dag.py
[2025-08-26T18:12:27.005+0100] {processor.py:840} INFO - DAG(s) 'example_sla_dag' retrieved from /Users/vlad.alex995/Desktop/de-sprint/.venv-airflow/lib/python3.11/site-packages/airflow/example_dags/example_sla_dag.py
[2025-08-26T18:12:27.032+0100] {logging_mixin.py:188} INFO - [2025-08-26T18:12:27.032+0100] {dag.py:3089} INFO - Sync 1 DAGs
[2025-08-26T18:12:27.037+0100] {logging_mixin.py:188} INFO - [2025-08-26T18:12:27.037+0100] {dag.py:3947} INFO - Setting next_dagrun for example_sla_dag to 2025-08-26 17:10:00+00:00, run_after=2025-08-26 17:12:00+00:00
[2025-08-26T18:12:27.042+0100] {processor.py:183} INFO - Processing /Users/vlad.alex995/Desktop/de-sprint/.venv-airflow/lib/python3.11/site-packages/airflow/example_dags/example_sla_dag.py took 0.052 seconds
[2025-08-26T18:13:52.442+0100] {processor.py:161} INFO - Started process (PID=37546) to work on /Users/vlad.alex995/Desktop/de-sprint/.venv-airflow/lib/python3.11/site-packages/airflow/example_dags/example_sla_dag.py
[2025-08-26T18:13:52.443+0100] {processor.py:830} INFO - Processing file /Users/vlad.alex995/Desktop/de-sprint/.venv-airflow/lib/python3.11/site-packages/airflow/example_dags/example_sla_dag.py for tasks to queue
[2025-08-26T18:13:52.443+0100] {logging_mixin.py:188} INFO - [2025-08-26T18:13:52.443+0100] {dagbag.py:545} INFO - Filling up the DagBag from /Users/vlad.alex995/Desktop/de-sprint/.venv-airflow/lib/python3.11/site-packages/airflow/example_dags/example_sla_dag.py
[2025-08-26T18:13:52.456+0100] {processor.py:840} INFO - DAG(s) 'example_sla_dag' retrieved from /Users/vlad.alex995/Desktop/de-sprint/.venv-airflow/lib/python3.11/site-packages/airflow/example_dags/example_sla_dag.py
[2025-08-26T18:13:52.484+0100] {logging_mixin.py:188} INFO - [2025-08-26T18:13:52.484+0100] {dag.py:3089} INFO - Sync 1 DAGs
[2025-08-26T18:13:52.489+0100] {logging_mixin.py:188} INFO - [2025-08-26T18:13:52.489+0100] {dag.py:3947} INFO - Setting next_dagrun for example_sla_dag to 2025-08-26 17:10:00+00:00, run_after=2025-08-26 17:12:00+00:00
[2025-08-26T18:13:52.495+0100] {processor.py:183} INFO - Processing /Users/vlad.alex995/Desktop/de-sprint/.venv-airflow/lib/python3.11/site-packages/airflow/example_dags/example_sla_dag.py took 0.054 seconds
[2025-08-26T18:15:23.118+0100] {processor.py:161} INFO - Started process (PID=38004) to work on /Users/vlad.alex995/Desktop/de-sprint/.venv-airflow/lib/python3.11/site-packages/airflow/example_dags/example_sla_dag.py
[2025-08-26T18:15:23.119+0100] {processor.py:830} INFO - Processing file /Users/vlad.alex995/Desktop/de-sprint/.venv-airflow/lib/python3.11/site-packages/airflow/example_dags/example_sla_dag.py for tasks to queue
[2025-08-26T18:15:23.119+0100] {logging_mixin.py:188} INFO - [2025-08-26T18:15:23.119+0100] {dagbag.py:545} INFO - Filling up the DagBag from /Users/vlad.alex995/Desktop/de-sprint/.venv-airflow/lib/python3.11/site-packages/airflow/example_dags/example_sla_dag.py
[2025-08-26T18:15:23.133+0100] {processor.py:840} INFO - DAG(s) 'example_sla_dag' retrieved from /Users/vlad.alex995/Desktop/de-sprint/.venv-airflow/lib/python3.11/site-packages/airflow/example_dags/example_sla_dag.py
[2025-08-26T18:15:23.162+0100] {logging_mixin.py:188} INFO - [2025-08-26T18:15:23.162+0100] {dag.py:3089} INFO - Sync 1 DAGs
[2025-08-26T18:15:23.168+0100] {logging_mixin.py:188} INFO - [2025-08-26T18:15:23.168+0100] {dag.py:3947} INFO - Setting next_dagrun for example_sla_dag to 2025-08-26 17:12:00+00:00, run_after=2025-08-26 17:14:00+00:00
[2025-08-26T18:15:23.174+0100] {processor.py:183} INFO - Processing /Users/vlad.alex995/Desktop/de-sprint/.venv-airflow/lib/python3.11/site-packages/airflow/example_dags/example_sla_dag.py took 0.057 seconds
[2025-08-26T18:16:54.788+0100] {processor.py:161} INFO - Started process (PID=38081) to work on /Users/vlad.alex995/Desktop/de-sprint/.venv-airflow/lib/python3.11/site-packages/airflow/example_dags/example_sla_dag.py
[2025-08-26T18:16:54.789+0100] {processor.py:830} INFO - Processing file /Users/vlad.alex995/Desktop/de-sprint/.venv-airflow/lib/python3.11/site-packages/airflow/example_dags/example_sla_dag.py for tasks to queue
[2025-08-26T18:16:54.789+0100] {logging_mixin.py:188} INFO - [2025-08-26T18:16:54.789+0100] {dagbag.py:545} INFO - Filling up the DagBag from /Users/vlad.alex995/Desktop/de-sprint/.venv-airflow/lib/python3.11/site-packages/airflow/example_dags/example_sla_dag.py
[2025-08-26T18:16:54.802+0100] {processor.py:840} INFO - DAG(s) 'example_sla_dag' retrieved from /Users/vlad.alex995/Desktop/de-sprint/.venv-airflow/lib/python3.11/site-packages/airflow/example_dags/example_sla_dag.py
[2025-08-26T18:16:54.832+0100] {logging_mixin.py:188} INFO - [2025-08-26T18:16:54.832+0100] {dag.py:3089} INFO - Sync 1 DAGs
[2025-08-26T18:16:54.838+0100] {logging_mixin.py:188} INFO - [2025-08-26T18:16:54.838+0100] {dag.py:3947} INFO - Setting next_dagrun for example_sla_dag to 2025-08-26 17:14:00+00:00, run_after=2025-08-26 17:16:00+00:00
[2025-08-26T18:16:54.845+0100] {processor.py:183} INFO - Processing /Users/vlad.alex995/Desktop/de-sprint/.venv-airflow/lib/python3.11/site-packages/airflow/example_dags/example_sla_dag.py took 0.058 seconds
[2025-08-26T18:18:35.948+0100] {processor.py:161} INFO - Started process (PID=38443) to work on /Users/vlad.alex995/Desktop/de-sprint/.venv-airflow/lib/python3.11/site-packages/airflow/example_dags/example_sla_dag.py
[2025-08-26T18:18:35.949+0100] {processor.py:830} INFO - Processing file /Users/vlad.alex995/Desktop/de-sprint/.venv-airflow/lib/python3.11/site-packages/airflow/example_dags/example_sla_dag.py for tasks to queue
[2025-08-26T18:18:35.949+0100] {logging_mixin.py:188} INFO - [2025-08-26T18:18:35.949+0100] {dagbag.py:545} INFO - Filling up the DagBag from /Users/vlad.alex995/Desktop/de-sprint/.venv-airflow/lib/python3.11/site-packages/airflow/example_dags/example_sla_dag.py
[2025-08-26T18:18:35.963+0100] {processor.py:840} INFO - DAG(s) 'example_sla_dag' retrieved from /Users/vlad.alex995/Desktop/de-sprint/.venv-airflow/lib/python3.11/site-packages/airflow/example_dags/example_sla_dag.py
[2025-08-26T18:18:35.993+0100] {logging_mixin.py:188} INFO - [2025-08-26T18:18:35.993+0100] {dag.py:3089} INFO - Sync 1 DAGs
[2025-08-26T18:18:35.999+0100] {logging_mixin.py:188} INFO - [2025-08-26T18:18:35.999+0100] {dag.py:3947} INFO - Setting next_dagrun for example_sla_dag to 2025-08-26 17:16:00+00:00, run_after=2025-08-26 17:18:00+00:00
[2025-08-26T18:18:36.005+0100] {processor.py:183} INFO - Processing /Users/vlad.alex995/Desktop/de-sprint/.venv-airflow/lib/python3.11/site-packages/airflow/example_dags/example_sla_dag.py took 0.058 seconds
[2025-08-26T18:19:36.196+0100] {processor.py:161} INFO - Started process (PID=38869) to work on /Users/vlad.alex995/Desktop/de-sprint/.venv-airflow/lib/python3.11/site-packages/airflow/example_dags/example_sla_dag.py
[2025-08-26T18:19:36.197+0100] {processor.py:830} INFO - Processing file /Users/vlad.alex995/Desktop/de-sprint/.venv-airflow/lib/python3.11/site-packages/airflow/example_dags/example_sla_dag.py for tasks to queue
[2025-08-26T18:19:36.197+0100] {logging_mixin.py:188} INFO - [2025-08-26T18:19:36.197+0100] {dagbag.py:545} INFO - Filling up the DagBag from /Users/vlad.alex995/Desktop/de-sprint/.venv-airflow/lib/python3.11/site-packages/airflow/example_dags/example_sla_dag.py
[2025-08-26T18:19:36.210+0100] {processor.py:840} INFO - DAG(s) 'example_sla_dag' retrieved from /Users/vlad.alex995/Desktop/de-sprint/.venv-airflow/lib/python3.11/site-packages/airflow/example_dags/example_sla_dag.py
[2025-08-26T18:19:36.238+0100] {logging_mixin.py:188} INFO - [2025-08-26T18:19:36.238+0100] {dag.py:3089} INFO - Sync 1 DAGs
[2025-08-26T18:19:36.244+0100] {logging_mixin.py:188} INFO - [2025-08-26T18:19:36.244+0100] {dag.py:3947} INFO - Setting next_dagrun for example_sla_dag to 2025-08-26 17:16:00+00:00, run_after=2025-08-26 17:18:00+00:00
[2025-08-26T18:19:36.249+0100] {processor.py:183} INFO - Processing /Users/vlad.alex995/Desktop/de-sprint/.venv-airflow/lib/python3.11/site-packages/airflow/example_dags/example_sla_dag.py took 0.054 seconds
[2025-08-26T18:20:52.738+0100] {processor.py:161} INFO - Started process (PID=38950) to work on /Users/vlad.alex995/Desktop/de-sprint/.venv-airflow/lib/python3.11/site-packages/airflow/example_dags/example_sla_dag.py
[2025-08-26T18:20:52.739+0100] {processor.py:830} INFO - Processing file /Users/vlad.alex995/Desktop/de-sprint/.venv-airflow/lib/python3.11/site-packages/airflow/example_dags/example_sla_dag.py for tasks to queue
[2025-08-26T18:20:52.739+0100] {logging_mixin.py:188} INFO - [2025-08-26T18:20:52.739+0100] {dagbag.py:545} INFO - Filling up the DagBag from /Users/vlad.alex995/Desktop/de-sprint/.venv-airflow/lib/python3.11/site-packages/airflow/example_dags/example_sla_dag.py
[2025-08-26T18:20:52.753+0100] {processor.py:840} INFO - DAG(s) 'example_sla_dag' retrieved from /Users/vlad.alex995/Desktop/de-sprint/.venv-airflow/lib/python3.11/site-packages/airflow/example_dags/example_sla_dag.py
[2025-08-26T18:20:52.782+0100] {logging_mixin.py:188} INFO - [2025-08-26T18:20:52.782+0100] {dag.py:3089} INFO - Sync 1 DAGs
[2025-08-26T18:20:52.788+0100] {logging_mixin.py:188} INFO - [2025-08-26T18:20:52.787+0100] {dag.py:3947} INFO - Setting next_dagrun for example_sla_dag to 2025-08-26 17:18:00+00:00, run_after=2025-08-26 17:20:00+00:00
[2025-08-26T18:20:52.793+0100] {processor.py:183} INFO - Processing /Users/vlad.alex995/Desktop/de-sprint/.venv-airflow/lib/python3.11/site-packages/airflow/example_dags/example_sla_dag.py took 0.056 seconds
[2025-08-26T18:22:25.288+0100] {processor.py:161} INFO - Started process (PID=39023) to work on /Users/vlad.alex995/Desktop/de-sprint/.venv-airflow/lib/python3.11/site-packages/airflow/example_dags/example_sla_dag.py
[2025-08-26T18:22:25.288+0100] {processor.py:830} INFO - Processing file /Users/vlad.alex995/Desktop/de-sprint/.venv-airflow/lib/python3.11/site-packages/airflow/example_dags/example_sla_dag.py for tasks to queue
[2025-08-26T18:22:25.288+0100] {logging_mixin.py:188} INFO - [2025-08-26T18:22:25.288+0100] {dagbag.py:545} INFO - Filling up the DagBag from /Users/vlad.alex995/Desktop/de-sprint/.venv-airflow/lib/python3.11/site-packages/airflow/example_dags/example_sla_dag.py
[2025-08-26T18:22:25.301+0100] {processor.py:840} INFO - DAG(s) 'example_sla_dag' retrieved from /Users/vlad.alex995/Desktop/de-sprint/.venv-airflow/lib/python3.11/site-packages/airflow/example_dags/example_sla_dag.py
[2025-08-26T18:22:25.329+0100] {logging_mixin.py:188} INFO - [2025-08-26T18:22:25.329+0100] {dag.py:3089} INFO - Sync 1 DAGs
[2025-08-26T18:22:25.335+0100] {logging_mixin.py:188} INFO - [2025-08-26T18:22:25.335+0100] {dag.py:3947} INFO - Setting next_dagrun for example_sla_dag to 2025-08-26 17:20:00+00:00, run_after=2025-08-26 17:22:00+00:00
[2025-08-26T18:22:25.341+0100] {processor.py:183} INFO - Processing /Users/vlad.alex995/Desktop/de-sprint/.venv-airflow/lib/python3.11/site-packages/airflow/example_dags/example_sla_dag.py took 0.054 seconds
[2025-08-26T18:23:50.365+0100] {processor.py:161} INFO - Started process (PID=39088) to work on /Users/vlad.alex995/Desktop/de-sprint/.venv-airflow/lib/python3.11/site-packages/airflow/example_dags/example_sla_dag.py
[2025-08-26T18:23:50.366+0100] {processor.py:830} INFO - Processing file /Users/vlad.alex995/Desktop/de-sprint/.venv-airflow/lib/python3.11/site-packages/airflow/example_dags/example_sla_dag.py for tasks to queue
[2025-08-26T18:23:50.366+0100] {logging_mixin.py:188} INFO - [2025-08-26T18:23:50.366+0100] {dagbag.py:545} INFO - Filling up the DagBag from /Users/vlad.alex995/Desktop/de-sprint/.venv-airflow/lib/python3.11/site-packages/airflow/example_dags/example_sla_dag.py
[2025-08-26T18:23:50.379+0100] {processor.py:840} INFO - DAG(s) 'example_sla_dag' retrieved from /Users/vlad.alex995/Desktop/de-sprint/.venv-airflow/lib/python3.11/site-packages/airflow/example_dags/example_sla_dag.py
[2025-08-26T18:23:50.407+0100] {logging_mixin.py:188} INFO - [2025-08-26T18:23:50.407+0100] {dag.py:3089} INFO - Sync 1 DAGs
[2025-08-26T18:23:50.413+0100] {logging_mixin.py:188} INFO - [2025-08-26T18:23:50.413+0100] {dag.py:3947} INFO - Setting next_dagrun for example_sla_dag to 2025-08-26 17:20:00+00:00, run_after=2025-08-26 17:22:00+00:00
[2025-08-26T18:23:50.418+0100] {processor.py:183} INFO - Processing /Users/vlad.alex995/Desktop/de-sprint/.venv-airflow/lib/python3.11/site-packages/airflow/example_dags/example_sla_dag.py took 0.054 seconds
[2025-08-26T18:25:20.704+0100] {processor.py:161} INFO - Started process (PID=39174) to work on /Users/vlad.alex995/Desktop/de-sprint/.venv-airflow/lib/python3.11/site-packages/airflow/example_dags/example_sla_dag.py
[2025-08-26T18:25:20.705+0100] {processor.py:830} INFO - Processing file /Users/vlad.alex995/Desktop/de-sprint/.venv-airflow/lib/python3.11/site-packages/airflow/example_dags/example_sla_dag.py for tasks to queue
[2025-08-26T18:25:20.705+0100] {logging_mixin.py:188} INFO - [2025-08-26T18:25:20.705+0100] {dagbag.py:545} INFO - Filling up the DagBag from /Users/vlad.alex995/Desktop/de-sprint/.venv-airflow/lib/python3.11/site-packages/airflow/example_dags/example_sla_dag.py
[2025-08-26T18:25:20.719+0100] {processor.py:840} INFO - DAG(s) 'example_sla_dag' retrieved from /Users/vlad.alex995/Desktop/de-sprint/.venv-airflow/lib/python3.11/site-packages/airflow/example_dags/example_sla_dag.py
[2025-08-26T18:25:20.747+0100] {logging_mixin.py:188} INFO - [2025-08-26T18:25:20.747+0100] {dag.py:3089} INFO - Sync 1 DAGs
[2025-08-26T18:25:20.753+0100] {logging_mixin.py:188} INFO - [2025-08-26T18:25:20.753+0100] {dag.py:3947} INFO - Setting next_dagrun for example_sla_dag to 2025-08-26 17:22:00+00:00, run_after=2025-08-26 17:24:00+00:00
[2025-08-26T18:25:20.759+0100] {processor.py:183} INFO - Processing /Users/vlad.alex995/Desktop/de-sprint/.venv-airflow/lib/python3.11/site-packages/airflow/example_dags/example_sla_dag.py took 0.056 seconds
[2025-08-26T18:27:26.979+0100] {processor.py:161} INFO - Started process (PID=39672) to work on /Users/vlad.alex995/Desktop/de-sprint/.venv-airflow/lib/python3.11/site-packages/airflow/example_dags/example_sla_dag.py
[2025-08-26T18:27:26.980+0100] {processor.py:830} INFO - Processing file /Users/vlad.alex995/Desktop/de-sprint/.venv-airflow/lib/python3.11/site-packages/airflow/example_dags/example_sla_dag.py for tasks to queue
[2025-08-26T18:27:26.980+0100] {logging_mixin.py:188} INFO - [2025-08-26T18:27:26.980+0100] {dagbag.py:545} INFO - Filling up the DagBag from /Users/vlad.alex995/Desktop/de-sprint/.venv-airflow/lib/python3.11/site-packages/airflow/example_dags/example_sla_dag.py
[2025-08-26T18:27:26.994+0100] {processor.py:840} INFO - DAG(s) 'example_sla_dag' retrieved from /Users/vlad.alex995/Desktop/de-sprint/.venv-airflow/lib/python3.11/site-packages/airflow/example_dags/example_sla_dag.py
[2025-08-26T18:27:27.023+0100] {logging_mixin.py:188} INFO - [2025-08-26T18:27:27.023+0100] {dag.py:3089} INFO - Sync 1 DAGs
[2025-08-26T18:27:27.029+0100] {logging_mixin.py:188} INFO - [2025-08-26T18:27:27.029+0100] {dag.py:3947} INFO - Setting next_dagrun for example_sla_dag to 2025-08-26 17:24:00+00:00, run_after=2025-08-26 17:26:00+00:00
[2025-08-26T18:27:27.035+0100] {processor.py:183} INFO - Processing /Users/vlad.alex995/Desktop/de-sprint/.venv-airflow/lib/python3.11/site-packages/airflow/example_dags/example_sla_dag.py took 0.057 seconds
[2025-08-26T18:29:47.562+0100] {processor.py:161} INFO - Started process (PID=40100) to work on /Users/vlad.alex995/Desktop/de-sprint/.venv-airflow/lib/python3.11/site-packages/airflow/example_dags/example_sla_dag.py
[2025-08-26T18:29:47.564+0100] {processor.py:830} INFO - Processing file /Users/vlad.alex995/Desktop/de-sprint/.venv-airflow/lib/python3.11/site-packages/airflow/example_dags/example_sla_dag.py for tasks to queue
[2025-08-26T18:29:47.564+0100] {logging_mixin.py:188} INFO - [2025-08-26T18:29:47.564+0100] {dagbag.py:545} INFO - Filling up the DagBag from /Users/vlad.alex995/Desktop/de-sprint/.venv-airflow/lib/python3.11/site-packages/airflow/example_dags/example_sla_dag.py
[2025-08-26T18:29:47.577+0100] {processor.py:840} INFO - DAG(s) 'example_sla_dag' retrieved from /Users/vlad.alex995/Desktop/de-sprint/.venv-airflow/lib/python3.11/site-packages/airflow/example_dags/example_sla_dag.py
[2025-08-26T18:29:47.607+0100] {logging_mixin.py:188} INFO - [2025-08-26T18:29:47.607+0100] {dag.py:3089} INFO - Sync 1 DAGs
[2025-08-26T18:29:47.613+0100] {logging_mixin.py:188} INFO - [2025-08-26T18:29:47.612+0100] {dag.py:3947} INFO - Setting next_dagrun for example_sla_dag to 2025-08-26 17:26:00+00:00, run_after=2025-08-26 17:28:00+00:00
[2025-08-26T18:29:47.618+0100] {processor.py:183} INFO - Processing /Users/vlad.alex995/Desktop/de-sprint/.venv-airflow/lib/python3.11/site-packages/airflow/example_dags/example_sla_dag.py took 0.056 seconds
