[2025-08-26T17:25:13.598+0100] {processor.py:161} INFO - Started process (PID=35314) to work on /Users/vlad.alex995/Desktop/de-sprint/.venv-airflow/lib/python3.11/site-packages/airflow/example_dags/example_trigger_target_dag.py
[2025-08-26T17:25:13.598+0100] {processor.py:830} INFO - Processing file /Users/vlad.alex995/Desktop/de-sprint/.venv-airflow/lib/python3.11/site-packages/airflow/example_dags/example_trigger_target_dag.py for tasks to queue
[2025-08-26T17:25:13.598+0100] {logging_mixin.py:188} INFO - [2025-08-26T17:25:13.598+0100] {dagbag.py:545} INFO - Filling up the DagBag from /Users/vlad.alex995/Desktop/de-sprint/.venv-airflow/lib/python3.11/site-packages/airflow/example_dags/example_trigger_target_dag.py
[2025-08-26T17:25:13.611+0100] {processor.py:840} INFO - DAG(s) 'example_trigger_target_dag' retrieved from /Users/vlad.alex995/Desktop/de-sprint/.venv-airflow/lib/python3.11/site-packages/airflow/example_dags/example_trigger_target_dag.py
[2025-08-26T17:25:13.665+0100] {logging_mixin.py:188} INFO - [2025-08-26T17:25:13.665+0100] {override.py:1858} INFO - Created Permission View: can delete on DAG:example_trigger_target_dag
[2025-08-26T17:25:13.668+0100] {logging_mixin.py:188} INFO - [2025-08-26T17:25:13.668+0100] {override.py:1858} INFO - Created Permission View: can read on DAG:example_trigger_target_dag
[2025-08-26T17:25:13.670+0100] {logging_mixin.py:188} INFO - [2025-08-26T17:25:13.670+0100] {override.py:1858} INFO - Created Permission View: can edit on DAG:example_trigger_target_dag
[2025-08-26T17:25:13.670+0100] {logging_mixin.py:188} INFO - [2025-08-26T17:25:13.670+0100] {dag.py:3089} INFO - Sync 1 DAGs
[2025-08-26T17:25:13.695+0100] {logging_mixin.py:188} INFO - [2025-08-26T17:25:13.695+0100] {dag.py:3111} INFO - Creating ORM DAG for example_trigger_target_dag
[2025-08-26T17:25:13.696+0100] {logging_mixin.py:188} INFO - [2025-08-26T17:25:13.696+0100] {dag.py:3947} INFO - Setting next_dagrun for example_trigger_target_dag to None, run_after=None
[2025-08-26T17:25:13.702+0100] {processor.py:183} INFO - Processing /Users/vlad.alex995/Desktop/de-sprint/.venv-airflow/lib/python3.11/site-packages/airflow/example_dags/example_trigger_target_dag.py took 0.105 seconds
[2025-08-26T17:26:35.648+0100] {processor.py:161} INFO - Started process (PID=35377) to work on /Users/vlad.alex995/Desktop/de-sprint/.venv-airflow/lib/python3.11/site-packages/airflow/example_dags/example_trigger_target_dag.py
[2025-08-26T17:26:35.649+0100] {processor.py:830} INFO - Processing file /Users/vlad.alex995/Desktop/de-sprint/.venv-airflow/lib/python3.11/site-packages/airflow/example_dags/example_trigger_target_dag.py for tasks to queue
[2025-08-26T17:26:35.649+0100] {logging_mixin.py:188} INFO - [2025-08-26T17:26:35.649+0100] {dagbag.py:545} INFO - Filling up the DagBag from /Users/vlad.alex995/Desktop/de-sprint/.venv-airflow/lib/python3.11/site-packages/airflow/example_dags/example_trigger_target_dag.py
[2025-08-26T17:26:35.663+0100] {processor.py:840} INFO - DAG(s) 'example_trigger_target_dag' retrieved from /Users/vlad.alex995/Desktop/de-sprint/.venv-airflow/lib/python3.11/site-packages/airflow/example_dags/example_trigger_target_dag.py
[2025-08-26T17:26:35.692+0100] {logging_mixin.py:188} INFO - [2025-08-26T17:26:35.692+0100] {dag.py:3089} INFO - Sync 1 DAGs
[2025-08-26T17:26:35.695+0100] {logging_mixin.py:188} INFO - [2025-08-26T17:26:35.695+0100] {dag.py:3947} INFO - Setting next_dagrun for example_trigger_target_dag to None, run_after=None
[2025-08-26T17:26:35.702+0100] {processor.py:183} INFO - Processing /Users/vlad.alex995/Desktop/de-sprint/.venv-airflow/lib/python3.11/site-packages/airflow/example_dags/example_trigger_target_dag.py took 0.054 seconds
[2025-08-26T17:28:05.941+0100] {processor.py:161} INFO - Started process (PID=35449) to work on /Users/vlad.alex995/Desktop/de-sprint/.venv-airflow/lib/python3.11/site-packages/airflow/example_dags/example_trigger_target_dag.py
[2025-08-26T17:28:05.942+0100] {processor.py:830} INFO - Processing file /Users/vlad.alex995/Desktop/de-sprint/.venv-airflow/lib/python3.11/site-packages/airflow/example_dags/example_trigger_target_dag.py for tasks to queue
[2025-08-26T17:28:05.943+0100] {logging_mixin.py:188} INFO - [2025-08-26T17:28:05.943+0100] {dagbag.py:545} INFO - Filling up the DagBag from /Users/vlad.alex995/Desktop/de-sprint/.venv-airflow/lib/python3.11/site-packages/airflow/example_dags/example_trigger_target_dag.py
[2025-08-26T17:28:05.957+0100] {processor.py:840} INFO - DAG(s) 'example_trigger_target_dag' retrieved from /Users/vlad.alex995/Desktop/de-sprint/.venv-airflow/lib/python3.11/site-packages/airflow/example_dags/example_trigger_target_dag.py
[2025-08-26T17:28:05.989+0100] {logging_mixin.py:188} INFO - [2025-08-26T17:28:05.989+0100] {dag.py:3089} INFO - Sync 1 DAGs
[2025-08-26T17:28:05.992+0100] {logging_mixin.py:188} INFO - [2025-08-26T17:28:05.992+0100] {dag.py:3947} INFO - Setting next_dagrun for example_trigger_target_dag to None, run_after=None
[2025-08-26T17:28:05.998+0100] {processor.py:183} INFO - Processing /Users/vlad.alex995/Desktop/de-sprint/.venv-airflow/lib/python3.11/site-packages/airflow/example_dags/example_trigger_target_dag.py took 0.058 seconds
[2025-08-26T17:29:42.364+0100] {processor.py:161} INFO - Started process (PID=35518) to work on /Users/vlad.alex995/Desktop/de-sprint/.venv-airflow/lib/python3.11/site-packages/airflow/example_dags/example_trigger_target_dag.py
[2025-08-26T17:29:42.365+0100] {processor.py:830} INFO - Processing file /Users/vlad.alex995/Desktop/de-sprint/.venv-airflow/lib/python3.11/site-packages/airflow/example_dags/example_trigger_target_dag.py for tasks to queue
[2025-08-26T17:29:42.365+0100] {logging_mixin.py:188} INFO - [2025-08-26T17:29:42.365+0100] {dagbag.py:545} INFO - Filling up the DagBag from /Users/vlad.alex995/Desktop/de-sprint/.venv-airflow/lib/python3.11/site-packages/airflow/example_dags/example_trigger_target_dag.py
[2025-08-26T17:29:42.379+0100] {processor.py:840} INFO - DAG(s) 'example_trigger_target_dag' retrieved from /Users/vlad.alex995/Desktop/de-sprint/.venv-airflow/lib/python3.11/site-packages/airflow/example_dags/example_trigger_target_dag.py
[2025-08-26T17:29:42.409+0100] {logging_mixin.py:188} INFO - [2025-08-26T17:29:42.409+0100] {dag.py:3089} INFO - Sync 1 DAGs
[2025-08-26T17:29:42.412+0100] {logging_mixin.py:188} INFO - [2025-08-26T17:29:42.412+0100] {dag.py:3947} INFO - Setting next_dagrun for example_trigger_target_dag to None, run_after=None
[2025-08-26T17:29:42.418+0100] {processor.py:183} INFO - Processing /Users/vlad.alex995/Desktop/de-sprint/.venv-airflow/lib/python3.11/site-packages/airflow/example_dags/example_trigger_target_dag.py took 0.055 seconds
[2025-08-26T17:31:11.638+0100] {processor.py:161} INFO - Started process (PID=35587) to work on /Users/vlad.alex995/Desktop/de-sprint/.venv-airflow/lib/python3.11/site-packages/airflow/example_dags/example_trigger_target_dag.py
[2025-08-26T17:31:11.639+0100] {processor.py:830} INFO - Processing file /Users/vlad.alex995/Desktop/de-sprint/.venv-airflow/lib/python3.11/site-packages/airflow/example_dags/example_trigger_target_dag.py for tasks to queue
[2025-08-26T17:31:11.639+0100] {logging_mixin.py:188} INFO - [2025-08-26T17:31:11.639+0100] {dagbag.py:545} INFO - Filling up the DagBag from /Users/vlad.alex995/Desktop/de-sprint/.venv-airflow/lib/python3.11/site-packages/airflow/example_dags/example_trigger_target_dag.py
[2025-08-26T17:31:11.651+0100] {processor.py:840} INFO - DAG(s) 'example_trigger_target_dag' retrieved from /Users/vlad.alex995/Desktop/de-sprint/.venv-airflow/lib/python3.11/site-packages/airflow/example_dags/example_trigger_target_dag.py
[2025-08-26T17:31:11.679+0100] {logging_mixin.py:188} INFO - [2025-08-26T17:31:11.679+0100] {dag.py:3089} INFO - Sync 1 DAGs
[2025-08-26T17:31:11.682+0100] {logging_mixin.py:188} INFO - [2025-08-26T17:31:11.682+0100] {dag.py:3947} INFO - Setting next_dagrun for example_trigger_target_dag to None, run_after=None
[2025-08-26T17:31:11.687+0100] {processor.py:183} INFO - Processing /Users/vlad.alex995/Desktop/de-sprint/.venv-airflow/lib/python3.11/site-packages/airflow/example_dags/example_trigger_target_dag.py took 0.051 seconds
[2025-08-26T17:32:40.304+0100] {processor.py:161} INFO - Started process (PID=35970) to work on /Users/vlad.alex995/Desktop/de-sprint/.venv-airflow/lib/python3.11/site-packages/airflow/example_dags/example_trigger_target_dag.py
[2025-08-26T17:32:40.305+0100] {processor.py:830} INFO - Processing file /Users/vlad.alex995/Desktop/de-sprint/.venv-airflow/lib/python3.11/site-packages/airflow/example_dags/example_trigger_target_dag.py for tasks to queue
[2025-08-26T17:32:40.305+0100] {logging_mixin.py:188} INFO - [2025-08-26T17:32:40.305+0100] {dagbag.py:545} INFO - Filling up the DagBag from /Users/vlad.alex995/Desktop/de-sprint/.venv-airflow/lib/python3.11/site-packages/airflow/example_dags/example_trigger_target_dag.py
[2025-08-26T17:32:40.318+0100] {processor.py:840} INFO - DAG(s) 'example_trigger_target_dag' retrieved from /Users/vlad.alex995/Desktop/de-sprint/.venv-airflow/lib/python3.11/site-packages/airflow/example_dags/example_trigger_target_dag.py
[2025-08-26T17:32:40.347+0100] {logging_mixin.py:188} INFO - [2025-08-26T17:32:40.347+0100] {dag.py:3089} INFO - Sync 1 DAGs
[2025-08-26T17:32:40.350+0100] {logging_mixin.py:188} INFO - [2025-08-26T17:32:40.350+0100] {dag.py:3947} INFO - Setting next_dagrun for example_trigger_target_dag to None, run_after=None
[2025-08-26T17:32:40.356+0100] {processor.py:183} INFO - Processing /Users/vlad.alex995/Desktop/de-sprint/.venv-airflow/lib/python3.11/site-packages/airflow/example_dags/example_trigger_target_dag.py took 0.053 seconds
[2025-08-26T18:10:58.805+0100] {processor.py:161} INFO - Started process (PID=37401) to work on /Users/vlad.alex995/Desktop/de-sprint/.venv-airflow/lib/python3.11/site-packages/airflow/example_dags/example_trigger_target_dag.py
[2025-08-26T18:10:58.806+0100] {processor.py:830} INFO - Processing file /Users/vlad.alex995/Desktop/de-sprint/.venv-airflow/lib/python3.11/site-packages/airflow/example_dags/example_trigger_target_dag.py for tasks to queue
[2025-08-26T18:10:58.806+0100] {logging_mixin.py:188} INFO - [2025-08-26T18:10:58.806+0100] {dagbag.py:545} INFO - Filling up the DagBag from /Users/vlad.alex995/Desktop/de-sprint/.venv-airflow/lib/python3.11/site-packages/airflow/example_dags/example_trigger_target_dag.py
[2025-08-26T18:10:58.819+0100] {processor.py:840} INFO - DAG(s) 'example_trigger_target_dag' retrieved from /Users/vlad.alex995/Desktop/de-sprint/.venv-airflow/lib/python3.11/site-packages/airflow/example_dags/example_trigger_target_dag.py
[2025-08-26T18:10:58.846+0100] {logging_mixin.py:188} INFO - [2025-08-26T18:10:58.846+0100] {dag.py:3089} INFO - Sync 1 DAGs
[2025-08-26T18:10:58.849+0100] {logging_mixin.py:188} INFO - [2025-08-26T18:10:58.849+0100] {dag.py:3947} INFO - Setting next_dagrun for example_trigger_target_dag to None, run_after=None
[2025-08-26T18:10:58.855+0100] {processor.py:183} INFO - Processing /Users/vlad.alex995/Desktop/de-sprint/.venv-airflow/lib/python3.11/site-packages/airflow/example_dags/example_trigger_target_dag.py took 0.051 seconds
[2025-08-26T18:12:17.961+0100] {processor.py:161} INFO - Started process (PID=37464) to work on /Users/vlad.alex995/Desktop/de-sprint/.venv-airflow/lib/python3.11/site-packages/airflow/example_dags/example_trigger_target_dag.py
[2025-08-26T18:12:17.962+0100] {processor.py:830} INFO - Processing file /Users/vlad.alex995/Desktop/de-sprint/.venv-airflow/lib/python3.11/site-packages/airflow/example_dags/example_trigger_target_dag.py for tasks to queue
[2025-08-26T18:12:17.963+0100] {logging_mixin.py:188} INFO - [2025-08-26T18:12:17.962+0100] {dagbag.py:545} INFO - Filling up the DagBag from /Users/vlad.alex995/Desktop/de-sprint/.venv-airflow/lib/python3.11/site-packages/airflow/example_dags/example_trigger_target_dag.py
[2025-08-26T18:12:17.975+0100] {processor.py:840} INFO - DAG(s) 'example_trigger_target_dag' retrieved from /Users/vlad.alex995/Desktop/de-sprint/.venv-airflow/lib/python3.11/site-packages/airflow/example_dags/example_trigger_target_dag.py
[2025-08-26T18:12:18.004+0100] {logging_mixin.py:188} INFO - [2025-08-26T18:12:18.003+0100] {dag.py:3089} INFO - Sync 1 DAGs
[2025-08-26T18:12:18.006+0100] {logging_mixin.py:188} INFO - [2025-08-26T18:12:18.006+0100] {dag.py:3947} INFO - Setting next_dagrun for example_trigger_target_dag to None, run_after=None
[2025-08-26T18:12:18.013+0100] {processor.py:183} INFO - Processing /Users/vlad.alex995/Desktop/de-sprint/.venv-airflow/lib/python3.11/site-packages/airflow/example_dags/example_trigger_target_dag.py took 0.053 seconds
[2025-08-26T18:13:43.514+0100] {processor.py:161} INFO - Started process (PID=37534) to work on /Users/vlad.alex995/Desktop/de-sprint/.venv-airflow/lib/python3.11/site-packages/airflow/example_dags/example_trigger_target_dag.py
[2025-08-26T18:13:43.515+0100] {processor.py:830} INFO - Processing file /Users/vlad.alex995/Desktop/de-sprint/.venv-airflow/lib/python3.11/site-packages/airflow/example_dags/example_trigger_target_dag.py for tasks to queue
[2025-08-26T18:13:43.516+0100] {logging_mixin.py:188} INFO - [2025-08-26T18:13:43.516+0100] {dagbag.py:545} INFO - Filling up the DagBag from /Users/vlad.alex995/Desktop/de-sprint/.venv-airflow/lib/python3.11/site-packages/airflow/example_dags/example_trigger_target_dag.py
[2025-08-26T18:13:43.530+0100] {processor.py:840} INFO - DAG(s) 'example_trigger_target_dag' retrieved from /Users/vlad.alex995/Desktop/de-sprint/.venv-airflow/lib/python3.11/site-packages/airflow/example_dags/example_trigger_target_dag.py
[2025-08-26T18:13:43.561+0100] {logging_mixin.py:188} INFO - [2025-08-26T18:13:43.561+0100] {dag.py:3089} INFO - Sync 1 DAGs
[2025-08-26T18:13:43.564+0100] {logging_mixin.py:188} INFO - [2025-08-26T18:13:43.564+0100] {dag.py:3947} INFO - Setting next_dagrun for example_trigger_target_dag to None, run_after=None
[2025-08-26T18:13:43.571+0100] {processor.py:183} INFO - Processing /Users/vlad.alex995/Desktop/de-sprint/.venv-airflow/lib/python3.11/site-packages/airflow/example_dags/example_trigger_target_dag.py took 0.058 seconds
[2025-08-26T18:14:31.627+0100] {processor.py:161} INFO - Started process (PID=37803) to work on /Users/vlad.alex995/Desktop/de-sprint/.venv-airflow/lib/python3.11/site-packages/airflow/example_dags/example_trigger_target_dag.py
[2025-08-26T18:14:31.628+0100] {processor.py:830} INFO - Processing file /Users/vlad.alex995/Desktop/de-sprint/.venv-airflow/lib/python3.11/site-packages/airflow/example_dags/example_trigger_target_dag.py for tasks to queue
[2025-08-26T18:14:31.629+0100] {logging_mixin.py:188} INFO - [2025-08-26T18:14:31.628+0100] {dagbag.py:545} INFO - Filling up the DagBag from /Users/vlad.alex995/Desktop/de-sprint/.venv-airflow/lib/python3.11/site-packages/airflow/example_dags/example_trigger_target_dag.py
[2025-08-26T18:14:31.641+0100] {processor.py:840} INFO - DAG(s) 'example_trigger_target_dag' retrieved from /Users/vlad.alex995/Desktop/de-sprint/.venv-airflow/lib/python3.11/site-packages/airflow/example_dags/example_trigger_target_dag.py
[2025-08-26T18:14:31.670+0100] {logging_mixin.py:188} INFO - [2025-08-26T18:14:31.670+0100] {dag.py:3089} INFO - Sync 1 DAGs
[2025-08-26T18:14:31.673+0100] {logging_mixin.py:188} INFO - [2025-08-26T18:14:31.673+0100] {dag.py:3947} INFO - Setting next_dagrun for example_trigger_target_dag to None, run_after=None
[2025-08-26T18:14:31.678+0100] {processor.py:183} INFO - Processing /Users/vlad.alex995/Desktop/de-sprint/.venv-airflow/lib/python3.11/site-packages/airflow/example_dags/example_trigger_target_dag.py took 0.052 seconds
[2025-08-26T18:16:04.461+0100] {processor.py:161} INFO - Started process (PID=38038) to work on /Users/vlad.alex995/Desktop/de-sprint/.venv-airflow/lib/python3.11/site-packages/airflow/example_dags/example_trigger_target_dag.py
[2025-08-26T18:16:04.462+0100] {processor.py:830} INFO - Processing file /Users/vlad.alex995/Desktop/de-sprint/.venv-airflow/lib/python3.11/site-packages/airflow/example_dags/example_trigger_target_dag.py for tasks to queue
[2025-08-26T18:16:04.462+0100] {logging_mixin.py:188} INFO - [2025-08-26T18:16:04.462+0100] {dagbag.py:545} INFO - Filling up the DagBag from /Users/vlad.alex995/Desktop/de-sprint/.venv-airflow/lib/python3.11/site-packages/airflow/example_dags/example_trigger_target_dag.py
[2025-08-26T18:16:04.476+0100] {processor.py:840} INFO - DAG(s) 'example_trigger_target_dag' retrieved from /Users/vlad.alex995/Desktop/de-sprint/.venv-airflow/lib/python3.11/site-packages/airflow/example_dags/example_trigger_target_dag.py
[2025-08-26T18:16:04.506+0100] {logging_mixin.py:188} INFO - [2025-08-26T18:16:04.506+0100] {dag.py:3089} INFO - Sync 1 DAGs
[2025-08-26T18:16:04.509+0100] {logging_mixin.py:188} INFO - [2025-08-26T18:16:04.509+0100] {dag.py:3947} INFO - Setting next_dagrun for example_trigger_target_dag to None, run_after=None
[2025-08-26T18:16:04.514+0100] {processor.py:183} INFO - Processing /Users/vlad.alex995/Desktop/de-sprint/.venv-airflow/lib/python3.11/site-packages/airflow/example_dags/example_trigger_target_dag.py took 0.055 seconds
[2025-08-26T18:17:41.451+0100] {processor.py:161} INFO - Started process (PID=38204) to work on /Users/vlad.alex995/Desktop/de-sprint/.venv-airflow/lib/python3.11/site-packages/airflow/example_dags/example_trigger_target_dag.py
[2025-08-26T18:17:41.451+0100] {processor.py:830} INFO - Processing file /Users/vlad.alex995/Desktop/de-sprint/.venv-airflow/lib/python3.11/site-packages/airflow/example_dags/example_trigger_target_dag.py for tasks to queue
[2025-08-26T18:17:41.452+0100] {logging_mixin.py:188} INFO - [2025-08-26T18:17:41.451+0100] {dagbag.py:545} INFO - Filling up the DagBag from /Users/vlad.alex995/Desktop/de-sprint/.venv-airflow/lib/python3.11/site-packages/airflow/example_dags/example_trigger_target_dag.py
[2025-08-26T18:17:41.467+0100] {processor.py:840} INFO - DAG(s) 'example_trigger_target_dag' retrieved from /Users/vlad.alex995/Desktop/de-sprint/.venv-airflow/lib/python3.11/site-packages/airflow/example_dags/example_trigger_target_dag.py
[2025-08-26T18:17:41.503+0100] {logging_mixin.py:188} INFO - [2025-08-26T18:17:41.503+0100] {dag.py:3089} INFO - Sync 1 DAGs
[2025-08-26T18:17:41.506+0100] {logging_mixin.py:188} INFO - [2025-08-26T18:17:41.506+0100] {dag.py:3947} INFO - Setting next_dagrun for example_trigger_target_dag to None, run_after=None
[2025-08-26T18:17:41.513+0100] {processor.py:183} INFO - Processing /Users/vlad.alex995/Desktop/de-sprint/.venv-airflow/lib/python3.11/site-packages/airflow/example_dags/example_trigger_target_dag.py took 0.064 seconds
[2025-08-26T18:19:28.198+0100] {processor.py:161} INFO - Started process (PID=38859) to work on /Users/vlad.alex995/Desktop/de-sprint/.venv-airflow/lib/python3.11/site-packages/airflow/example_dags/example_trigger_target_dag.py
[2025-08-26T18:19:28.199+0100] {processor.py:830} INFO - Processing file /Users/vlad.alex995/Desktop/de-sprint/.venv-airflow/lib/python3.11/site-packages/airflow/example_dags/example_trigger_target_dag.py for tasks to queue
[2025-08-26T18:19:28.199+0100] {logging_mixin.py:188} INFO - [2025-08-26T18:19:28.199+0100] {dagbag.py:545} INFO - Filling up the DagBag from /Users/vlad.alex995/Desktop/de-sprint/.venv-airflow/lib/python3.11/site-packages/airflow/example_dags/example_trigger_target_dag.py
[2025-08-26T18:19:28.212+0100] {processor.py:840} INFO - DAG(s) 'example_trigger_target_dag' retrieved from /Users/vlad.alex995/Desktop/de-sprint/.venv-airflow/lib/python3.11/site-packages/airflow/example_dags/example_trigger_target_dag.py
[2025-08-26T18:19:28.240+0100] {logging_mixin.py:188} INFO - [2025-08-26T18:19:28.240+0100] {dag.py:3089} INFO - Sync 1 DAGs
[2025-08-26T18:19:28.243+0100] {logging_mixin.py:188} INFO - [2025-08-26T18:19:28.243+0100] {dag.py:3947} INFO - Setting next_dagrun for example_trigger_target_dag to None, run_after=None
[2025-08-26T18:19:28.248+0100] {processor.py:183} INFO - Processing /Users/vlad.alex995/Desktop/de-sprint/.venv-airflow/lib/python3.11/site-packages/airflow/example_dags/example_trigger_target_dag.py took 0.051 seconds
[2025-08-26T18:20:43.011+0100] {processor.py:161} INFO - Started process (PID=38942) to work on /Users/vlad.alex995/Desktop/de-sprint/.venv-airflow/lib/python3.11/site-packages/airflow/example_dags/example_trigger_target_dag.py
[2025-08-26T18:20:43.012+0100] {processor.py:830} INFO - Processing file /Users/vlad.alex995/Desktop/de-sprint/.venv-airflow/lib/python3.11/site-packages/airflow/example_dags/example_trigger_target_dag.py for tasks to queue
[2025-08-26T18:20:43.013+0100] {logging_mixin.py:188} INFO - [2025-08-26T18:20:43.013+0100] {dagbag.py:545} INFO - Filling up the DagBag from /Users/vlad.alex995/Desktop/de-sprint/.venv-airflow/lib/python3.11/site-packages/airflow/example_dags/example_trigger_target_dag.py
[2025-08-26T18:20:43.026+0100] {processor.py:840} INFO - DAG(s) 'example_trigger_target_dag' retrieved from /Users/vlad.alex995/Desktop/de-sprint/.venv-airflow/lib/python3.11/site-packages/airflow/example_dags/example_trigger_target_dag.py
[2025-08-26T18:20:43.054+0100] {logging_mixin.py:188} INFO - [2025-08-26T18:20:43.054+0100] {dag.py:3089} INFO - Sync 1 DAGs
[2025-08-26T18:20:43.057+0100] {logging_mixin.py:188} INFO - [2025-08-26T18:20:43.057+0100] {dag.py:3947} INFO - Setting next_dagrun for example_trigger_target_dag to None, run_after=None
[2025-08-26T18:20:43.063+0100] {processor.py:183} INFO - Processing /Users/vlad.alex995/Desktop/de-sprint/.venv-airflow/lib/python3.11/site-packages/airflow/example_dags/example_trigger_target_dag.py took 0.053 seconds
[2025-08-26T18:22:16.477+0100] {processor.py:161} INFO - Started process (PID=39016) to work on /Users/vlad.alex995/Desktop/de-sprint/.venv-airflow/lib/python3.11/site-packages/airflow/example_dags/example_trigger_target_dag.py
[2025-08-26T18:22:16.477+0100] {processor.py:830} INFO - Processing file /Users/vlad.alex995/Desktop/de-sprint/.venv-airflow/lib/python3.11/site-packages/airflow/example_dags/example_trigger_target_dag.py for tasks to queue
[2025-08-26T18:22:16.478+0100] {logging_mixin.py:188} INFO - [2025-08-26T18:22:16.478+0100] {dagbag.py:545} INFO - Filling up the DagBag from /Users/vlad.alex995/Desktop/de-sprint/.venv-airflow/lib/python3.11/site-packages/airflow/example_dags/example_trigger_target_dag.py
[2025-08-26T18:22:16.490+0100] {processor.py:840} INFO - DAG(s) 'example_trigger_target_dag' retrieved from /Users/vlad.alex995/Desktop/de-sprint/.venv-airflow/lib/python3.11/site-packages/airflow/example_dags/example_trigger_target_dag.py
[2025-08-26T18:22:16.519+0100] {logging_mixin.py:188} INFO - [2025-08-26T18:22:16.519+0100] {dag.py:3089} INFO - Sync 1 DAGs
[2025-08-26T18:22:16.522+0100] {logging_mixin.py:188} INFO - [2025-08-26T18:22:16.522+0100] {dag.py:3947} INFO - Setting next_dagrun for example_trigger_target_dag to None, run_after=None
[2025-08-26T18:22:16.527+0100] {processor.py:183} INFO - Processing /Users/vlad.alex995/Desktop/de-sprint/.venv-airflow/lib/python3.11/site-packages/airflow/example_dags/example_trigger_target_dag.py took 0.051 seconds
[2025-08-26T18:23:41.787+0100] {processor.py:161} INFO - Started process (PID=39082) to work on /Users/vlad.alex995/Desktop/de-sprint/.venv-airflow/lib/python3.11/site-packages/airflow/example_dags/example_trigger_target_dag.py
[2025-08-26T18:23:41.788+0100] {processor.py:830} INFO - Processing file /Users/vlad.alex995/Desktop/de-sprint/.venv-airflow/lib/python3.11/site-packages/airflow/example_dags/example_trigger_target_dag.py for tasks to queue
[2025-08-26T18:23:41.788+0100] {logging_mixin.py:188} INFO - [2025-08-26T18:23:41.788+0100] {dagbag.py:545} INFO - Filling up the DagBag from /Users/vlad.alex995/Desktop/de-sprint/.venv-airflow/lib/python3.11/site-packages/airflow/example_dags/example_trigger_target_dag.py
[2025-08-26T18:23:41.801+0100] {processor.py:840} INFO - DAG(s) 'example_trigger_target_dag' retrieved from /Users/vlad.alex995/Desktop/de-sprint/.venv-airflow/lib/python3.11/site-packages/airflow/example_dags/example_trigger_target_dag.py
[2025-08-26T18:23:41.828+0100] {logging_mixin.py:188} INFO - [2025-08-26T18:23:41.828+0100] {dag.py:3089} INFO - Sync 1 DAGs
[2025-08-26T18:23:41.831+0100] {logging_mixin.py:188} INFO - [2025-08-26T18:23:41.831+0100] {dag.py:3947} INFO - Setting next_dagrun for example_trigger_target_dag to None, run_after=None
[2025-08-26T18:23:41.837+0100] {processor.py:183} INFO - Processing /Users/vlad.alex995/Desktop/de-sprint/.venv-airflow/lib/python3.11/site-packages/airflow/example_dags/example_trigger_target_dag.py took 0.051 seconds
[2025-08-26T18:25:12.368+0100] {processor.py:161} INFO - Started process (PID=39165) to work on /Users/vlad.alex995/Desktop/de-sprint/.venv-airflow/lib/python3.11/site-packages/airflow/example_dags/example_trigger_target_dag.py
[2025-08-26T18:25:12.368+0100] {processor.py:830} INFO - Processing file /Users/vlad.alex995/Desktop/de-sprint/.venv-airflow/lib/python3.11/site-packages/airflow/example_dags/example_trigger_target_dag.py for tasks to queue
[2025-08-26T18:25:12.369+0100] {logging_mixin.py:188} INFO - [2025-08-26T18:25:12.369+0100] {dagbag.py:545} INFO - Filling up the DagBag from /Users/vlad.alex995/Desktop/de-sprint/.venv-airflow/lib/python3.11/site-packages/airflow/example_dags/example_trigger_target_dag.py
[2025-08-26T18:25:12.382+0100] {processor.py:840} INFO - DAG(s) 'example_trigger_target_dag' retrieved from /Users/vlad.alex995/Desktop/de-sprint/.venv-airflow/lib/python3.11/site-packages/airflow/example_dags/example_trigger_target_dag.py
[2025-08-26T18:25:12.413+0100] {logging_mixin.py:188} INFO - [2025-08-26T18:25:12.413+0100] {dag.py:3089} INFO - Sync 1 DAGs
[2025-08-26T18:25:12.416+0100] {logging_mixin.py:188} INFO - [2025-08-26T18:25:12.416+0100] {dag.py:3947} INFO - Setting next_dagrun for example_trigger_target_dag to None, run_after=None
[2025-08-26T18:25:12.422+0100] {processor.py:183} INFO - Processing /Users/vlad.alex995/Desktop/de-sprint/.venv-airflow/lib/python3.11/site-packages/airflow/example_dags/example_trigger_target_dag.py took 0.055 seconds
[2025-08-26T18:27:18.955+0100] {processor.py:161} INFO - Started process (PID=39665) to work on /Users/vlad.alex995/Desktop/de-sprint/.venv-airflow/lib/python3.11/site-packages/airflow/example_dags/example_trigger_target_dag.py
[2025-08-26T18:27:18.956+0100] {processor.py:830} INFO - Processing file /Users/vlad.alex995/Desktop/de-sprint/.venv-airflow/lib/python3.11/site-packages/airflow/example_dags/example_trigger_target_dag.py for tasks to queue
[2025-08-26T18:27:18.956+0100] {logging_mixin.py:188} INFO - [2025-08-26T18:27:18.956+0100] {dagbag.py:545} INFO - Filling up the DagBag from /Users/vlad.alex995/Desktop/de-sprint/.venv-airflow/lib/python3.11/site-packages/airflow/example_dags/example_trigger_target_dag.py
[2025-08-26T18:27:18.968+0100] {processor.py:840} INFO - DAG(s) 'example_trigger_target_dag' retrieved from /Users/vlad.alex995/Desktop/de-sprint/.venv-airflow/lib/python3.11/site-packages/airflow/example_dags/example_trigger_target_dag.py
[2025-08-26T18:27:18.996+0100] {logging_mixin.py:188} INFO - [2025-08-26T18:27:18.996+0100] {dag.py:3089} INFO - Sync 1 DAGs
[2025-08-26T18:27:18.999+0100] {logging_mixin.py:188} INFO - [2025-08-26T18:27:18.999+0100] {dag.py:3947} INFO - Setting next_dagrun for example_trigger_target_dag to None, run_after=None
[2025-08-26T18:27:19.004+0100] {processor.py:183} INFO - Processing /Users/vlad.alex995/Desktop/de-sprint/.venv-airflow/lib/python3.11/site-packages/airflow/example_dags/example_trigger_target_dag.py took 0.051 seconds
[2025-08-26T18:29:38.590+0100] {processor.py:161} INFO - Started process (PID=40090) to work on /Users/vlad.alex995/Desktop/de-sprint/.venv-airflow/lib/python3.11/site-packages/airflow/example_dags/example_trigger_target_dag.py
[2025-08-26T18:29:38.590+0100] {processor.py:830} INFO - Processing file /Users/vlad.alex995/Desktop/de-sprint/.venv-airflow/lib/python3.11/site-packages/airflow/example_dags/example_trigger_target_dag.py for tasks to queue
[2025-08-26T18:29:38.590+0100] {logging_mixin.py:188} INFO - [2025-08-26T18:29:38.590+0100] {dagbag.py:545} INFO - Filling up the DagBag from /Users/vlad.alex995/Desktop/de-sprint/.venv-airflow/lib/python3.11/site-packages/airflow/example_dags/example_trigger_target_dag.py
[2025-08-26T18:29:38.603+0100] {processor.py:840} INFO - DAG(s) 'example_trigger_target_dag' retrieved from /Users/vlad.alex995/Desktop/de-sprint/.venv-airflow/lib/python3.11/site-packages/airflow/example_dags/example_trigger_target_dag.py
[2025-08-26T18:29:38.632+0100] {logging_mixin.py:188} INFO - [2025-08-26T18:29:38.631+0100] {dag.py:3089} INFO - Sync 1 DAGs
[2025-08-26T18:29:38.634+0100] {logging_mixin.py:188} INFO - [2025-08-26T18:29:38.634+0100] {dag.py:3947} INFO - Setting next_dagrun for example_trigger_target_dag to None, run_after=None
[2025-08-26T18:29:38.640+0100] {processor.py:183} INFO - Processing /Users/vlad.alex995/Desktop/de-sprint/.venv-airflow/lib/python3.11/site-packages/airflow/example_dags/example_trigger_target_dag.py took 0.052 seconds
