[2025-08-26T17:25:49.979+0100] {processor.py:161} INFO - Started process (PID=35343) to work on /Users/vlad.alex995/Desktop/de-sprint/.venv-airflow/lib/python3.11/site-packages/airflow/example_dags/example_latest_only_with_trigger.py
[2025-08-26T17:25:49.979+0100] {processor.py:830} INFO - Processing file /Users/vlad.alex995/Desktop/de-sprint/.venv-airflow/lib/python3.11/site-packages/airflow/example_dags/example_latest_only_with_trigger.py for tasks to queue
[2025-08-26T17:25:49.980+0100] {logging_mixin.py:188} INFO - [2025-08-26T17:25:49.980+0100] {dagbag.py:545} INFO - Filling up the DagBag from /Users/vlad.alex995/Desktop/de-sprint/.venv-airflow/lib/python3.11/site-packages/airflow/example_dags/example_latest_only_with_trigger.py
[2025-08-26T17:25:49.982+0100] {processor.py:840} INFO - DAG(s) 'latest_only_with_trigger' retrieved from /Users/vlad.alex995/Desktop/de-sprint/.venv-airflow/lib/python3.11/site-packages/airflow/example_dags/example_latest_only_with_trigger.py
[2025-08-26T17:25:50.037+0100] {logging_mixin.py:188} INFO - [2025-08-26T17:25:50.037+0100] {override.py:1858} INFO - Created Permission View: can read on DAG:latest_only_with_trigger
[2025-08-26T17:25:50.039+0100] {logging_mixin.py:188} INFO - [2025-08-26T17:25:50.039+0100] {override.py:1858} INFO - Created Permission View: can delete on DAG:latest_only_with_trigger
[2025-08-26T17:25:50.041+0100] {logging_mixin.py:188} INFO - [2025-08-26T17:25:50.041+0100] {override.py:1858} INFO - Created Permission View: can edit on DAG:latest_only_with_trigger
[2025-08-26T17:25:50.041+0100] {logging_mixin.py:188} INFO - [2025-08-26T17:25:50.041+0100] {dag.py:3089} INFO - Sync 1 DAGs
[2025-08-26T17:25:50.044+0100] {logging_mixin.py:188} INFO - [2025-08-26T17:25:50.044+0100] {dag.py:3111} INFO - Creating ORM DAG for latest_only_with_trigger
[2025-08-26T17:25:50.047+0100] {logging_mixin.py:188} INFO - [2025-08-26T17:25:50.047+0100] {dag.py:3947} INFO - Setting next_dagrun for latest_only_with_trigger to 2025-08-26 12:00:00+00:00, run_after=2025-08-26 16:00:00+00:00
[2025-08-26T17:25:50.052+0100] {processor.py:183} INFO - Processing /Users/vlad.alex995/Desktop/de-sprint/.venv-airflow/lib/python3.11/site-packages/airflow/example_dags/example_latest_only_with_trigger.py took 0.074 seconds
[2025-08-26T17:27:20.426+0100] {processor.py:161} INFO - Started process (PID=35415) to work on /Users/vlad.alex995/Desktop/de-sprint/.venv-airflow/lib/python3.11/site-packages/airflow/example_dags/example_latest_only_with_trigger.py
[2025-08-26T17:27:20.428+0100] {processor.py:830} INFO - Processing file /Users/vlad.alex995/Desktop/de-sprint/.venv-airflow/lib/python3.11/site-packages/airflow/example_dags/example_latest_only_with_trigger.py for tasks to queue
[2025-08-26T17:27:20.428+0100] {logging_mixin.py:188} INFO - [2025-08-26T17:27:20.428+0100] {dagbag.py:545} INFO - Filling up the DagBag from /Users/vlad.alex995/Desktop/de-sprint/.venv-airflow/lib/python3.11/site-packages/airflow/example_dags/example_latest_only_with_trigger.py
[2025-08-26T17:27:20.431+0100] {processor.py:840} INFO - DAG(s) 'latest_only_with_trigger' retrieved from /Users/vlad.alex995/Desktop/de-sprint/.venv-airflow/lib/python3.11/site-packages/airflow/example_dags/example_latest_only_with_trigger.py
[2025-08-26T17:27:20.460+0100] {logging_mixin.py:188} INFO - [2025-08-26T17:27:20.459+0100] {dag.py:3089} INFO - Sync 1 DAGs
[2025-08-26T17:27:20.464+0100] {logging_mixin.py:188} INFO - [2025-08-26T17:27:20.464+0100] {dag.py:3947} INFO - Setting next_dagrun for latest_only_with_trigger to 2025-08-26 12:00:00+00:00, run_after=2025-08-26 16:00:00+00:00
[2025-08-26T17:27:20.471+0100] {processor.py:183} INFO - Processing /Users/vlad.alex995/Desktop/de-sprint/.venv-airflow/lib/python3.11/site-packages/airflow/example_dags/example_latest_only_with_trigger.py took 0.045 seconds
[2025-08-26T17:28:55.480+0100] {processor.py:161} INFO - Started process (PID=35486) to work on /Users/vlad.alex995/Desktop/de-sprint/.venv-airflow/lib/python3.11/site-packages/airflow/example_dags/example_latest_only_with_trigger.py
[2025-08-26T17:28:55.482+0100] {processor.py:830} INFO - Processing file /Users/vlad.alex995/Desktop/de-sprint/.venv-airflow/lib/python3.11/site-packages/airflow/example_dags/example_latest_only_with_trigger.py for tasks to queue
[2025-08-26T17:28:55.482+0100] {logging_mixin.py:188} INFO - [2025-08-26T17:28:55.482+0100] {dagbag.py:545} INFO - Filling up the DagBag from /Users/vlad.alex995/Desktop/de-sprint/.venv-airflow/lib/python3.11/site-packages/airflow/example_dags/example_latest_only_with_trigger.py
[2025-08-26T17:28:55.485+0100] {processor.py:840} INFO - DAG(s) 'latest_only_with_trigger' retrieved from /Users/vlad.alex995/Desktop/de-sprint/.venv-airflow/lib/python3.11/site-packages/airflow/example_dags/example_latest_only_with_trigger.py
[2025-08-26T17:28:55.514+0100] {logging_mixin.py:188} INFO - [2025-08-26T17:28:55.514+0100] {dag.py:3089} INFO - Sync 1 DAGs
[2025-08-26T17:28:55.519+0100] {logging_mixin.py:188} INFO - [2025-08-26T17:28:55.519+0100] {dag.py:3947} INFO - Setting next_dagrun for latest_only_with_trigger to 2025-08-26 12:00:00+00:00, run_after=2025-08-26 16:00:00+00:00
[2025-08-26T17:28:55.526+0100] {processor.py:183} INFO - Processing /Users/vlad.alex995/Desktop/de-sprint/.venv-airflow/lib/python3.11/site-packages/airflow/example_dags/example_latest_only_with_trigger.py took 0.046 seconds
[2025-08-26T17:30:29.005+0100] {processor.py:161} INFO - Started process (PID=35556) to work on /Users/vlad.alex995/Desktop/de-sprint/.venv-airflow/lib/python3.11/site-packages/airflow/example_dags/example_latest_only_with_trigger.py
[2025-08-26T17:30:29.006+0100] {processor.py:830} INFO - Processing file /Users/vlad.alex995/Desktop/de-sprint/.venv-airflow/lib/python3.11/site-packages/airflow/example_dags/example_latest_only_with_trigger.py for tasks to queue
[2025-08-26T17:30:29.006+0100] {logging_mixin.py:188} INFO - [2025-08-26T17:30:29.006+0100] {dagbag.py:545} INFO - Filling up the DagBag from /Users/vlad.alex995/Desktop/de-sprint/.venv-airflow/lib/python3.11/site-packages/airflow/example_dags/example_latest_only_with_trigger.py
[2025-08-26T17:30:29.009+0100] {processor.py:840} INFO - DAG(s) 'latest_only_with_trigger' retrieved from /Users/vlad.alex995/Desktop/de-sprint/.venv-airflow/lib/python3.11/site-packages/airflow/example_dags/example_latest_only_with_trigger.py
[2025-08-26T17:30:29.038+0100] {logging_mixin.py:188} INFO - [2025-08-26T17:30:29.038+0100] {dag.py:3089} INFO - Sync 1 DAGs
[2025-08-26T17:30:29.043+0100] {logging_mixin.py:188} INFO - [2025-08-26T17:30:29.043+0100] {dag.py:3947} INFO - Setting next_dagrun for latest_only_with_trigger to 2025-08-26 12:00:00+00:00, run_after=2025-08-26 16:00:00+00:00
[2025-08-26T17:30:29.050+0100] {processor.py:183} INFO - Processing /Users/vlad.alex995/Desktop/de-sprint/.venv-airflow/lib/python3.11/site-packages/airflow/example_dags/example_latest_only_with_trigger.py took 0.045 seconds
[2025-08-26T17:31:58.717+0100] {processor.py:161} INFO - Started process (PID=35929) to work on /Users/vlad.alex995/Desktop/de-sprint/.venv-airflow/lib/python3.11/site-packages/airflow/example_dags/example_latest_only_with_trigger.py
[2025-08-26T17:31:58.717+0100] {processor.py:830} INFO - Processing file /Users/vlad.alex995/Desktop/de-sprint/.venv-airflow/lib/python3.11/site-packages/airflow/example_dags/example_latest_only_with_trigger.py for tasks to queue
[2025-08-26T17:31:58.718+0100] {logging_mixin.py:188} INFO - [2025-08-26T17:31:58.718+0100] {dagbag.py:545} INFO - Filling up the DagBag from /Users/vlad.alex995/Desktop/de-sprint/.venv-airflow/lib/python3.11/site-packages/airflow/example_dags/example_latest_only_with_trigger.py
[2025-08-26T17:31:58.720+0100] {processor.py:840} INFO - DAG(s) 'latest_only_with_trigger' retrieved from /Users/vlad.alex995/Desktop/de-sprint/.venv-airflow/lib/python3.11/site-packages/airflow/example_dags/example_latest_only_with_trigger.py
[2025-08-26T17:31:58.749+0100] {logging_mixin.py:188} INFO - [2025-08-26T17:31:58.749+0100] {dag.py:3089} INFO - Sync 1 DAGs
[2025-08-26T17:31:58.754+0100] {logging_mixin.py:188} INFO - [2025-08-26T17:31:58.754+0100] {dag.py:3947} INFO - Setting next_dagrun for latest_only_with_trigger to 2025-08-26 12:00:00+00:00, run_after=2025-08-26 16:00:00+00:00
[2025-08-26T17:31:58.760+0100] {processor.py:183} INFO - Processing /Users/vlad.alex995/Desktop/de-sprint/.venv-airflow/lib/python3.11/site-packages/airflow/example_dags/example_latest_only_with_trigger.py took 0.044 seconds
[2025-08-26T17:33:32.086+0100] {processor.py:161} INFO - Started process (PID=36019) to work on /Users/vlad.alex995/Desktop/de-sprint/.venv-airflow/lib/python3.11/site-packages/airflow/example_dags/example_latest_only_with_trigger.py
[2025-08-26T17:33:32.087+0100] {processor.py:830} INFO - Processing file /Users/vlad.alex995/Desktop/de-sprint/.venv-airflow/lib/python3.11/site-packages/airflow/example_dags/example_latest_only_with_trigger.py for tasks to queue
[2025-08-26T17:33:32.087+0100] {logging_mixin.py:188} INFO - [2025-08-26T17:33:32.087+0100] {dagbag.py:545} INFO - Filling up the DagBag from /Users/vlad.alex995/Desktop/de-sprint/.venv-airflow/lib/python3.11/site-packages/airflow/example_dags/example_latest_only_with_trigger.py
[2025-08-26T17:33:32.090+0100] {processor.py:840} INFO - DAG(s) 'latest_only_with_trigger' retrieved from /Users/vlad.alex995/Desktop/de-sprint/.venv-airflow/lib/python3.11/site-packages/airflow/example_dags/example_latest_only_with_trigger.py
[2025-08-26T17:33:32.121+0100] {logging_mixin.py:188} INFO - [2025-08-26T17:33:32.121+0100] {dag.py:3089} INFO - Sync 1 DAGs
[2025-08-26T17:33:32.125+0100] {logging_mixin.py:188} INFO - [2025-08-26T17:33:32.125+0100] {dag.py:3947} INFO - Setting next_dagrun for latest_only_with_trigger to 2025-08-26 12:00:00+00:00, run_after=2025-08-26 16:00:00+00:00
[2025-08-26T17:33:32.132+0100] {processor.py:183} INFO - Processing /Users/vlad.alex995/Desktop/de-sprint/.venv-airflow/lib/python3.11/site-packages/airflow/example_dags/example_latest_only_with_trigger.py took 0.047 seconds
[2025-08-26T18:11:30.697+0100] {processor.py:161} INFO - Started process (PID=37431) to work on /Users/vlad.alex995/Desktop/de-sprint/.venv-airflow/lib/python3.11/site-packages/airflow/example_dags/example_latest_only_with_trigger.py
[2025-08-26T18:11:30.698+0100] {processor.py:830} INFO - Processing file /Users/vlad.alex995/Desktop/de-sprint/.venv-airflow/lib/python3.11/site-packages/airflow/example_dags/example_latest_only_with_trigger.py for tasks to queue
[2025-08-26T18:11:30.698+0100] {logging_mixin.py:188} INFO - [2025-08-26T18:11:30.698+0100] {dagbag.py:545} INFO - Filling up the DagBag from /Users/vlad.alex995/Desktop/de-sprint/.venv-airflow/lib/python3.11/site-packages/airflow/example_dags/example_latest_only_with_trigger.py
[2025-08-26T18:11:30.701+0100] {processor.py:840} INFO - DAG(s) 'latest_only_with_trigger' retrieved from /Users/vlad.alex995/Desktop/de-sprint/.venv-airflow/lib/python3.11/site-packages/airflow/example_dags/example_latest_only_with_trigger.py
[2025-08-26T18:11:30.731+0100] {logging_mixin.py:188} INFO - [2025-08-26T18:11:30.731+0100] {dag.py:3089} INFO - Sync 1 DAGs
[2025-08-26T18:11:30.737+0100] {logging_mixin.py:188} INFO - [2025-08-26T18:11:30.737+0100] {dag.py:3947} INFO - Setting next_dagrun for latest_only_with_trigger to 2025-08-26 12:00:00+00:00, run_after=2025-08-26 16:00:00+00:00
[2025-08-26T18:11:30.744+0100] {processor.py:183} INFO - Processing /Users/vlad.alex995/Desktop/de-sprint/.venv-airflow/lib/python3.11/site-packages/airflow/example_dags/example_latest_only_with_trigger.py took 0.048 seconds
[2025-08-26T18:13:05.710+0100] {processor.py:161} INFO - Started process (PID=37500) to work on /Users/vlad.alex995/Desktop/de-sprint/.venv-airflow/lib/python3.11/site-packages/airflow/example_dags/example_latest_only_with_trigger.py
[2025-08-26T18:13:05.710+0100] {processor.py:830} INFO - Processing file /Users/vlad.alex995/Desktop/de-sprint/.venv-airflow/lib/python3.11/site-packages/airflow/example_dags/example_latest_only_with_trigger.py for tasks to queue
[2025-08-26T18:13:05.711+0100] {logging_mixin.py:188} INFO - [2025-08-26T18:13:05.711+0100] {dagbag.py:545} INFO - Filling up the DagBag from /Users/vlad.alex995/Desktop/de-sprint/.venv-airflow/lib/python3.11/site-packages/airflow/example_dags/example_latest_only_with_trigger.py
[2025-08-26T18:13:05.713+0100] {processor.py:840} INFO - DAG(s) 'latest_only_with_trigger' retrieved from /Users/vlad.alex995/Desktop/de-sprint/.venv-airflow/lib/python3.11/site-packages/airflow/example_dags/example_latest_only_with_trigger.py
[2025-08-26T18:13:05.741+0100] {logging_mixin.py:188} INFO - [2025-08-26T18:13:05.741+0100] {dag.py:3089} INFO - Sync 1 DAGs
[2025-08-26T18:13:05.746+0100] {logging_mixin.py:188} INFO - [2025-08-26T18:13:05.746+0100] {dag.py:3947} INFO - Setting next_dagrun for latest_only_with_trigger to 2025-08-26 12:00:00+00:00, run_after=2025-08-26 16:00:00+00:00
[2025-08-26T18:13:05.752+0100] {processor.py:183} INFO - Processing /Users/vlad.alex995/Desktop/de-sprint/.venv-airflow/lib/python3.11/site-packages/airflow/example_dags/example_latest_only_with_trigger.py took 0.043 seconds
[2025-08-26T18:14:33.299+0100] {processor.py:161} INFO - Started process (PID=37804) to work on /Users/vlad.alex995/Desktop/de-sprint/.venv-airflow/lib/python3.11/site-packages/airflow/example_dags/example_latest_only_with_trigger.py
[2025-08-26T18:14:33.300+0100] {processor.py:830} INFO - Processing file /Users/vlad.alex995/Desktop/de-sprint/.venv-airflow/lib/python3.11/site-packages/airflow/example_dags/example_latest_only_with_trigger.py for tasks to queue
[2025-08-26T18:14:33.301+0100] {logging_mixin.py:188} INFO - [2025-08-26T18:14:33.301+0100] {dagbag.py:545} INFO - Filling up the DagBag from /Users/vlad.alex995/Desktop/de-sprint/.venv-airflow/lib/python3.11/site-packages/airflow/example_dags/example_latest_only_with_trigger.py
[2025-08-26T18:14:33.303+0100] {processor.py:840} INFO - DAG(s) 'latest_only_with_trigger' retrieved from /Users/vlad.alex995/Desktop/de-sprint/.venv-airflow/lib/python3.11/site-packages/airflow/example_dags/example_latest_only_with_trigger.py
[2025-08-26T18:14:33.335+0100] {logging_mixin.py:188} INFO - [2025-08-26T18:14:33.335+0100] {dag.py:3089} INFO - Sync 1 DAGs
[2025-08-26T18:14:33.341+0100] {logging_mixin.py:188} INFO - [2025-08-26T18:14:33.341+0100] {dag.py:3947} INFO - Setting next_dagrun for latest_only_with_trigger to 2025-08-26 12:00:00+00:00, run_after=2025-08-26 16:00:00+00:00
[2025-08-26T18:14:33.347+0100] {processor.py:183} INFO - Processing /Users/vlad.alex995/Desktop/de-sprint/.venv-airflow/lib/python3.11/site-packages/airflow/example_dags/example_latest_only_with_trigger.py took 0.049 seconds
[2025-08-26T18:16:05.208+0100] {processor.py:161} INFO - Started process (PID=38042) to work on /Users/vlad.alex995/Desktop/de-sprint/.venv-airflow/lib/python3.11/site-packages/airflow/example_dags/example_latest_only_with_trigger.py
[2025-08-26T18:16:05.208+0100] {processor.py:830} INFO - Processing file /Users/vlad.alex995/Desktop/de-sprint/.venv-airflow/lib/python3.11/site-packages/airflow/example_dags/example_latest_only_with_trigger.py for tasks to queue
[2025-08-26T18:16:05.208+0100] {logging_mixin.py:188} INFO - [2025-08-26T18:16:05.208+0100] {dagbag.py:545} INFO - Filling up the DagBag from /Users/vlad.alex995/Desktop/de-sprint/.venv-airflow/lib/python3.11/site-packages/airflow/example_dags/example_latest_only_with_trigger.py
[2025-08-26T18:16:05.211+0100] {processor.py:840} INFO - DAG(s) 'latest_only_with_trigger' retrieved from /Users/vlad.alex995/Desktop/de-sprint/.venv-airflow/lib/python3.11/site-packages/airflow/example_dags/example_latest_only_with_trigger.py
[2025-08-26T18:16:05.245+0100] {logging_mixin.py:188} INFO - [2025-08-26T18:16:05.244+0100] {dag.py:3089} INFO - Sync 1 DAGs
[2025-08-26T18:16:05.252+0100] {logging_mixin.py:188} INFO - [2025-08-26T18:16:05.251+0100] {dag.py:3947} INFO - Setting next_dagrun for latest_only_with_trigger to 2025-08-26 12:00:00+00:00, run_after=2025-08-26 16:00:00+00:00
[2025-08-26T18:16:05.258+0100] {processor.py:183} INFO - Processing /Users/vlad.alex995/Desktop/de-sprint/.venv-airflow/lib/python3.11/site-packages/airflow/example_dags/example_latest_only_with_trigger.py took 0.052 seconds
[2025-08-26T18:17:43.567+0100] {processor.py:161} INFO - Started process (PID=38314) to work on /Users/vlad.alex995/Desktop/de-sprint/.venv-airflow/lib/python3.11/site-packages/airflow/example_dags/example_latest_only_with_trigger.py
[2025-08-26T18:17:43.570+0100] {processor.py:830} INFO - Processing file /Users/vlad.alex995/Desktop/de-sprint/.venv-airflow/lib/python3.11/site-packages/airflow/example_dags/example_latest_only_with_trigger.py for tasks to queue
[2025-08-26T18:17:43.570+0100] {logging_mixin.py:188} INFO - [2025-08-26T18:17:43.570+0100] {dagbag.py:545} INFO - Filling up the DagBag from /Users/vlad.alex995/Desktop/de-sprint/.venv-airflow/lib/python3.11/site-packages/airflow/example_dags/example_latest_only_with_trigger.py
[2025-08-26T18:17:43.573+0100] {processor.py:840} INFO - DAG(s) 'latest_only_with_trigger' retrieved from /Users/vlad.alex995/Desktop/de-sprint/.venv-airflow/lib/python3.11/site-packages/airflow/example_dags/example_latest_only_with_trigger.py
[2025-08-26T18:17:43.602+0100] {logging_mixin.py:188} INFO - [2025-08-26T18:17:43.602+0100] {dag.py:3089} INFO - Sync 1 DAGs
[2025-08-26T18:17:43.608+0100] {logging_mixin.py:188} INFO - [2025-08-26T18:17:43.608+0100] {dag.py:3947} INFO - Setting next_dagrun for latest_only_with_trigger to 2025-08-26 12:00:00+00:00, run_after=2025-08-26 16:00:00+00:00
[2025-08-26T18:17:43.613+0100] {processor.py:183} INFO - Processing /Users/vlad.alex995/Desktop/de-sprint/.venv-airflow/lib/python3.11/site-packages/airflow/example_dags/example_latest_only_with_trigger.py took 0.047 seconds
[2025-08-26T18:19:59.359+0100] {processor.py:161} INFO - Started process (PID=38898) to work on /Users/vlad.alex995/Desktop/de-sprint/.venv-airflow/lib/python3.11/site-packages/airflow/example_dags/example_latest_only_with_trigger.py
[2025-08-26T18:19:59.360+0100] {processor.py:830} INFO - Processing file /Users/vlad.alex995/Desktop/de-sprint/.venv-airflow/lib/python3.11/site-packages/airflow/example_dags/example_latest_only_with_trigger.py for tasks to queue
[2025-08-26T18:19:59.361+0100] {logging_mixin.py:188} INFO - [2025-08-26T18:19:59.361+0100] {dagbag.py:545} INFO - Filling up the DagBag from /Users/vlad.alex995/Desktop/de-sprint/.venv-airflow/lib/python3.11/site-packages/airflow/example_dags/example_latest_only_with_trigger.py
[2025-08-26T18:19:59.363+0100] {processor.py:840} INFO - DAG(s) 'latest_only_with_trigger' retrieved from /Users/vlad.alex995/Desktop/de-sprint/.venv-airflow/lib/python3.11/site-packages/airflow/example_dags/example_latest_only_with_trigger.py
[2025-08-26T18:19:59.392+0100] {logging_mixin.py:188} INFO - [2025-08-26T18:19:59.392+0100] {dag.py:3089} INFO - Sync 1 DAGs
[2025-08-26T18:19:59.398+0100] {logging_mixin.py:188} INFO - [2025-08-26T18:19:59.398+0100] {dag.py:3947} INFO - Setting next_dagrun for latest_only_with_trigger to 2025-08-26 12:00:00+00:00, run_after=2025-08-26 16:00:00+00:00
[2025-08-26T18:19:59.403+0100] {processor.py:183} INFO - Processing /Users/vlad.alex995/Desktop/de-sprint/.venv-airflow/lib/python3.11/site-packages/airflow/example_dags/example_latest_only_with_trigger.py took 0.045 seconds
[2025-08-26T18:21:31.954+0100] {processor.py:161} INFO - Started process (PID=38979) to work on /Users/vlad.alex995/Desktop/de-sprint/.venv-airflow/lib/python3.11/site-packages/airflow/example_dags/example_latest_only_with_trigger.py
[2025-08-26T18:21:31.955+0100] {processor.py:830} INFO - Processing file /Users/vlad.alex995/Desktop/de-sprint/.venv-airflow/lib/python3.11/site-packages/airflow/example_dags/example_latest_only_with_trigger.py for tasks to queue
[2025-08-26T18:21:31.956+0100] {logging_mixin.py:188} INFO - [2025-08-26T18:21:31.956+0100] {dagbag.py:545} INFO - Filling up the DagBag from /Users/vlad.alex995/Desktop/de-sprint/.venv-airflow/lib/python3.11/site-packages/airflow/example_dags/example_latest_only_with_trigger.py
[2025-08-26T18:21:31.958+0100] {processor.py:840} INFO - DAG(s) 'latest_only_with_trigger' retrieved from /Users/vlad.alex995/Desktop/de-sprint/.venv-airflow/lib/python3.11/site-packages/airflow/example_dags/example_latest_only_with_trigger.py
[2025-08-26T18:21:31.990+0100] {logging_mixin.py:188} INFO - [2025-08-26T18:21:31.990+0100] {dag.py:3089} INFO - Sync 1 DAGs
[2025-08-26T18:21:31.996+0100] {logging_mixin.py:188} INFO - [2025-08-26T18:21:31.995+0100] {dag.py:3947} INFO - Setting next_dagrun for latest_only_with_trigger to 2025-08-26 12:00:00+00:00, run_after=2025-08-26 16:00:00+00:00
[2025-08-26T18:21:32.002+0100] {processor.py:183} INFO - Processing /Users/vlad.alex995/Desktop/de-sprint/.venv-airflow/lib/python3.11/site-packages/airflow/example_dags/example_latest_only_with_trigger.py took 0.049 seconds
[2025-08-26T18:23:01.308+0100] {processor.py:161} INFO - Started process (PID=39050) to work on /Users/vlad.alex995/Desktop/de-sprint/.venv-airflow/lib/python3.11/site-packages/airflow/example_dags/example_latest_only_with_trigger.py
[2025-08-26T18:23:01.308+0100] {processor.py:830} INFO - Processing file /Users/vlad.alex995/Desktop/de-sprint/.venv-airflow/lib/python3.11/site-packages/airflow/example_dags/example_latest_only_with_trigger.py for tasks to queue
[2025-08-26T18:23:01.308+0100] {logging_mixin.py:188} INFO - [2025-08-26T18:23:01.308+0100] {dagbag.py:545} INFO - Filling up the DagBag from /Users/vlad.alex995/Desktop/de-sprint/.venv-airflow/lib/python3.11/site-packages/airflow/example_dags/example_latest_only_with_trigger.py
[2025-08-26T18:23:01.311+0100] {processor.py:840} INFO - DAG(s) 'latest_only_with_trigger' retrieved from /Users/vlad.alex995/Desktop/de-sprint/.venv-airflow/lib/python3.11/site-packages/airflow/example_dags/example_latest_only_with_trigger.py
[2025-08-26T18:23:01.340+0100] {logging_mixin.py:188} INFO - [2025-08-26T18:23:01.340+0100] {dag.py:3089} INFO - Sync 1 DAGs
[2025-08-26T18:23:01.345+0100] {logging_mixin.py:188} INFO - [2025-08-26T18:23:01.345+0100] {dag.py:3947} INFO - Setting next_dagrun for latest_only_with_trigger to 2025-08-26 12:00:00+00:00, run_after=2025-08-26 16:00:00+00:00
[2025-08-26T18:23:01.351+0100] {processor.py:183} INFO - Processing /Users/vlad.alex995/Desktop/de-sprint/.venv-airflow/lib/python3.11/site-packages/airflow/example_dags/example_latest_only_with_trigger.py took 0.044 seconds
[2025-08-26T18:24:25.329+0100] {processor.py:161} INFO - Started process (PID=39118) to work on /Users/vlad.alex995/Desktop/de-sprint/.venv-airflow/lib/python3.11/site-packages/airflow/example_dags/example_latest_only_with_trigger.py
[2025-08-26T18:24:25.330+0100] {processor.py:830} INFO - Processing file /Users/vlad.alex995/Desktop/de-sprint/.venv-airflow/lib/python3.11/site-packages/airflow/example_dags/example_latest_only_with_trigger.py for tasks to queue
[2025-08-26T18:24:25.330+0100] {logging_mixin.py:188} INFO - [2025-08-26T18:24:25.330+0100] {dagbag.py:545} INFO - Filling up the DagBag from /Users/vlad.alex995/Desktop/de-sprint/.venv-airflow/lib/python3.11/site-packages/airflow/example_dags/example_latest_only_with_trigger.py
[2025-08-26T18:24:25.333+0100] {processor.py:840} INFO - DAG(s) 'latest_only_with_trigger' retrieved from /Users/vlad.alex995/Desktop/de-sprint/.venv-airflow/lib/python3.11/site-packages/airflow/example_dags/example_latest_only_with_trigger.py
[2025-08-26T18:24:25.364+0100] {logging_mixin.py:188} INFO - [2025-08-26T18:24:25.364+0100] {dag.py:3089} INFO - Sync 1 DAGs
[2025-08-26T18:24:25.369+0100] {logging_mixin.py:188} INFO - [2025-08-26T18:24:25.369+0100] {dag.py:3947} INFO - Setting next_dagrun for latest_only_with_trigger to 2025-08-26 12:00:00+00:00, run_after=2025-08-26 16:00:00+00:00
[2025-08-26T18:24:25.375+0100] {processor.py:183} INFO - Processing /Users/vlad.alex995/Desktop/de-sprint/.venv-airflow/lib/python3.11/site-packages/airflow/example_dags/example_latest_only_with_trigger.py took 0.047 seconds
[2025-08-26T18:26:02.477+0100] {processor.py:161} INFO - Started process (PID=39214) to work on /Users/vlad.alex995/Desktop/de-sprint/.venv-airflow/lib/python3.11/site-packages/airflow/example_dags/example_latest_only_with_trigger.py
[2025-08-26T18:26:02.479+0100] {processor.py:830} INFO - Processing file /Users/vlad.alex995/Desktop/de-sprint/.venv-airflow/lib/python3.11/site-packages/airflow/example_dags/example_latest_only_with_trigger.py for tasks to queue
[2025-08-26T18:26:02.479+0100] {logging_mixin.py:188} INFO - [2025-08-26T18:26:02.479+0100] {dagbag.py:545} INFO - Filling up the DagBag from /Users/vlad.alex995/Desktop/de-sprint/.venv-airflow/lib/python3.11/site-packages/airflow/example_dags/example_latest_only_with_trigger.py
[2025-08-26T18:26:02.482+0100] {processor.py:840} INFO - DAG(s) 'latest_only_with_trigger' retrieved from /Users/vlad.alex995/Desktop/de-sprint/.venv-airflow/lib/python3.11/site-packages/airflow/example_dags/example_latest_only_with_trigger.py
[2025-08-26T18:26:02.512+0100] {logging_mixin.py:188} INFO - [2025-08-26T18:26:02.512+0100] {dag.py:3089} INFO - Sync 1 DAGs
[2025-08-26T18:26:02.518+0100] {logging_mixin.py:188} INFO - [2025-08-26T18:26:02.518+0100] {dag.py:3947} INFO - Setting next_dagrun for latest_only_with_trigger to 2025-08-26 12:00:00+00:00, run_after=2025-08-26 16:00:00+00:00
[2025-08-26T18:26:02.524+0100] {processor.py:183} INFO - Processing /Users/vlad.alex995/Desktop/de-sprint/.venv-airflow/lib/python3.11/site-packages/airflow/example_dags/example_latest_only_with_trigger.py took 0.047 seconds
[2025-08-26T18:27:49.994+0100] {processor.py:161} INFO - Started process (PID=39689) to work on /Users/vlad.alex995/Desktop/de-sprint/.venv-airflow/lib/python3.11/site-packages/airflow/example_dags/example_latest_only_with_trigger.py
[2025-08-26T18:27:49.995+0100] {processor.py:830} INFO - Processing file /Users/vlad.alex995/Desktop/de-sprint/.venv-airflow/lib/python3.11/site-packages/airflow/example_dags/example_latest_only_with_trigger.py for tasks to queue
[2025-08-26T18:27:49.995+0100] {logging_mixin.py:188} INFO - [2025-08-26T18:27:49.995+0100] {dagbag.py:545} INFO - Filling up the DagBag from /Users/vlad.alex995/Desktop/de-sprint/.venv-airflow/lib/python3.11/site-packages/airflow/example_dags/example_latest_only_with_trigger.py
[2025-08-26T18:27:49.998+0100] {processor.py:840} INFO - DAG(s) 'latest_only_with_trigger' retrieved from /Users/vlad.alex995/Desktop/de-sprint/.venv-airflow/lib/python3.11/site-packages/airflow/example_dags/example_latest_only_with_trigger.py
[2025-08-26T18:27:50.031+0100] {logging_mixin.py:188} INFO - [2025-08-26T18:27:50.031+0100] {dag.py:3089} INFO - Sync 1 DAGs
[2025-08-26T18:27:50.037+0100] {logging_mixin.py:188} INFO - [2025-08-26T18:27:50.037+0100] {dag.py:3947} INFO - Setting next_dagrun for latest_only_with_trigger to 2025-08-26 12:00:00+00:00, run_after=2025-08-26 16:00:00+00:00
[2025-08-26T18:27:50.043+0100] {processor.py:183} INFO - Processing /Users/vlad.alex995/Desktop/de-sprint/.venv-airflow/lib/python3.11/site-packages/airflow/example_dags/example_latest_only_with_trigger.py took 0.051 seconds
