[2025-08-26T17:26:15.915+0100] {processor.py:161} INFO - Started process (PID=35362) to work on /Users/vlad.alex995/Desktop/de-sprint/.venv-airflow/lib/python3.11/site-packages/airflow/example_dags/example_bash_decorator.py
[2025-08-26T17:26:15.915+0100] {processor.py:830} INFO - Processing file /Users/vlad.alex995/Desktop/de-sprint/.venv-airflow/lib/python3.11/site-packages/airflow/example_dags/example_bash_decorator.py for tasks to queue
[2025-08-26T17:26:15.915+0100] {logging_mixin.py:188} INFO - [2025-08-26T17:26:15.915+0100] {dagbag.py:545} INFO - Filling up the DagBag from /Users/vlad.alex995/Desktop/de-sprint/.venv-airflow/lib/python3.11/site-packages/airflow/example_dags/example_bash_decorator.py
[2025-08-26T17:26:15.932+0100] {processor.py:840} INFO - DAG(s) 'example_bash_decorator' retrieved from /Users/vlad.alex995/Desktop/de-sprint/.venv-airflow/lib/python3.11/site-packages/airflow/example_dags/example_bash_decorator.py
[2025-08-26T17:26:15.987+0100] {logging_mixin.py:188} INFO - [2025-08-26T17:26:15.987+0100] {override.py:1858} INFO - Created Permission View: can delete on DAG:example_bash_decorator
[2025-08-26T17:26:15.989+0100] {logging_mixin.py:188} INFO - [2025-08-26T17:26:15.989+0100] {override.py:1858} INFO - Created Permission View: can edit on DAG:example_bash_decorator
[2025-08-26T17:26:15.991+0100] {logging_mixin.py:188} INFO - [2025-08-26T17:26:15.991+0100] {override.py:1858} INFO - Created Permission View: can read on DAG:example_bash_decorator
[2025-08-26T17:26:15.991+0100] {logging_mixin.py:188} INFO - [2025-08-26T17:26:15.991+0100] {dag.py:3089} INFO - Sync 1 DAGs
[2025-08-26T17:26:16.021+0100] {logging_mixin.py:188} INFO - [2025-08-26T17:26:16.021+0100] {dag.py:3111} INFO - Creating ORM DAG for example_bash_decorator
[2025-08-26T17:26:16.021+0100] {logging_mixin.py:188} INFO - [2025-08-26T17:26:16.021+0100] {dag.py:3947} INFO - Setting next_dagrun for example_bash_decorator to None, run_after=None
[2025-08-26T17:26:16.028+0100] {processor.py:183} INFO - Processing /Users/vlad.alex995/Desktop/de-sprint/.venv-airflow/lib/python3.11/site-packages/airflow/example_dags/example_bash_decorator.py took 0.114 seconds
[2025-08-26T17:27:45.965+0100] {processor.py:161} INFO - Started process (PID=35434) to work on /Users/vlad.alex995/Desktop/de-sprint/.venv-airflow/lib/python3.11/site-packages/airflow/example_dags/example_bash_decorator.py
[2025-08-26T17:27:45.966+0100] {processor.py:830} INFO - Processing file /Users/vlad.alex995/Desktop/de-sprint/.venv-airflow/lib/python3.11/site-packages/airflow/example_dags/example_bash_decorator.py for tasks to queue
[2025-08-26T17:27:45.967+0100] {logging_mixin.py:188} INFO - [2025-08-26T17:27:45.967+0100] {dagbag.py:545} INFO - Filling up the DagBag from /Users/vlad.alex995/Desktop/de-sprint/.venv-airflow/lib/python3.11/site-packages/airflow/example_dags/example_bash_decorator.py
[2025-08-26T17:27:45.981+0100] {processor.py:840} INFO - DAG(s) 'example_bash_decorator' retrieved from /Users/vlad.alex995/Desktop/de-sprint/.venv-airflow/lib/python3.11/site-packages/airflow/example_dags/example_bash_decorator.py
[2025-08-26T17:27:46.037+0100] {logging_mixin.py:188} INFO - [2025-08-26T17:27:46.036+0100] {dag.py:3089} INFO - Sync 1 DAGs
[2025-08-26T17:27:46.062+0100] {logging_mixin.py:188} INFO - [2025-08-26T17:27:46.062+0100] {dag.py:3947} INFO - Setting next_dagrun for example_bash_decorator to None, run_after=None
[2025-08-26T17:27:46.069+0100] {processor.py:183} INFO - Processing /Users/vlad.alex995/Desktop/de-sprint/.venv-airflow/lib/python3.11/site-packages/airflow/example_dags/example_bash_decorator.py took 0.105 seconds
[2025-08-26T17:29:21.986+0100] {processor.py:161} INFO - Started process (PID=35504) to work on /Users/vlad.alex995/Desktop/de-sprint/.venv-airflow/lib/python3.11/site-packages/airflow/example_dags/example_bash_decorator.py
[2025-08-26T17:29:21.987+0100] {processor.py:830} INFO - Processing file /Users/vlad.alex995/Desktop/de-sprint/.venv-airflow/lib/python3.11/site-packages/airflow/example_dags/example_bash_decorator.py for tasks to queue
[2025-08-26T17:29:21.987+0100] {logging_mixin.py:188} INFO - [2025-08-26T17:29:21.987+0100] {dagbag.py:545} INFO - Filling up the DagBag from /Users/vlad.alex995/Desktop/de-sprint/.venv-airflow/lib/python3.11/site-packages/airflow/example_dags/example_bash_decorator.py
[2025-08-26T17:29:22.002+0100] {processor.py:840} INFO - DAG(s) 'example_bash_decorator' retrieved from /Users/vlad.alex995/Desktop/de-sprint/.venv-airflow/lib/python3.11/site-packages/airflow/example_dags/example_bash_decorator.py
[2025-08-26T17:29:22.059+0100] {logging_mixin.py:188} INFO - [2025-08-26T17:29:22.059+0100] {dag.py:3089} INFO - Sync 1 DAGs
[2025-08-26T17:29:22.085+0100] {logging_mixin.py:188} INFO - [2025-08-26T17:29:22.085+0100] {dag.py:3947} INFO - Setting next_dagrun for example_bash_decorator to None, run_after=None
[2025-08-26T17:29:22.092+0100] {processor.py:183} INFO - Processing /Users/vlad.alex995/Desktop/de-sprint/.venv-airflow/lib/python3.11/site-packages/airflow/example_dags/example_bash_decorator.py took 0.107 seconds
[2025-08-26T17:30:51.927+0100] {processor.py:161} INFO - Started process (PID=35574) to work on /Users/vlad.alex995/Desktop/de-sprint/.venv-airflow/lib/python3.11/site-packages/airflow/example_dags/example_bash_decorator.py
[2025-08-26T17:30:51.928+0100] {processor.py:830} INFO - Processing file /Users/vlad.alex995/Desktop/de-sprint/.venv-airflow/lib/python3.11/site-packages/airflow/example_dags/example_bash_decorator.py for tasks to queue
[2025-08-26T17:30:51.928+0100] {logging_mixin.py:188} INFO - [2025-08-26T17:30:51.928+0100] {dagbag.py:545} INFO - Filling up the DagBag from /Users/vlad.alex995/Desktop/de-sprint/.venv-airflow/lib/python3.11/site-packages/airflow/example_dags/example_bash_decorator.py
[2025-08-26T17:30:51.943+0100] {processor.py:840} INFO - DAG(s) 'example_bash_decorator' retrieved from /Users/vlad.alex995/Desktop/de-sprint/.venv-airflow/lib/python3.11/site-packages/airflow/example_dags/example_bash_decorator.py
[2025-08-26T17:30:51.998+0100] {logging_mixin.py:188} INFO - [2025-08-26T17:30:51.998+0100] {dag.py:3089} INFO - Sync 1 DAGs
[2025-08-26T17:30:52.026+0100] {logging_mixin.py:188} INFO - [2025-08-26T17:30:52.026+0100] {dag.py:3947} INFO - Setting next_dagrun for example_bash_decorator to None, run_after=None
[2025-08-26T17:30:52.032+0100] {processor.py:183} INFO - Processing /Users/vlad.alex995/Desktop/de-sprint/.venv-airflow/lib/python3.11/site-packages/airflow/example_dags/example_bash_decorator.py took 0.106 seconds
[2025-08-26T17:32:23.623+0100] {processor.py:161} INFO - Started process (PID=35952) to work on /Users/vlad.alex995/Desktop/de-sprint/.venv-airflow/lib/python3.11/site-packages/airflow/example_dags/example_bash_decorator.py
[2025-08-26T17:32:23.624+0100] {processor.py:830} INFO - Processing file /Users/vlad.alex995/Desktop/de-sprint/.venv-airflow/lib/python3.11/site-packages/airflow/example_dags/example_bash_decorator.py for tasks to queue
[2025-08-26T17:32:23.624+0100] {logging_mixin.py:188} INFO - [2025-08-26T17:32:23.624+0100] {dagbag.py:545} INFO - Filling up the DagBag from /Users/vlad.alex995/Desktop/de-sprint/.venv-airflow/lib/python3.11/site-packages/airflow/example_dags/example_bash_decorator.py
[2025-08-26T17:32:23.639+0100] {processor.py:840} INFO - DAG(s) 'example_bash_decorator' retrieved from /Users/vlad.alex995/Desktop/de-sprint/.venv-airflow/lib/python3.11/site-packages/airflow/example_dags/example_bash_decorator.py
[2025-08-26T17:32:23.693+0100] {logging_mixin.py:188} INFO - [2025-08-26T17:32:23.693+0100] {dag.py:3089} INFO - Sync 1 DAGs
[2025-08-26T17:32:23.718+0100] {logging_mixin.py:188} INFO - [2025-08-26T17:32:23.718+0100] {dag.py:3947} INFO - Setting next_dagrun for example_bash_decorator to None, run_after=None
[2025-08-26T17:32:23.724+0100] {processor.py:183} INFO - Processing /Users/vlad.alex995/Desktop/de-sprint/.venv-airflow/lib/python3.11/site-packages/airflow/example_dags/example_bash_decorator.py took 0.101 seconds
[2025-08-26T18:11:58.233+0100] {processor.py:161} INFO - Started process (PID=37449) to work on /Users/vlad.alex995/Desktop/de-sprint/.venv-airflow/lib/python3.11/site-packages/airflow/example_dags/example_bash_decorator.py
[2025-08-26T18:11:58.234+0100] {processor.py:830} INFO - Processing file /Users/vlad.alex995/Desktop/de-sprint/.venv-airflow/lib/python3.11/site-packages/airflow/example_dags/example_bash_decorator.py for tasks to queue
[2025-08-26T18:11:58.234+0100] {logging_mixin.py:188} INFO - [2025-08-26T18:11:58.234+0100] {dagbag.py:545} INFO - Filling up the DagBag from /Users/vlad.alex995/Desktop/de-sprint/.venv-airflow/lib/python3.11/site-packages/airflow/example_dags/example_bash_decorator.py
[2025-08-26T18:11:58.251+0100] {processor.py:840} INFO - DAG(s) 'example_bash_decorator' retrieved from /Users/vlad.alex995/Desktop/de-sprint/.venv-airflow/lib/python3.11/site-packages/airflow/example_dags/example_bash_decorator.py
[2025-08-26T18:11:58.311+0100] {logging_mixin.py:188} INFO - [2025-08-26T18:11:58.311+0100] {dag.py:3089} INFO - Sync 1 DAGs
[2025-08-26T18:11:58.340+0100] {logging_mixin.py:188} INFO - [2025-08-26T18:11:58.339+0100] {dag.py:3947} INFO - Setting next_dagrun for example_bash_decorator to None, run_after=None
[2025-08-26T18:11:58.347+0100] {processor.py:183} INFO - Processing /Users/vlad.alex995/Desktop/de-sprint/.venv-airflow/lib/python3.11/site-packages/airflow/example_dags/example_bash_decorator.py took 0.115 seconds
[2025-08-26T18:13:29.759+0100] {processor.py:161} INFO - Started process (PID=37520) to work on /Users/vlad.alex995/Desktop/de-sprint/.venv-airflow/lib/python3.11/site-packages/airflow/example_dags/example_bash_decorator.py
[2025-08-26T18:13:29.759+0100] {processor.py:830} INFO - Processing file /Users/vlad.alex995/Desktop/de-sprint/.venv-airflow/lib/python3.11/site-packages/airflow/example_dags/example_bash_decorator.py for tasks to queue
[2025-08-26T18:13:29.759+0100] {logging_mixin.py:188} INFO - [2025-08-26T18:13:29.759+0100] {dagbag.py:545} INFO - Filling up the DagBag from /Users/vlad.alex995/Desktop/de-sprint/.venv-airflow/lib/python3.11/site-packages/airflow/example_dags/example_bash_decorator.py
[2025-08-26T18:13:29.774+0100] {processor.py:840} INFO - DAG(s) 'example_bash_decorator' retrieved from /Users/vlad.alex995/Desktop/de-sprint/.venv-airflow/lib/python3.11/site-packages/airflow/example_dags/example_bash_decorator.py
[2025-08-26T18:13:29.827+0100] {logging_mixin.py:188} INFO - [2025-08-26T18:13:29.827+0100] {dag.py:3089} INFO - Sync 1 DAGs
[2025-08-26T18:13:29.850+0100] {logging_mixin.py:188} INFO - [2025-08-26T18:13:29.850+0100] {dag.py:3947} INFO - Setting next_dagrun for example_bash_decorator to None, run_after=None
[2025-08-26T18:13:29.856+0100] {processor.py:183} INFO - Processing /Users/vlad.alex995/Desktop/de-sprint/.venv-airflow/lib/python3.11/site-packages/airflow/example_dags/example_bash_decorator.py took 0.098 seconds
[2025-08-26T18:14:57.641+0100] {processor.py:161} INFO - Started process (PID=37985) to work on /Users/vlad.alex995/Desktop/de-sprint/.venv-airflow/lib/python3.11/site-packages/airflow/example_dags/example_bash_decorator.py
[2025-08-26T18:14:57.642+0100] {processor.py:830} INFO - Processing file /Users/vlad.alex995/Desktop/de-sprint/.venv-airflow/lib/python3.11/site-packages/airflow/example_dags/example_bash_decorator.py for tasks to queue
[2025-08-26T18:14:57.642+0100] {logging_mixin.py:188} INFO - [2025-08-26T18:14:57.642+0100] {dagbag.py:545} INFO - Filling up the DagBag from /Users/vlad.alex995/Desktop/de-sprint/.venv-airflow/lib/python3.11/site-packages/airflow/example_dags/example_bash_decorator.py
[2025-08-26T18:14:57.657+0100] {processor.py:840} INFO - DAG(s) 'example_bash_decorator' retrieved from /Users/vlad.alex995/Desktop/de-sprint/.venv-airflow/lib/python3.11/site-packages/airflow/example_dags/example_bash_decorator.py
[2025-08-26T18:14:57.720+0100] {logging_mixin.py:188} INFO - [2025-08-26T18:14:57.720+0100] {dag.py:3089} INFO - Sync 1 DAGs
[2025-08-26T18:14:57.743+0100] {logging_mixin.py:188} INFO - [2025-08-26T18:14:57.743+0100] {dag.py:3947} INFO - Setting next_dagrun for example_bash_decorator to None, run_after=None
[2025-08-26T18:14:57.748+0100] {processor.py:183} INFO - Processing /Users/vlad.alex995/Desktop/de-sprint/.venv-airflow/lib/python3.11/site-packages/airflow/example_dags/example_bash_decorator.py took 0.109 seconds
[2025-08-26T18:16:30.358+0100] {processor.py:161} INFO - Started process (PID=38060) to work on /Users/vlad.alex995/Desktop/de-sprint/.venv-airflow/lib/python3.11/site-packages/airflow/example_dags/example_bash_decorator.py
[2025-08-26T18:16:30.359+0100] {processor.py:830} INFO - Processing file /Users/vlad.alex995/Desktop/de-sprint/.venv-airflow/lib/python3.11/site-packages/airflow/example_dags/example_bash_decorator.py for tasks to queue
[2025-08-26T18:16:30.359+0100] {logging_mixin.py:188} INFO - [2025-08-26T18:16:30.359+0100] {dagbag.py:545} INFO - Filling up the DagBag from /Users/vlad.alex995/Desktop/de-sprint/.venv-airflow/lib/python3.11/site-packages/airflow/example_dags/example_bash_decorator.py
[2025-08-26T18:16:30.374+0100] {processor.py:840} INFO - DAG(s) 'example_bash_decorator' retrieved from /Users/vlad.alex995/Desktop/de-sprint/.venv-airflow/lib/python3.11/site-packages/airflow/example_dags/example_bash_decorator.py
[2025-08-26T18:16:30.428+0100] {logging_mixin.py:188} INFO - [2025-08-26T18:16:30.428+0100] {dag.py:3089} INFO - Sync 1 DAGs
[2025-08-26T18:16:30.453+0100] {logging_mixin.py:188} INFO - [2025-08-26T18:16:30.453+0100] {dag.py:3947} INFO - Setting next_dagrun for example_bash_decorator to None, run_after=None
[2025-08-26T18:16:30.459+0100] {processor.py:183} INFO - Processing /Users/vlad.alex995/Desktop/de-sprint/.venv-airflow/lib/python3.11/site-packages/airflow/example_dags/example_bash_decorator.py took 0.102 seconds
[2025-08-26T18:18:09.180+0100] {processor.py:161} INFO - Started process (PID=38423) to work on /Users/vlad.alex995/Desktop/de-sprint/.venv-airflow/lib/python3.11/site-packages/airflow/example_dags/example_bash_decorator.py
[2025-08-26T18:18:09.181+0100] {processor.py:830} INFO - Processing file /Users/vlad.alex995/Desktop/de-sprint/.venv-airflow/lib/python3.11/site-packages/airflow/example_dags/example_bash_decorator.py for tasks to queue
[2025-08-26T18:18:09.182+0100] {logging_mixin.py:188} INFO - [2025-08-26T18:18:09.181+0100] {dagbag.py:545} INFO - Filling up the DagBag from /Users/vlad.alex995/Desktop/de-sprint/.venv-airflow/lib/python3.11/site-packages/airflow/example_dags/example_bash_decorator.py
[2025-08-26T18:18:09.196+0100] {processor.py:840} INFO - DAG(s) 'example_bash_decorator' retrieved from /Users/vlad.alex995/Desktop/de-sprint/.venv-airflow/lib/python3.11/site-packages/airflow/example_dags/example_bash_decorator.py
[2025-08-26T18:18:09.249+0100] {logging_mixin.py:188} INFO - [2025-08-26T18:18:09.249+0100] {dag.py:3089} INFO - Sync 1 DAGs
[2025-08-26T18:18:09.274+0100] {logging_mixin.py:188} INFO - [2025-08-26T18:18:09.274+0100] {dag.py:3947} INFO - Setting next_dagrun for example_bash_decorator to None, run_after=None
[2025-08-26T18:18:09.280+0100] {processor.py:183} INFO - Processing /Users/vlad.alex995/Desktop/de-sprint/.venv-airflow/lib/python3.11/site-packages/airflow/example_dags/example_bash_decorator.py took 0.101 seconds
[2025-08-26T18:20:23.445+0100] {processor.py:161} INFO - Started process (PID=38916) to work on /Users/vlad.alex995/Desktop/de-sprint/.venv-airflow/lib/python3.11/site-packages/airflow/example_dags/example_bash_decorator.py
[2025-08-26T18:20:23.446+0100] {processor.py:830} INFO - Processing file /Users/vlad.alex995/Desktop/de-sprint/.venv-airflow/lib/python3.11/site-packages/airflow/example_dags/example_bash_decorator.py for tasks to queue
[2025-08-26T18:20:23.446+0100] {logging_mixin.py:188} INFO - [2025-08-26T18:20:23.446+0100] {dagbag.py:545} INFO - Filling up the DagBag from /Users/vlad.alex995/Desktop/de-sprint/.venv-airflow/lib/python3.11/site-packages/airflow/example_dags/example_bash_decorator.py
[2025-08-26T18:20:23.465+0100] {processor.py:840} INFO - DAG(s) 'example_bash_decorator' retrieved from /Users/vlad.alex995/Desktop/de-sprint/.venv-airflow/lib/python3.11/site-packages/airflow/example_dags/example_bash_decorator.py
[2025-08-26T18:20:23.535+0100] {logging_mixin.py:188} INFO - [2025-08-26T18:20:23.535+0100] {dag.py:3089} INFO - Sync 1 DAGs
[2025-08-26T18:20:23.563+0100] {logging_mixin.py:188} INFO - [2025-08-26T18:20:23.563+0100] {dag.py:3947} INFO - Setting next_dagrun for example_bash_decorator to None, run_after=None
[2025-08-26T18:20:23.570+0100] {processor.py:183} INFO - Processing /Users/vlad.alex995/Desktop/de-sprint/.venv-airflow/lib/python3.11/site-packages/airflow/example_dags/example_bash_decorator.py took 0.126 seconds
[2025-08-26T18:21:57.436+0100] {processor.py:161} INFO - Started process (PID=38999) to work on /Users/vlad.alex995/Desktop/de-sprint/.venv-airflow/lib/python3.11/site-packages/airflow/example_dags/example_bash_decorator.py
[2025-08-26T18:21:57.437+0100] {processor.py:830} INFO - Processing file /Users/vlad.alex995/Desktop/de-sprint/.venv-airflow/lib/python3.11/site-packages/airflow/example_dags/example_bash_decorator.py for tasks to queue
[2025-08-26T18:21:57.437+0100] {logging_mixin.py:188} INFO - [2025-08-26T18:21:57.437+0100] {dagbag.py:545} INFO - Filling up the DagBag from /Users/vlad.alex995/Desktop/de-sprint/.venv-airflow/lib/python3.11/site-packages/airflow/example_dags/example_bash_decorator.py
[2025-08-26T18:21:57.452+0100] {processor.py:840} INFO - DAG(s) 'example_bash_decorator' retrieved from /Users/vlad.alex995/Desktop/de-sprint/.venv-airflow/lib/python3.11/site-packages/airflow/example_dags/example_bash_decorator.py
[2025-08-26T18:21:57.508+0100] {logging_mixin.py:188} INFO - [2025-08-26T18:21:57.508+0100] {dag.py:3089} INFO - Sync 1 DAGs
[2025-08-26T18:21:57.539+0100] {logging_mixin.py:188} INFO - [2025-08-26T18:21:57.539+0100] {dag.py:3947} INFO - Setting next_dagrun for example_bash_decorator to None, run_after=None
[2025-08-26T18:21:57.546+0100] {processor.py:183} INFO - Processing /Users/vlad.alex995/Desktop/de-sprint/.venv-airflow/lib/python3.11/site-packages/airflow/example_dags/example_bash_decorator.py took 0.111 seconds
[2025-08-26T18:23:24.964+0100] {processor.py:161} INFO - Started process (PID=39069) to work on /Users/vlad.alex995/Desktop/de-sprint/.venv-airflow/lib/python3.11/site-packages/airflow/example_dags/example_bash_decorator.py
[2025-08-26T18:23:24.964+0100] {processor.py:830} INFO - Processing file /Users/vlad.alex995/Desktop/de-sprint/.venv-airflow/lib/python3.11/site-packages/airflow/example_dags/example_bash_decorator.py for tasks to queue
[2025-08-26T18:23:24.964+0100] {logging_mixin.py:188} INFO - [2025-08-26T18:23:24.964+0100] {dagbag.py:545} INFO - Filling up the DagBag from /Users/vlad.alex995/Desktop/de-sprint/.venv-airflow/lib/python3.11/site-packages/airflow/example_dags/example_bash_decorator.py
[2025-08-26T18:23:24.979+0100] {processor.py:840} INFO - DAG(s) 'example_bash_decorator' retrieved from /Users/vlad.alex995/Desktop/de-sprint/.venv-airflow/lib/python3.11/site-packages/airflow/example_dags/example_bash_decorator.py
[2025-08-26T18:23:25.032+0100] {logging_mixin.py:188} INFO - [2025-08-26T18:23:25.032+0100] {dag.py:3089} INFO - Sync 1 DAGs
[2025-08-26T18:23:25.056+0100] {logging_mixin.py:188} INFO - [2025-08-26T18:23:25.056+0100] {dag.py:3947} INFO - Setting next_dagrun for example_bash_decorator to None, run_after=None
[2025-08-26T18:23:25.062+0100] {processor.py:183} INFO - Processing /Users/vlad.alex995/Desktop/de-sprint/.venv-airflow/lib/python3.11/site-packages/airflow/example_dags/example_bash_decorator.py took 0.099 seconds
[2025-08-26T18:24:51.245+0100] {processor.py:161} INFO - Started process (PID=39143) to work on /Users/vlad.alex995/Desktop/de-sprint/.venv-airflow/lib/python3.11/site-packages/airflow/example_dags/example_bash_decorator.py
[2025-08-26T18:24:51.246+0100] {processor.py:830} INFO - Processing file /Users/vlad.alex995/Desktop/de-sprint/.venv-airflow/lib/python3.11/site-packages/airflow/example_dags/example_bash_decorator.py for tasks to queue
[2025-08-26T18:24:51.247+0100] {logging_mixin.py:188} INFO - [2025-08-26T18:24:51.247+0100] {dagbag.py:545} INFO - Filling up the DagBag from /Users/vlad.alex995/Desktop/de-sprint/.venv-airflow/lib/python3.11/site-packages/airflow/example_dags/example_bash_decorator.py
[2025-08-26T18:24:51.262+0100] {processor.py:840} INFO - DAG(s) 'example_bash_decorator' retrieved from /Users/vlad.alex995/Desktop/de-sprint/.venv-airflow/lib/python3.11/site-packages/airflow/example_dags/example_bash_decorator.py
[2025-08-26T18:24:51.326+0100] {logging_mixin.py:188} INFO - [2025-08-26T18:24:51.326+0100] {dag.py:3089} INFO - Sync 1 DAGs
[2025-08-26T18:24:51.349+0100] {logging_mixin.py:188} INFO - [2025-08-26T18:24:51.349+0100] {dag.py:3947} INFO - Setting next_dagrun for example_bash_decorator to None, run_after=None
[2025-08-26T18:24:51.355+0100] {processor.py:183} INFO - Processing /Users/vlad.alex995/Desktop/de-sprint/.venv-airflow/lib/python3.11/site-packages/airflow/example_dags/example_bash_decorator.py took 0.110 seconds
[2025-08-26T18:26:28.337+0100] {processor.py:161} INFO - Started process (PID=39234) to work on /Users/vlad.alex995/Desktop/de-sprint/.venv-airflow/lib/python3.11/site-packages/airflow/example_dags/example_bash_decorator.py
[2025-08-26T18:26:28.337+0100] {processor.py:830} INFO - Processing file /Users/vlad.alex995/Desktop/de-sprint/.venv-airflow/lib/python3.11/site-packages/airflow/example_dags/example_bash_decorator.py for tasks to queue
[2025-08-26T18:26:28.337+0100] {logging_mixin.py:188} INFO - [2025-08-26T18:26:28.337+0100] {dagbag.py:545} INFO - Filling up the DagBag from /Users/vlad.alex995/Desktop/de-sprint/.venv-airflow/lib/python3.11/site-packages/airflow/example_dags/example_bash_decorator.py
[2025-08-26T18:26:28.353+0100] {processor.py:840} INFO - DAG(s) 'example_bash_decorator' retrieved from /Users/vlad.alex995/Desktop/de-sprint/.venv-airflow/lib/python3.11/site-packages/airflow/example_dags/example_bash_decorator.py
[2025-08-26T18:26:28.420+0100] {logging_mixin.py:188} INFO - [2025-08-26T18:26:28.420+0100] {dag.py:3089} INFO - Sync 1 DAGs
[2025-08-26T18:26:28.445+0100] {logging_mixin.py:188} INFO - [2025-08-26T18:26:28.445+0100] {dag.py:3947} INFO - Setting next_dagrun for example_bash_decorator to None, run_after=None
[2025-08-26T18:26:28.451+0100] {processor.py:183} INFO - Processing /Users/vlad.alex995/Desktop/de-sprint/.venv-airflow/lib/python3.11/site-packages/airflow/example_dags/example_bash_decorator.py took 0.116 seconds
