[2025-08-26T17:25:59.708+0100] {processor.py:161} INFO - Started process (PID=35352) to work on /Users/vlad.alex995/Desktop/de-sprint/.venv-airflow/lib/python3.11/site-packages/airflow/example_dags/example_datasets.py
[2025-08-26T17:25:59.708+0100] {processor.py:830} INFO - Processing file /Users/vlad.alex995/Desktop/de-sprint/.venv-airflow/lib/python3.11/site-packages/airflow/example_dags/example_datasets.py for tasks to queue
[2025-08-26T17:25:59.709+0100] {logging_mixin.py:188} INFO - [2025-08-26T17:25:59.709+0100] {dagbag.py:545} INFO - Filling up the DagBag from /Users/vlad.alex995/Desktop/de-sprint/.venv-airflow/lib/python3.11/site-packages/airflow/example_dags/example_datasets.py
[2025-08-26T17:25:59.726+0100] {processor.py:840} INFO - DAG(s) 'dataset_consumes_unknown_never_scheduled', 'consume_1_or_2_with_dataset_expressions', 'consume_1_or_both_2_and_3_with_dataset_expressions', 'dataset_produces_1', 'dataset_produces_2', 'conditional_dataset_and_time_based_timetable', 'dataset_consumes_1', 'dataset_consumes_1_and_2', 'dataset_consumes_1_never_scheduled', 'consume_1_and_2_with_dataset_expressions' retrieved from /Users/vlad.alex995/Desktop/de-sprint/.venv-airflow/lib/python3.11/site-packages/airflow/example_dags/example_datasets.py
[2025-08-26T17:25:59.781+0100] {logging_mixin.py:188} INFO - [2025-08-26T17:25:59.781+0100] {override.py:1858} INFO - Created Permission View: can delete on DAG:dataset_consumes_unknown_never_scheduled
[2025-08-26T17:25:59.784+0100] {logging_mixin.py:188} INFO - [2025-08-26T17:25:59.784+0100] {override.py:1858} INFO - Created Permission View: can read on DAG:dataset_consumes_unknown_never_scheduled
[2025-08-26T17:25:59.786+0100] {logging_mixin.py:188} INFO - [2025-08-26T17:25:59.786+0100] {override.py:1858} INFO - Created Permission View: can edit on DAG:dataset_consumes_unknown_never_scheduled
[2025-08-26T17:25:59.789+0100] {logging_mixin.py:188} INFO - [2025-08-26T17:25:59.789+0100] {override.py:1858} INFO - Created Permission View: can delete on DAG:consume_1_or_2_with_dataset_expressions
[2025-08-26T17:25:59.791+0100] {logging_mixin.py:188} INFO - [2025-08-26T17:25:59.791+0100] {override.py:1858} INFO - Created Permission View: can read on DAG:consume_1_or_2_with_dataset_expressions
[2025-08-26T17:25:59.793+0100] {logging_mixin.py:188} INFO - [2025-08-26T17:25:59.793+0100] {override.py:1858} INFO - Created Permission View: can edit on DAG:consume_1_or_2_with_dataset_expressions
[2025-08-26T17:25:59.796+0100] {logging_mixin.py:188} INFO - [2025-08-26T17:25:59.796+0100] {override.py:1858} INFO - Created Permission View: can delete on DAG:consume_1_or_both_2_and_3_with_dataset_expressions
[2025-08-26T17:25:59.797+0100] {logging_mixin.py:188} INFO - [2025-08-26T17:25:59.797+0100] {override.py:1858} INFO - Created Permission View: can read on DAG:consume_1_or_both_2_and_3_with_dataset_expressions
[2025-08-26T17:25:59.799+0100] {logging_mixin.py:188} INFO - [2025-08-26T17:25:59.799+0100] {override.py:1858} INFO - Created Permission View: can edit on DAG:consume_1_or_both_2_and_3_with_dataset_expressions
[2025-08-26T17:25:59.802+0100] {logging_mixin.py:188} INFO - [2025-08-26T17:25:59.802+0100] {override.py:1858} INFO - Created Permission View: can delete on DAG:dataset_produces_1
[2025-08-26T17:25:59.804+0100] {logging_mixin.py:188} INFO - [2025-08-26T17:25:59.804+0100] {override.py:1858} INFO - Created Permission View: can read on DAG:dataset_produces_1
[2025-08-26T17:25:59.805+0100] {logging_mixin.py:188} INFO - [2025-08-26T17:25:59.805+0100] {override.py:1858} INFO - Created Permission View: can edit on DAG:dataset_produces_1
[2025-08-26T17:25:59.808+0100] {logging_mixin.py:188} INFO - [2025-08-26T17:25:59.808+0100] {override.py:1858} INFO - Created Permission View: can delete on DAG:dataset_produces_2
[2025-08-26T17:25:59.810+0100] {logging_mixin.py:188} INFO - [2025-08-26T17:25:59.810+0100] {override.py:1858} INFO - Created Permission View: can read on DAG:dataset_produces_2
[2025-08-26T17:25:59.811+0100] {logging_mixin.py:188} INFO - [2025-08-26T17:25:59.811+0100] {override.py:1858} INFO - Created Permission View: can edit on DAG:dataset_produces_2
[2025-08-26T17:25:59.814+0100] {logging_mixin.py:188} INFO - [2025-08-26T17:25:59.814+0100] {override.py:1858} INFO - Created Permission View: can delete on DAG:conditional_dataset_and_time_based_timetable
[2025-08-26T17:25:59.815+0100] {logging_mixin.py:188} INFO - [2025-08-26T17:25:59.815+0100] {override.py:1858} INFO - Created Permission View: can read on DAG:conditional_dataset_and_time_based_timetable
[2025-08-26T17:25:59.817+0100] {logging_mixin.py:188} INFO - [2025-08-26T17:25:59.817+0100] {override.py:1858} INFO - Created Permission View: can edit on DAG:conditional_dataset_and_time_based_timetable
[2025-08-26T17:25:59.820+0100] {logging_mixin.py:188} INFO - [2025-08-26T17:25:59.820+0100] {override.py:1858} INFO - Created Permission View: can delete on DAG:dataset_consumes_1
[2025-08-26T17:25:59.821+0100] {logging_mixin.py:188} INFO - [2025-08-26T17:25:59.821+0100] {override.py:1858} INFO - Created Permission View: can read on DAG:dataset_consumes_1
[2025-08-26T17:25:59.822+0100] {logging_mixin.py:188} INFO - [2025-08-26T17:25:59.822+0100] {override.py:1858} INFO - Created Permission View: can edit on DAG:dataset_consumes_1
[2025-08-26T17:25:59.826+0100] {logging_mixin.py:188} INFO - [2025-08-26T17:25:59.826+0100] {override.py:1858} INFO - Created Permission View: can delete on DAG:dataset_consumes_1_and_2
[2025-08-26T17:25:59.827+0100] {logging_mixin.py:188} INFO - [2025-08-26T17:25:59.827+0100] {override.py:1858} INFO - Created Permission View: can read on DAG:dataset_consumes_1_and_2
[2025-08-26T17:25:59.828+0100] {logging_mixin.py:188} INFO - [2025-08-26T17:25:59.828+0100] {override.py:1858} INFO - Created Permission View: can edit on DAG:dataset_consumes_1_and_2
[2025-08-26T17:25:59.831+0100] {logging_mixin.py:188} INFO - [2025-08-26T17:25:59.831+0100] {override.py:1858} INFO - Created Permission View: can delete on DAG:dataset_consumes_1_never_scheduled
[2025-08-26T17:25:59.833+0100] {logging_mixin.py:188} INFO - [2025-08-26T17:25:59.833+0100] {override.py:1858} INFO - Created Permission View: can read on DAG:dataset_consumes_1_never_scheduled
[2025-08-26T17:25:59.834+0100] {logging_mixin.py:188} INFO - [2025-08-26T17:25:59.834+0100] {override.py:1858} INFO - Created Permission View: can edit on DAG:dataset_consumes_1_never_scheduled
[2025-08-26T17:25:59.837+0100] {logging_mixin.py:188} INFO - [2025-08-26T17:25:59.837+0100] {override.py:1858} INFO - Created Permission View: can delete on DAG:consume_1_and_2_with_dataset_expressions
[2025-08-26T17:25:59.838+0100] {logging_mixin.py:188} INFO - [2025-08-26T17:25:59.838+0100] {override.py:1858} INFO - Created Permission View: can read on DAG:consume_1_and_2_with_dataset_expressions
[2025-08-26T17:25:59.840+0100] {logging_mixin.py:188} INFO - [2025-08-26T17:25:59.840+0100] {override.py:1858} INFO - Created Permission View: can edit on DAG:consume_1_and_2_with_dataset_expressions
[2025-08-26T17:25:59.840+0100] {logging_mixin.py:188} INFO - [2025-08-26T17:25:59.840+0100] {dag.py:3089} INFO - Sync 10 DAGs
[2025-08-26T17:25:59.843+0100] {logging_mixin.py:188} INFO - [2025-08-26T17:25:59.843+0100] {dag.py:3111} INFO - Creating ORM DAG for consume_1_or_both_2_and_3_with_dataset_expressions
[2025-08-26T17:25:59.843+0100] {logging_mixin.py:188} INFO - [2025-08-26T17:25:59.843+0100] {dag.py:3111} INFO - Creating ORM DAG for dataset_consumes_1_and_2
[2025-08-26T17:25:59.843+0100] {logging_mixin.py:188} INFO - [2025-08-26T17:25:59.843+0100] {dag.py:3111} INFO - Creating ORM DAG for dataset_consumes_1_never_scheduled
[2025-08-26T17:25:59.843+0100] {logging_mixin.py:188} INFO - [2025-08-26T17:25:59.843+0100] {dag.py:3111} INFO - Creating ORM DAG for dataset_consumes_unknown_never_scheduled
[2025-08-26T17:25:59.843+0100] {logging_mixin.py:188} INFO - [2025-08-26T17:25:59.843+0100] {dag.py:3111} INFO - Creating ORM DAG for dataset_consumes_1
[2025-08-26T17:25:59.844+0100] {logging_mixin.py:188} INFO - [2025-08-26T17:25:59.843+0100] {dag.py:3111} INFO - Creating ORM DAG for consume_1_or_2_with_dataset_expressions
[2025-08-26T17:25:59.844+0100] {logging_mixin.py:188} INFO - [2025-08-26T17:25:59.844+0100] {dag.py:3111} INFO - Creating ORM DAG for dataset_produces_1
[2025-08-26T17:25:59.844+0100] {logging_mixin.py:188} INFO - [2025-08-26T17:25:59.844+0100] {dag.py:3111} INFO - Creating ORM DAG for consume_1_and_2_with_dataset_expressions
[2025-08-26T17:25:59.844+0100] {logging_mixin.py:188} INFO - [2025-08-26T17:25:59.844+0100] {dag.py:3111} INFO - Creating ORM DAG for conditional_dataset_and_time_based_timetable
[2025-08-26T17:25:59.844+0100] {logging_mixin.py:188} INFO - [2025-08-26T17:25:59.844+0100] {dag.py:3111} INFO - Creating ORM DAG for dataset_produces_2
[2025-08-26T17:25:59.847+0100] {logging_mixin.py:188} INFO - [2025-08-26T17:25:59.846+0100] {dag.py:3947} INFO - Setting next_dagrun for conditional_dataset_and_time_based_timetable to 2025-08-20 01:00:00+00:00, run_after=2025-08-20 01:00:00+00:00
[2025-08-26T17:25:59.847+0100] {logging_mixin.py:188} INFO - [2025-08-26T17:25:59.847+0100] {dag.py:3947} INFO - Setting next_dagrun for consume_1_and_2_with_dataset_expressions to None, run_after=None
[2025-08-26T17:25:59.847+0100] {logging_mixin.py:188} INFO - [2025-08-26T17:25:59.847+0100] {dag.py:3947} INFO - Setting next_dagrun for consume_1_or_2_with_dataset_expressions to None, run_after=None
[2025-08-26T17:25:59.847+0100] {logging_mixin.py:188} INFO - [2025-08-26T17:25:59.847+0100] {dag.py:3947} INFO - Setting next_dagrun for consume_1_or_both_2_and_3_with_dataset_expressions to None, run_after=None
[2025-08-26T17:25:59.847+0100] {logging_mixin.py:188} INFO - [2025-08-26T17:25:59.847+0100] {dag.py:3947} INFO - Setting next_dagrun for dataset_consumes_1 to None, run_after=None
[2025-08-26T17:25:59.847+0100] {logging_mixin.py:188} INFO - [2025-08-26T17:25:59.847+0100] {dag.py:3947} INFO - Setting next_dagrun for dataset_consumes_1_and_2 to None, run_after=None
[2025-08-26T17:25:59.847+0100] {logging_mixin.py:188} INFO - [2025-08-26T17:25:59.847+0100] {dag.py:3947} INFO - Setting next_dagrun for dataset_consumes_1_never_scheduled to None, run_after=None
[2025-08-26T17:25:59.847+0100] {logging_mixin.py:188} INFO - [2025-08-26T17:25:59.847+0100] {dag.py:3947} INFO - Setting next_dagrun for dataset_consumes_unknown_never_scheduled to None, run_after=None
[2025-08-26T17:25:59.848+0100] {logging_mixin.py:188} INFO - [2025-08-26T17:25:59.848+0100] {dag.py:3947} INFO - Setting next_dagrun for dataset_produces_1 to 2025-08-25 00:00:00+00:00, run_after=2025-08-26 00:00:00+00:00
[2025-08-26T17:25:59.848+0100] {logging_mixin.py:188} INFO - [2025-08-26T17:25:59.848+0100] {dag.py:3947} INFO - Setting next_dagrun for dataset_produces_2 to None, run_after=None
[2025-08-26T17:25:59.883+0100] {processor.py:183} INFO - Processing /Users/vlad.alex995/Desktop/de-sprint/.venv-airflow/lib/python3.11/site-packages/airflow/example_dags/example_datasets.py took 0.176 seconds
[2025-08-26T17:27:30.388+0100] {processor.py:161} INFO - Started process (PID=35424) to work on /Users/vlad.alex995/Desktop/de-sprint/.venv-airflow/lib/python3.11/site-packages/airflow/example_dags/example_datasets.py
[2025-08-26T17:27:30.389+0100] {processor.py:830} INFO - Processing file /Users/vlad.alex995/Desktop/de-sprint/.venv-airflow/lib/python3.11/site-packages/airflow/example_dags/example_datasets.py for tasks to queue
[2025-08-26T17:27:30.389+0100] {logging_mixin.py:188} INFO - [2025-08-26T17:27:30.389+0100] {dagbag.py:545} INFO - Filling up the DagBag from /Users/vlad.alex995/Desktop/de-sprint/.venv-airflow/lib/python3.11/site-packages/airflow/example_dags/example_datasets.py
[2025-08-26T17:27:30.407+0100] {processor.py:840} INFO - DAG(s) 'consume_1_and_2_with_dataset_expressions', 'dataset_consumes_unknown_never_scheduled', 'conditional_dataset_and_time_based_timetable', 'dataset_produces_1', 'consume_1_or_2_with_dataset_expressions', 'dataset_produces_2', 'dataset_consumes_1', 'dataset_consumes_1_and_2', 'consume_1_or_both_2_and_3_with_dataset_expressions', 'dataset_consumes_1_never_scheduled' retrieved from /Users/vlad.alex995/Desktop/de-sprint/.venv-airflow/lib/python3.11/site-packages/airflow/example_dags/example_datasets.py
[2025-08-26T17:27:30.447+0100] {logging_mixin.py:188} INFO - [2025-08-26T17:27:30.447+0100] {dag.py:3089} INFO - Sync 10 DAGs
[2025-08-26T17:27:30.456+0100] {logging_mixin.py:188} INFO - [2025-08-26T17:27:30.455+0100] {dag.py:3947} INFO - Setting next_dagrun for conditional_dataset_and_time_based_timetable to 2025-08-20 01:00:00+00:00, run_after=2025-08-20 01:00:00+00:00
[2025-08-26T17:27:30.457+0100] {logging_mixin.py:188} INFO - [2025-08-26T17:27:30.457+0100] {dag.py:3947} INFO - Setting next_dagrun for consume_1_and_2_with_dataset_expressions to None, run_after=None
[2025-08-26T17:27:30.457+0100] {logging_mixin.py:188} INFO - [2025-08-26T17:27:30.457+0100] {dag.py:3947} INFO - Setting next_dagrun for consume_1_or_2_with_dataset_expressions to None, run_after=None
[2025-08-26T17:27:30.457+0100] {logging_mixin.py:188} INFO - [2025-08-26T17:27:30.457+0100] {dag.py:3947} INFO - Setting next_dagrun for consume_1_or_both_2_and_3_with_dataset_expressions to None, run_after=None
[2025-08-26T17:27:30.458+0100] {logging_mixin.py:188} INFO - [2025-08-26T17:27:30.458+0100] {dag.py:3947} INFO - Setting next_dagrun for dataset_consumes_1 to None, run_after=None
[2025-08-26T17:27:30.458+0100] {logging_mixin.py:188} INFO - [2025-08-26T17:27:30.458+0100] {dag.py:3947} INFO - Setting next_dagrun for dataset_consumes_1_and_2 to None, run_after=None
[2025-08-26T17:27:30.458+0100] {logging_mixin.py:188} INFO - [2025-08-26T17:27:30.458+0100] {dag.py:3947} INFO - Setting next_dagrun for dataset_consumes_1_never_scheduled to None, run_after=None
[2025-08-26T17:27:30.458+0100] {logging_mixin.py:188} INFO - [2025-08-26T17:27:30.458+0100] {dag.py:3947} INFO - Setting next_dagrun for dataset_consumes_unknown_never_scheduled to None, run_after=None
[2025-08-26T17:27:30.459+0100] {logging_mixin.py:188} INFO - [2025-08-26T17:27:30.459+0100] {dag.py:3947} INFO - Setting next_dagrun for dataset_produces_1 to 2025-08-25 00:00:00+00:00, run_after=2025-08-26 00:00:00+00:00
[2025-08-26T17:27:30.459+0100] {logging_mixin.py:188} INFO - [2025-08-26T17:27:30.459+0100] {dag.py:3947} INFO - Setting next_dagrun for dataset_produces_2 to None, run_after=None
[2025-08-26T17:27:30.471+0100] {processor.py:183} INFO - Processing /Users/vlad.alex995/Desktop/de-sprint/.venv-airflow/lib/python3.11/site-packages/airflow/example_dags/example_datasets.py took 0.084 seconds
[2025-08-26T17:29:07.293+0100] {processor.py:161} INFO - Started process (PID=35493) to work on /Users/vlad.alex995/Desktop/de-sprint/.venv-airflow/lib/python3.11/site-packages/airflow/example_dags/example_datasets.py
[2025-08-26T17:29:07.294+0100] {processor.py:830} INFO - Processing file /Users/vlad.alex995/Desktop/de-sprint/.venv-airflow/lib/python3.11/site-packages/airflow/example_dags/example_datasets.py for tasks to queue
[2025-08-26T17:29:07.294+0100] {logging_mixin.py:188} INFO - [2025-08-26T17:29:07.294+0100] {dagbag.py:545} INFO - Filling up the DagBag from /Users/vlad.alex995/Desktop/de-sprint/.venv-airflow/lib/python3.11/site-packages/airflow/example_dags/example_datasets.py
[2025-08-26T17:29:07.311+0100] {processor.py:840} INFO - DAG(s) 'dataset_consumes_unknown_never_scheduled', 'conditional_dataset_and_time_based_timetable', 'dataset_consumes_1', 'dataset_produces_2', 'dataset_consumes_1_never_scheduled', 'dataset_consumes_1_and_2', 'dataset_produces_1', 'consume_1_or_2_with_dataset_expressions', 'consume_1_and_2_with_dataset_expressions', 'consume_1_or_both_2_and_3_with_dataset_expressions' retrieved from /Users/vlad.alex995/Desktop/de-sprint/.venv-airflow/lib/python3.11/site-packages/airflow/example_dags/example_datasets.py
[2025-08-26T17:29:07.347+0100] {logging_mixin.py:188} INFO - [2025-08-26T17:29:07.346+0100] {dag.py:3089} INFO - Sync 10 DAGs
[2025-08-26T17:29:07.353+0100] {logging_mixin.py:188} INFO - [2025-08-26T17:29:07.353+0100] {dag.py:3947} INFO - Setting next_dagrun for conditional_dataset_and_time_based_timetable to 2025-08-20 01:00:00+00:00, run_after=2025-08-20 01:00:00+00:00
[2025-08-26T17:29:07.354+0100] {logging_mixin.py:188} INFO - [2025-08-26T17:29:07.354+0100] {dag.py:3947} INFO - Setting next_dagrun for consume_1_and_2_with_dataset_expressions to None, run_after=None
[2025-08-26T17:29:07.354+0100] {logging_mixin.py:188} INFO - [2025-08-26T17:29:07.354+0100] {dag.py:3947} INFO - Setting next_dagrun for consume_1_or_2_with_dataset_expressions to None, run_after=None
[2025-08-26T17:29:07.354+0100] {logging_mixin.py:188} INFO - [2025-08-26T17:29:07.354+0100] {dag.py:3947} INFO - Setting next_dagrun for consume_1_or_both_2_and_3_with_dataset_expressions to None, run_after=None
[2025-08-26T17:29:07.355+0100] {logging_mixin.py:188} INFO - [2025-08-26T17:29:07.355+0100] {dag.py:3947} INFO - Setting next_dagrun for dataset_consumes_1 to None, run_after=None
[2025-08-26T17:29:07.355+0100] {logging_mixin.py:188} INFO - [2025-08-26T17:29:07.355+0100] {dag.py:3947} INFO - Setting next_dagrun for dataset_consumes_1_and_2 to None, run_after=None
[2025-08-26T17:29:07.355+0100] {logging_mixin.py:188} INFO - [2025-08-26T17:29:07.355+0100] {dag.py:3947} INFO - Setting next_dagrun for dataset_consumes_1_never_scheduled to None, run_after=None
[2025-08-26T17:29:07.355+0100] {logging_mixin.py:188} INFO - [2025-08-26T17:29:07.355+0100] {dag.py:3947} INFO - Setting next_dagrun for dataset_consumes_unknown_never_scheduled to None, run_after=None
[2025-08-26T17:29:07.356+0100] {logging_mixin.py:188} INFO - [2025-08-26T17:29:07.356+0100] {dag.py:3947} INFO - Setting next_dagrun for dataset_produces_1 to 2025-08-25 00:00:00+00:00, run_after=2025-08-26 00:00:00+00:00
[2025-08-26T17:29:07.356+0100] {logging_mixin.py:188} INFO - [2025-08-26T17:29:07.356+0100] {dag.py:3947} INFO - Setting next_dagrun for dataset_produces_2 to None, run_after=None
[2025-08-26T17:29:07.365+0100] {processor.py:183} INFO - Processing /Users/vlad.alex995/Desktop/de-sprint/.venv-airflow/lib/python3.11/site-packages/airflow/example_dags/example_datasets.py took 0.074 seconds
[2025-08-26T17:30:38.648+0100] {processor.py:161} INFO - Started process (PID=35563) to work on /Users/vlad.alex995/Desktop/de-sprint/.venv-airflow/lib/python3.11/site-packages/airflow/example_dags/example_datasets.py
[2025-08-26T17:30:38.649+0100] {processor.py:830} INFO - Processing file /Users/vlad.alex995/Desktop/de-sprint/.venv-airflow/lib/python3.11/site-packages/airflow/example_dags/example_datasets.py for tasks to queue
[2025-08-26T17:30:38.650+0100] {logging_mixin.py:188} INFO - [2025-08-26T17:30:38.650+0100] {dagbag.py:545} INFO - Filling up the DagBag from /Users/vlad.alex995/Desktop/de-sprint/.venv-airflow/lib/python3.11/site-packages/airflow/example_dags/example_datasets.py
[2025-08-26T17:30:38.667+0100] {processor.py:840} INFO - DAG(s) 'dataset_produces_1', 'consume_1_or_both_2_and_3_with_dataset_expressions', 'dataset_consumes_1_never_scheduled', 'consume_1_or_2_with_dataset_expressions', 'dataset_consumes_unknown_never_scheduled', 'conditional_dataset_and_time_based_timetable', 'dataset_produces_2', 'dataset_consumes_1_and_2', 'dataset_consumes_1', 'consume_1_and_2_with_dataset_expressions' retrieved from /Users/vlad.alex995/Desktop/de-sprint/.venv-airflow/lib/python3.11/site-packages/airflow/example_dags/example_datasets.py
[2025-08-26T17:30:38.703+0100] {logging_mixin.py:188} INFO - [2025-08-26T17:30:38.702+0100] {dag.py:3089} INFO - Sync 10 DAGs
[2025-08-26T17:30:38.709+0100] {logging_mixin.py:188} INFO - [2025-08-26T17:30:38.709+0100] {dag.py:3947} INFO - Setting next_dagrun for conditional_dataset_and_time_based_timetable to 2025-08-20 01:00:00+00:00, run_after=2025-08-20 01:00:00+00:00
[2025-08-26T17:30:38.710+0100] {logging_mixin.py:188} INFO - [2025-08-26T17:30:38.710+0100] {dag.py:3947} INFO - Setting next_dagrun for consume_1_and_2_with_dataset_expressions to None, run_after=None
[2025-08-26T17:30:38.710+0100] {logging_mixin.py:188} INFO - [2025-08-26T17:30:38.710+0100] {dag.py:3947} INFO - Setting next_dagrun for consume_1_or_2_with_dataset_expressions to None, run_after=None
[2025-08-26T17:30:38.710+0100] {logging_mixin.py:188} INFO - [2025-08-26T17:30:38.710+0100] {dag.py:3947} INFO - Setting next_dagrun for consume_1_or_both_2_and_3_with_dataset_expressions to None, run_after=None
[2025-08-26T17:30:38.711+0100] {logging_mixin.py:188} INFO - [2025-08-26T17:30:38.711+0100] {dag.py:3947} INFO - Setting next_dagrun for dataset_consumes_1 to None, run_after=None
[2025-08-26T17:30:38.711+0100] {logging_mixin.py:188} INFO - [2025-08-26T17:30:38.711+0100] {dag.py:3947} INFO - Setting next_dagrun for dataset_consumes_1_and_2 to None, run_after=None
[2025-08-26T17:30:38.711+0100] {logging_mixin.py:188} INFO - [2025-08-26T17:30:38.711+0100] {dag.py:3947} INFO - Setting next_dagrun for dataset_consumes_1_never_scheduled to None, run_after=None
[2025-08-26T17:30:38.711+0100] {logging_mixin.py:188} INFO - [2025-08-26T17:30:38.711+0100] {dag.py:3947} INFO - Setting next_dagrun for dataset_consumes_unknown_never_scheduled to None, run_after=None
[2025-08-26T17:30:38.712+0100] {logging_mixin.py:188} INFO - [2025-08-26T17:30:38.712+0100] {dag.py:3947} INFO - Setting next_dagrun for dataset_produces_1 to 2025-08-25 00:00:00+00:00, run_after=2025-08-26 00:00:00+00:00
[2025-08-26T17:30:38.712+0100] {logging_mixin.py:188} INFO - [2025-08-26T17:30:38.712+0100] {dag.py:3947} INFO - Setting next_dagrun for dataset_produces_2 to None, run_after=None
[2025-08-26T17:30:38.721+0100] {processor.py:183} INFO - Processing /Users/vlad.alex995/Desktop/de-sprint/.venv-airflow/lib/python3.11/site-packages/airflow/example_dags/example_datasets.py took 0.074 seconds
[2025-08-26T17:32:08.976+0100] {processor.py:161} INFO - Started process (PID=35941) to work on /Users/vlad.alex995/Desktop/de-sprint/.venv-airflow/lib/python3.11/site-packages/airflow/example_dags/example_datasets.py
[2025-08-26T17:32:08.976+0100] {processor.py:830} INFO - Processing file /Users/vlad.alex995/Desktop/de-sprint/.venv-airflow/lib/python3.11/site-packages/airflow/example_dags/example_datasets.py for tasks to queue
[2025-08-26T17:32:08.976+0100] {logging_mixin.py:188} INFO - [2025-08-26T17:32:08.976+0100] {dagbag.py:545} INFO - Filling up the DagBag from /Users/vlad.alex995/Desktop/de-sprint/.venv-airflow/lib/python3.11/site-packages/airflow/example_dags/example_datasets.py
[2025-08-26T17:32:08.988+0100] {processor.py:840} INFO - DAG(s) 'consume_1_or_2_with_dataset_expressions', 'dataset_consumes_unknown_never_scheduled', 'dataset_consumes_1', 'conditional_dataset_and_time_based_timetable', 'dataset_consumes_1_and_2', 'consume_1_or_both_2_and_3_with_dataset_expressions', 'dataset_produces_2', 'consume_1_and_2_with_dataset_expressions', 'dataset_produces_1', 'dataset_consumes_1_never_scheduled' retrieved from /Users/vlad.alex995/Desktop/de-sprint/.venv-airflow/lib/python3.11/site-packages/airflow/example_dags/example_datasets.py
[2025-08-26T17:32:09.023+0100] {logging_mixin.py:188} INFO - [2025-08-26T17:32:09.023+0100] {dag.py:3089} INFO - Sync 10 DAGs
[2025-08-26T17:32:09.029+0100] {logging_mixin.py:188} INFO - [2025-08-26T17:32:09.029+0100] {dag.py:3947} INFO - Setting next_dagrun for conditional_dataset_and_time_based_timetable to 2025-08-20 01:00:00+00:00, run_after=2025-08-20 01:00:00+00:00
[2025-08-26T17:32:09.030+0100] {logging_mixin.py:188} INFO - [2025-08-26T17:32:09.030+0100] {dag.py:3947} INFO - Setting next_dagrun for consume_1_and_2_with_dataset_expressions to None, run_after=None
[2025-08-26T17:32:09.030+0100] {logging_mixin.py:188} INFO - [2025-08-26T17:32:09.030+0100] {dag.py:3947} INFO - Setting next_dagrun for consume_1_or_2_with_dataset_expressions to None, run_after=None
[2025-08-26T17:32:09.030+0100] {logging_mixin.py:188} INFO - [2025-08-26T17:32:09.030+0100] {dag.py:3947} INFO - Setting next_dagrun for consume_1_or_both_2_and_3_with_dataset_expressions to None, run_after=None
[2025-08-26T17:32:09.030+0100] {logging_mixin.py:188} INFO - [2025-08-26T17:32:09.030+0100] {dag.py:3947} INFO - Setting next_dagrun for dataset_consumes_1 to None, run_after=None
[2025-08-26T17:32:09.031+0100] {logging_mixin.py:188} INFO - [2025-08-26T17:32:09.031+0100] {dag.py:3947} INFO - Setting next_dagrun for dataset_consumes_1_and_2 to None, run_after=None
[2025-08-26T17:32:09.031+0100] {logging_mixin.py:188} INFO - [2025-08-26T17:32:09.031+0100] {dag.py:3947} INFO - Setting next_dagrun for dataset_consumes_1_never_scheduled to None, run_after=None
[2025-08-26T17:32:09.031+0100] {logging_mixin.py:188} INFO - [2025-08-26T17:32:09.031+0100] {dag.py:3947} INFO - Setting next_dagrun for dataset_consumes_unknown_never_scheduled to None, run_after=None
[2025-08-26T17:32:09.032+0100] {logging_mixin.py:188} INFO - [2025-08-26T17:32:09.032+0100] {dag.py:3947} INFO - Setting next_dagrun for dataset_produces_1 to 2025-08-25 00:00:00+00:00, run_after=2025-08-26 00:00:00+00:00
[2025-08-26T17:32:09.032+0100] {logging_mixin.py:188} INFO - [2025-08-26T17:32:09.032+0100] {dag.py:3947} INFO - Setting next_dagrun for dataset_produces_2 to None, run_after=None
[2025-08-26T17:32:09.040+0100] {processor.py:183} INFO - Processing /Users/vlad.alex995/Desktop/de-sprint/.venv-airflow/lib/python3.11/site-packages/airflow/example_dags/example_datasets.py took 0.066 seconds
[2025-08-26T17:33:41.702+0100] {processor.py:161} INFO - Started process (PID=36026) to work on /Users/vlad.alex995/Desktop/de-sprint/.venv-airflow/lib/python3.11/site-packages/airflow/example_dags/example_datasets.py
[2025-08-26T17:33:41.703+0100] {processor.py:830} INFO - Processing file /Users/vlad.alex995/Desktop/de-sprint/.venv-airflow/lib/python3.11/site-packages/airflow/example_dags/example_datasets.py for tasks to queue
[2025-08-26T17:33:41.704+0100] {logging_mixin.py:188} INFO - [2025-08-26T17:33:41.703+0100] {dagbag.py:545} INFO - Filling up the DagBag from /Users/vlad.alex995/Desktop/de-sprint/.venv-airflow/lib/python3.11/site-packages/airflow/example_dags/example_datasets.py
[2025-08-26T17:33:41.722+0100] {processor.py:840} INFO - DAG(s) 'dataset_produces_2', 'dataset_consumes_1_never_scheduled', 'consume_1_and_2_with_dataset_expressions', 'dataset_produces_1', 'dataset_consumes_1', 'conditional_dataset_and_time_based_timetable', 'dataset_consumes_unknown_never_scheduled', 'consume_1_or_2_with_dataset_expressions', 'dataset_consumes_1_and_2', 'consume_1_or_both_2_and_3_with_dataset_expressions' retrieved from /Users/vlad.alex995/Desktop/de-sprint/.venv-airflow/lib/python3.11/site-packages/airflow/example_dags/example_datasets.py
[2025-08-26T17:33:41.759+0100] {logging_mixin.py:188} INFO - [2025-08-26T17:33:41.759+0100] {dag.py:3089} INFO - Sync 10 DAGs
[2025-08-26T17:33:41.766+0100] {logging_mixin.py:188} INFO - [2025-08-26T17:33:41.766+0100] {dag.py:3947} INFO - Setting next_dagrun for conditional_dataset_and_time_based_timetable to 2025-08-20 01:00:00+00:00, run_after=2025-08-20 01:00:00+00:00
[2025-08-26T17:33:41.767+0100] {logging_mixin.py:188} INFO - [2025-08-26T17:33:41.767+0100] {dag.py:3947} INFO - Setting next_dagrun for consume_1_and_2_with_dataset_expressions to None, run_after=None
[2025-08-26T17:33:41.767+0100] {logging_mixin.py:188} INFO - [2025-08-26T17:33:41.767+0100] {dag.py:3947} INFO - Setting next_dagrun for consume_1_or_2_with_dataset_expressions to None, run_after=None
[2025-08-26T17:33:41.768+0100] {logging_mixin.py:188} INFO - [2025-08-26T17:33:41.768+0100] {dag.py:3947} INFO - Setting next_dagrun for consume_1_or_both_2_and_3_with_dataset_expressions to None, run_after=None
[2025-08-26T17:33:41.768+0100] {logging_mixin.py:188} INFO - [2025-08-26T17:33:41.768+0100] {dag.py:3947} INFO - Setting next_dagrun for dataset_consumes_1 to None, run_after=None
[2025-08-26T17:33:41.768+0100] {logging_mixin.py:188} INFO - [2025-08-26T17:33:41.768+0100] {dag.py:3947} INFO - Setting next_dagrun for dataset_consumes_1_and_2 to None, run_after=None
[2025-08-26T17:33:41.768+0100] {logging_mixin.py:188} INFO - [2025-08-26T17:33:41.768+0100] {dag.py:3947} INFO - Setting next_dagrun for dataset_consumes_1_never_scheduled to None, run_after=None
[2025-08-26T17:33:41.768+0100] {logging_mixin.py:188} INFO - [2025-08-26T17:33:41.768+0100] {dag.py:3947} INFO - Setting next_dagrun for dataset_consumes_unknown_never_scheduled to None, run_after=None
[2025-08-26T17:33:41.769+0100] {logging_mixin.py:188} INFO - [2025-08-26T17:33:41.769+0100] {dag.py:3947} INFO - Setting next_dagrun for dataset_produces_1 to 2025-08-25 00:00:00+00:00, run_after=2025-08-26 00:00:00+00:00
[2025-08-26T17:33:41.769+0100] {logging_mixin.py:188} INFO - [2025-08-26T17:33:41.769+0100] {dag.py:3947} INFO - Setting next_dagrun for dataset_produces_2 to None, run_after=None
[2025-08-26T17:33:41.778+0100] {processor.py:183} INFO - Processing /Users/vlad.alex995/Desktop/de-sprint/.venv-airflow/lib/python3.11/site-packages/airflow/example_dags/example_datasets.py took 0.077 seconds
[2025-08-26T18:11:41.206+0100] {processor.py:161} INFO - Started process (PID=37438) to work on /Users/vlad.alex995/Desktop/de-sprint/.venv-airflow/lib/python3.11/site-packages/airflow/example_dags/example_datasets.py
[2025-08-26T18:11:41.207+0100] {processor.py:830} INFO - Processing file /Users/vlad.alex995/Desktop/de-sprint/.venv-airflow/lib/python3.11/site-packages/airflow/example_dags/example_datasets.py for tasks to queue
[2025-08-26T18:11:41.207+0100] {logging_mixin.py:188} INFO - [2025-08-26T18:11:41.207+0100] {dagbag.py:545} INFO - Filling up the DagBag from /Users/vlad.alex995/Desktop/de-sprint/.venv-airflow/lib/python3.11/site-packages/airflow/example_dags/example_datasets.py
[2025-08-26T18:11:41.225+0100] {processor.py:840} INFO - DAG(s) 'dataset_consumes_unknown_never_scheduled', 'consume_1_or_both_2_and_3_with_dataset_expressions', 'conditional_dataset_and_time_based_timetable', 'consume_1_or_2_with_dataset_expressions', 'dataset_consumes_1_and_2', 'dataset_consumes_1_never_scheduled', 'dataset_produces_1', 'consume_1_and_2_with_dataset_expressions', 'dataset_consumes_1', 'dataset_produces_2' retrieved from /Users/vlad.alex995/Desktop/de-sprint/.venv-airflow/lib/python3.11/site-packages/airflow/example_dags/example_datasets.py
[2025-08-26T18:11:41.260+0100] {logging_mixin.py:188} INFO - [2025-08-26T18:11:41.260+0100] {dag.py:3089} INFO - Sync 10 DAGs
[2025-08-26T18:11:41.267+0100] {logging_mixin.py:188} INFO - [2025-08-26T18:11:41.267+0100] {dag.py:3947} INFO - Setting next_dagrun for conditional_dataset_and_time_based_timetable to 2025-08-20 01:00:00+00:00, run_after=2025-08-20 01:00:00+00:00
[2025-08-26T18:11:41.268+0100] {logging_mixin.py:188} INFO - [2025-08-26T18:11:41.268+0100] {dag.py:3947} INFO - Setting next_dagrun for consume_1_and_2_with_dataset_expressions to None, run_after=None
[2025-08-26T18:11:41.268+0100] {logging_mixin.py:188} INFO - [2025-08-26T18:11:41.268+0100] {dag.py:3947} INFO - Setting next_dagrun for consume_1_or_2_with_dataset_expressions to None, run_after=None
[2025-08-26T18:11:41.268+0100] {logging_mixin.py:188} INFO - [2025-08-26T18:11:41.268+0100] {dag.py:3947} INFO - Setting next_dagrun for consume_1_or_both_2_and_3_with_dataset_expressions to None, run_after=None
[2025-08-26T18:11:41.268+0100] {logging_mixin.py:188} INFO - [2025-08-26T18:11:41.268+0100] {dag.py:3947} INFO - Setting next_dagrun for dataset_consumes_1 to None, run_after=None
[2025-08-26T18:11:41.269+0100] {logging_mixin.py:188} INFO - [2025-08-26T18:11:41.269+0100] {dag.py:3947} INFO - Setting next_dagrun for dataset_consumes_1_and_2 to None, run_after=None
[2025-08-26T18:11:41.269+0100] {logging_mixin.py:188} INFO - [2025-08-26T18:11:41.269+0100] {dag.py:3947} INFO - Setting next_dagrun for dataset_consumes_1_never_scheduled to None, run_after=None
[2025-08-26T18:11:41.269+0100] {logging_mixin.py:188} INFO - [2025-08-26T18:11:41.269+0100] {dag.py:3947} INFO - Setting next_dagrun for dataset_consumes_unknown_never_scheduled to None, run_after=None
[2025-08-26T18:11:41.270+0100] {logging_mixin.py:188} INFO - [2025-08-26T18:11:41.270+0100] {dag.py:3947} INFO - Setting next_dagrun for dataset_produces_1 to 2025-08-25 00:00:00+00:00, run_after=2025-08-26 00:00:00+00:00
[2025-08-26T18:11:41.270+0100] {logging_mixin.py:188} INFO - [2025-08-26T18:11:41.270+0100] {dag.py:3947} INFO - Setting next_dagrun for dataset_produces_2 to None, run_after=None
[2025-08-26T18:11:41.280+0100] {processor.py:183} INFO - Processing /Users/vlad.alex995/Desktop/de-sprint/.venv-airflow/lib/python3.11/site-packages/airflow/example_dags/example_datasets.py took 0.075 seconds
[2025-08-26T18:13:15.400+0100] {processor.py:161} INFO - Started process (PID=37507) to work on /Users/vlad.alex995/Desktop/de-sprint/.venv-airflow/lib/python3.11/site-packages/airflow/example_dags/example_datasets.py
[2025-08-26T18:13:15.400+0100] {processor.py:830} INFO - Processing file /Users/vlad.alex995/Desktop/de-sprint/.venv-airflow/lib/python3.11/site-packages/airflow/example_dags/example_datasets.py for tasks to queue
[2025-08-26T18:13:15.400+0100] {logging_mixin.py:188} INFO - [2025-08-26T18:13:15.400+0100] {dagbag.py:545} INFO - Filling up the DagBag from /Users/vlad.alex995/Desktop/de-sprint/.venv-airflow/lib/python3.11/site-packages/airflow/example_dags/example_datasets.py
[2025-08-26T18:13:15.413+0100] {processor.py:840} INFO - DAG(s) 'dataset_consumes_unknown_never_scheduled', 'dataset_consumes_1_and_2', 'dataset_produces_1', 'consume_1_or_2_with_dataset_expressions', 'consume_1_or_both_2_and_3_with_dataset_expressions', 'dataset_produces_2', 'conditional_dataset_and_time_based_timetable', 'dataset_consumes_1', 'consume_1_and_2_with_dataset_expressions', 'dataset_consumes_1_never_scheduled' retrieved from /Users/vlad.alex995/Desktop/de-sprint/.venv-airflow/lib/python3.11/site-packages/airflow/example_dags/example_datasets.py
[2025-08-26T18:13:15.449+0100] {logging_mixin.py:188} INFO - [2025-08-26T18:13:15.449+0100] {dag.py:3089} INFO - Sync 10 DAGs
[2025-08-26T18:13:15.455+0100] {logging_mixin.py:188} INFO - [2025-08-26T18:13:15.455+0100] {dag.py:3947} INFO - Setting next_dagrun for conditional_dataset_and_time_based_timetable to 2025-08-20 01:00:00+00:00, run_after=2025-08-20 01:00:00+00:00
[2025-08-26T18:13:15.456+0100] {logging_mixin.py:188} INFO - [2025-08-26T18:13:15.456+0100] {dag.py:3947} INFO - Setting next_dagrun for consume_1_and_2_with_dataset_expressions to None, run_after=None
[2025-08-26T18:13:15.456+0100] {logging_mixin.py:188} INFO - [2025-08-26T18:13:15.456+0100] {dag.py:3947} INFO - Setting next_dagrun for consume_1_or_2_with_dataset_expressions to None, run_after=None
[2025-08-26T18:13:15.457+0100] {logging_mixin.py:188} INFO - [2025-08-26T18:13:15.456+0100] {dag.py:3947} INFO - Setting next_dagrun for consume_1_or_both_2_and_3_with_dataset_expressions to None, run_after=None
[2025-08-26T18:13:15.457+0100] {logging_mixin.py:188} INFO - [2025-08-26T18:13:15.457+0100] {dag.py:3947} INFO - Setting next_dagrun for dataset_consumes_1 to None, run_after=None
[2025-08-26T18:13:15.457+0100] {logging_mixin.py:188} INFO - [2025-08-26T18:13:15.457+0100] {dag.py:3947} INFO - Setting next_dagrun for dataset_consumes_1_and_2 to None, run_after=None
[2025-08-26T18:13:15.457+0100] {logging_mixin.py:188} INFO - [2025-08-26T18:13:15.457+0100] {dag.py:3947} INFO - Setting next_dagrun for dataset_consumes_1_never_scheduled to None, run_after=None
[2025-08-26T18:13:15.457+0100] {logging_mixin.py:188} INFO - [2025-08-26T18:13:15.457+0100] {dag.py:3947} INFO - Setting next_dagrun for dataset_consumes_unknown_never_scheduled to None, run_after=None
[2025-08-26T18:13:15.458+0100] {logging_mixin.py:188} INFO - [2025-08-26T18:13:15.458+0100] {dag.py:3947} INFO - Setting next_dagrun for dataset_produces_1 to 2025-08-25 00:00:00+00:00, run_after=2025-08-26 00:00:00+00:00
[2025-08-26T18:13:15.458+0100] {logging_mixin.py:188} INFO - [2025-08-26T18:13:15.458+0100] {dag.py:3947} INFO - Setting next_dagrun for dataset_produces_2 to None, run_after=None
[2025-08-26T18:13:15.467+0100] {processor.py:183} INFO - Processing /Users/vlad.alex995/Desktop/de-sprint/.venv-airflow/lib/python3.11/site-packages/airflow/example_dags/example_datasets.py took 0.068 seconds
[2025-08-26T18:14:42.201+0100] {processor.py:161} INFO - Started process (PID=37973) to work on /Users/vlad.alex995/Desktop/de-sprint/.venv-airflow/lib/python3.11/site-packages/airflow/example_dags/example_datasets.py
[2025-08-26T18:14:42.202+0100] {processor.py:830} INFO - Processing file /Users/vlad.alex995/Desktop/de-sprint/.venv-airflow/lib/python3.11/site-packages/airflow/example_dags/example_datasets.py for tasks to queue
[2025-08-26T18:14:42.202+0100] {logging_mixin.py:188} INFO - [2025-08-26T18:14:42.202+0100] {dagbag.py:545} INFO - Filling up the DagBag from /Users/vlad.alex995/Desktop/de-sprint/.venv-airflow/lib/python3.11/site-packages/airflow/example_dags/example_datasets.py
[2025-08-26T18:14:42.221+0100] {processor.py:840} INFO - DAG(s) 'dataset_consumes_unknown_never_scheduled', 'dataset_consumes_1_never_scheduled', 'conditional_dataset_and_time_based_timetable', 'consume_1_and_2_with_dataset_expressions', 'dataset_produces_2', 'consume_1_or_2_with_dataset_expressions', 'dataset_consumes_1', 'dataset_produces_1', 'consume_1_or_both_2_and_3_with_dataset_expressions', 'dataset_consumes_1_and_2' retrieved from /Users/vlad.alex995/Desktop/de-sprint/.venv-airflow/lib/python3.11/site-packages/airflow/example_dags/example_datasets.py
[2025-08-26T18:14:42.258+0100] {logging_mixin.py:188} INFO - [2025-08-26T18:14:42.258+0100] {dag.py:3089} INFO - Sync 10 DAGs
[2025-08-26T18:14:42.265+0100] {logging_mixin.py:188} INFO - [2025-08-26T18:14:42.265+0100] {dag.py:3947} INFO - Setting next_dagrun for conditional_dataset_and_time_based_timetable to 2025-08-20 01:00:00+00:00, run_after=2025-08-20 01:00:00+00:00
[2025-08-26T18:14:42.266+0100] {logging_mixin.py:188} INFO - [2025-08-26T18:14:42.266+0100] {dag.py:3947} INFO - Setting next_dagrun for consume_1_and_2_with_dataset_expressions to None, run_after=None
[2025-08-26T18:14:42.266+0100] {logging_mixin.py:188} INFO - [2025-08-26T18:14:42.266+0100] {dag.py:3947} INFO - Setting next_dagrun for consume_1_or_2_with_dataset_expressions to None, run_after=None
[2025-08-26T18:14:42.267+0100] {logging_mixin.py:188} INFO - [2025-08-26T18:14:42.266+0100] {dag.py:3947} INFO - Setting next_dagrun for consume_1_or_both_2_and_3_with_dataset_expressions to None, run_after=None
[2025-08-26T18:14:42.267+0100] {logging_mixin.py:188} INFO - [2025-08-26T18:14:42.267+0100] {dag.py:3947} INFO - Setting next_dagrun for dataset_consumes_1 to None, run_after=None
[2025-08-26T18:14:42.267+0100] {logging_mixin.py:188} INFO - [2025-08-26T18:14:42.267+0100] {dag.py:3947} INFO - Setting next_dagrun for dataset_consumes_1_and_2 to None, run_after=None
[2025-08-26T18:14:42.267+0100] {logging_mixin.py:188} INFO - [2025-08-26T18:14:42.267+0100] {dag.py:3947} INFO - Setting next_dagrun for dataset_consumes_1_never_scheduled to None, run_after=None
[2025-08-26T18:14:42.267+0100] {logging_mixin.py:188} INFO - [2025-08-26T18:14:42.267+0100] {dag.py:3947} INFO - Setting next_dagrun for dataset_consumes_unknown_never_scheduled to None, run_after=None
[2025-08-26T18:14:42.268+0100] {logging_mixin.py:188} INFO - [2025-08-26T18:14:42.268+0100] {dag.py:3947} INFO - Setting next_dagrun for dataset_produces_1 to 2025-08-25 00:00:00+00:00, run_after=2025-08-26 00:00:00+00:00
[2025-08-26T18:14:42.268+0100] {logging_mixin.py:188} INFO - [2025-08-26T18:14:42.268+0100] {dag.py:3947} INFO - Setting next_dagrun for dataset_produces_2 to None, run_after=None
[2025-08-26T18:14:42.277+0100] {processor.py:183} INFO - Processing /Users/vlad.alex995/Desktop/de-sprint/.venv-airflow/lib/python3.11/site-packages/airflow/example_dags/example_datasets.py took 0.077 seconds
[2025-08-26T18:16:15.583+0100] {processor.py:161} INFO - Started process (PID=38049) to work on /Users/vlad.alex995/Desktop/de-sprint/.venv-airflow/lib/python3.11/site-packages/airflow/example_dags/example_datasets.py
[2025-08-26T18:16:15.584+0100] {processor.py:830} INFO - Processing file /Users/vlad.alex995/Desktop/de-sprint/.venv-airflow/lib/python3.11/site-packages/airflow/example_dags/example_datasets.py for tasks to queue
[2025-08-26T18:16:15.584+0100] {logging_mixin.py:188} INFO - [2025-08-26T18:16:15.584+0100] {dagbag.py:545} INFO - Filling up the DagBag from /Users/vlad.alex995/Desktop/de-sprint/.venv-airflow/lib/python3.11/site-packages/airflow/example_dags/example_datasets.py
[2025-08-26T18:16:15.600+0100] {processor.py:840} INFO - DAG(s) 'consume_1_or_2_with_dataset_expressions', 'consume_1_or_both_2_and_3_with_dataset_expressions', 'dataset_produces_1', 'conditional_dataset_and_time_based_timetable', 'dataset_consumes_1_and_2', 'dataset_produces_2', 'consume_1_and_2_with_dataset_expressions', 'dataset_consumes_1', 'dataset_consumes_1_never_scheduled', 'dataset_consumes_unknown_never_scheduled' retrieved from /Users/vlad.alex995/Desktop/de-sprint/.venv-airflow/lib/python3.11/site-packages/airflow/example_dags/example_datasets.py
[2025-08-26T18:16:15.636+0100] {logging_mixin.py:188} INFO - [2025-08-26T18:16:15.636+0100] {dag.py:3089} INFO - Sync 10 DAGs
[2025-08-26T18:16:15.643+0100] {logging_mixin.py:188} INFO - [2025-08-26T18:16:15.643+0100] {dag.py:3947} INFO - Setting next_dagrun for conditional_dataset_and_time_based_timetable to 2025-08-20 01:00:00+00:00, run_after=2025-08-20 01:00:00+00:00
[2025-08-26T18:16:15.644+0100] {logging_mixin.py:188} INFO - [2025-08-26T18:16:15.644+0100] {dag.py:3947} INFO - Setting next_dagrun for consume_1_and_2_with_dataset_expressions to None, run_after=None
[2025-08-26T18:16:15.644+0100] {logging_mixin.py:188} INFO - [2025-08-26T18:16:15.644+0100] {dag.py:3947} INFO - Setting next_dagrun for consume_1_or_2_with_dataset_expressions to None, run_after=None
[2025-08-26T18:16:15.644+0100] {logging_mixin.py:188} INFO - [2025-08-26T18:16:15.644+0100] {dag.py:3947} INFO - Setting next_dagrun for consume_1_or_both_2_and_3_with_dataset_expressions to None, run_after=None
[2025-08-26T18:16:15.645+0100] {logging_mixin.py:188} INFO - [2025-08-26T18:16:15.644+0100] {dag.py:3947} INFO - Setting next_dagrun for dataset_consumes_1 to None, run_after=None
[2025-08-26T18:16:15.645+0100] {logging_mixin.py:188} INFO - [2025-08-26T18:16:15.645+0100] {dag.py:3947} INFO - Setting next_dagrun for dataset_consumes_1_and_2 to None, run_after=None
[2025-08-26T18:16:15.645+0100] {logging_mixin.py:188} INFO - [2025-08-26T18:16:15.645+0100] {dag.py:3947} INFO - Setting next_dagrun for dataset_consumes_1_never_scheduled to None, run_after=None
[2025-08-26T18:16:15.645+0100] {logging_mixin.py:188} INFO - [2025-08-26T18:16:15.645+0100] {dag.py:3947} INFO - Setting next_dagrun for dataset_consumes_unknown_never_scheduled to None, run_after=None
[2025-08-26T18:16:15.646+0100] {logging_mixin.py:188} INFO - [2025-08-26T18:16:15.646+0100] {dag.py:3947} INFO - Setting next_dagrun for dataset_produces_1 to 2025-08-25 00:00:00+00:00, run_after=2025-08-26 00:00:00+00:00
[2025-08-26T18:16:15.646+0100] {logging_mixin.py:188} INFO - [2025-08-26T18:16:15.646+0100] {dag.py:3947} INFO - Setting next_dagrun for dataset_produces_2 to None, run_after=None
[2025-08-26T18:16:15.655+0100] {processor.py:183} INFO - Processing /Users/vlad.alex995/Desktop/de-sprint/.venv-airflow/lib/python3.11/site-packages/airflow/example_dags/example_datasets.py took 0.074 seconds
[2025-08-26T18:17:54.318+0100] {processor.py:161} INFO - Started process (PID=38411) to work on /Users/vlad.alex995/Desktop/de-sprint/.venv-airflow/lib/python3.11/site-packages/airflow/example_dags/example_datasets.py
[2025-08-26T18:17:54.319+0100] {processor.py:830} INFO - Processing file /Users/vlad.alex995/Desktop/de-sprint/.venv-airflow/lib/python3.11/site-packages/airflow/example_dags/example_datasets.py for tasks to queue
[2025-08-26T18:17:54.319+0100] {logging_mixin.py:188} INFO - [2025-08-26T18:17:54.319+0100] {dagbag.py:545} INFO - Filling up the DagBag from /Users/vlad.alex995/Desktop/de-sprint/.venv-airflow/lib/python3.11/site-packages/airflow/example_dags/example_datasets.py
[2025-08-26T18:17:54.333+0100] {processor.py:840} INFO - DAG(s) 'dataset_consumes_1', 'consume_1_or_both_2_and_3_with_dataset_expressions', 'conditional_dataset_and_time_based_timetable', 'dataset_produces_2', 'dataset_produces_1', 'consume_1_or_2_with_dataset_expressions', 'dataset_consumes_1_and_2', 'dataset_consumes_1_never_scheduled', 'consume_1_and_2_with_dataset_expressions', 'dataset_consumes_unknown_never_scheduled' retrieved from /Users/vlad.alex995/Desktop/de-sprint/.venv-airflow/lib/python3.11/site-packages/airflow/example_dags/example_datasets.py
[2025-08-26T18:17:54.368+0100] {logging_mixin.py:188} INFO - [2025-08-26T18:17:54.368+0100] {dag.py:3089} INFO - Sync 10 DAGs
[2025-08-26T18:17:54.374+0100] {logging_mixin.py:188} INFO - [2025-08-26T18:17:54.374+0100] {dag.py:3947} INFO - Setting next_dagrun for conditional_dataset_and_time_based_timetable to 2025-08-20 01:00:00+00:00, run_after=2025-08-20 01:00:00+00:00
[2025-08-26T18:17:54.374+0100] {logging_mixin.py:188} INFO - [2025-08-26T18:17:54.374+0100] {dag.py:3947} INFO - Setting next_dagrun for consume_1_and_2_with_dataset_expressions to None, run_after=None
[2025-08-26T18:17:54.375+0100] {logging_mixin.py:188} INFO - [2025-08-26T18:17:54.375+0100] {dag.py:3947} INFO - Setting next_dagrun for consume_1_or_2_with_dataset_expressions to None, run_after=None
[2025-08-26T18:17:54.375+0100] {logging_mixin.py:188} INFO - [2025-08-26T18:17:54.375+0100] {dag.py:3947} INFO - Setting next_dagrun for consume_1_or_both_2_and_3_with_dataset_expressions to None, run_after=None
[2025-08-26T18:17:54.375+0100] {logging_mixin.py:188} INFO - [2025-08-26T18:17:54.375+0100] {dag.py:3947} INFO - Setting next_dagrun for dataset_consumes_1 to None, run_after=None
[2025-08-26T18:17:54.375+0100] {logging_mixin.py:188} INFO - [2025-08-26T18:17:54.375+0100] {dag.py:3947} INFO - Setting next_dagrun for dataset_consumes_1_and_2 to None, run_after=None
[2025-08-26T18:17:54.376+0100] {logging_mixin.py:188} INFO - [2025-08-26T18:17:54.376+0100] {dag.py:3947} INFO - Setting next_dagrun for dataset_consumes_1_never_scheduled to None, run_after=None
[2025-08-26T18:17:54.376+0100] {logging_mixin.py:188} INFO - [2025-08-26T18:17:54.376+0100] {dag.py:3947} INFO - Setting next_dagrun for dataset_consumes_unknown_never_scheduled to None, run_after=None
[2025-08-26T18:17:54.376+0100] {logging_mixin.py:188} INFO - [2025-08-26T18:17:54.376+0100] {dag.py:3947} INFO - Setting next_dagrun for dataset_produces_1 to 2025-08-25 00:00:00+00:00, run_after=2025-08-26 00:00:00+00:00
[2025-08-26T18:17:54.377+0100] {logging_mixin.py:188} INFO - [2025-08-26T18:17:54.377+0100] {dag.py:3947} INFO - Setting next_dagrun for dataset_produces_2 to None, run_after=None
[2025-08-26T18:17:54.385+0100] {processor.py:183} INFO - Processing /Users/vlad.alex995/Desktop/de-sprint/.venv-airflow/lib/python3.11/site-packages/airflow/example_dags/example_datasets.py took 0.068 seconds
[2025-08-26T18:20:08.957+0100] {processor.py:161} INFO - Started process (PID=38905) to work on /Users/vlad.alex995/Desktop/de-sprint/.venv-airflow/lib/python3.11/site-packages/airflow/example_dags/example_datasets.py
[2025-08-26T18:20:08.958+0100] {processor.py:830} INFO - Processing file /Users/vlad.alex995/Desktop/de-sprint/.venv-airflow/lib/python3.11/site-packages/airflow/example_dags/example_datasets.py for tasks to queue
[2025-08-26T18:20:08.958+0100] {logging_mixin.py:188} INFO - [2025-08-26T18:20:08.958+0100] {dagbag.py:545} INFO - Filling up the DagBag from /Users/vlad.alex995/Desktop/de-sprint/.venv-airflow/lib/python3.11/site-packages/airflow/example_dags/example_datasets.py
[2025-08-26T18:20:08.974+0100] {processor.py:840} INFO - DAG(s) 'consume_1_or_2_with_dataset_expressions', 'conditional_dataset_and_time_based_timetable', 'dataset_produces_1', 'dataset_consumes_1_and_2', 'consume_1_or_both_2_and_3_with_dataset_expressions', 'dataset_consumes_1_never_scheduled', 'dataset_consumes_unknown_never_scheduled', 'consume_1_and_2_with_dataset_expressions', 'dataset_consumes_1', 'dataset_produces_2' retrieved from /Users/vlad.alex995/Desktop/de-sprint/.venv-airflow/lib/python3.11/site-packages/airflow/example_dags/example_datasets.py
[2025-08-26T18:20:09.008+0100] {logging_mixin.py:188} INFO - [2025-08-26T18:20:09.008+0100] {dag.py:3089} INFO - Sync 10 DAGs
[2025-08-26T18:20:09.014+0100] {logging_mixin.py:188} INFO - [2025-08-26T18:20:09.014+0100] {dag.py:3947} INFO - Setting next_dagrun for conditional_dataset_and_time_based_timetable to 2025-08-20 01:00:00+00:00, run_after=2025-08-20 01:00:00+00:00
[2025-08-26T18:20:09.015+0100] {logging_mixin.py:188} INFO - [2025-08-26T18:20:09.015+0100] {dag.py:3947} INFO - Setting next_dagrun for consume_1_and_2_with_dataset_expressions to None, run_after=None
[2025-08-26T18:20:09.015+0100] {logging_mixin.py:188} INFO - [2025-08-26T18:20:09.015+0100] {dag.py:3947} INFO - Setting next_dagrun for consume_1_or_2_with_dataset_expressions to None, run_after=None
[2025-08-26T18:20:09.016+0100] {logging_mixin.py:188} INFO - [2025-08-26T18:20:09.016+0100] {dag.py:3947} INFO - Setting next_dagrun for consume_1_or_both_2_and_3_with_dataset_expressions to None, run_after=None
[2025-08-26T18:20:09.016+0100] {logging_mixin.py:188} INFO - [2025-08-26T18:20:09.016+0100] {dag.py:3947} INFO - Setting next_dagrun for dataset_consumes_1 to None, run_after=None
[2025-08-26T18:20:09.016+0100] {logging_mixin.py:188} INFO - [2025-08-26T18:20:09.016+0100] {dag.py:3947} INFO - Setting next_dagrun for dataset_consumes_1_and_2 to None, run_after=None
[2025-08-26T18:20:09.016+0100] {logging_mixin.py:188} INFO - [2025-08-26T18:20:09.016+0100] {dag.py:3947} INFO - Setting next_dagrun for dataset_consumes_1_never_scheduled to None, run_after=None
[2025-08-26T18:20:09.017+0100] {logging_mixin.py:188} INFO - [2025-08-26T18:20:09.017+0100] {dag.py:3947} INFO - Setting next_dagrun for dataset_consumes_unknown_never_scheduled to None, run_after=None
[2025-08-26T18:20:09.017+0100] {logging_mixin.py:188} INFO - [2025-08-26T18:20:09.017+0100] {dag.py:3947} INFO - Setting next_dagrun for dataset_produces_1 to 2025-08-25 00:00:00+00:00, run_after=2025-08-26 00:00:00+00:00
[2025-08-26T18:20:09.017+0100] {logging_mixin.py:188} INFO - [2025-08-26T18:20:09.017+0100] {dag.py:3947} INFO - Setting next_dagrun for dataset_produces_2 to None, run_after=None
[2025-08-26T18:20:09.025+0100] {processor.py:183} INFO - Processing /Users/vlad.alex995/Desktop/de-sprint/.venv-airflow/lib/python3.11/site-packages/airflow/example_dags/example_datasets.py took 0.070 seconds
[2025-08-26T18:21:42.601+0100] {processor.py:161} INFO - Started process (PID=38987) to work on /Users/vlad.alex995/Desktop/de-sprint/.venv-airflow/lib/python3.11/site-packages/airflow/example_dags/example_datasets.py
[2025-08-26T18:21:42.601+0100] {processor.py:830} INFO - Processing file /Users/vlad.alex995/Desktop/de-sprint/.venv-airflow/lib/python3.11/site-packages/airflow/example_dags/example_datasets.py for tasks to queue
[2025-08-26T18:21:42.602+0100] {logging_mixin.py:188} INFO - [2025-08-26T18:21:42.602+0100] {dagbag.py:545} INFO - Filling up the DagBag from /Users/vlad.alex995/Desktop/de-sprint/.venv-airflow/lib/python3.11/site-packages/airflow/example_dags/example_datasets.py
[2025-08-26T18:21:42.619+0100] {processor.py:840} INFO - DAG(s) 'dataset_consumes_unknown_never_scheduled', 'dataset_produces_2', 'dataset_consumes_1', 'consume_1_or_2_with_dataset_expressions', 'consume_1_or_both_2_and_3_with_dataset_expressions', 'conditional_dataset_and_time_based_timetable', 'dataset_consumes_1_and_2', 'consume_1_and_2_with_dataset_expressions', 'dataset_consumes_1_never_scheduled', 'dataset_produces_1' retrieved from /Users/vlad.alex995/Desktop/de-sprint/.venv-airflow/lib/python3.11/site-packages/airflow/example_dags/example_datasets.py
[2025-08-26T18:21:42.659+0100] {logging_mixin.py:188} INFO - [2025-08-26T18:21:42.659+0100] {dag.py:3089} INFO - Sync 10 DAGs
[2025-08-26T18:21:42.667+0100] {logging_mixin.py:188} INFO - [2025-08-26T18:21:42.667+0100] {dag.py:3947} INFO - Setting next_dagrun for conditional_dataset_and_time_based_timetable to 2025-08-20 01:00:00+00:00, run_after=2025-08-20 01:00:00+00:00
[2025-08-26T18:21:42.668+0100] {logging_mixin.py:188} INFO - [2025-08-26T18:21:42.668+0100] {dag.py:3947} INFO - Setting next_dagrun for consume_1_and_2_with_dataset_expressions to None, run_after=None
[2025-08-26T18:21:42.668+0100] {logging_mixin.py:188} INFO - [2025-08-26T18:21:42.668+0100] {dag.py:3947} INFO - Setting next_dagrun for consume_1_or_2_with_dataset_expressions to None, run_after=None
[2025-08-26T18:21:42.668+0100] {logging_mixin.py:188} INFO - [2025-08-26T18:21:42.668+0100] {dag.py:3947} INFO - Setting next_dagrun for consume_1_or_both_2_and_3_with_dataset_expressions to None, run_after=None
[2025-08-26T18:21:42.669+0100] {logging_mixin.py:188} INFO - [2025-08-26T18:21:42.669+0100] {dag.py:3947} INFO - Setting next_dagrun for dataset_consumes_1 to None, run_after=None
[2025-08-26T18:21:42.669+0100] {logging_mixin.py:188} INFO - [2025-08-26T18:21:42.669+0100] {dag.py:3947} INFO - Setting next_dagrun for dataset_consumes_1_and_2 to None, run_after=None
[2025-08-26T18:21:42.669+0100] {logging_mixin.py:188} INFO - [2025-08-26T18:21:42.669+0100] {dag.py:3947} INFO - Setting next_dagrun for dataset_consumes_1_never_scheduled to None, run_after=None
[2025-08-26T18:21:42.669+0100] {logging_mixin.py:188} INFO - [2025-08-26T18:21:42.669+0100] {dag.py:3947} INFO - Setting next_dagrun for dataset_consumes_unknown_never_scheduled to None, run_after=None
[2025-08-26T18:21:42.670+0100] {logging_mixin.py:188} INFO - [2025-08-26T18:21:42.670+0100] {dag.py:3947} INFO - Setting next_dagrun for dataset_produces_1 to 2025-08-25 00:00:00+00:00, run_after=2025-08-26 00:00:00+00:00
[2025-08-26T18:21:42.670+0100] {logging_mixin.py:188} INFO - [2025-08-26T18:21:42.670+0100] {dag.py:3947} INFO - Setting next_dagrun for dataset_produces_2 to None, run_after=None
[2025-08-26T18:21:42.680+0100] {processor.py:183} INFO - Processing /Users/vlad.alex995/Desktop/de-sprint/.venv-airflow/lib/python3.11/site-packages/airflow/example_dags/example_datasets.py took 0.080 seconds
[2025-08-26T18:23:09.829+0100] {processor.py:161} INFO - Started process (PID=39057) to work on /Users/vlad.alex995/Desktop/de-sprint/.venv-airflow/lib/python3.11/site-packages/airflow/example_dags/example_datasets.py
[2025-08-26T18:23:09.829+0100] {processor.py:830} INFO - Processing file /Users/vlad.alex995/Desktop/de-sprint/.venv-airflow/lib/python3.11/site-packages/airflow/example_dags/example_datasets.py for tasks to queue
[2025-08-26T18:23:09.830+0100] {logging_mixin.py:188} INFO - [2025-08-26T18:23:09.829+0100] {dagbag.py:545} INFO - Filling up the DagBag from /Users/vlad.alex995/Desktop/de-sprint/.venv-airflow/lib/python3.11/site-packages/airflow/example_dags/example_datasets.py
[2025-08-26T18:23:09.843+0100] {processor.py:840} INFO - DAG(s) 'dataset_produces_2', 'dataset_consumes_1_and_2', 'consume_1_or_2_with_dataset_expressions', 'consume_1_or_both_2_and_3_with_dataset_expressions', 'dataset_consumes_unknown_never_scheduled', 'dataset_produces_1', 'conditional_dataset_and_time_based_timetable', 'dataset_consumes_1_never_scheduled', 'dataset_consumes_1', 'consume_1_and_2_with_dataset_expressions' retrieved from /Users/vlad.alex995/Desktop/de-sprint/.venv-airflow/lib/python3.11/site-packages/airflow/example_dags/example_datasets.py
[2025-08-26T18:23:09.877+0100] {logging_mixin.py:188} INFO - [2025-08-26T18:23:09.877+0100] {dag.py:3089} INFO - Sync 10 DAGs
[2025-08-26T18:23:09.883+0100] {logging_mixin.py:188} INFO - [2025-08-26T18:23:09.883+0100] {dag.py:3947} INFO - Setting next_dagrun for conditional_dataset_and_time_based_timetable to 2025-08-20 01:00:00+00:00, run_after=2025-08-20 01:00:00+00:00
[2025-08-26T18:23:09.884+0100] {logging_mixin.py:188} INFO - [2025-08-26T18:23:09.884+0100] {dag.py:3947} INFO - Setting next_dagrun for consume_1_and_2_with_dataset_expressions to None, run_after=None
[2025-08-26T18:23:09.884+0100] {logging_mixin.py:188} INFO - [2025-08-26T18:23:09.884+0100] {dag.py:3947} INFO - Setting next_dagrun for consume_1_or_2_with_dataset_expressions to None, run_after=None
[2025-08-26T18:23:09.885+0100] {logging_mixin.py:188} INFO - [2025-08-26T18:23:09.884+0100] {dag.py:3947} INFO - Setting next_dagrun for consume_1_or_both_2_and_3_with_dataset_expressions to None, run_after=None
[2025-08-26T18:23:09.885+0100] {logging_mixin.py:188} INFO - [2025-08-26T18:23:09.885+0100] {dag.py:3947} INFO - Setting next_dagrun for dataset_consumes_1 to None, run_after=None
[2025-08-26T18:23:09.885+0100] {logging_mixin.py:188} INFO - [2025-08-26T18:23:09.885+0100] {dag.py:3947} INFO - Setting next_dagrun for dataset_consumes_1_and_2 to None, run_after=None
[2025-08-26T18:23:09.885+0100] {logging_mixin.py:188} INFO - [2025-08-26T18:23:09.885+0100] {dag.py:3947} INFO - Setting next_dagrun for dataset_consumes_1_never_scheduled to None, run_after=None
[2025-08-26T18:23:09.885+0100] {logging_mixin.py:188} INFO - [2025-08-26T18:23:09.885+0100] {dag.py:3947} INFO - Setting next_dagrun for dataset_consumes_unknown_never_scheduled to None, run_after=None
[2025-08-26T18:23:09.886+0100] {logging_mixin.py:188} INFO - [2025-08-26T18:23:09.886+0100] {dag.py:3947} INFO - Setting next_dagrun for dataset_produces_1 to 2025-08-25 00:00:00+00:00, run_after=2025-08-26 00:00:00+00:00
[2025-08-26T18:23:09.886+0100] {logging_mixin.py:188} INFO - [2025-08-26T18:23:09.886+0100] {dag.py:3947} INFO - Setting next_dagrun for dataset_produces_2 to None, run_after=None
[2025-08-26T18:23:09.895+0100] {processor.py:183} INFO - Processing /Users/vlad.alex995/Desktop/de-sprint/.venv-airflow/lib/python3.11/site-packages/airflow/example_dags/example_datasets.py took 0.067 seconds
[2025-08-26T18:24:36.116+0100] {processor.py:161} INFO - Started process (PID=39126) to work on /Users/vlad.alex995/Desktop/de-sprint/.venv-airflow/lib/python3.11/site-packages/airflow/example_dags/example_datasets.py
[2025-08-26T18:24:36.116+0100] {processor.py:830} INFO - Processing file /Users/vlad.alex995/Desktop/de-sprint/.venv-airflow/lib/python3.11/site-packages/airflow/example_dags/example_datasets.py for tasks to queue
[2025-08-26T18:24:36.117+0100] {logging_mixin.py:188} INFO - [2025-08-26T18:24:36.116+0100] {dagbag.py:545} INFO - Filling up the DagBag from /Users/vlad.alex995/Desktop/de-sprint/.venv-airflow/lib/python3.11/site-packages/airflow/example_dags/example_datasets.py
[2025-08-26T18:24:36.133+0100] {processor.py:840} INFO - DAG(s) 'dataset_consumes_unknown_never_scheduled', 'consume_1_or_both_2_and_3_with_dataset_expressions', 'dataset_produces_1', 'dataset_consumes_1_never_scheduled', 'consume_1_or_2_with_dataset_expressions', 'dataset_consumes_1_and_2', 'consume_1_and_2_with_dataset_expressions', 'conditional_dataset_and_time_based_timetable', 'dataset_consumes_1', 'dataset_produces_2' retrieved from /Users/vlad.alex995/Desktop/de-sprint/.venv-airflow/lib/python3.11/site-packages/airflow/example_dags/example_datasets.py
[2025-08-26T18:24:36.171+0100] {logging_mixin.py:188} INFO - [2025-08-26T18:24:36.171+0100] {dag.py:3089} INFO - Sync 10 DAGs
[2025-08-26T18:24:36.177+0100] {logging_mixin.py:188} INFO - [2025-08-26T18:24:36.177+0100] {dag.py:3947} INFO - Setting next_dagrun for conditional_dataset_and_time_based_timetable to 2025-08-20 01:00:00+00:00, run_after=2025-08-20 01:00:00+00:00
[2025-08-26T18:24:36.178+0100] {logging_mixin.py:188} INFO - [2025-08-26T18:24:36.178+0100] {dag.py:3947} INFO - Setting next_dagrun for consume_1_and_2_with_dataset_expressions to None, run_after=None
[2025-08-26T18:24:36.179+0100] {logging_mixin.py:188} INFO - [2025-08-26T18:24:36.179+0100] {dag.py:3947} INFO - Setting next_dagrun for consume_1_or_2_with_dataset_expressions to None, run_after=None
[2025-08-26T18:24:36.179+0100] {logging_mixin.py:188} INFO - [2025-08-26T18:24:36.179+0100] {dag.py:3947} INFO - Setting next_dagrun for consume_1_or_both_2_and_3_with_dataset_expressions to None, run_after=None
[2025-08-26T18:24:36.179+0100] {logging_mixin.py:188} INFO - [2025-08-26T18:24:36.179+0100] {dag.py:3947} INFO - Setting next_dagrun for dataset_consumes_1 to None, run_after=None
[2025-08-26T18:24:36.179+0100] {logging_mixin.py:188} INFO - [2025-08-26T18:24:36.179+0100] {dag.py:3947} INFO - Setting next_dagrun for dataset_consumes_1_and_2 to None, run_after=None
[2025-08-26T18:24:36.180+0100] {logging_mixin.py:188} INFO - [2025-08-26T18:24:36.180+0100] {dag.py:3947} INFO - Setting next_dagrun for dataset_consumes_1_never_scheduled to None, run_after=None
[2025-08-26T18:24:36.180+0100] {logging_mixin.py:188} INFO - [2025-08-26T18:24:36.180+0100] {dag.py:3947} INFO - Setting next_dagrun for dataset_consumes_unknown_never_scheduled to None, run_after=None
[2025-08-26T18:24:36.180+0100] {logging_mixin.py:188} INFO - [2025-08-26T18:24:36.180+0100] {dag.py:3947} INFO - Setting next_dagrun for dataset_produces_1 to 2025-08-25 00:00:00+00:00, run_after=2025-08-26 00:00:00+00:00
[2025-08-26T18:24:36.181+0100] {logging_mixin.py:188} INFO - [2025-08-26T18:24:36.181+0100] {dag.py:3947} INFO - Setting next_dagrun for dataset_produces_2 to None, run_after=None
[2025-08-26T18:24:36.190+0100] {processor.py:183} INFO - Processing /Users/vlad.alex995/Desktop/de-sprint/.venv-airflow/lib/python3.11/site-packages/airflow/example_dags/example_datasets.py took 0.075 seconds
[2025-08-26T18:26:12.993+0100] {processor.py:161} INFO - Started process (PID=39221) to work on /Users/vlad.alex995/Desktop/de-sprint/.venv-airflow/lib/python3.11/site-packages/airflow/example_dags/example_datasets.py
[2025-08-26T18:26:12.994+0100] {processor.py:830} INFO - Processing file /Users/vlad.alex995/Desktop/de-sprint/.venv-airflow/lib/python3.11/site-packages/airflow/example_dags/example_datasets.py for tasks to queue
[2025-08-26T18:26:12.994+0100] {logging_mixin.py:188} INFO - [2025-08-26T18:26:12.994+0100] {dagbag.py:545} INFO - Filling up the DagBag from /Users/vlad.alex995/Desktop/de-sprint/.venv-airflow/lib/python3.11/site-packages/airflow/example_dags/example_datasets.py
[2025-08-26T18:26:13.010+0100] {processor.py:840} INFO - DAG(s) 'consume_1_or_both_2_and_3_with_dataset_expressions', 'dataset_produces_2', 'dataset_consumes_1_never_scheduled', 'dataset_produces_1', 'dataset_consumes_1_and_2', 'consume_1_and_2_with_dataset_expressions', 'consume_1_or_2_with_dataset_expressions', 'dataset_consumes_unknown_never_scheduled', 'conditional_dataset_and_time_based_timetable', 'dataset_consumes_1' retrieved from /Users/vlad.alex995/Desktop/de-sprint/.venv-airflow/lib/python3.11/site-packages/airflow/example_dags/example_datasets.py
[2025-08-26T18:26:13.045+0100] {logging_mixin.py:188} INFO - [2025-08-26T18:26:13.045+0100] {dag.py:3089} INFO - Sync 10 DAGs
[2025-08-26T18:26:13.051+0100] {logging_mixin.py:188} INFO - [2025-08-26T18:26:13.051+0100] {dag.py:3947} INFO - Setting next_dagrun for conditional_dataset_and_time_based_timetable to 2025-08-20 01:00:00+00:00, run_after=2025-08-20 01:00:00+00:00
[2025-08-26T18:26:13.052+0100] {logging_mixin.py:188} INFO - [2025-08-26T18:26:13.052+0100] {dag.py:3947} INFO - Setting next_dagrun for consume_1_and_2_with_dataset_expressions to None, run_after=None
[2025-08-26T18:26:13.052+0100] {logging_mixin.py:188} INFO - [2025-08-26T18:26:13.052+0100] {dag.py:3947} INFO - Setting next_dagrun for consume_1_or_2_with_dataset_expressions to None, run_after=None
[2025-08-26T18:26:13.052+0100] {logging_mixin.py:188} INFO - [2025-08-26T18:26:13.052+0100] {dag.py:3947} INFO - Setting next_dagrun for consume_1_or_both_2_and_3_with_dataset_expressions to None, run_after=None
[2025-08-26T18:26:13.052+0100] {logging_mixin.py:188} INFO - [2025-08-26T18:26:13.052+0100] {dag.py:3947} INFO - Setting next_dagrun for dataset_consumes_1 to None, run_after=None
[2025-08-26T18:26:13.053+0100] {logging_mixin.py:188} INFO - [2025-08-26T18:26:13.053+0100] {dag.py:3947} INFO - Setting next_dagrun for dataset_consumes_1_and_2 to None, run_after=None
[2025-08-26T18:26:13.053+0100] {logging_mixin.py:188} INFO - [2025-08-26T18:26:13.053+0100] {dag.py:3947} INFO - Setting next_dagrun for dataset_consumes_1_never_scheduled to None, run_after=None
[2025-08-26T18:26:13.053+0100] {logging_mixin.py:188} INFO - [2025-08-26T18:26:13.053+0100] {dag.py:3947} INFO - Setting next_dagrun for dataset_consumes_unknown_never_scheduled to None, run_after=None
[2025-08-26T18:26:13.054+0100] {logging_mixin.py:188} INFO - [2025-08-26T18:26:13.053+0100] {dag.py:3947} INFO - Setting next_dagrun for dataset_produces_1 to 2025-08-25 00:00:00+00:00, run_after=2025-08-26 00:00:00+00:00
[2025-08-26T18:26:13.054+0100] {logging_mixin.py:188} INFO - [2025-08-26T18:26:13.054+0100] {dag.py:3947} INFO - Setting next_dagrun for dataset_produces_2 to None, run_after=None
[2025-08-26T18:26:13.062+0100] {processor.py:183} INFO - Processing /Users/vlad.alex995/Desktop/de-sprint/.venv-airflow/lib/python3.11/site-packages/airflow/example_dags/example_datasets.py took 0.070 seconds
