[2025-08-26T17:25:57.034+0100] {processor.py:161} INFO - Started process (PID=35349) to work on /Users/vlad.alex995/Desktop/de-sprint/.venv-airflow/lib/python3.11/site-packages/airflow/example_dags/example_dynamic_task_mapping.py
[2025-08-26T17:25:57.034+0100] {processor.py:830} INFO - Processing file /Users/vlad.alex995/Desktop/de-sprint/.venv-airflow/lib/python3.11/site-packages/airflow/example_dags/example_dynamic_task_mapping.py for tasks to queue
[2025-08-26T17:25:57.034+0100] {logging_mixin.py:188} INFO - [2025-08-26T17:25:57.034+0100] {dagbag.py:545} INFO - Filling up the DagBag from /Users/vlad.alex995/Desktop/de-sprint/.venv-airflow/lib/python3.11/site-packages/airflow/example_dags/example_dynamic_task_mapping.py
[2025-08-26T17:25:57.048+0100] {processor.py:840} INFO - DAG(s) 'example_dynamic_task_mapping' retrieved from /Users/vlad.alex995/Desktop/de-sprint/.venv-airflow/lib/python3.11/site-packages/airflow/example_dags/example_dynamic_task_mapping.py
[2025-08-26T17:25:57.107+0100] {logging_mixin.py:188} INFO - [2025-08-26T17:25:57.106+0100] {override.py:1858} INFO - Created Permission View: can delete on DAG:example_dynamic_task_mapping
[2025-08-26T17:25:57.109+0100] {logging_mixin.py:188} INFO - [2025-08-26T17:25:57.109+0100] {override.py:1858} INFO - Created Permission View: can edit on DAG:example_dynamic_task_mapping
[2025-08-26T17:25:57.111+0100] {logging_mixin.py:188} INFO - [2025-08-26T17:25:57.111+0100] {override.py:1858} INFO - Created Permission View: can read on DAG:example_dynamic_task_mapping
[2025-08-26T17:25:57.111+0100] {logging_mixin.py:188} INFO - [2025-08-26T17:25:57.111+0100] {dag.py:3089} INFO - Sync 1 DAGs
[2025-08-26T17:25:57.139+0100] {logging_mixin.py:188} INFO - [2025-08-26T17:25:57.139+0100] {dag.py:3111} INFO - Creating ORM DAG for example_dynamic_task_mapping
[2025-08-26T17:25:57.142+0100] {logging_mixin.py:188} INFO - [2025-08-26T17:25:57.142+0100] {dag.py:3947} INFO - Setting next_dagrun for example_dynamic_task_mapping to 2022-03-04 00:00:00+00:00, run_after=2022-03-05 00:00:00+00:00
[2025-08-26T17:25:57.148+0100] {processor.py:183} INFO - Processing /Users/vlad.alex995/Desktop/de-sprint/.venv-airflow/lib/python3.11/site-packages/airflow/example_dags/example_dynamic_task_mapping.py took 0.115 seconds
[2025-08-26T17:27:27.710+0100] {processor.py:161} INFO - Started process (PID=35421) to work on /Users/vlad.alex995/Desktop/de-sprint/.venv-airflow/lib/python3.11/site-packages/airflow/example_dags/example_dynamic_task_mapping.py
[2025-08-26T17:27:27.711+0100] {processor.py:830} INFO - Processing file /Users/vlad.alex995/Desktop/de-sprint/.venv-airflow/lib/python3.11/site-packages/airflow/example_dags/example_dynamic_task_mapping.py for tasks to queue
[2025-08-26T17:27:27.711+0100] {logging_mixin.py:188} INFO - [2025-08-26T17:27:27.711+0100] {dagbag.py:545} INFO - Filling up the DagBag from /Users/vlad.alex995/Desktop/de-sprint/.venv-airflow/lib/python3.11/site-packages/airflow/example_dags/example_dynamic_task_mapping.py
[2025-08-26T17:27:27.725+0100] {processor.py:840} INFO - DAG(s) 'example_dynamic_task_mapping' retrieved from /Users/vlad.alex995/Desktop/de-sprint/.venv-airflow/lib/python3.11/site-packages/airflow/example_dags/example_dynamic_task_mapping.py
[2025-08-26T17:27:27.756+0100] {logging_mixin.py:188} INFO - [2025-08-26T17:27:27.756+0100] {dag.py:3089} INFO - Sync 1 DAGs
[2025-08-26T17:27:27.761+0100] {logging_mixin.py:188} INFO - [2025-08-26T17:27:27.761+0100] {dag.py:3947} INFO - Setting next_dagrun for example_dynamic_task_mapping to 2022-03-04 00:00:00+00:00, run_after=2022-03-05 00:00:00+00:00
[2025-08-26T17:27:27.768+0100] {processor.py:183} INFO - Processing /Users/vlad.alex995/Desktop/de-sprint/.venv-airflow/lib/python3.11/site-packages/airflow/example_dags/example_dynamic_task_mapping.py took 0.059 seconds
[2025-08-26T17:29:03.776+0100] {processor.py:161} INFO - Started process (PID=35491) to work on /Users/vlad.alex995/Desktop/de-sprint/.venv-airflow/lib/python3.11/site-packages/airflow/example_dags/example_dynamic_task_mapping.py
[2025-08-26T17:29:03.777+0100] {processor.py:830} INFO - Processing file /Users/vlad.alex995/Desktop/de-sprint/.venv-airflow/lib/python3.11/site-packages/airflow/example_dags/example_dynamic_task_mapping.py for tasks to queue
[2025-08-26T17:29:03.777+0100] {logging_mixin.py:188} INFO - [2025-08-26T17:29:03.777+0100] {dagbag.py:545} INFO - Filling up the DagBag from /Users/vlad.alex995/Desktop/de-sprint/.venv-airflow/lib/python3.11/site-packages/airflow/example_dags/example_dynamic_task_mapping.py
[2025-08-26T17:29:03.791+0100] {processor.py:840} INFO - DAG(s) 'example_dynamic_task_mapping' retrieved from /Users/vlad.alex995/Desktop/de-sprint/.venv-airflow/lib/python3.11/site-packages/airflow/example_dags/example_dynamic_task_mapping.py
[2025-08-26T17:29:03.821+0100] {logging_mixin.py:188} INFO - [2025-08-26T17:29:03.821+0100] {dag.py:3089} INFO - Sync 1 DAGs
[2025-08-26T17:29:03.827+0100] {logging_mixin.py:188} INFO - [2025-08-26T17:29:03.827+0100] {dag.py:3947} INFO - Setting next_dagrun for example_dynamic_task_mapping to 2022-03-04 00:00:00+00:00, run_after=2022-03-05 00:00:00+00:00
[2025-08-26T17:29:03.834+0100] {processor.py:183} INFO - Processing /Users/vlad.alex995/Desktop/de-sprint/.venv-airflow/lib/python3.11/site-packages/airflow/example_dags/example_dynamic_task_mapping.py took 0.059 seconds
[2025-08-26T17:30:35.637+0100] {processor.py:161} INFO - Started process (PID=35561) to work on /Users/vlad.alex995/Desktop/de-sprint/.venv-airflow/lib/python3.11/site-packages/airflow/example_dags/example_dynamic_task_mapping.py
[2025-08-26T17:30:35.638+0100] {processor.py:830} INFO - Processing file /Users/vlad.alex995/Desktop/de-sprint/.venv-airflow/lib/python3.11/site-packages/airflow/example_dags/example_dynamic_task_mapping.py for tasks to queue
[2025-08-26T17:30:35.638+0100] {logging_mixin.py:188} INFO - [2025-08-26T17:30:35.638+0100] {dagbag.py:545} INFO - Filling up the DagBag from /Users/vlad.alex995/Desktop/de-sprint/.venv-airflow/lib/python3.11/site-packages/airflow/example_dags/example_dynamic_task_mapping.py
[2025-08-26T17:30:35.654+0100] {processor.py:840} INFO - DAG(s) 'example_dynamic_task_mapping' retrieved from /Users/vlad.alex995/Desktop/de-sprint/.venv-airflow/lib/python3.11/site-packages/airflow/example_dags/example_dynamic_task_mapping.py
[2025-08-26T17:30:35.684+0100] {logging_mixin.py:188} INFO - [2025-08-26T17:30:35.684+0100] {dag.py:3089} INFO - Sync 1 DAGs
[2025-08-26T17:30:35.688+0100] {logging_mixin.py:188} INFO - [2025-08-26T17:30:35.688+0100] {dag.py:3947} INFO - Setting next_dagrun for example_dynamic_task_mapping to 2022-03-04 00:00:00+00:00, run_after=2022-03-05 00:00:00+00:00
[2025-08-26T17:30:35.695+0100] {processor.py:183} INFO - Processing /Users/vlad.alex995/Desktop/de-sprint/.venv-airflow/lib/python3.11/site-packages/airflow/example_dags/example_dynamic_task_mapping.py took 0.059 seconds
[2025-08-26T17:32:06.122+0100] {processor.py:161} INFO - Started process (PID=35937) to work on /Users/vlad.alex995/Desktop/de-sprint/.venv-airflow/lib/python3.11/site-packages/airflow/example_dags/example_dynamic_task_mapping.py
[2025-08-26T17:32:06.122+0100] {processor.py:830} INFO - Processing file /Users/vlad.alex995/Desktop/de-sprint/.venv-airflow/lib/python3.11/site-packages/airflow/example_dags/example_dynamic_task_mapping.py for tasks to queue
[2025-08-26T17:32:06.123+0100] {logging_mixin.py:188} INFO - [2025-08-26T17:32:06.123+0100] {dagbag.py:545} INFO - Filling up the DagBag from /Users/vlad.alex995/Desktop/de-sprint/.venv-airflow/lib/python3.11/site-packages/airflow/example_dags/example_dynamic_task_mapping.py
[2025-08-26T17:32:06.135+0100] {processor.py:840} INFO - DAG(s) 'example_dynamic_task_mapping' retrieved from /Users/vlad.alex995/Desktop/de-sprint/.venv-airflow/lib/python3.11/site-packages/airflow/example_dags/example_dynamic_task_mapping.py
[2025-08-26T17:32:06.164+0100] {logging_mixin.py:188} INFO - [2025-08-26T17:32:06.164+0100] {dag.py:3089} INFO - Sync 1 DAGs
[2025-08-26T17:32:06.169+0100] {logging_mixin.py:188} INFO - [2025-08-26T17:32:06.168+0100] {dag.py:3947} INFO - Setting next_dagrun for example_dynamic_task_mapping to 2022-03-04 00:00:00+00:00, run_after=2022-03-05 00:00:00+00:00
[2025-08-26T17:32:06.174+0100] {processor.py:183} INFO - Processing /Users/vlad.alex995/Desktop/de-sprint/.venv-airflow/lib/python3.11/site-packages/airflow/example_dags/example_dynamic_task_mapping.py took 0.053 seconds
[2025-08-26T17:33:40.224+0100] {processor.py:161} INFO - Started process (PID=36024) to work on /Users/vlad.alex995/Desktop/de-sprint/.venv-airflow/lib/python3.11/site-packages/airflow/example_dags/example_dynamic_task_mapping.py
[2025-08-26T17:33:40.226+0100] {processor.py:830} INFO - Processing file /Users/vlad.alex995/Desktop/de-sprint/.venv-airflow/lib/python3.11/site-packages/airflow/example_dags/example_dynamic_task_mapping.py for tasks to queue
[2025-08-26T17:33:40.226+0100] {logging_mixin.py:188} INFO - [2025-08-26T17:33:40.226+0100] {dagbag.py:545} INFO - Filling up the DagBag from /Users/vlad.alex995/Desktop/de-sprint/.venv-airflow/lib/python3.11/site-packages/airflow/example_dags/example_dynamic_task_mapping.py
[2025-08-26T17:33:40.241+0100] {processor.py:840} INFO - DAG(s) 'example_dynamic_task_mapping' retrieved from /Users/vlad.alex995/Desktop/de-sprint/.venv-airflow/lib/python3.11/site-packages/airflow/example_dags/example_dynamic_task_mapping.py
[2025-08-26T17:33:40.271+0100] {logging_mixin.py:188} INFO - [2025-08-26T17:33:40.271+0100] {dag.py:3089} INFO - Sync 1 DAGs
[2025-08-26T17:33:40.276+0100] {logging_mixin.py:188} INFO - [2025-08-26T17:33:40.276+0100] {dag.py:3947} INFO - Setting next_dagrun for example_dynamic_task_mapping to 2022-03-04 00:00:00+00:00, run_after=2022-03-05 00:00:00+00:00
[2025-08-26T17:33:40.282+0100] {processor.py:183} INFO - Processing /Users/vlad.alex995/Desktop/de-sprint/.venv-airflow/lib/python3.11/site-packages/airflow/example_dags/example_dynamic_task_mapping.py took 0.058 seconds
[2025-08-26T18:11:37.960+0100] {processor.py:161} INFO - Started process (PID=37436) to work on /Users/vlad.alex995/Desktop/de-sprint/.venv-airflow/lib/python3.11/site-packages/airflow/example_dags/example_dynamic_task_mapping.py
[2025-08-26T18:11:37.962+0100] {processor.py:830} INFO - Processing file /Users/vlad.alex995/Desktop/de-sprint/.venv-airflow/lib/python3.11/site-packages/airflow/example_dags/example_dynamic_task_mapping.py for tasks to queue
[2025-08-26T18:11:37.962+0100] {logging_mixin.py:188} INFO - [2025-08-26T18:11:37.962+0100] {dagbag.py:545} INFO - Filling up the DagBag from /Users/vlad.alex995/Desktop/de-sprint/.venv-airflow/lib/python3.11/site-packages/airflow/example_dags/example_dynamic_task_mapping.py
[2025-08-26T18:11:37.974+0100] {processor.py:840} INFO - DAG(s) 'example_dynamic_task_mapping' retrieved from /Users/vlad.alex995/Desktop/de-sprint/.venv-airflow/lib/python3.11/site-packages/airflow/example_dags/example_dynamic_task_mapping.py
[2025-08-26T18:11:38.001+0100] {logging_mixin.py:188} INFO - [2025-08-26T18:11:38.001+0100] {dag.py:3089} INFO - Sync 1 DAGs
[2025-08-26T18:11:38.006+0100] {logging_mixin.py:188} INFO - [2025-08-26T18:11:38.006+0100] {dag.py:3947} INFO - Setting next_dagrun for example_dynamic_task_mapping to 2022-03-04 00:00:00+00:00, run_after=2022-03-05 00:00:00+00:00
[2025-08-26T18:11:38.011+0100] {processor.py:183} INFO - Processing /Users/vlad.alex995/Desktop/de-sprint/.venv-airflow/lib/python3.11/site-packages/airflow/example_dags/example_dynamic_task_mapping.py took 0.052 seconds
[2025-08-26T18:13:13.018+0100] {processor.py:161} INFO - Started process (PID=37505) to work on /Users/vlad.alex995/Desktop/de-sprint/.venv-airflow/lib/python3.11/site-packages/airflow/example_dags/example_dynamic_task_mapping.py
[2025-08-26T18:13:13.019+0100] {processor.py:830} INFO - Processing file /Users/vlad.alex995/Desktop/de-sprint/.venv-airflow/lib/python3.11/site-packages/airflow/example_dags/example_dynamic_task_mapping.py for tasks to queue
[2025-08-26T18:13:13.019+0100] {logging_mixin.py:188} INFO - [2025-08-26T18:13:13.019+0100] {dagbag.py:545} INFO - Filling up the DagBag from /Users/vlad.alex995/Desktop/de-sprint/.venv-airflow/lib/python3.11/site-packages/airflow/example_dags/example_dynamic_task_mapping.py
[2025-08-26T18:13:13.031+0100] {processor.py:840} INFO - DAG(s) 'example_dynamic_task_mapping' retrieved from /Users/vlad.alex995/Desktop/de-sprint/.venv-airflow/lib/python3.11/site-packages/airflow/example_dags/example_dynamic_task_mapping.py
[2025-08-26T18:13:13.059+0100] {logging_mixin.py:188} INFO - [2025-08-26T18:13:13.059+0100] {dag.py:3089} INFO - Sync 1 DAGs
[2025-08-26T18:13:13.064+0100] {logging_mixin.py:188} INFO - [2025-08-26T18:13:13.064+0100] {dag.py:3947} INFO - Setting next_dagrun for example_dynamic_task_mapping to 2022-03-04 00:00:00+00:00, run_after=2022-03-05 00:00:00+00:00
[2025-08-26T18:13:13.069+0100] {processor.py:183} INFO - Processing /Users/vlad.alex995/Desktop/de-sprint/.venv-airflow/lib/python3.11/site-packages/airflow/example_dags/example_dynamic_task_mapping.py took 0.052 seconds
[2025-08-26T18:14:39.613+0100] {processor.py:161} INFO - Started process (PID=37967) to work on /Users/vlad.alex995/Desktop/de-sprint/.venv-airflow/lib/python3.11/site-packages/airflow/example_dags/example_dynamic_task_mapping.py
[2025-08-26T18:14:39.614+0100] {processor.py:830} INFO - Processing file /Users/vlad.alex995/Desktop/de-sprint/.venv-airflow/lib/python3.11/site-packages/airflow/example_dags/example_dynamic_task_mapping.py for tasks to queue
[2025-08-26T18:14:39.615+0100] {logging_mixin.py:188} INFO - [2025-08-26T18:14:39.615+0100] {dagbag.py:545} INFO - Filling up the DagBag from /Users/vlad.alex995/Desktop/de-sprint/.venv-airflow/lib/python3.11/site-packages/airflow/example_dags/example_dynamic_task_mapping.py
[2025-08-26T18:14:39.627+0100] {processor.py:840} INFO - DAG(s) 'example_dynamic_task_mapping' retrieved from /Users/vlad.alex995/Desktop/de-sprint/.venv-airflow/lib/python3.11/site-packages/airflow/example_dags/example_dynamic_task_mapping.py
[2025-08-26T18:14:39.657+0100] {logging_mixin.py:188} INFO - [2025-08-26T18:14:39.656+0100] {dag.py:3089} INFO - Sync 1 DAGs
[2025-08-26T18:14:39.661+0100] {logging_mixin.py:188} INFO - [2025-08-26T18:14:39.661+0100] {dag.py:3947} INFO - Setting next_dagrun for example_dynamic_task_mapping to 2022-03-04 00:00:00+00:00, run_after=2022-03-05 00:00:00+00:00
[2025-08-26T18:14:39.667+0100] {processor.py:183} INFO - Processing /Users/vlad.alex995/Desktop/de-sprint/.venv-airflow/lib/python3.11/site-packages/airflow/example_dags/example_dynamic_task_mapping.py took 0.054 seconds
[2025-08-26T18:16:12.244+0100] {processor.py:161} INFO - Started process (PID=38047) to work on /Users/vlad.alex995/Desktop/de-sprint/.venv-airflow/lib/python3.11/site-packages/airflow/example_dags/example_dynamic_task_mapping.py
[2025-08-26T18:16:12.245+0100] {processor.py:830} INFO - Processing file /Users/vlad.alex995/Desktop/de-sprint/.venv-airflow/lib/python3.11/site-packages/airflow/example_dags/example_dynamic_task_mapping.py for tasks to queue
[2025-08-26T18:16:12.246+0100] {logging_mixin.py:188} INFO - [2025-08-26T18:16:12.245+0100] {dagbag.py:545} INFO - Filling up the DagBag from /Users/vlad.alex995/Desktop/de-sprint/.venv-airflow/lib/python3.11/site-packages/airflow/example_dags/example_dynamic_task_mapping.py
[2025-08-26T18:16:12.259+0100] {processor.py:840} INFO - DAG(s) 'example_dynamic_task_mapping' retrieved from /Users/vlad.alex995/Desktop/de-sprint/.venv-airflow/lib/python3.11/site-packages/airflow/example_dags/example_dynamic_task_mapping.py
[2025-08-26T18:16:12.289+0100] {logging_mixin.py:188} INFO - [2025-08-26T18:16:12.288+0100] {dag.py:3089} INFO - Sync 1 DAGs
[2025-08-26T18:16:12.293+0100] {logging_mixin.py:188} INFO - [2025-08-26T18:16:12.293+0100] {dag.py:3947} INFO - Setting next_dagrun for example_dynamic_task_mapping to 2022-03-04 00:00:00+00:00, run_after=2022-03-05 00:00:00+00:00
[2025-08-26T18:16:12.299+0100] {processor.py:183} INFO - Processing /Users/vlad.alex995/Desktop/de-sprint/.venv-airflow/lib/python3.11/site-packages/airflow/example_dags/example_dynamic_task_mapping.py took 0.056 seconds
[2025-08-26T18:17:52.110+0100] {processor.py:161} INFO - Started process (PID=38407) to work on /Users/vlad.alex995/Desktop/de-sprint/.venv-airflow/lib/python3.11/site-packages/airflow/example_dags/example_dynamic_task_mapping.py
[2025-08-26T18:17:52.112+0100] {processor.py:830} INFO - Processing file /Users/vlad.alex995/Desktop/de-sprint/.venv-airflow/lib/python3.11/site-packages/airflow/example_dags/example_dynamic_task_mapping.py for tasks to queue
[2025-08-26T18:17:52.112+0100] {logging_mixin.py:188} INFO - [2025-08-26T18:17:52.112+0100] {dagbag.py:545} INFO - Filling up the DagBag from /Users/vlad.alex995/Desktop/de-sprint/.venv-airflow/lib/python3.11/site-packages/airflow/example_dags/example_dynamic_task_mapping.py
[2025-08-26T18:17:52.125+0100] {processor.py:840} INFO - DAG(s) 'example_dynamic_task_mapping' retrieved from /Users/vlad.alex995/Desktop/de-sprint/.venv-airflow/lib/python3.11/site-packages/airflow/example_dags/example_dynamic_task_mapping.py
[2025-08-26T18:17:52.153+0100] {logging_mixin.py:188} INFO - [2025-08-26T18:17:52.153+0100] {dag.py:3089} INFO - Sync 1 DAGs
[2025-08-26T18:17:52.158+0100] {logging_mixin.py:188} INFO - [2025-08-26T18:17:52.158+0100] {dag.py:3947} INFO - Setting next_dagrun for example_dynamic_task_mapping to 2022-03-04 00:00:00+00:00, run_after=2022-03-05 00:00:00+00:00
[2025-08-26T18:17:52.163+0100] {processor.py:183} INFO - Processing /Users/vlad.alex995/Desktop/de-sprint/.venv-airflow/lib/python3.11/site-packages/airflow/example_dags/example_dynamic_task_mapping.py took 0.054 seconds
[2025-08-26T18:20:06.582+0100] {processor.py:161} INFO - Started process (PID=38903) to work on /Users/vlad.alex995/Desktop/de-sprint/.venv-airflow/lib/python3.11/site-packages/airflow/example_dags/example_dynamic_task_mapping.py
[2025-08-26T18:20:06.584+0100] {processor.py:830} INFO - Processing file /Users/vlad.alex995/Desktop/de-sprint/.venv-airflow/lib/python3.11/site-packages/airflow/example_dags/example_dynamic_task_mapping.py for tasks to queue
[2025-08-26T18:20:06.584+0100] {logging_mixin.py:188} INFO - [2025-08-26T18:20:06.584+0100] {dagbag.py:545} INFO - Filling up the DagBag from /Users/vlad.alex995/Desktop/de-sprint/.venv-airflow/lib/python3.11/site-packages/airflow/example_dags/example_dynamic_task_mapping.py
[2025-08-26T18:20:06.597+0100] {processor.py:840} INFO - DAG(s) 'example_dynamic_task_mapping' retrieved from /Users/vlad.alex995/Desktop/de-sprint/.venv-airflow/lib/python3.11/site-packages/airflow/example_dags/example_dynamic_task_mapping.py
[2025-08-26T18:20:06.624+0100] {logging_mixin.py:188} INFO - [2025-08-26T18:20:06.624+0100] {dag.py:3089} INFO - Sync 1 DAGs
[2025-08-26T18:20:06.629+0100] {logging_mixin.py:188} INFO - [2025-08-26T18:20:06.629+0100] {dag.py:3947} INFO - Setting next_dagrun for example_dynamic_task_mapping to 2022-03-04 00:00:00+00:00, run_after=2022-03-05 00:00:00+00:00
[2025-08-26T18:20:06.634+0100] {processor.py:183} INFO - Processing /Users/vlad.alex995/Desktop/de-sprint/.venv-airflow/lib/python3.11/site-packages/airflow/example_dags/example_dynamic_task_mapping.py took 0.053 seconds
[2025-08-26T18:21:39.555+0100] {processor.py:161} INFO - Started process (PID=38985) to work on /Users/vlad.alex995/Desktop/de-sprint/.venv-airflow/lib/python3.11/site-packages/airflow/example_dags/example_dynamic_task_mapping.py
[2025-08-26T18:21:39.556+0100] {processor.py:830} INFO - Processing file /Users/vlad.alex995/Desktop/de-sprint/.venv-airflow/lib/python3.11/site-packages/airflow/example_dags/example_dynamic_task_mapping.py for tasks to queue
[2025-08-26T18:21:39.557+0100] {logging_mixin.py:188} INFO - [2025-08-26T18:21:39.557+0100] {dagbag.py:545} INFO - Filling up the DagBag from /Users/vlad.alex995/Desktop/de-sprint/.venv-airflow/lib/python3.11/site-packages/airflow/example_dags/example_dynamic_task_mapping.py
[2025-08-26T18:21:39.572+0100] {processor.py:840} INFO - DAG(s) 'example_dynamic_task_mapping' retrieved from /Users/vlad.alex995/Desktop/de-sprint/.venv-airflow/lib/python3.11/site-packages/airflow/example_dags/example_dynamic_task_mapping.py
[2025-08-26T18:21:39.606+0100] {logging_mixin.py:188} INFO - [2025-08-26T18:21:39.605+0100] {dag.py:3089} INFO - Sync 1 DAGs
[2025-08-26T18:21:39.612+0100] {logging_mixin.py:188} INFO - [2025-08-26T18:21:39.611+0100] {dag.py:3947} INFO - Setting next_dagrun for example_dynamic_task_mapping to 2022-03-04 00:00:00+00:00, run_after=2022-03-05 00:00:00+00:00
[2025-08-26T18:21:39.618+0100] {processor.py:183} INFO - Processing /Users/vlad.alex995/Desktop/de-sprint/.venv-airflow/lib/python3.11/site-packages/airflow/example_dags/example_dynamic_task_mapping.py took 0.063 seconds
[2025-08-26T18:23:08.556+0100] {processor.py:161} INFO - Started process (PID=39055) to work on /Users/vlad.alex995/Desktop/de-sprint/.venv-airflow/lib/python3.11/site-packages/airflow/example_dags/example_dynamic_task_mapping.py
[2025-08-26T18:23:08.557+0100] {processor.py:830} INFO - Processing file /Users/vlad.alex995/Desktop/de-sprint/.venv-airflow/lib/python3.11/site-packages/airflow/example_dags/example_dynamic_task_mapping.py for tasks to queue
[2025-08-26T18:23:08.557+0100] {logging_mixin.py:188} INFO - [2025-08-26T18:23:08.557+0100] {dagbag.py:545} INFO - Filling up the DagBag from /Users/vlad.alex995/Desktop/de-sprint/.venv-airflow/lib/python3.11/site-packages/airflow/example_dags/example_dynamic_task_mapping.py
[2025-08-26T18:23:08.570+0100] {processor.py:840} INFO - DAG(s) 'example_dynamic_task_mapping' retrieved from /Users/vlad.alex995/Desktop/de-sprint/.venv-airflow/lib/python3.11/site-packages/airflow/example_dags/example_dynamic_task_mapping.py
[2025-08-26T18:23:08.598+0100] {logging_mixin.py:188} INFO - [2025-08-26T18:23:08.598+0100] {dag.py:3089} INFO - Sync 1 DAGs
[2025-08-26T18:23:08.602+0100] {logging_mixin.py:188} INFO - [2025-08-26T18:23:08.602+0100] {dag.py:3947} INFO - Setting next_dagrun for example_dynamic_task_mapping to 2022-03-04 00:00:00+00:00, run_after=2022-03-05 00:00:00+00:00
[2025-08-26T18:23:08.608+0100] {processor.py:183} INFO - Processing /Users/vlad.alex995/Desktop/de-sprint/.venv-airflow/lib/python3.11/site-packages/airflow/example_dags/example_dynamic_task_mapping.py took 0.052 seconds
[2025-08-26T18:24:33.887+0100] {processor.py:161} INFO - Started process (PID=39124) to work on /Users/vlad.alex995/Desktop/de-sprint/.venv-airflow/lib/python3.11/site-packages/airflow/example_dags/example_dynamic_task_mapping.py
[2025-08-26T18:24:33.887+0100] {processor.py:830} INFO - Processing file /Users/vlad.alex995/Desktop/de-sprint/.venv-airflow/lib/python3.11/site-packages/airflow/example_dags/example_dynamic_task_mapping.py for tasks to queue
[2025-08-26T18:24:33.888+0100] {logging_mixin.py:188} INFO - [2025-08-26T18:24:33.887+0100] {dagbag.py:545} INFO - Filling up the DagBag from /Users/vlad.alex995/Desktop/de-sprint/.venv-airflow/lib/python3.11/site-packages/airflow/example_dags/example_dynamic_task_mapping.py
[2025-08-26T18:24:33.901+0100] {processor.py:840} INFO - DAG(s) 'example_dynamic_task_mapping' retrieved from /Users/vlad.alex995/Desktop/de-sprint/.venv-airflow/lib/python3.11/site-packages/airflow/example_dags/example_dynamic_task_mapping.py
[2025-08-26T18:24:33.932+0100] {logging_mixin.py:188} INFO - [2025-08-26T18:24:33.932+0100] {dag.py:3089} INFO - Sync 1 DAGs
[2025-08-26T18:24:33.937+0100] {logging_mixin.py:188} INFO - [2025-08-26T18:24:33.937+0100] {dag.py:3947} INFO - Setting next_dagrun for example_dynamic_task_mapping to 2022-03-04 00:00:00+00:00, run_after=2022-03-05 00:00:00+00:00
[2025-08-26T18:24:33.943+0100] {processor.py:183} INFO - Processing /Users/vlad.alex995/Desktop/de-sprint/.venv-airflow/lib/python3.11/site-packages/airflow/example_dags/example_dynamic_task_mapping.py took 0.057 seconds
[2025-08-26T18:26:09.862+0100] {processor.py:161} INFO - Started process (PID=39219) to work on /Users/vlad.alex995/Desktop/de-sprint/.venv-airflow/lib/python3.11/site-packages/airflow/example_dags/example_dynamic_task_mapping.py
[2025-08-26T18:26:09.863+0100] {processor.py:830} INFO - Processing file /Users/vlad.alex995/Desktop/de-sprint/.venv-airflow/lib/python3.11/site-packages/airflow/example_dags/example_dynamic_task_mapping.py for tasks to queue
[2025-08-26T18:26:09.863+0100] {logging_mixin.py:188} INFO - [2025-08-26T18:26:09.863+0100] {dagbag.py:545} INFO - Filling up the DagBag from /Users/vlad.alex995/Desktop/de-sprint/.venv-airflow/lib/python3.11/site-packages/airflow/example_dags/example_dynamic_task_mapping.py
[2025-08-26T18:26:09.876+0100] {processor.py:840} INFO - DAG(s) 'example_dynamic_task_mapping' retrieved from /Users/vlad.alex995/Desktop/de-sprint/.venv-airflow/lib/python3.11/site-packages/airflow/example_dags/example_dynamic_task_mapping.py
[2025-08-26T18:26:09.904+0100] {logging_mixin.py:188} INFO - [2025-08-26T18:26:09.904+0100] {dag.py:3089} INFO - Sync 1 DAGs
[2025-08-26T18:26:09.909+0100] {logging_mixin.py:188} INFO - [2025-08-26T18:26:09.909+0100] {dag.py:3947} INFO - Setting next_dagrun for example_dynamic_task_mapping to 2022-03-04 00:00:00+00:00, run_after=2022-03-05 00:00:00+00:00
[2025-08-26T18:26:09.914+0100] {processor.py:183} INFO - Processing /Users/vlad.alex995/Desktop/de-sprint/.venv-airflow/lib/python3.11/site-packages/airflow/example_dags/example_dynamic_task_mapping.py took 0.053 seconds
