[2025-08-26T17:26:05.052+0100] {processor.py:161} INFO - Started process (PID=35355) to work on /Users/vlad.alex995/Desktop/de-sprint/.venv-airflow/lib/python3.11/site-packages/airflow/example_dags/example_branch_python_dop_operator_3.py
[2025-08-26T17:26:05.053+0100] {processor.py:830} INFO - Processing file /Users/vlad.alex995/Desktop/de-sprint/.venv-airflow/lib/python3.11/site-packages/airflow/example_dags/example_branch_python_dop_operator_3.py for tasks to queue
[2025-08-26T17:26:05.053+0100] {logging_mixin.py:188} INFO - [2025-08-26T17:26:05.053+0100] {dagbag.py:545} INFO - Filling up the DagBag from /Users/vlad.alex995/Desktop/de-sprint/.venv-airflow/lib/python3.11/site-packages/airflow/example_dags/example_branch_python_dop_operator_3.py
[2025-08-26T17:26:05.068+0100] {processor.py:840} INFO - DAG(s) 'example_branch_dop_operator_v3' retrieved from /Users/vlad.alex995/Desktop/de-sprint/.venv-airflow/lib/python3.11/site-packages/airflow/example_dags/example_branch_python_dop_operator_3.py
[2025-08-26T17:26:05.123+0100] {logging_mixin.py:188} INFO - [2025-08-26T17:26:05.123+0100] {override.py:1858} INFO - Created Permission View: can delete on DAG:example_branch_dop_operator_v3
[2025-08-26T17:26:05.126+0100] {logging_mixin.py:188} INFO - [2025-08-26T17:26:05.126+0100] {override.py:1858} INFO - Created Permission View: can edit on DAG:example_branch_dop_operator_v3
[2025-08-26T17:26:05.127+0100] {logging_mixin.py:188} INFO - [2025-08-26T17:26:05.127+0100] {override.py:1858} INFO - Created Permission View: can read on DAG:example_branch_dop_operator_v3
[2025-08-26T17:26:05.128+0100] {logging_mixin.py:188} INFO - [2025-08-26T17:26:05.128+0100] {dag.py:3089} INFO - Sync 1 DAGs
[2025-08-26T17:26:05.153+0100] {logging_mixin.py:188} INFO - [2025-08-26T17:26:05.153+0100] {dag.py:3111} INFO - Creating ORM DAG for example_branch_dop_operator_v3
[2025-08-26T17:26:05.157+0100] {logging_mixin.py:188} INFO - [2025-08-26T17:26:05.157+0100] {dag.py:3947} INFO - Setting next_dagrun for example_branch_dop_operator_v3 to 2025-08-26 16:25:00+00:00, run_after=2025-08-26 16:26:00+00:00
[2025-08-26T17:26:05.163+0100] {processor.py:183} INFO - Processing /Users/vlad.alex995/Desktop/de-sprint/.venv-airflow/lib/python3.11/site-packages/airflow/example_dags/example_branch_python_dop_operator_3.py took 0.112 seconds
[2025-08-26T17:27:35.289+0100] {processor.py:161} INFO - Started process (PID=35427) to work on /Users/vlad.alex995/Desktop/de-sprint/.venv-airflow/lib/python3.11/site-packages/airflow/example_dags/example_branch_python_dop_operator_3.py
[2025-08-26T17:27:35.291+0100] {processor.py:830} INFO - Processing file /Users/vlad.alex995/Desktop/de-sprint/.venv-airflow/lib/python3.11/site-packages/airflow/example_dags/example_branch_python_dop_operator_3.py for tasks to queue
[2025-08-26T17:27:35.291+0100] {logging_mixin.py:188} INFO - [2025-08-26T17:27:35.291+0100] {dagbag.py:545} INFO - Filling up the DagBag from /Users/vlad.alex995/Desktop/de-sprint/.venv-airflow/lib/python3.11/site-packages/airflow/example_dags/example_branch_python_dop_operator_3.py
[2025-08-26T17:27:35.306+0100] {processor.py:840} INFO - DAG(s) 'example_branch_dop_operator_v3' retrieved from /Users/vlad.alex995/Desktop/de-sprint/.venv-airflow/lib/python3.11/site-packages/airflow/example_dags/example_branch_python_dop_operator_3.py
[2025-08-26T17:27:35.337+0100] {logging_mixin.py:188} INFO - [2025-08-26T17:27:35.337+0100] {dag.py:3089} INFO - Sync 1 DAGs
[2025-08-26T17:27:35.344+0100] {logging_mixin.py:188} INFO - [2025-08-26T17:27:35.344+0100] {dag.py:3947} INFO - Setting next_dagrun for example_branch_dop_operator_v3 to 2025-08-26 16:26:00+00:00, run_after=2025-08-26 16:27:00+00:00
[2025-08-26T17:27:35.350+0100] {processor.py:183} INFO - Processing /Users/vlad.alex995/Desktop/de-sprint/.venv-airflow/lib/python3.11/site-packages/airflow/example_dags/example_branch_python_dop_operator_3.py took 0.062 seconds
[2025-08-26T17:29:12.459+0100] {processor.py:161} INFO - Started process (PID=35496) to work on /Users/vlad.alex995/Desktop/de-sprint/.venv-airflow/lib/python3.11/site-packages/airflow/example_dags/example_branch_python_dop_operator_3.py
[2025-08-26T17:29:12.460+0100] {processor.py:830} INFO - Processing file /Users/vlad.alex995/Desktop/de-sprint/.venv-airflow/lib/python3.11/site-packages/airflow/example_dags/example_branch_python_dop_operator_3.py for tasks to queue
[2025-08-26T17:29:12.460+0100] {logging_mixin.py:188} INFO - [2025-08-26T17:29:12.460+0100] {dagbag.py:545} INFO - Filling up the DagBag from /Users/vlad.alex995/Desktop/de-sprint/.venv-airflow/lib/python3.11/site-packages/airflow/example_dags/example_branch_python_dop_operator_3.py
[2025-08-26T17:29:12.475+0100] {processor.py:840} INFO - DAG(s) 'example_branch_dop_operator_v3' retrieved from /Users/vlad.alex995/Desktop/de-sprint/.venv-airflow/lib/python3.11/site-packages/airflow/example_dags/example_branch_python_dop_operator_3.py
[2025-08-26T17:29:12.504+0100] {logging_mixin.py:188} INFO - [2025-08-26T17:29:12.504+0100] {dag.py:3089} INFO - Sync 1 DAGs
[2025-08-26T17:29:12.510+0100] {logging_mixin.py:188} INFO - [2025-08-26T17:29:12.510+0100] {dag.py:3947} INFO - Setting next_dagrun for example_branch_dop_operator_v3 to 2025-08-26 16:28:00+00:00, run_after=2025-08-26 16:29:00+00:00
[2025-08-26T17:29:12.516+0100] {processor.py:183} INFO - Processing /Users/vlad.alex995/Desktop/de-sprint/.venv-airflow/lib/python3.11/site-packages/airflow/example_dags/example_branch_python_dop_operator_3.py took 0.058 seconds
[2025-08-26T17:30:42.648+0100] {processor.py:161} INFO - Started process (PID=35566) to work on /Users/vlad.alex995/Desktop/de-sprint/.venv-airflow/lib/python3.11/site-packages/airflow/example_dags/example_branch_python_dop_operator_3.py
[2025-08-26T17:30:42.649+0100] {processor.py:830} INFO - Processing file /Users/vlad.alex995/Desktop/de-sprint/.venv-airflow/lib/python3.11/site-packages/airflow/example_dags/example_branch_python_dop_operator_3.py for tasks to queue
[2025-08-26T17:30:42.649+0100] {logging_mixin.py:188} INFO - [2025-08-26T17:30:42.649+0100] {dagbag.py:545} INFO - Filling up the DagBag from /Users/vlad.alex995/Desktop/de-sprint/.venv-airflow/lib/python3.11/site-packages/airflow/example_dags/example_branch_python_dop_operator_3.py
[2025-08-26T17:30:42.664+0100] {processor.py:840} INFO - DAG(s) 'example_branch_dop_operator_v3' retrieved from /Users/vlad.alex995/Desktop/de-sprint/.venv-airflow/lib/python3.11/site-packages/airflow/example_dags/example_branch_python_dop_operator_3.py
[2025-08-26T17:30:42.694+0100] {logging_mixin.py:188} INFO - [2025-08-26T17:30:42.693+0100] {dag.py:3089} INFO - Sync 1 DAGs
[2025-08-26T17:30:42.700+0100] {logging_mixin.py:188} INFO - [2025-08-26T17:30:42.700+0100] {dag.py:3947} INFO - Setting next_dagrun for example_branch_dop_operator_v3 to 2025-08-26 16:29:00+00:00, run_after=2025-08-26 16:30:00+00:00
[2025-08-26T17:30:42.706+0100] {processor.py:183} INFO - Processing /Users/vlad.alex995/Desktop/de-sprint/.venv-airflow/lib/python3.11/site-packages/airflow/example_dags/example_branch_python_dop_operator_3.py took 0.059 seconds
[2025-08-26T17:32:14.009+0100] {processor.py:161} INFO - Started process (PID=35944) to work on /Users/vlad.alex995/Desktop/de-sprint/.venv-airflow/lib/python3.11/site-packages/airflow/example_dags/example_branch_python_dop_operator_3.py
[2025-08-26T17:32:14.009+0100] {processor.py:830} INFO - Processing file /Users/vlad.alex995/Desktop/de-sprint/.venv-airflow/lib/python3.11/site-packages/airflow/example_dags/example_branch_python_dop_operator_3.py for tasks to queue
[2025-08-26T17:32:14.010+0100] {logging_mixin.py:188} INFO - [2025-08-26T17:32:14.009+0100] {dagbag.py:545} INFO - Filling up the DagBag from /Users/vlad.alex995/Desktop/de-sprint/.venv-airflow/lib/python3.11/site-packages/airflow/example_dags/example_branch_python_dop_operator_3.py
[2025-08-26T17:32:14.024+0100] {processor.py:840} INFO - DAG(s) 'example_branch_dop_operator_v3' retrieved from /Users/vlad.alex995/Desktop/de-sprint/.venv-airflow/lib/python3.11/site-packages/airflow/example_dags/example_branch_python_dop_operator_3.py
[2025-08-26T17:32:14.053+0100] {logging_mixin.py:188} INFO - [2025-08-26T17:32:14.053+0100] {dag.py:3089} INFO - Sync 1 DAGs
[2025-08-26T17:32:14.060+0100] {logging_mixin.py:188} INFO - [2025-08-26T17:32:14.060+0100] {dag.py:3947} INFO - Setting next_dagrun for example_branch_dop_operator_v3 to 2025-08-26 16:31:00+00:00, run_after=2025-08-26 16:32:00+00:00
[2025-08-26T17:32:14.066+0100] {processor.py:183} INFO - Processing /Users/vlad.alex995/Desktop/de-sprint/.venv-airflow/lib/python3.11/site-packages/airflow/example_dags/example_branch_python_dop_operator_3.py took 0.058 seconds
[2025-08-26T17:33:46.988+0100] {processor.py:161} INFO - Started process (PID=36029) to work on /Users/vlad.alex995/Desktop/de-sprint/.venv-airflow/lib/python3.11/site-packages/airflow/example_dags/example_branch_python_dop_operator_3.py
[2025-08-26T17:33:46.989+0100] {processor.py:830} INFO - Processing file /Users/vlad.alex995/Desktop/de-sprint/.venv-airflow/lib/python3.11/site-packages/airflow/example_dags/example_branch_python_dop_operator_3.py for tasks to queue
[2025-08-26T17:33:46.989+0100] {logging_mixin.py:188} INFO - [2025-08-26T17:33:46.989+0100] {dagbag.py:545} INFO - Filling up the DagBag from /Users/vlad.alex995/Desktop/de-sprint/.venv-airflow/lib/python3.11/site-packages/airflow/example_dags/example_branch_python_dop_operator_3.py
[2025-08-26T17:33:47.004+0100] {processor.py:840} INFO - DAG(s) 'example_branch_dop_operator_v3' retrieved from /Users/vlad.alex995/Desktop/de-sprint/.venv-airflow/lib/python3.11/site-packages/airflow/example_dags/example_branch_python_dop_operator_3.py
[2025-08-26T17:33:47.034+0100] {logging_mixin.py:188} INFO - [2025-08-26T17:33:47.034+0100] {dag.py:3089} INFO - Sync 1 DAGs
[2025-08-26T17:33:47.040+0100] {logging_mixin.py:188} INFO - [2025-08-26T17:33:47.040+0100] {dag.py:3947} INFO - Setting next_dagrun for example_branch_dop_operator_v3 to 2025-08-26 16:32:00+00:00, run_after=2025-08-26 16:33:00+00:00
[2025-08-26T17:33:47.046+0100] {processor.py:183} INFO - Processing /Users/vlad.alex995/Desktop/de-sprint/.venv-airflow/lib/python3.11/site-packages/airflow/example_dags/example_branch_python_dop_operator_3.py took 0.059 seconds
[2025-08-26T18:11:46.451+0100] {processor.py:161} INFO - Started process (PID=37441) to work on /Users/vlad.alex995/Desktop/de-sprint/.venv-airflow/lib/python3.11/site-packages/airflow/example_dags/example_branch_python_dop_operator_3.py
[2025-08-26T18:11:46.452+0100] {processor.py:830} INFO - Processing file /Users/vlad.alex995/Desktop/de-sprint/.venv-airflow/lib/python3.11/site-packages/airflow/example_dags/example_branch_python_dop_operator_3.py for tasks to queue
[2025-08-26T18:11:46.452+0100] {logging_mixin.py:188} INFO - [2025-08-26T18:11:46.452+0100] {dagbag.py:545} INFO - Filling up the DagBag from /Users/vlad.alex995/Desktop/de-sprint/.venv-airflow/lib/python3.11/site-packages/airflow/example_dags/example_branch_python_dop_operator_3.py
[2025-08-26T18:11:46.465+0100] {processor.py:840} INFO - DAG(s) 'example_branch_dop_operator_v3' retrieved from /Users/vlad.alex995/Desktop/de-sprint/.venv-airflow/lib/python3.11/site-packages/airflow/example_dags/example_branch_python_dop_operator_3.py
[2025-08-26T18:11:46.493+0100] {logging_mixin.py:188} INFO - [2025-08-26T18:11:46.493+0100] {dag.py:3089} INFO - Sync 1 DAGs
[2025-08-26T18:11:46.499+0100] {logging_mixin.py:188} INFO - [2025-08-26T18:11:46.499+0100] {dag.py:3947} INFO - Setting next_dagrun for example_branch_dop_operator_v3 to 2025-08-26 17:10:00+00:00, run_after=2025-08-26 17:11:00+00:00
[2025-08-26T18:11:46.505+0100] {processor.py:183} INFO - Processing /Users/vlad.alex995/Desktop/de-sprint/.venv-airflow/lib/python3.11/site-packages/airflow/example_dags/example_branch_python_dop_operator_3.py took 0.055 seconds
[2025-08-26T18:13:19.707+0100] {processor.py:161} INFO - Started process (PID=37511) to work on /Users/vlad.alex995/Desktop/de-sprint/.venv-airflow/lib/python3.11/site-packages/airflow/example_dags/example_branch_python_dop_operator_3.py
[2025-08-26T18:13:19.708+0100] {processor.py:830} INFO - Processing file /Users/vlad.alex995/Desktop/de-sprint/.venv-airflow/lib/python3.11/site-packages/airflow/example_dags/example_branch_python_dop_operator_3.py for tasks to queue
[2025-08-26T18:13:19.708+0100] {logging_mixin.py:188} INFO - [2025-08-26T18:13:19.708+0100] {dagbag.py:545} INFO - Filling up the DagBag from /Users/vlad.alex995/Desktop/de-sprint/.venv-airflow/lib/python3.11/site-packages/airflow/example_dags/example_branch_python_dop_operator_3.py
[2025-08-26T18:13:19.722+0100] {processor.py:840} INFO - DAG(s) 'example_branch_dop_operator_v3' retrieved from /Users/vlad.alex995/Desktop/de-sprint/.venv-airflow/lib/python3.11/site-packages/airflow/example_dags/example_branch_python_dop_operator_3.py
[2025-08-26T18:13:19.753+0100] {logging_mixin.py:188} INFO - [2025-08-26T18:13:19.752+0100] {dag.py:3089} INFO - Sync 1 DAGs
[2025-08-26T18:13:19.758+0100] {logging_mixin.py:188} INFO - [2025-08-26T18:13:19.758+0100] {dag.py:3947} INFO - Setting next_dagrun for example_branch_dop_operator_v3 to 2025-08-26 17:12:00+00:00, run_after=2025-08-26 17:13:00+00:00
[2025-08-26T18:13:19.764+0100] {processor.py:183} INFO - Processing /Users/vlad.alex995/Desktop/de-sprint/.venv-airflow/lib/python3.11/site-packages/airflow/example_dags/example_branch_python_dop_operator_3.py took 0.058 seconds
[2025-08-26T18:14:47.024+0100] {processor.py:161} INFO - Started process (PID=37976) to work on /Users/vlad.alex995/Desktop/de-sprint/.venv-airflow/lib/python3.11/site-packages/airflow/example_dags/example_branch_python_dop_operator_3.py
[2025-08-26T18:14:47.025+0100] {processor.py:830} INFO - Processing file /Users/vlad.alex995/Desktop/de-sprint/.venv-airflow/lib/python3.11/site-packages/airflow/example_dags/example_branch_python_dop_operator_3.py for tasks to queue
[2025-08-26T18:14:47.025+0100] {logging_mixin.py:188} INFO - [2025-08-26T18:14:47.025+0100] {dagbag.py:545} INFO - Filling up the DagBag from /Users/vlad.alex995/Desktop/de-sprint/.venv-airflow/lib/python3.11/site-packages/airflow/example_dags/example_branch_python_dop_operator_3.py
[2025-08-26T18:14:47.040+0100] {processor.py:840} INFO - DAG(s) 'example_branch_dop_operator_v3' retrieved from /Users/vlad.alex995/Desktop/de-sprint/.venv-airflow/lib/python3.11/site-packages/airflow/example_dags/example_branch_python_dop_operator_3.py
[2025-08-26T18:14:47.070+0100] {logging_mixin.py:188} INFO - [2025-08-26T18:14:47.070+0100] {dag.py:3089} INFO - Sync 1 DAGs
[2025-08-26T18:14:47.076+0100] {logging_mixin.py:188} INFO - [2025-08-26T18:14:47.076+0100] {dag.py:3947} INFO - Setting next_dagrun for example_branch_dop_operator_v3 to 2025-08-26 17:13:00+00:00, run_after=2025-08-26 17:14:00+00:00
[2025-08-26T18:14:47.082+0100] {processor.py:183} INFO - Processing /Users/vlad.alex995/Desktop/de-sprint/.venv-airflow/lib/python3.11/site-packages/airflow/example_dags/example_branch_python_dop_operator_3.py took 0.060 seconds
[2025-08-26T18:16:20.644+0100] {processor.py:161} INFO - Started process (PID=38052) to work on /Users/vlad.alex995/Desktop/de-sprint/.venv-airflow/lib/python3.11/site-packages/airflow/example_dags/example_branch_python_dop_operator_3.py
[2025-08-26T18:16:20.645+0100] {processor.py:830} INFO - Processing file /Users/vlad.alex995/Desktop/de-sprint/.venv-airflow/lib/python3.11/site-packages/airflow/example_dags/example_branch_python_dop_operator_3.py for tasks to queue
[2025-08-26T18:16:20.646+0100] {logging_mixin.py:188} INFO - [2025-08-26T18:16:20.646+0100] {dagbag.py:545} INFO - Filling up the DagBag from /Users/vlad.alex995/Desktop/de-sprint/.venv-airflow/lib/python3.11/site-packages/airflow/example_dags/example_branch_python_dop_operator_3.py
[2025-08-26T18:16:20.660+0100] {processor.py:840} INFO - DAG(s) 'example_branch_dop_operator_v3' retrieved from /Users/vlad.alex995/Desktop/de-sprint/.venv-airflow/lib/python3.11/site-packages/airflow/example_dags/example_branch_python_dop_operator_3.py
[2025-08-26T18:16:20.688+0100] {logging_mixin.py:188} INFO - [2025-08-26T18:16:20.688+0100] {dag.py:3089} INFO - Sync 1 DAGs
[2025-08-26T18:16:20.694+0100] {logging_mixin.py:188} INFO - [2025-08-26T18:16:20.694+0100] {dag.py:3947} INFO - Setting next_dagrun for example_branch_dop_operator_v3 to 2025-08-26 17:15:00+00:00, run_after=2025-08-26 17:16:00+00:00
[2025-08-26T18:16:20.699+0100] {processor.py:183} INFO - Processing /Users/vlad.alex995/Desktop/de-sprint/.venv-airflow/lib/python3.11/site-packages/airflow/example_dags/example_branch_python_dop_operator_3.py took 0.056 seconds
[2025-08-26T18:17:59.390+0100] {processor.py:161} INFO - Started process (PID=38414) to work on /Users/vlad.alex995/Desktop/de-sprint/.venv-airflow/lib/python3.11/site-packages/airflow/example_dags/example_branch_python_dop_operator_3.py
[2025-08-26T18:17:59.391+0100] {processor.py:830} INFO - Processing file /Users/vlad.alex995/Desktop/de-sprint/.venv-airflow/lib/python3.11/site-packages/airflow/example_dags/example_branch_python_dop_operator_3.py for tasks to queue
[2025-08-26T18:17:59.391+0100] {logging_mixin.py:188} INFO - [2025-08-26T18:17:59.391+0100] {dagbag.py:545} INFO - Filling up the DagBag from /Users/vlad.alex995/Desktop/de-sprint/.venv-airflow/lib/python3.11/site-packages/airflow/example_dags/example_branch_python_dop_operator_3.py
[2025-08-26T18:17:59.405+0100] {processor.py:840} INFO - DAG(s) 'example_branch_dop_operator_v3' retrieved from /Users/vlad.alex995/Desktop/de-sprint/.venv-airflow/lib/python3.11/site-packages/airflow/example_dags/example_branch_python_dop_operator_3.py
[2025-08-26T18:17:59.433+0100] {logging_mixin.py:188} INFO - [2025-08-26T18:17:59.433+0100] {dag.py:3089} INFO - Sync 1 DAGs
[2025-08-26T18:17:59.439+0100] {logging_mixin.py:188} INFO - [2025-08-26T18:17:59.439+0100] {dag.py:3947} INFO - Setting next_dagrun for example_branch_dop_operator_v3 to 2025-08-26 17:16:00+00:00, run_after=2025-08-26 17:17:00+00:00
[2025-08-26T18:17:59.445+0100] {processor.py:183} INFO - Processing /Users/vlad.alex995/Desktop/de-sprint/.venv-airflow/lib/python3.11/site-packages/airflow/example_dags/example_branch_python_dop_operator_3.py took 0.056 seconds
[2025-08-26T18:20:12.929+0100] {processor.py:161} INFO - Started process (PID=38908) to work on /Users/vlad.alex995/Desktop/de-sprint/.venv-airflow/lib/python3.11/site-packages/airflow/example_dags/example_branch_python_dop_operator_3.py
[2025-08-26T18:20:12.930+0100] {processor.py:830} INFO - Processing file /Users/vlad.alex995/Desktop/de-sprint/.venv-airflow/lib/python3.11/site-packages/airflow/example_dags/example_branch_python_dop_operator_3.py for tasks to queue
[2025-08-26T18:20:12.930+0100] {logging_mixin.py:188} INFO - [2025-08-26T18:20:12.930+0100] {dagbag.py:545} INFO - Filling up the DagBag from /Users/vlad.alex995/Desktop/de-sprint/.venv-airflow/lib/python3.11/site-packages/airflow/example_dags/example_branch_python_dop_operator_3.py
[2025-08-26T18:20:12.944+0100] {processor.py:840} INFO - DAG(s) 'example_branch_dop_operator_v3' retrieved from /Users/vlad.alex995/Desktop/de-sprint/.venv-airflow/lib/python3.11/site-packages/airflow/example_dags/example_branch_python_dop_operator_3.py
[2025-08-26T18:20:12.972+0100] {logging_mixin.py:188} INFO - [2025-08-26T18:20:12.972+0100] {dag.py:3089} INFO - Sync 1 DAGs
[2025-08-26T18:20:12.977+0100] {logging_mixin.py:188} INFO - [2025-08-26T18:20:12.977+0100] {dag.py:3947} INFO - Setting next_dagrun for example_branch_dop_operator_v3 to 2025-08-26 17:19:00+00:00, run_after=2025-08-26 17:20:00+00:00
[2025-08-26T18:20:12.983+0100] {processor.py:183} INFO - Processing /Users/vlad.alex995/Desktop/de-sprint/.venv-airflow/lib/python3.11/site-packages/airflow/example_dags/example_branch_python_dop_operator_3.py took 0.055 seconds
[2025-08-26T18:21:46.873+0100] {processor.py:161} INFO - Started process (PID=38990) to work on /Users/vlad.alex995/Desktop/de-sprint/.venv-airflow/lib/python3.11/site-packages/airflow/example_dags/example_branch_python_dop_operator_3.py
[2025-08-26T18:21:46.874+0100] {processor.py:830} INFO - Processing file /Users/vlad.alex995/Desktop/de-sprint/.venv-airflow/lib/python3.11/site-packages/airflow/example_dags/example_branch_python_dop_operator_3.py for tasks to queue
[2025-08-26T18:21:46.874+0100] {logging_mixin.py:188} INFO - [2025-08-26T18:21:46.874+0100] {dagbag.py:545} INFO - Filling up the DagBag from /Users/vlad.alex995/Desktop/de-sprint/.venv-airflow/lib/python3.11/site-packages/airflow/example_dags/example_branch_python_dop_operator_3.py
[2025-08-26T18:21:46.888+0100] {processor.py:840} INFO - DAG(s) 'example_branch_dop_operator_v3' retrieved from /Users/vlad.alex995/Desktop/de-sprint/.venv-airflow/lib/python3.11/site-packages/airflow/example_dags/example_branch_python_dop_operator_3.py
[2025-08-26T18:21:46.918+0100] {logging_mixin.py:188} INFO - [2025-08-26T18:21:46.918+0100] {dag.py:3089} INFO - Sync 1 DAGs
[2025-08-26T18:21:46.924+0100] {logging_mixin.py:188} INFO - [2025-08-26T18:21:46.924+0100] {dag.py:3947} INFO - Setting next_dagrun for example_branch_dop_operator_v3 to 2025-08-26 17:20:00+00:00, run_after=2025-08-26 17:21:00+00:00
[2025-08-26T18:21:46.930+0100] {processor.py:183} INFO - Processing /Users/vlad.alex995/Desktop/de-sprint/.venv-airflow/lib/python3.11/site-packages/airflow/example_dags/example_branch_python_dop_operator_3.py took 0.058 seconds
[2025-08-26T18:23:14.137+0100] {processor.py:161} INFO - Started process (PID=39060) to work on /Users/vlad.alex995/Desktop/de-sprint/.venv-airflow/lib/python3.11/site-packages/airflow/example_dags/example_branch_python_dop_operator_3.py
[2025-08-26T18:23:14.138+0100] {processor.py:830} INFO - Processing file /Users/vlad.alex995/Desktop/de-sprint/.venv-airflow/lib/python3.11/site-packages/airflow/example_dags/example_branch_python_dop_operator_3.py for tasks to queue
[2025-08-26T18:23:14.138+0100] {logging_mixin.py:188} INFO - [2025-08-26T18:23:14.138+0100] {dagbag.py:545} INFO - Filling up the DagBag from /Users/vlad.alex995/Desktop/de-sprint/.venv-airflow/lib/python3.11/site-packages/airflow/example_dags/example_branch_python_dop_operator_3.py
[2025-08-26T18:23:14.153+0100] {processor.py:840} INFO - DAG(s) 'example_branch_dop_operator_v3' retrieved from /Users/vlad.alex995/Desktop/de-sprint/.venv-airflow/lib/python3.11/site-packages/airflow/example_dags/example_branch_python_dop_operator_3.py
[2025-08-26T18:23:14.185+0100] {logging_mixin.py:188} INFO - [2025-08-26T18:23:14.185+0100] {dag.py:3089} INFO - Sync 1 DAGs
[2025-08-26T18:23:14.192+0100] {logging_mixin.py:188} INFO - [2025-08-26T18:23:14.192+0100] {dag.py:3947} INFO - Setting next_dagrun for example_branch_dop_operator_v3 to 2025-08-26 17:22:00+00:00, run_after=2025-08-26 17:23:00+00:00
[2025-08-26T18:23:14.198+0100] {processor.py:183} INFO - Processing /Users/vlad.alex995/Desktop/de-sprint/.venv-airflow/lib/python3.11/site-packages/airflow/example_dags/example_branch_python_dop_operator_3.py took 0.061 seconds
[2025-08-26T18:24:41.380+0100] {processor.py:161} INFO - Started process (PID=39132) to work on /Users/vlad.alex995/Desktop/de-sprint/.venv-airflow/lib/python3.11/site-packages/airflow/example_dags/example_branch_python_dop_operator_3.py
[2025-08-26T18:24:41.381+0100] {processor.py:830} INFO - Processing file /Users/vlad.alex995/Desktop/de-sprint/.venv-airflow/lib/python3.11/site-packages/airflow/example_dags/example_branch_python_dop_operator_3.py for tasks to queue
[2025-08-26T18:24:41.381+0100] {logging_mixin.py:188} INFO - [2025-08-26T18:24:41.381+0100] {dagbag.py:545} INFO - Filling up the DagBag from /Users/vlad.alex995/Desktop/de-sprint/.venv-airflow/lib/python3.11/site-packages/airflow/example_dags/example_branch_python_dop_operator_3.py
[2025-08-26T18:24:41.395+0100] {processor.py:840} INFO - DAG(s) 'example_branch_dop_operator_v3' retrieved from /Users/vlad.alex995/Desktop/de-sprint/.venv-airflow/lib/python3.11/site-packages/airflow/example_dags/example_branch_python_dop_operator_3.py
[2025-08-26T18:24:41.423+0100] {logging_mixin.py:188} INFO - [2025-08-26T18:24:41.423+0100] {dag.py:3089} INFO - Sync 1 DAGs
[2025-08-26T18:24:41.430+0100] {logging_mixin.py:188} INFO - [2025-08-26T18:24:41.430+0100] {dag.py:3947} INFO - Setting next_dagrun for example_branch_dop_operator_v3 to 2025-08-26 17:23:00+00:00, run_after=2025-08-26 17:24:00+00:00
[2025-08-26T18:24:41.435+0100] {processor.py:183} INFO - Processing /Users/vlad.alex995/Desktop/de-sprint/.venv-airflow/lib/python3.11/site-packages/airflow/example_dags/example_branch_python_dop_operator_3.py took 0.056 seconds
[2025-08-26T18:26:17.792+0100] {processor.py:161} INFO - Started process (PID=39225) to work on /Users/vlad.alex995/Desktop/de-sprint/.venv-airflow/lib/python3.11/site-packages/airflow/example_dags/example_branch_python_dop_operator_3.py
[2025-08-26T18:26:17.792+0100] {processor.py:830} INFO - Processing file /Users/vlad.alex995/Desktop/de-sprint/.venv-airflow/lib/python3.11/site-packages/airflow/example_dags/example_branch_python_dop_operator_3.py for tasks to queue
[2025-08-26T18:26:17.793+0100] {logging_mixin.py:188} INFO - [2025-08-26T18:26:17.793+0100] {dagbag.py:545} INFO - Filling up the DagBag from /Users/vlad.alex995/Desktop/de-sprint/.venv-airflow/lib/python3.11/site-packages/airflow/example_dags/example_branch_python_dop_operator_3.py
[2025-08-26T18:26:17.807+0100] {processor.py:840} INFO - DAG(s) 'example_branch_dop_operator_v3' retrieved from /Users/vlad.alex995/Desktop/de-sprint/.venv-airflow/lib/python3.11/site-packages/airflow/example_dags/example_branch_python_dop_operator_3.py
[2025-08-26T18:26:17.839+0100] {logging_mixin.py:188} INFO - [2025-08-26T18:26:17.839+0100] {dag.py:3089} INFO - Sync 1 DAGs
[2025-08-26T18:26:17.846+0100] {logging_mixin.py:188} INFO - [2025-08-26T18:26:17.845+0100] {dag.py:3947} INFO - Setting next_dagrun for example_branch_dop_operator_v3 to 2025-08-26 17:25:00+00:00, run_after=2025-08-26 17:26:00+00:00
[2025-08-26T18:26:17.852+0100] {processor.py:183} INFO - Processing /Users/vlad.alex995/Desktop/de-sprint/.venv-airflow/lib/python3.11/site-packages/airflow/example_dags/example_branch_python_dop_operator_3.py took 0.061 seconds
