[2025-08-26T17:26:03.331+0100] {processor.py:161} INFO - Started process (PID=35354) to work on /Users/vlad.alex995/Desktop/de-sprint/.venv-airflow/lib/python3.11/site-packages/airflow/example_dags/example_complex.py
[2025-08-26T17:26:03.332+0100] {processor.py:830} INFO - Processing file /Users/vlad.alex995/Desktop/de-sprint/.venv-airflow/lib/python3.11/site-packages/airflow/example_dags/example_complex.py for tasks to queue
[2025-08-26T17:26:03.332+0100] {logging_mixin.py:188} INFO - [2025-08-26T17:26:03.332+0100] {dagbag.py:545} INFO - Filling up the DagBag from /Users/vlad.alex995/Desktop/de-sprint/.venv-airflow/lib/python3.11/site-packages/airflow/example_dags/example_complex.py
[2025-08-26T17:26:03.336+0100] {processor.py:840} INFO - DAG(s) 'example_complex' retrieved from /Users/vlad.alex995/Desktop/de-sprint/.venv-airflow/lib/python3.11/site-packages/airflow/example_dags/example_complex.py
[2025-08-26T17:26:03.397+0100] {logging_mixin.py:188} INFO - [2025-08-26T17:26:03.397+0100] {override.py:1858} INFO - Created Permission View: can read on DAG:example_complex
[2025-08-26T17:26:03.400+0100] {logging_mixin.py:188} INFO - [2025-08-26T17:26:03.400+0100] {override.py:1858} INFO - Created Permission View: can delete on DAG:example_complex
[2025-08-26T17:26:03.401+0100] {logging_mixin.py:188} INFO - [2025-08-26T17:26:03.401+0100] {override.py:1858} INFO - Created Permission View: can edit on DAG:example_complex
[2025-08-26T17:26:03.402+0100] {logging_mixin.py:188} INFO - [2025-08-26T17:26:03.401+0100] {dag.py:3089} INFO - Sync 1 DAGs
[2025-08-26T17:26:03.405+0100] {logging_mixin.py:188} INFO - [2025-08-26T17:26:03.404+0100] {dag.py:3111} INFO - Creating ORM DAG for example_complex
[2025-08-26T17:26:03.405+0100] {logging_mixin.py:188} INFO - [2025-08-26T17:26:03.405+0100] {dag.py:3947} INFO - Setting next_dagrun for example_complex to None, run_after=None
[2025-08-26T17:26:03.411+0100] {processor.py:183} INFO - Processing /Users/vlad.alex995/Desktop/de-sprint/.venv-airflow/lib/python3.11/site-packages/airflow/example_dags/example_complex.py took 0.081 seconds
[2025-08-26T17:27:33.603+0100] {processor.py:161} INFO - Started process (PID=35426) to work on /Users/vlad.alex995/Desktop/de-sprint/.venv-airflow/lib/python3.11/site-packages/airflow/example_dags/example_complex.py
[2025-08-26T17:27:33.604+0100] {processor.py:830} INFO - Processing file /Users/vlad.alex995/Desktop/de-sprint/.venv-airflow/lib/python3.11/site-packages/airflow/example_dags/example_complex.py for tasks to queue
[2025-08-26T17:27:33.604+0100] {logging_mixin.py:188} INFO - [2025-08-26T17:27:33.604+0100] {dagbag.py:545} INFO - Filling up the DagBag from /Users/vlad.alex995/Desktop/de-sprint/.venv-airflow/lib/python3.11/site-packages/airflow/example_dags/example_complex.py
[2025-08-26T17:27:33.609+0100] {processor.py:840} INFO - DAG(s) 'example_complex' retrieved from /Users/vlad.alex995/Desktop/de-sprint/.venv-airflow/lib/python3.11/site-packages/airflow/example_dags/example_complex.py
[2025-08-26T17:27:33.644+0100] {logging_mixin.py:188} INFO - [2025-08-26T17:27:33.644+0100] {dag.py:3089} INFO - Sync 1 DAGs
[2025-08-26T17:27:33.647+0100] {logging_mixin.py:188} INFO - [2025-08-26T17:27:33.647+0100] {dag.py:3947} INFO - Setting next_dagrun for example_complex to None, run_after=None
[2025-08-26T17:27:33.654+0100] {processor.py:183} INFO - Processing /Users/vlad.alex995/Desktop/de-sprint/.venv-airflow/lib/python3.11/site-packages/airflow/example_dags/example_complex.py took 0.052 seconds
[2025-08-26T17:29:10.793+0100] {processor.py:161} INFO - Started process (PID=35495) to work on /Users/vlad.alex995/Desktop/de-sprint/.venv-airflow/lib/python3.11/site-packages/airflow/example_dags/example_complex.py
[2025-08-26T17:29:10.794+0100] {processor.py:830} INFO - Processing file /Users/vlad.alex995/Desktop/de-sprint/.venv-airflow/lib/python3.11/site-packages/airflow/example_dags/example_complex.py for tasks to queue
[2025-08-26T17:29:10.794+0100] {logging_mixin.py:188} INFO - [2025-08-26T17:29:10.794+0100] {dagbag.py:545} INFO - Filling up the DagBag from /Users/vlad.alex995/Desktop/de-sprint/.venv-airflow/lib/python3.11/site-packages/airflow/example_dags/example_complex.py
[2025-08-26T17:29:10.798+0100] {processor.py:840} INFO - DAG(s) 'example_complex' retrieved from /Users/vlad.alex995/Desktop/de-sprint/.venv-airflow/lib/python3.11/site-packages/airflow/example_dags/example_complex.py
[2025-08-26T17:29:10.833+0100] {logging_mixin.py:188} INFO - [2025-08-26T17:29:10.832+0100] {dag.py:3089} INFO - Sync 1 DAGs
[2025-08-26T17:29:10.835+0100] {logging_mixin.py:188} INFO - [2025-08-26T17:29:10.835+0100] {dag.py:3947} INFO - Setting next_dagrun for example_complex to None, run_after=None
[2025-08-26T17:29:10.842+0100] {processor.py:183} INFO - Processing /Users/vlad.alex995/Desktop/de-sprint/.venv-airflow/lib/python3.11/site-packages/airflow/example_dags/example_complex.py took 0.050 seconds
[2025-08-26T17:30:41.248+0100] {processor.py:161} INFO - Started process (PID=35565) to work on /Users/vlad.alex995/Desktop/de-sprint/.venv-airflow/lib/python3.11/site-packages/airflow/example_dags/example_complex.py
[2025-08-26T17:30:41.249+0100] {processor.py:830} INFO - Processing file /Users/vlad.alex995/Desktop/de-sprint/.venv-airflow/lib/python3.11/site-packages/airflow/example_dags/example_complex.py for tasks to queue
[2025-08-26T17:30:41.250+0100] {logging_mixin.py:188} INFO - [2025-08-26T17:30:41.249+0100] {dagbag.py:545} INFO - Filling up the DagBag from /Users/vlad.alex995/Desktop/de-sprint/.venv-airflow/lib/python3.11/site-packages/airflow/example_dags/example_complex.py
[2025-08-26T17:30:41.254+0100] {processor.py:840} INFO - DAG(s) 'example_complex' retrieved from /Users/vlad.alex995/Desktop/de-sprint/.venv-airflow/lib/python3.11/site-packages/airflow/example_dags/example_complex.py
[2025-08-26T17:30:41.288+0100] {logging_mixin.py:188} INFO - [2025-08-26T17:30:41.288+0100] {dag.py:3089} INFO - Sync 1 DAGs
[2025-08-26T17:30:41.291+0100] {logging_mixin.py:188} INFO - [2025-08-26T17:30:41.291+0100] {dag.py:3947} INFO - Setting next_dagrun for example_complex to None, run_after=None
[2025-08-26T17:30:41.298+0100] {processor.py:183} INFO - Processing /Users/vlad.alex995/Desktop/de-sprint/.venv-airflow/lib/python3.11/site-packages/airflow/example_dags/example_complex.py took 0.051 seconds
[2025-08-26T17:32:12.362+0100] {processor.py:161} INFO - Started process (PID=35943) to work on /Users/vlad.alex995/Desktop/de-sprint/.venv-airflow/lib/python3.11/site-packages/airflow/example_dags/example_complex.py
[2025-08-26T17:32:12.362+0100] {processor.py:830} INFO - Processing file /Users/vlad.alex995/Desktop/de-sprint/.venv-airflow/lib/python3.11/site-packages/airflow/example_dags/example_complex.py for tasks to queue
[2025-08-26T17:32:12.363+0100] {logging_mixin.py:188} INFO - [2025-08-26T17:32:12.363+0100] {dagbag.py:545} INFO - Filling up the DagBag from /Users/vlad.alex995/Desktop/de-sprint/.venv-airflow/lib/python3.11/site-packages/airflow/example_dags/example_complex.py
[2025-08-26T17:32:12.367+0100] {processor.py:840} INFO - DAG(s) 'example_complex' retrieved from /Users/vlad.alex995/Desktop/de-sprint/.venv-airflow/lib/python3.11/site-packages/airflow/example_dags/example_complex.py
[2025-08-26T17:32:12.402+0100] {logging_mixin.py:188} INFO - [2025-08-26T17:32:12.402+0100] {dag.py:3089} INFO - Sync 1 DAGs
[2025-08-26T17:32:12.405+0100] {logging_mixin.py:188} INFO - [2025-08-26T17:32:12.405+0100] {dag.py:3947} INFO - Setting next_dagrun for example_complex to None, run_after=None
[2025-08-26T17:32:12.412+0100] {processor.py:183} INFO - Processing /Users/vlad.alex995/Desktop/de-sprint/.venv-airflow/lib/python3.11/site-packages/airflow/example_dags/example_complex.py took 0.051 seconds
[2025-08-26T17:33:45.306+0100] {processor.py:161} INFO - Started process (PID=36028) to work on /Users/vlad.alex995/Desktop/de-sprint/.venv-airflow/lib/python3.11/site-packages/airflow/example_dags/example_complex.py
[2025-08-26T17:33:45.307+0100] {processor.py:830} INFO - Processing file /Users/vlad.alex995/Desktop/de-sprint/.venv-airflow/lib/python3.11/site-packages/airflow/example_dags/example_complex.py for tasks to queue
[2025-08-26T17:33:45.307+0100] {logging_mixin.py:188} INFO - [2025-08-26T17:33:45.307+0100] {dagbag.py:545} INFO - Filling up the DagBag from /Users/vlad.alex995/Desktop/de-sprint/.venv-airflow/lib/python3.11/site-packages/airflow/example_dags/example_complex.py
[2025-08-26T17:33:45.312+0100] {processor.py:840} INFO - DAG(s) 'example_complex' retrieved from /Users/vlad.alex995/Desktop/de-sprint/.venv-airflow/lib/python3.11/site-packages/airflow/example_dags/example_complex.py
[2025-08-26T17:33:45.348+0100] {logging_mixin.py:188} INFO - [2025-08-26T17:33:45.348+0100] {dag.py:3089} INFO - Sync 1 DAGs
[2025-08-26T17:33:45.351+0100] {logging_mixin.py:188} INFO - [2025-08-26T17:33:45.351+0100] {dag.py:3947} INFO - Setting next_dagrun for example_complex to None, run_after=None
[2025-08-26T17:33:45.358+0100] {processor.py:183} INFO - Processing /Users/vlad.alex995/Desktop/de-sprint/.venv-airflow/lib/python3.11/site-packages/airflow/example_dags/example_complex.py took 0.054 seconds
[2025-08-26T18:11:44.715+0100] {processor.py:161} INFO - Started process (PID=37440) to work on /Users/vlad.alex995/Desktop/de-sprint/.venv-airflow/lib/python3.11/site-packages/airflow/example_dags/example_complex.py
[2025-08-26T18:11:44.715+0100] {processor.py:830} INFO - Processing file /Users/vlad.alex995/Desktop/de-sprint/.venv-airflow/lib/python3.11/site-packages/airflow/example_dags/example_complex.py for tasks to queue
[2025-08-26T18:11:44.715+0100] {logging_mixin.py:188} INFO - [2025-08-26T18:11:44.715+0100] {dagbag.py:545} INFO - Filling up the DagBag from /Users/vlad.alex995/Desktop/de-sprint/.venv-airflow/lib/python3.11/site-packages/airflow/example_dags/example_complex.py
[2025-08-26T18:11:44.720+0100] {processor.py:840} INFO - DAG(s) 'example_complex' retrieved from /Users/vlad.alex995/Desktop/de-sprint/.venv-airflow/lib/python3.11/site-packages/airflow/example_dags/example_complex.py
[2025-08-26T18:11:44.756+0100] {logging_mixin.py:188} INFO - [2025-08-26T18:11:44.756+0100] {dag.py:3089} INFO - Sync 1 DAGs
[2025-08-26T18:11:44.760+0100] {logging_mixin.py:188} INFO - [2025-08-26T18:11:44.760+0100] {dag.py:3947} INFO - Setting next_dagrun for example_complex to None, run_after=None
[2025-08-26T18:11:44.767+0100] {processor.py:183} INFO - Processing /Users/vlad.alex995/Desktop/de-sprint/.venv-airflow/lib/python3.11/site-packages/airflow/example_dags/example_complex.py took 0.054 seconds
[2025-08-26T18:13:18.049+0100] {processor.py:161} INFO - Started process (PID=37510) to work on /Users/vlad.alex995/Desktop/de-sprint/.venv-airflow/lib/python3.11/site-packages/airflow/example_dags/example_complex.py
[2025-08-26T18:13:18.050+0100] {processor.py:830} INFO - Processing file /Users/vlad.alex995/Desktop/de-sprint/.venv-airflow/lib/python3.11/site-packages/airflow/example_dags/example_complex.py for tasks to queue
[2025-08-26T18:13:18.050+0100] {logging_mixin.py:188} INFO - [2025-08-26T18:13:18.050+0100] {dagbag.py:545} INFO - Filling up the DagBag from /Users/vlad.alex995/Desktop/de-sprint/.venv-airflow/lib/python3.11/site-packages/airflow/example_dags/example_complex.py
[2025-08-26T18:13:18.054+0100] {processor.py:840} INFO - DAG(s) 'example_complex' retrieved from /Users/vlad.alex995/Desktop/de-sprint/.venv-airflow/lib/python3.11/site-packages/airflow/example_dags/example_complex.py
[2025-08-26T18:13:18.088+0100] {logging_mixin.py:188} INFO - [2025-08-26T18:13:18.088+0100] {dag.py:3089} INFO - Sync 1 DAGs
[2025-08-26T18:13:18.091+0100] {logging_mixin.py:188} INFO - [2025-08-26T18:13:18.090+0100] {dag.py:3947} INFO - Setting next_dagrun for example_complex to None, run_after=None
[2025-08-26T18:13:18.097+0100] {processor.py:183} INFO - Processing /Users/vlad.alex995/Desktop/de-sprint/.venv-airflow/lib/python3.11/site-packages/airflow/example_dags/example_complex.py took 0.048 seconds
[2025-08-26T18:14:45.289+0100] {processor.py:161} INFO - Started process (PID=37975) to work on /Users/vlad.alex995/Desktop/de-sprint/.venv-airflow/lib/python3.11/site-packages/airflow/example_dags/example_complex.py
[2025-08-26T18:14:45.290+0100] {processor.py:830} INFO - Processing file /Users/vlad.alex995/Desktop/de-sprint/.venv-airflow/lib/python3.11/site-packages/airflow/example_dags/example_complex.py for tasks to queue
[2025-08-26T18:14:45.290+0100] {logging_mixin.py:188} INFO - [2025-08-26T18:14:45.290+0100] {dagbag.py:545} INFO - Filling up the DagBag from /Users/vlad.alex995/Desktop/de-sprint/.venv-airflow/lib/python3.11/site-packages/airflow/example_dags/example_complex.py
[2025-08-26T18:14:45.294+0100] {processor.py:840} INFO - DAG(s) 'example_complex' retrieved from /Users/vlad.alex995/Desktop/de-sprint/.venv-airflow/lib/python3.11/site-packages/airflow/example_dags/example_complex.py
[2025-08-26T18:14:45.328+0100] {logging_mixin.py:188} INFO - [2025-08-26T18:14:45.328+0100] {dag.py:3089} INFO - Sync 1 DAGs
[2025-08-26T18:14:45.332+0100] {logging_mixin.py:188} INFO - [2025-08-26T18:14:45.331+0100] {dag.py:3947} INFO - Setting next_dagrun for example_complex to None, run_after=None
[2025-08-26T18:14:45.338+0100] {processor.py:183} INFO - Processing /Users/vlad.alex995/Desktop/de-sprint/.venv-airflow/lib/python3.11/site-packages/airflow/example_dags/example_complex.py took 0.050 seconds
[2025-08-26T18:16:19.035+0100] {processor.py:161} INFO - Started process (PID=38051) to work on /Users/vlad.alex995/Desktop/de-sprint/.venv-airflow/lib/python3.11/site-packages/airflow/example_dags/example_complex.py
[2025-08-26T18:16:19.037+0100] {processor.py:830} INFO - Processing file /Users/vlad.alex995/Desktop/de-sprint/.venv-airflow/lib/python3.11/site-packages/airflow/example_dags/example_complex.py for tasks to queue
[2025-08-26T18:16:19.037+0100] {logging_mixin.py:188} INFO - [2025-08-26T18:16:19.037+0100] {dagbag.py:545} INFO - Filling up the DagBag from /Users/vlad.alex995/Desktop/de-sprint/.venv-airflow/lib/python3.11/site-packages/airflow/example_dags/example_complex.py
[2025-08-26T18:16:19.041+0100] {processor.py:840} INFO - DAG(s) 'example_complex' retrieved from /Users/vlad.alex995/Desktop/de-sprint/.venv-airflow/lib/python3.11/site-packages/airflow/example_dags/example_complex.py
[2025-08-26T18:16:19.074+0100] {logging_mixin.py:188} INFO - [2025-08-26T18:16:19.074+0100] {dag.py:3089} INFO - Sync 1 DAGs
[2025-08-26T18:16:19.076+0100] {logging_mixin.py:188} INFO - [2025-08-26T18:16:19.076+0100] {dag.py:3947} INFO - Setting next_dagrun for example_complex to None, run_after=None
[2025-08-26T18:16:19.083+0100] {processor.py:183} INFO - Processing /Users/vlad.alex995/Desktop/de-sprint/.venv-airflow/lib/python3.11/site-packages/airflow/example_dags/example_complex.py took 0.048 seconds
[2025-08-26T18:17:57.768+0100] {processor.py:161} INFO - Started process (PID=38413) to work on /Users/vlad.alex995/Desktop/de-sprint/.venv-airflow/lib/python3.11/site-packages/airflow/example_dags/example_complex.py
[2025-08-26T18:17:57.769+0100] {processor.py:830} INFO - Processing file /Users/vlad.alex995/Desktop/de-sprint/.venv-airflow/lib/python3.11/site-packages/airflow/example_dags/example_complex.py for tasks to queue
[2025-08-26T18:17:57.770+0100] {logging_mixin.py:188} INFO - [2025-08-26T18:17:57.769+0100] {dagbag.py:545} INFO - Filling up the DagBag from /Users/vlad.alex995/Desktop/de-sprint/.venv-airflow/lib/python3.11/site-packages/airflow/example_dags/example_complex.py
[2025-08-26T18:17:57.774+0100] {processor.py:840} INFO - DAG(s) 'example_complex' retrieved from /Users/vlad.alex995/Desktop/de-sprint/.venv-airflow/lib/python3.11/site-packages/airflow/example_dags/example_complex.py
[2025-08-26T18:17:57.808+0100] {logging_mixin.py:188} INFO - [2025-08-26T18:17:57.808+0100] {dag.py:3089} INFO - Sync 1 DAGs
[2025-08-26T18:17:57.811+0100] {logging_mixin.py:188} INFO - [2025-08-26T18:17:57.810+0100] {dag.py:3947} INFO - Setting next_dagrun for example_complex to None, run_after=None
[2025-08-26T18:17:57.817+0100] {processor.py:183} INFO - Processing /Users/vlad.alex995/Desktop/de-sprint/.venv-airflow/lib/python3.11/site-packages/airflow/example_dags/example_complex.py took 0.050 seconds
[2025-08-26T18:20:11.307+0100] {processor.py:161} INFO - Started process (PID=38907) to work on /Users/vlad.alex995/Desktop/de-sprint/.venv-airflow/lib/python3.11/site-packages/airflow/example_dags/example_complex.py
[2025-08-26T18:20:11.308+0100] {processor.py:830} INFO - Processing file /Users/vlad.alex995/Desktop/de-sprint/.venv-airflow/lib/python3.11/site-packages/airflow/example_dags/example_complex.py for tasks to queue
[2025-08-26T18:20:11.308+0100] {logging_mixin.py:188} INFO - [2025-08-26T18:20:11.308+0100] {dagbag.py:545} INFO - Filling up the DagBag from /Users/vlad.alex995/Desktop/de-sprint/.venv-airflow/lib/python3.11/site-packages/airflow/example_dags/example_complex.py
[2025-08-26T18:20:11.312+0100] {processor.py:840} INFO - DAG(s) 'example_complex' retrieved from /Users/vlad.alex995/Desktop/de-sprint/.venv-airflow/lib/python3.11/site-packages/airflow/example_dags/example_complex.py
[2025-08-26T18:20:11.344+0100] {logging_mixin.py:188} INFO - [2025-08-26T18:20:11.344+0100] {dag.py:3089} INFO - Sync 1 DAGs
[2025-08-26T18:20:11.347+0100] {logging_mixin.py:188} INFO - [2025-08-26T18:20:11.346+0100] {dag.py:3947} INFO - Setting next_dagrun for example_complex to None, run_after=None
[2025-08-26T18:20:11.353+0100] {processor.py:183} INFO - Processing /Users/vlad.alex995/Desktop/de-sprint/.venv-airflow/lib/python3.11/site-packages/airflow/example_dags/example_complex.py took 0.047 seconds
[2025-08-26T18:21:45.196+0100] {processor.py:161} INFO - Started process (PID=38989) to work on /Users/vlad.alex995/Desktop/de-sprint/.venv-airflow/lib/python3.11/site-packages/airflow/example_dags/example_complex.py
[2025-08-26T18:21:45.196+0100] {processor.py:830} INFO - Processing file /Users/vlad.alex995/Desktop/de-sprint/.venv-airflow/lib/python3.11/site-packages/airflow/example_dags/example_complex.py for tasks to queue
[2025-08-26T18:21:45.197+0100] {logging_mixin.py:188} INFO - [2025-08-26T18:21:45.197+0100] {dagbag.py:545} INFO - Filling up the DagBag from /Users/vlad.alex995/Desktop/de-sprint/.venv-airflow/lib/python3.11/site-packages/airflow/example_dags/example_complex.py
[2025-08-26T18:21:45.202+0100] {processor.py:840} INFO - DAG(s) 'example_complex' retrieved from /Users/vlad.alex995/Desktop/de-sprint/.venv-airflow/lib/python3.11/site-packages/airflow/example_dags/example_complex.py
[2025-08-26T18:21:45.237+0100] {logging_mixin.py:188} INFO - [2025-08-26T18:21:45.237+0100] {dag.py:3089} INFO - Sync 1 DAGs
[2025-08-26T18:21:45.241+0100] {logging_mixin.py:188} INFO - [2025-08-26T18:21:45.241+0100] {dag.py:3947} INFO - Setting next_dagrun for example_complex to None, run_after=None
[2025-08-26T18:21:45.247+0100] {processor.py:183} INFO - Processing /Users/vlad.alex995/Desktop/de-sprint/.venv-airflow/lib/python3.11/site-packages/airflow/example_dags/example_complex.py took 0.053 seconds
[2025-08-26T18:23:12.503+0100] {processor.py:161} INFO - Started process (PID=39059) to work on /Users/vlad.alex995/Desktop/de-sprint/.venv-airflow/lib/python3.11/site-packages/airflow/example_dags/example_complex.py
[2025-08-26T18:23:12.503+0100] {processor.py:830} INFO - Processing file /Users/vlad.alex995/Desktop/de-sprint/.venv-airflow/lib/python3.11/site-packages/airflow/example_dags/example_complex.py for tasks to queue
[2025-08-26T18:23:12.503+0100] {logging_mixin.py:188} INFO - [2025-08-26T18:23:12.503+0100] {dagbag.py:545} INFO - Filling up the DagBag from /Users/vlad.alex995/Desktop/de-sprint/.venv-airflow/lib/python3.11/site-packages/airflow/example_dags/example_complex.py
[2025-08-26T18:23:12.507+0100] {processor.py:840} INFO - DAG(s) 'example_complex' retrieved from /Users/vlad.alex995/Desktop/de-sprint/.venv-airflow/lib/python3.11/site-packages/airflow/example_dags/example_complex.py
[2025-08-26T18:23:12.540+0100] {logging_mixin.py:188} INFO - [2025-08-26T18:23:12.540+0100] {dag.py:3089} INFO - Sync 1 DAGs
[2025-08-26T18:23:12.543+0100] {logging_mixin.py:188} INFO - [2025-08-26T18:23:12.543+0100] {dag.py:3947} INFO - Setting next_dagrun for example_complex to None, run_after=None
[2025-08-26T18:23:12.549+0100] {processor.py:183} INFO - Processing /Users/vlad.alex995/Desktop/de-sprint/.venv-airflow/lib/python3.11/site-packages/airflow/example_dags/example_complex.py took 0.047 seconds
[2025-08-26T18:24:39.686+0100] {processor.py:161} INFO - Started process (PID=39128) to work on /Users/vlad.alex995/Desktop/de-sprint/.venv-airflow/lib/python3.11/site-packages/airflow/example_dags/example_complex.py
[2025-08-26T18:24:39.686+0100] {processor.py:830} INFO - Processing file /Users/vlad.alex995/Desktop/de-sprint/.venv-airflow/lib/python3.11/site-packages/airflow/example_dags/example_complex.py for tasks to queue
[2025-08-26T18:24:39.687+0100] {logging_mixin.py:188} INFO - [2025-08-26T18:24:39.687+0100] {dagbag.py:545} INFO - Filling up the DagBag from /Users/vlad.alex995/Desktop/de-sprint/.venv-airflow/lib/python3.11/site-packages/airflow/example_dags/example_complex.py
[2025-08-26T18:24:39.691+0100] {processor.py:840} INFO - DAG(s) 'example_complex' retrieved from /Users/vlad.alex995/Desktop/de-sprint/.venv-airflow/lib/python3.11/site-packages/airflow/example_dags/example_complex.py
[2025-08-26T18:24:39.727+0100] {logging_mixin.py:188} INFO - [2025-08-26T18:24:39.727+0100] {dag.py:3089} INFO - Sync 1 DAGs
[2025-08-26T18:24:39.730+0100] {logging_mixin.py:188} INFO - [2025-08-26T18:24:39.730+0100] {dag.py:3947} INFO - Setting next_dagrun for example_complex to None, run_after=None
[2025-08-26T18:24:39.737+0100] {processor.py:183} INFO - Processing /Users/vlad.alex995/Desktop/de-sprint/.venv-airflow/lib/python3.11/site-packages/airflow/example_dags/example_complex.py took 0.052 seconds
[2025-08-26T18:26:16.108+0100] {processor.py:161} INFO - Started process (PID=39223) to work on /Users/vlad.alex995/Desktop/de-sprint/.venv-airflow/lib/python3.11/site-packages/airflow/example_dags/example_complex.py
[2025-08-26T18:26:16.109+0100] {processor.py:830} INFO - Processing file /Users/vlad.alex995/Desktop/de-sprint/.venv-airflow/lib/python3.11/site-packages/airflow/example_dags/example_complex.py for tasks to queue
[2025-08-26T18:26:16.109+0100] {logging_mixin.py:188} INFO - [2025-08-26T18:26:16.109+0100] {dagbag.py:545} INFO - Filling up the DagBag from /Users/vlad.alex995/Desktop/de-sprint/.venv-airflow/lib/python3.11/site-packages/airflow/example_dags/example_complex.py
[2025-08-26T18:26:16.114+0100] {processor.py:840} INFO - DAG(s) 'example_complex' retrieved from /Users/vlad.alex995/Desktop/de-sprint/.venv-airflow/lib/python3.11/site-packages/airflow/example_dags/example_complex.py
[2025-08-26T18:26:16.150+0100] {logging_mixin.py:188} INFO - [2025-08-26T18:26:16.150+0100] {dag.py:3089} INFO - Sync 1 DAGs
[2025-08-26T18:26:16.153+0100] {logging_mixin.py:188} INFO - [2025-08-26T18:26:16.153+0100] {dag.py:3947} INFO - Setting next_dagrun for example_complex to None, run_after=None
[2025-08-26T18:26:16.160+0100] {processor.py:183} INFO - Processing /Users/vlad.alex995/Desktop/de-sprint/.venv-airflow/lib/python3.11/site-packages/airflow/example_dags/example_complex.py took 0.053 seconds
