[2025-08-26T17:25:32.673+0100] {processor.py:161} INFO - Started process (PID=35329) to work on /Users/vlad.alex995/Desktop/de-sprint/.venv-airflow/lib/python3.11/site-packages/airflow/example_dags/example_setup_teardown.py
[2025-08-26T17:25:32.673+0100] {processor.py:830} INFO - Processing file /Users/vlad.alex995/Desktop/de-sprint/.venv-airflow/lib/python3.11/site-packages/airflow/example_dags/example_setup_teardown.py for tasks to queue
[2025-08-26T17:25:32.673+0100] {logging_mixin.py:188} INFO - [2025-08-26T17:25:32.673+0100] {dagbag.py:545} INFO - Filling up the DagBag from /Users/vlad.alex995/Desktop/de-sprint/.venv-airflow/lib/python3.11/site-packages/airflow/example_dags/example_setup_teardown.py
[2025-08-26T17:25:32.676+0100] {processor.py:840} INFO - DAG(s) 'example_setup_teardown' retrieved from /Users/vlad.alex995/Desktop/de-sprint/.venv-airflow/lib/python3.11/site-packages/airflow/example_dags/example_setup_teardown.py
[2025-08-26T17:25:32.731+0100] {logging_mixin.py:188} INFO - [2025-08-26T17:25:32.731+0100] {override.py:1858} INFO - Created Permission View: can read on DAG:example_setup_teardown
[2025-08-26T17:25:32.734+0100] {logging_mixin.py:188} INFO - [2025-08-26T17:25:32.734+0100] {override.py:1858} INFO - Created Permission View: can delete on DAG:example_setup_teardown
[2025-08-26T17:25:32.736+0100] {logging_mixin.py:188} INFO - [2025-08-26T17:25:32.736+0100] {override.py:1858} INFO - Created Permission View: can edit on DAG:example_setup_teardown
[2025-08-26T17:25:32.736+0100] {logging_mixin.py:188} INFO - [2025-08-26T17:25:32.736+0100] {dag.py:3089} INFO - Sync 1 DAGs
[2025-08-26T17:25:32.739+0100] {logging_mixin.py:188} INFO - [2025-08-26T17:25:32.739+0100] {dag.py:3111} INFO - Creating ORM DAG for example_setup_teardown
[2025-08-26T17:25:32.741+0100] {logging_mixin.py:188} INFO - [2025-08-26T17:25:32.741+0100] {dag.py:3947} INFO - Setting next_dagrun for example_setup_teardown to 2025-08-25 00:00:00+00:00, run_after=2025-08-26 00:00:00+00:00
[2025-08-26T17:25:32.747+0100] {processor.py:183} INFO - Processing /Users/vlad.alex995/Desktop/de-sprint/.venv-airflow/lib/python3.11/site-packages/airflow/example_dags/example_setup_teardown.py took 0.075 seconds
[2025-08-26T17:26:51.232+0100] {processor.py:161} INFO - Started process (PID=35389) to work on /Users/vlad.alex995/Desktop/de-sprint/.venv-airflow/lib/python3.11/site-packages/airflow/example_dags/example_setup_teardown.py
[2025-08-26T17:26:51.232+0100] {processor.py:830} INFO - Processing file /Users/vlad.alex995/Desktop/de-sprint/.venv-airflow/lib/python3.11/site-packages/airflow/example_dags/example_setup_teardown.py for tasks to queue
[2025-08-26T17:26:51.232+0100] {logging_mixin.py:188} INFO - [2025-08-26T17:26:51.232+0100] {dagbag.py:545} INFO - Filling up the DagBag from /Users/vlad.alex995/Desktop/de-sprint/.venv-airflow/lib/python3.11/site-packages/airflow/example_dags/example_setup_teardown.py
[2025-08-26T17:26:51.235+0100] {processor.py:840} INFO - DAG(s) 'example_setup_teardown' retrieved from /Users/vlad.alex995/Desktop/de-sprint/.venv-airflow/lib/python3.11/site-packages/airflow/example_dags/example_setup_teardown.py
[2025-08-26T17:26:51.264+0100] {logging_mixin.py:188} INFO - [2025-08-26T17:26:51.264+0100] {dag.py:3089} INFO - Sync 1 DAGs
[2025-08-26T17:26:51.269+0100] {logging_mixin.py:188} INFO - [2025-08-26T17:26:51.269+0100] {dag.py:3947} INFO - Setting next_dagrun for example_setup_teardown to 2025-08-25 00:00:00+00:00, run_after=2025-08-26 00:00:00+00:00
[2025-08-26T17:26:51.276+0100] {processor.py:183} INFO - Processing /Users/vlad.alex995/Desktop/de-sprint/.venv-airflow/lib/python3.11/site-packages/airflow/example_dags/example_setup_teardown.py took 0.046 seconds
[2025-08-26T17:28:23.479+0100] {processor.py:161} INFO - Started process (PID=35462) to work on /Users/vlad.alex995/Desktop/de-sprint/.venv-airflow/lib/python3.11/site-packages/airflow/example_dags/example_setup_teardown.py
[2025-08-26T17:28:23.480+0100] {processor.py:830} INFO - Processing file /Users/vlad.alex995/Desktop/de-sprint/.venv-airflow/lib/python3.11/site-packages/airflow/example_dags/example_setup_teardown.py for tasks to queue
[2025-08-26T17:28:23.480+0100] {logging_mixin.py:188} INFO - [2025-08-26T17:28:23.480+0100] {dagbag.py:545} INFO - Filling up the DagBag from /Users/vlad.alex995/Desktop/de-sprint/.venv-airflow/lib/python3.11/site-packages/airflow/example_dags/example_setup_teardown.py
[2025-08-26T17:28:23.483+0100] {processor.py:840} INFO - DAG(s) 'example_setup_teardown' retrieved from /Users/vlad.alex995/Desktop/de-sprint/.venv-airflow/lib/python3.11/site-packages/airflow/example_dags/example_setup_teardown.py
[2025-08-26T17:28:23.513+0100] {logging_mixin.py:188} INFO - [2025-08-26T17:28:23.513+0100] {dag.py:3089} INFO - Sync 1 DAGs
[2025-08-26T17:28:23.518+0100] {logging_mixin.py:188} INFO - [2025-08-26T17:28:23.518+0100] {dag.py:3947} INFO - Setting next_dagrun for example_setup_teardown to 2025-08-25 00:00:00+00:00, run_after=2025-08-26 00:00:00+00:00
[2025-08-26T17:28:23.525+0100] {processor.py:183} INFO - Processing /Users/vlad.alex995/Desktop/de-sprint/.venv-airflow/lib/python3.11/site-packages/airflow/example_dags/example_setup_teardown.py took 0.047 seconds
[2025-08-26T17:29:57.856+0100] {processor.py:161} INFO - Started process (PID=35532) to work on /Users/vlad.alex995/Desktop/de-sprint/.venv-airflow/lib/python3.11/site-packages/airflow/example_dags/example_setup_teardown.py
[2025-08-26T17:29:57.856+0100] {processor.py:830} INFO - Processing file /Users/vlad.alex995/Desktop/de-sprint/.venv-airflow/lib/python3.11/site-packages/airflow/example_dags/example_setup_teardown.py for tasks to queue
[2025-08-26T17:29:57.856+0100] {logging_mixin.py:188} INFO - [2025-08-26T17:29:57.856+0100] {dagbag.py:545} INFO - Filling up the DagBag from /Users/vlad.alex995/Desktop/de-sprint/.venv-airflow/lib/python3.11/site-packages/airflow/example_dags/example_setup_teardown.py
[2025-08-26T17:29:57.859+0100] {processor.py:840} INFO - DAG(s) 'example_setup_teardown' retrieved from /Users/vlad.alex995/Desktop/de-sprint/.venv-airflow/lib/python3.11/site-packages/airflow/example_dags/example_setup_teardown.py
[2025-08-26T17:29:57.890+0100] {logging_mixin.py:188} INFO - [2025-08-26T17:29:57.890+0100] {dag.py:3089} INFO - Sync 1 DAGs
[2025-08-26T17:29:57.895+0100] {logging_mixin.py:188} INFO - [2025-08-26T17:29:57.895+0100] {dag.py:3947} INFO - Setting next_dagrun for example_setup_teardown to 2025-08-25 00:00:00+00:00, run_after=2025-08-26 00:00:00+00:00
[2025-08-26T17:29:57.902+0100] {processor.py:183} INFO - Processing /Users/vlad.alex995/Desktop/de-sprint/.venv-airflow/lib/python3.11/site-packages/airflow/example_dags/example_setup_teardown.py took 0.047 seconds
[2025-08-26T17:31:26.971+0100] {processor.py:161} INFO - Started process (PID=35602) to work on /Users/vlad.alex995/Desktop/de-sprint/.venv-airflow/lib/python3.11/site-packages/airflow/example_dags/example_setup_teardown.py
[2025-08-26T17:31:26.972+0100] {processor.py:830} INFO - Processing file /Users/vlad.alex995/Desktop/de-sprint/.venv-airflow/lib/python3.11/site-packages/airflow/example_dags/example_setup_teardown.py for tasks to queue
[2025-08-26T17:31:26.972+0100] {logging_mixin.py:188} INFO - [2025-08-26T17:31:26.972+0100] {dagbag.py:545} INFO - Filling up the DagBag from /Users/vlad.alex995/Desktop/de-sprint/.venv-airflow/lib/python3.11/site-packages/airflow/example_dags/example_setup_teardown.py
[2025-08-26T17:31:26.975+0100] {processor.py:840} INFO - DAG(s) 'example_setup_teardown' retrieved from /Users/vlad.alex995/Desktop/de-sprint/.venv-airflow/lib/python3.11/site-packages/airflow/example_dags/example_setup_teardown.py
[2025-08-26T17:31:27.006+0100] {logging_mixin.py:188} INFO - [2025-08-26T17:31:27.006+0100] {dag.py:3089} INFO - Sync 1 DAGs
[2025-08-26T17:31:27.011+0100] {logging_mixin.py:188} INFO - [2025-08-26T17:31:27.011+0100] {dag.py:3947} INFO - Setting next_dagrun for example_setup_teardown to 2025-08-25 00:00:00+00:00, run_after=2025-08-26 00:00:00+00:00
[2025-08-26T17:31:27.018+0100] {processor.py:183} INFO - Processing /Users/vlad.alex995/Desktop/de-sprint/.venv-airflow/lib/python3.11/site-packages/airflow/example_dags/example_setup_teardown.py took 0.047 seconds
[2025-08-26T17:32:57.344+0100] {processor.py:161} INFO - Started process (PID=35993) to work on /Users/vlad.alex995/Desktop/de-sprint/.venv-airflow/lib/python3.11/site-packages/airflow/example_dags/example_setup_teardown.py
[2025-08-26T17:32:57.345+0100] {processor.py:830} INFO - Processing file /Users/vlad.alex995/Desktop/de-sprint/.venv-airflow/lib/python3.11/site-packages/airflow/example_dags/example_setup_teardown.py for tasks to queue
[2025-08-26T17:32:57.345+0100] {logging_mixin.py:188} INFO - [2025-08-26T17:32:57.345+0100] {dagbag.py:545} INFO - Filling up the DagBag from /Users/vlad.alex995/Desktop/de-sprint/.venv-airflow/lib/python3.11/site-packages/airflow/example_dags/example_setup_teardown.py
[2025-08-26T17:32:57.348+0100] {processor.py:840} INFO - DAG(s) 'example_setup_teardown' retrieved from /Users/vlad.alex995/Desktop/de-sprint/.venv-airflow/lib/python3.11/site-packages/airflow/example_dags/example_setup_teardown.py
[2025-08-26T17:32:57.381+0100] {logging_mixin.py:188} INFO - [2025-08-26T17:32:57.380+0100] {dag.py:3089} INFO - Sync 1 DAGs
[2025-08-26T17:32:57.386+0100] {logging_mixin.py:188} INFO - [2025-08-26T17:32:57.386+0100] {dag.py:3947} INFO - Setting next_dagrun for example_setup_teardown to 2025-08-25 00:00:00+00:00, run_after=2025-08-26 00:00:00+00:00
[2025-08-26T17:32:57.393+0100] {processor.py:183} INFO - Processing /Users/vlad.alex995/Desktop/de-sprint/.venv-airflow/lib/python3.11/site-packages/airflow/example_dags/example_setup_teardown.py took 0.049 seconds
[2025-08-26T18:11:16.030+0100] {processor.py:161} INFO - Started process (PID=37419) to work on /Users/vlad.alex995/Desktop/de-sprint/.venv-airflow/lib/python3.11/site-packages/airflow/example_dags/example_setup_teardown.py
[2025-08-26T18:11:16.031+0100] {processor.py:830} INFO - Processing file /Users/vlad.alex995/Desktop/de-sprint/.venv-airflow/lib/python3.11/site-packages/airflow/example_dags/example_setup_teardown.py for tasks to queue
[2025-08-26T18:11:16.031+0100] {logging_mixin.py:188} INFO - [2025-08-26T18:11:16.031+0100] {dagbag.py:545} INFO - Filling up the DagBag from /Users/vlad.alex995/Desktop/de-sprint/.venv-airflow/lib/python3.11/site-packages/airflow/example_dags/example_setup_teardown.py
[2025-08-26T18:11:16.034+0100] {processor.py:840} INFO - DAG(s) 'example_setup_teardown' retrieved from /Users/vlad.alex995/Desktop/de-sprint/.venv-airflow/lib/python3.11/site-packages/airflow/example_dags/example_setup_teardown.py
[2025-08-26T18:11:16.062+0100] {logging_mixin.py:188} INFO - [2025-08-26T18:11:16.061+0100] {dag.py:3089} INFO - Sync 1 DAGs
[2025-08-26T18:11:16.067+0100] {logging_mixin.py:188} INFO - [2025-08-26T18:11:16.067+0100] {dag.py:3947} INFO - Setting next_dagrun for example_setup_teardown to 2025-08-25 00:00:00+00:00, run_after=2025-08-26 00:00:00+00:00
[2025-08-26T18:11:16.072+0100] {processor.py:183} INFO - Processing /Users/vlad.alex995/Desktop/de-sprint/.venv-airflow/lib/python3.11/site-packages/airflow/example_dags/example_setup_teardown.py took 0.043 seconds
[2025-08-26T18:12:34.279+0100] {processor.py:161} INFO - Started process (PID=37476) to work on /Users/vlad.alex995/Desktop/de-sprint/.venv-airflow/lib/python3.11/site-packages/airflow/example_dags/example_setup_teardown.py
[2025-08-26T18:12:34.280+0100] {processor.py:830} INFO - Processing file /Users/vlad.alex995/Desktop/de-sprint/.venv-airflow/lib/python3.11/site-packages/airflow/example_dags/example_setup_teardown.py for tasks to queue
[2025-08-26T18:12:34.281+0100] {logging_mixin.py:188} INFO - [2025-08-26T18:12:34.280+0100] {dagbag.py:545} INFO - Filling up the DagBag from /Users/vlad.alex995/Desktop/de-sprint/.venv-airflow/lib/python3.11/site-packages/airflow/example_dags/example_setup_teardown.py
[2025-08-26T18:12:34.283+0100] {processor.py:840} INFO - DAG(s) 'example_setup_teardown' retrieved from /Users/vlad.alex995/Desktop/de-sprint/.venv-airflow/lib/python3.11/site-packages/airflow/example_dags/example_setup_teardown.py
[2025-08-26T18:12:34.311+0100] {logging_mixin.py:188} INFO - [2025-08-26T18:12:34.311+0100] {dag.py:3089} INFO - Sync 1 DAGs
[2025-08-26T18:12:34.317+0100] {logging_mixin.py:188} INFO - [2025-08-26T18:12:34.316+0100] {dag.py:3947} INFO - Setting next_dagrun for example_setup_teardown to 2025-08-25 00:00:00+00:00, run_after=2025-08-26 00:00:00+00:00
[2025-08-26T18:12:34.322+0100] {processor.py:183} INFO - Processing /Users/vlad.alex995/Desktop/de-sprint/.venv-airflow/lib/python3.11/site-packages/airflow/example_dags/example_setup_teardown.py took 0.044 seconds
[2025-08-26T18:14:00.069+0100] {processor.py:161} INFO - Started process (PID=37551) to work on /Users/vlad.alex995/Desktop/de-sprint/.venv-airflow/lib/python3.11/site-packages/airflow/example_dags/example_setup_teardown.py
[2025-08-26T18:14:00.070+0100] {processor.py:830} INFO - Processing file /Users/vlad.alex995/Desktop/de-sprint/.venv-airflow/lib/python3.11/site-packages/airflow/example_dags/example_setup_teardown.py for tasks to queue
[2025-08-26T18:14:00.070+0100] {logging_mixin.py:188} INFO - [2025-08-26T18:14:00.070+0100] {dagbag.py:545} INFO - Filling up the DagBag from /Users/vlad.alex995/Desktop/de-sprint/.venv-airflow/lib/python3.11/site-packages/airflow/example_dags/example_setup_teardown.py
[2025-08-26T18:14:00.073+0100] {processor.py:840} INFO - DAG(s) 'example_setup_teardown' retrieved from /Users/vlad.alex995/Desktop/de-sprint/.venv-airflow/lib/python3.11/site-packages/airflow/example_dags/example_setup_teardown.py
[2025-08-26T18:14:00.105+0100] {logging_mixin.py:188} INFO - [2025-08-26T18:14:00.105+0100] {dag.py:3089} INFO - Sync 1 DAGs
[2025-08-26T18:14:00.111+0100] {logging_mixin.py:188} INFO - [2025-08-26T18:14:00.111+0100] {dag.py:3947} INFO - Setting next_dagrun for example_setup_teardown to 2025-08-25 00:00:00+00:00, run_after=2025-08-26 00:00:00+00:00
[2025-08-26T18:14:00.117+0100] {processor.py:183} INFO - Processing /Users/vlad.alex995/Desktop/de-sprint/.venv-airflow/lib/python3.11/site-packages/airflow/example_dags/example_setup_teardown.py took 0.049 seconds
[2025-08-26T18:15:31.700+0100] {processor.py:161} INFO - Started process (PID=38011) to work on /Users/vlad.alex995/Desktop/de-sprint/.venv-airflow/lib/python3.11/site-packages/airflow/example_dags/example_setup_teardown.py
[2025-08-26T18:15:31.701+0100] {processor.py:830} INFO - Processing file /Users/vlad.alex995/Desktop/de-sprint/.venv-airflow/lib/python3.11/site-packages/airflow/example_dags/example_setup_teardown.py for tasks to queue
[2025-08-26T18:15:31.701+0100] {logging_mixin.py:188} INFO - [2025-08-26T18:15:31.701+0100] {dagbag.py:545} INFO - Filling up the DagBag from /Users/vlad.alex995/Desktop/de-sprint/.venv-airflow/lib/python3.11/site-packages/airflow/example_dags/example_setup_teardown.py
[2025-08-26T18:15:31.704+0100] {processor.py:840} INFO - DAG(s) 'example_setup_teardown' retrieved from /Users/vlad.alex995/Desktop/de-sprint/.venv-airflow/lib/python3.11/site-packages/airflow/example_dags/example_setup_teardown.py
[2025-08-26T18:15:31.734+0100] {logging_mixin.py:188} INFO - [2025-08-26T18:15:31.734+0100] {dag.py:3089} INFO - Sync 1 DAGs
[2025-08-26T18:15:31.739+0100] {logging_mixin.py:188} INFO - [2025-08-26T18:15:31.739+0100] {dag.py:3947} INFO - Setting next_dagrun for example_setup_teardown to 2025-08-25 00:00:00+00:00, run_after=2025-08-26 00:00:00+00:00
[2025-08-26T18:15:31.745+0100] {processor.py:183} INFO - Processing /Users/vlad.alex995/Desktop/de-sprint/.venv-airflow/lib/python3.11/site-packages/airflow/example_dags/example_setup_teardown.py took 0.045 seconds
[2025-08-26T18:17:01.965+0100] {processor.py:161} INFO - Started process (PID=38086) to work on /Users/vlad.alex995/Desktop/de-sprint/.venv-airflow/lib/python3.11/site-packages/airflow/example_dags/example_setup_teardown.py
[2025-08-26T18:17:01.965+0100] {processor.py:830} INFO - Processing file /Users/vlad.alex995/Desktop/de-sprint/.venv-airflow/lib/python3.11/site-packages/airflow/example_dags/example_setup_teardown.py for tasks to queue
[2025-08-26T18:17:01.965+0100] {logging_mixin.py:188} INFO - [2025-08-26T18:17:01.965+0100] {dagbag.py:545} INFO - Filling up the DagBag from /Users/vlad.alex995/Desktop/de-sprint/.venv-airflow/lib/python3.11/site-packages/airflow/example_dags/example_setup_teardown.py
[2025-08-26T18:17:01.968+0100] {processor.py:840} INFO - DAG(s) 'example_setup_teardown' retrieved from /Users/vlad.alex995/Desktop/de-sprint/.venv-airflow/lib/python3.11/site-packages/airflow/example_dags/example_setup_teardown.py
[2025-08-26T18:17:01.997+0100] {logging_mixin.py:188} INFO - [2025-08-26T18:17:01.996+0100] {dag.py:3089} INFO - Sync 1 DAGs
[2025-08-26T18:17:02.002+0100] {logging_mixin.py:188} INFO - [2025-08-26T18:17:02.002+0100] {dag.py:3947} INFO - Setting next_dagrun for example_setup_teardown to 2025-08-25 00:00:00+00:00, run_after=2025-08-26 00:00:00+00:00
[2025-08-26T18:17:02.007+0100] {processor.py:183} INFO - Processing /Users/vlad.alex995/Desktop/de-sprint/.venv-airflow/lib/python3.11/site-packages/airflow/example_dags/example_setup_teardown.py took 0.044 seconds
[2025-08-26T18:18:43.143+0100] {processor.py:161} INFO - Started process (PID=38448) to work on /Users/vlad.alex995/Desktop/de-sprint/.venv-airflow/lib/python3.11/site-packages/airflow/example_dags/example_setup_teardown.py
[2025-08-26T18:18:43.144+0100] {processor.py:830} INFO - Processing file /Users/vlad.alex995/Desktop/de-sprint/.venv-airflow/lib/python3.11/site-packages/airflow/example_dags/example_setup_teardown.py for tasks to queue
[2025-08-26T18:18:43.145+0100] {logging_mixin.py:188} INFO - [2025-08-26T18:18:43.144+0100] {dagbag.py:545} INFO - Filling up the DagBag from /Users/vlad.alex995/Desktop/de-sprint/.venv-airflow/lib/python3.11/site-packages/airflow/example_dags/example_setup_teardown.py
[2025-08-26T18:18:43.147+0100] {processor.py:840} INFO - DAG(s) 'example_setup_teardown' retrieved from /Users/vlad.alex995/Desktop/de-sprint/.venv-airflow/lib/python3.11/site-packages/airflow/example_dags/example_setup_teardown.py
[2025-08-26T18:18:43.177+0100] {logging_mixin.py:188} INFO - [2025-08-26T18:18:43.176+0100] {dag.py:3089} INFO - Sync 1 DAGs
[2025-08-26T18:18:43.182+0100] {logging_mixin.py:188} INFO - [2025-08-26T18:18:43.182+0100] {dag.py:3947} INFO - Setting next_dagrun for example_setup_teardown to 2025-08-25 00:00:00+00:00, run_after=2025-08-26 00:00:00+00:00
[2025-08-26T18:18:43.188+0100] {processor.py:183} INFO - Processing /Users/vlad.alex995/Desktop/de-sprint/.venv-airflow/lib/python3.11/site-packages/airflow/example_dags/example_setup_teardown.py took 0.046 seconds
[2025-08-26T18:19:43.526+0100] {processor.py:161} INFO - Started process (PID=38876) to work on /Users/vlad.alex995/Desktop/de-sprint/.venv-airflow/lib/python3.11/site-packages/airflow/example_dags/example_setup_teardown.py
[2025-08-26T18:19:43.527+0100] {processor.py:830} INFO - Processing file /Users/vlad.alex995/Desktop/de-sprint/.venv-airflow/lib/python3.11/site-packages/airflow/example_dags/example_setup_teardown.py for tasks to queue
[2025-08-26T18:19:43.527+0100] {logging_mixin.py:188} INFO - [2025-08-26T18:19:43.527+0100] {dagbag.py:545} INFO - Filling up the DagBag from /Users/vlad.alex995/Desktop/de-sprint/.venv-airflow/lib/python3.11/site-packages/airflow/example_dags/example_setup_teardown.py
[2025-08-26T18:19:43.530+0100] {processor.py:840} INFO - DAG(s) 'example_setup_teardown' retrieved from /Users/vlad.alex995/Desktop/de-sprint/.venv-airflow/lib/python3.11/site-packages/airflow/example_dags/example_setup_teardown.py
[2025-08-26T18:19:43.559+0100] {logging_mixin.py:188} INFO - [2025-08-26T18:19:43.559+0100] {dag.py:3089} INFO - Sync 1 DAGs
[2025-08-26T18:19:43.564+0100] {logging_mixin.py:188} INFO - [2025-08-26T18:19:43.564+0100] {dag.py:3947} INFO - Setting next_dagrun for example_setup_teardown to 2025-08-25 00:00:00+00:00, run_after=2025-08-26 00:00:00+00:00
[2025-08-26T18:19:43.570+0100] {processor.py:183} INFO - Processing /Users/vlad.alex995/Desktop/de-sprint/.venv-airflow/lib/python3.11/site-packages/airflow/example_dags/example_setup_teardown.py took 0.044 seconds
[2025-08-26T18:20:59.196+0100] {processor.py:161} INFO - Started process (PID=38955) to work on /Users/vlad.alex995/Desktop/de-sprint/.venv-airflow/lib/python3.11/site-packages/airflow/example_dags/example_setup_teardown.py
[2025-08-26T18:20:59.196+0100] {processor.py:830} INFO - Processing file /Users/vlad.alex995/Desktop/de-sprint/.venv-airflow/lib/python3.11/site-packages/airflow/example_dags/example_setup_teardown.py for tasks to queue
[2025-08-26T18:20:59.197+0100] {logging_mixin.py:188} INFO - [2025-08-26T18:20:59.196+0100] {dagbag.py:545} INFO - Filling up the DagBag from /Users/vlad.alex995/Desktop/de-sprint/.venv-airflow/lib/python3.11/site-packages/airflow/example_dags/example_setup_teardown.py
[2025-08-26T18:20:59.199+0100] {processor.py:840} INFO - DAG(s) 'example_setup_teardown' retrieved from /Users/vlad.alex995/Desktop/de-sprint/.venv-airflow/lib/python3.11/site-packages/airflow/example_dags/example_setup_teardown.py
[2025-08-26T18:20:59.230+0100] {logging_mixin.py:188} INFO - [2025-08-26T18:20:59.230+0100] {dag.py:3089} INFO - Sync 1 DAGs
[2025-08-26T18:20:59.235+0100] {logging_mixin.py:188} INFO - [2025-08-26T18:20:59.235+0100] {dag.py:3947} INFO - Setting next_dagrun for example_setup_teardown to 2025-08-25 00:00:00+00:00, run_after=2025-08-26 00:00:00+00:00
[2025-08-26T18:20:59.241+0100] {processor.py:183} INFO - Processing /Users/vlad.alex995/Desktop/de-sprint/.venv-airflow/lib/python3.11/site-packages/airflow/example_dags/example_setup_teardown.py took 0.046 seconds
[2025-08-26T18:22:32.559+0100] {processor.py:161} INFO - Started process (PID=39028) to work on /Users/vlad.alex995/Desktop/de-sprint/.venv-airflow/lib/python3.11/site-packages/airflow/example_dags/example_setup_teardown.py
[2025-08-26T18:22:32.560+0100] {processor.py:830} INFO - Processing file /Users/vlad.alex995/Desktop/de-sprint/.venv-airflow/lib/python3.11/site-packages/airflow/example_dags/example_setup_teardown.py for tasks to queue
[2025-08-26T18:22:32.560+0100] {logging_mixin.py:188} INFO - [2025-08-26T18:22:32.560+0100] {dagbag.py:545} INFO - Filling up the DagBag from /Users/vlad.alex995/Desktop/de-sprint/.venv-airflow/lib/python3.11/site-packages/airflow/example_dags/example_setup_teardown.py
[2025-08-26T18:22:32.562+0100] {processor.py:840} INFO - DAG(s) 'example_setup_teardown' retrieved from /Users/vlad.alex995/Desktop/de-sprint/.venv-airflow/lib/python3.11/site-packages/airflow/example_dags/example_setup_teardown.py
[2025-08-26T18:22:32.592+0100] {logging_mixin.py:188} INFO - [2025-08-26T18:22:32.592+0100] {dag.py:3089} INFO - Sync 1 DAGs
[2025-08-26T18:22:32.597+0100] {logging_mixin.py:188} INFO - [2025-08-26T18:22:32.597+0100] {dag.py:3947} INFO - Setting next_dagrun for example_setup_teardown to 2025-08-25 00:00:00+00:00, run_after=2025-08-26 00:00:00+00:00
[2025-08-26T18:22:32.603+0100] {processor.py:183} INFO - Processing /Users/vlad.alex995/Desktop/de-sprint/.venv-airflow/lib/python3.11/site-packages/airflow/example_dags/example_setup_teardown.py took 0.044 seconds
[2025-08-26T18:23:57.133+0100] {processor.py:161} INFO - Started process (PID=39094) to work on /Users/vlad.alex995/Desktop/de-sprint/.venv-airflow/lib/python3.11/site-packages/airflow/example_dags/example_setup_teardown.py
[2025-08-26T18:23:57.134+0100] {processor.py:830} INFO - Processing file /Users/vlad.alex995/Desktop/de-sprint/.venv-airflow/lib/python3.11/site-packages/airflow/example_dags/example_setup_teardown.py for tasks to queue
[2025-08-26T18:23:57.134+0100] {logging_mixin.py:188} INFO - [2025-08-26T18:23:57.134+0100] {dagbag.py:545} INFO - Filling up the DagBag from /Users/vlad.alex995/Desktop/de-sprint/.venv-airflow/lib/python3.11/site-packages/airflow/example_dags/example_setup_teardown.py
[2025-08-26T18:23:57.137+0100] {processor.py:840} INFO - DAG(s) 'example_setup_teardown' retrieved from /Users/vlad.alex995/Desktop/de-sprint/.venv-airflow/lib/python3.11/site-packages/airflow/example_dags/example_setup_teardown.py
[2025-08-26T18:23:57.166+0100] {logging_mixin.py:188} INFO - [2025-08-26T18:23:57.166+0100] {dag.py:3089} INFO - Sync 1 DAGs
[2025-08-26T18:23:57.171+0100] {logging_mixin.py:188} INFO - [2025-08-26T18:23:57.171+0100] {dag.py:3947} INFO - Setting next_dagrun for example_setup_teardown to 2025-08-25 00:00:00+00:00, run_after=2025-08-26 00:00:00+00:00
[2025-08-26T18:23:57.177+0100] {processor.py:183} INFO - Processing /Users/vlad.alex995/Desktop/de-sprint/.venv-airflow/lib/python3.11/site-packages/airflow/example_dags/example_setup_teardown.py took 0.045 seconds
[2025-08-26T18:25:29.061+0100] {processor.py:161} INFO - Started process (PID=39180) to work on /Users/vlad.alex995/Desktop/de-sprint/.venv-airflow/lib/python3.11/site-packages/airflow/example_dags/example_setup_teardown.py
[2025-08-26T18:25:29.062+0100] {processor.py:830} INFO - Processing file /Users/vlad.alex995/Desktop/de-sprint/.venv-airflow/lib/python3.11/site-packages/airflow/example_dags/example_setup_teardown.py for tasks to queue
[2025-08-26T18:25:29.062+0100] {logging_mixin.py:188} INFO - [2025-08-26T18:25:29.062+0100] {dagbag.py:545} INFO - Filling up the DagBag from /Users/vlad.alex995/Desktop/de-sprint/.venv-airflow/lib/python3.11/site-packages/airflow/example_dags/example_setup_teardown.py
[2025-08-26T18:25:29.065+0100] {processor.py:840} INFO - DAG(s) 'example_setup_teardown' retrieved from /Users/vlad.alex995/Desktop/de-sprint/.venv-airflow/lib/python3.11/site-packages/airflow/example_dags/example_setup_teardown.py
[2025-08-26T18:25:29.100+0100] {logging_mixin.py:188} INFO - [2025-08-26T18:25:29.100+0100] {dag.py:3089} INFO - Sync 1 DAGs
[2025-08-26T18:25:29.109+0100] {logging_mixin.py:188} INFO - [2025-08-26T18:25:29.109+0100] {dag.py:3947} INFO - Setting next_dagrun for example_setup_teardown to 2025-08-25 00:00:00+00:00, run_after=2025-08-26 00:00:00+00:00
[2025-08-26T18:25:29.118+0100] {processor.py:183} INFO - Processing /Users/vlad.alex995/Desktop/de-sprint/.venv-airflow/lib/python3.11/site-packages/airflow/example_dags/example_setup_teardown.py took 0.058 seconds
[2025-08-26T18:27:34.325+0100] {processor.py:161} INFO - Started process (PID=39679) to work on /Users/vlad.alex995/Desktop/de-sprint/.venv-airflow/lib/python3.11/site-packages/airflow/example_dags/example_setup_teardown.py
[2025-08-26T18:27:34.326+0100] {processor.py:830} INFO - Processing file /Users/vlad.alex995/Desktop/de-sprint/.venv-airflow/lib/python3.11/site-packages/airflow/example_dags/example_setup_teardown.py for tasks to queue
[2025-08-26T18:27:34.326+0100] {logging_mixin.py:188} INFO - [2025-08-26T18:27:34.326+0100] {dagbag.py:545} INFO - Filling up the DagBag from /Users/vlad.alex995/Desktop/de-sprint/.venv-airflow/lib/python3.11/site-packages/airflow/example_dags/example_setup_teardown.py
[2025-08-26T18:27:34.329+0100] {processor.py:840} INFO - DAG(s) 'example_setup_teardown' retrieved from /Users/vlad.alex995/Desktop/de-sprint/.venv-airflow/lib/python3.11/site-packages/airflow/example_dags/example_setup_teardown.py
[2025-08-26T18:27:34.362+0100] {logging_mixin.py:188} INFO - [2025-08-26T18:27:34.362+0100] {dag.py:3089} INFO - Sync 1 DAGs
[2025-08-26T18:27:34.369+0100] {logging_mixin.py:188} INFO - [2025-08-26T18:27:34.369+0100] {dag.py:3947} INFO - Setting next_dagrun for example_setup_teardown to 2025-08-25 00:00:00+00:00, run_after=2025-08-26 00:00:00+00:00
[2025-08-26T18:27:34.375+0100] {processor.py:183} INFO - Processing /Users/vlad.alex995/Desktop/de-sprint/.venv-airflow/lib/python3.11/site-packages/airflow/example_dags/example_setup_teardown.py took 0.051 seconds
