[2025-08-26T17:25:46.613+0100] {processor.py:161} INFO - Started process (PID=35339) to work on /Users/vlad.alex995/Desktop/de-sprint/.venv-airflow/lib/python3.11/site-packages/airflow/example_dags/example_nested_branch_dag.py
[2025-08-26T17:25:46.614+0100] {processor.py:830} INFO - Processing file /Users/vlad.alex995/Desktop/de-sprint/.venv-airflow/lib/python3.11/site-packages/airflow/example_dags/example_nested_branch_dag.py for tasks to queue
[2025-08-26T17:25:46.614+0100] {logging_mixin.py:188} INFO - [2025-08-26T17:25:46.614+0100] {dagbag.py:545} INFO - Filling up the DagBag from /Users/vlad.alex995/Desktop/de-sprint/.venv-airflow/lib/python3.11/site-packages/airflow/example_dags/example_nested_branch_dag.py
[2025-08-26T17:25:46.629+0100] {processor.py:840} INFO - DAG(s) 'example_nested_branch_dag' retrieved from /Users/vlad.alex995/Desktop/de-sprint/.venv-airflow/lib/python3.11/site-packages/airflow/example_dags/example_nested_branch_dag.py
[2025-08-26T17:25:46.687+0100] {logging_mixin.py:188} INFO - [2025-08-26T17:25:46.687+0100] {override.py:1858} INFO - Created Permission View: can edit on DAG:example_nested_branch_dag
[2025-08-26T17:25:46.689+0100] {logging_mixin.py:188} INFO - [2025-08-26T17:25:46.689+0100] {override.py:1858} INFO - Created Permission View: can read on DAG:example_nested_branch_dag
[2025-08-26T17:25:46.691+0100] {logging_mixin.py:188} INFO - [2025-08-26T17:25:46.691+0100] {override.py:1858} INFO - Created Permission View: can delete on DAG:example_nested_branch_dag
[2025-08-26T17:25:46.691+0100] {logging_mixin.py:188} INFO - [2025-08-26T17:25:46.691+0100] {dag.py:3089} INFO - Sync 1 DAGs
[2025-08-26T17:25:46.717+0100] {logging_mixin.py:188} INFO - [2025-08-26T17:25:46.717+0100] {dag.py:3111} INFO - Creating ORM DAG for example_nested_branch_dag
[2025-08-26T17:25:46.719+0100] {logging_mixin.py:188} INFO - [2025-08-26T17:25:46.719+0100] {dag.py:3947} INFO - Setting next_dagrun for example_nested_branch_dag to 2025-08-25 00:00:00+00:00, run_after=2025-08-26 00:00:00+00:00
[2025-08-26T17:25:46.726+0100] {processor.py:183} INFO - Processing /Users/vlad.alex995/Desktop/de-sprint/.venv-airflow/lib/python3.11/site-packages/airflow/example_dags/example_nested_branch_dag.py took 0.113 seconds
[2025-08-26T17:27:18.207+0100] {processor.py:161} INFO - Started process (PID=35411) to work on /Users/vlad.alex995/Desktop/de-sprint/.venv-airflow/lib/python3.11/site-packages/airflow/example_dags/example_nested_branch_dag.py
[2025-08-26T17:27:18.207+0100] {processor.py:830} INFO - Processing file /Users/vlad.alex995/Desktop/de-sprint/.venv-airflow/lib/python3.11/site-packages/airflow/example_dags/example_nested_branch_dag.py for tasks to queue
[2025-08-26T17:27:18.208+0100] {logging_mixin.py:188} INFO - [2025-08-26T17:27:18.208+0100] {dagbag.py:545} INFO - Filling up the DagBag from /Users/vlad.alex995/Desktop/de-sprint/.venv-airflow/lib/python3.11/site-packages/airflow/example_dags/example_nested_branch_dag.py
[2025-08-26T17:27:18.224+0100] {processor.py:840} INFO - DAG(s) 'example_nested_branch_dag' retrieved from /Users/vlad.alex995/Desktop/de-sprint/.venv-airflow/lib/python3.11/site-packages/airflow/example_dags/example_nested_branch_dag.py
[2025-08-26T17:27:18.256+0100] {logging_mixin.py:188} INFO - [2025-08-26T17:27:18.256+0100] {dag.py:3089} INFO - Sync 1 DAGs
[2025-08-26T17:27:18.262+0100] {logging_mixin.py:188} INFO - [2025-08-26T17:27:18.262+0100] {dag.py:3947} INFO - Setting next_dagrun for example_nested_branch_dag to 2025-08-25 00:00:00+00:00, run_after=2025-08-26 00:00:00+00:00
[2025-08-26T17:27:18.269+0100] {processor.py:183} INFO - Processing /Users/vlad.alex995/Desktop/de-sprint/.venv-airflow/lib/python3.11/site-packages/airflow/example_dags/example_nested_branch_dag.py took 0.063 seconds
[2025-08-26T17:28:53.518+0100] {processor.py:161} INFO - Started process (PID=35484) to work on /Users/vlad.alex995/Desktop/de-sprint/.venv-airflow/lib/python3.11/site-packages/airflow/example_dags/example_nested_branch_dag.py
[2025-08-26T17:28:53.519+0100] {processor.py:830} INFO - Processing file /Users/vlad.alex995/Desktop/de-sprint/.venv-airflow/lib/python3.11/site-packages/airflow/example_dags/example_nested_branch_dag.py for tasks to queue
[2025-08-26T17:28:53.520+0100] {logging_mixin.py:188} INFO - [2025-08-26T17:28:53.520+0100] {dagbag.py:545} INFO - Filling up the DagBag from /Users/vlad.alex995/Desktop/de-sprint/.venv-airflow/lib/python3.11/site-packages/airflow/example_dags/example_nested_branch_dag.py
[2025-08-26T17:28:53.534+0100] {processor.py:840} INFO - DAG(s) 'example_nested_branch_dag' retrieved from /Users/vlad.alex995/Desktop/de-sprint/.venv-airflow/lib/python3.11/site-packages/airflow/example_dags/example_nested_branch_dag.py
[2025-08-26T17:28:53.564+0100] {logging_mixin.py:188} INFO - [2025-08-26T17:28:53.563+0100] {dag.py:3089} INFO - Sync 1 DAGs
[2025-08-26T17:28:53.569+0100] {logging_mixin.py:188} INFO - [2025-08-26T17:28:53.569+0100] {dag.py:3947} INFO - Setting next_dagrun for example_nested_branch_dag to 2025-08-25 00:00:00+00:00, run_after=2025-08-26 00:00:00+00:00
[2025-08-26T17:28:53.575+0100] {processor.py:183} INFO - Processing /Users/vlad.alex995/Desktop/de-sprint/.venv-airflow/lib/python3.11/site-packages/airflow/example_dags/example_nested_branch_dag.py took 0.057 seconds
[2025-08-26T17:30:25.645+0100] {processor.py:161} INFO - Started process (PID=35554) to work on /Users/vlad.alex995/Desktop/de-sprint/.venv-airflow/lib/python3.11/site-packages/airflow/example_dags/example_nested_branch_dag.py
[2025-08-26T17:30:25.646+0100] {processor.py:830} INFO - Processing file /Users/vlad.alex995/Desktop/de-sprint/.venv-airflow/lib/python3.11/site-packages/airflow/example_dags/example_nested_branch_dag.py for tasks to queue
[2025-08-26T17:30:25.646+0100] {logging_mixin.py:188} INFO - [2025-08-26T17:30:25.646+0100] {dagbag.py:545} INFO - Filling up the DagBag from /Users/vlad.alex995/Desktop/de-sprint/.venv-airflow/lib/python3.11/site-packages/airflow/example_dags/example_nested_branch_dag.py
[2025-08-26T17:30:25.661+0100] {processor.py:840} INFO - DAG(s) 'example_nested_branch_dag' retrieved from /Users/vlad.alex995/Desktop/de-sprint/.venv-airflow/lib/python3.11/site-packages/airflow/example_dags/example_nested_branch_dag.py
[2025-08-26T17:30:25.691+0100] {logging_mixin.py:188} INFO - [2025-08-26T17:30:25.691+0100] {dag.py:3089} INFO - Sync 1 DAGs
[2025-08-26T17:30:25.696+0100] {logging_mixin.py:188} INFO - [2025-08-26T17:30:25.696+0100] {dag.py:3947} INFO - Setting next_dagrun for example_nested_branch_dag to 2025-08-25 00:00:00+00:00, run_after=2025-08-26 00:00:00+00:00
[2025-08-26T17:30:25.702+0100] {processor.py:183} INFO - Processing /Users/vlad.alex995/Desktop/de-sprint/.venv-airflow/lib/python3.11/site-packages/airflow/example_dags/example_nested_branch_dag.py took 0.058 seconds
[2025-08-26T17:31:55.447+0100] {processor.py:161} INFO - Started process (PID=35683) to work on /Users/vlad.alex995/Desktop/de-sprint/.venv-airflow/lib/python3.11/site-packages/airflow/example_dags/example_nested_branch_dag.py
[2025-08-26T17:31:55.447+0100] {processor.py:830} INFO - Processing file /Users/vlad.alex995/Desktop/de-sprint/.venv-airflow/lib/python3.11/site-packages/airflow/example_dags/example_nested_branch_dag.py for tasks to queue
[2025-08-26T17:31:55.447+0100] {logging_mixin.py:188} INFO - [2025-08-26T17:31:55.447+0100] {dagbag.py:545} INFO - Filling up the DagBag from /Users/vlad.alex995/Desktop/de-sprint/.venv-airflow/lib/python3.11/site-packages/airflow/example_dags/example_nested_branch_dag.py
[2025-08-26T17:31:55.462+0100] {processor.py:840} INFO - DAG(s) 'example_nested_branch_dag' retrieved from /Users/vlad.alex995/Desktop/de-sprint/.venv-airflow/lib/python3.11/site-packages/airflow/example_dags/example_nested_branch_dag.py
[2025-08-26T17:31:55.491+0100] {logging_mixin.py:188} INFO - [2025-08-26T17:31:55.491+0100] {dag.py:3089} INFO - Sync 1 DAGs
[2025-08-26T17:31:55.496+0100] {logging_mixin.py:188} INFO - [2025-08-26T17:31:55.496+0100] {dag.py:3947} INFO - Setting next_dagrun for example_nested_branch_dag to 2025-08-25 00:00:00+00:00, run_after=2025-08-26 00:00:00+00:00
[2025-08-26T17:31:55.502+0100] {processor.py:183} INFO - Processing /Users/vlad.alex995/Desktop/de-sprint/.venv-airflow/lib/python3.11/site-packages/airflow/example_dags/example_nested_branch_dag.py took 0.056 seconds
[2025-08-26T17:33:29.437+0100] {processor.py:161} INFO - Started process (PID=36017) to work on /Users/vlad.alex995/Desktop/de-sprint/.venv-airflow/lib/python3.11/site-packages/airflow/example_dags/example_nested_branch_dag.py
[2025-08-26T17:33:29.439+0100] {processor.py:830} INFO - Processing file /Users/vlad.alex995/Desktop/de-sprint/.venv-airflow/lib/python3.11/site-packages/airflow/example_dags/example_nested_branch_dag.py for tasks to queue
[2025-08-26T17:33:29.439+0100] {logging_mixin.py:188} INFO - [2025-08-26T17:33:29.439+0100] {dagbag.py:545} INFO - Filling up the DagBag from /Users/vlad.alex995/Desktop/de-sprint/.venv-airflow/lib/python3.11/site-packages/airflow/example_dags/example_nested_branch_dag.py
[2025-08-26T17:33:29.453+0100] {processor.py:840} INFO - DAG(s) 'example_nested_branch_dag' retrieved from /Users/vlad.alex995/Desktop/de-sprint/.venv-airflow/lib/python3.11/site-packages/airflow/example_dags/example_nested_branch_dag.py
[2025-08-26T17:33:29.483+0100] {logging_mixin.py:188} INFO - [2025-08-26T17:33:29.483+0100] {dag.py:3089} INFO - Sync 1 DAGs
[2025-08-26T17:33:29.489+0100] {logging_mixin.py:188} INFO - [2025-08-26T17:33:29.489+0100] {dag.py:3947} INFO - Setting next_dagrun for example_nested_branch_dag to 2025-08-25 00:00:00+00:00, run_after=2025-08-26 00:00:00+00:00
[2025-08-26T17:33:29.495+0100] {processor.py:183} INFO - Processing /Users/vlad.alex995/Desktop/de-sprint/.venv-airflow/lib/python3.11/site-packages/airflow/example_dags/example_nested_branch_dag.py took 0.059 seconds
[2025-08-26T18:11:27.338+0100] {processor.py:161} INFO - Started process (PID=37429) to work on /Users/vlad.alex995/Desktop/de-sprint/.venv-airflow/lib/python3.11/site-packages/airflow/example_dags/example_nested_branch_dag.py
[2025-08-26T18:11:27.339+0100] {processor.py:830} INFO - Processing file /Users/vlad.alex995/Desktop/de-sprint/.venv-airflow/lib/python3.11/site-packages/airflow/example_dags/example_nested_branch_dag.py for tasks to queue
[2025-08-26T18:11:27.339+0100] {logging_mixin.py:188} INFO - [2025-08-26T18:11:27.339+0100] {dagbag.py:545} INFO - Filling up the DagBag from /Users/vlad.alex995/Desktop/de-sprint/.venv-airflow/lib/python3.11/site-packages/airflow/example_dags/example_nested_branch_dag.py
[2025-08-26T18:11:27.353+0100] {processor.py:840} INFO - DAG(s) 'example_nested_branch_dag' retrieved from /Users/vlad.alex995/Desktop/de-sprint/.venv-airflow/lib/python3.11/site-packages/airflow/example_dags/example_nested_branch_dag.py
[2025-08-26T18:11:27.382+0100] {logging_mixin.py:188} INFO - [2025-08-26T18:11:27.382+0100] {dag.py:3089} INFO - Sync 1 DAGs
[2025-08-26T18:11:27.387+0100] {logging_mixin.py:188} INFO - [2025-08-26T18:11:27.387+0100] {dag.py:3947} INFO - Setting next_dagrun for example_nested_branch_dag to 2025-08-25 00:00:00+00:00, run_after=2025-08-26 00:00:00+00:00
[2025-08-26T18:11:27.393+0100] {processor.py:183} INFO - Processing /Users/vlad.alex995/Desktop/de-sprint/.venv-airflow/lib/python3.11/site-packages/airflow/example_dags/example_nested_branch_dag.py took 0.056 seconds
[2025-08-26T18:12:45.045+0100] {processor.py:161} INFO - Started process (PID=37484) to work on /Users/vlad.alex995/Desktop/de-sprint/.venv-airflow/lib/python3.11/site-packages/airflow/example_dags/example_nested_branch_dag.py
[2025-08-26T18:12:45.045+0100] {processor.py:830} INFO - Processing file /Users/vlad.alex995/Desktop/de-sprint/.venv-airflow/lib/python3.11/site-packages/airflow/example_dags/example_nested_branch_dag.py for tasks to queue
[2025-08-26T18:12:45.045+0100] {logging_mixin.py:188} INFO - [2025-08-26T18:12:45.045+0100] {dagbag.py:545} INFO - Filling up the DagBag from /Users/vlad.alex995/Desktop/de-sprint/.venv-airflow/lib/python3.11/site-packages/airflow/example_dags/example_nested_branch_dag.py
[2025-08-26T18:12:45.059+0100] {processor.py:840} INFO - DAG(s) 'example_nested_branch_dag' retrieved from /Users/vlad.alex995/Desktop/de-sprint/.venv-airflow/lib/python3.11/site-packages/airflow/example_dags/example_nested_branch_dag.py
[2025-08-26T18:12:45.088+0100] {logging_mixin.py:188} INFO - [2025-08-26T18:12:45.088+0100] {dag.py:3089} INFO - Sync 1 DAGs
[2025-08-26T18:12:45.093+0100] {logging_mixin.py:188} INFO - [2025-08-26T18:12:45.093+0100] {dag.py:3947} INFO - Setting next_dagrun for example_nested_branch_dag to 2025-08-25 00:00:00+00:00, run_after=2025-08-26 00:00:00+00:00
[2025-08-26T18:12:45.098+0100] {processor.py:183} INFO - Processing /Users/vlad.alex995/Desktop/de-sprint/.venv-airflow/lib/python3.11/site-packages/airflow/example_dags/example_nested_branch_dag.py took 0.054 seconds
[2025-08-26T18:14:11.400+0100] {processor.py:161} INFO - Started process (PID=37782) to work on /Users/vlad.alex995/Desktop/de-sprint/.venv-airflow/lib/python3.11/site-packages/airflow/example_dags/example_nested_branch_dag.py
[2025-08-26T18:14:11.401+0100] {processor.py:830} INFO - Processing file /Users/vlad.alex995/Desktop/de-sprint/.venv-airflow/lib/python3.11/site-packages/airflow/example_dags/example_nested_branch_dag.py for tasks to queue
[2025-08-26T18:14:11.401+0100] {logging_mixin.py:188} INFO - [2025-08-26T18:14:11.401+0100] {dagbag.py:545} INFO - Filling up the DagBag from /Users/vlad.alex995/Desktop/de-sprint/.venv-airflow/lib/python3.11/site-packages/airflow/example_dags/example_nested_branch_dag.py
[2025-08-26T18:14:11.414+0100] {processor.py:840} INFO - DAG(s) 'example_nested_branch_dag' retrieved from /Users/vlad.alex995/Desktop/de-sprint/.venv-airflow/lib/python3.11/site-packages/airflow/example_dags/example_nested_branch_dag.py
[2025-08-26T18:14:11.442+0100] {logging_mixin.py:188} INFO - [2025-08-26T18:14:11.442+0100] {dag.py:3089} INFO - Sync 1 DAGs
[2025-08-26T18:14:11.447+0100] {logging_mixin.py:188} INFO - [2025-08-26T18:14:11.447+0100] {dag.py:3947} INFO - Setting next_dagrun for example_nested_branch_dag to 2025-08-25 00:00:00+00:00, run_after=2025-08-26 00:00:00+00:00
[2025-08-26T18:14:11.453+0100] {processor.py:183} INFO - Processing /Users/vlad.alex995/Desktop/de-sprint/.venv-airflow/lib/python3.11/site-packages/airflow/example_dags/example_nested_branch_dag.py took 0.054 seconds
[2025-08-26T18:15:43.981+0100] {processor.py:161} INFO - Started process (PID=38023) to work on /Users/vlad.alex995/Desktop/de-sprint/.venv-airflow/lib/python3.11/site-packages/airflow/example_dags/example_nested_branch_dag.py
[2025-08-26T18:15:43.982+0100] {processor.py:830} INFO - Processing file /Users/vlad.alex995/Desktop/de-sprint/.venv-airflow/lib/python3.11/site-packages/airflow/example_dags/example_nested_branch_dag.py for tasks to queue
[2025-08-26T18:15:43.982+0100] {logging_mixin.py:188} INFO - [2025-08-26T18:15:43.982+0100] {dagbag.py:545} INFO - Filling up the DagBag from /Users/vlad.alex995/Desktop/de-sprint/.venv-airflow/lib/python3.11/site-packages/airflow/example_dags/example_nested_branch_dag.py
[2025-08-26T18:15:43.996+0100] {processor.py:840} INFO - DAG(s) 'example_nested_branch_dag' retrieved from /Users/vlad.alex995/Desktop/de-sprint/.venv-airflow/lib/python3.11/site-packages/airflow/example_dags/example_nested_branch_dag.py
[2025-08-26T18:15:44.026+0100] {logging_mixin.py:188} INFO - [2025-08-26T18:15:44.026+0100] {dag.py:3089} INFO - Sync 1 DAGs
[2025-08-26T18:15:44.031+0100] {logging_mixin.py:188} INFO - [2025-08-26T18:15:44.031+0100] {dag.py:3947} INFO - Setting next_dagrun for example_nested_branch_dag to 2025-08-25 00:00:00+00:00, run_after=2025-08-26 00:00:00+00:00
[2025-08-26T18:15:44.037+0100] {processor.py:183} INFO - Processing /Users/vlad.alex995/Desktop/de-sprint/.venv-airflow/lib/python3.11/site-packages/airflow/example_dags/example_nested_branch_dag.py took 0.057 seconds
[2025-08-26T18:17:15.628+0100] {processor.py:161} INFO - Started process (PID=38116) to work on /Users/vlad.alex995/Desktop/de-sprint/.venv-airflow/lib/python3.11/site-packages/airflow/example_dags/example_nested_branch_dag.py
[2025-08-26T18:17:15.628+0100] {processor.py:830} INFO - Processing file /Users/vlad.alex995/Desktop/de-sprint/.venv-airflow/lib/python3.11/site-packages/airflow/example_dags/example_nested_branch_dag.py for tasks to queue
[2025-08-26T18:17:15.629+0100] {logging_mixin.py:188} INFO - [2025-08-26T18:17:15.628+0100] {dagbag.py:545} INFO - Filling up the DagBag from /Users/vlad.alex995/Desktop/de-sprint/.venv-airflow/lib/python3.11/site-packages/airflow/example_dags/example_nested_branch_dag.py
[2025-08-26T18:17:15.643+0100] {processor.py:840} INFO - DAG(s) 'example_nested_branch_dag' retrieved from /Users/vlad.alex995/Desktop/de-sprint/.venv-airflow/lib/python3.11/site-packages/airflow/example_dags/example_nested_branch_dag.py
[2025-08-26T18:17:15.673+0100] {logging_mixin.py:188} INFO - [2025-08-26T18:17:15.673+0100] {dag.py:3089} INFO - Sync 1 DAGs
[2025-08-26T18:17:15.678+0100] {logging_mixin.py:188} INFO - [2025-08-26T18:17:15.678+0100] {dag.py:3947} INFO - Setting next_dagrun for example_nested_branch_dag to 2025-08-25 00:00:00+00:00, run_after=2025-08-26 00:00:00+00:00
[2025-08-26T18:17:15.684+0100] {processor.py:183} INFO - Processing /Users/vlad.alex995/Desktop/de-sprint/.venv-airflow/lib/python3.11/site-packages/airflow/example_dags/example_nested_branch_dag.py took 0.057 seconds
[2025-08-26T18:19:56.058+0100] {processor.py:161} INFO - Started process (PID=38894) to work on /Users/vlad.alex995/Desktop/de-sprint/.venv-airflow/lib/python3.11/site-packages/airflow/example_dags/example_nested_branch_dag.py
[2025-08-26T18:19:56.059+0100] {processor.py:830} INFO - Processing file /Users/vlad.alex995/Desktop/de-sprint/.venv-airflow/lib/python3.11/site-packages/airflow/example_dags/example_nested_branch_dag.py for tasks to queue
[2025-08-26T18:19:56.060+0100] {logging_mixin.py:188} INFO - [2025-08-26T18:19:56.060+0100] {dagbag.py:545} INFO - Filling up the DagBag from /Users/vlad.alex995/Desktop/de-sprint/.venv-airflow/lib/python3.11/site-packages/airflow/example_dags/example_nested_branch_dag.py
[2025-08-26T18:19:56.073+0100] {processor.py:840} INFO - DAG(s) 'example_nested_branch_dag' retrieved from /Users/vlad.alex995/Desktop/de-sprint/.venv-airflow/lib/python3.11/site-packages/airflow/example_dags/example_nested_branch_dag.py
[2025-08-26T18:19:56.101+0100] {logging_mixin.py:188} INFO - [2025-08-26T18:19:56.101+0100] {dag.py:3089} INFO - Sync 1 DAGs
[2025-08-26T18:19:56.106+0100] {logging_mixin.py:188} INFO - [2025-08-26T18:19:56.106+0100] {dag.py:3947} INFO - Setting next_dagrun for example_nested_branch_dag to 2025-08-25 00:00:00+00:00, run_after=2025-08-26 00:00:00+00:00
[2025-08-26T18:19:56.111+0100] {processor.py:183} INFO - Processing /Users/vlad.alex995/Desktop/de-sprint/.venv-airflow/lib/python3.11/site-packages/airflow/example_dags/example_nested_branch_dag.py took 0.054 seconds
[2025-08-26T18:21:28.524+0100] {processor.py:161} INFO - Started process (PID=38977) to work on /Users/vlad.alex995/Desktop/de-sprint/.venv-airflow/lib/python3.11/site-packages/airflow/example_dags/example_nested_branch_dag.py
[2025-08-26T18:21:28.525+0100] {processor.py:830} INFO - Processing file /Users/vlad.alex995/Desktop/de-sprint/.venv-airflow/lib/python3.11/site-packages/airflow/example_dags/example_nested_branch_dag.py for tasks to queue
[2025-08-26T18:21:28.525+0100] {logging_mixin.py:188} INFO - [2025-08-26T18:21:28.525+0100] {dagbag.py:545} INFO - Filling up the DagBag from /Users/vlad.alex995/Desktop/de-sprint/.venv-airflow/lib/python3.11/site-packages/airflow/example_dags/example_nested_branch_dag.py
[2025-08-26T18:21:28.541+0100] {processor.py:840} INFO - DAG(s) 'example_nested_branch_dag' retrieved from /Users/vlad.alex995/Desktop/de-sprint/.venv-airflow/lib/python3.11/site-packages/airflow/example_dags/example_nested_branch_dag.py
[2025-08-26T18:21:28.573+0100] {logging_mixin.py:188} INFO - [2025-08-26T18:21:28.572+0100] {dag.py:3089} INFO - Sync 1 DAGs
[2025-08-26T18:21:28.578+0100] {logging_mixin.py:188} INFO - [2025-08-26T18:21:28.578+0100] {dag.py:3947} INFO - Setting next_dagrun for example_nested_branch_dag to 2025-08-25 00:00:00+00:00, run_after=2025-08-26 00:00:00+00:00
[2025-08-26T18:21:28.585+0100] {processor.py:183} INFO - Processing /Users/vlad.alex995/Desktop/de-sprint/.venv-airflow/lib/python3.11/site-packages/airflow/example_dags/example_nested_branch_dag.py took 0.062 seconds
[2025-08-26T18:22:58.945+0100] {processor.py:161} INFO - Started process (PID=39048) to work on /Users/vlad.alex995/Desktop/de-sprint/.venv-airflow/lib/python3.11/site-packages/airflow/example_dags/example_nested_branch_dag.py
[2025-08-26T18:22:58.945+0100] {processor.py:830} INFO - Processing file /Users/vlad.alex995/Desktop/de-sprint/.venv-airflow/lib/python3.11/site-packages/airflow/example_dags/example_nested_branch_dag.py for tasks to queue
[2025-08-26T18:22:58.946+0100] {logging_mixin.py:188} INFO - [2025-08-26T18:22:58.946+0100] {dagbag.py:545} INFO - Filling up the DagBag from /Users/vlad.alex995/Desktop/de-sprint/.venv-airflow/lib/python3.11/site-packages/airflow/example_dags/example_nested_branch_dag.py
[2025-08-26T18:22:58.960+0100] {processor.py:840} INFO - DAG(s) 'example_nested_branch_dag' retrieved from /Users/vlad.alex995/Desktop/de-sprint/.venv-airflow/lib/python3.11/site-packages/airflow/example_dags/example_nested_branch_dag.py
[2025-08-26T18:22:58.988+0100] {logging_mixin.py:188} INFO - [2025-08-26T18:22:58.988+0100] {dag.py:3089} INFO - Sync 1 DAGs
[2025-08-26T18:22:58.993+0100] {logging_mixin.py:188} INFO - [2025-08-26T18:22:58.993+0100] {dag.py:3947} INFO - Setting next_dagrun for example_nested_branch_dag to 2025-08-25 00:00:00+00:00, run_after=2025-08-26 00:00:00+00:00
[2025-08-26T18:22:58.999+0100] {processor.py:183} INFO - Processing /Users/vlad.alex995/Desktop/de-sprint/.venv-airflow/lib/python3.11/site-packages/airflow/example_dags/example_nested_branch_dag.py took 0.054 seconds
[2025-08-26T18:24:23.041+0100] {processor.py:161} INFO - Started process (PID=39116) to work on /Users/vlad.alex995/Desktop/de-sprint/.venv-airflow/lib/python3.11/site-packages/airflow/example_dags/example_nested_branch_dag.py
[2025-08-26T18:24:23.042+0100] {processor.py:830} INFO - Processing file /Users/vlad.alex995/Desktop/de-sprint/.venv-airflow/lib/python3.11/site-packages/airflow/example_dags/example_nested_branch_dag.py for tasks to queue
[2025-08-26T18:24:23.042+0100] {logging_mixin.py:188} INFO - [2025-08-26T18:24:23.042+0100] {dagbag.py:545} INFO - Filling up the DagBag from /Users/vlad.alex995/Desktop/de-sprint/.venv-airflow/lib/python3.11/site-packages/airflow/example_dags/example_nested_branch_dag.py
[2025-08-26T18:24:23.056+0100] {processor.py:840} INFO - DAG(s) 'example_nested_branch_dag' retrieved from /Users/vlad.alex995/Desktop/de-sprint/.venv-airflow/lib/python3.11/site-packages/airflow/example_dags/example_nested_branch_dag.py
[2025-08-26T18:24:23.088+0100] {logging_mixin.py:188} INFO - [2025-08-26T18:24:23.087+0100] {dag.py:3089} INFO - Sync 1 DAGs
[2025-08-26T18:24:23.093+0100] {logging_mixin.py:188} INFO - [2025-08-26T18:24:23.093+0100] {dag.py:3947} INFO - Setting next_dagrun for example_nested_branch_dag to 2025-08-25 00:00:00+00:00, run_after=2025-08-26 00:00:00+00:00
[2025-08-26T18:24:23.099+0100] {processor.py:183} INFO - Processing /Users/vlad.alex995/Desktop/de-sprint/.venv-airflow/lib/python3.11/site-packages/airflow/example_dags/example_nested_branch_dag.py took 0.059 seconds
[2025-08-26T18:25:59.198+0100] {processor.py:161} INFO - Started process (PID=39212) to work on /Users/vlad.alex995/Desktop/de-sprint/.venv-airflow/lib/python3.11/site-packages/airflow/example_dags/example_nested_branch_dag.py
[2025-08-26T18:25:59.200+0100] {processor.py:830} INFO - Processing file /Users/vlad.alex995/Desktop/de-sprint/.venv-airflow/lib/python3.11/site-packages/airflow/example_dags/example_nested_branch_dag.py for tasks to queue
[2025-08-26T18:25:59.200+0100] {logging_mixin.py:188} INFO - [2025-08-26T18:25:59.200+0100] {dagbag.py:545} INFO - Filling up the DagBag from /Users/vlad.alex995/Desktop/de-sprint/.venv-airflow/lib/python3.11/site-packages/airflow/example_dags/example_nested_branch_dag.py
[2025-08-26T18:25:59.214+0100] {processor.py:840} INFO - DAG(s) 'example_nested_branch_dag' retrieved from /Users/vlad.alex995/Desktop/de-sprint/.venv-airflow/lib/python3.11/site-packages/airflow/example_dags/example_nested_branch_dag.py
[2025-08-26T18:25:59.242+0100] {logging_mixin.py:188} INFO - [2025-08-26T18:25:59.242+0100] {dag.py:3089} INFO - Sync 1 DAGs
[2025-08-26T18:25:59.247+0100] {logging_mixin.py:188} INFO - [2025-08-26T18:25:59.247+0100] {dag.py:3947} INFO - Setting next_dagrun for example_nested_branch_dag to 2025-08-25 00:00:00+00:00, run_after=2025-08-26 00:00:00+00:00
[2025-08-26T18:25:59.253+0100] {processor.py:183} INFO - Processing /Users/vlad.alex995/Desktop/de-sprint/.venv-airflow/lib/python3.11/site-packages/airflow/example_dags/example_nested_branch_dag.py took 0.056 seconds
[2025-08-26T18:27:46.659+0100] {processor.py:161} INFO - Started process (PID=39687) to work on /Users/vlad.alex995/Desktop/de-sprint/.venv-airflow/lib/python3.11/site-packages/airflow/example_dags/example_nested_branch_dag.py
[2025-08-26T18:27:46.659+0100] {processor.py:830} INFO - Processing file /Users/vlad.alex995/Desktop/de-sprint/.venv-airflow/lib/python3.11/site-packages/airflow/example_dags/example_nested_branch_dag.py for tasks to queue
[2025-08-26T18:27:46.660+0100] {logging_mixin.py:188} INFO - [2025-08-26T18:27:46.660+0100] {dagbag.py:545} INFO - Filling up the DagBag from /Users/vlad.alex995/Desktop/de-sprint/.venv-airflow/lib/python3.11/site-packages/airflow/example_dags/example_nested_branch_dag.py
[2025-08-26T18:27:46.676+0100] {processor.py:840} INFO - DAG(s) 'example_nested_branch_dag' retrieved from /Users/vlad.alex995/Desktop/de-sprint/.venv-airflow/lib/python3.11/site-packages/airflow/example_dags/example_nested_branch_dag.py
[2025-08-26T18:27:46.707+0100] {logging_mixin.py:188} INFO - [2025-08-26T18:27:46.707+0100] {dag.py:3089} INFO - Sync 1 DAGs
[2025-08-26T18:27:46.713+0100] {logging_mixin.py:188} INFO - [2025-08-26T18:27:46.713+0100] {dag.py:3947} INFO - Setting next_dagrun for example_nested_branch_dag to 2025-08-25 00:00:00+00:00, run_after=2025-08-26 00:00:00+00:00
[2025-08-26T18:27:46.719+0100] {processor.py:183} INFO - Processing /Users/vlad.alex995/Desktop/de-sprint/.venv-airflow/lib/python3.11/site-packages/airflow/example_dags/example_nested_branch_dag.py took 0.061 seconds
