[2025-08-26T17:25:48.371+0100] {processor.py:161} INFO - Started process (PID=35342) to work on /Users/vlad.alex995/Desktop/de-sprint/.venv-airflow/lib/python3.11/site-packages/airflow/example_dags/example_local_kubernetes_executor.py
[2025-08-26T17:25:48.372+0100] {processor.py:830} INFO - Processing file /Users/vlad.alex995/Desktop/de-sprint/.venv-airflow/lib/python3.11/site-packages/airflow/example_dags/example_local_kubernetes_executor.py for tasks to queue
[2025-08-26T17:25:48.372+0100] {logging_mixin.py:188} INFO - [2025-08-26T17:25:48.372+0100] {dagbag.py:545} INFO - Filling up the DagBag from /Users/vlad.alex995/Desktop/de-sprint/.venv-airflow/lib/python3.11/site-packages/airflow/example_dags/example_local_kubernetes_executor.py
[2025-08-26T17:25:48.385+0100] {logging_mixin.py:188} INFO - [2025-08-26T17:25:48.385+0100] {example_local_kubernetes_executor.py:40} WARNING - Could not import DAGs in example_local_kubernetes_executor.py
Traceback (most recent call last):
  File "/Users/vlad.alex995/Desktop/de-sprint/.venv-airflow/lib/python3.11/site-packages/airflow/example_dags/example_local_kubernetes_executor.py", line 38, in <module>
    from kubernetes.client import models as k8s
ModuleNotFoundError: No module named 'kubernetes'
[2025-08-26T17:25:48.385+0100] {logging_mixin.py:188} INFO - [2025-08-26T17:25:48.385+0100] {example_local_kubernetes_executor.py:41} WARNING - Install Kubernetes dependencies with: pip install apache-airflow[cncf.kubernetes]
[2025-08-26T17:25:48.385+0100] {processor.py:842} WARNING - No viable dags retrieved from /Users/vlad.alex995/Desktop/de-sprint/.venv-airflow/lib/python3.11/site-packages/airflow/example_dags/example_local_kubernetes_executor.py
[2025-08-26T17:25:48.408+0100] {processor.py:183} INFO - Processing /Users/vlad.alex995/Desktop/de-sprint/.venv-airflow/lib/python3.11/site-packages/airflow/example_dags/example_local_kubernetes_executor.py took 0.037 seconds
[2025-08-26T17:27:19.736+0100] {processor.py:161} INFO - Started process (PID=35414) to work on /Users/vlad.alex995/Desktop/de-sprint/.venv-airflow/lib/python3.11/site-packages/airflow/example_dags/example_local_kubernetes_executor.py
[2025-08-26T17:27:19.737+0100] {processor.py:830} INFO - Processing file /Users/vlad.alex995/Desktop/de-sprint/.venv-airflow/lib/python3.11/site-packages/airflow/example_dags/example_local_kubernetes_executor.py for tasks to queue
[2025-08-26T17:27:19.737+0100] {logging_mixin.py:188} INFO - [2025-08-26T17:27:19.737+0100] {dagbag.py:545} INFO - Filling up the DagBag from /Users/vlad.alex995/Desktop/de-sprint/.venv-airflow/lib/python3.11/site-packages/airflow/example_dags/example_local_kubernetes_executor.py
[2025-08-26T17:27:19.749+0100] {logging_mixin.py:188} INFO - [2025-08-26T17:27:19.749+0100] {example_local_kubernetes_executor.py:40} WARNING - Could not import DAGs in example_local_kubernetes_executor.py
Traceback (most recent call last):
  File "/Users/vlad.alex995/Desktop/de-sprint/.venv-airflow/lib/python3.11/site-packages/airflow/example_dags/example_local_kubernetes_executor.py", line 38, in <module>
    from kubernetes.client import models as k8s
ModuleNotFoundError: No module named 'kubernetes'
[2025-08-26T17:27:19.750+0100] {logging_mixin.py:188} INFO - [2025-08-26T17:27:19.749+0100] {example_local_kubernetes_executor.py:41} WARNING - Install Kubernetes dependencies with: pip install apache-airflow[cncf.kubernetes]
[2025-08-26T17:27:19.750+0100] {processor.py:842} WARNING - No viable dags retrieved from /Users/vlad.alex995/Desktop/de-sprint/.venv-airflow/lib/python3.11/site-packages/airflow/example_dags/example_local_kubernetes_executor.py
[2025-08-26T17:27:19.772+0100] {processor.py:183} INFO - Processing /Users/vlad.alex995/Desktop/de-sprint/.venv-airflow/lib/python3.11/site-packages/airflow/example_dags/example_local_kubernetes_executor.py took 0.037 seconds
[2025-08-26T17:28:54.380+0100] {processor.py:161} INFO - Started process (PID=35485) to work on /Users/vlad.alex995/Desktop/de-sprint/.venv-airflow/lib/python3.11/site-packages/airflow/example_dags/example_local_kubernetes_executor.py
[2025-08-26T17:28:54.381+0100] {processor.py:830} INFO - Processing file /Users/vlad.alex995/Desktop/de-sprint/.venv-airflow/lib/python3.11/site-packages/airflow/example_dags/example_local_kubernetes_executor.py for tasks to queue
[2025-08-26T17:28:54.382+0100] {logging_mixin.py:188} INFO - [2025-08-26T17:28:54.382+0100] {dagbag.py:545} INFO - Filling up the DagBag from /Users/vlad.alex995/Desktop/de-sprint/.venv-airflow/lib/python3.11/site-packages/airflow/example_dags/example_local_kubernetes_executor.py
[2025-08-26T17:28:54.395+0100] {logging_mixin.py:188} INFO - [2025-08-26T17:28:54.395+0100] {example_local_kubernetes_executor.py:40} WARNING - Could not import DAGs in example_local_kubernetes_executor.py
Traceback (most recent call last):
  File "/Users/vlad.alex995/Desktop/de-sprint/.venv-airflow/lib/python3.11/site-packages/airflow/example_dags/example_local_kubernetes_executor.py", line 38, in <module>
    from kubernetes.client import models as k8s
ModuleNotFoundError: No module named 'kubernetes'
[2025-08-26T17:28:54.395+0100] {logging_mixin.py:188} INFO - [2025-08-26T17:28:54.395+0100] {example_local_kubernetes_executor.py:41} WARNING - Install Kubernetes dependencies with: pip install apache-airflow[cncf.kubernetes]
[2025-08-26T17:28:54.395+0100] {processor.py:842} WARNING - No viable dags retrieved from /Users/vlad.alex995/Desktop/de-sprint/.venv-airflow/lib/python3.11/site-packages/airflow/example_dags/example_local_kubernetes_executor.py
[2025-08-26T17:28:54.418+0100] {processor.py:183} INFO - Processing /Users/vlad.alex995/Desktop/de-sprint/.venv-airflow/lib/python3.11/site-packages/airflow/example_dags/example_local_kubernetes_executor.py took 0.039 seconds
[2025-08-26T17:30:27.337+0100] {processor.py:161} INFO - Started process (PID=35555) to work on /Users/vlad.alex995/Desktop/de-sprint/.venv-airflow/lib/python3.11/site-packages/airflow/example_dags/example_local_kubernetes_executor.py
[2025-08-26T17:30:27.338+0100] {processor.py:830} INFO - Processing file /Users/vlad.alex995/Desktop/de-sprint/.venv-airflow/lib/python3.11/site-packages/airflow/example_dags/example_local_kubernetes_executor.py for tasks to queue
[2025-08-26T17:30:27.338+0100] {logging_mixin.py:188} INFO - [2025-08-26T17:30:27.338+0100] {dagbag.py:545} INFO - Filling up the DagBag from /Users/vlad.alex995/Desktop/de-sprint/.venv-airflow/lib/python3.11/site-packages/airflow/example_dags/example_local_kubernetes_executor.py
[2025-08-26T17:30:27.351+0100] {logging_mixin.py:188} INFO - [2025-08-26T17:30:27.350+0100] {example_local_kubernetes_executor.py:40} WARNING - Could not import DAGs in example_local_kubernetes_executor.py
Traceback (most recent call last):
  File "/Users/vlad.alex995/Desktop/de-sprint/.venv-airflow/lib/python3.11/site-packages/airflow/example_dags/example_local_kubernetes_executor.py", line 38, in <module>
    from kubernetes.client import models as k8s
ModuleNotFoundError: No module named 'kubernetes'
[2025-08-26T17:30:27.351+0100] {logging_mixin.py:188} INFO - [2025-08-26T17:30:27.351+0100] {example_local_kubernetes_executor.py:41} WARNING - Install Kubernetes dependencies with: pip install apache-airflow[cncf.kubernetes]
[2025-08-26T17:30:27.351+0100] {processor.py:842} WARNING - No viable dags retrieved from /Users/vlad.alex995/Desktop/de-sprint/.venv-airflow/lib/python3.11/site-packages/airflow/example_dags/example_local_kubernetes_executor.py
[2025-08-26T17:30:27.374+0100] {processor.py:183} INFO - Processing /Users/vlad.alex995/Desktop/de-sprint/.venv-airflow/lib/python3.11/site-packages/airflow/example_dags/example_local_kubernetes_executor.py took 0.038 seconds
[2025-08-26T17:31:57.073+0100] {processor.py:161} INFO - Started process (PID=35926) to work on /Users/vlad.alex995/Desktop/de-sprint/.venv-airflow/lib/python3.11/site-packages/airflow/example_dags/example_local_kubernetes_executor.py
[2025-08-26T17:31:57.074+0100] {processor.py:830} INFO - Processing file /Users/vlad.alex995/Desktop/de-sprint/.venv-airflow/lib/python3.11/site-packages/airflow/example_dags/example_local_kubernetes_executor.py for tasks to queue
[2025-08-26T17:31:57.074+0100] {logging_mixin.py:188} INFO - [2025-08-26T17:31:57.074+0100] {dagbag.py:545} INFO - Filling up the DagBag from /Users/vlad.alex995/Desktop/de-sprint/.venv-airflow/lib/python3.11/site-packages/airflow/example_dags/example_local_kubernetes_executor.py
[2025-08-26T17:31:57.086+0100] {logging_mixin.py:188} INFO - [2025-08-26T17:31:57.086+0100] {example_local_kubernetes_executor.py:40} WARNING - Could not import DAGs in example_local_kubernetes_executor.py
Traceback (most recent call last):
  File "/Users/vlad.alex995/Desktop/de-sprint/.venv-airflow/lib/python3.11/site-packages/airflow/example_dags/example_local_kubernetes_executor.py", line 38, in <module>
    from kubernetes.client import models as k8s
ModuleNotFoundError: No module named 'kubernetes'
[2025-08-26T17:31:57.086+0100] {logging_mixin.py:188} INFO - [2025-08-26T17:31:57.086+0100] {example_local_kubernetes_executor.py:41} WARNING - Install Kubernetes dependencies with: pip install apache-airflow[cncf.kubernetes]
[2025-08-26T17:31:57.087+0100] {processor.py:842} WARNING - No viable dags retrieved from /Users/vlad.alex995/Desktop/de-sprint/.venv-airflow/lib/python3.11/site-packages/airflow/example_dags/example_local_kubernetes_executor.py
[2025-08-26T17:31:57.110+0100] {processor.py:183} INFO - Processing /Users/vlad.alex995/Desktop/de-sprint/.venv-airflow/lib/python3.11/site-packages/airflow/example_dags/example_local_kubernetes_executor.py took 0.037 seconds
[2025-08-26T17:33:30.417+0100] {processor.py:161} INFO - Started process (PID=36018) to work on /Users/vlad.alex995/Desktop/de-sprint/.venv-airflow/lib/python3.11/site-packages/airflow/example_dags/example_local_kubernetes_executor.py
[2025-08-26T17:33:30.418+0100] {processor.py:830} INFO - Processing file /Users/vlad.alex995/Desktop/de-sprint/.venv-airflow/lib/python3.11/site-packages/airflow/example_dags/example_local_kubernetes_executor.py for tasks to queue
[2025-08-26T17:33:30.418+0100] {logging_mixin.py:188} INFO - [2025-08-26T17:33:30.418+0100] {dagbag.py:545} INFO - Filling up the DagBag from /Users/vlad.alex995/Desktop/de-sprint/.venv-airflow/lib/python3.11/site-packages/airflow/example_dags/example_local_kubernetes_executor.py
[2025-08-26T17:33:30.432+0100] {logging_mixin.py:188} INFO - [2025-08-26T17:33:30.431+0100] {example_local_kubernetes_executor.py:40} WARNING - Could not import DAGs in example_local_kubernetes_executor.py
Traceback (most recent call last):
  File "/Users/vlad.alex995/Desktop/de-sprint/.venv-airflow/lib/python3.11/site-packages/airflow/example_dags/example_local_kubernetes_executor.py", line 38, in <module>
    from kubernetes.client import models as k8s
ModuleNotFoundError: No module named 'kubernetes'
[2025-08-26T17:33:30.432+0100] {logging_mixin.py:188} INFO - [2025-08-26T17:33:30.432+0100] {example_local_kubernetes_executor.py:41} WARNING - Install Kubernetes dependencies with: pip install apache-airflow[cncf.kubernetes]
[2025-08-26T17:33:30.432+0100] {processor.py:842} WARNING - No viable dags retrieved from /Users/vlad.alex995/Desktop/de-sprint/.venv-airflow/lib/python3.11/site-packages/airflow/example_dags/example_local_kubernetes_executor.py
[2025-08-26T17:33:30.455+0100] {processor.py:183} INFO - Processing /Users/vlad.alex995/Desktop/de-sprint/.venv-airflow/lib/python3.11/site-packages/airflow/example_dags/example_local_kubernetes_executor.py took 0.040 seconds
[2025-08-26T18:11:29.083+0100] {processor.py:161} INFO - Started process (PID=37430) to work on /Users/vlad.alex995/Desktop/de-sprint/.venv-airflow/lib/python3.11/site-packages/airflow/example_dags/example_local_kubernetes_executor.py
[2025-08-26T18:11:29.084+0100] {processor.py:830} INFO - Processing file /Users/vlad.alex995/Desktop/de-sprint/.venv-airflow/lib/python3.11/site-packages/airflow/example_dags/example_local_kubernetes_executor.py for tasks to queue
[2025-08-26T18:11:29.084+0100] {logging_mixin.py:188} INFO - [2025-08-26T18:11:29.084+0100] {dagbag.py:545} INFO - Filling up the DagBag from /Users/vlad.alex995/Desktop/de-sprint/.venv-airflow/lib/python3.11/site-packages/airflow/example_dags/example_local_kubernetes_executor.py
[2025-08-26T18:11:29.097+0100] {logging_mixin.py:188} INFO - [2025-08-26T18:11:29.097+0100] {example_local_kubernetes_executor.py:40} WARNING - Could not import DAGs in example_local_kubernetes_executor.py
Traceback (most recent call last):
  File "/Users/vlad.alex995/Desktop/de-sprint/.venv-airflow/lib/python3.11/site-packages/airflow/example_dags/example_local_kubernetes_executor.py", line 38, in <module>
    from kubernetes.client import models as k8s
ModuleNotFoundError: No module named 'kubernetes'
[2025-08-26T18:11:29.097+0100] {logging_mixin.py:188} INFO - [2025-08-26T18:11:29.097+0100] {example_local_kubernetes_executor.py:41} WARNING - Install Kubernetes dependencies with: pip install apache-airflow[cncf.kubernetes]
[2025-08-26T18:11:29.097+0100] {processor.py:842} WARNING - No viable dags retrieved from /Users/vlad.alex995/Desktop/de-sprint/.venv-airflow/lib/python3.11/site-packages/airflow/example_dags/example_local_kubernetes_executor.py
[2025-08-26T18:11:29.119+0100] {processor.py:183} INFO - Processing /Users/vlad.alex995/Desktop/de-sprint/.venv-airflow/lib/python3.11/site-packages/airflow/example_dags/example_local_kubernetes_executor.py took 0.037 seconds
[2025-08-26T18:12:46.762+0100] {processor.py:161} INFO - Started process (PID=37485) to work on /Users/vlad.alex995/Desktop/de-sprint/.venv-airflow/lib/python3.11/site-packages/airflow/example_dags/example_local_kubernetes_executor.py
[2025-08-26T18:12:46.762+0100] {processor.py:830} INFO - Processing file /Users/vlad.alex995/Desktop/de-sprint/.venv-airflow/lib/python3.11/site-packages/airflow/example_dags/example_local_kubernetes_executor.py for tasks to queue
[2025-08-26T18:12:46.763+0100] {logging_mixin.py:188} INFO - [2025-08-26T18:12:46.763+0100] {dagbag.py:545} INFO - Filling up the DagBag from /Users/vlad.alex995/Desktop/de-sprint/.venv-airflow/lib/python3.11/site-packages/airflow/example_dags/example_local_kubernetes_executor.py
[2025-08-26T18:12:46.775+0100] {logging_mixin.py:188} INFO - [2025-08-26T18:12:46.775+0100] {example_local_kubernetes_executor.py:40} WARNING - Could not import DAGs in example_local_kubernetes_executor.py
Traceback (most recent call last):
  File "/Users/vlad.alex995/Desktop/de-sprint/.venv-airflow/lib/python3.11/site-packages/airflow/example_dags/example_local_kubernetes_executor.py", line 38, in <module>
    from kubernetes.client import models as k8s
ModuleNotFoundError: No module named 'kubernetes'
[2025-08-26T18:12:46.776+0100] {logging_mixin.py:188} INFO - [2025-08-26T18:12:46.775+0100] {example_local_kubernetes_executor.py:41} WARNING - Install Kubernetes dependencies with: pip install apache-airflow[cncf.kubernetes]
[2025-08-26T18:12:46.776+0100] {processor.py:842} WARNING - No viable dags retrieved from /Users/vlad.alex995/Desktop/de-sprint/.venv-airflow/lib/python3.11/site-packages/airflow/example_dags/example_local_kubernetes_executor.py
[2025-08-26T18:12:46.801+0100] {processor.py:183} INFO - Processing /Users/vlad.alex995/Desktop/de-sprint/.venv-airflow/lib/python3.11/site-packages/airflow/example_dags/example_local_kubernetes_executor.py took 0.040 seconds
[2025-08-26T18:14:13.065+0100] {processor.py:161} INFO - Started process (PID=37785) to work on /Users/vlad.alex995/Desktop/de-sprint/.venv-airflow/lib/python3.11/site-packages/airflow/example_dags/example_local_kubernetes_executor.py
[2025-08-26T18:14:13.066+0100] {processor.py:830} INFO - Processing file /Users/vlad.alex995/Desktop/de-sprint/.venv-airflow/lib/python3.11/site-packages/airflow/example_dags/example_local_kubernetes_executor.py for tasks to queue
[2025-08-26T18:14:13.067+0100] {logging_mixin.py:188} INFO - [2025-08-26T18:14:13.067+0100] {dagbag.py:545} INFO - Filling up the DagBag from /Users/vlad.alex995/Desktop/de-sprint/.venv-airflow/lib/python3.11/site-packages/airflow/example_dags/example_local_kubernetes_executor.py
[2025-08-26T18:14:13.080+0100] {logging_mixin.py:188} INFO - [2025-08-26T18:14:13.079+0100] {example_local_kubernetes_executor.py:40} WARNING - Could not import DAGs in example_local_kubernetes_executor.py
Traceback (most recent call last):
  File "/Users/vlad.alex995/Desktop/de-sprint/.venv-airflow/lib/python3.11/site-packages/airflow/example_dags/example_local_kubernetes_executor.py", line 38, in <module>
    from kubernetes.client import models as k8s
ModuleNotFoundError: No module named 'kubernetes'
[2025-08-26T18:14:13.080+0100] {logging_mixin.py:188} INFO - [2025-08-26T18:14:13.080+0100] {example_local_kubernetes_executor.py:41} WARNING - Install Kubernetes dependencies with: pip install apache-airflow[cncf.kubernetes]
[2025-08-26T18:14:13.080+0100] {processor.py:842} WARNING - No viable dags retrieved from /Users/vlad.alex995/Desktop/de-sprint/.venv-airflow/lib/python3.11/site-packages/airflow/example_dags/example_local_kubernetes_executor.py
[2025-08-26T18:14:13.104+0100] {processor.py:183} INFO - Processing /Users/vlad.alex995/Desktop/de-sprint/.venv-airflow/lib/python3.11/site-packages/airflow/example_dags/example_local_kubernetes_executor.py took 0.040 seconds
[2025-08-26T18:15:44.666+0100] {processor.py:161} INFO - Started process (PID=38024) to work on /Users/vlad.alex995/Desktop/de-sprint/.venv-airflow/lib/python3.11/site-packages/airflow/example_dags/example_local_kubernetes_executor.py
[2025-08-26T18:15:44.667+0100] {processor.py:830} INFO - Processing file /Users/vlad.alex995/Desktop/de-sprint/.venv-airflow/lib/python3.11/site-packages/airflow/example_dags/example_local_kubernetes_executor.py for tasks to queue
[2025-08-26T18:15:44.668+0100] {logging_mixin.py:188} INFO - [2025-08-26T18:15:44.667+0100] {dagbag.py:545} INFO - Filling up the DagBag from /Users/vlad.alex995/Desktop/de-sprint/.venv-airflow/lib/python3.11/site-packages/airflow/example_dags/example_local_kubernetes_executor.py
[2025-08-26T18:15:44.680+0100] {logging_mixin.py:188} INFO - [2025-08-26T18:15:44.680+0100] {example_local_kubernetes_executor.py:40} WARNING - Could not import DAGs in example_local_kubernetes_executor.py
Traceback (most recent call last):
  File "/Users/vlad.alex995/Desktop/de-sprint/.venv-airflow/lib/python3.11/site-packages/airflow/example_dags/example_local_kubernetes_executor.py", line 38, in <module>
    from kubernetes.client import models as k8s
ModuleNotFoundError: No module named 'kubernetes'
[2025-08-26T18:15:44.680+0100] {logging_mixin.py:188} INFO - [2025-08-26T18:15:44.680+0100] {example_local_kubernetes_executor.py:41} WARNING - Install Kubernetes dependencies with: pip install apache-airflow[cncf.kubernetes]
[2025-08-26T18:15:44.680+0100] {processor.py:842} WARNING - No viable dags retrieved from /Users/vlad.alex995/Desktop/de-sprint/.venv-airflow/lib/python3.11/site-packages/airflow/example_dags/example_local_kubernetes_executor.py
[2025-08-26T18:15:44.704+0100] {processor.py:183} INFO - Processing /Users/vlad.alex995/Desktop/de-sprint/.venv-airflow/lib/python3.11/site-packages/airflow/example_dags/example_local_kubernetes_executor.py took 0.039 seconds
[2025-08-26T18:17:17.387+0100] {processor.py:161} INFO - Started process (PID=38117) to work on /Users/vlad.alex995/Desktop/de-sprint/.venv-airflow/lib/python3.11/site-packages/airflow/example_dags/example_local_kubernetes_executor.py
[2025-08-26T18:17:17.387+0100] {processor.py:830} INFO - Processing file /Users/vlad.alex995/Desktop/de-sprint/.venv-airflow/lib/python3.11/site-packages/airflow/example_dags/example_local_kubernetes_executor.py for tasks to queue
[2025-08-26T18:17:17.388+0100] {logging_mixin.py:188} INFO - [2025-08-26T18:17:17.388+0100] {dagbag.py:545} INFO - Filling up the DagBag from /Users/vlad.alex995/Desktop/de-sprint/.venv-airflow/lib/python3.11/site-packages/airflow/example_dags/example_local_kubernetes_executor.py
[2025-08-26T18:17:17.402+0100] {logging_mixin.py:188} INFO - [2025-08-26T18:17:17.402+0100] {example_local_kubernetes_executor.py:40} WARNING - Could not import DAGs in example_local_kubernetes_executor.py
Traceback (most recent call last):
  File "/Users/vlad.alex995/Desktop/de-sprint/.venv-airflow/lib/python3.11/site-packages/airflow/example_dags/example_local_kubernetes_executor.py", line 38, in <module>
    from kubernetes.client import models as k8s
ModuleNotFoundError: No module named 'kubernetes'
[2025-08-26T18:17:17.402+0100] {logging_mixin.py:188} INFO - [2025-08-26T18:17:17.402+0100] {example_local_kubernetes_executor.py:41} WARNING - Install Kubernetes dependencies with: pip install apache-airflow[cncf.kubernetes]
[2025-08-26T18:17:17.402+0100] {processor.py:842} WARNING - No viable dags retrieved from /Users/vlad.alex995/Desktop/de-sprint/.venv-airflow/lib/python3.11/site-packages/airflow/example_dags/example_local_kubernetes_executor.py
[2025-08-26T18:17:17.426+0100] {processor.py:183} INFO - Processing /Users/vlad.alex995/Desktop/de-sprint/.venv-airflow/lib/python3.11/site-packages/airflow/example_dags/example_local_kubernetes_executor.py took 0.040 seconds
[2025-08-26T18:19:57.719+0100] {processor.py:161} INFO - Started process (PID=38897) to work on /Users/vlad.alex995/Desktop/de-sprint/.venv-airflow/lib/python3.11/site-packages/airflow/example_dags/example_local_kubernetes_executor.py
[2025-08-26T18:19:57.720+0100] {processor.py:830} INFO - Processing file /Users/vlad.alex995/Desktop/de-sprint/.venv-airflow/lib/python3.11/site-packages/airflow/example_dags/example_local_kubernetes_executor.py for tasks to queue
[2025-08-26T18:19:57.720+0100] {logging_mixin.py:188} INFO - [2025-08-26T18:19:57.720+0100] {dagbag.py:545} INFO - Filling up the DagBag from /Users/vlad.alex995/Desktop/de-sprint/.venv-airflow/lib/python3.11/site-packages/airflow/example_dags/example_local_kubernetes_executor.py
[2025-08-26T18:19:57.732+0100] {logging_mixin.py:188} INFO - [2025-08-26T18:19:57.732+0100] {example_local_kubernetes_executor.py:40} WARNING - Could not import DAGs in example_local_kubernetes_executor.py
Traceback (most recent call last):
  File "/Users/vlad.alex995/Desktop/de-sprint/.venv-airflow/lib/python3.11/site-packages/airflow/example_dags/example_local_kubernetes_executor.py", line 38, in <module>
    from kubernetes.client import models as k8s
ModuleNotFoundError: No module named 'kubernetes'
[2025-08-26T18:19:57.732+0100] {logging_mixin.py:188} INFO - [2025-08-26T18:19:57.732+0100] {example_local_kubernetes_executor.py:41} WARNING - Install Kubernetes dependencies with: pip install apache-airflow[cncf.kubernetes]
[2025-08-26T18:19:57.732+0100] {processor.py:842} WARNING - No viable dags retrieved from /Users/vlad.alex995/Desktop/de-sprint/.venv-airflow/lib/python3.11/site-packages/airflow/example_dags/example_local_kubernetes_executor.py
[2025-08-26T18:19:57.755+0100] {processor.py:183} INFO - Processing /Users/vlad.alex995/Desktop/de-sprint/.venv-airflow/lib/python3.11/site-packages/airflow/example_dags/example_local_kubernetes_executor.py took 0.037 seconds
[2025-08-26T18:21:30.242+0100] {processor.py:161} INFO - Started process (PID=38978) to work on /Users/vlad.alex995/Desktop/de-sprint/.venv-airflow/lib/python3.11/site-packages/airflow/example_dags/example_local_kubernetes_executor.py
[2025-08-26T18:21:30.243+0100] {processor.py:830} INFO - Processing file /Users/vlad.alex995/Desktop/de-sprint/.venv-airflow/lib/python3.11/site-packages/airflow/example_dags/example_local_kubernetes_executor.py for tasks to queue
[2025-08-26T18:21:30.243+0100] {logging_mixin.py:188} INFO - [2025-08-26T18:21:30.243+0100] {dagbag.py:545} INFO - Filling up the DagBag from /Users/vlad.alex995/Desktop/de-sprint/.venv-airflow/lib/python3.11/site-packages/airflow/example_dags/example_local_kubernetes_executor.py
[2025-08-26T18:21:30.258+0100] {logging_mixin.py:188} INFO - [2025-08-26T18:21:30.258+0100] {example_local_kubernetes_executor.py:40} WARNING - Could not import DAGs in example_local_kubernetes_executor.py
Traceback (most recent call last):
  File "/Users/vlad.alex995/Desktop/de-sprint/.venv-airflow/lib/python3.11/site-packages/airflow/example_dags/example_local_kubernetes_executor.py", line 38, in <module>
    from kubernetes.client import models as k8s
ModuleNotFoundError: No module named 'kubernetes'
[2025-08-26T18:21:30.258+0100] {logging_mixin.py:188} INFO - [2025-08-26T18:21:30.258+0100] {example_local_kubernetes_executor.py:41} WARNING - Install Kubernetes dependencies with: pip install apache-airflow[cncf.kubernetes]
[2025-08-26T18:21:30.258+0100] {processor.py:842} WARNING - No viable dags retrieved from /Users/vlad.alex995/Desktop/de-sprint/.venv-airflow/lib/python3.11/site-packages/airflow/example_dags/example_local_kubernetes_executor.py
[2025-08-26T18:21:30.284+0100] {processor.py:183} INFO - Processing /Users/vlad.alex995/Desktop/de-sprint/.venv-airflow/lib/python3.11/site-packages/airflow/example_dags/example_local_kubernetes_executor.py took 0.043 seconds
[2025-08-26T18:23:00.151+0100] {processor.py:161} INFO - Started process (PID=39049) to work on /Users/vlad.alex995/Desktop/de-sprint/.venv-airflow/lib/python3.11/site-packages/airflow/example_dags/example_local_kubernetes_executor.py
[2025-08-26T18:23:00.152+0100] {processor.py:830} INFO - Processing file /Users/vlad.alex995/Desktop/de-sprint/.venv-airflow/lib/python3.11/site-packages/airflow/example_dags/example_local_kubernetes_executor.py for tasks to queue
[2025-08-26T18:23:00.152+0100] {logging_mixin.py:188} INFO - [2025-08-26T18:23:00.152+0100] {dagbag.py:545} INFO - Filling up the DagBag from /Users/vlad.alex995/Desktop/de-sprint/.venv-airflow/lib/python3.11/site-packages/airflow/example_dags/example_local_kubernetes_executor.py
[2025-08-26T18:23:00.163+0100] {logging_mixin.py:188} INFO - [2025-08-26T18:23:00.163+0100] {example_local_kubernetes_executor.py:40} WARNING - Could not import DAGs in example_local_kubernetes_executor.py
Traceback (most recent call last):
  File "/Users/vlad.alex995/Desktop/de-sprint/.venv-airflow/lib/python3.11/site-packages/airflow/example_dags/example_local_kubernetes_executor.py", line 38, in <module>
    from kubernetes.client import models as k8s
ModuleNotFoundError: No module named 'kubernetes'
[2025-08-26T18:23:00.163+0100] {logging_mixin.py:188} INFO - [2025-08-26T18:23:00.163+0100] {example_local_kubernetes_executor.py:41} WARNING - Install Kubernetes dependencies with: pip install apache-airflow[cncf.kubernetes]
[2025-08-26T18:23:00.164+0100] {processor.py:842} WARNING - No viable dags retrieved from /Users/vlad.alex995/Desktop/de-sprint/.venv-airflow/lib/python3.11/site-packages/airflow/example_dags/example_local_kubernetes_executor.py
[2025-08-26T18:23:00.186+0100] {processor.py:183} INFO - Processing /Users/vlad.alex995/Desktop/de-sprint/.venv-airflow/lib/python3.11/site-packages/airflow/example_dags/example_local_kubernetes_executor.py took 0.035 seconds
[2025-08-26T18:24:24.676+0100] {processor.py:161} INFO - Started process (PID=39117) to work on /Users/vlad.alex995/Desktop/de-sprint/.venv-airflow/lib/python3.11/site-packages/airflow/example_dags/example_local_kubernetes_executor.py
[2025-08-26T18:24:24.676+0100] {processor.py:830} INFO - Processing file /Users/vlad.alex995/Desktop/de-sprint/.venv-airflow/lib/python3.11/site-packages/airflow/example_dags/example_local_kubernetes_executor.py for tasks to queue
[2025-08-26T18:24:24.676+0100] {logging_mixin.py:188} INFO - [2025-08-26T18:24:24.676+0100] {dagbag.py:545} INFO - Filling up the DagBag from /Users/vlad.alex995/Desktop/de-sprint/.venv-airflow/lib/python3.11/site-packages/airflow/example_dags/example_local_kubernetes_executor.py
[2025-08-26T18:24:24.690+0100] {logging_mixin.py:188} INFO - [2025-08-26T18:24:24.689+0100] {example_local_kubernetes_executor.py:40} WARNING - Could not import DAGs in example_local_kubernetes_executor.py
Traceback (most recent call last):
  File "/Users/vlad.alex995/Desktop/de-sprint/.venv-airflow/lib/python3.11/site-packages/airflow/example_dags/example_local_kubernetes_executor.py", line 38, in <module>
    from kubernetes.client import models as k8s
ModuleNotFoundError: No module named 'kubernetes'
[2025-08-26T18:24:24.690+0100] {logging_mixin.py:188} INFO - [2025-08-26T18:24:24.690+0100] {example_local_kubernetes_executor.py:41} WARNING - Install Kubernetes dependencies with: pip install apache-airflow[cncf.kubernetes]
[2025-08-26T18:24:24.690+0100] {processor.py:842} WARNING - No viable dags retrieved from /Users/vlad.alex995/Desktop/de-sprint/.venv-airflow/lib/python3.11/site-packages/airflow/example_dags/example_local_kubernetes_executor.py
[2025-08-26T18:24:24.713+0100] {processor.py:183} INFO - Processing /Users/vlad.alex995/Desktop/de-sprint/.venv-airflow/lib/python3.11/site-packages/airflow/example_dags/example_local_kubernetes_executor.py took 0.038 seconds
[2025-08-26T18:26:00.826+0100] {processor.py:161} INFO - Started process (PID=39213) to work on /Users/vlad.alex995/Desktop/de-sprint/.venv-airflow/lib/python3.11/site-packages/airflow/example_dags/example_local_kubernetes_executor.py
[2025-08-26T18:26:00.827+0100] {processor.py:830} INFO - Processing file /Users/vlad.alex995/Desktop/de-sprint/.venv-airflow/lib/python3.11/site-packages/airflow/example_dags/example_local_kubernetes_executor.py for tasks to queue
[2025-08-26T18:26:00.827+0100] {logging_mixin.py:188} INFO - [2025-08-26T18:26:00.827+0100] {dagbag.py:545} INFO - Filling up the DagBag from /Users/vlad.alex995/Desktop/de-sprint/.venv-airflow/lib/python3.11/site-packages/airflow/example_dags/example_local_kubernetes_executor.py
[2025-08-26T18:26:00.840+0100] {logging_mixin.py:188} INFO - [2025-08-26T18:26:00.840+0100] {example_local_kubernetes_executor.py:40} WARNING - Could not import DAGs in example_local_kubernetes_executor.py
Traceback (most recent call last):
  File "/Users/vlad.alex995/Desktop/de-sprint/.venv-airflow/lib/python3.11/site-packages/airflow/example_dags/example_local_kubernetes_executor.py", line 38, in <module>
    from kubernetes.client import models as k8s
ModuleNotFoundError: No module named 'kubernetes'
[2025-08-26T18:26:00.840+0100] {logging_mixin.py:188} INFO - [2025-08-26T18:26:00.840+0100] {example_local_kubernetes_executor.py:41} WARNING - Install Kubernetes dependencies with: pip install apache-airflow[cncf.kubernetes]
[2025-08-26T18:26:00.840+0100] {processor.py:842} WARNING - No viable dags retrieved from /Users/vlad.alex995/Desktop/de-sprint/.venv-airflow/lib/python3.11/site-packages/airflow/example_dags/example_local_kubernetes_executor.py
[2025-08-26T18:26:00.864+0100] {processor.py:183} INFO - Processing /Users/vlad.alex995/Desktop/de-sprint/.venv-airflow/lib/python3.11/site-packages/airflow/example_dags/example_local_kubernetes_executor.py took 0.039 seconds
[2025-08-26T18:27:48.373+0100] {processor.py:161} INFO - Started process (PID=39688) to work on /Users/vlad.alex995/Desktop/de-sprint/.venv-airflow/lib/python3.11/site-packages/airflow/example_dags/example_local_kubernetes_executor.py
[2025-08-26T18:27:48.375+0100] {processor.py:830} INFO - Processing file /Users/vlad.alex995/Desktop/de-sprint/.venv-airflow/lib/python3.11/site-packages/airflow/example_dags/example_local_kubernetes_executor.py for tasks to queue
[2025-08-26T18:27:48.375+0100] {logging_mixin.py:188} INFO - [2025-08-26T18:27:48.375+0100] {dagbag.py:545} INFO - Filling up the DagBag from /Users/vlad.alex995/Desktop/de-sprint/.venv-airflow/lib/python3.11/site-packages/airflow/example_dags/example_local_kubernetes_executor.py
[2025-08-26T18:27:48.387+0100] {logging_mixin.py:188} INFO - [2025-08-26T18:27:48.386+0100] {example_local_kubernetes_executor.py:40} WARNING - Could not import DAGs in example_local_kubernetes_executor.py
Traceback (most recent call last):
  File "/Users/vlad.alex995/Desktop/de-sprint/.venv-airflow/lib/python3.11/site-packages/airflow/example_dags/example_local_kubernetes_executor.py", line 38, in <module>
    from kubernetes.client import models as k8s
ModuleNotFoundError: No module named 'kubernetes'
[2025-08-26T18:27:48.387+0100] {logging_mixin.py:188} INFO - [2025-08-26T18:27:48.387+0100] {example_local_kubernetes_executor.py:41} WARNING - Install Kubernetes dependencies with: pip install apache-airflow[cncf.kubernetes]
[2025-08-26T18:27:48.387+0100] {processor.py:842} WARNING - No viable dags retrieved from /Users/vlad.alex995/Desktop/de-sprint/.venv-airflow/lib/python3.11/site-packages/airflow/example_dags/example_local_kubernetes_executor.py
[2025-08-26T18:27:48.409+0100] {processor.py:183} INFO - Processing /Users/vlad.alex995/Desktop/de-sprint/.venv-airflow/lib/python3.11/site-packages/airflow/example_dags/example_local_kubernetes_executor.py took 0.037 seconds
