[2025-08-26T17:25:34.376+0100] {processor.py:161} INFO - Started process (PID=35330) to work on /Users/vlad.alex995/Desktop/de-sprint/.venv-airflow/lib/python3.11/site-packages/airflow/example_dags/example_sensors.py
[2025-08-26T17:25:34.377+0100] {processor.py:830} INFO - Processing file /Users/vlad.alex995/Desktop/de-sprint/.venv-airflow/lib/python3.11/site-packages/airflow/example_dags/example_sensors.py for tasks to queue
[2025-08-26T17:25:34.377+0100] {logging_mixin.py:188} INFO - [2025-08-26T17:25:34.377+0100] {dagbag.py:545} INFO - Filling up the DagBag from /Users/vlad.alex995/Desktop/de-sprint/.venv-airflow/lib/python3.11/site-packages/airflow/example_dags/example_sensors.py
[2025-08-26T17:25:34.381+0100] {processor.py:840} INFO - DAG(s) 'example_sensors' retrieved from /Users/vlad.alex995/Desktop/de-sprint/.venv-airflow/lib/python3.11/site-packages/airflow/example_dags/example_sensors.py
[2025-08-26T17:25:34.440+0100] {logging_mixin.py:188} INFO - [2025-08-26T17:25:34.440+0100] {override.py:1858} INFO - Created Permission View: can delete on DAG:example_sensors
[2025-08-26T17:25:34.443+0100] {logging_mixin.py:188} INFO - [2025-08-26T17:25:34.443+0100] {override.py:1858} INFO - Created Permission View: can edit on DAG:example_sensors
[2025-08-26T17:25:34.444+0100] {logging_mixin.py:188} INFO - [2025-08-26T17:25:34.444+0100] {override.py:1858} INFO - Created Permission View: can read on DAG:example_sensors
[2025-08-26T17:25:34.445+0100] {logging_mixin.py:188} INFO - [2025-08-26T17:25:34.445+0100] {dag.py:3089} INFO - Sync 1 DAGs
[2025-08-26T17:25:34.447+0100] {logging_mixin.py:188} INFO - [2025-08-26T17:25:34.447+0100] {dag.py:3111} INFO - Creating ORM DAG for example_sensors
[2025-08-26T17:25:34.448+0100] {logging_mixin.py:188} INFO - [2025-08-26T17:25:34.448+0100] {dag.py:3947} INFO - Setting next_dagrun for example_sensors to None, run_after=None
[2025-08-26T17:25:34.454+0100] {processor.py:183} INFO - Processing /Users/vlad.alex995/Desktop/de-sprint/.venv-airflow/lib/python3.11/site-packages/airflow/example_dags/example_sensors.py took 0.079 seconds
[2025-08-26T17:26:52.589+0100] {processor.py:161} INFO - Started process (PID=35390) to work on /Users/vlad.alex995/Desktop/de-sprint/.venv-airflow/lib/python3.11/site-packages/airflow/example_dags/example_sensors.py
[2025-08-26T17:26:52.590+0100] {processor.py:830} INFO - Processing file /Users/vlad.alex995/Desktop/de-sprint/.venv-airflow/lib/python3.11/site-packages/airflow/example_dags/example_sensors.py for tasks to queue
[2025-08-26T17:26:52.590+0100] {logging_mixin.py:188} INFO - [2025-08-26T17:26:52.590+0100] {dagbag.py:545} INFO - Filling up the DagBag from /Users/vlad.alex995/Desktop/de-sprint/.venv-airflow/lib/python3.11/site-packages/airflow/example_dags/example_sensors.py
[2025-08-26T17:26:52.595+0100] {processor.py:840} INFO - DAG(s) 'example_sensors' retrieved from /Users/vlad.alex995/Desktop/de-sprint/.venv-airflow/lib/python3.11/site-packages/airflow/example_dags/example_sensors.py
[2025-08-26T17:26:52.628+0100] {logging_mixin.py:188} INFO - [2025-08-26T17:26:52.628+0100] {dag.py:3089} INFO - Sync 1 DAGs
[2025-08-26T17:26:52.632+0100] {logging_mixin.py:188} INFO - [2025-08-26T17:26:52.632+0100] {dag.py:3947} INFO - Setting next_dagrun for example_sensors to None, run_after=None
[2025-08-26T17:26:52.638+0100] {processor.py:183} INFO - Processing /Users/vlad.alex995/Desktop/de-sprint/.venv-airflow/lib/python3.11/site-packages/airflow/example_dags/example_sensors.py took 0.049 seconds
[2025-08-26T17:28:25.134+0100] {processor.py:161} INFO - Started process (PID=35463) to work on /Users/vlad.alex995/Desktop/de-sprint/.venv-airflow/lib/python3.11/site-packages/airflow/example_dags/example_sensors.py
[2025-08-26T17:28:25.134+0100] {processor.py:830} INFO - Processing file /Users/vlad.alex995/Desktop/de-sprint/.venv-airflow/lib/python3.11/site-packages/airflow/example_dags/example_sensors.py for tasks to queue
[2025-08-26T17:28:25.134+0100] {logging_mixin.py:188} INFO - [2025-08-26T17:28:25.134+0100] {dagbag.py:545} INFO - Filling up the DagBag from /Users/vlad.alex995/Desktop/de-sprint/.venv-airflow/lib/python3.11/site-packages/airflow/example_dags/example_sensors.py
[2025-08-26T17:28:25.140+0100] {processor.py:840} INFO - DAG(s) 'example_sensors' retrieved from /Users/vlad.alex995/Desktop/de-sprint/.venv-airflow/lib/python3.11/site-packages/airflow/example_dags/example_sensors.py
[2025-08-26T17:28:25.175+0100] {logging_mixin.py:188} INFO - [2025-08-26T17:28:25.175+0100] {dag.py:3089} INFO - Sync 1 DAGs
[2025-08-26T17:28:25.178+0100] {logging_mixin.py:188} INFO - [2025-08-26T17:28:25.178+0100] {dag.py:3947} INFO - Setting next_dagrun for example_sensors to None, run_after=None
[2025-08-26T17:28:25.184+0100] {processor.py:183} INFO - Processing /Users/vlad.alex995/Desktop/de-sprint/.venv-airflow/lib/python3.11/site-packages/airflow/example_dags/example_sensors.py took 0.052 seconds
[2025-08-26T17:29:58.752+0100] {processor.py:161} INFO - Started process (PID=35533) to work on /Users/vlad.alex995/Desktop/de-sprint/.venv-airflow/lib/python3.11/site-packages/airflow/example_dags/example_sensors.py
[2025-08-26T17:29:58.753+0100] {processor.py:830} INFO - Processing file /Users/vlad.alex995/Desktop/de-sprint/.venv-airflow/lib/python3.11/site-packages/airflow/example_dags/example_sensors.py for tasks to queue
[2025-08-26T17:29:58.753+0100] {logging_mixin.py:188} INFO - [2025-08-26T17:29:58.753+0100] {dagbag.py:545} INFO - Filling up the DagBag from /Users/vlad.alex995/Desktop/de-sprint/.venv-airflow/lib/python3.11/site-packages/airflow/example_dags/example_sensors.py
[2025-08-26T17:29:58.759+0100] {processor.py:840} INFO - DAG(s) 'example_sensors' retrieved from /Users/vlad.alex995/Desktop/de-sprint/.venv-airflow/lib/python3.11/site-packages/airflow/example_dags/example_sensors.py
[2025-08-26T17:29:58.792+0100] {logging_mixin.py:188} INFO - [2025-08-26T17:29:58.792+0100] {dag.py:3089} INFO - Sync 1 DAGs
[2025-08-26T17:29:58.796+0100] {logging_mixin.py:188} INFO - [2025-08-26T17:29:58.796+0100] {dag.py:3947} INFO - Setting next_dagrun for example_sensors to None, run_after=None
[2025-08-26T17:29:58.804+0100] {processor.py:183} INFO - Processing /Users/vlad.alex995/Desktop/de-sprint/.venv-airflow/lib/python3.11/site-packages/airflow/example_dags/example_sensors.py took 0.052 seconds
[2025-08-26T17:31:28.648+0100] {processor.py:161} INFO - Started process (PID=35603) to work on /Users/vlad.alex995/Desktop/de-sprint/.venv-airflow/lib/python3.11/site-packages/airflow/example_dags/example_sensors.py
[2025-08-26T17:31:28.649+0100] {processor.py:830} INFO - Processing file /Users/vlad.alex995/Desktop/de-sprint/.venv-airflow/lib/python3.11/site-packages/airflow/example_dags/example_sensors.py for tasks to queue
[2025-08-26T17:31:28.649+0100] {logging_mixin.py:188} INFO - [2025-08-26T17:31:28.649+0100] {dagbag.py:545} INFO - Filling up the DagBag from /Users/vlad.alex995/Desktop/de-sprint/.venv-airflow/lib/python3.11/site-packages/airflow/example_dags/example_sensors.py
[2025-08-26T17:31:28.654+0100] {processor.py:840} INFO - DAG(s) 'example_sensors' retrieved from /Users/vlad.alex995/Desktop/de-sprint/.venv-airflow/lib/python3.11/site-packages/airflow/example_dags/example_sensors.py
[2025-08-26T17:31:28.688+0100] {logging_mixin.py:188} INFO - [2025-08-26T17:31:28.687+0100] {dag.py:3089} INFO - Sync 1 DAGs
[2025-08-26T17:31:28.691+0100] {logging_mixin.py:188} INFO - [2025-08-26T17:31:28.691+0100] {dag.py:3947} INFO - Setting next_dagrun for example_sensors to None, run_after=None
[2025-08-26T17:31:28.696+0100] {processor.py:183} INFO - Processing /Users/vlad.alex995/Desktop/de-sprint/.venv-airflow/lib/python3.11/site-packages/airflow/example_dags/example_sensors.py took 0.050 seconds
[2025-08-26T17:32:58.663+0100] {processor.py:161} INFO - Started process (PID=35994) to work on /Users/vlad.alex995/Desktop/de-sprint/.venv-airflow/lib/python3.11/site-packages/airflow/example_dags/example_sensors.py
[2025-08-26T17:32:58.664+0100] {processor.py:830} INFO - Processing file /Users/vlad.alex995/Desktop/de-sprint/.venv-airflow/lib/python3.11/site-packages/airflow/example_dags/example_sensors.py for tasks to queue
[2025-08-26T17:32:58.664+0100] {logging_mixin.py:188} INFO - [2025-08-26T17:32:58.664+0100] {dagbag.py:545} INFO - Filling up the DagBag from /Users/vlad.alex995/Desktop/de-sprint/.venv-airflow/lib/python3.11/site-packages/airflow/example_dags/example_sensors.py
[2025-08-26T17:32:58.670+0100] {processor.py:840} INFO - DAG(s) 'example_sensors' retrieved from /Users/vlad.alex995/Desktop/de-sprint/.venv-airflow/lib/python3.11/site-packages/airflow/example_dags/example_sensors.py
[2025-08-26T17:32:58.706+0100] {logging_mixin.py:188} INFO - [2025-08-26T17:32:58.706+0100] {dag.py:3089} INFO - Sync 1 DAGs
[2025-08-26T17:32:58.710+0100] {logging_mixin.py:188} INFO - [2025-08-26T17:32:58.710+0100] {dag.py:3947} INFO - Setting next_dagrun for example_sensors to None, run_after=None
[2025-08-26T17:32:58.717+0100] {processor.py:183} INFO - Processing /Users/vlad.alex995/Desktop/de-sprint/.venv-airflow/lib/python3.11/site-packages/airflow/example_dags/example_sensors.py took 0.055 seconds
[2025-08-26T18:11:16.689+0100] {processor.py:161} INFO - Started process (PID=37420) to work on /Users/vlad.alex995/Desktop/de-sprint/.venv-airflow/lib/python3.11/site-packages/airflow/example_dags/example_sensors.py
[2025-08-26T18:11:16.689+0100] {processor.py:830} INFO - Processing file /Users/vlad.alex995/Desktop/de-sprint/.venv-airflow/lib/python3.11/site-packages/airflow/example_dags/example_sensors.py for tasks to queue
[2025-08-26T18:11:16.690+0100] {logging_mixin.py:188} INFO - [2025-08-26T18:11:16.689+0100] {dagbag.py:545} INFO - Filling up the DagBag from /Users/vlad.alex995/Desktop/de-sprint/.venv-airflow/lib/python3.11/site-packages/airflow/example_dags/example_sensors.py
[2025-08-26T18:11:16.695+0100] {processor.py:840} INFO - DAG(s) 'example_sensors' retrieved from /Users/vlad.alex995/Desktop/de-sprint/.venv-airflow/lib/python3.11/site-packages/airflow/example_dags/example_sensors.py
[2025-08-26T18:11:16.732+0100] {logging_mixin.py:188} INFO - [2025-08-26T18:11:16.732+0100] {dag.py:3089} INFO - Sync 1 DAGs
[2025-08-26T18:11:16.735+0100] {logging_mixin.py:188} INFO - [2025-08-26T18:11:16.735+0100] {dag.py:3947} INFO - Setting next_dagrun for example_sensors to None, run_after=None
[2025-08-26T18:11:16.742+0100] {processor.py:183} INFO - Processing /Users/vlad.alex995/Desktop/de-sprint/.venv-airflow/lib/python3.11/site-packages/airflow/example_dags/example_sensors.py took 0.054 seconds
[2025-08-26T18:12:34.965+0100] {processor.py:161} INFO - Started process (PID=37477) to work on /Users/vlad.alex995/Desktop/de-sprint/.venv-airflow/lib/python3.11/site-packages/airflow/example_dags/example_sensors.py
[2025-08-26T18:12:34.966+0100] {processor.py:830} INFO - Processing file /Users/vlad.alex995/Desktop/de-sprint/.venv-airflow/lib/python3.11/site-packages/airflow/example_dags/example_sensors.py for tasks to queue
[2025-08-26T18:12:34.967+0100] {logging_mixin.py:188} INFO - [2025-08-26T18:12:34.967+0100] {dagbag.py:545} INFO - Filling up the DagBag from /Users/vlad.alex995/Desktop/de-sprint/.venv-airflow/lib/python3.11/site-packages/airflow/example_dags/example_sensors.py
[2025-08-26T18:12:34.972+0100] {processor.py:840} INFO - DAG(s) 'example_sensors' retrieved from /Users/vlad.alex995/Desktop/de-sprint/.venv-airflow/lib/python3.11/site-packages/airflow/example_dags/example_sensors.py
[2025-08-26T18:12:35.005+0100] {logging_mixin.py:188} INFO - [2025-08-26T18:12:35.005+0100] {dag.py:3089} INFO - Sync 1 DAGs
[2025-08-26T18:12:35.008+0100] {logging_mixin.py:188} INFO - [2025-08-26T18:12:35.008+0100] {dag.py:3947} INFO - Setting next_dagrun for example_sensors to None, run_after=None
[2025-08-26T18:12:35.014+0100] {processor.py:183} INFO - Processing /Users/vlad.alex995/Desktop/de-sprint/.venv-airflow/lib/python3.11/site-packages/airflow/example_dags/example_sensors.py took 0.049 seconds
[2025-08-26T18:14:00.852+0100] {processor.py:161} INFO - Started process (PID=37552) to work on /Users/vlad.alex995/Desktop/de-sprint/.venv-airflow/lib/python3.11/site-packages/airflow/example_dags/example_sensors.py
[2025-08-26T18:14:00.853+0100] {processor.py:830} INFO - Processing file /Users/vlad.alex995/Desktop/de-sprint/.venv-airflow/lib/python3.11/site-packages/airflow/example_dags/example_sensors.py for tasks to queue
[2025-08-26T18:14:00.853+0100] {logging_mixin.py:188} INFO - [2025-08-26T18:14:00.853+0100] {dagbag.py:545} INFO - Filling up the DagBag from /Users/vlad.alex995/Desktop/de-sprint/.venv-airflow/lib/python3.11/site-packages/airflow/example_dags/example_sensors.py
[2025-08-26T18:14:00.858+0100] {processor.py:840} INFO - DAG(s) 'example_sensors' retrieved from /Users/vlad.alex995/Desktop/de-sprint/.venv-airflow/lib/python3.11/site-packages/airflow/example_dags/example_sensors.py
[2025-08-26T18:14:00.896+0100] {logging_mixin.py:188} INFO - [2025-08-26T18:14:00.896+0100] {dag.py:3089} INFO - Sync 1 DAGs
[2025-08-26T18:14:00.899+0100] {logging_mixin.py:188} INFO - [2025-08-26T18:14:00.899+0100] {dag.py:3947} INFO - Setting next_dagrun for example_sensors to None, run_after=None
[2025-08-26T18:14:00.907+0100] {processor.py:183} INFO - Processing /Users/vlad.alex995/Desktop/de-sprint/.venv-airflow/lib/python3.11/site-packages/airflow/example_dags/example_sensors.py took 0.056 seconds
[2025-08-26T18:15:33.337+0100] {processor.py:161} INFO - Started process (PID=38012) to work on /Users/vlad.alex995/Desktop/de-sprint/.venv-airflow/lib/python3.11/site-packages/airflow/example_dags/example_sensors.py
[2025-08-26T18:15:33.338+0100] {processor.py:830} INFO - Processing file /Users/vlad.alex995/Desktop/de-sprint/.venv-airflow/lib/python3.11/site-packages/airflow/example_dags/example_sensors.py for tasks to queue
[2025-08-26T18:15:33.339+0100] {logging_mixin.py:188} INFO - [2025-08-26T18:15:33.338+0100] {dagbag.py:545} INFO - Filling up the DagBag from /Users/vlad.alex995/Desktop/de-sprint/.venv-airflow/lib/python3.11/site-packages/airflow/example_dags/example_sensors.py
[2025-08-26T18:15:33.344+0100] {processor.py:840} INFO - DAG(s) 'example_sensors' retrieved from /Users/vlad.alex995/Desktop/de-sprint/.venv-airflow/lib/python3.11/site-packages/airflow/example_dags/example_sensors.py
[2025-08-26T18:15:33.379+0100] {logging_mixin.py:188} INFO - [2025-08-26T18:15:33.379+0100] {dag.py:3089} INFO - Sync 1 DAGs
[2025-08-26T18:15:33.382+0100] {logging_mixin.py:188} INFO - [2025-08-26T18:15:33.382+0100] {dag.py:3947} INFO - Setting next_dagrun for example_sensors to None, run_after=None
[2025-08-26T18:15:33.388+0100] {processor.py:183} INFO - Processing /Users/vlad.alex995/Desktop/de-sprint/.venv-airflow/lib/python3.11/site-packages/airflow/example_dags/example_sensors.py took 0.052 seconds
[2025-08-26T18:17:03.654+0100] {processor.py:161} INFO - Started process (PID=38088) to work on /Users/vlad.alex995/Desktop/de-sprint/.venv-airflow/lib/python3.11/site-packages/airflow/example_dags/example_sensors.py
[2025-08-26T18:17:03.655+0100] {processor.py:830} INFO - Processing file /Users/vlad.alex995/Desktop/de-sprint/.venv-airflow/lib/python3.11/site-packages/airflow/example_dags/example_sensors.py for tasks to queue
[2025-08-26T18:17:03.655+0100] {logging_mixin.py:188} INFO - [2025-08-26T18:17:03.655+0100] {dagbag.py:545} INFO - Filling up the DagBag from /Users/vlad.alex995/Desktop/de-sprint/.venv-airflow/lib/python3.11/site-packages/airflow/example_dags/example_sensors.py
[2025-08-26T18:17:03.659+0100] {processor.py:840} INFO - DAG(s) 'example_sensors' retrieved from /Users/vlad.alex995/Desktop/de-sprint/.venv-airflow/lib/python3.11/site-packages/airflow/example_dags/example_sensors.py
[2025-08-26T18:17:03.693+0100] {logging_mixin.py:188} INFO - [2025-08-26T18:17:03.693+0100] {dag.py:3089} INFO - Sync 1 DAGs
[2025-08-26T18:17:03.696+0100] {logging_mixin.py:188} INFO - [2025-08-26T18:17:03.696+0100] {dag.py:3947} INFO - Setting next_dagrun for example_sensors to None, run_after=None
[2025-08-26T18:17:03.702+0100] {processor.py:183} INFO - Processing /Users/vlad.alex995/Desktop/de-sprint/.venv-airflow/lib/python3.11/site-packages/airflow/example_dags/example_sensors.py took 0.048 seconds
[2025-08-26T18:18:44.787+0100] {processor.py:161} INFO - Started process (PID=38493) to work on /Users/vlad.alex995/Desktop/de-sprint/.venv-airflow/lib/python3.11/site-packages/airflow/example_dags/example_sensors.py
[2025-08-26T18:18:44.788+0100] {processor.py:830} INFO - Processing file /Users/vlad.alex995/Desktop/de-sprint/.venv-airflow/lib/python3.11/site-packages/airflow/example_dags/example_sensors.py for tasks to queue
[2025-08-26T18:18:44.788+0100] {logging_mixin.py:188} INFO - [2025-08-26T18:18:44.788+0100] {dagbag.py:545} INFO - Filling up the DagBag from /Users/vlad.alex995/Desktop/de-sprint/.venv-airflow/lib/python3.11/site-packages/airflow/example_dags/example_sensors.py
[2025-08-26T18:18:44.793+0100] {processor.py:840} INFO - DAG(s) 'example_sensors' retrieved from /Users/vlad.alex995/Desktop/de-sprint/.venv-airflow/lib/python3.11/site-packages/airflow/example_dags/example_sensors.py
[2025-08-26T18:18:44.827+0100] {logging_mixin.py:188} INFO - [2025-08-26T18:18:44.826+0100] {dag.py:3089} INFO - Sync 1 DAGs
[2025-08-26T18:18:44.830+0100] {logging_mixin.py:188} INFO - [2025-08-26T18:18:44.830+0100] {dag.py:3947} INFO - Setting next_dagrun for example_sensors to None, run_after=None
[2025-08-26T18:18:44.836+0100] {processor.py:183} INFO - Processing /Users/vlad.alex995/Desktop/de-sprint/.venv-airflow/lib/python3.11/site-packages/airflow/example_dags/example_sensors.py took 0.050 seconds
[2025-08-26T18:19:45.199+0100] {processor.py:161} INFO - Started process (PID=38880) to work on /Users/vlad.alex995/Desktop/de-sprint/.venv-airflow/lib/python3.11/site-packages/airflow/example_dags/example_sensors.py
[2025-08-26T18:19:45.199+0100] {processor.py:830} INFO - Processing file /Users/vlad.alex995/Desktop/de-sprint/.venv-airflow/lib/python3.11/site-packages/airflow/example_dags/example_sensors.py for tasks to queue
[2025-08-26T18:19:45.200+0100] {logging_mixin.py:188} INFO - [2025-08-26T18:19:45.200+0100] {dagbag.py:545} INFO - Filling up the DagBag from /Users/vlad.alex995/Desktop/de-sprint/.venv-airflow/lib/python3.11/site-packages/airflow/example_dags/example_sensors.py
[2025-08-26T18:19:45.208+0100] {processor.py:840} INFO - DAG(s) 'example_sensors' retrieved from /Users/vlad.alex995/Desktop/de-sprint/.venv-airflow/lib/python3.11/site-packages/airflow/example_dags/example_sensors.py
[2025-08-26T18:19:45.251+0100] {logging_mixin.py:188} INFO - [2025-08-26T18:19:45.251+0100] {dag.py:3089} INFO - Sync 1 DAGs
[2025-08-26T18:19:45.255+0100] {logging_mixin.py:188} INFO - [2025-08-26T18:19:45.255+0100] {dag.py:3947} INFO - Setting next_dagrun for example_sensors to None, run_after=None
[2025-08-26T18:19:45.262+0100] {processor.py:183} INFO - Processing /Users/vlad.alex995/Desktop/de-sprint/.venv-airflow/lib/python3.11/site-packages/airflow/example_dags/example_sensors.py took 0.065 seconds
[2025-08-26T18:21:00.882+0100] {processor.py:161} INFO - Started process (PID=38956) to work on /Users/vlad.alex995/Desktop/de-sprint/.venv-airflow/lib/python3.11/site-packages/airflow/example_dags/example_sensors.py
[2025-08-26T18:21:00.883+0100] {processor.py:830} INFO - Processing file /Users/vlad.alex995/Desktop/de-sprint/.venv-airflow/lib/python3.11/site-packages/airflow/example_dags/example_sensors.py for tasks to queue
[2025-08-26T18:21:00.883+0100] {logging_mixin.py:188} INFO - [2025-08-26T18:21:00.883+0100] {dagbag.py:545} INFO - Filling up the DagBag from /Users/vlad.alex995/Desktop/de-sprint/.venv-airflow/lib/python3.11/site-packages/airflow/example_dags/example_sensors.py
[2025-08-26T18:21:00.889+0100] {processor.py:840} INFO - DAG(s) 'example_sensors' retrieved from /Users/vlad.alex995/Desktop/de-sprint/.venv-airflow/lib/python3.11/site-packages/airflow/example_dags/example_sensors.py
[2025-08-26T18:21:00.924+0100] {logging_mixin.py:188} INFO - [2025-08-26T18:21:00.924+0100] {dag.py:3089} INFO - Sync 1 DAGs
[2025-08-26T18:21:00.928+0100] {logging_mixin.py:188} INFO - [2025-08-26T18:21:00.928+0100] {dag.py:3947} INFO - Setting next_dagrun for example_sensors to None, run_after=None
[2025-08-26T18:21:00.934+0100] {processor.py:183} INFO - Processing /Users/vlad.alex995/Desktop/de-sprint/.venv-airflow/lib/python3.11/site-packages/airflow/example_dags/example_sensors.py took 0.053 seconds
[2025-08-26T18:22:33.262+0100] {processor.py:161} INFO - Started process (PID=39029) to work on /Users/vlad.alex995/Desktop/de-sprint/.venv-airflow/lib/python3.11/site-packages/airflow/example_dags/example_sensors.py
[2025-08-26T18:22:33.262+0100] {processor.py:830} INFO - Processing file /Users/vlad.alex995/Desktop/de-sprint/.venv-airflow/lib/python3.11/site-packages/airflow/example_dags/example_sensors.py for tasks to queue
[2025-08-26T18:22:33.263+0100] {logging_mixin.py:188} INFO - [2025-08-26T18:22:33.263+0100] {dagbag.py:545} INFO - Filling up the DagBag from /Users/vlad.alex995/Desktop/de-sprint/.venv-airflow/lib/python3.11/site-packages/airflow/example_dags/example_sensors.py
[2025-08-26T18:22:33.267+0100] {processor.py:840} INFO - DAG(s) 'example_sensors' retrieved from /Users/vlad.alex995/Desktop/de-sprint/.venv-airflow/lib/python3.11/site-packages/airflow/example_dags/example_sensors.py
[2025-08-26T18:22:33.300+0100] {logging_mixin.py:188} INFO - [2025-08-26T18:22:33.300+0100] {dag.py:3089} INFO - Sync 1 DAGs
[2025-08-26T18:22:33.303+0100] {logging_mixin.py:188} INFO - [2025-08-26T18:22:33.303+0100] {dag.py:3947} INFO - Setting next_dagrun for example_sensors to None, run_after=None
[2025-08-26T18:22:33.309+0100] {processor.py:183} INFO - Processing /Users/vlad.alex995/Desktop/de-sprint/.venv-airflow/lib/python3.11/site-packages/airflow/example_dags/example_sensors.py took 0.048 seconds
[2025-08-26T18:23:58.778+0100] {processor.py:161} INFO - Started process (PID=39095) to work on /Users/vlad.alex995/Desktop/de-sprint/.venv-airflow/lib/python3.11/site-packages/airflow/example_dags/example_sensors.py
[2025-08-26T18:23:58.779+0100] {processor.py:830} INFO - Processing file /Users/vlad.alex995/Desktop/de-sprint/.venv-airflow/lib/python3.11/site-packages/airflow/example_dags/example_sensors.py for tasks to queue
[2025-08-26T18:23:58.779+0100] {logging_mixin.py:188} INFO - [2025-08-26T18:23:58.779+0100] {dagbag.py:545} INFO - Filling up the DagBag from /Users/vlad.alex995/Desktop/de-sprint/.venv-airflow/lib/python3.11/site-packages/airflow/example_dags/example_sensors.py
[2025-08-26T18:23:58.784+0100] {processor.py:840} INFO - DAG(s) 'example_sensors' retrieved from /Users/vlad.alex995/Desktop/de-sprint/.venv-airflow/lib/python3.11/site-packages/airflow/example_dags/example_sensors.py
[2025-08-26T18:23:58.817+0100] {logging_mixin.py:188} INFO - [2025-08-26T18:23:58.817+0100] {dag.py:3089} INFO - Sync 1 DAGs
[2025-08-26T18:23:58.820+0100] {logging_mixin.py:188} INFO - [2025-08-26T18:23:58.820+0100] {dag.py:3947} INFO - Setting next_dagrun for example_sensors to None, run_after=None
[2025-08-26T18:23:58.826+0100] {processor.py:183} INFO - Processing /Users/vlad.alex995/Desktop/de-sprint/.venv-airflow/lib/python3.11/site-packages/airflow/example_dags/example_sensors.py took 0.049 seconds
[2025-08-26T18:25:30.761+0100] {processor.py:161} INFO - Started process (PID=39181) to work on /Users/vlad.alex995/Desktop/de-sprint/.venv-airflow/lib/python3.11/site-packages/airflow/example_dags/example_sensors.py
[2025-08-26T18:25:30.762+0100] {processor.py:830} INFO - Processing file /Users/vlad.alex995/Desktop/de-sprint/.venv-airflow/lib/python3.11/site-packages/airflow/example_dags/example_sensors.py for tasks to queue
[2025-08-26T18:25:30.763+0100] {logging_mixin.py:188} INFO - [2025-08-26T18:25:30.763+0100] {dagbag.py:545} INFO - Filling up the DagBag from /Users/vlad.alex995/Desktop/de-sprint/.venv-airflow/lib/python3.11/site-packages/airflow/example_dags/example_sensors.py
[2025-08-26T18:25:30.768+0100] {processor.py:840} INFO - DAG(s) 'example_sensors' retrieved from /Users/vlad.alex995/Desktop/de-sprint/.venv-airflow/lib/python3.11/site-packages/airflow/example_dags/example_sensors.py
[2025-08-26T18:25:30.802+0100] {logging_mixin.py:188} INFO - [2025-08-26T18:25:30.801+0100] {dag.py:3089} INFO - Sync 1 DAGs
[2025-08-26T18:25:30.805+0100] {logging_mixin.py:188} INFO - [2025-08-26T18:25:30.805+0100] {dag.py:3947} INFO - Setting next_dagrun for example_sensors to None, run_after=None
[2025-08-26T18:25:30.811+0100] {processor.py:183} INFO - Processing /Users/vlad.alex995/Desktop/de-sprint/.venv-airflow/lib/python3.11/site-packages/airflow/example_dags/example_sensors.py took 0.050 seconds
[2025-08-26T18:27:35.983+0100] {processor.py:161} INFO - Started process (PID=39680) to work on /Users/vlad.alex995/Desktop/de-sprint/.venv-airflow/lib/python3.11/site-packages/airflow/example_dags/example_sensors.py
[2025-08-26T18:27:35.984+0100] {processor.py:830} INFO - Processing file /Users/vlad.alex995/Desktop/de-sprint/.venv-airflow/lib/python3.11/site-packages/airflow/example_dags/example_sensors.py for tasks to queue
[2025-08-26T18:27:35.984+0100] {logging_mixin.py:188} INFO - [2025-08-26T18:27:35.984+0100] {dagbag.py:545} INFO - Filling up the DagBag from /Users/vlad.alex995/Desktop/de-sprint/.venv-airflow/lib/python3.11/site-packages/airflow/example_dags/example_sensors.py
[2025-08-26T18:27:35.989+0100] {processor.py:840} INFO - DAG(s) 'example_sensors' retrieved from /Users/vlad.alex995/Desktop/de-sprint/.venv-airflow/lib/python3.11/site-packages/airflow/example_dags/example_sensors.py
[2025-08-26T18:27:36.022+0100] {logging_mixin.py:188} INFO - [2025-08-26T18:27:36.022+0100] {dag.py:3089} INFO - Sync 1 DAGs
[2025-08-26T18:27:36.025+0100] {logging_mixin.py:188} INFO - [2025-08-26T18:27:36.025+0100] {dag.py:3947} INFO - Setting next_dagrun for example_sensors to None, run_after=None
[2025-08-26T18:27:36.030+0100] {processor.py:183} INFO - Processing /Users/vlad.alex995/Desktop/de-sprint/.venv-airflow/lib/python3.11/site-packages/airflow/example_dags/example_sensors.py took 0.049 seconds
