[2025-08-26T17:25:06.065+0100] {processor.py:161} INFO - Started process (PID=35308) to work on /Users/vlad.alex995/Desktop/de-sprint/.venv-airflow/lib/python3.11/site-packages/airflow/example_dags/tutorial_objectstorage.py
[2025-08-26T17:25:06.066+0100] {processor.py:830} INFO - Processing file /Users/vlad.alex995/Desktop/de-sprint/.venv-airflow/lib/python3.11/site-packages/airflow/example_dags/tutorial_objectstorage.py for tasks to queue
[2025-08-26T17:25:06.066+0100] {logging_mixin.py:188} INFO - [2025-08-26T17:25:06.066+0100] {dagbag.py:545} INFO - Filling up the DagBag from /Users/vlad.alex995/Desktop/de-sprint/.venv-airflow/lib/python3.11/site-packages/airflow/example_dags/tutorial_objectstorage.py
[2025-08-26T17:25:06.090+0100] {processor.py:840} INFO - DAG(s) 'tutorial_objectstorage' retrieved from /Users/vlad.alex995/Desktop/de-sprint/.venv-airflow/lib/python3.11/site-packages/airflow/example_dags/tutorial_objectstorage.py
[2025-08-26T17:25:06.165+0100] {logging_mixin.py:188} INFO - [2025-08-26T17:25:06.165+0100] {override.py:1858} INFO - Created Permission View: can edit on DAG:tutorial_objectstorage
[2025-08-26T17:25:06.168+0100] {logging_mixin.py:188} INFO - [2025-08-26T17:25:06.168+0100] {override.py:1858} INFO - Created Permission View: can read on DAG:tutorial_objectstorage
[2025-08-26T17:25:06.169+0100] {logging_mixin.py:188} INFO - [2025-08-26T17:25:06.169+0100] {override.py:1858} INFO - Created Permission View: can delete on DAG:tutorial_objectstorage
[2025-08-26T17:25:06.170+0100] {logging_mixin.py:188} INFO - [2025-08-26T17:25:06.169+0100] {dag.py:3089} INFO - Sync 1 DAGs
[2025-08-26T17:25:06.173+0100] {logging_mixin.py:188} INFO - [2025-08-26T17:25:06.172+0100] {dag.py:3111} INFO - Creating ORM DAG for tutorial_objectstorage
[2025-08-26T17:25:06.173+0100] {logging_mixin.py:188} INFO - [2025-08-26T17:25:06.173+0100] {dag.py:3947} INFO - Setting next_dagrun for tutorial_objectstorage to None, run_after=None
[2025-08-26T17:25:06.179+0100] {processor.py:183} INFO - Processing /Users/vlad.alex995/Desktop/de-sprint/.venv-airflow/lib/python3.11/site-packages/airflow/example_dags/tutorial_objectstorage.py took 0.114 seconds
[2025-08-26T17:26:27.283+0100] {processor.py:161} INFO - Started process (PID=35372) to work on /Users/vlad.alex995/Desktop/de-sprint/.venv-airflow/lib/python3.11/site-packages/airflow/example_dags/tutorial_objectstorage.py
[2025-08-26T17:26:27.284+0100] {processor.py:830} INFO - Processing file /Users/vlad.alex995/Desktop/de-sprint/.venv-airflow/lib/python3.11/site-packages/airflow/example_dags/tutorial_objectstorage.py for tasks to queue
[2025-08-26T17:26:27.284+0100] {logging_mixin.py:188} INFO - [2025-08-26T17:26:27.284+0100] {dagbag.py:545} INFO - Filling up the DagBag from /Users/vlad.alex995/Desktop/de-sprint/.venv-airflow/lib/python3.11/site-packages/airflow/example_dags/tutorial_objectstorage.py
[2025-08-26T17:26:27.312+0100] {processor.py:840} INFO - DAG(s) 'tutorial_objectstorage' retrieved from /Users/vlad.alex995/Desktop/de-sprint/.venv-airflow/lib/python3.11/site-packages/airflow/example_dags/tutorial_objectstorage.py
[2025-08-26T17:26:27.340+0100] {logging_mixin.py:188} INFO - [2025-08-26T17:26:27.340+0100] {dag.py:3089} INFO - Sync 1 DAGs
[2025-08-26T17:26:27.343+0100] {logging_mixin.py:188} INFO - [2025-08-26T17:26:27.343+0100] {dag.py:3947} INFO - Setting next_dagrun for tutorial_objectstorage to None, run_after=None
[2025-08-26T17:26:27.350+0100] {processor.py:183} INFO - Processing /Users/vlad.alex995/Desktop/de-sprint/.venv-airflow/lib/python3.11/site-packages/airflow/example_dags/tutorial_objectstorage.py took 0.068 seconds
[2025-08-26T17:27:13.501+0100] {processor.py:161} INFO - Started process (PID=35405) to work on /Users/vlad.alex995/Desktop/de-sprint/.venv-airflow/lib/python3.11/site-packages/airflow/example_dags/tutorial_objectstorage.py
[2025-08-26T17:27:13.502+0100] {processor.py:830} INFO - Processing file /Users/vlad.alex995/Desktop/de-sprint/.venv-airflow/lib/python3.11/site-packages/airflow/example_dags/tutorial_objectstorage.py for tasks to queue
[2025-08-26T17:27:13.502+0100] {logging_mixin.py:188} INFO - [2025-08-26T17:27:13.502+0100] {dagbag.py:545} INFO - Filling up the DagBag from /Users/vlad.alex995/Desktop/de-sprint/.venv-airflow/lib/python3.11/site-packages/airflow/example_dags/tutorial_objectstorage.py
[2025-08-26T17:27:13.531+0100] {processor.py:840} INFO - DAG(s) 'tutorial_objectstorage' retrieved from /Users/vlad.alex995/Desktop/de-sprint/.venv-airflow/lib/python3.11/site-packages/airflow/example_dags/tutorial_objectstorage.py
[2025-08-26T17:27:13.560+0100] {logging_mixin.py:188} INFO - [2025-08-26T17:27:13.560+0100] {dag.py:3089} INFO - Sync 1 DAGs
[2025-08-26T17:27:13.563+0100] {logging_mixin.py:188} INFO - [2025-08-26T17:27:13.563+0100] {dag.py:3947} INFO - Setting next_dagrun for tutorial_objectstorage to None, run_after=None
[2025-08-26T17:27:13.570+0100] {processor.py:183} INFO - Processing /Users/vlad.alex995/Desktop/de-sprint/.venv-airflow/lib/python3.11/site-packages/airflow/example_dags/tutorial_objectstorage.py took 0.071 seconds
[2025-08-26T17:27:58.948+0100] {processor.py:161} INFO - Started process (PID=35444) to work on /Users/vlad.alex995/Desktop/de-sprint/.venv-airflow/lib/python3.11/site-packages/airflow/example_dags/tutorial_objectstorage.py
[2025-08-26T17:27:58.949+0100] {processor.py:830} INFO - Processing file /Users/vlad.alex995/Desktop/de-sprint/.venv-airflow/lib/python3.11/site-packages/airflow/example_dags/tutorial_objectstorage.py for tasks to queue
[2025-08-26T17:27:58.949+0100] {logging_mixin.py:188} INFO - [2025-08-26T17:27:58.949+0100] {dagbag.py:545} INFO - Filling up the DagBag from /Users/vlad.alex995/Desktop/de-sprint/.venv-airflow/lib/python3.11/site-packages/airflow/example_dags/tutorial_objectstorage.py
[2025-08-26T17:27:58.978+0100] {processor.py:840} INFO - DAG(s) 'tutorial_objectstorage' retrieved from /Users/vlad.alex995/Desktop/de-sprint/.venv-airflow/lib/python3.11/site-packages/airflow/example_dags/tutorial_objectstorage.py
[2025-08-26T17:27:59.008+0100] {logging_mixin.py:188} INFO - [2025-08-26T17:27:59.008+0100] {dag.py:3089} INFO - Sync 1 DAGs
[2025-08-26T17:27:59.011+0100] {logging_mixin.py:188} INFO - [2025-08-26T17:27:59.011+0100] {dag.py:3947} INFO - Setting next_dagrun for tutorial_objectstorage to None, run_after=None
[2025-08-26T17:27:59.018+0100] {processor.py:183} INFO - Processing /Users/vlad.alex995/Desktop/de-sprint/.venv-airflow/lib/python3.11/site-packages/airflow/example_dags/tutorial_objectstorage.py took 0.071 seconds
[2025-08-26T17:28:46.486+0100] {processor.py:161} INFO - Started process (PID=35478) to work on /Users/vlad.alex995/Desktop/de-sprint/.venv-airflow/lib/python3.11/site-packages/airflow/example_dags/tutorial_objectstorage.py
[2025-08-26T17:28:46.487+0100] {processor.py:830} INFO - Processing file /Users/vlad.alex995/Desktop/de-sprint/.venv-airflow/lib/python3.11/site-packages/airflow/example_dags/tutorial_objectstorage.py for tasks to queue
[2025-08-26T17:28:46.487+0100] {logging_mixin.py:188} INFO - [2025-08-26T17:28:46.487+0100] {dagbag.py:545} INFO - Filling up the DagBag from /Users/vlad.alex995/Desktop/de-sprint/.venv-airflow/lib/python3.11/site-packages/airflow/example_dags/tutorial_objectstorage.py
[2025-08-26T17:28:46.515+0100] {processor.py:840} INFO - DAG(s) 'tutorial_objectstorage' retrieved from /Users/vlad.alex995/Desktop/de-sprint/.venv-airflow/lib/python3.11/site-packages/airflow/example_dags/tutorial_objectstorage.py
[2025-08-26T17:28:46.544+0100] {logging_mixin.py:188} INFO - [2025-08-26T17:28:46.544+0100] {dag.py:3089} INFO - Sync 1 DAGs
[2025-08-26T17:28:46.547+0100] {logging_mixin.py:188} INFO - [2025-08-26T17:28:46.547+0100] {dag.py:3947} INFO - Setting next_dagrun for tutorial_objectstorage to None, run_after=None
[2025-08-26T17:28:46.553+0100] {processor.py:183} INFO - Processing /Users/vlad.alex995/Desktop/de-sprint/.venv-airflow/lib/python3.11/site-packages/airflow/example_dags/tutorial_objectstorage.py took 0.068 seconds
[2025-08-26T17:29:34.960+0100] {processor.py:161} INFO - Started process (PID=35513) to work on /Users/vlad.alex995/Desktop/de-sprint/.venv-airflow/lib/python3.11/site-packages/airflow/example_dags/tutorial_objectstorage.py
[2025-08-26T17:29:34.960+0100] {processor.py:830} INFO - Processing file /Users/vlad.alex995/Desktop/de-sprint/.venv-airflow/lib/python3.11/site-packages/airflow/example_dags/tutorial_objectstorage.py for tasks to queue
[2025-08-26T17:29:34.960+0100] {logging_mixin.py:188} INFO - [2025-08-26T17:29:34.960+0100] {dagbag.py:545} INFO - Filling up the DagBag from /Users/vlad.alex995/Desktop/de-sprint/.venv-airflow/lib/python3.11/site-packages/airflow/example_dags/tutorial_objectstorage.py
[2025-08-26T17:29:34.984+0100] {processor.py:840} INFO - DAG(s) 'tutorial_objectstorage' retrieved from /Users/vlad.alex995/Desktop/de-sprint/.venv-airflow/lib/python3.11/site-packages/airflow/example_dags/tutorial_objectstorage.py
[2025-08-26T17:29:35.014+0100] {logging_mixin.py:188} INFO - [2025-08-26T17:29:35.014+0100] {dag.py:3089} INFO - Sync 1 DAGs
[2025-08-26T17:29:35.017+0100] {logging_mixin.py:188} INFO - [2025-08-26T17:29:35.017+0100] {dag.py:3947} INFO - Setting next_dagrun for tutorial_objectstorage to None, run_after=None
[2025-08-26T17:29:35.024+0100] {processor.py:183} INFO - Processing /Users/vlad.alex995/Desktop/de-sprint/.venv-airflow/lib/python3.11/site-packages/airflow/example_dags/tutorial_objectstorage.py took 0.065 seconds
[2025-08-26T17:30:20.643+0100] {processor.py:161} INFO - Started process (PID=35550) to work on /Users/vlad.alex995/Desktop/de-sprint/.venv-airflow/lib/python3.11/site-packages/airflow/example_dags/tutorial_objectstorage.py
[2025-08-26T17:30:20.644+0100] {processor.py:830} INFO - Processing file /Users/vlad.alex995/Desktop/de-sprint/.venv-airflow/lib/python3.11/site-packages/airflow/example_dags/tutorial_objectstorage.py for tasks to queue
[2025-08-26T17:30:20.644+0100] {logging_mixin.py:188} INFO - [2025-08-26T17:30:20.644+0100] {dagbag.py:545} INFO - Filling up the DagBag from /Users/vlad.alex995/Desktop/de-sprint/.venv-airflow/lib/python3.11/site-packages/airflow/example_dags/tutorial_objectstorage.py
[2025-08-26T17:30:20.668+0100] {processor.py:840} INFO - DAG(s) 'tutorial_objectstorage' retrieved from /Users/vlad.alex995/Desktop/de-sprint/.venv-airflow/lib/python3.11/site-packages/airflow/example_dags/tutorial_objectstorage.py
[2025-08-26T17:30:20.697+0100] {logging_mixin.py:188} INFO - [2025-08-26T17:30:20.697+0100] {dag.py:3089} INFO - Sync 1 DAGs
[2025-08-26T17:30:20.699+0100] {logging_mixin.py:188} INFO - [2025-08-26T17:30:20.699+0100] {dag.py:3947} INFO - Setting next_dagrun for tutorial_objectstorage to None, run_after=None
[2025-08-26T17:30:20.706+0100] {processor.py:183} INFO - Processing /Users/vlad.alex995/Desktop/de-sprint/.venv-airflow/lib/python3.11/site-packages/airflow/example_dags/tutorial_objectstorage.py took 0.064 seconds
[2025-08-26T17:31:04.924+0100] {processor.py:161} INFO - Started process (PID=35583) to work on /Users/vlad.alex995/Desktop/de-sprint/.venv-airflow/lib/python3.11/site-packages/airflow/example_dags/tutorial_objectstorage.py
[2025-08-26T17:31:04.925+0100] {processor.py:830} INFO - Processing file /Users/vlad.alex995/Desktop/de-sprint/.venv-airflow/lib/python3.11/site-packages/airflow/example_dags/tutorial_objectstorage.py for tasks to queue
[2025-08-26T17:31:04.925+0100] {logging_mixin.py:188} INFO - [2025-08-26T17:31:04.925+0100] {dagbag.py:545} INFO - Filling up the DagBag from /Users/vlad.alex995/Desktop/de-sprint/.venv-airflow/lib/python3.11/site-packages/airflow/example_dags/tutorial_objectstorage.py
[2025-08-26T17:31:04.954+0100] {processor.py:840} INFO - DAG(s) 'tutorial_objectstorage' retrieved from /Users/vlad.alex995/Desktop/de-sprint/.venv-airflow/lib/python3.11/site-packages/airflow/example_dags/tutorial_objectstorage.py
[2025-08-26T17:31:04.985+0100] {logging_mixin.py:188} INFO - [2025-08-26T17:31:04.984+0100] {dag.py:3089} INFO - Sync 1 DAGs
[2025-08-26T17:31:04.988+0100] {logging_mixin.py:188} INFO - [2025-08-26T17:31:04.988+0100] {dag.py:3947} INFO - Setting next_dagrun for tutorial_objectstorage to None, run_after=None
[2025-08-26T17:31:04.995+0100] {processor.py:183} INFO - Processing /Users/vlad.alex995/Desktop/de-sprint/.venv-airflow/lib/python3.11/site-packages/airflow/example_dags/tutorial_objectstorage.py took 0.072 seconds
[2025-08-26T17:31:50.486+0100] {processor.py:161} INFO - Started process (PID=35676) to work on /Users/vlad.alex995/Desktop/de-sprint/.venv-airflow/lib/python3.11/site-packages/airflow/example_dags/tutorial_objectstorage.py
[2025-08-26T17:31:50.487+0100] {processor.py:830} INFO - Processing file /Users/vlad.alex995/Desktop/de-sprint/.venv-airflow/lib/python3.11/site-packages/airflow/example_dags/tutorial_objectstorage.py for tasks to queue
[2025-08-26T17:31:50.487+0100] {logging_mixin.py:188} INFO - [2025-08-26T17:31:50.487+0100] {dagbag.py:545} INFO - Filling up the DagBag from /Users/vlad.alex995/Desktop/de-sprint/.venv-airflow/lib/python3.11/site-packages/airflow/example_dags/tutorial_objectstorage.py
[2025-08-26T17:31:50.514+0100] {processor.py:840} INFO - DAG(s) 'tutorial_objectstorage' retrieved from /Users/vlad.alex995/Desktop/de-sprint/.venv-airflow/lib/python3.11/site-packages/airflow/example_dags/tutorial_objectstorage.py
[2025-08-26T17:31:50.545+0100] {logging_mixin.py:188} INFO - [2025-08-26T17:31:50.545+0100] {dag.py:3089} INFO - Sync 1 DAGs
[2025-08-26T17:31:50.548+0100] {logging_mixin.py:188} INFO - [2025-08-26T17:31:50.548+0100] {dag.py:3947} INFO - Setting next_dagrun for tutorial_objectstorage to None, run_after=None
[2025-08-26T17:31:50.556+0100] {processor.py:183} INFO - Processing /Users/vlad.alex995/Desktop/de-sprint/.venv-airflow/lib/python3.11/site-packages/airflow/example_dags/tutorial_objectstorage.py took 0.070 seconds
[2025-08-26T17:32:34.810+0100] {processor.py:161} INFO - Started process (PID=35966) to work on /Users/vlad.alex995/Desktop/de-sprint/.venv-airflow/lib/python3.11/site-packages/airflow/example_dags/tutorial_objectstorage.py
[2025-08-26T17:32:34.810+0100] {processor.py:830} INFO - Processing file /Users/vlad.alex995/Desktop/de-sprint/.venv-airflow/lib/python3.11/site-packages/airflow/example_dags/tutorial_objectstorage.py for tasks to queue
[2025-08-26T17:32:34.811+0100] {logging_mixin.py:188} INFO - [2025-08-26T17:32:34.811+0100] {dagbag.py:545} INFO - Filling up the DagBag from /Users/vlad.alex995/Desktop/de-sprint/.venv-airflow/lib/python3.11/site-packages/airflow/example_dags/tutorial_objectstorage.py
[2025-08-26T17:32:34.834+0100] {processor.py:840} INFO - DAG(s) 'tutorial_objectstorage' retrieved from /Users/vlad.alex995/Desktop/de-sprint/.venv-airflow/lib/python3.11/site-packages/airflow/example_dags/tutorial_objectstorage.py
[2025-08-26T17:32:34.862+0100] {logging_mixin.py:188} INFO - [2025-08-26T17:32:34.862+0100] {dag.py:3089} INFO - Sync 1 DAGs
[2025-08-26T17:32:34.865+0100] {logging_mixin.py:188} INFO - [2025-08-26T17:32:34.865+0100] {dag.py:3947} INFO - Setting next_dagrun for tutorial_objectstorage to None, run_after=None
[2025-08-26T17:32:34.871+0100] {processor.py:183} INFO - Processing /Users/vlad.alex995/Desktop/de-sprint/.venv-airflow/lib/python3.11/site-packages/airflow/example_dags/tutorial_objectstorage.py took 0.062 seconds
[2025-08-26T17:33:21.398+0100] {processor.py:161} INFO - Started process (PID=36012) to work on /Users/vlad.alex995/Desktop/de-sprint/.venv-airflow/lib/python3.11/site-packages/airflow/example_dags/tutorial_objectstorage.py
[2025-08-26T17:33:21.398+0100] {processor.py:830} INFO - Processing file /Users/vlad.alex995/Desktop/de-sprint/.venv-airflow/lib/python3.11/site-packages/airflow/example_dags/tutorial_objectstorage.py for tasks to queue
[2025-08-26T17:33:21.399+0100] {logging_mixin.py:188} INFO - [2025-08-26T17:33:21.399+0100] {dagbag.py:545} INFO - Filling up the DagBag from /Users/vlad.alex995/Desktop/de-sprint/.venv-airflow/lib/python3.11/site-packages/airflow/example_dags/tutorial_objectstorage.py
[2025-08-26T17:33:21.429+0100] {processor.py:840} INFO - DAG(s) 'tutorial_objectstorage' retrieved from /Users/vlad.alex995/Desktop/de-sprint/.venv-airflow/lib/python3.11/site-packages/airflow/example_dags/tutorial_objectstorage.py
[2025-08-26T17:33:21.458+0100] {logging_mixin.py:188} INFO - [2025-08-26T17:33:21.458+0100] {dag.py:3089} INFO - Sync 1 DAGs
[2025-08-26T17:33:21.462+0100] {logging_mixin.py:188} INFO - [2025-08-26T17:33:21.462+0100] {dag.py:3947} INFO - Setting next_dagrun for tutorial_objectstorage to None, run_after=None
[2025-08-26T17:33:21.469+0100] {processor.py:183} INFO - Processing /Users/vlad.alex995/Desktop/de-sprint/.venv-airflow/lib/python3.11/site-packages/airflow/example_dags/tutorial_objectstorage.py took 0.073 seconds
[2025-08-26T18:10:51.441+0100] {processor.py:161} INFO - Started process (PID=37385) to work on /Users/vlad.alex995/Desktop/de-sprint/.venv-airflow/lib/python3.11/site-packages/airflow/example_dags/tutorial_objectstorage.py
[2025-08-26T18:10:51.442+0100] {processor.py:830} INFO - Processing file /Users/vlad.alex995/Desktop/de-sprint/.venv-airflow/lib/python3.11/site-packages/airflow/example_dags/tutorial_objectstorage.py for tasks to queue
[2025-08-26T18:10:51.442+0100] {logging_mixin.py:188} INFO - [2025-08-26T18:10:51.442+0100] {dagbag.py:545} INFO - Filling up the DagBag from /Users/vlad.alex995/Desktop/de-sprint/.venv-airflow/lib/python3.11/site-packages/airflow/example_dags/tutorial_objectstorage.py
[2025-08-26T18:10:51.466+0100] {processor.py:840} INFO - DAG(s) 'tutorial_objectstorage' retrieved from /Users/vlad.alex995/Desktop/de-sprint/.venv-airflow/lib/python3.11/site-packages/airflow/example_dags/tutorial_objectstorage.py
[2025-08-26T18:10:51.494+0100] {logging_mixin.py:188} INFO - [2025-08-26T18:10:51.494+0100] {dag.py:3089} INFO - Sync 1 DAGs
[2025-08-26T18:10:51.498+0100] {logging_mixin.py:188} INFO - [2025-08-26T18:10:51.498+0100] {dag.py:3947} INFO - Setting next_dagrun for tutorial_objectstorage to None, run_after=None
[2025-08-26T18:10:51.505+0100] {processor.py:183} INFO - Processing /Users/vlad.alex995/Desktop/de-sprint/.venv-airflow/lib/python3.11/site-packages/airflow/example_dags/tutorial_objectstorage.py took 0.065 seconds
[2025-08-26T18:12:10.713+0100] {processor.py:161} INFO - Started process (PID=37457) to work on /Users/vlad.alex995/Desktop/de-sprint/.venv-airflow/lib/python3.11/site-packages/airflow/example_dags/tutorial_objectstorage.py
[2025-08-26T18:12:10.714+0100] {processor.py:830} INFO - Processing file /Users/vlad.alex995/Desktop/de-sprint/.venv-airflow/lib/python3.11/site-packages/airflow/example_dags/tutorial_objectstorage.py for tasks to queue
[2025-08-26T18:12:10.714+0100] {logging_mixin.py:188} INFO - [2025-08-26T18:12:10.714+0100] {dagbag.py:545} INFO - Filling up the DagBag from /Users/vlad.alex995/Desktop/de-sprint/.venv-airflow/lib/python3.11/site-packages/airflow/example_dags/tutorial_objectstorage.py
[2025-08-26T18:12:10.740+0100] {processor.py:840} INFO - DAG(s) 'tutorial_objectstorage' retrieved from /Users/vlad.alex995/Desktop/de-sprint/.venv-airflow/lib/python3.11/site-packages/airflow/example_dags/tutorial_objectstorage.py
[2025-08-26T18:12:10.767+0100] {logging_mixin.py:188} INFO - [2025-08-26T18:12:10.767+0100] {dag.py:3089} INFO - Sync 1 DAGs
[2025-08-26T18:12:10.770+0100] {logging_mixin.py:188} INFO - [2025-08-26T18:12:10.770+0100] {dag.py:3947} INFO - Setting next_dagrun for tutorial_objectstorage to None, run_after=None
[2025-08-26T18:12:10.776+0100] {processor.py:183} INFO - Processing /Users/vlad.alex995/Desktop/de-sprint/.venv-airflow/lib/python3.11/site-packages/airflow/example_dags/tutorial_objectstorage.py took 0.064 seconds
[2025-08-26T18:12:58.488+0100] {processor.py:161} INFO - Started process (PID=37495) to work on /Users/vlad.alex995/Desktop/de-sprint/.venv-airflow/lib/python3.11/site-packages/airflow/example_dags/tutorial_objectstorage.py
[2025-08-26T18:12:58.489+0100] {processor.py:830} INFO - Processing file /Users/vlad.alex995/Desktop/de-sprint/.venv-airflow/lib/python3.11/site-packages/airflow/example_dags/tutorial_objectstorage.py for tasks to queue
[2025-08-26T18:12:58.489+0100] {logging_mixin.py:188} INFO - [2025-08-26T18:12:58.489+0100] {dagbag.py:545} INFO - Filling up the DagBag from /Users/vlad.alex995/Desktop/de-sprint/.venv-airflow/lib/python3.11/site-packages/airflow/example_dags/tutorial_objectstorage.py
[2025-08-26T18:12:58.513+0100] {processor.py:840} INFO - DAG(s) 'tutorial_objectstorage' retrieved from /Users/vlad.alex995/Desktop/de-sprint/.venv-airflow/lib/python3.11/site-packages/airflow/example_dags/tutorial_objectstorage.py
[2025-08-26T18:12:58.542+0100] {logging_mixin.py:188} INFO - [2025-08-26T18:12:58.542+0100] {dag.py:3089} INFO - Sync 1 DAGs
[2025-08-26T18:12:58.545+0100] {logging_mixin.py:188} INFO - [2025-08-26T18:12:58.545+0100] {dag.py:3947} INFO - Setting next_dagrun for tutorial_objectstorage to None, run_after=None
[2025-08-26T18:12:58.551+0100] {processor.py:183} INFO - Processing /Users/vlad.alex995/Desktop/de-sprint/.venv-airflow/lib/python3.11/site-packages/airflow/example_dags/tutorial_objectstorage.py took 0.064 seconds
[2025-08-26T18:13:40.386+0100] {processor.py:161} INFO - Started process (PID=37531) to work on /Users/vlad.alex995/Desktop/de-sprint/.venv-airflow/lib/python3.11/site-packages/airflow/example_dags/tutorial_objectstorage.py
[2025-08-26T18:13:40.386+0100] {processor.py:830} INFO - Processing file /Users/vlad.alex995/Desktop/de-sprint/.venv-airflow/lib/python3.11/site-packages/airflow/example_dags/tutorial_objectstorage.py for tasks to queue
[2025-08-26T18:13:40.387+0100] {logging_mixin.py:188} INFO - [2025-08-26T18:13:40.386+0100] {dagbag.py:545} INFO - Filling up the DagBag from /Users/vlad.alex995/Desktop/de-sprint/.venv-airflow/lib/python3.11/site-packages/airflow/example_dags/tutorial_objectstorage.py
[2025-08-26T18:13:40.412+0100] {processor.py:840} INFO - DAG(s) 'tutorial_objectstorage' retrieved from /Users/vlad.alex995/Desktop/de-sprint/.venv-airflow/lib/python3.11/site-packages/airflow/example_dags/tutorial_objectstorage.py
[2025-08-26T18:13:40.442+0100] {logging_mixin.py:188} INFO - [2025-08-26T18:13:40.442+0100] {dag.py:3089} INFO - Sync 1 DAGs
[2025-08-26T18:13:40.446+0100] {logging_mixin.py:188} INFO - [2025-08-26T18:13:40.446+0100] {dag.py:3947} INFO - Setting next_dagrun for tutorial_objectstorage to None, run_after=None
[2025-08-26T18:13:40.452+0100] {processor.py:183} INFO - Processing /Users/vlad.alex995/Desktop/de-sprint/.venv-airflow/lib/python3.11/site-packages/airflow/example_dags/tutorial_objectstorage.py took 0.067 seconds
[2025-08-26T18:14:24.333+0100] {processor.py:161} INFO - Started process (PID=37798) to work on /Users/vlad.alex995/Desktop/de-sprint/.venv-airflow/lib/python3.11/site-packages/airflow/example_dags/tutorial_objectstorage.py
[2025-08-26T18:14:24.334+0100] {processor.py:830} INFO - Processing file /Users/vlad.alex995/Desktop/de-sprint/.venv-airflow/lib/python3.11/site-packages/airflow/example_dags/tutorial_objectstorage.py for tasks to queue
[2025-08-26T18:14:24.334+0100] {logging_mixin.py:188} INFO - [2025-08-26T18:14:24.334+0100] {dagbag.py:545} INFO - Filling up the DagBag from /Users/vlad.alex995/Desktop/de-sprint/.venv-airflow/lib/python3.11/site-packages/airflow/example_dags/tutorial_objectstorage.py
[2025-08-26T18:14:24.362+0100] {processor.py:840} INFO - DAG(s) 'tutorial_objectstorage' retrieved from /Users/vlad.alex995/Desktop/de-sprint/.venv-airflow/lib/python3.11/site-packages/airflow/example_dags/tutorial_objectstorage.py
[2025-08-26T18:14:24.391+0100] {logging_mixin.py:188} INFO - [2025-08-26T18:14:24.390+0100] {dag.py:3089} INFO - Sync 1 DAGs
[2025-08-26T18:14:24.394+0100] {logging_mixin.py:188} INFO - [2025-08-26T18:14:24.394+0100] {dag.py:3947} INFO - Setting next_dagrun for tutorial_objectstorage to None, run_after=None
[2025-08-26T18:14:24.399+0100] {processor.py:183} INFO - Processing /Users/vlad.alex995/Desktop/de-sprint/.venv-airflow/lib/python3.11/site-packages/airflow/example_dags/tutorial_objectstorage.py took 0.068 seconds
[2025-08-26T18:15:08.887+0100] {processor.py:161} INFO - Started process (PID=37993) to work on /Users/vlad.alex995/Desktop/de-sprint/.venv-airflow/lib/python3.11/site-packages/airflow/example_dags/tutorial_objectstorage.py
[2025-08-26T18:15:08.888+0100] {processor.py:830} INFO - Processing file /Users/vlad.alex995/Desktop/de-sprint/.venv-airflow/lib/python3.11/site-packages/airflow/example_dags/tutorial_objectstorage.py for tasks to queue
[2025-08-26T18:15:08.889+0100] {logging_mixin.py:188} INFO - [2025-08-26T18:15:08.889+0100] {dagbag.py:545} INFO - Filling up the DagBag from /Users/vlad.alex995/Desktop/de-sprint/.venv-airflow/lib/python3.11/site-packages/airflow/example_dags/tutorial_objectstorage.py
[2025-08-26T18:15:08.920+0100] {processor.py:840} INFO - DAG(s) 'tutorial_objectstorage' retrieved from /Users/vlad.alex995/Desktop/de-sprint/.venv-airflow/lib/python3.11/site-packages/airflow/example_dags/tutorial_objectstorage.py
[2025-08-26T18:15:08.950+0100] {logging_mixin.py:188} INFO - [2025-08-26T18:15:08.950+0100] {dag.py:3089} INFO - Sync 1 DAGs
[2025-08-26T18:15:08.954+0100] {logging_mixin.py:188} INFO - [2025-08-26T18:15:08.954+0100] {dag.py:3947} INFO - Setting next_dagrun for tutorial_objectstorage to None, run_after=None
[2025-08-26T18:15:08.960+0100] {processor.py:183} INFO - Processing /Users/vlad.alex995/Desktop/de-sprint/.venv-airflow/lib/python3.11/site-packages/airflow/example_dags/tutorial_objectstorage.py took 0.074 seconds
[2025-08-26T18:15:55.921+0100] {processor.py:161} INFO - Started process (PID=38033) to work on /Users/vlad.alex995/Desktop/de-sprint/.venv-airflow/lib/python3.11/site-packages/airflow/example_dags/tutorial_objectstorage.py
[2025-08-26T18:15:55.921+0100] {processor.py:830} INFO - Processing file /Users/vlad.alex995/Desktop/de-sprint/.venv-airflow/lib/python3.11/site-packages/airflow/example_dags/tutorial_objectstorage.py for tasks to queue
[2025-08-26T18:15:55.921+0100] {logging_mixin.py:188} INFO - [2025-08-26T18:15:55.921+0100] {dagbag.py:545} INFO - Filling up the DagBag from /Users/vlad.alex995/Desktop/de-sprint/.venv-airflow/lib/python3.11/site-packages/airflow/example_dags/tutorial_objectstorage.py
[2025-08-26T18:15:55.946+0100] {processor.py:840} INFO - DAG(s) 'tutorial_objectstorage' retrieved from /Users/vlad.alex995/Desktop/de-sprint/.venv-airflow/lib/python3.11/site-packages/airflow/example_dags/tutorial_objectstorage.py
[2025-08-26T18:15:55.974+0100] {logging_mixin.py:188} INFO - [2025-08-26T18:15:55.974+0100] {dag.py:3089} INFO - Sync 1 DAGs
[2025-08-26T18:15:55.978+0100] {logging_mixin.py:188} INFO - [2025-08-26T18:15:55.978+0100] {dag.py:3947} INFO - Setting next_dagrun for tutorial_objectstorage to None, run_after=None
[2025-08-26T18:15:55.984+0100] {processor.py:183} INFO - Processing /Users/vlad.alex995/Desktop/de-sprint/.venv-airflow/lib/python3.11/site-packages/airflow/example_dags/tutorial_objectstorage.py took 0.064 seconds
[2025-08-26T18:16:41.849+0100] {processor.py:161} INFO - Started process (PID=38069) to work on /Users/vlad.alex995/Desktop/de-sprint/.venv-airflow/lib/python3.11/site-packages/airflow/example_dags/tutorial_objectstorage.py
[2025-08-26T18:16:41.850+0100] {processor.py:830} INFO - Processing file /Users/vlad.alex995/Desktop/de-sprint/.venv-airflow/lib/python3.11/site-packages/airflow/example_dags/tutorial_objectstorage.py for tasks to queue
[2025-08-26T18:16:41.850+0100] {logging_mixin.py:188} INFO - [2025-08-26T18:16:41.850+0100] {dagbag.py:545} INFO - Filling up the DagBag from /Users/vlad.alex995/Desktop/de-sprint/.venv-airflow/lib/python3.11/site-packages/airflow/example_dags/tutorial_objectstorage.py
[2025-08-26T18:16:41.872+0100] {processor.py:840} INFO - DAG(s) 'tutorial_objectstorage' retrieved from /Users/vlad.alex995/Desktop/de-sprint/.venv-airflow/lib/python3.11/site-packages/airflow/example_dags/tutorial_objectstorage.py
[2025-08-26T18:16:41.900+0100] {logging_mixin.py:188} INFO - [2025-08-26T18:16:41.900+0100] {dag.py:3089} INFO - Sync 1 DAGs
[2025-08-26T18:16:41.903+0100] {logging_mixin.py:188} INFO - [2025-08-26T18:16:41.903+0100] {dag.py:3947} INFO - Setting next_dagrun for tutorial_objectstorage to None, run_after=None
[2025-08-26T18:16:41.908+0100] {processor.py:183} INFO - Processing /Users/vlad.alex995/Desktop/de-sprint/.venv-airflow/lib/python3.11/site-packages/airflow/example_dags/tutorial_objectstorage.py took 0.060 seconds
[2025-08-26T18:17:32.672+0100] {processor.py:161} INFO - Started process (PID=38134) to work on /Users/vlad.alex995/Desktop/de-sprint/.venv-airflow/lib/python3.11/site-packages/airflow/example_dags/tutorial_objectstorage.py
[2025-08-26T18:17:32.672+0100] {processor.py:830} INFO - Processing file /Users/vlad.alex995/Desktop/de-sprint/.venv-airflow/lib/python3.11/site-packages/airflow/example_dags/tutorial_objectstorage.py for tasks to queue
[2025-08-26T18:17:32.673+0100] {logging_mixin.py:188} INFO - [2025-08-26T18:17:32.673+0100] {dagbag.py:545} INFO - Filling up the DagBag from /Users/vlad.alex995/Desktop/de-sprint/.venv-airflow/lib/python3.11/site-packages/airflow/example_dags/tutorial_objectstorage.py
[2025-08-26T18:17:32.701+0100] {processor.py:840} INFO - DAG(s) 'tutorial_objectstorage' retrieved from /Users/vlad.alex995/Desktop/de-sprint/.venv-airflow/lib/python3.11/site-packages/airflow/example_dags/tutorial_objectstorage.py
[2025-08-26T18:17:32.729+0100] {logging_mixin.py:188} INFO - [2025-08-26T18:17:32.729+0100] {dag.py:3089} INFO - Sync 1 DAGs
[2025-08-26T18:17:32.732+0100] {logging_mixin.py:188} INFO - [2025-08-26T18:17:32.732+0100] {dag.py:3947} INFO - Setting next_dagrun for tutorial_objectstorage to None, run_after=None
[2025-08-26T18:17:32.737+0100] {processor.py:183} INFO - Processing /Users/vlad.alex995/Desktop/de-sprint/.venv-airflow/lib/python3.11/site-packages/airflow/example_dags/tutorial_objectstorage.py took 0.066 seconds
[2025-08-26T18:18:21.866+0100] {processor.py:161} INFO - Started process (PID=38434) to work on /Users/vlad.alex995/Desktop/de-sprint/.venv-airflow/lib/python3.11/site-packages/airflow/example_dags/tutorial_objectstorage.py
[2025-08-26T18:18:21.867+0100] {processor.py:830} INFO - Processing file /Users/vlad.alex995/Desktop/de-sprint/.venv-airflow/lib/python3.11/site-packages/airflow/example_dags/tutorial_objectstorage.py for tasks to queue
[2025-08-26T18:18:21.867+0100] {logging_mixin.py:188} INFO - [2025-08-26T18:18:21.867+0100] {dagbag.py:545} INFO - Filling up the DagBag from /Users/vlad.alex995/Desktop/de-sprint/.venv-airflow/lib/python3.11/site-packages/airflow/example_dags/tutorial_objectstorage.py
[2025-08-26T18:18:21.895+0100] {processor.py:840} INFO - DAG(s) 'tutorial_objectstorage' retrieved from /Users/vlad.alex995/Desktop/de-sprint/.venv-airflow/lib/python3.11/site-packages/airflow/example_dags/tutorial_objectstorage.py
[2025-08-26T18:18:21.923+0100] {logging_mixin.py:188} INFO - [2025-08-26T18:18:21.923+0100] {dag.py:3089} INFO - Sync 1 DAGs
[2025-08-26T18:18:21.927+0100] {logging_mixin.py:188} INFO - [2025-08-26T18:18:21.927+0100] {dag.py:3947} INFO - Setting next_dagrun for tutorial_objectstorage to None, run_after=None
[2025-08-26T18:18:21.933+0100] {processor.py:183} INFO - Processing /Users/vlad.alex995/Desktop/de-sprint/.venv-airflow/lib/python3.11/site-packages/airflow/example_dags/tutorial_objectstorage.py took 0.068 seconds
[2025-08-26T18:19:20.907+0100] {processor.py:161} INFO - Started process (PID=38850) to work on /Users/vlad.alex995/Desktop/de-sprint/.venv-airflow/lib/python3.11/site-packages/airflow/example_dags/tutorial_objectstorage.py
[2025-08-26T18:19:20.908+0100] {processor.py:830} INFO - Processing file /Users/vlad.alex995/Desktop/de-sprint/.venv-airflow/lib/python3.11/site-packages/airflow/example_dags/tutorial_objectstorage.py for tasks to queue
[2025-08-26T18:19:20.908+0100] {logging_mixin.py:188} INFO - [2025-08-26T18:19:20.908+0100] {dagbag.py:545} INFO - Filling up the DagBag from /Users/vlad.alex995/Desktop/de-sprint/.venv-airflow/lib/python3.11/site-packages/airflow/example_dags/tutorial_objectstorage.py
[2025-08-26T18:19:20.934+0100] {processor.py:840} INFO - DAG(s) 'tutorial_objectstorage' retrieved from /Users/vlad.alex995/Desktop/de-sprint/.venv-airflow/lib/python3.11/site-packages/airflow/example_dags/tutorial_objectstorage.py
[2025-08-26T18:19:20.965+0100] {logging_mixin.py:188} INFO - [2025-08-26T18:19:20.964+0100] {dag.py:3089} INFO - Sync 1 DAGs
[2025-08-26T18:19:20.968+0100] {logging_mixin.py:188} INFO - [2025-08-26T18:19:20.968+0100] {dag.py:3947} INFO - Setting next_dagrun for tutorial_objectstorage to None, run_after=None
[2025-08-26T18:19:20.974+0100] {processor.py:183} INFO - Processing /Users/vlad.alex995/Desktop/de-sprint/.venv-airflow/lib/python3.11/site-packages/airflow/example_dags/tutorial_objectstorage.py took 0.068 seconds
[2025-08-26T18:20:36.475+0100] {processor.py:161} INFO - Started process (PID=38934) to work on /Users/vlad.alex995/Desktop/de-sprint/.venv-airflow/lib/python3.11/site-packages/airflow/example_dags/tutorial_objectstorage.py
[2025-08-26T18:20:36.477+0100] {processor.py:830} INFO - Processing file /Users/vlad.alex995/Desktop/de-sprint/.venv-airflow/lib/python3.11/site-packages/airflow/example_dags/tutorial_objectstorage.py for tasks to queue
[2025-08-26T18:20:36.477+0100] {logging_mixin.py:188} INFO - [2025-08-26T18:20:36.477+0100] {dagbag.py:545} INFO - Filling up the DagBag from /Users/vlad.alex995/Desktop/de-sprint/.venv-airflow/lib/python3.11/site-packages/airflow/example_dags/tutorial_objectstorage.py
[2025-08-26T18:20:36.506+0100] {processor.py:840} INFO - DAG(s) 'tutorial_objectstorage' retrieved from /Users/vlad.alex995/Desktop/de-sprint/.venv-airflow/lib/python3.11/site-packages/airflow/example_dags/tutorial_objectstorage.py
[2025-08-26T18:20:36.536+0100] {logging_mixin.py:188} INFO - [2025-08-26T18:20:36.536+0100] {dag.py:3089} INFO - Sync 1 DAGs
[2025-08-26T18:20:36.540+0100] {logging_mixin.py:188} INFO - [2025-08-26T18:20:36.540+0100] {dag.py:3947} INFO - Setting next_dagrun for tutorial_objectstorage to None, run_after=None
[2025-08-26T18:20:36.546+0100] {processor.py:183} INFO - Processing /Users/vlad.alex995/Desktop/de-sprint/.venv-airflow/lib/python3.11/site-packages/airflow/example_dags/tutorial_objectstorage.py took 0.072 seconds
[2025-08-26T18:21:22.836+0100] {processor.py:161} INFO - Started process (PID=38972) to work on /Users/vlad.alex995/Desktop/de-sprint/.venv-airflow/lib/python3.11/site-packages/airflow/example_dags/tutorial_objectstorage.py
[2025-08-26T18:21:22.837+0100] {processor.py:830} INFO - Processing file /Users/vlad.alex995/Desktop/de-sprint/.venv-airflow/lib/python3.11/site-packages/airflow/example_dags/tutorial_objectstorage.py for tasks to queue
[2025-08-26T18:21:22.837+0100] {logging_mixin.py:188} INFO - [2025-08-26T18:21:22.837+0100] {dagbag.py:545} INFO - Filling up the DagBag from /Users/vlad.alex995/Desktop/de-sprint/.venv-airflow/lib/python3.11/site-packages/airflow/example_dags/tutorial_objectstorage.py
[2025-08-26T18:21:22.861+0100] {processor.py:840} INFO - DAG(s) 'tutorial_objectstorage' retrieved from /Users/vlad.alex995/Desktop/de-sprint/.venv-airflow/lib/python3.11/site-packages/airflow/example_dags/tutorial_objectstorage.py
[2025-08-26T18:21:22.890+0100] {logging_mixin.py:188} INFO - [2025-08-26T18:21:22.890+0100] {dag.py:3089} INFO - Sync 1 DAGs
[2025-08-26T18:21:22.894+0100] {logging_mixin.py:188} INFO - [2025-08-26T18:21:22.893+0100] {dag.py:3947} INFO - Setting next_dagrun for tutorial_objectstorage to None, run_after=None
[2025-08-26T18:21:22.900+0100] {processor.py:183} INFO - Processing /Users/vlad.alex995/Desktop/de-sprint/.venv-airflow/lib/python3.11/site-packages/airflow/example_dags/tutorial_objectstorage.py took 0.064 seconds
[2025-08-26T18:22:09.205+0100] {processor.py:161} INFO - Started process (PID=39011) to work on /Users/vlad.alex995/Desktop/de-sprint/.venv-airflow/lib/python3.11/site-packages/airflow/example_dags/tutorial_objectstorage.py
[2025-08-26T18:22:09.206+0100] {processor.py:830} INFO - Processing file /Users/vlad.alex995/Desktop/de-sprint/.venv-airflow/lib/python3.11/site-packages/airflow/example_dags/tutorial_objectstorage.py for tasks to queue
[2025-08-26T18:22:09.206+0100] {logging_mixin.py:188} INFO - [2025-08-26T18:22:09.206+0100] {dagbag.py:545} INFO - Filling up the DagBag from /Users/vlad.alex995/Desktop/de-sprint/.venv-airflow/lib/python3.11/site-packages/airflow/example_dags/tutorial_objectstorage.py
[2025-08-26T18:22:09.229+0100] {processor.py:840} INFO - DAG(s) 'tutorial_objectstorage' retrieved from /Users/vlad.alex995/Desktop/de-sprint/.venv-airflow/lib/python3.11/site-packages/airflow/example_dags/tutorial_objectstorage.py
[2025-08-26T18:22:09.257+0100] {logging_mixin.py:188} INFO - [2025-08-26T18:22:09.257+0100] {dag.py:3089} INFO - Sync 1 DAGs
[2025-08-26T18:22:09.261+0100] {logging_mixin.py:188} INFO - [2025-08-26T18:22:09.261+0100] {dag.py:3947} INFO - Setting next_dagrun for tutorial_objectstorage to None, run_after=None
[2025-08-26T18:22:09.267+0100] {processor.py:183} INFO - Processing /Users/vlad.alex995/Desktop/de-sprint/.venv-airflow/lib/python3.11/site-packages/airflow/example_dags/tutorial_objectstorage.py took 0.063 seconds
[2025-08-26T18:22:54.968+0100] {processor.py:161} INFO - Started process (PID=39045) to work on /Users/vlad.alex995/Desktop/de-sprint/.venv-airflow/lib/python3.11/site-packages/airflow/example_dags/tutorial_objectstorage.py
[2025-08-26T18:22:54.969+0100] {processor.py:830} INFO - Processing file /Users/vlad.alex995/Desktop/de-sprint/.venv-airflow/lib/python3.11/site-packages/airflow/example_dags/tutorial_objectstorage.py for tasks to queue
[2025-08-26T18:22:54.969+0100] {logging_mixin.py:188} INFO - [2025-08-26T18:22:54.969+0100] {dagbag.py:545} INFO - Filling up the DagBag from /Users/vlad.alex995/Desktop/de-sprint/.venv-airflow/lib/python3.11/site-packages/airflow/example_dags/tutorial_objectstorage.py
[2025-08-26T18:22:54.991+0100] {processor.py:840} INFO - DAG(s) 'tutorial_objectstorage' retrieved from /Users/vlad.alex995/Desktop/de-sprint/.venv-airflow/lib/python3.11/site-packages/airflow/example_dags/tutorial_objectstorage.py
[2025-08-26T18:22:55.018+0100] {logging_mixin.py:188} INFO - [2025-08-26T18:22:55.018+0100] {dag.py:3089} INFO - Sync 1 DAGs
[2025-08-26T18:22:55.021+0100] {logging_mixin.py:188} INFO - [2025-08-26T18:22:55.021+0100] {dag.py:3947} INFO - Setting next_dagrun for tutorial_objectstorage to None, run_after=None
[2025-08-26T18:22:55.027+0100] {processor.py:183} INFO - Processing /Users/vlad.alex995/Desktop/de-sprint/.venv-airflow/lib/python3.11/site-packages/airflow/example_dags/tutorial_objectstorage.py took 0.060 seconds
[2025-08-26T18:23:36.152+0100] {processor.py:161} INFO - Started process (PID=39078) to work on /Users/vlad.alex995/Desktop/de-sprint/.venv-airflow/lib/python3.11/site-packages/airflow/example_dags/tutorial_objectstorage.py
[2025-08-26T18:23:36.153+0100] {processor.py:830} INFO - Processing file /Users/vlad.alex995/Desktop/de-sprint/.venv-airflow/lib/python3.11/site-packages/airflow/example_dags/tutorial_objectstorage.py for tasks to queue
[2025-08-26T18:23:36.153+0100] {logging_mixin.py:188} INFO - [2025-08-26T18:23:36.153+0100] {dagbag.py:545} INFO - Filling up the DagBag from /Users/vlad.alex995/Desktop/de-sprint/.venv-airflow/lib/python3.11/site-packages/airflow/example_dags/tutorial_objectstorage.py
[2025-08-26T18:23:36.181+0100] {processor.py:840} INFO - DAG(s) 'tutorial_objectstorage' retrieved from /Users/vlad.alex995/Desktop/de-sprint/.venv-airflow/lib/python3.11/site-packages/airflow/example_dags/tutorial_objectstorage.py
[2025-08-26T18:23:36.208+0100] {logging_mixin.py:188} INFO - [2025-08-26T18:23:36.208+0100] {dag.py:3089} INFO - Sync 1 DAGs
[2025-08-26T18:23:36.211+0100] {logging_mixin.py:188} INFO - [2025-08-26T18:23:36.211+0100] {dag.py:3947} INFO - Setting next_dagrun for tutorial_objectstorage to None, run_after=None
[2025-08-26T18:23:36.217+0100] {processor.py:183} INFO - Processing /Users/vlad.alex995/Desktop/de-sprint/.venv-airflow/lib/python3.11/site-packages/airflow/example_dags/tutorial_objectstorage.py took 0.066 seconds
[2025-08-26T18:24:19.615+0100] {processor.py:161} INFO - Started process (PID=39112) to work on /Users/vlad.alex995/Desktop/de-sprint/.venv-airflow/lib/python3.11/site-packages/airflow/example_dags/tutorial_objectstorage.py
[2025-08-26T18:24:19.616+0100] {processor.py:830} INFO - Processing file /Users/vlad.alex995/Desktop/de-sprint/.venv-airflow/lib/python3.11/site-packages/airflow/example_dags/tutorial_objectstorage.py for tasks to queue
[2025-08-26T18:24:19.617+0100] {logging_mixin.py:188} INFO - [2025-08-26T18:24:19.617+0100] {dagbag.py:545} INFO - Filling up the DagBag from /Users/vlad.alex995/Desktop/de-sprint/.venv-airflow/lib/python3.11/site-packages/airflow/example_dags/tutorial_objectstorage.py
[2025-08-26T18:24:19.646+0100] {processor.py:840} INFO - DAG(s) 'tutorial_objectstorage' retrieved from /Users/vlad.alex995/Desktop/de-sprint/.venv-airflow/lib/python3.11/site-packages/airflow/example_dags/tutorial_objectstorage.py
[2025-08-26T18:24:19.675+0100] {logging_mixin.py:188} INFO - [2025-08-26T18:24:19.675+0100] {dag.py:3089} INFO - Sync 1 DAGs
[2025-08-26T18:24:19.678+0100] {logging_mixin.py:188} INFO - [2025-08-26T18:24:19.678+0100] {dag.py:3947} INFO - Setting next_dagrun for tutorial_objectstorage to None, run_after=None
[2025-08-26T18:24:19.684+0100] {processor.py:183} INFO - Processing /Users/vlad.alex995/Desktop/de-sprint/.venv-airflow/lib/python3.11/site-packages/airflow/example_dags/tutorial_objectstorage.py took 0.070 seconds
[2025-08-26T18:25:05.042+0100] {processor.py:161} INFO - Started process (PID=39156) to work on /Users/vlad.alex995/Desktop/de-sprint/.venv-airflow/lib/python3.11/site-packages/airflow/example_dags/tutorial_objectstorage.py
[2025-08-26T18:25:05.042+0100] {processor.py:830} INFO - Processing file /Users/vlad.alex995/Desktop/de-sprint/.venv-airflow/lib/python3.11/site-packages/airflow/example_dags/tutorial_objectstorage.py for tasks to queue
[2025-08-26T18:25:05.043+0100] {logging_mixin.py:188} INFO - [2025-08-26T18:25:05.042+0100] {dagbag.py:545} INFO - Filling up the DagBag from /Users/vlad.alex995/Desktop/de-sprint/.venv-airflow/lib/python3.11/site-packages/airflow/example_dags/tutorial_objectstorage.py
[2025-08-26T18:25:05.073+0100] {processor.py:840} INFO - DAG(s) 'tutorial_objectstorage' retrieved from /Users/vlad.alex995/Desktop/de-sprint/.venv-airflow/lib/python3.11/site-packages/airflow/example_dags/tutorial_objectstorage.py
[2025-08-26T18:25:05.104+0100] {logging_mixin.py:188} INFO - [2025-08-26T18:25:05.103+0100] {dag.py:3089} INFO - Sync 1 DAGs
[2025-08-26T18:25:05.107+0100] {logging_mixin.py:188} INFO - [2025-08-26T18:25:05.107+0100] {dag.py:3947} INFO - Setting next_dagrun for tutorial_objectstorage to None, run_after=None
[2025-08-26T18:25:05.113+0100] {processor.py:183} INFO - Processing /Users/vlad.alex995/Desktop/de-sprint/.venv-airflow/lib/python3.11/site-packages/airflow/example_dags/tutorial_objectstorage.py took 0.073 seconds
[2025-08-26T18:25:52.685+0100] {processor.py:161} INFO - Started process (PID=39208) to work on /Users/vlad.alex995/Desktop/de-sprint/.venv-airflow/lib/python3.11/site-packages/airflow/example_dags/tutorial_objectstorage.py
[2025-08-26T18:25:52.686+0100] {processor.py:830} INFO - Processing file /Users/vlad.alex995/Desktop/de-sprint/.venv-airflow/lib/python3.11/site-packages/airflow/example_dags/tutorial_objectstorage.py for tasks to queue
[2025-08-26T18:25:52.686+0100] {logging_mixin.py:188} INFO - [2025-08-26T18:25:52.686+0100] {dagbag.py:545} INFO - Filling up the DagBag from /Users/vlad.alex995/Desktop/de-sprint/.venv-airflow/lib/python3.11/site-packages/airflow/example_dags/tutorial_objectstorage.py
[2025-08-26T18:25:52.714+0100] {processor.py:840} INFO - DAG(s) 'tutorial_objectstorage' retrieved from /Users/vlad.alex995/Desktop/de-sprint/.venv-airflow/lib/python3.11/site-packages/airflow/example_dags/tutorial_objectstorage.py
[2025-08-26T18:25:52.742+0100] {logging_mixin.py:188} INFO - [2025-08-26T18:25:52.742+0100] {dag.py:3089} INFO - Sync 1 DAGs
[2025-08-26T18:25:52.746+0100] {logging_mixin.py:188} INFO - [2025-08-26T18:25:52.746+0100] {dag.py:3947} INFO - Setting next_dagrun for tutorial_objectstorage to None, run_after=None
[2025-08-26T18:25:52.752+0100] {processor.py:183} INFO - Processing /Users/vlad.alex995/Desktop/de-sprint/.venv-airflow/lib/python3.11/site-packages/airflow/example_dags/tutorial_objectstorage.py took 0.068 seconds
[2025-08-26T18:26:41.070+0100] {processor.py:161} INFO - Started process (PID=39243) to work on /Users/vlad.alex995/Desktop/de-sprint/.venv-airflow/lib/python3.11/site-packages/airflow/example_dags/tutorial_objectstorage.py
[2025-08-26T18:26:41.071+0100] {processor.py:830} INFO - Processing file /Users/vlad.alex995/Desktop/de-sprint/.venv-airflow/lib/python3.11/site-packages/airflow/example_dags/tutorial_objectstorage.py for tasks to queue
[2025-08-26T18:26:41.071+0100] {logging_mixin.py:188} INFO - [2025-08-26T18:26:41.071+0100] {dagbag.py:545} INFO - Filling up the DagBag from /Users/vlad.alex995/Desktop/de-sprint/.venv-airflow/lib/python3.11/site-packages/airflow/example_dags/tutorial_objectstorage.py
[2025-08-26T18:26:41.098+0100] {processor.py:840} INFO - DAG(s) 'tutorial_objectstorage' retrieved from /Users/vlad.alex995/Desktop/de-sprint/.venv-airflow/lib/python3.11/site-packages/airflow/example_dags/tutorial_objectstorage.py
[2025-08-26T18:26:41.126+0100] {logging_mixin.py:188} INFO - [2025-08-26T18:26:41.126+0100] {dag.py:3089} INFO - Sync 1 DAGs
[2025-08-26T18:26:41.129+0100] {logging_mixin.py:188} INFO - [2025-08-26T18:26:41.129+0100] {dag.py:3947} INFO - Setting next_dagrun for tutorial_objectstorage to None, run_after=None
[2025-08-26T18:26:41.135+0100] {processor.py:183} INFO - Processing /Users/vlad.alex995/Desktop/de-sprint/.venv-airflow/lib/python3.11/site-packages/airflow/example_dags/tutorial_objectstorage.py took 0.066 seconds
[2025-08-26T18:27:11.596+0100] {processor.py:161} INFO - Started process (PID=39659) to work on /Users/vlad.alex995/Desktop/de-sprint/.venv-airflow/lib/python3.11/site-packages/airflow/example_dags/tutorial_objectstorage.py
[2025-08-26T18:27:11.597+0100] {processor.py:830} INFO - Processing file /Users/vlad.alex995/Desktop/de-sprint/.venv-airflow/lib/python3.11/site-packages/airflow/example_dags/tutorial_objectstorage.py for tasks to queue
[2025-08-26T18:27:11.597+0100] {logging_mixin.py:188} INFO - [2025-08-26T18:27:11.597+0100] {dagbag.py:545} INFO - Filling up the DagBag from /Users/vlad.alex995/Desktop/de-sprint/.venv-airflow/lib/python3.11/site-packages/airflow/example_dags/tutorial_objectstorage.py
[2025-08-26T18:27:11.619+0100] {processor.py:840} INFO - DAG(s) 'tutorial_objectstorage' retrieved from /Users/vlad.alex995/Desktop/de-sprint/.venv-airflow/lib/python3.11/site-packages/airflow/example_dags/tutorial_objectstorage.py
[2025-08-26T18:27:11.647+0100] {logging_mixin.py:188} INFO - [2025-08-26T18:27:11.647+0100] {dag.py:3089} INFO - Sync 1 DAGs
[2025-08-26T18:27:11.650+0100] {logging_mixin.py:188} INFO - [2025-08-26T18:27:11.650+0100] {dag.py:3947} INFO - Setting next_dagrun for tutorial_objectstorage to None, run_after=None
[2025-08-26T18:27:11.656+0100] {processor.py:183} INFO - Processing /Users/vlad.alex995/Desktop/de-sprint/.venv-airflow/lib/python3.11/site-packages/airflow/example_dags/tutorial_objectstorage.py took 0.060 seconds
[2025-08-26T18:29:31.242+0100] {processor.py:161} INFO - Started process (PID=40082) to work on /Users/vlad.alex995/Desktop/de-sprint/.venv-airflow/lib/python3.11/site-packages/airflow/example_dags/tutorial_objectstorage.py
[2025-08-26T18:29:31.244+0100] {processor.py:830} INFO - Processing file /Users/vlad.alex995/Desktop/de-sprint/.venv-airflow/lib/python3.11/site-packages/airflow/example_dags/tutorial_objectstorage.py for tasks to queue
[2025-08-26T18:29:31.244+0100] {logging_mixin.py:188} INFO - [2025-08-26T18:29:31.244+0100] {dagbag.py:545} INFO - Filling up the DagBag from /Users/vlad.alex995/Desktop/de-sprint/.venv-airflow/lib/python3.11/site-packages/airflow/example_dags/tutorial_objectstorage.py
[2025-08-26T18:29:31.266+0100] {processor.py:840} INFO - DAG(s) 'tutorial_objectstorage' retrieved from /Users/vlad.alex995/Desktop/de-sprint/.venv-airflow/lib/python3.11/site-packages/airflow/example_dags/tutorial_objectstorage.py
[2025-08-26T18:29:31.294+0100] {logging_mixin.py:188} INFO - [2025-08-26T18:29:31.294+0100] {dag.py:3089} INFO - Sync 1 DAGs
[2025-08-26T18:29:31.297+0100] {logging_mixin.py:188} INFO - [2025-08-26T18:29:31.297+0100] {dag.py:3947} INFO - Setting next_dagrun for tutorial_objectstorage to None, run_after=None
[2025-08-26T18:29:31.303+0100] {processor.py:183} INFO - Processing /Users/vlad.alex995/Desktop/de-sprint/.venv-airflow/lib/python3.11/site-packages/airflow/example_dags/tutorial_objectstorage.py took 0.061 seconds
