[2025-08-26T17:25:04.312+0100] {processor.py:161} INFO - Started process (PID=35307) to work on /Users/vlad.alex995/Desktop/de-sprint/.venv-airflow/lib/python3.11/site-packages/airflow/example_dags/tutorial_taskflow_api.py
[2025-08-26T17:25:04.313+0100] {processor.py:830} INFO - Processing file /Users/vlad.alex995/Desktop/de-sprint/.venv-airflow/lib/python3.11/site-packages/airflow/example_dags/tutorial_taskflow_api.py for tasks to queue
[2025-08-26T17:25:04.313+0100] {logging_mixin.py:188} INFO - [2025-08-26T17:25:04.313+0100] {dagbag.py:545} INFO - Filling up the DagBag from /Users/vlad.alex995/Desktop/de-sprint/.venv-airflow/lib/python3.11/site-packages/airflow/example_dags/tutorial_taskflow_api.py
[2025-08-26T17:25:04.326+0100] {processor.py:840} INFO - DAG(s) 'tutorial_taskflow_api' retrieved from /Users/vlad.alex995/Desktop/de-sprint/.venv-airflow/lib/python3.11/site-packages/airflow/example_dags/tutorial_taskflow_api.py
[2025-08-26T17:25:04.382+0100] {logging_mixin.py:188} INFO - [2025-08-26T17:25:04.382+0100] {override.py:1858} INFO - Created Permission View: can delete on DAG:tutorial_taskflow_api
[2025-08-26T17:25:04.385+0100] {logging_mixin.py:188} INFO - [2025-08-26T17:25:04.385+0100] {override.py:1858} INFO - Created Permission View: can edit on DAG:tutorial_taskflow_api
[2025-08-26T17:25:04.387+0100] {logging_mixin.py:188} INFO - [2025-08-26T17:25:04.387+0100] {override.py:1858} INFO - Created Permission View: can read on DAG:tutorial_taskflow_api
[2025-08-26T17:25:04.387+0100] {logging_mixin.py:188} INFO - [2025-08-26T17:25:04.387+0100] {dag.py:3089} INFO - Sync 1 DAGs
[2025-08-26T17:25:04.412+0100] {logging_mixin.py:188} INFO - [2025-08-26T17:25:04.412+0100] {dag.py:3111} INFO - Creating ORM DAG for tutorial_taskflow_api
[2025-08-26T17:25:04.412+0100] {logging_mixin.py:188} INFO - [2025-08-26T17:25:04.412+0100] {dag.py:3947} INFO - Setting next_dagrun for tutorial_taskflow_api to None, run_after=None
[2025-08-26T17:25:04.418+0100] {processor.py:183} INFO - Processing /Users/vlad.alex995/Desktop/de-sprint/.venv-airflow/lib/python3.11/site-packages/airflow/example_dags/tutorial_taskflow_api.py took 0.107 seconds
[2025-08-26T17:26:26.472+0100] {processor.py:161} INFO - Started process (PID=35371) to work on /Users/vlad.alex995/Desktop/de-sprint/.venv-airflow/lib/python3.11/site-packages/airflow/example_dags/tutorial_taskflow_api.py
[2025-08-26T17:26:26.473+0100] {processor.py:830} INFO - Processing file /Users/vlad.alex995/Desktop/de-sprint/.venv-airflow/lib/python3.11/site-packages/airflow/example_dags/tutorial_taskflow_api.py for tasks to queue
[2025-08-26T17:26:26.473+0100] {logging_mixin.py:188} INFO - [2025-08-26T17:26:26.473+0100] {dagbag.py:545} INFO - Filling up the DagBag from /Users/vlad.alex995/Desktop/de-sprint/.venv-airflow/lib/python3.11/site-packages/airflow/example_dags/tutorial_taskflow_api.py
[2025-08-26T17:26:26.487+0100] {processor.py:840} INFO - DAG(s) 'tutorial_taskflow_api' retrieved from /Users/vlad.alex995/Desktop/de-sprint/.venv-airflow/lib/python3.11/site-packages/airflow/example_dags/tutorial_taskflow_api.py
[2025-08-26T17:26:26.518+0100] {logging_mixin.py:188} INFO - [2025-08-26T17:26:26.518+0100] {dag.py:3089} INFO - Sync 1 DAGs
[2025-08-26T17:26:26.521+0100] {logging_mixin.py:188} INFO - [2025-08-26T17:26:26.521+0100] {dag.py:3947} INFO - Setting next_dagrun for tutorial_taskflow_api to None, run_after=None
[2025-08-26T17:26:26.527+0100] {processor.py:183} INFO - Processing /Users/vlad.alex995/Desktop/de-sprint/.venv-airflow/lib/python3.11/site-packages/airflow/example_dags/tutorial_taskflow_api.py took 0.056 seconds
[2025-08-26T17:27:12.454+0100] {processor.py:161} INFO - Started process (PID=35404) to work on /Users/vlad.alex995/Desktop/de-sprint/.venv-airflow/lib/python3.11/site-packages/airflow/example_dags/tutorial_taskflow_api.py
[2025-08-26T17:27:12.454+0100] {processor.py:830} INFO - Processing file /Users/vlad.alex995/Desktop/de-sprint/.venv-airflow/lib/python3.11/site-packages/airflow/example_dags/tutorial_taskflow_api.py for tasks to queue
[2025-08-26T17:27:12.454+0100] {logging_mixin.py:188} INFO - [2025-08-26T17:27:12.454+0100] {dagbag.py:545} INFO - Filling up the DagBag from /Users/vlad.alex995/Desktop/de-sprint/.venv-airflow/lib/python3.11/site-packages/airflow/example_dags/tutorial_taskflow_api.py
[2025-08-26T17:27:12.468+0100] {processor.py:840} INFO - DAG(s) 'tutorial_taskflow_api' retrieved from /Users/vlad.alex995/Desktop/de-sprint/.venv-airflow/lib/python3.11/site-packages/airflow/example_dags/tutorial_taskflow_api.py
[2025-08-26T17:27:12.503+0100] {logging_mixin.py:188} INFO - [2025-08-26T17:27:12.503+0100] {dag.py:3089} INFO - Sync 1 DAGs
[2025-08-26T17:27:12.506+0100] {logging_mixin.py:188} INFO - [2025-08-26T17:27:12.506+0100] {dag.py:3947} INFO - Setting next_dagrun for tutorial_taskflow_api to None, run_after=None
[2025-08-26T17:27:12.512+0100] {processor.py:183} INFO - Processing /Users/vlad.alex995/Desktop/de-sprint/.venv-airflow/lib/python3.11/site-packages/airflow/example_dags/tutorial_taskflow_api.py took 0.060 seconds
[2025-08-26T17:27:58.275+0100] {processor.py:161} INFO - Started process (PID=35443) to work on /Users/vlad.alex995/Desktop/de-sprint/.venv-airflow/lib/python3.11/site-packages/airflow/example_dags/tutorial_taskflow_api.py
[2025-08-26T17:27:58.277+0100] {processor.py:830} INFO - Processing file /Users/vlad.alex995/Desktop/de-sprint/.venv-airflow/lib/python3.11/site-packages/airflow/example_dags/tutorial_taskflow_api.py for tasks to queue
[2025-08-26T17:27:58.277+0100] {logging_mixin.py:188} INFO - [2025-08-26T17:27:58.277+0100] {dagbag.py:545} INFO - Filling up the DagBag from /Users/vlad.alex995/Desktop/de-sprint/.venv-airflow/lib/python3.11/site-packages/airflow/example_dags/tutorial_taskflow_api.py
[2025-08-26T17:27:58.290+0100] {processor.py:840} INFO - DAG(s) 'tutorial_taskflow_api' retrieved from /Users/vlad.alex995/Desktop/de-sprint/.venv-airflow/lib/python3.11/site-packages/airflow/example_dags/tutorial_taskflow_api.py
[2025-08-26T17:27:58.320+0100] {logging_mixin.py:188} INFO - [2025-08-26T17:27:58.320+0100] {dag.py:3089} INFO - Sync 1 DAGs
[2025-08-26T17:27:58.323+0100] {logging_mixin.py:188} INFO - [2025-08-26T17:27:58.322+0100] {dag.py:3947} INFO - Setting next_dagrun for tutorial_taskflow_api to None, run_after=None
[2025-08-26T17:27:58.329+0100] {processor.py:183} INFO - Processing /Users/vlad.alex995/Desktop/de-sprint/.venv-airflow/lib/python3.11/site-packages/airflow/example_dags/tutorial_taskflow_api.py took 0.054 seconds
[2025-08-26T17:28:44.825+0100] {processor.py:161} INFO - Started process (PID=35477) to work on /Users/vlad.alex995/Desktop/de-sprint/.venv-airflow/lib/python3.11/site-packages/airflow/example_dags/tutorial_taskflow_api.py
[2025-08-26T17:28:44.826+0100] {processor.py:830} INFO - Processing file /Users/vlad.alex995/Desktop/de-sprint/.venv-airflow/lib/python3.11/site-packages/airflow/example_dags/tutorial_taskflow_api.py for tasks to queue
[2025-08-26T17:28:44.827+0100] {logging_mixin.py:188} INFO - [2025-08-26T17:28:44.826+0100] {dagbag.py:545} INFO - Filling up the DagBag from /Users/vlad.alex995/Desktop/de-sprint/.venv-airflow/lib/python3.11/site-packages/airflow/example_dags/tutorial_taskflow_api.py
[2025-08-26T17:28:44.840+0100] {processor.py:840} INFO - DAG(s) 'tutorial_taskflow_api' retrieved from /Users/vlad.alex995/Desktop/de-sprint/.venv-airflow/lib/python3.11/site-packages/airflow/example_dags/tutorial_taskflow_api.py
[2025-08-26T17:28:44.869+0100] {logging_mixin.py:188} INFO - [2025-08-26T17:28:44.869+0100] {dag.py:3089} INFO - Sync 1 DAGs
[2025-08-26T17:28:44.872+0100] {logging_mixin.py:188} INFO - [2025-08-26T17:28:44.872+0100] {dag.py:3947} INFO - Setting next_dagrun for tutorial_taskflow_api to None, run_after=None
[2025-08-26T17:28:44.878+0100] {processor.py:183} INFO - Processing /Users/vlad.alex995/Desktop/de-sprint/.venv-airflow/lib/python3.11/site-packages/airflow/example_dags/tutorial_taskflow_api.py took 0.054 seconds
[2025-08-26T17:29:33.251+0100] {processor.py:161} INFO - Started process (PID=35512) to work on /Users/vlad.alex995/Desktop/de-sprint/.venv-airflow/lib/python3.11/site-packages/airflow/example_dags/tutorial_taskflow_api.py
[2025-08-26T17:29:33.251+0100] {processor.py:830} INFO - Processing file /Users/vlad.alex995/Desktop/de-sprint/.venv-airflow/lib/python3.11/site-packages/airflow/example_dags/tutorial_taskflow_api.py for tasks to queue
[2025-08-26T17:29:33.251+0100] {logging_mixin.py:188} INFO - [2025-08-26T17:29:33.251+0100] {dagbag.py:545} INFO - Filling up the DagBag from /Users/vlad.alex995/Desktop/de-sprint/.venv-airflow/lib/python3.11/site-packages/airflow/example_dags/tutorial_taskflow_api.py
[2025-08-26T17:29:33.265+0100] {processor.py:840} INFO - DAG(s) 'tutorial_taskflow_api' retrieved from /Users/vlad.alex995/Desktop/de-sprint/.venv-airflow/lib/python3.11/site-packages/airflow/example_dags/tutorial_taskflow_api.py
[2025-08-26T17:29:33.294+0100] {logging_mixin.py:188} INFO - [2025-08-26T17:29:33.294+0100] {dag.py:3089} INFO - Sync 1 DAGs
[2025-08-26T17:29:33.297+0100] {logging_mixin.py:188} INFO - [2025-08-26T17:29:33.297+0100] {dag.py:3947} INFO - Setting next_dagrun for tutorial_taskflow_api to None, run_after=None
[2025-08-26T17:29:33.303+0100] {processor.py:183} INFO - Processing /Users/vlad.alex995/Desktop/de-sprint/.venv-airflow/lib/python3.11/site-packages/airflow/example_dags/tutorial_taskflow_api.py took 0.053 seconds
[2025-08-26T17:30:19.945+0100] {processor.py:161} INFO - Started process (PID=35548) to work on /Users/vlad.alex995/Desktop/de-sprint/.venv-airflow/lib/python3.11/site-packages/airflow/example_dags/tutorial_taskflow_api.py
[2025-08-26T17:30:19.946+0100] {processor.py:830} INFO - Processing file /Users/vlad.alex995/Desktop/de-sprint/.venv-airflow/lib/python3.11/site-packages/airflow/example_dags/tutorial_taskflow_api.py for tasks to queue
[2025-08-26T17:30:19.946+0100] {logging_mixin.py:188} INFO - [2025-08-26T17:30:19.946+0100] {dagbag.py:545} INFO - Filling up the DagBag from /Users/vlad.alex995/Desktop/de-sprint/.venv-airflow/lib/python3.11/site-packages/airflow/example_dags/tutorial_taskflow_api.py
[2025-08-26T17:30:19.958+0100] {processor.py:840} INFO - DAG(s) 'tutorial_taskflow_api' retrieved from /Users/vlad.alex995/Desktop/de-sprint/.venv-airflow/lib/python3.11/site-packages/airflow/example_dags/tutorial_taskflow_api.py
[2025-08-26T17:30:19.987+0100] {logging_mixin.py:188} INFO - [2025-08-26T17:30:19.987+0100] {dag.py:3089} INFO - Sync 1 DAGs
[2025-08-26T17:30:19.990+0100] {logging_mixin.py:188} INFO - [2025-08-26T17:30:19.990+0100] {dag.py:3947} INFO - Setting next_dagrun for tutorial_taskflow_api to None, run_after=None
[2025-08-26T17:30:19.996+0100] {processor.py:183} INFO - Processing /Users/vlad.alex995/Desktop/de-sprint/.venv-airflow/lib/python3.11/site-packages/airflow/example_dags/tutorial_taskflow_api.py took 0.052 seconds
[2025-08-26T17:31:04.120+0100] {processor.py:161} INFO - Started process (PID=35582) to work on /Users/vlad.alex995/Desktop/de-sprint/.venv-airflow/lib/python3.11/site-packages/airflow/example_dags/tutorial_taskflow_api.py
[2025-08-26T17:31:04.121+0100] {processor.py:830} INFO - Processing file /Users/vlad.alex995/Desktop/de-sprint/.venv-airflow/lib/python3.11/site-packages/airflow/example_dags/tutorial_taskflow_api.py for tasks to queue
[2025-08-26T17:31:04.121+0100] {logging_mixin.py:188} INFO - [2025-08-26T17:31:04.121+0100] {dagbag.py:545} INFO - Filling up the DagBag from /Users/vlad.alex995/Desktop/de-sprint/.venv-airflow/lib/python3.11/site-packages/airflow/example_dags/tutorial_taskflow_api.py
[2025-08-26T17:31:04.136+0100] {processor.py:840} INFO - DAG(s) 'tutorial_taskflow_api' retrieved from /Users/vlad.alex995/Desktop/de-sprint/.venv-airflow/lib/python3.11/site-packages/airflow/example_dags/tutorial_taskflow_api.py
[2025-08-26T17:31:04.167+0100] {logging_mixin.py:188} INFO - [2025-08-26T17:31:04.167+0100] {dag.py:3089} INFO - Sync 1 DAGs
[2025-08-26T17:31:04.170+0100] {logging_mixin.py:188} INFO - [2025-08-26T17:31:04.170+0100] {dag.py:3947} INFO - Setting next_dagrun for tutorial_taskflow_api to None, run_after=None
[2025-08-26T17:31:04.177+0100] {processor.py:183} INFO - Processing /Users/vlad.alex995/Desktop/de-sprint/.venv-airflow/lib/python3.11/site-packages/airflow/example_dags/tutorial_taskflow_api.py took 0.058 seconds
[2025-08-26T17:31:48.839+0100] {processor.py:161} INFO - Started process (PID=35675) to work on /Users/vlad.alex995/Desktop/de-sprint/.venv-airflow/lib/python3.11/site-packages/airflow/example_dags/tutorial_taskflow_api.py
[2025-08-26T17:31:48.839+0100] {processor.py:830} INFO - Processing file /Users/vlad.alex995/Desktop/de-sprint/.venv-airflow/lib/python3.11/site-packages/airflow/example_dags/tutorial_taskflow_api.py for tasks to queue
[2025-08-26T17:31:48.839+0100] {logging_mixin.py:188} INFO - [2025-08-26T17:31:48.839+0100] {dagbag.py:545} INFO - Filling up the DagBag from /Users/vlad.alex995/Desktop/de-sprint/.venv-airflow/lib/python3.11/site-packages/airflow/example_dags/tutorial_taskflow_api.py
[2025-08-26T17:31:48.853+0100] {processor.py:840} INFO - DAG(s) 'tutorial_taskflow_api' retrieved from /Users/vlad.alex995/Desktop/de-sprint/.venv-airflow/lib/python3.11/site-packages/airflow/example_dags/tutorial_taskflow_api.py
[2025-08-26T17:31:48.881+0100] {logging_mixin.py:188} INFO - [2025-08-26T17:31:48.881+0100] {dag.py:3089} INFO - Sync 1 DAGs
[2025-08-26T17:31:48.884+0100] {logging_mixin.py:188} INFO - [2025-08-26T17:31:48.883+0100] {dag.py:3947} INFO - Setting next_dagrun for tutorial_taskflow_api to None, run_after=None
[2025-08-26T17:31:48.889+0100] {processor.py:183} INFO - Processing /Users/vlad.alex995/Desktop/de-sprint/.venv-airflow/lib/python3.11/site-packages/airflow/example_dags/tutorial_taskflow_api.py took 0.052 seconds
[2025-08-26T17:32:33.201+0100] {processor.py:161} INFO - Started process (PID=35965) to work on /Users/vlad.alex995/Desktop/de-sprint/.venv-airflow/lib/python3.11/site-packages/airflow/example_dags/tutorial_taskflow_api.py
[2025-08-26T17:32:33.201+0100] {processor.py:830} INFO - Processing file /Users/vlad.alex995/Desktop/de-sprint/.venv-airflow/lib/python3.11/site-packages/airflow/example_dags/tutorial_taskflow_api.py for tasks to queue
[2025-08-26T17:32:33.201+0100] {logging_mixin.py:188} INFO - [2025-08-26T17:32:33.201+0100] {dagbag.py:545} INFO - Filling up the DagBag from /Users/vlad.alex995/Desktop/de-sprint/.venv-airflow/lib/python3.11/site-packages/airflow/example_dags/tutorial_taskflow_api.py
[2025-08-26T17:32:33.214+0100] {processor.py:840} INFO - DAG(s) 'tutorial_taskflow_api' retrieved from /Users/vlad.alex995/Desktop/de-sprint/.venv-airflow/lib/python3.11/site-packages/airflow/example_dags/tutorial_taskflow_api.py
[2025-08-26T17:32:33.243+0100] {logging_mixin.py:188} INFO - [2025-08-26T17:32:33.243+0100] {dag.py:3089} INFO - Sync 1 DAGs
[2025-08-26T17:32:33.246+0100] {logging_mixin.py:188} INFO - [2025-08-26T17:32:33.246+0100] {dag.py:3947} INFO - Setting next_dagrun for tutorial_taskflow_api to None, run_after=None
[2025-08-26T17:32:33.252+0100] {processor.py:183} INFO - Processing /Users/vlad.alex995/Desktop/de-sprint/.venv-airflow/lib/python3.11/site-packages/airflow/example_dags/tutorial_taskflow_api.py took 0.052 seconds
[2025-08-26T17:33:19.781+0100] {processor.py:161} INFO - Started process (PID=36010) to work on /Users/vlad.alex995/Desktop/de-sprint/.venv-airflow/lib/python3.11/site-packages/airflow/example_dags/tutorial_taskflow_api.py
[2025-08-26T17:33:19.782+0100] {processor.py:830} INFO - Processing file /Users/vlad.alex995/Desktop/de-sprint/.venv-airflow/lib/python3.11/site-packages/airflow/example_dags/tutorial_taskflow_api.py for tasks to queue
[2025-08-26T17:33:19.782+0100] {logging_mixin.py:188} INFO - [2025-08-26T17:33:19.782+0100] {dagbag.py:545} INFO - Filling up the DagBag from /Users/vlad.alex995/Desktop/de-sprint/.venv-airflow/lib/python3.11/site-packages/airflow/example_dags/tutorial_taskflow_api.py
[2025-08-26T17:33:19.795+0100] {processor.py:840} INFO - DAG(s) 'tutorial_taskflow_api' retrieved from /Users/vlad.alex995/Desktop/de-sprint/.venv-airflow/lib/python3.11/site-packages/airflow/example_dags/tutorial_taskflow_api.py
[2025-08-26T17:33:19.824+0100] {logging_mixin.py:188} INFO - [2025-08-26T17:33:19.824+0100] {dag.py:3089} INFO - Sync 1 DAGs
[2025-08-26T17:33:19.827+0100] {logging_mixin.py:188} INFO - [2025-08-26T17:33:19.827+0100] {dag.py:3947} INFO - Setting next_dagrun for tutorial_taskflow_api to None, run_after=None
[2025-08-26T17:33:19.833+0100] {processor.py:183} INFO - Processing /Users/vlad.alex995/Desktop/de-sprint/.venv-airflow/lib/python3.11/site-packages/airflow/example_dags/tutorial_taskflow_api.py took 0.053 seconds
[2025-08-26T18:10:49.742+0100] {processor.py:161} INFO - Started process (PID=37383) to work on /Users/vlad.alex995/Desktop/de-sprint/.venv-airflow/lib/python3.11/site-packages/airflow/example_dags/tutorial_taskflow_api.py
[2025-08-26T18:10:49.743+0100] {processor.py:830} INFO - Processing file /Users/vlad.alex995/Desktop/de-sprint/.venv-airflow/lib/python3.11/site-packages/airflow/example_dags/tutorial_taskflow_api.py for tasks to queue
[2025-08-26T18:10:49.744+0100] {logging_mixin.py:188} INFO - [2025-08-26T18:10:49.744+0100] {dagbag.py:545} INFO - Filling up the DagBag from /Users/vlad.alex995/Desktop/de-sprint/.venv-airflow/lib/python3.11/site-packages/airflow/example_dags/tutorial_taskflow_api.py
[2025-08-26T18:10:49.759+0100] {processor.py:840} INFO - DAG(s) 'tutorial_taskflow_api' retrieved from /Users/vlad.alex995/Desktop/de-sprint/.venv-airflow/lib/python3.11/site-packages/airflow/example_dags/tutorial_taskflow_api.py
[2025-08-26T18:10:49.792+0100] {logging_mixin.py:188} INFO - [2025-08-26T18:10:49.792+0100] {dag.py:3089} INFO - Sync 1 DAGs
[2025-08-26T18:10:49.795+0100] {logging_mixin.py:188} INFO - [2025-08-26T18:10:49.795+0100] {dag.py:3947} INFO - Setting next_dagrun for tutorial_taskflow_api to None, run_after=None
[2025-08-26T18:10:49.802+0100] {processor.py:183} INFO - Processing /Users/vlad.alex995/Desktop/de-sprint/.venv-airflow/lib/python3.11/site-packages/airflow/example_dags/tutorial_taskflow_api.py took 0.060 seconds
[2025-08-26T18:12:09.096+0100] {processor.py:161} INFO - Started process (PID=37456) to work on /Users/vlad.alex995/Desktop/de-sprint/.venv-airflow/lib/python3.11/site-packages/airflow/example_dags/tutorial_taskflow_api.py
[2025-08-26T18:12:09.097+0100] {processor.py:830} INFO - Processing file /Users/vlad.alex995/Desktop/de-sprint/.venv-airflow/lib/python3.11/site-packages/airflow/example_dags/tutorial_taskflow_api.py for tasks to queue
[2025-08-26T18:12:09.098+0100] {logging_mixin.py:188} INFO - [2025-08-26T18:12:09.097+0100] {dagbag.py:545} INFO - Filling up the DagBag from /Users/vlad.alex995/Desktop/de-sprint/.venv-airflow/lib/python3.11/site-packages/airflow/example_dags/tutorial_taskflow_api.py
[2025-08-26T18:12:09.110+0100] {processor.py:840} INFO - DAG(s) 'tutorial_taskflow_api' retrieved from /Users/vlad.alex995/Desktop/de-sprint/.venv-airflow/lib/python3.11/site-packages/airflow/example_dags/tutorial_taskflow_api.py
[2025-08-26T18:12:09.138+0100] {logging_mixin.py:188} INFO - [2025-08-26T18:12:09.138+0100] {dag.py:3089} INFO - Sync 1 DAGs
[2025-08-26T18:12:09.141+0100] {logging_mixin.py:188} INFO - [2025-08-26T18:12:09.141+0100] {dag.py:3947} INFO - Setting next_dagrun for tutorial_taskflow_api to None, run_after=None
[2025-08-26T18:12:09.146+0100] {processor.py:183} INFO - Processing /Users/vlad.alex995/Desktop/de-sprint/.venv-airflow/lib/python3.11/site-packages/airflow/example_dags/tutorial_taskflow_api.py took 0.051 seconds
[2025-08-26T18:12:56.820+0100] {processor.py:161} INFO - Started process (PID=37494) to work on /Users/vlad.alex995/Desktop/de-sprint/.venv-airflow/lib/python3.11/site-packages/airflow/example_dags/tutorial_taskflow_api.py
[2025-08-26T18:12:56.820+0100] {processor.py:830} INFO - Processing file /Users/vlad.alex995/Desktop/de-sprint/.venv-airflow/lib/python3.11/site-packages/airflow/example_dags/tutorial_taskflow_api.py for tasks to queue
[2025-08-26T18:12:56.821+0100] {logging_mixin.py:188} INFO - [2025-08-26T18:12:56.820+0100] {dagbag.py:545} INFO - Filling up the DagBag from /Users/vlad.alex995/Desktop/de-sprint/.venv-airflow/lib/python3.11/site-packages/airflow/example_dags/tutorial_taskflow_api.py
[2025-08-26T18:12:56.834+0100] {processor.py:840} INFO - DAG(s) 'tutorial_taskflow_api' retrieved from /Users/vlad.alex995/Desktop/de-sprint/.venv-airflow/lib/python3.11/site-packages/airflow/example_dags/tutorial_taskflow_api.py
[2025-08-26T18:12:56.865+0100] {logging_mixin.py:188} INFO - [2025-08-26T18:12:56.865+0100] {dag.py:3089} INFO - Sync 1 DAGs
[2025-08-26T18:12:56.868+0100] {logging_mixin.py:188} INFO - [2025-08-26T18:12:56.868+0100] {dag.py:3947} INFO - Setting next_dagrun for tutorial_taskflow_api to None, run_after=None
[2025-08-26T18:12:56.875+0100] {processor.py:183} INFO - Processing /Users/vlad.alex995/Desktop/de-sprint/.venv-airflow/lib/python3.11/site-packages/airflow/example_dags/tutorial_taskflow_api.py took 0.056 seconds
[2025-08-26T18:13:39.474+0100] {processor.py:161} INFO - Started process (PID=37528) to work on /Users/vlad.alex995/Desktop/de-sprint/.venv-airflow/lib/python3.11/site-packages/airflow/example_dags/tutorial_taskflow_api.py
[2025-08-26T18:13:39.474+0100] {processor.py:830} INFO - Processing file /Users/vlad.alex995/Desktop/de-sprint/.venv-airflow/lib/python3.11/site-packages/airflow/example_dags/tutorial_taskflow_api.py for tasks to queue
[2025-08-26T18:13:39.475+0100] {logging_mixin.py:188} INFO - [2025-08-26T18:13:39.475+0100] {dagbag.py:545} INFO - Filling up the DagBag from /Users/vlad.alex995/Desktop/de-sprint/.venv-airflow/lib/python3.11/site-packages/airflow/example_dags/tutorial_taskflow_api.py
[2025-08-26T18:13:39.487+0100] {processor.py:840} INFO - DAG(s) 'tutorial_taskflow_api' retrieved from /Users/vlad.alex995/Desktop/de-sprint/.venv-airflow/lib/python3.11/site-packages/airflow/example_dags/tutorial_taskflow_api.py
[2025-08-26T18:13:39.514+0100] {logging_mixin.py:188} INFO - [2025-08-26T18:13:39.514+0100] {dag.py:3089} INFO - Sync 1 DAGs
[2025-08-26T18:13:39.517+0100] {logging_mixin.py:188} INFO - [2025-08-26T18:13:39.517+0100] {dag.py:3947} INFO - Setting next_dagrun for tutorial_taskflow_api to None, run_after=None
[2025-08-26T18:13:39.522+0100] {processor.py:183} INFO - Processing /Users/vlad.alex995/Desktop/de-sprint/.venv-airflow/lib/python3.11/site-packages/airflow/example_dags/tutorial_taskflow_api.py took 0.049 seconds
[2025-08-26T18:14:22.650+0100] {processor.py:161} INFO - Started process (PID=37797) to work on /Users/vlad.alex995/Desktop/de-sprint/.venv-airflow/lib/python3.11/site-packages/airflow/example_dags/tutorial_taskflow_api.py
[2025-08-26T18:14:22.651+0100] {processor.py:830} INFO - Processing file /Users/vlad.alex995/Desktop/de-sprint/.venv-airflow/lib/python3.11/site-packages/airflow/example_dags/tutorial_taskflow_api.py for tasks to queue
[2025-08-26T18:14:22.651+0100] {logging_mixin.py:188} INFO - [2025-08-26T18:14:22.651+0100] {dagbag.py:545} INFO - Filling up the DagBag from /Users/vlad.alex995/Desktop/de-sprint/.venv-airflow/lib/python3.11/site-packages/airflow/example_dags/tutorial_taskflow_api.py
[2025-08-26T18:14:22.666+0100] {processor.py:840} INFO - DAG(s) 'tutorial_taskflow_api' retrieved from /Users/vlad.alex995/Desktop/de-sprint/.venv-airflow/lib/python3.11/site-packages/airflow/example_dags/tutorial_taskflow_api.py
[2025-08-26T18:14:22.699+0100] {logging_mixin.py:188} INFO - [2025-08-26T18:14:22.698+0100] {dag.py:3089} INFO - Sync 1 DAGs
[2025-08-26T18:14:22.702+0100] {logging_mixin.py:188} INFO - [2025-08-26T18:14:22.701+0100] {dag.py:3947} INFO - Setting next_dagrun for tutorial_taskflow_api to None, run_after=None
[2025-08-26T18:14:22.707+0100] {processor.py:183} INFO - Processing /Users/vlad.alex995/Desktop/de-sprint/.venv-airflow/lib/python3.11/site-packages/airflow/example_dags/tutorial_taskflow_api.py took 0.058 seconds
[2025-08-26T18:15:07.209+0100] {processor.py:161} INFO - Started process (PID=37992) to work on /Users/vlad.alex995/Desktop/de-sprint/.venv-airflow/lib/python3.11/site-packages/airflow/example_dags/tutorial_taskflow_api.py
[2025-08-26T18:15:07.209+0100] {processor.py:830} INFO - Processing file /Users/vlad.alex995/Desktop/de-sprint/.venv-airflow/lib/python3.11/site-packages/airflow/example_dags/tutorial_taskflow_api.py for tasks to queue
[2025-08-26T18:15:07.210+0100] {logging_mixin.py:188} INFO - [2025-08-26T18:15:07.210+0100] {dagbag.py:545} INFO - Filling up the DagBag from /Users/vlad.alex995/Desktop/de-sprint/.venv-airflow/lib/python3.11/site-packages/airflow/example_dags/tutorial_taskflow_api.py
[2025-08-26T18:15:07.223+0100] {processor.py:840} INFO - DAG(s) 'tutorial_taskflow_api' retrieved from /Users/vlad.alex995/Desktop/de-sprint/.venv-airflow/lib/python3.11/site-packages/airflow/example_dags/tutorial_taskflow_api.py
[2025-08-26T18:15:07.251+0100] {logging_mixin.py:188} INFO - [2025-08-26T18:15:07.251+0100] {dag.py:3089} INFO - Sync 1 DAGs
[2025-08-26T18:15:07.254+0100] {logging_mixin.py:188} INFO - [2025-08-26T18:15:07.254+0100] {dag.py:3947} INFO - Setting next_dagrun for tutorial_taskflow_api to None, run_after=None
[2025-08-26T18:15:07.260+0100] {processor.py:183} INFO - Processing /Users/vlad.alex995/Desktop/de-sprint/.venv-airflow/lib/python3.11/site-packages/airflow/example_dags/tutorial_taskflow_api.py took 0.053 seconds
[2025-08-26T18:15:54.674+0100] {processor.py:161} INFO - Started process (PID=38032) to work on /Users/vlad.alex995/Desktop/de-sprint/.venv-airflow/lib/python3.11/site-packages/airflow/example_dags/tutorial_taskflow_api.py
[2025-08-26T18:15:54.675+0100] {processor.py:830} INFO - Processing file /Users/vlad.alex995/Desktop/de-sprint/.venv-airflow/lib/python3.11/site-packages/airflow/example_dags/tutorial_taskflow_api.py for tasks to queue
[2025-08-26T18:15:54.675+0100] {logging_mixin.py:188} INFO - [2025-08-26T18:15:54.675+0100] {dagbag.py:545} INFO - Filling up the DagBag from /Users/vlad.alex995/Desktop/de-sprint/.venv-airflow/lib/python3.11/site-packages/airflow/example_dags/tutorial_taskflow_api.py
[2025-08-26T18:15:54.689+0100] {processor.py:840} INFO - DAG(s) 'tutorial_taskflow_api' retrieved from /Users/vlad.alex995/Desktop/de-sprint/.venv-airflow/lib/python3.11/site-packages/airflow/example_dags/tutorial_taskflow_api.py
[2025-08-26T18:15:54.718+0100] {logging_mixin.py:188} INFO - [2025-08-26T18:15:54.718+0100] {dag.py:3089} INFO - Sync 1 DAGs
[2025-08-26T18:15:54.721+0100] {logging_mixin.py:188} INFO - [2025-08-26T18:15:54.721+0100] {dag.py:3947} INFO - Setting next_dagrun for tutorial_taskflow_api to None, run_after=None
[2025-08-26T18:15:54.727+0100] {processor.py:183} INFO - Processing /Users/vlad.alex995/Desktop/de-sprint/.venv-airflow/lib/python3.11/site-packages/airflow/example_dags/tutorial_taskflow_api.py took 0.054 seconds
[2025-08-26T18:16:41.141+0100] {processor.py:161} INFO - Started process (PID=38068) to work on /Users/vlad.alex995/Desktop/de-sprint/.venv-airflow/lib/python3.11/site-packages/airflow/example_dags/tutorial_taskflow_api.py
[2025-08-26T18:16:41.141+0100] {processor.py:830} INFO - Processing file /Users/vlad.alex995/Desktop/de-sprint/.venv-airflow/lib/python3.11/site-packages/airflow/example_dags/tutorial_taskflow_api.py for tasks to queue
[2025-08-26T18:16:41.142+0100] {logging_mixin.py:188} INFO - [2025-08-26T18:16:41.142+0100] {dagbag.py:545} INFO - Filling up the DagBag from /Users/vlad.alex995/Desktop/de-sprint/.venv-airflow/lib/python3.11/site-packages/airflow/example_dags/tutorial_taskflow_api.py
[2025-08-26T18:16:41.154+0100] {processor.py:840} INFO - DAG(s) 'tutorial_taskflow_api' retrieved from /Users/vlad.alex995/Desktop/de-sprint/.venv-airflow/lib/python3.11/site-packages/airflow/example_dags/tutorial_taskflow_api.py
[2025-08-26T18:16:41.182+0100] {logging_mixin.py:188} INFO - [2025-08-26T18:16:41.182+0100] {dag.py:3089} INFO - Sync 1 DAGs
[2025-08-26T18:16:41.185+0100] {logging_mixin.py:188} INFO - [2025-08-26T18:16:41.185+0100] {dag.py:3947} INFO - Setting next_dagrun for tutorial_taskflow_api to None, run_after=None
[2025-08-26T18:16:41.191+0100] {processor.py:183} INFO - Processing /Users/vlad.alex995/Desktop/de-sprint/.venv-airflow/lib/python3.11/site-packages/airflow/example_dags/tutorial_taskflow_api.py took 0.051 seconds
[2025-08-26T18:17:30.956+0100] {processor.py:161} INFO - Started process (PID=38133) to work on /Users/vlad.alex995/Desktop/de-sprint/.venv-airflow/lib/python3.11/site-packages/airflow/example_dags/tutorial_taskflow_api.py
[2025-08-26T18:17:30.956+0100] {processor.py:830} INFO - Processing file /Users/vlad.alex995/Desktop/de-sprint/.venv-airflow/lib/python3.11/site-packages/airflow/example_dags/tutorial_taskflow_api.py for tasks to queue
[2025-08-26T18:17:30.957+0100] {logging_mixin.py:188} INFO - [2025-08-26T18:17:30.957+0100] {dagbag.py:545} INFO - Filling up the DagBag from /Users/vlad.alex995/Desktop/de-sprint/.venv-airflow/lib/python3.11/site-packages/airflow/example_dags/tutorial_taskflow_api.py
[2025-08-26T18:17:30.972+0100] {processor.py:840} INFO - DAG(s) 'tutorial_taskflow_api' retrieved from /Users/vlad.alex995/Desktop/de-sprint/.venv-airflow/lib/python3.11/site-packages/airflow/example_dags/tutorial_taskflow_api.py
[2025-08-26T18:17:31.007+0100] {logging_mixin.py:188} INFO - [2025-08-26T18:17:31.007+0100] {dag.py:3089} INFO - Sync 1 DAGs
[2025-08-26T18:17:31.010+0100] {logging_mixin.py:188} INFO - [2025-08-26T18:17:31.010+0100] {dag.py:3947} INFO - Setting next_dagrun for tutorial_taskflow_api to None, run_after=None
[2025-08-26T18:17:31.017+0100] {processor.py:183} INFO - Processing /Users/vlad.alex995/Desktop/de-sprint/.venv-airflow/lib/python3.11/site-packages/airflow/example_dags/tutorial_taskflow_api.py took 0.062 seconds
[2025-08-26T18:18:21.027+0100] {processor.py:161} INFO - Started process (PID=38432) to work on /Users/vlad.alex995/Desktop/de-sprint/.venv-airflow/lib/python3.11/site-packages/airflow/example_dags/tutorial_taskflow_api.py
[2025-08-26T18:18:21.028+0100] {processor.py:830} INFO - Processing file /Users/vlad.alex995/Desktop/de-sprint/.venv-airflow/lib/python3.11/site-packages/airflow/example_dags/tutorial_taskflow_api.py for tasks to queue
[2025-08-26T18:18:21.029+0100] {logging_mixin.py:188} INFO - [2025-08-26T18:18:21.028+0100] {dagbag.py:545} INFO - Filling up the DagBag from /Users/vlad.alex995/Desktop/de-sprint/.venv-airflow/lib/python3.11/site-packages/airflow/example_dags/tutorial_taskflow_api.py
[2025-08-26T18:18:21.042+0100] {processor.py:840} INFO - DAG(s) 'tutorial_taskflow_api' retrieved from /Users/vlad.alex995/Desktop/de-sprint/.venv-airflow/lib/python3.11/site-packages/airflow/example_dags/tutorial_taskflow_api.py
[2025-08-26T18:18:21.071+0100] {logging_mixin.py:188} INFO - [2025-08-26T18:18:21.070+0100] {dag.py:3089} INFO - Sync 1 DAGs
[2025-08-26T18:18:21.073+0100] {logging_mixin.py:188} INFO - [2025-08-26T18:18:21.073+0100] {dag.py:3947} INFO - Setting next_dagrun for tutorial_taskflow_api to None, run_after=None
[2025-08-26T18:18:21.079+0100] {processor.py:183} INFO - Processing /Users/vlad.alex995/Desktop/de-sprint/.venv-airflow/lib/python3.11/site-packages/airflow/example_dags/tutorial_taskflow_api.py took 0.053 seconds
[2025-08-26T18:19:19.216+0100] {processor.py:161} INFO - Started process (PID=38849) to work on /Users/vlad.alex995/Desktop/de-sprint/.venv-airflow/lib/python3.11/site-packages/airflow/example_dags/tutorial_taskflow_api.py
[2025-08-26T18:19:19.216+0100] {processor.py:830} INFO - Processing file /Users/vlad.alex995/Desktop/de-sprint/.venv-airflow/lib/python3.11/site-packages/airflow/example_dags/tutorial_taskflow_api.py for tasks to queue
[2025-08-26T18:19:19.217+0100] {logging_mixin.py:188} INFO - [2025-08-26T18:19:19.217+0100] {dagbag.py:545} INFO - Filling up the DagBag from /Users/vlad.alex995/Desktop/de-sprint/.venv-airflow/lib/python3.11/site-packages/airflow/example_dags/tutorial_taskflow_api.py
[2025-08-26T18:19:19.230+0100] {processor.py:840} INFO - DAG(s) 'tutorial_taskflow_api' retrieved from /Users/vlad.alex995/Desktop/de-sprint/.venv-airflow/lib/python3.11/site-packages/airflow/example_dags/tutorial_taskflow_api.py
[2025-08-26T18:19:19.262+0100] {logging_mixin.py:188} INFO - [2025-08-26T18:19:19.261+0100] {dag.py:3089} INFO - Sync 1 DAGs
[2025-08-26T18:19:19.265+0100] {logging_mixin.py:188} INFO - [2025-08-26T18:19:19.265+0100] {dag.py:3947} INFO - Setting next_dagrun for tutorial_taskflow_api to None, run_after=None
[2025-08-26T18:19:19.271+0100] {processor.py:183} INFO - Processing /Users/vlad.alex995/Desktop/de-sprint/.venv-airflow/lib/python3.11/site-packages/airflow/example_dags/tutorial_taskflow_api.py took 0.056 seconds
[2025-08-26T18:20:35.686+0100] {processor.py:161} INFO - Started process (PID=38931) to work on /Users/vlad.alex995/Desktop/de-sprint/.venv-airflow/lib/python3.11/site-packages/airflow/example_dags/tutorial_taskflow_api.py
[2025-08-26T18:20:35.687+0100] {processor.py:830} INFO - Processing file /Users/vlad.alex995/Desktop/de-sprint/.venv-airflow/lib/python3.11/site-packages/airflow/example_dags/tutorial_taskflow_api.py for tasks to queue
[2025-08-26T18:20:35.687+0100] {logging_mixin.py:188} INFO - [2025-08-26T18:20:35.687+0100] {dagbag.py:545} INFO - Filling up the DagBag from /Users/vlad.alex995/Desktop/de-sprint/.venv-airflow/lib/python3.11/site-packages/airflow/example_dags/tutorial_taskflow_api.py
[2025-08-26T18:20:35.700+0100] {processor.py:840} INFO - DAG(s) 'tutorial_taskflow_api' retrieved from /Users/vlad.alex995/Desktop/de-sprint/.venv-airflow/lib/python3.11/site-packages/airflow/example_dags/tutorial_taskflow_api.py
[2025-08-26T18:20:35.728+0100] {logging_mixin.py:188} INFO - [2025-08-26T18:20:35.728+0100] {dag.py:3089} INFO - Sync 1 DAGs
[2025-08-26T18:20:35.731+0100] {logging_mixin.py:188} INFO - [2025-08-26T18:20:35.731+0100] {dag.py:3947} INFO - Setting next_dagrun for tutorial_taskflow_api to None, run_after=None
[2025-08-26T18:20:35.736+0100] {processor.py:183} INFO - Processing /Users/vlad.alex995/Desktop/de-sprint/.venv-airflow/lib/python3.11/site-packages/airflow/example_dags/tutorial_taskflow_api.py took 0.051 seconds
[2025-08-26T18:21:21.146+0100] {processor.py:161} INFO - Started process (PID=38970) to work on /Users/vlad.alex995/Desktop/de-sprint/.venv-airflow/lib/python3.11/site-packages/airflow/example_dags/tutorial_taskflow_api.py
[2025-08-26T18:21:21.147+0100] {processor.py:830} INFO - Processing file /Users/vlad.alex995/Desktop/de-sprint/.venv-airflow/lib/python3.11/site-packages/airflow/example_dags/tutorial_taskflow_api.py for tasks to queue
[2025-08-26T18:21:21.147+0100] {logging_mixin.py:188} INFO - [2025-08-26T18:21:21.147+0100] {dagbag.py:545} INFO - Filling up the DagBag from /Users/vlad.alex995/Desktop/de-sprint/.venv-airflow/lib/python3.11/site-packages/airflow/example_dags/tutorial_taskflow_api.py
[2025-08-26T18:21:21.160+0100] {processor.py:840} INFO - DAG(s) 'tutorial_taskflow_api' retrieved from /Users/vlad.alex995/Desktop/de-sprint/.venv-airflow/lib/python3.11/site-packages/airflow/example_dags/tutorial_taskflow_api.py
[2025-08-26T18:21:21.188+0100] {logging_mixin.py:188} INFO - [2025-08-26T18:21:21.188+0100] {dag.py:3089} INFO - Sync 1 DAGs
[2025-08-26T18:21:21.191+0100] {logging_mixin.py:188} INFO - [2025-08-26T18:21:21.191+0100] {dag.py:3947} INFO - Setting next_dagrun for tutorial_taskflow_api to None, run_after=None
[2025-08-26T18:21:21.197+0100] {processor.py:183} INFO - Processing /Users/vlad.alex995/Desktop/de-sprint/.venv-airflow/lib/python3.11/site-packages/airflow/example_dags/tutorial_taskflow_api.py took 0.051 seconds
[2025-08-26T18:22:08.166+0100] {processor.py:161} INFO - Started process (PID=39010) to work on /Users/vlad.alex995/Desktop/de-sprint/.venv-airflow/lib/python3.11/site-packages/airflow/example_dags/tutorial_taskflow_api.py
[2025-08-26T18:22:08.166+0100] {processor.py:830} INFO - Processing file /Users/vlad.alex995/Desktop/de-sprint/.venv-airflow/lib/python3.11/site-packages/airflow/example_dags/tutorial_taskflow_api.py for tasks to queue
[2025-08-26T18:22:08.167+0100] {logging_mixin.py:188} INFO - [2025-08-26T18:22:08.166+0100] {dagbag.py:545} INFO - Filling up the DagBag from /Users/vlad.alex995/Desktop/de-sprint/.venv-airflow/lib/python3.11/site-packages/airflow/example_dags/tutorial_taskflow_api.py
[2025-08-26T18:22:08.179+0100] {processor.py:840} INFO - DAG(s) 'tutorial_taskflow_api' retrieved from /Users/vlad.alex995/Desktop/de-sprint/.venv-airflow/lib/python3.11/site-packages/airflow/example_dags/tutorial_taskflow_api.py
[2025-08-26T18:22:08.209+0100] {logging_mixin.py:188} INFO - [2025-08-26T18:22:08.208+0100] {dag.py:3089} INFO - Sync 1 DAGs
[2025-08-26T18:22:08.211+0100] {logging_mixin.py:188} INFO - [2025-08-26T18:22:08.211+0100] {dag.py:3947} INFO - Setting next_dagrun for tutorial_taskflow_api to None, run_after=None
[2025-08-26T18:22:08.217+0100] {processor.py:183} INFO - Processing /Users/vlad.alex995/Desktop/de-sprint/.venv-airflow/lib/python3.11/site-packages/airflow/example_dags/tutorial_taskflow_api.py took 0.052 seconds
[2025-08-26T18:22:53.338+0100] {processor.py:161} INFO - Started process (PID=39044) to work on /Users/vlad.alex995/Desktop/de-sprint/.venv-airflow/lib/python3.11/site-packages/airflow/example_dags/tutorial_taskflow_api.py
[2025-08-26T18:22:53.338+0100] {processor.py:830} INFO - Processing file /Users/vlad.alex995/Desktop/de-sprint/.venv-airflow/lib/python3.11/site-packages/airflow/example_dags/tutorial_taskflow_api.py for tasks to queue
[2025-08-26T18:22:53.339+0100] {logging_mixin.py:188} INFO - [2025-08-26T18:22:53.339+0100] {dagbag.py:545} INFO - Filling up the DagBag from /Users/vlad.alex995/Desktop/de-sprint/.venv-airflow/lib/python3.11/site-packages/airflow/example_dags/tutorial_taskflow_api.py
[2025-08-26T18:22:53.351+0100] {processor.py:840} INFO - DAG(s) 'tutorial_taskflow_api' retrieved from /Users/vlad.alex995/Desktop/de-sprint/.venv-airflow/lib/python3.11/site-packages/airflow/example_dags/tutorial_taskflow_api.py
[2025-08-26T18:22:53.379+0100] {logging_mixin.py:188} INFO - [2025-08-26T18:22:53.379+0100] {dag.py:3089} INFO - Sync 1 DAGs
[2025-08-26T18:22:53.382+0100] {logging_mixin.py:188} INFO - [2025-08-26T18:22:53.382+0100] {dag.py:3947} INFO - Setting next_dagrun for tutorial_taskflow_api to None, run_after=None
[2025-08-26T18:22:53.387+0100] {processor.py:183} INFO - Processing /Users/vlad.alex995/Desktop/de-sprint/.venv-airflow/lib/python3.11/site-packages/airflow/example_dags/tutorial_taskflow_api.py took 0.050 seconds
[2025-08-26T18:23:34.515+0100] {processor.py:161} INFO - Started process (PID=39077) to work on /Users/vlad.alex995/Desktop/de-sprint/.venv-airflow/lib/python3.11/site-packages/airflow/example_dags/tutorial_taskflow_api.py
[2025-08-26T18:23:34.516+0100] {processor.py:830} INFO - Processing file /Users/vlad.alex995/Desktop/de-sprint/.venv-airflow/lib/python3.11/site-packages/airflow/example_dags/tutorial_taskflow_api.py for tasks to queue
[2025-08-26T18:23:34.516+0100] {logging_mixin.py:188} INFO - [2025-08-26T18:23:34.516+0100] {dagbag.py:545} INFO - Filling up the DagBag from /Users/vlad.alex995/Desktop/de-sprint/.venv-airflow/lib/python3.11/site-packages/airflow/example_dags/tutorial_taskflow_api.py
[2025-08-26T18:23:34.530+0100] {processor.py:840} INFO - DAG(s) 'tutorial_taskflow_api' retrieved from /Users/vlad.alex995/Desktop/de-sprint/.venv-airflow/lib/python3.11/site-packages/airflow/example_dags/tutorial_taskflow_api.py
[2025-08-26T18:23:34.558+0100] {logging_mixin.py:188} INFO - [2025-08-26T18:23:34.558+0100] {dag.py:3089} INFO - Sync 1 DAGs
[2025-08-26T18:23:34.560+0100] {logging_mixin.py:188} INFO - [2025-08-26T18:23:34.560+0100] {dag.py:3947} INFO - Setting next_dagrun for tutorial_taskflow_api to None, run_after=None
[2025-08-26T18:23:34.566+0100] {processor.py:183} INFO - Processing /Users/vlad.alex995/Desktop/de-sprint/.venv-airflow/lib/python3.11/site-packages/airflow/example_dags/tutorial_taskflow_api.py took 0.052 seconds
[2025-08-26T18:24:18.363+0100] {processor.py:161} INFO - Started process (PID=39111) to work on /Users/vlad.alex995/Desktop/de-sprint/.venv-airflow/lib/python3.11/site-packages/airflow/example_dags/tutorial_taskflow_api.py
[2025-08-26T18:24:18.364+0100] {processor.py:830} INFO - Processing file /Users/vlad.alex995/Desktop/de-sprint/.venv-airflow/lib/python3.11/site-packages/airflow/example_dags/tutorial_taskflow_api.py for tasks to queue
[2025-08-26T18:24:18.364+0100] {logging_mixin.py:188} INFO - [2025-08-26T18:24:18.364+0100] {dagbag.py:545} INFO - Filling up the DagBag from /Users/vlad.alex995/Desktop/de-sprint/.venv-airflow/lib/python3.11/site-packages/airflow/example_dags/tutorial_taskflow_api.py
[2025-08-26T18:24:18.378+0100] {processor.py:840} INFO - DAG(s) 'tutorial_taskflow_api' retrieved from /Users/vlad.alex995/Desktop/de-sprint/.venv-airflow/lib/python3.11/site-packages/airflow/example_dags/tutorial_taskflow_api.py
[2025-08-26T18:24:18.409+0100] {logging_mixin.py:188} INFO - [2025-08-26T18:24:18.409+0100] {dag.py:3089} INFO - Sync 1 DAGs
[2025-08-26T18:24:18.412+0100] {logging_mixin.py:188} INFO - [2025-08-26T18:24:18.412+0100] {dag.py:3947} INFO - Setting next_dagrun for tutorial_taskflow_api to None, run_after=None
[2025-08-26T18:24:18.419+0100] {processor.py:183} INFO - Processing /Users/vlad.alex995/Desktop/de-sprint/.venv-airflow/lib/python3.11/site-packages/airflow/example_dags/tutorial_taskflow_api.py took 0.057 seconds
[2025-08-26T18:25:03.378+0100] {processor.py:161} INFO - Started process (PID=39154) to work on /Users/vlad.alex995/Desktop/de-sprint/.venv-airflow/lib/python3.11/site-packages/airflow/example_dags/tutorial_taskflow_api.py
[2025-08-26T18:25:03.379+0100] {processor.py:830} INFO - Processing file /Users/vlad.alex995/Desktop/de-sprint/.venv-airflow/lib/python3.11/site-packages/airflow/example_dags/tutorial_taskflow_api.py for tasks to queue
[2025-08-26T18:25:03.379+0100] {logging_mixin.py:188} INFO - [2025-08-26T18:25:03.379+0100] {dagbag.py:545} INFO - Filling up the DagBag from /Users/vlad.alex995/Desktop/de-sprint/.venv-airflow/lib/python3.11/site-packages/airflow/example_dags/tutorial_taskflow_api.py
[2025-08-26T18:25:03.392+0100] {processor.py:840} INFO - DAG(s) 'tutorial_taskflow_api' retrieved from /Users/vlad.alex995/Desktop/de-sprint/.venv-airflow/lib/python3.11/site-packages/airflow/example_dags/tutorial_taskflow_api.py
[2025-08-26T18:25:03.422+0100] {logging_mixin.py:188} INFO - [2025-08-26T18:25:03.422+0100] {dag.py:3089} INFO - Sync 1 DAGs
[2025-08-26T18:25:03.425+0100] {logging_mixin.py:188} INFO - [2025-08-26T18:25:03.425+0100] {dag.py:3947} INFO - Setting next_dagrun for tutorial_taskflow_api to None, run_after=None
[2025-08-26T18:25:03.431+0100] {processor.py:183} INFO - Processing /Users/vlad.alex995/Desktop/de-sprint/.venv-airflow/lib/python3.11/site-packages/airflow/example_dags/tutorial_taskflow_api.py took 0.054 seconds
[2025-08-26T18:25:51.340+0100] {processor.py:161} INFO - Started process (PID=39206) to work on /Users/vlad.alex995/Desktop/de-sprint/.venv-airflow/lib/python3.11/site-packages/airflow/example_dags/tutorial_taskflow_api.py
[2025-08-26T18:25:51.341+0100] {processor.py:830} INFO - Processing file /Users/vlad.alex995/Desktop/de-sprint/.venv-airflow/lib/python3.11/site-packages/airflow/example_dags/tutorial_taskflow_api.py for tasks to queue
[2025-08-26T18:25:51.341+0100] {logging_mixin.py:188} INFO - [2025-08-26T18:25:51.341+0100] {dagbag.py:545} INFO - Filling up the DagBag from /Users/vlad.alex995/Desktop/de-sprint/.venv-airflow/lib/python3.11/site-packages/airflow/example_dags/tutorial_taskflow_api.py
[2025-08-26T18:25:51.354+0100] {processor.py:840} INFO - DAG(s) 'tutorial_taskflow_api' retrieved from /Users/vlad.alex995/Desktop/de-sprint/.venv-airflow/lib/python3.11/site-packages/airflow/example_dags/tutorial_taskflow_api.py
[2025-08-26T18:25:51.382+0100] {logging_mixin.py:188} INFO - [2025-08-26T18:25:51.382+0100] {dag.py:3089} INFO - Sync 1 DAGs
[2025-08-26T18:25:51.385+0100] {logging_mixin.py:188} INFO - [2025-08-26T18:25:51.385+0100] {dag.py:3947} INFO - Setting next_dagrun for tutorial_taskflow_api to None, run_after=None
[2025-08-26T18:25:51.391+0100] {processor.py:183} INFO - Processing /Users/vlad.alex995/Desktop/de-sprint/.venv-airflow/lib/python3.11/site-packages/airflow/example_dags/tutorial_taskflow_api.py took 0.052 seconds
[2025-08-26T18:26:39.366+0100] {processor.py:161} INFO - Started process (PID=39242) to work on /Users/vlad.alex995/Desktop/de-sprint/.venv-airflow/lib/python3.11/site-packages/airflow/example_dags/tutorial_taskflow_api.py
[2025-08-26T18:26:39.367+0100] {processor.py:830} INFO - Processing file /Users/vlad.alex995/Desktop/de-sprint/.venv-airflow/lib/python3.11/site-packages/airflow/example_dags/tutorial_taskflow_api.py for tasks to queue
[2025-08-26T18:26:39.367+0100] {logging_mixin.py:188} INFO - [2025-08-26T18:26:39.367+0100] {dagbag.py:545} INFO - Filling up the DagBag from /Users/vlad.alex995/Desktop/de-sprint/.venv-airflow/lib/python3.11/site-packages/airflow/example_dags/tutorial_taskflow_api.py
[2025-08-26T18:26:39.380+0100] {processor.py:840} INFO - DAG(s) 'tutorial_taskflow_api' retrieved from /Users/vlad.alex995/Desktop/de-sprint/.venv-airflow/lib/python3.11/site-packages/airflow/example_dags/tutorial_taskflow_api.py
[2025-08-26T18:26:39.409+0100] {logging_mixin.py:188} INFO - [2025-08-26T18:26:39.409+0100] {dag.py:3089} INFO - Sync 1 DAGs
[2025-08-26T18:26:39.412+0100] {logging_mixin.py:188} INFO - [2025-08-26T18:26:39.412+0100] {dag.py:3947} INFO - Setting next_dagrun for tutorial_taskflow_api to None, run_after=None
[2025-08-26T18:26:39.417+0100] {processor.py:183} INFO - Processing /Users/vlad.alex995/Desktop/de-sprint/.venv-airflow/lib/python3.11/site-packages/airflow/example_dags/tutorial_taskflow_api.py took 0.053 seconds
[2025-08-26T18:27:09.928+0100] {processor.py:161} INFO - Started process (PID=39658) to work on /Users/vlad.alex995/Desktop/de-sprint/.venv-airflow/lib/python3.11/site-packages/airflow/example_dags/tutorial_taskflow_api.py
[2025-08-26T18:27:09.929+0100] {processor.py:830} INFO - Processing file /Users/vlad.alex995/Desktop/de-sprint/.venv-airflow/lib/python3.11/site-packages/airflow/example_dags/tutorial_taskflow_api.py for tasks to queue
[2025-08-26T18:27:09.929+0100] {logging_mixin.py:188} INFO - [2025-08-26T18:27:09.929+0100] {dagbag.py:545} INFO - Filling up the DagBag from /Users/vlad.alex995/Desktop/de-sprint/.venv-airflow/lib/python3.11/site-packages/airflow/example_dags/tutorial_taskflow_api.py
[2025-08-26T18:27:09.943+0100] {processor.py:840} INFO - DAG(s) 'tutorial_taskflow_api' retrieved from /Users/vlad.alex995/Desktop/de-sprint/.venv-airflow/lib/python3.11/site-packages/airflow/example_dags/tutorial_taskflow_api.py
[2025-08-26T18:27:09.975+0100] {logging_mixin.py:188} INFO - [2025-08-26T18:27:09.975+0100] {dag.py:3089} INFO - Sync 1 DAGs
[2025-08-26T18:27:09.978+0100] {logging_mixin.py:188} INFO - [2025-08-26T18:27:09.978+0100] {dag.py:3947} INFO - Setting next_dagrun for tutorial_taskflow_api to None, run_after=None
[2025-08-26T18:27:09.985+0100] {processor.py:183} INFO - Processing /Users/vlad.alex995/Desktop/de-sprint/.venv-airflow/lib/python3.11/site-packages/airflow/example_dags/tutorial_taskflow_api.py took 0.058 seconds
[2025-08-26T18:29:29.540+0100] {processor.py:161} INFO - Started process (PID=40081) to work on /Users/vlad.alex995/Desktop/de-sprint/.venv-airflow/lib/python3.11/site-packages/airflow/example_dags/tutorial_taskflow_api.py
[2025-08-26T18:29:29.541+0100] {processor.py:830} INFO - Processing file /Users/vlad.alex995/Desktop/de-sprint/.venv-airflow/lib/python3.11/site-packages/airflow/example_dags/tutorial_taskflow_api.py for tasks to queue
[2025-08-26T18:29:29.541+0100] {logging_mixin.py:188} INFO - [2025-08-26T18:29:29.541+0100] {dagbag.py:545} INFO - Filling up the DagBag from /Users/vlad.alex995/Desktop/de-sprint/.venv-airflow/lib/python3.11/site-packages/airflow/example_dags/tutorial_taskflow_api.py
[2025-08-26T18:29:29.554+0100] {processor.py:840} INFO - DAG(s) 'tutorial_taskflow_api' retrieved from /Users/vlad.alex995/Desktop/de-sprint/.venv-airflow/lib/python3.11/site-packages/airflow/example_dags/tutorial_taskflow_api.py
[2025-08-26T18:29:29.585+0100] {logging_mixin.py:188} INFO - [2025-08-26T18:29:29.584+0100] {dag.py:3089} INFO - Sync 1 DAGs
[2025-08-26T18:29:29.588+0100] {logging_mixin.py:188} INFO - [2025-08-26T18:29:29.588+0100] {dag.py:3947} INFO - Setting next_dagrun for tutorial_taskflow_api to None, run_after=None
[2025-08-26T18:29:29.594+0100] {processor.py:183} INFO - Processing /Users/vlad.alex995/Desktop/de-sprint/.venv-airflow/lib/python3.11/site-packages/airflow/example_dags/tutorial_taskflow_api.py took 0.055 seconds
