[2025-08-26T17:25:08.723+0100] {processor.py:161} INFO - Started process (PID=35310) to work on /Users/vlad.alex995/Desktop/de-sprint/.venv-airflow/lib/python3.11/site-packages/airflow/example_dags/tutorial.py
[2025-08-26T17:25:08.723+0100] {processor.py:830} INFO - Processing file /Users/vlad.alex995/Desktop/de-sprint/.venv-airflow/lib/python3.11/site-packages/airflow/example_dags/tutorial.py for tasks to queue
[2025-08-26T17:25:08.723+0100] {logging_mixin.py:188} INFO - [2025-08-26T17:25:08.723+0100] {dagbag.py:545} INFO - Filling up the DagBag from /Users/vlad.alex995/Desktop/de-sprint/.venv-airflow/lib/python3.11/site-packages/airflow/example_dags/tutorial.py
[2025-08-26T17:25:08.725+0100] {processor.py:840} INFO - DAG(s) 'tutorial' retrieved from /Users/vlad.alex995/Desktop/de-sprint/.venv-airflow/lib/python3.11/site-packages/airflow/example_dags/tutorial.py
[2025-08-26T17:25:08.780+0100] {logging_mixin.py:188} INFO - [2025-08-26T17:25:08.780+0100] {override.py:1858} INFO - Created Permission View: can read on DAG:tutorial
[2025-08-26T17:25:08.783+0100] {logging_mixin.py:188} INFO - [2025-08-26T17:25:08.783+0100] {override.py:1858} INFO - Created Permission View: can delete on DAG:tutorial
[2025-08-26T17:25:08.785+0100] {logging_mixin.py:188} INFO - [2025-08-26T17:25:08.784+0100] {override.py:1858} INFO - Created Permission View: can edit on DAG:tutorial
[2025-08-26T17:25:08.785+0100] {logging_mixin.py:188} INFO - [2025-08-26T17:25:08.785+0100] {dag.py:3089} INFO - Sync 1 DAGs
[2025-08-26T17:25:08.788+0100] {logging_mixin.py:188} INFO - [2025-08-26T17:25:08.788+0100] {dag.py:3111} INFO - Creating ORM DAG for tutorial
[2025-08-26T17:25:08.790+0100] {logging_mixin.py:188} INFO - [2025-08-26T17:25:08.790+0100] {dag.py:3947} INFO - Setting next_dagrun for tutorial to 2025-08-25 00:00:00+00:00, run_after=2025-08-26 00:00:00+00:00
[2025-08-26T17:25:08.796+0100] {processor.py:183} INFO - Processing /Users/vlad.alex995/Desktop/de-sprint/.venv-airflow/lib/python3.11/site-packages/airflow/example_dags/tutorial.py took 0.075 seconds
[2025-08-26T17:26:30.608+0100] {processor.py:161} INFO - Started process (PID=35374) to work on /Users/vlad.alex995/Desktop/de-sprint/.venv-airflow/lib/python3.11/site-packages/airflow/example_dags/tutorial.py
[2025-08-26T17:26:30.609+0100] {processor.py:830} INFO - Processing file /Users/vlad.alex995/Desktop/de-sprint/.venv-airflow/lib/python3.11/site-packages/airflow/example_dags/tutorial.py for tasks to queue
[2025-08-26T17:26:30.609+0100] {logging_mixin.py:188} INFO - [2025-08-26T17:26:30.609+0100] {dagbag.py:545} INFO - Filling up the DagBag from /Users/vlad.alex995/Desktop/de-sprint/.venv-airflow/lib/python3.11/site-packages/airflow/example_dags/tutorial.py
[2025-08-26T17:26:30.611+0100] {processor.py:840} INFO - DAG(s) 'tutorial' retrieved from /Users/vlad.alex995/Desktop/de-sprint/.venv-airflow/lib/python3.11/site-packages/airflow/example_dags/tutorial.py
[2025-08-26T17:26:30.641+0100] {logging_mixin.py:188} INFO - [2025-08-26T17:26:30.641+0100] {dag.py:3089} INFO - Sync 1 DAGs
[2025-08-26T17:26:30.646+0100] {logging_mixin.py:188} INFO - [2025-08-26T17:26:30.646+0100] {dag.py:3947} INFO - Setting next_dagrun for tutorial to 2025-08-25 00:00:00+00:00, run_after=2025-08-26 00:00:00+00:00
[2025-08-26T17:26:30.652+0100] {processor.py:183} INFO - Processing /Users/vlad.alex995/Desktop/de-sprint/.venv-airflow/lib/python3.11/site-packages/airflow/example_dags/tutorial.py took 0.045 seconds
[2025-08-26T17:27:16.461+0100] {processor.py:161} INFO - Started process (PID=35407) to work on /Users/vlad.alex995/Desktop/de-sprint/.venv-airflow/lib/python3.11/site-packages/airflow/example_dags/tutorial.py
[2025-08-26T17:27:16.462+0100] {processor.py:830} INFO - Processing file /Users/vlad.alex995/Desktop/de-sprint/.venv-airflow/lib/python3.11/site-packages/airflow/example_dags/tutorial.py for tasks to queue
[2025-08-26T17:27:16.462+0100] {logging_mixin.py:188} INFO - [2025-08-26T17:27:16.462+0100] {dagbag.py:545} INFO - Filling up the DagBag from /Users/vlad.alex995/Desktop/de-sprint/.venv-airflow/lib/python3.11/site-packages/airflow/example_dags/tutorial.py
[2025-08-26T17:27:16.465+0100] {processor.py:840} INFO - DAG(s) 'tutorial' retrieved from /Users/vlad.alex995/Desktop/de-sprint/.venv-airflow/lib/python3.11/site-packages/airflow/example_dags/tutorial.py
[2025-08-26T17:27:16.497+0100] {logging_mixin.py:188} INFO - [2025-08-26T17:27:16.496+0100] {dag.py:3089} INFO - Sync 1 DAGs
[2025-08-26T17:27:16.505+0100] {logging_mixin.py:188} INFO - [2025-08-26T17:27:16.504+0100] {dag.py:3947} INFO - Setting next_dagrun for tutorial to 2025-08-25 00:00:00+00:00, run_after=2025-08-26 00:00:00+00:00
[2025-08-26T17:27:16.515+0100] {processor.py:183} INFO - Processing /Users/vlad.alex995/Desktop/de-sprint/.venv-airflow/lib/python3.11/site-packages/airflow/example_dags/tutorial.py took 0.055 seconds
[2025-08-26T17:28:01.676+0100] {processor.py:161} INFO - Started process (PID=35446) to work on /Users/vlad.alex995/Desktop/de-sprint/.venv-airflow/lib/python3.11/site-packages/airflow/example_dags/tutorial.py
[2025-08-26T17:28:01.677+0100] {processor.py:830} INFO - Processing file /Users/vlad.alex995/Desktop/de-sprint/.venv-airflow/lib/python3.11/site-packages/airflow/example_dags/tutorial.py for tasks to queue
[2025-08-26T17:28:01.677+0100] {logging_mixin.py:188} INFO - [2025-08-26T17:28:01.677+0100] {dagbag.py:545} INFO - Filling up the DagBag from /Users/vlad.alex995/Desktop/de-sprint/.venv-airflow/lib/python3.11/site-packages/airflow/example_dags/tutorial.py
[2025-08-26T17:28:01.680+0100] {processor.py:840} INFO - DAG(s) 'tutorial' retrieved from /Users/vlad.alex995/Desktop/de-sprint/.venv-airflow/lib/python3.11/site-packages/airflow/example_dags/tutorial.py
[2025-08-26T17:28:01.709+0100] {logging_mixin.py:188} INFO - [2025-08-26T17:28:01.709+0100] {dag.py:3089} INFO - Sync 1 DAGs
[2025-08-26T17:28:01.714+0100] {logging_mixin.py:188} INFO - [2025-08-26T17:28:01.714+0100] {dag.py:3947} INFO - Setting next_dagrun for tutorial to 2025-08-25 00:00:00+00:00, run_after=2025-08-26 00:00:00+00:00
[2025-08-26T17:28:01.721+0100] {processor.py:183} INFO - Processing /Users/vlad.alex995/Desktop/de-sprint/.venv-airflow/lib/python3.11/site-packages/airflow/example_dags/tutorial.py took 0.046 seconds
[2025-08-26T17:28:49.483+0100] {processor.py:161} INFO - Started process (PID=35480) to work on /Users/vlad.alex995/Desktop/de-sprint/.venv-airflow/lib/python3.11/site-packages/airflow/example_dags/tutorial.py
[2025-08-26T17:28:49.485+0100] {processor.py:830} INFO - Processing file /Users/vlad.alex995/Desktop/de-sprint/.venv-airflow/lib/python3.11/site-packages/airflow/example_dags/tutorial.py for tasks to queue
[2025-08-26T17:28:49.485+0100] {logging_mixin.py:188} INFO - [2025-08-26T17:28:49.485+0100] {dagbag.py:545} INFO - Filling up the DagBag from /Users/vlad.alex995/Desktop/de-sprint/.venv-airflow/lib/python3.11/site-packages/airflow/example_dags/tutorial.py
[2025-08-26T17:28:49.487+0100] {processor.py:840} INFO - DAG(s) 'tutorial' retrieved from /Users/vlad.alex995/Desktop/de-sprint/.venv-airflow/lib/python3.11/site-packages/airflow/example_dags/tutorial.py
[2025-08-26T17:28:49.516+0100] {logging_mixin.py:188} INFO - [2025-08-26T17:28:49.516+0100] {dag.py:3089} INFO - Sync 1 DAGs
[2025-08-26T17:28:49.521+0100] {logging_mixin.py:188} INFO - [2025-08-26T17:28:49.521+0100] {dag.py:3947} INFO - Setting next_dagrun for tutorial to 2025-08-25 00:00:00+00:00, run_after=2025-08-26 00:00:00+00:00
[2025-08-26T17:28:49.527+0100] {processor.py:183} INFO - Processing /Users/vlad.alex995/Desktop/de-sprint/.venv-airflow/lib/python3.11/site-packages/airflow/example_dags/tutorial.py took 0.044 seconds
[2025-08-26T17:29:37.534+0100] {processor.py:161} INFO - Started process (PID=35515) to work on /Users/vlad.alex995/Desktop/de-sprint/.venv-airflow/lib/python3.11/site-packages/airflow/example_dags/tutorial.py
[2025-08-26T17:29:37.535+0100] {processor.py:830} INFO - Processing file /Users/vlad.alex995/Desktop/de-sprint/.venv-airflow/lib/python3.11/site-packages/airflow/example_dags/tutorial.py for tasks to queue
[2025-08-26T17:29:37.535+0100] {logging_mixin.py:188} INFO - [2025-08-26T17:29:37.535+0100] {dagbag.py:545} INFO - Filling up the DagBag from /Users/vlad.alex995/Desktop/de-sprint/.venv-airflow/lib/python3.11/site-packages/airflow/example_dags/tutorial.py
[2025-08-26T17:29:37.537+0100] {processor.py:840} INFO - DAG(s) 'tutorial' retrieved from /Users/vlad.alex995/Desktop/de-sprint/.venv-airflow/lib/python3.11/site-packages/airflow/example_dags/tutorial.py
[2025-08-26T17:29:37.568+0100] {logging_mixin.py:188} INFO - [2025-08-26T17:29:37.567+0100] {dag.py:3089} INFO - Sync 1 DAGs
[2025-08-26T17:29:37.573+0100] {logging_mixin.py:188} INFO - [2025-08-26T17:29:37.573+0100] {dag.py:3947} INFO - Setting next_dagrun for tutorial to 2025-08-25 00:00:00+00:00, run_after=2025-08-26 00:00:00+00:00
[2025-08-26T17:29:37.580+0100] {processor.py:183} INFO - Processing /Users/vlad.alex995/Desktop/de-sprint/.venv-airflow/lib/python3.11/site-packages/airflow/example_dags/tutorial.py took 0.047 seconds
[2025-08-26T17:30:23.963+0100] {processor.py:161} INFO - Started process (PID=35552) to work on /Users/vlad.alex995/Desktop/de-sprint/.venv-airflow/lib/python3.11/site-packages/airflow/example_dags/tutorial.py
[2025-08-26T17:30:23.963+0100] {processor.py:830} INFO - Processing file /Users/vlad.alex995/Desktop/de-sprint/.venv-airflow/lib/python3.11/site-packages/airflow/example_dags/tutorial.py for tasks to queue
[2025-08-26T17:30:23.963+0100] {logging_mixin.py:188} INFO - [2025-08-26T17:30:23.963+0100] {dagbag.py:545} INFO - Filling up the DagBag from /Users/vlad.alex995/Desktop/de-sprint/.venv-airflow/lib/python3.11/site-packages/airflow/example_dags/tutorial.py
[2025-08-26T17:30:23.966+0100] {processor.py:840} INFO - DAG(s) 'tutorial' retrieved from /Users/vlad.alex995/Desktop/de-sprint/.venv-airflow/lib/python3.11/site-packages/airflow/example_dags/tutorial.py
[2025-08-26T17:30:24.000+0100] {logging_mixin.py:188} INFO - [2025-08-26T17:30:23.999+0100] {dag.py:3089} INFO - Sync 1 DAGs
[2025-08-26T17:30:24.005+0100] {logging_mixin.py:188} INFO - [2025-08-26T17:30:24.005+0100] {dag.py:3947} INFO - Setting next_dagrun for tutorial to 2025-08-25 00:00:00+00:00, run_after=2025-08-26 00:00:00+00:00
[2025-08-26T17:30:24.013+0100] {processor.py:183} INFO - Processing /Users/vlad.alex995/Desktop/de-sprint/.venv-airflow/lib/python3.11/site-packages/airflow/example_dags/tutorial.py took 0.051 seconds
[2025-08-26T17:31:53.312+0100] {processor.py:161} INFO - Started process (PID=35681) to work on /Users/vlad.alex995/Desktop/de-sprint/.venv-airflow/lib/python3.11/site-packages/airflow/example_dags/tutorial.py
[2025-08-26T17:31:53.312+0100] {processor.py:830} INFO - Processing file /Users/vlad.alex995/Desktop/de-sprint/.venv-airflow/lib/python3.11/site-packages/airflow/example_dags/tutorial.py for tasks to queue
[2025-08-26T17:31:53.313+0100] {logging_mixin.py:188} INFO - [2025-08-26T17:31:53.313+0100] {dagbag.py:545} INFO - Filling up the DagBag from /Users/vlad.alex995/Desktop/de-sprint/.venv-airflow/lib/python3.11/site-packages/airflow/example_dags/tutorial.py
[2025-08-26T17:31:53.315+0100] {processor.py:840} INFO - DAG(s) 'tutorial' retrieved from /Users/vlad.alex995/Desktop/de-sprint/.venv-airflow/lib/python3.11/site-packages/airflow/example_dags/tutorial.py
[2025-08-26T17:31:53.347+0100] {logging_mixin.py:188} INFO - [2025-08-26T17:31:53.347+0100] {dag.py:3089} INFO - Sync 1 DAGs
[2025-08-26T17:31:53.352+0100] {logging_mixin.py:188} INFO - [2025-08-26T17:31:53.352+0100] {dag.py:3947} INFO - Setting next_dagrun for tutorial to 2025-08-25 00:00:00+00:00, run_after=2025-08-26 00:00:00+00:00
[2025-08-26T17:31:53.360+0100] {processor.py:183} INFO - Processing /Users/vlad.alex995/Desktop/de-sprint/.venv-airflow/lib/python3.11/site-packages/airflow/example_dags/tutorial.py took 0.049 seconds
[2025-08-26T17:32:37.569+0100] {processor.py:161} INFO - Started process (PID=35968) to work on /Users/vlad.alex995/Desktop/de-sprint/.venv-airflow/lib/python3.11/site-packages/airflow/example_dags/tutorial.py
[2025-08-26T17:32:37.569+0100] {processor.py:830} INFO - Processing file /Users/vlad.alex995/Desktop/de-sprint/.venv-airflow/lib/python3.11/site-packages/airflow/example_dags/tutorial.py for tasks to queue
[2025-08-26T17:32:37.570+0100] {logging_mixin.py:188} INFO - [2025-08-26T17:32:37.570+0100] {dagbag.py:545} INFO - Filling up the DagBag from /Users/vlad.alex995/Desktop/de-sprint/.venv-airflow/lib/python3.11/site-packages/airflow/example_dags/tutorial.py
[2025-08-26T17:32:37.572+0100] {processor.py:840} INFO - DAG(s) 'tutorial' retrieved from /Users/vlad.alex995/Desktop/de-sprint/.venv-airflow/lib/python3.11/site-packages/airflow/example_dags/tutorial.py
[2025-08-26T17:32:37.604+0100] {logging_mixin.py:188} INFO - [2025-08-26T17:32:37.604+0100] {dag.py:3089} INFO - Sync 1 DAGs
[2025-08-26T17:32:37.609+0100] {logging_mixin.py:188} INFO - [2025-08-26T17:32:37.609+0100] {dag.py:3947} INFO - Setting next_dagrun for tutorial to 2025-08-25 00:00:00+00:00, run_after=2025-08-26 00:00:00+00:00
[2025-08-26T17:32:37.616+0100] {processor.py:183} INFO - Processing /Users/vlad.alex995/Desktop/de-sprint/.venv-airflow/lib/python3.11/site-packages/airflow/example_dags/tutorial.py took 0.048 seconds
[2025-08-26T17:33:24.364+0100] {processor.py:161} INFO - Started process (PID=36014) to work on /Users/vlad.alex995/Desktop/de-sprint/.venv-airflow/lib/python3.11/site-packages/airflow/example_dags/tutorial.py
[2025-08-26T17:33:24.365+0100] {processor.py:830} INFO - Processing file /Users/vlad.alex995/Desktop/de-sprint/.venv-airflow/lib/python3.11/site-packages/airflow/example_dags/tutorial.py for tasks to queue
[2025-08-26T17:33:24.365+0100] {logging_mixin.py:188} INFO - [2025-08-26T17:33:24.365+0100] {dagbag.py:545} INFO - Filling up the DagBag from /Users/vlad.alex995/Desktop/de-sprint/.venv-airflow/lib/python3.11/site-packages/airflow/example_dags/tutorial.py
[2025-08-26T17:33:24.368+0100] {processor.py:840} INFO - DAG(s) 'tutorial' retrieved from /Users/vlad.alex995/Desktop/de-sprint/.venv-airflow/lib/python3.11/site-packages/airflow/example_dags/tutorial.py
[2025-08-26T17:33:24.398+0100] {logging_mixin.py:188} INFO - [2025-08-26T17:33:24.398+0100] {dag.py:3089} INFO - Sync 1 DAGs
[2025-08-26T17:33:24.403+0100] {logging_mixin.py:188} INFO - [2025-08-26T17:33:24.403+0100] {dag.py:3947} INFO - Setting next_dagrun for tutorial to 2025-08-25 00:00:00+00:00, run_after=2025-08-26 00:00:00+00:00
[2025-08-26T17:33:24.409+0100] {processor.py:183} INFO - Processing /Users/vlad.alex995/Desktop/de-sprint/.venv-airflow/lib/python3.11/site-packages/airflow/example_dags/tutorial.py took 0.046 seconds
[2025-08-26T18:10:54.751+0100] {processor.py:161} INFO - Started process (PID=37396) to work on /Users/vlad.alex995/Desktop/de-sprint/.venv-airflow/lib/python3.11/site-packages/airflow/example_dags/tutorial.py
[2025-08-26T18:10:54.752+0100] {processor.py:830} INFO - Processing file /Users/vlad.alex995/Desktop/de-sprint/.venv-airflow/lib/python3.11/site-packages/airflow/example_dags/tutorial.py for tasks to queue
[2025-08-26T18:10:54.752+0100] {logging_mixin.py:188} INFO - [2025-08-26T18:10:54.752+0100] {dagbag.py:545} INFO - Filling up the DagBag from /Users/vlad.alex995/Desktop/de-sprint/.venv-airflow/lib/python3.11/site-packages/airflow/example_dags/tutorial.py
[2025-08-26T18:10:54.754+0100] {processor.py:840} INFO - DAG(s) 'tutorial' retrieved from /Users/vlad.alex995/Desktop/de-sprint/.venv-airflow/lib/python3.11/site-packages/airflow/example_dags/tutorial.py
[2025-08-26T18:10:54.783+0100] {logging_mixin.py:188} INFO - [2025-08-26T18:10:54.783+0100] {dag.py:3089} INFO - Sync 1 DAGs
[2025-08-26T18:10:54.789+0100] {logging_mixin.py:188} INFO - [2025-08-26T18:10:54.789+0100] {dag.py:3947} INFO - Setting next_dagrun for tutorial to 2025-08-25 00:00:00+00:00, run_after=2025-08-26 00:00:00+00:00
[2025-08-26T18:10:54.795+0100] {processor.py:183} INFO - Processing /Users/vlad.alex995/Desktop/de-sprint/.venv-airflow/lib/python3.11/site-packages/airflow/example_dags/tutorial.py took 0.045 seconds
[2025-08-26T18:12:13.748+0100] {processor.py:161} INFO - Started process (PID=37459) to work on /Users/vlad.alex995/Desktop/de-sprint/.venv-airflow/lib/python3.11/site-packages/airflow/example_dags/tutorial.py
[2025-08-26T18:12:13.749+0100] {processor.py:830} INFO - Processing file /Users/vlad.alex995/Desktop/de-sprint/.venv-airflow/lib/python3.11/site-packages/airflow/example_dags/tutorial.py for tasks to queue
[2025-08-26T18:12:13.749+0100] {logging_mixin.py:188} INFO - [2025-08-26T18:12:13.749+0100] {dagbag.py:545} INFO - Filling up the DagBag from /Users/vlad.alex995/Desktop/de-sprint/.venv-airflow/lib/python3.11/site-packages/airflow/example_dags/tutorial.py
[2025-08-26T18:12:13.752+0100] {processor.py:840} INFO - DAG(s) 'tutorial' retrieved from /Users/vlad.alex995/Desktop/de-sprint/.venv-airflow/lib/python3.11/site-packages/airflow/example_dags/tutorial.py
[2025-08-26T18:12:13.780+0100] {logging_mixin.py:188} INFO - [2025-08-26T18:12:13.780+0100] {dag.py:3089} INFO - Sync 1 DAGs
[2025-08-26T18:12:13.785+0100] {logging_mixin.py:188} INFO - [2025-08-26T18:12:13.785+0100] {dag.py:3947} INFO - Setting next_dagrun for tutorial to 2025-08-25 00:00:00+00:00, run_after=2025-08-26 00:00:00+00:00
[2025-08-26T18:12:13.790+0100] {processor.py:183} INFO - Processing /Users/vlad.alex995/Desktop/de-sprint/.venv-airflow/lib/python3.11/site-packages/airflow/example_dags/tutorial.py took 0.043 seconds
[2025-08-26T18:13:01.829+0100] {processor.py:161} INFO - Started process (PID=37497) to work on /Users/vlad.alex995/Desktop/de-sprint/.venv-airflow/lib/python3.11/site-packages/airflow/example_dags/tutorial.py
[2025-08-26T18:13:01.829+0100] {processor.py:830} INFO - Processing file /Users/vlad.alex995/Desktop/de-sprint/.venv-airflow/lib/python3.11/site-packages/airflow/example_dags/tutorial.py for tasks to queue
[2025-08-26T18:13:01.829+0100] {logging_mixin.py:188} INFO - [2025-08-26T18:13:01.829+0100] {dagbag.py:545} INFO - Filling up the DagBag from /Users/vlad.alex995/Desktop/de-sprint/.venv-airflow/lib/python3.11/site-packages/airflow/example_dags/tutorial.py
[2025-08-26T18:13:01.832+0100] {processor.py:840} INFO - DAG(s) 'tutorial' retrieved from /Users/vlad.alex995/Desktop/de-sprint/.venv-airflow/lib/python3.11/site-packages/airflow/example_dags/tutorial.py
[2025-08-26T18:13:01.862+0100] {logging_mixin.py:188} INFO - [2025-08-26T18:13:01.861+0100] {dag.py:3089} INFO - Sync 1 DAGs
[2025-08-26T18:13:01.867+0100] {logging_mixin.py:188} INFO - [2025-08-26T18:13:01.867+0100] {dag.py:3947} INFO - Setting next_dagrun for tutorial to 2025-08-25 00:00:00+00:00, run_after=2025-08-26 00:00:00+00:00
[2025-08-26T18:13:01.873+0100] {processor.py:183} INFO - Processing /Users/vlad.alex995/Desktop/de-sprint/.venv-airflow/lib/python3.11/site-packages/airflow/example_dags/tutorial.py took 0.045 seconds
[2025-08-26T18:14:27.631+0100] {processor.py:161} INFO - Started process (PID=37800) to work on /Users/vlad.alex995/Desktop/de-sprint/.venv-airflow/lib/python3.11/site-packages/airflow/example_dags/tutorial.py
[2025-08-26T18:14:27.632+0100] {processor.py:830} INFO - Processing file /Users/vlad.alex995/Desktop/de-sprint/.venv-airflow/lib/python3.11/site-packages/airflow/example_dags/tutorial.py for tasks to queue
[2025-08-26T18:14:27.633+0100] {logging_mixin.py:188} INFO - [2025-08-26T18:14:27.633+0100] {dagbag.py:545} INFO - Filling up the DagBag from /Users/vlad.alex995/Desktop/de-sprint/.venv-airflow/lib/python3.11/site-packages/airflow/example_dags/tutorial.py
[2025-08-26T18:14:27.635+0100] {processor.py:840} INFO - DAG(s) 'tutorial' retrieved from /Users/vlad.alex995/Desktop/de-sprint/.venv-airflow/lib/python3.11/site-packages/airflow/example_dags/tutorial.py
[2025-08-26T18:14:27.664+0100] {logging_mixin.py:188} INFO - [2025-08-26T18:14:27.664+0100] {dag.py:3089} INFO - Sync 1 DAGs
[2025-08-26T18:14:27.669+0100] {logging_mixin.py:188} INFO - [2025-08-26T18:14:27.669+0100] {dag.py:3947} INFO - Setting next_dagrun for tutorial to 2025-08-25 00:00:00+00:00, run_after=2025-08-26 00:00:00+00:00
[2025-08-26T18:14:27.674+0100] {processor.py:183} INFO - Processing /Users/vlad.alex995/Desktop/de-sprint/.venv-airflow/lib/python3.11/site-packages/airflow/example_dags/tutorial.py took 0.044 seconds
[2025-08-26T18:15:12.395+0100] {processor.py:161} INFO - Started process (PID=37995) to work on /Users/vlad.alex995/Desktop/de-sprint/.venv-airflow/lib/python3.11/site-packages/airflow/example_dags/tutorial.py
[2025-08-26T18:15:12.396+0100] {processor.py:830} INFO - Processing file /Users/vlad.alex995/Desktop/de-sprint/.venv-airflow/lib/python3.11/site-packages/airflow/example_dags/tutorial.py for tasks to queue
[2025-08-26T18:15:12.396+0100] {logging_mixin.py:188} INFO - [2025-08-26T18:15:12.396+0100] {dagbag.py:545} INFO - Filling up the DagBag from /Users/vlad.alex995/Desktop/de-sprint/.venv-airflow/lib/python3.11/site-packages/airflow/example_dags/tutorial.py
[2025-08-26T18:15:12.398+0100] {processor.py:840} INFO - DAG(s) 'tutorial' retrieved from /Users/vlad.alex995/Desktop/de-sprint/.venv-airflow/lib/python3.11/site-packages/airflow/example_dags/tutorial.py
[2025-08-26T18:15:12.432+0100] {logging_mixin.py:188} INFO - [2025-08-26T18:15:12.432+0100] {dag.py:3089} INFO - Sync 1 DAGs
[2025-08-26T18:15:12.438+0100] {logging_mixin.py:188} INFO - [2025-08-26T18:15:12.438+0100] {dag.py:3947} INFO - Setting next_dagrun for tutorial to 2025-08-25 00:00:00+00:00, run_after=2025-08-26 00:00:00+00:00
[2025-08-26T18:15:12.445+0100] {processor.py:183} INFO - Processing /Users/vlad.alex995/Desktop/de-sprint/.venv-airflow/lib/python3.11/site-packages/airflow/example_dags/tutorial.py took 0.051 seconds
[2025-08-26T18:15:59.301+0100] {processor.py:161} INFO - Started process (PID=38035) to work on /Users/vlad.alex995/Desktop/de-sprint/.venv-airflow/lib/python3.11/site-packages/airflow/example_dags/tutorial.py
[2025-08-26T18:15:59.301+0100] {processor.py:830} INFO - Processing file /Users/vlad.alex995/Desktop/de-sprint/.venv-airflow/lib/python3.11/site-packages/airflow/example_dags/tutorial.py for tasks to queue
[2025-08-26T18:15:59.302+0100] {logging_mixin.py:188} INFO - [2025-08-26T18:15:59.301+0100] {dagbag.py:545} INFO - Filling up the DagBag from /Users/vlad.alex995/Desktop/de-sprint/.venv-airflow/lib/python3.11/site-packages/airflow/example_dags/tutorial.py
[2025-08-26T18:15:59.304+0100] {processor.py:840} INFO - DAG(s) 'tutorial' retrieved from /Users/vlad.alex995/Desktop/de-sprint/.venv-airflow/lib/python3.11/site-packages/airflow/example_dags/tutorial.py
[2025-08-26T18:15:59.335+0100] {logging_mixin.py:188} INFO - [2025-08-26T18:15:59.334+0100] {dag.py:3089} INFO - Sync 1 DAGs
[2025-08-26T18:15:59.340+0100] {logging_mixin.py:188} INFO - [2025-08-26T18:15:59.340+0100] {dag.py:3947} INFO - Setting next_dagrun for tutorial to 2025-08-25 00:00:00+00:00, run_after=2025-08-26 00:00:00+00:00
[2025-08-26T18:15:59.346+0100] {processor.py:183} INFO - Processing /Users/vlad.alex995/Desktop/de-sprint/.venv-airflow/lib/python3.11/site-packages/airflow/example_dags/tutorial.py took 0.046 seconds
[2025-08-26T18:16:45.087+0100] {processor.py:161} INFO - Started process (PID=38071) to work on /Users/vlad.alex995/Desktop/de-sprint/.venv-airflow/lib/python3.11/site-packages/airflow/example_dags/tutorial.py
[2025-08-26T18:16:45.087+0100] {processor.py:830} INFO - Processing file /Users/vlad.alex995/Desktop/de-sprint/.venv-airflow/lib/python3.11/site-packages/airflow/example_dags/tutorial.py for tasks to queue
[2025-08-26T18:16:45.087+0100] {logging_mixin.py:188} INFO - [2025-08-26T18:16:45.087+0100] {dagbag.py:545} INFO - Filling up the DagBag from /Users/vlad.alex995/Desktop/de-sprint/.venv-airflow/lib/python3.11/site-packages/airflow/example_dags/tutorial.py
[2025-08-26T18:16:45.090+0100] {processor.py:840} INFO - DAG(s) 'tutorial' retrieved from /Users/vlad.alex995/Desktop/de-sprint/.venv-airflow/lib/python3.11/site-packages/airflow/example_dags/tutorial.py
[2025-08-26T18:16:45.118+0100] {logging_mixin.py:188} INFO - [2025-08-26T18:16:45.118+0100] {dag.py:3089} INFO - Sync 1 DAGs
[2025-08-26T18:16:45.123+0100] {logging_mixin.py:188} INFO - [2025-08-26T18:16:45.123+0100] {dag.py:3947} INFO - Setting next_dagrun for tutorial to 2025-08-25 00:00:00+00:00, run_after=2025-08-26 00:00:00+00:00
[2025-08-26T18:16:45.129+0100] {processor.py:183} INFO - Processing /Users/vlad.alex995/Desktop/de-sprint/.venv-airflow/lib/python3.11/site-packages/airflow/example_dags/tutorial.py took 0.043 seconds
[2025-08-26T18:17:36.192+0100] {processor.py:161} INFO - Started process (PID=38195) to work on /Users/vlad.alex995/Desktop/de-sprint/.venv-airflow/lib/python3.11/site-packages/airflow/example_dags/tutorial.py
[2025-08-26T18:17:36.193+0100] {processor.py:830} INFO - Processing file /Users/vlad.alex995/Desktop/de-sprint/.venv-airflow/lib/python3.11/site-packages/airflow/example_dags/tutorial.py for tasks to queue
[2025-08-26T18:17:36.193+0100] {logging_mixin.py:188} INFO - [2025-08-26T18:17:36.193+0100] {dagbag.py:545} INFO - Filling up the DagBag from /Users/vlad.alex995/Desktop/de-sprint/.venv-airflow/lib/python3.11/site-packages/airflow/example_dags/tutorial.py
[2025-08-26T18:17:36.196+0100] {processor.py:840} INFO - DAG(s) 'tutorial' retrieved from /Users/vlad.alex995/Desktop/de-sprint/.venv-airflow/lib/python3.11/site-packages/airflow/example_dags/tutorial.py
[2025-08-26T18:17:36.226+0100] {logging_mixin.py:188} INFO - [2025-08-26T18:17:36.226+0100] {dag.py:3089} INFO - Sync 1 DAGs
[2025-08-26T18:17:36.232+0100] {logging_mixin.py:188} INFO - [2025-08-26T18:17:36.232+0100] {dag.py:3947} INFO - Setting next_dagrun for tutorial to 2025-08-25 00:00:00+00:00, run_after=2025-08-26 00:00:00+00:00
[2025-08-26T18:17:36.238+0100] {processor.py:183} INFO - Processing /Users/vlad.alex995/Desktop/de-sprint/.venv-airflow/lib/python3.11/site-packages/airflow/example_dags/tutorial.py took 0.047 seconds
[2025-08-26T18:18:24.902+0100] {processor.py:161} INFO - Started process (PID=38436) to work on /Users/vlad.alex995/Desktop/de-sprint/.venv-airflow/lib/python3.11/site-packages/airflow/example_dags/tutorial.py
[2025-08-26T18:18:24.902+0100] {processor.py:830} INFO - Processing file /Users/vlad.alex995/Desktop/de-sprint/.venv-airflow/lib/python3.11/site-packages/airflow/example_dags/tutorial.py for tasks to queue
[2025-08-26T18:18:24.902+0100] {logging_mixin.py:188} INFO - [2025-08-26T18:18:24.902+0100] {dagbag.py:545} INFO - Filling up the DagBag from /Users/vlad.alex995/Desktop/de-sprint/.venv-airflow/lib/python3.11/site-packages/airflow/example_dags/tutorial.py
[2025-08-26T18:18:24.905+0100] {processor.py:840} INFO - DAG(s) 'tutorial' retrieved from /Users/vlad.alex995/Desktop/de-sprint/.venv-airflow/lib/python3.11/site-packages/airflow/example_dags/tutorial.py
[2025-08-26T18:18:24.935+0100] {logging_mixin.py:188} INFO - [2025-08-26T18:18:24.935+0100] {dag.py:3089} INFO - Sync 1 DAGs
[2025-08-26T18:18:24.940+0100] {logging_mixin.py:188} INFO - [2025-08-26T18:18:24.940+0100] {dag.py:3947} INFO - Setting next_dagrun for tutorial to 2025-08-25 00:00:00+00:00, run_after=2025-08-26 00:00:00+00:00
[2025-08-26T18:18:24.946+0100] {processor.py:183} INFO - Processing /Users/vlad.alex995/Desktop/de-sprint/.venv-airflow/lib/python3.11/site-packages/airflow/example_dags/tutorial.py took 0.046 seconds
[2025-08-26T18:19:23.558+0100] {processor.py:161} INFO - Started process (PID=38855) to work on /Users/vlad.alex995/Desktop/de-sprint/.venv-airflow/lib/python3.11/site-packages/airflow/example_dags/tutorial.py
[2025-08-26T18:19:23.558+0100] {processor.py:830} INFO - Processing file /Users/vlad.alex995/Desktop/de-sprint/.venv-airflow/lib/python3.11/site-packages/airflow/example_dags/tutorial.py for tasks to queue
[2025-08-26T18:19:23.558+0100] {logging_mixin.py:188} INFO - [2025-08-26T18:19:23.558+0100] {dagbag.py:545} INFO - Filling up the DagBag from /Users/vlad.alex995/Desktop/de-sprint/.venv-airflow/lib/python3.11/site-packages/airflow/example_dags/tutorial.py
[2025-08-26T18:19:23.561+0100] {processor.py:840} INFO - DAG(s) 'tutorial' retrieved from /Users/vlad.alex995/Desktop/de-sprint/.venv-airflow/lib/python3.11/site-packages/airflow/example_dags/tutorial.py
[2025-08-26T18:19:23.593+0100] {logging_mixin.py:188} INFO - [2025-08-26T18:19:23.592+0100] {dag.py:3089} INFO - Sync 1 DAGs
[2025-08-26T18:19:23.599+0100] {logging_mixin.py:188} INFO - [2025-08-26T18:19:23.599+0100] {dag.py:3947} INFO - Setting next_dagrun for tutorial to 2025-08-25 00:00:00+00:00, run_after=2025-08-26 00:00:00+00:00
[2025-08-26T18:19:23.605+0100] {processor.py:183} INFO - Processing /Users/vlad.alex995/Desktop/de-sprint/.venv-airflow/lib/python3.11/site-packages/airflow/example_dags/tutorial.py took 0.048 seconds
[2025-08-26T18:20:39.896+0100] {processor.py:161} INFO - Started process (PID=38938) to work on /Users/vlad.alex995/Desktop/de-sprint/.venv-airflow/lib/python3.11/site-packages/airflow/example_dags/tutorial.py
[2025-08-26T18:20:39.897+0100] {processor.py:830} INFO - Processing file /Users/vlad.alex995/Desktop/de-sprint/.venv-airflow/lib/python3.11/site-packages/airflow/example_dags/tutorial.py for tasks to queue
[2025-08-26T18:20:39.897+0100] {logging_mixin.py:188} INFO - [2025-08-26T18:20:39.897+0100] {dagbag.py:545} INFO - Filling up the DagBag from /Users/vlad.alex995/Desktop/de-sprint/.venv-airflow/lib/python3.11/site-packages/airflow/example_dags/tutorial.py
[2025-08-26T18:20:39.900+0100] {processor.py:840} INFO - DAG(s) 'tutorial' retrieved from /Users/vlad.alex995/Desktop/de-sprint/.venv-airflow/lib/python3.11/site-packages/airflow/example_dags/tutorial.py
[2025-08-26T18:20:39.930+0100] {logging_mixin.py:188} INFO - [2025-08-26T18:20:39.930+0100] {dag.py:3089} INFO - Sync 1 DAGs
[2025-08-26T18:20:39.935+0100] {logging_mixin.py:188} INFO - [2025-08-26T18:20:39.935+0100] {dag.py:3947} INFO - Setting next_dagrun for tutorial to 2025-08-25 00:00:00+00:00, run_after=2025-08-26 00:00:00+00:00
[2025-08-26T18:20:39.941+0100] {processor.py:183} INFO - Processing /Users/vlad.alex995/Desktop/de-sprint/.venv-airflow/lib/python3.11/site-packages/airflow/example_dags/tutorial.py took 0.046 seconds
[2025-08-26T18:21:25.570+0100] {processor.py:161} INFO - Started process (PID=38974) to work on /Users/vlad.alex995/Desktop/de-sprint/.venv-airflow/lib/python3.11/site-packages/airflow/example_dags/tutorial.py
[2025-08-26T18:21:25.570+0100] {processor.py:830} INFO - Processing file /Users/vlad.alex995/Desktop/de-sprint/.venv-airflow/lib/python3.11/site-packages/airflow/example_dags/tutorial.py for tasks to queue
[2025-08-26T18:21:25.570+0100] {logging_mixin.py:188} INFO - [2025-08-26T18:21:25.570+0100] {dagbag.py:545} INFO - Filling up the DagBag from /Users/vlad.alex995/Desktop/de-sprint/.venv-airflow/lib/python3.11/site-packages/airflow/example_dags/tutorial.py
[2025-08-26T18:21:25.573+0100] {processor.py:840} INFO - DAG(s) 'tutorial' retrieved from /Users/vlad.alex995/Desktop/de-sprint/.venv-airflow/lib/python3.11/site-packages/airflow/example_dags/tutorial.py
[2025-08-26T18:21:25.605+0100] {logging_mixin.py:188} INFO - [2025-08-26T18:21:25.605+0100] {dag.py:3089} INFO - Sync 1 DAGs
[2025-08-26T18:21:25.610+0100] {logging_mixin.py:188} INFO - [2025-08-26T18:21:25.610+0100] {dag.py:3947} INFO - Setting next_dagrun for tutorial to 2025-08-25 00:00:00+00:00, run_after=2025-08-26 00:00:00+00:00
[2025-08-26T18:21:25.617+0100] {processor.py:183} INFO - Processing /Users/vlad.alex995/Desktop/de-sprint/.venv-airflow/lib/python3.11/site-packages/airflow/example_dags/tutorial.py took 0.048 seconds
[2025-08-26T18:22:12.466+0100] {processor.py:161} INFO - Started process (PID=39013) to work on /Users/vlad.alex995/Desktop/de-sprint/.venv-airflow/lib/python3.11/site-packages/airflow/example_dags/tutorial.py
[2025-08-26T18:22:12.466+0100] {processor.py:830} INFO - Processing file /Users/vlad.alex995/Desktop/de-sprint/.venv-airflow/lib/python3.11/site-packages/airflow/example_dags/tutorial.py for tasks to queue
[2025-08-26T18:22:12.467+0100] {logging_mixin.py:188} INFO - [2025-08-26T18:22:12.467+0100] {dagbag.py:545} INFO - Filling up the DagBag from /Users/vlad.alex995/Desktop/de-sprint/.venv-airflow/lib/python3.11/site-packages/airflow/example_dags/tutorial.py
[2025-08-26T18:22:12.469+0100] {processor.py:840} INFO - DAG(s) 'tutorial' retrieved from /Users/vlad.alex995/Desktop/de-sprint/.venv-airflow/lib/python3.11/site-packages/airflow/example_dags/tutorial.py
[2025-08-26T18:22:12.499+0100] {logging_mixin.py:188} INFO - [2025-08-26T18:22:12.499+0100] {dag.py:3089} INFO - Sync 1 DAGs
[2025-08-26T18:22:12.504+0100] {logging_mixin.py:188} INFO - [2025-08-26T18:22:12.504+0100] {dag.py:3947} INFO - Setting next_dagrun for tutorial to 2025-08-25 00:00:00+00:00, run_after=2025-08-26 00:00:00+00:00
[2025-08-26T18:22:12.510+0100] {processor.py:183} INFO - Processing /Users/vlad.alex995/Desktop/de-sprint/.venv-airflow/lib/python3.11/site-packages/airflow/example_dags/tutorial.py took 0.045 seconds
[2025-08-26T18:22:57.310+0100] {processor.py:161} INFO - Started process (PID=39047) to work on /Users/vlad.alex995/Desktop/de-sprint/.venv-airflow/lib/python3.11/site-packages/airflow/example_dags/tutorial.py
[2025-08-26T18:22:57.310+0100] {processor.py:830} INFO - Processing file /Users/vlad.alex995/Desktop/de-sprint/.venv-airflow/lib/python3.11/site-packages/airflow/example_dags/tutorial.py for tasks to queue
[2025-08-26T18:22:57.310+0100] {logging_mixin.py:188} INFO - [2025-08-26T18:22:57.310+0100] {dagbag.py:545} INFO - Filling up the DagBag from /Users/vlad.alex995/Desktop/de-sprint/.venv-airflow/lib/python3.11/site-packages/airflow/example_dags/tutorial.py
[2025-08-26T18:22:57.313+0100] {processor.py:840} INFO - DAG(s) 'tutorial' retrieved from /Users/vlad.alex995/Desktop/de-sprint/.venv-airflow/lib/python3.11/site-packages/airflow/example_dags/tutorial.py
[2025-08-26T18:22:57.342+0100] {logging_mixin.py:188} INFO - [2025-08-26T18:22:57.341+0100] {dag.py:3089} INFO - Sync 1 DAGs
[2025-08-26T18:22:57.347+0100] {logging_mixin.py:188} INFO - [2025-08-26T18:22:57.346+0100] {dag.py:3947} INFO - Setting next_dagrun for tutorial to 2025-08-25 00:00:00+00:00, run_after=2025-08-26 00:00:00+00:00
[2025-08-26T18:22:57.352+0100] {processor.py:183} INFO - Processing /Users/vlad.alex995/Desktop/de-sprint/.venv-airflow/lib/python3.11/site-packages/airflow/example_dags/tutorial.py took 0.043 seconds
[2025-08-26T18:24:21.297+0100] {processor.py:161} INFO - Started process (PID=39115) to work on /Users/vlad.alex995/Desktop/de-sprint/.venv-airflow/lib/python3.11/site-packages/airflow/example_dags/tutorial.py
[2025-08-26T18:24:21.298+0100] {processor.py:830} INFO - Processing file /Users/vlad.alex995/Desktop/de-sprint/.venv-airflow/lib/python3.11/site-packages/airflow/example_dags/tutorial.py for tasks to queue
[2025-08-26T18:24:21.298+0100] {logging_mixin.py:188} INFO - [2025-08-26T18:24:21.298+0100] {dagbag.py:545} INFO - Filling up the DagBag from /Users/vlad.alex995/Desktop/de-sprint/.venv-airflow/lib/python3.11/site-packages/airflow/example_dags/tutorial.py
[2025-08-26T18:24:21.301+0100] {processor.py:840} INFO - DAG(s) 'tutorial' retrieved from /Users/vlad.alex995/Desktop/de-sprint/.venv-airflow/lib/python3.11/site-packages/airflow/example_dags/tutorial.py
[2025-08-26T18:24:21.330+0100] {logging_mixin.py:188} INFO - [2025-08-26T18:24:21.330+0100] {dag.py:3089} INFO - Sync 1 DAGs
[2025-08-26T18:24:21.335+0100] {logging_mixin.py:188} INFO - [2025-08-26T18:24:21.335+0100] {dag.py:3947} INFO - Setting next_dagrun for tutorial to 2025-08-25 00:00:00+00:00, run_after=2025-08-26 00:00:00+00:00
[2025-08-26T18:24:21.341+0100] {processor.py:183} INFO - Processing /Users/vlad.alex995/Desktop/de-sprint/.venv-airflow/lib/python3.11/site-packages/airflow/example_dags/tutorial.py took 0.045 seconds
[2025-08-26T18:25:08.266+0100] {processor.py:161} INFO - Started process (PID=39158) to work on /Users/vlad.alex995/Desktop/de-sprint/.venv-airflow/lib/python3.11/site-packages/airflow/example_dags/tutorial.py
[2025-08-26T18:25:08.267+0100] {processor.py:830} INFO - Processing file /Users/vlad.alex995/Desktop/de-sprint/.venv-airflow/lib/python3.11/site-packages/airflow/example_dags/tutorial.py for tasks to queue
[2025-08-26T18:25:08.267+0100] {logging_mixin.py:188} INFO - [2025-08-26T18:25:08.267+0100] {dagbag.py:545} INFO - Filling up the DagBag from /Users/vlad.alex995/Desktop/de-sprint/.venv-airflow/lib/python3.11/site-packages/airflow/example_dags/tutorial.py
[2025-08-26T18:25:08.269+0100] {processor.py:840} INFO - DAG(s) 'tutorial' retrieved from /Users/vlad.alex995/Desktop/de-sprint/.venv-airflow/lib/python3.11/site-packages/airflow/example_dags/tutorial.py
[2025-08-26T18:25:08.299+0100] {logging_mixin.py:188} INFO - [2025-08-26T18:25:08.299+0100] {dag.py:3089} INFO - Sync 1 DAGs
[2025-08-26T18:25:08.305+0100] {logging_mixin.py:188} INFO - [2025-08-26T18:25:08.305+0100] {dag.py:3947} INFO - Setting next_dagrun for tutorial to 2025-08-25 00:00:00+00:00, run_after=2025-08-26 00:00:00+00:00
[2025-08-26T18:25:08.311+0100] {processor.py:183} INFO - Processing /Users/vlad.alex995/Desktop/de-sprint/.venv-airflow/lib/python3.11/site-packages/airflow/example_dags/tutorial.py took 0.046 seconds
[2025-08-26T18:25:56.084+0100] {processor.py:161} INFO - Started process (PID=39210) to work on /Users/vlad.alex995/Desktop/de-sprint/.venv-airflow/lib/python3.11/site-packages/airflow/example_dags/tutorial.py
[2025-08-26T18:25:56.085+0100] {processor.py:830} INFO - Processing file /Users/vlad.alex995/Desktop/de-sprint/.venv-airflow/lib/python3.11/site-packages/airflow/example_dags/tutorial.py for tasks to queue
[2025-08-26T18:25:56.085+0100] {logging_mixin.py:188} INFO - [2025-08-26T18:25:56.085+0100] {dagbag.py:545} INFO - Filling up the DagBag from /Users/vlad.alex995/Desktop/de-sprint/.venv-airflow/lib/python3.11/site-packages/airflow/example_dags/tutorial.py
[2025-08-26T18:25:56.088+0100] {processor.py:840} INFO - DAG(s) 'tutorial' retrieved from /Users/vlad.alex995/Desktop/de-sprint/.venv-airflow/lib/python3.11/site-packages/airflow/example_dags/tutorial.py
[2025-08-26T18:25:56.120+0100] {logging_mixin.py:188} INFO - [2025-08-26T18:25:56.119+0100] {dag.py:3089} INFO - Sync 1 DAGs
[2025-08-26T18:25:56.125+0100] {logging_mixin.py:188} INFO - [2025-08-26T18:25:56.125+0100] {dag.py:3947} INFO - Setting next_dagrun for tutorial to 2025-08-25 00:00:00+00:00, run_after=2025-08-26 00:00:00+00:00
[2025-08-26T18:25:56.132+0100] {processor.py:183} INFO - Processing /Users/vlad.alex995/Desktop/de-sprint/.venv-airflow/lib/python3.11/site-packages/airflow/example_dags/tutorial.py took 0.049 seconds
[2025-08-26T18:26:43.743+0100] {processor.py:161} INFO - Started process (PID=39245) to work on /Users/vlad.alex995/Desktop/de-sprint/.venv-airflow/lib/python3.11/site-packages/airflow/example_dags/tutorial.py
[2025-08-26T18:26:43.744+0100] {processor.py:830} INFO - Processing file /Users/vlad.alex995/Desktop/de-sprint/.venv-airflow/lib/python3.11/site-packages/airflow/example_dags/tutorial.py for tasks to queue
[2025-08-26T18:26:43.744+0100] {logging_mixin.py:188} INFO - [2025-08-26T18:26:43.744+0100] {dagbag.py:545} INFO - Filling up the DagBag from /Users/vlad.alex995/Desktop/de-sprint/.venv-airflow/lib/python3.11/site-packages/airflow/example_dags/tutorial.py
[2025-08-26T18:26:43.747+0100] {processor.py:840} INFO - DAG(s) 'tutorial' retrieved from /Users/vlad.alex995/Desktop/de-sprint/.venv-airflow/lib/python3.11/site-packages/airflow/example_dags/tutorial.py
[2025-08-26T18:26:43.780+0100] {logging_mixin.py:188} INFO - [2025-08-26T18:26:43.779+0100] {dag.py:3089} INFO - Sync 1 DAGs
[2025-08-26T18:26:43.786+0100] {logging_mixin.py:188} INFO - [2025-08-26T18:26:43.786+0100] {dag.py:3947} INFO - Setting next_dagrun for tutorial to 2025-08-25 00:00:00+00:00, run_after=2025-08-26 00:00:00+00:00
[2025-08-26T18:26:43.792+0100] {processor.py:183} INFO - Processing /Users/vlad.alex995/Desktop/de-sprint/.venv-airflow/lib/python3.11/site-packages/airflow/example_dags/tutorial.py took 0.050 seconds
[2025-08-26T18:27:14.208+0100] {processor.py:161} INFO - Started process (PID=39661) to work on /Users/vlad.alex995/Desktop/de-sprint/.venv-airflow/lib/python3.11/site-packages/airflow/example_dags/tutorial.py
[2025-08-26T18:27:14.208+0100] {processor.py:830} INFO - Processing file /Users/vlad.alex995/Desktop/de-sprint/.venv-airflow/lib/python3.11/site-packages/airflow/example_dags/tutorial.py for tasks to queue
[2025-08-26T18:27:14.208+0100] {logging_mixin.py:188} INFO - [2025-08-26T18:27:14.208+0100] {dagbag.py:545} INFO - Filling up the DagBag from /Users/vlad.alex995/Desktop/de-sprint/.venv-airflow/lib/python3.11/site-packages/airflow/example_dags/tutorial.py
[2025-08-26T18:27:14.211+0100] {processor.py:840} INFO - DAG(s) 'tutorial' retrieved from /Users/vlad.alex995/Desktop/de-sprint/.venv-airflow/lib/python3.11/site-packages/airflow/example_dags/tutorial.py
[2025-08-26T18:27:14.242+0100] {logging_mixin.py:188} INFO - [2025-08-26T18:27:14.242+0100] {dag.py:3089} INFO - Sync 1 DAGs
[2025-08-26T18:27:14.248+0100] {logging_mixin.py:188} INFO - [2025-08-26T18:27:14.248+0100] {dag.py:3947} INFO - Setting next_dagrun for tutorial to 2025-08-25 00:00:00+00:00, run_after=2025-08-26 00:00:00+00:00
[2025-08-26T18:27:14.255+0100] {processor.py:183} INFO - Processing /Users/vlad.alex995/Desktop/de-sprint/.venv-airflow/lib/python3.11/site-packages/airflow/example_dags/tutorial.py took 0.048 seconds
[2025-08-26T18:29:33.911+0100] {processor.py:161} INFO - Started process (PID=40087) to work on /Users/vlad.alex995/Desktop/de-sprint/.venv-airflow/lib/python3.11/site-packages/airflow/example_dags/tutorial.py
[2025-08-26T18:29:33.912+0100] {processor.py:830} INFO - Processing file /Users/vlad.alex995/Desktop/de-sprint/.venv-airflow/lib/python3.11/site-packages/airflow/example_dags/tutorial.py for tasks to queue
[2025-08-26T18:29:33.912+0100] {logging_mixin.py:188} INFO - [2025-08-26T18:29:33.912+0100] {dagbag.py:545} INFO - Filling up the DagBag from /Users/vlad.alex995/Desktop/de-sprint/.venv-airflow/lib/python3.11/site-packages/airflow/example_dags/tutorial.py
[2025-08-26T18:29:33.914+0100] {processor.py:840} INFO - DAG(s) 'tutorial' retrieved from /Users/vlad.alex995/Desktop/de-sprint/.venv-airflow/lib/python3.11/site-packages/airflow/example_dags/tutorial.py
[2025-08-26T18:29:33.944+0100] {logging_mixin.py:188} INFO - [2025-08-26T18:29:33.943+0100] {dag.py:3089} INFO - Sync 1 DAGs
[2025-08-26T18:29:33.949+0100] {logging_mixin.py:188} INFO - [2025-08-26T18:29:33.949+0100] {dag.py:3947} INFO - Setting next_dagrun for tutorial to 2025-08-25 00:00:00+00:00, run_after=2025-08-26 00:00:00+00:00
[2025-08-26T18:29:33.954+0100] {processor.py:183} INFO - Processing /Users/vlad.alex995/Desktop/de-sprint/.venv-airflow/lib/python3.11/site-packages/airflow/example_dags/tutorial.py took 0.044 seconds
