[2025-08-26T17:24:55.903+0100] {processor.py:161} INFO - Started process (PID=35299) to work on /Users/vlad.alex995/Desktop/de-sprint/.venv-airflow/lib/python3.11/site-packages/airflow/example_dags/subdags/subdag.py
[2025-08-26T17:24:55.903+0100] {processor.py:830} INFO - Processing file /Users/vlad.alex995/Desktop/de-sprint/.venv-airflow/lib/python3.11/site-packages/airflow/example_dags/subdags/subdag.py for tasks to queue
[2025-08-26T17:24:55.904+0100] {logging_mixin.py:188} INFO - [2025-08-26T17:24:55.903+0100] {dagbag.py:545} INFO - Filling up the DagBag from /Users/vlad.alex995/Desktop/de-sprint/.venv-airflow/lib/python3.11/site-packages/airflow/example_dags/subdags/subdag.py
[2025-08-26T17:24:55.904+0100] {processor.py:842} WARNING - No viable dags retrieved from /Users/vlad.alex995/Desktop/de-sprint/.venv-airflow/lib/python3.11/site-packages/airflow/example_dags/subdags/subdag.py
[2025-08-26T17:24:55.929+0100] {processor.py:183} INFO - Processing /Users/vlad.alex995/Desktop/de-sprint/.venv-airflow/lib/python3.11/site-packages/airflow/example_dags/subdags/subdag.py took 0.027 seconds
[2025-08-26T17:26:18.284+0100] {processor.py:161} INFO - Started process (PID=35364) to work on /Users/vlad.alex995/Desktop/de-sprint/.venv-airflow/lib/python3.11/site-packages/airflow/example_dags/subdags/subdag.py
[2025-08-26T17:26:18.285+0100] {processor.py:830} INFO - Processing file /Users/vlad.alex995/Desktop/de-sprint/.venv-airflow/lib/python3.11/site-packages/airflow/example_dags/subdags/subdag.py for tasks to queue
[2025-08-26T17:26:18.286+0100] {logging_mixin.py:188} INFO - [2025-08-26T17:26:18.285+0100] {dagbag.py:545} INFO - Filling up the DagBag from /Users/vlad.alex995/Desktop/de-sprint/.venv-airflow/lib/python3.11/site-packages/airflow/example_dags/subdags/subdag.py
[2025-08-26T17:26:18.286+0100] {processor.py:842} WARNING - No viable dags retrieved from /Users/vlad.alex995/Desktop/de-sprint/.venv-airflow/lib/python3.11/site-packages/airflow/example_dags/subdags/subdag.py
[2025-08-26T17:26:18.312+0100] {processor.py:183} INFO - Processing /Users/vlad.alex995/Desktop/de-sprint/.venv-airflow/lib/python3.11/site-packages/airflow/example_dags/subdags/subdag.py took 0.029 seconds
[2025-08-26T17:27:03.499+0100] {processor.py:161} INFO - Started process (PID=35398) to work on /Users/vlad.alex995/Desktop/de-sprint/.venv-airflow/lib/python3.11/site-packages/airflow/example_dags/subdags/subdag.py
[2025-08-26T17:27:03.499+0100] {processor.py:830} INFO - Processing file /Users/vlad.alex995/Desktop/de-sprint/.venv-airflow/lib/python3.11/site-packages/airflow/example_dags/subdags/subdag.py for tasks to queue
[2025-08-26T17:27:03.500+0100] {logging_mixin.py:188} INFO - [2025-08-26T17:27:03.500+0100] {dagbag.py:545} INFO - Filling up the DagBag from /Users/vlad.alex995/Desktop/de-sprint/.venv-airflow/lib/python3.11/site-packages/airflow/example_dags/subdags/subdag.py
[2025-08-26T17:27:03.500+0100] {processor.py:842} WARNING - No viable dags retrieved from /Users/vlad.alex995/Desktop/de-sprint/.venv-airflow/lib/python3.11/site-packages/airflow/example_dags/subdags/subdag.py
[2025-08-26T17:27:03.524+0100] {processor.py:183} INFO - Processing /Users/vlad.alex995/Desktop/de-sprint/.venv-airflow/lib/python3.11/site-packages/airflow/example_dags/subdags/subdag.py took 0.026 seconds
[2025-08-26T17:27:49.277+0100] {processor.py:161} INFO - Started process (PID=35436) to work on /Users/vlad.alex995/Desktop/de-sprint/.venv-airflow/lib/python3.11/site-packages/airflow/example_dags/subdags/subdag.py
[2025-08-26T17:27:49.279+0100] {processor.py:830} INFO - Processing file /Users/vlad.alex995/Desktop/de-sprint/.venv-airflow/lib/python3.11/site-packages/airflow/example_dags/subdags/subdag.py for tasks to queue
[2025-08-26T17:27:49.279+0100] {logging_mixin.py:188} INFO - [2025-08-26T17:27:49.279+0100] {dagbag.py:545} INFO - Filling up the DagBag from /Users/vlad.alex995/Desktop/de-sprint/.venv-airflow/lib/python3.11/site-packages/airflow/example_dags/subdags/subdag.py
[2025-08-26T17:27:49.279+0100] {processor.py:842} WARNING - No viable dags retrieved from /Users/vlad.alex995/Desktop/de-sprint/.venv-airflow/lib/python3.11/site-packages/airflow/example_dags/subdags/subdag.py
[2025-08-26T17:27:49.304+0100] {processor.py:183} INFO - Processing /Users/vlad.alex995/Desktop/de-sprint/.venv-airflow/lib/python3.11/site-packages/airflow/example_dags/subdags/subdag.py took 0.027 seconds
[2025-08-26T17:28:36.549+0100] {processor.py:161} INFO - Started process (PID=35471) to work on /Users/vlad.alex995/Desktop/de-sprint/.venv-airflow/lib/python3.11/site-packages/airflow/example_dags/subdags/subdag.py
[2025-08-26T17:28:36.550+0100] {processor.py:830} INFO - Processing file /Users/vlad.alex995/Desktop/de-sprint/.venv-airflow/lib/python3.11/site-packages/airflow/example_dags/subdags/subdag.py for tasks to queue
[2025-08-26T17:28:36.550+0100] {logging_mixin.py:188} INFO - [2025-08-26T17:28:36.550+0100] {dagbag.py:545} INFO - Filling up the DagBag from /Users/vlad.alex995/Desktop/de-sprint/.venv-airflow/lib/python3.11/site-packages/airflow/example_dags/subdags/subdag.py
[2025-08-26T17:28:36.551+0100] {processor.py:842} WARNING - No viable dags retrieved from /Users/vlad.alex995/Desktop/de-sprint/.venv-airflow/lib/python3.11/site-packages/airflow/example_dags/subdags/subdag.py
[2025-08-26T17:28:36.577+0100] {processor.py:183} INFO - Processing /Users/vlad.alex995/Desktop/de-sprint/.venv-airflow/lib/python3.11/site-packages/airflow/example_dags/subdags/subdag.py took 0.029 seconds
[2025-08-26T17:29:25.334+0100] {processor.py:161} INFO - Started process (PID=35506) to work on /Users/vlad.alex995/Desktop/de-sprint/.venv-airflow/lib/python3.11/site-packages/airflow/example_dags/subdags/subdag.py
[2025-08-26T17:29:25.334+0100] {processor.py:830} INFO - Processing file /Users/vlad.alex995/Desktop/de-sprint/.venv-airflow/lib/python3.11/site-packages/airflow/example_dags/subdags/subdag.py for tasks to queue
[2025-08-26T17:29:25.335+0100] {logging_mixin.py:188} INFO - [2025-08-26T17:29:25.334+0100] {dagbag.py:545} INFO - Filling up the DagBag from /Users/vlad.alex995/Desktop/de-sprint/.venv-airflow/lib/python3.11/site-packages/airflow/example_dags/subdags/subdag.py
[2025-08-26T17:29:25.335+0100] {processor.py:842} WARNING - No viable dags retrieved from /Users/vlad.alex995/Desktop/de-sprint/.venv-airflow/lib/python3.11/site-packages/airflow/example_dags/subdags/subdag.py
[2025-08-26T17:29:25.360+0100] {processor.py:183} INFO - Processing /Users/vlad.alex995/Desktop/de-sprint/.venv-airflow/lib/python3.11/site-packages/airflow/example_dags/subdags/subdag.py took 0.027 seconds
[2025-08-26T17:30:11.055+0100] {processor.py:161} INFO - Started process (PID=35542) to work on /Users/vlad.alex995/Desktop/de-sprint/.venv-airflow/lib/python3.11/site-packages/airflow/example_dags/subdags/subdag.py
[2025-08-26T17:30:11.056+0100] {processor.py:830} INFO - Processing file /Users/vlad.alex995/Desktop/de-sprint/.venv-airflow/lib/python3.11/site-packages/airflow/example_dags/subdags/subdag.py for tasks to queue
[2025-08-26T17:30:11.056+0100] {logging_mixin.py:188} INFO - [2025-08-26T17:30:11.056+0100] {dagbag.py:545} INFO - Filling up the DagBag from /Users/vlad.alex995/Desktop/de-sprint/.venv-airflow/lib/python3.11/site-packages/airflow/example_dags/subdags/subdag.py
[2025-08-26T17:30:11.057+0100] {processor.py:842} WARNING - No viable dags retrieved from /Users/vlad.alex995/Desktop/de-sprint/.venv-airflow/lib/python3.11/site-packages/airflow/example_dags/subdags/subdag.py
[2025-08-26T17:30:11.084+0100] {processor.py:183} INFO - Processing /Users/vlad.alex995/Desktop/de-sprint/.venv-airflow/lib/python3.11/site-packages/airflow/example_dags/subdags/subdag.py took 0.030 seconds
[2025-08-26T17:30:55.028+0100] {processor.py:161} INFO - Started process (PID=35576) to work on /Users/vlad.alex995/Desktop/de-sprint/.venv-airflow/lib/python3.11/site-packages/airflow/example_dags/subdags/subdag.py
[2025-08-26T17:30:55.029+0100] {processor.py:830} INFO - Processing file /Users/vlad.alex995/Desktop/de-sprint/.venv-airflow/lib/python3.11/site-packages/airflow/example_dags/subdags/subdag.py for tasks to queue
[2025-08-26T17:30:55.029+0100] {logging_mixin.py:188} INFO - [2025-08-26T17:30:55.029+0100] {dagbag.py:545} INFO - Filling up the DagBag from /Users/vlad.alex995/Desktop/de-sprint/.venv-airflow/lib/python3.11/site-packages/airflow/example_dags/subdags/subdag.py
[2025-08-26T17:30:55.030+0100] {processor.py:842} WARNING - No viable dags retrieved from /Users/vlad.alex995/Desktop/de-sprint/.venv-airflow/lib/python3.11/site-packages/airflow/example_dags/subdags/subdag.py
[2025-08-26T17:30:55.054+0100] {processor.py:183} INFO - Processing /Users/vlad.alex995/Desktop/de-sprint/.venv-airflow/lib/python3.11/site-packages/airflow/example_dags/subdags/subdag.py took 0.027 seconds
[2025-08-26T17:31:40.869+0100] {processor.py:161} INFO - Started process (PID=35611) to work on /Users/vlad.alex995/Desktop/de-sprint/.venv-airflow/lib/python3.11/site-packages/airflow/example_dags/subdags/subdag.py
[2025-08-26T17:31:40.869+0100] {processor.py:830} INFO - Processing file /Users/vlad.alex995/Desktop/de-sprint/.venv-airflow/lib/python3.11/site-packages/airflow/example_dags/subdags/subdag.py for tasks to queue
[2025-08-26T17:31:40.870+0100] {logging_mixin.py:188} INFO - [2025-08-26T17:31:40.870+0100] {dagbag.py:545} INFO - Filling up the DagBag from /Users/vlad.alex995/Desktop/de-sprint/.venv-airflow/lib/python3.11/site-packages/airflow/example_dags/subdags/subdag.py
[2025-08-26T17:31:40.870+0100] {processor.py:842} WARNING - No viable dags retrieved from /Users/vlad.alex995/Desktop/de-sprint/.venv-airflow/lib/python3.11/site-packages/airflow/example_dags/subdags/subdag.py
[2025-08-26T17:31:40.894+0100] {processor.py:183} INFO - Processing /Users/vlad.alex995/Desktop/de-sprint/.venv-airflow/lib/python3.11/site-packages/airflow/example_dags/subdags/subdag.py took 0.026 seconds
[2025-08-26T17:32:26.315+0100] {processor.py:161} INFO - Started process (PID=35957) to work on /Users/vlad.alex995/Desktop/de-sprint/.venv-airflow/lib/python3.11/site-packages/airflow/example_dags/subdags/subdag.py
[2025-08-26T17:32:26.316+0100] {processor.py:830} INFO - Processing file /Users/vlad.alex995/Desktop/de-sprint/.venv-airflow/lib/python3.11/site-packages/airflow/example_dags/subdags/subdag.py for tasks to queue
[2025-08-26T17:32:26.316+0100] {logging_mixin.py:188} INFO - [2025-08-26T17:32:26.316+0100] {dagbag.py:545} INFO - Filling up the DagBag from /Users/vlad.alex995/Desktop/de-sprint/.venv-airflow/lib/python3.11/site-packages/airflow/example_dags/subdags/subdag.py
[2025-08-26T17:32:26.316+0100] {processor.py:842} WARNING - No viable dags retrieved from /Users/vlad.alex995/Desktop/de-sprint/.venv-airflow/lib/python3.11/site-packages/airflow/example_dags/subdags/subdag.py
[2025-08-26T17:32:26.342+0100] {processor.py:183} INFO - Processing /Users/vlad.alex995/Desktop/de-sprint/.venv-airflow/lib/python3.11/site-packages/airflow/example_dags/subdags/subdag.py took 0.028 seconds
[2025-08-26T17:33:11.421+0100] {processor.py:161} INFO - Started process (PID=36003) to work on /Users/vlad.alex995/Desktop/de-sprint/.venv-airflow/lib/python3.11/site-packages/airflow/example_dags/subdags/subdag.py
[2025-08-26T17:33:11.422+0100] {processor.py:830} INFO - Processing file /Users/vlad.alex995/Desktop/de-sprint/.venv-airflow/lib/python3.11/site-packages/airflow/example_dags/subdags/subdag.py for tasks to queue
[2025-08-26T17:33:11.423+0100] {logging_mixin.py:188} INFO - [2025-08-26T17:33:11.422+0100] {dagbag.py:545} INFO - Filling up the DagBag from /Users/vlad.alex995/Desktop/de-sprint/.venv-airflow/lib/python3.11/site-packages/airflow/example_dags/subdags/subdag.py
[2025-08-26T17:33:11.423+0100] {processor.py:842} WARNING - No viable dags retrieved from /Users/vlad.alex995/Desktop/de-sprint/.venv-airflow/lib/python3.11/site-packages/airflow/example_dags/subdags/subdag.py
[2025-08-26T17:33:11.448+0100] {processor.py:183} INFO - Processing /Users/vlad.alex995/Desktop/de-sprint/.venv-airflow/lib/python3.11/site-packages/airflow/example_dags/subdags/subdag.py took 0.027 seconds
[2025-08-26T18:10:40.243+0100] {processor.py:161} INFO - Started process (PID=37364) to work on /Users/vlad.alex995/Desktop/de-sprint/.venv-airflow/lib/python3.11/site-packages/airflow/example_dags/subdags/subdag.py
[2025-08-26T18:10:40.243+0100] {processor.py:830} INFO - Processing file /Users/vlad.alex995/Desktop/de-sprint/.venv-airflow/lib/python3.11/site-packages/airflow/example_dags/subdags/subdag.py for tasks to queue
[2025-08-26T18:10:40.244+0100] {logging_mixin.py:188} INFO - [2025-08-26T18:10:40.244+0100] {dagbag.py:545} INFO - Filling up the DagBag from /Users/vlad.alex995/Desktop/de-sprint/.venv-airflow/lib/python3.11/site-packages/airflow/example_dags/subdags/subdag.py
[2025-08-26T18:10:40.245+0100] {processor.py:842} WARNING - No viable dags retrieved from /Users/vlad.alex995/Desktop/de-sprint/.venv-airflow/lib/python3.11/site-packages/airflow/example_dags/subdags/subdag.py
[2025-08-26T18:10:40.268+0100] {processor.py:183} INFO - Processing /Users/vlad.alex995/Desktop/de-sprint/.venv-airflow/lib/python3.11/site-packages/airflow/example_dags/subdags/subdag.py took 0.026 seconds
[2025-08-26T18:12:00.009+0100] {processor.py:161} INFO - Started process (PID=37450) to work on /Users/vlad.alex995/Desktop/de-sprint/.venv-airflow/lib/python3.11/site-packages/airflow/example_dags/subdags/subdag.py
[2025-08-26T18:12:00.011+0100] {processor.py:830} INFO - Processing file /Users/vlad.alex995/Desktop/de-sprint/.venv-airflow/lib/python3.11/site-packages/airflow/example_dags/subdags/subdag.py for tasks to queue
[2025-08-26T18:12:00.011+0100] {logging_mixin.py:188} INFO - [2025-08-26T18:12:00.011+0100] {dagbag.py:545} INFO - Filling up the DagBag from /Users/vlad.alex995/Desktop/de-sprint/.venv-airflow/lib/python3.11/site-packages/airflow/example_dags/subdags/subdag.py
[2025-08-26T18:12:00.012+0100] {processor.py:842} WARNING - No viable dags retrieved from /Users/vlad.alex995/Desktop/de-sprint/.venv-airflow/lib/python3.11/site-packages/airflow/example_dags/subdags/subdag.py
[2025-08-26T18:12:00.040+0100] {processor.py:183} INFO - Processing /Users/vlad.alex995/Desktop/de-sprint/.venv-airflow/lib/python3.11/site-packages/airflow/example_dags/subdags/subdag.py took 0.032 seconds
[2025-08-26T18:12:47.892+0100] {processor.py:161} INFO - Started process (PID=37486) to work on /Users/vlad.alex995/Desktop/de-sprint/.venv-airflow/lib/python3.11/site-packages/airflow/example_dags/subdags/subdag.py
[2025-08-26T18:12:47.892+0100] {processor.py:830} INFO - Processing file /Users/vlad.alex995/Desktop/de-sprint/.venv-airflow/lib/python3.11/site-packages/airflow/example_dags/subdags/subdag.py for tasks to queue
[2025-08-26T18:12:47.892+0100] {logging_mixin.py:188} INFO - [2025-08-26T18:12:47.892+0100] {dagbag.py:545} INFO - Filling up the DagBag from /Users/vlad.alex995/Desktop/de-sprint/.venv-airflow/lib/python3.11/site-packages/airflow/example_dags/subdags/subdag.py
[2025-08-26T18:12:47.893+0100] {processor.py:842} WARNING - No viable dags retrieved from /Users/vlad.alex995/Desktop/de-sprint/.venv-airflow/lib/python3.11/site-packages/airflow/example_dags/subdags/subdag.py
[2025-08-26T18:12:47.918+0100] {processor.py:183} INFO - Processing /Users/vlad.alex995/Desktop/de-sprint/.venv-airflow/lib/python3.11/site-packages/airflow/example_dags/subdags/subdag.py took 0.027 seconds
[2025-08-26T18:13:31.417+0100] {processor.py:161} INFO - Started process (PID=37521) to work on /Users/vlad.alex995/Desktop/de-sprint/.venv-airflow/lib/python3.11/site-packages/airflow/example_dags/subdags/subdag.py
[2025-08-26T18:13:31.418+0100] {processor.py:830} INFO - Processing file /Users/vlad.alex995/Desktop/de-sprint/.venv-airflow/lib/python3.11/site-packages/airflow/example_dags/subdags/subdag.py for tasks to queue
[2025-08-26T18:13:31.418+0100] {logging_mixin.py:188} INFO - [2025-08-26T18:13:31.418+0100] {dagbag.py:545} INFO - Filling up the DagBag from /Users/vlad.alex995/Desktop/de-sprint/.venv-airflow/lib/python3.11/site-packages/airflow/example_dags/subdags/subdag.py
[2025-08-26T18:13:31.418+0100] {processor.py:842} WARNING - No viable dags retrieved from /Users/vlad.alex995/Desktop/de-sprint/.venv-airflow/lib/python3.11/site-packages/airflow/example_dags/subdags/subdag.py
[2025-08-26T18:13:31.442+0100] {processor.py:183} INFO - Processing /Users/vlad.alex995/Desktop/de-sprint/.venv-airflow/lib/python3.11/site-packages/airflow/example_dags/subdags/subdag.py took 0.026 seconds
[2025-08-26T18:14:14.774+0100] {processor.py:161} INFO - Started process (PID=37786) to work on /Users/vlad.alex995/Desktop/de-sprint/.venv-airflow/lib/python3.11/site-packages/airflow/example_dags/subdags/subdag.py
[2025-08-26T18:14:14.775+0100] {processor.py:830} INFO - Processing file /Users/vlad.alex995/Desktop/de-sprint/.venv-airflow/lib/python3.11/site-packages/airflow/example_dags/subdags/subdag.py for tasks to queue
[2025-08-26T18:14:14.775+0100] {logging_mixin.py:188} INFO - [2025-08-26T18:14:14.775+0100] {dagbag.py:545} INFO - Filling up the DagBag from /Users/vlad.alex995/Desktop/de-sprint/.venv-airflow/lib/python3.11/site-packages/airflow/example_dags/subdags/subdag.py
[2025-08-26T18:14:14.776+0100] {processor.py:842} WARNING - No viable dags retrieved from /Users/vlad.alex995/Desktop/de-sprint/.venv-airflow/lib/python3.11/site-packages/airflow/example_dags/subdags/subdag.py
[2025-08-26T18:14:14.800+0100] {processor.py:183} INFO - Processing /Users/vlad.alex995/Desktop/de-sprint/.venv-airflow/lib/python3.11/site-packages/airflow/example_dags/subdags/subdag.py took 0.027 seconds
[2025-08-26T18:14:59.360+0100] {processor.py:161} INFO - Started process (PID=37986) to work on /Users/vlad.alex995/Desktop/de-sprint/.venv-airflow/lib/python3.11/site-packages/airflow/example_dags/subdags/subdag.py
[2025-08-26T18:14:59.361+0100] {processor.py:830} INFO - Processing file /Users/vlad.alex995/Desktop/de-sprint/.venv-airflow/lib/python3.11/site-packages/airflow/example_dags/subdags/subdag.py for tasks to queue
[2025-08-26T18:14:59.361+0100] {logging_mixin.py:188} INFO - [2025-08-26T18:14:59.361+0100] {dagbag.py:545} INFO - Filling up the DagBag from /Users/vlad.alex995/Desktop/de-sprint/.venv-airflow/lib/python3.11/site-packages/airflow/example_dags/subdags/subdag.py
[2025-08-26T18:14:59.362+0100] {processor.py:842} WARNING - No viable dags retrieved from /Users/vlad.alex995/Desktop/de-sprint/.venv-airflow/lib/python3.11/site-packages/airflow/example_dags/subdags/subdag.py
[2025-08-26T18:14:59.387+0100] {processor.py:183} INFO - Processing /Users/vlad.alex995/Desktop/de-sprint/.venv-airflow/lib/python3.11/site-packages/airflow/example_dags/subdags/subdag.py took 0.028 seconds
[2025-08-26T18:15:46.324+0100] {processor.py:161} INFO - Started process (PID=38025) to work on /Users/vlad.alex995/Desktop/de-sprint/.venv-airflow/lib/python3.11/site-packages/airflow/example_dags/subdags/subdag.py
[2025-08-26T18:15:46.324+0100] {processor.py:830} INFO - Processing file /Users/vlad.alex995/Desktop/de-sprint/.venv-airflow/lib/python3.11/site-packages/airflow/example_dags/subdags/subdag.py for tasks to queue
[2025-08-26T18:15:46.325+0100] {logging_mixin.py:188} INFO - [2025-08-26T18:15:46.324+0100] {dagbag.py:545} INFO - Filling up the DagBag from /Users/vlad.alex995/Desktop/de-sprint/.venv-airflow/lib/python3.11/site-packages/airflow/example_dags/subdags/subdag.py
[2025-08-26T18:15:46.325+0100] {processor.py:842} WARNING - No viable dags retrieved from /Users/vlad.alex995/Desktop/de-sprint/.venv-airflow/lib/python3.11/site-packages/airflow/example_dags/subdags/subdag.py
[2025-08-26T18:15:46.350+0100] {processor.py:183} INFO - Processing /Users/vlad.alex995/Desktop/de-sprint/.venv-airflow/lib/python3.11/site-packages/airflow/example_dags/subdags/subdag.py took 0.027 seconds
[2025-08-26T18:16:33.660+0100] {processor.py:161} INFO - Started process (PID=38062) to work on /Users/vlad.alex995/Desktop/de-sprint/.venv-airflow/lib/python3.11/site-packages/airflow/example_dags/subdags/subdag.py
[2025-08-26T18:16:33.660+0100] {processor.py:830} INFO - Processing file /Users/vlad.alex995/Desktop/de-sprint/.venv-airflow/lib/python3.11/site-packages/airflow/example_dags/subdags/subdag.py for tasks to queue
[2025-08-26T18:16:33.660+0100] {logging_mixin.py:188} INFO - [2025-08-26T18:16:33.660+0100] {dagbag.py:545} INFO - Filling up the DagBag from /Users/vlad.alex995/Desktop/de-sprint/.venv-airflow/lib/python3.11/site-packages/airflow/example_dags/subdags/subdag.py
[2025-08-26T18:16:33.661+0100] {processor.py:842} WARNING - No viable dags retrieved from /Users/vlad.alex995/Desktop/de-sprint/.venv-airflow/lib/python3.11/site-packages/airflow/example_dags/subdags/subdag.py
[2025-08-26T18:16:33.685+0100] {processor.py:183} INFO - Processing /Users/vlad.alex995/Desktop/de-sprint/.venv-airflow/lib/python3.11/site-packages/airflow/example_dags/subdags/subdag.py took 0.026 seconds
[2025-08-26T18:17:20.900+0100] {processor.py:161} INFO - Started process (PID=38121) to work on /Users/vlad.alex995/Desktop/de-sprint/.venv-airflow/lib/python3.11/site-packages/airflow/example_dags/subdags/subdag.py
[2025-08-26T18:17:20.901+0100] {processor.py:830} INFO - Processing file /Users/vlad.alex995/Desktop/de-sprint/.venv-airflow/lib/python3.11/site-packages/airflow/example_dags/subdags/subdag.py for tasks to queue
[2025-08-26T18:17:20.902+0100] {logging_mixin.py:188} INFO - [2025-08-26T18:17:20.902+0100] {dagbag.py:545} INFO - Filling up the DagBag from /Users/vlad.alex995/Desktop/de-sprint/.venv-airflow/lib/python3.11/site-packages/airflow/example_dags/subdags/subdag.py
[2025-08-26T18:17:20.903+0100] {processor.py:842} WARNING - No viable dags retrieved from /Users/vlad.alex995/Desktop/de-sprint/.venv-airflow/lib/python3.11/site-packages/airflow/example_dags/subdags/subdag.py
[2025-08-26T18:17:20.932+0100] {processor.py:183} INFO - Processing /Users/vlad.alex995/Desktop/de-sprint/.venv-airflow/lib/python3.11/site-packages/airflow/example_dags/subdags/subdag.py took 0.033 seconds
[2025-08-26T18:18:11.677+0100] {processor.py:161} INFO - Started process (PID=38425) to work on /Users/vlad.alex995/Desktop/de-sprint/.venv-airflow/lib/python3.11/site-packages/airflow/example_dags/subdags/subdag.py
[2025-08-26T18:18:11.678+0100] {processor.py:830} INFO - Processing file /Users/vlad.alex995/Desktop/de-sprint/.venv-airflow/lib/python3.11/site-packages/airflow/example_dags/subdags/subdag.py for tasks to queue
[2025-08-26T18:18:11.678+0100] {logging_mixin.py:188} INFO - [2025-08-26T18:18:11.678+0100] {dagbag.py:545} INFO - Filling up the DagBag from /Users/vlad.alex995/Desktop/de-sprint/.venv-airflow/lib/python3.11/site-packages/airflow/example_dags/subdags/subdag.py
[2025-08-26T18:18:11.679+0100] {processor.py:842} WARNING - No viable dags retrieved from /Users/vlad.alex995/Desktop/de-sprint/.venv-airflow/lib/python3.11/site-packages/airflow/example_dags/subdags/subdag.py
[2025-08-26T18:18:11.703+0100] {processor.py:183} INFO - Processing /Users/vlad.alex995/Desktop/de-sprint/.venv-airflow/lib/python3.11/site-packages/airflow/example_dags/subdags/subdag.py took 0.027 seconds
[2025-08-26T18:19:10.659+0100] {processor.py:161} INFO - Started process (PID=38841) to work on /Users/vlad.alex995/Desktop/de-sprint/.venv-airflow/lib/python3.11/site-packages/airflow/example_dags/subdags/subdag.py
[2025-08-26T18:19:10.660+0100] {processor.py:830} INFO - Processing file /Users/vlad.alex995/Desktop/de-sprint/.venv-airflow/lib/python3.11/site-packages/airflow/example_dags/subdags/subdag.py for tasks to queue
[2025-08-26T18:19:10.660+0100] {logging_mixin.py:188} INFO - [2025-08-26T18:19:10.660+0100] {dagbag.py:545} INFO - Filling up the DagBag from /Users/vlad.alex995/Desktop/de-sprint/.venv-airflow/lib/python3.11/site-packages/airflow/example_dags/subdags/subdag.py
[2025-08-26T18:19:10.661+0100] {processor.py:842} WARNING - No viable dags retrieved from /Users/vlad.alex995/Desktop/de-sprint/.venv-airflow/lib/python3.11/site-packages/airflow/example_dags/subdags/subdag.py
[2025-08-26T18:19:10.685+0100] {processor.py:183} INFO - Processing /Users/vlad.alex995/Desktop/de-sprint/.venv-airflow/lib/python3.11/site-packages/airflow/example_dags/subdags/subdag.py took 0.026 seconds
[2025-08-26T18:20:26.877+0100] {processor.py:161} INFO - Started process (PID=38919) to work on /Users/vlad.alex995/Desktop/de-sprint/.venv-airflow/lib/python3.11/site-packages/airflow/example_dags/subdags/subdag.py
[2025-08-26T18:20:26.878+0100] {processor.py:830} INFO - Processing file /Users/vlad.alex995/Desktop/de-sprint/.venv-airflow/lib/python3.11/site-packages/airflow/example_dags/subdags/subdag.py for tasks to queue
[2025-08-26T18:20:26.878+0100] {logging_mixin.py:188} INFO - [2025-08-26T18:20:26.878+0100] {dagbag.py:545} INFO - Filling up the DagBag from /Users/vlad.alex995/Desktop/de-sprint/.venv-airflow/lib/python3.11/site-packages/airflow/example_dags/subdags/subdag.py
[2025-08-26T18:20:26.879+0100] {processor.py:842} WARNING - No viable dags retrieved from /Users/vlad.alex995/Desktop/de-sprint/.venv-airflow/lib/python3.11/site-packages/airflow/example_dags/subdags/subdag.py
[2025-08-26T18:20:26.905+0100] {processor.py:183} INFO - Processing /Users/vlad.alex995/Desktop/de-sprint/.venv-airflow/lib/python3.11/site-packages/airflow/example_dags/subdags/subdag.py took 0.030 seconds
[2025-08-26T18:21:13.304+0100] {processor.py:161} INFO - Started process (PID=38964) to work on /Users/vlad.alex995/Desktop/de-sprint/.venv-airflow/lib/python3.11/site-packages/airflow/example_dags/subdags/subdag.py
[2025-08-26T18:21:13.305+0100] {processor.py:830} INFO - Processing file /Users/vlad.alex995/Desktop/de-sprint/.venv-airflow/lib/python3.11/site-packages/airflow/example_dags/subdags/subdag.py for tasks to queue
[2025-08-26T18:21:13.306+0100] {logging_mixin.py:188} INFO - [2025-08-26T18:21:13.305+0100] {dagbag.py:545} INFO - Filling up the DagBag from /Users/vlad.alex995/Desktop/de-sprint/.venv-airflow/lib/python3.11/site-packages/airflow/example_dags/subdags/subdag.py
[2025-08-26T18:21:13.306+0100] {processor.py:842} WARNING - No viable dags retrieved from /Users/vlad.alex995/Desktop/de-sprint/.venv-airflow/lib/python3.11/site-packages/airflow/example_dags/subdags/subdag.py
[2025-08-26T18:21:13.331+0100] {processor.py:183} INFO - Processing /Users/vlad.alex995/Desktop/de-sprint/.venv-airflow/lib/python3.11/site-packages/airflow/example_dags/subdags/subdag.py took 0.028 seconds
[2025-08-26T18:21:59.810+0100] {processor.py:161} INFO - Started process (PID=39001) to work on /Users/vlad.alex995/Desktop/de-sprint/.venv-airflow/lib/python3.11/site-packages/airflow/example_dags/subdags/subdag.py
[2025-08-26T18:21:59.810+0100] {processor.py:830} INFO - Processing file /Users/vlad.alex995/Desktop/de-sprint/.venv-airflow/lib/python3.11/site-packages/airflow/example_dags/subdags/subdag.py for tasks to queue
[2025-08-26T18:21:59.810+0100] {logging_mixin.py:188} INFO - [2025-08-26T18:21:59.810+0100] {dagbag.py:545} INFO - Filling up the DagBag from /Users/vlad.alex995/Desktop/de-sprint/.venv-airflow/lib/python3.11/site-packages/airflow/example_dags/subdags/subdag.py
[2025-08-26T18:21:59.811+0100] {processor.py:842} WARNING - No viable dags retrieved from /Users/vlad.alex995/Desktop/de-sprint/.venv-airflow/lib/python3.11/site-packages/airflow/example_dags/subdags/subdag.py
[2025-08-26T18:21:59.836+0100] {processor.py:183} INFO - Processing /Users/vlad.alex995/Desktop/de-sprint/.venv-airflow/lib/python3.11/site-packages/airflow/example_dags/subdags/subdag.py took 0.027 seconds
[2025-08-26T18:22:44.524+0100] {processor.py:161} INFO - Started process (PID=39037) to work on /Users/vlad.alex995/Desktop/de-sprint/.venv-airflow/lib/python3.11/site-packages/airflow/example_dags/subdags/subdag.py
[2025-08-26T18:22:44.525+0100] {processor.py:830} INFO - Processing file /Users/vlad.alex995/Desktop/de-sprint/.venv-airflow/lib/python3.11/site-packages/airflow/example_dags/subdags/subdag.py for tasks to queue
[2025-08-26T18:22:44.525+0100] {logging_mixin.py:188} INFO - [2025-08-26T18:22:44.525+0100] {dagbag.py:545} INFO - Filling up the DagBag from /Users/vlad.alex995/Desktop/de-sprint/.venv-airflow/lib/python3.11/site-packages/airflow/example_dags/subdags/subdag.py
[2025-08-26T18:22:44.526+0100] {processor.py:842} WARNING - No viable dags retrieved from /Users/vlad.alex995/Desktop/de-sprint/.venv-airflow/lib/python3.11/site-packages/airflow/example_dags/subdags/subdag.py
[2025-08-26T18:22:44.550+0100] {processor.py:183} INFO - Processing /Users/vlad.alex995/Desktop/de-sprint/.venv-airflow/lib/python3.11/site-packages/airflow/example_dags/subdags/subdag.py took 0.026 seconds
[2025-08-26T18:23:28.289+0100] {processor.py:161} INFO - Started process (PID=39071) to work on /Users/vlad.alex995/Desktop/de-sprint/.venv-airflow/lib/python3.11/site-packages/airflow/example_dags/subdags/subdag.py
[2025-08-26T18:23:28.289+0100] {processor.py:830} INFO - Processing file /Users/vlad.alex995/Desktop/de-sprint/.venv-airflow/lib/python3.11/site-packages/airflow/example_dags/subdags/subdag.py for tasks to queue
[2025-08-26T18:23:28.289+0100] {logging_mixin.py:188} INFO - [2025-08-26T18:23:28.289+0100] {dagbag.py:545} INFO - Filling up the DagBag from /Users/vlad.alex995/Desktop/de-sprint/.venv-airflow/lib/python3.11/site-packages/airflow/example_dags/subdags/subdag.py
[2025-08-26T18:23:28.290+0100] {processor.py:842} WARNING - No viable dags retrieved from /Users/vlad.alex995/Desktop/de-sprint/.venv-airflow/lib/python3.11/site-packages/airflow/example_dags/subdags/subdag.py
[2025-08-26T18:23:28.315+0100] {processor.py:183} INFO - Processing /Users/vlad.alex995/Desktop/de-sprint/.venv-airflow/lib/python3.11/site-packages/airflow/example_dags/subdags/subdag.py took 0.028 seconds
[2025-08-26T18:24:10.046+0100] {processor.py:161} INFO - Started process (PID=39105) to work on /Users/vlad.alex995/Desktop/de-sprint/.venv-airflow/lib/python3.11/site-packages/airflow/example_dags/subdags/subdag.py
[2025-08-26T18:24:10.047+0100] {processor.py:830} INFO - Processing file /Users/vlad.alex995/Desktop/de-sprint/.venv-airflow/lib/python3.11/site-packages/airflow/example_dags/subdags/subdag.py for tasks to queue
[2025-08-26T18:24:10.048+0100] {logging_mixin.py:188} INFO - [2025-08-26T18:24:10.048+0100] {dagbag.py:545} INFO - Filling up the DagBag from /Users/vlad.alex995/Desktop/de-sprint/.venv-airflow/lib/python3.11/site-packages/airflow/example_dags/subdags/subdag.py
[2025-08-26T18:24:10.049+0100] {processor.py:842} WARNING - No viable dags retrieved from /Users/vlad.alex995/Desktop/de-sprint/.venv-airflow/lib/python3.11/site-packages/airflow/example_dags/subdags/subdag.py
[2025-08-26T18:24:10.079+0100] {processor.py:183} INFO - Processing /Users/vlad.alex995/Desktop/de-sprint/.venv-airflow/lib/python3.11/site-packages/airflow/example_dags/subdags/subdag.py took 0.034 seconds
[2025-08-26T18:24:54.352+0100] {processor.py:161} INFO - Started process (PID=39146) to work on /Users/vlad.alex995/Desktop/de-sprint/.venv-airflow/lib/python3.11/site-packages/airflow/example_dags/subdags/subdag.py
[2025-08-26T18:24:54.353+0100] {processor.py:830} INFO - Processing file /Users/vlad.alex995/Desktop/de-sprint/.venv-airflow/lib/python3.11/site-packages/airflow/example_dags/subdags/subdag.py for tasks to queue
[2025-08-26T18:24:54.353+0100] {logging_mixin.py:188} INFO - [2025-08-26T18:24:54.353+0100] {dagbag.py:545} INFO - Filling up the DagBag from /Users/vlad.alex995/Desktop/de-sprint/.venv-airflow/lib/python3.11/site-packages/airflow/example_dags/subdags/subdag.py
[2025-08-26T18:24:54.354+0100] {processor.py:842} WARNING - No viable dags retrieved from /Users/vlad.alex995/Desktop/de-sprint/.venv-airflow/lib/python3.11/site-packages/airflow/example_dags/subdags/subdag.py
[2025-08-26T18:24:54.380+0100] {processor.py:183} INFO - Processing /Users/vlad.alex995/Desktop/de-sprint/.venv-airflow/lib/python3.11/site-packages/airflow/example_dags/subdags/subdag.py took 0.028 seconds
[2025-08-26T18:25:42.051+0100] {processor.py:161} INFO - Started process (PID=39197) to work on /Users/vlad.alex995/Desktop/de-sprint/.venv-airflow/lib/python3.11/site-packages/airflow/example_dags/subdags/subdag.py
[2025-08-26T18:25:42.052+0100] {processor.py:830} INFO - Processing file /Users/vlad.alex995/Desktop/de-sprint/.venv-airflow/lib/python3.11/site-packages/airflow/example_dags/subdags/subdag.py for tasks to queue
[2025-08-26T18:25:42.052+0100] {logging_mixin.py:188} INFO - [2025-08-26T18:25:42.052+0100] {dagbag.py:545} INFO - Filling up the DagBag from /Users/vlad.alex995/Desktop/de-sprint/.venv-airflow/lib/python3.11/site-packages/airflow/example_dags/subdags/subdag.py
[2025-08-26T18:25:42.053+0100] {processor.py:842} WARNING - No viable dags retrieved from /Users/vlad.alex995/Desktop/de-sprint/.venv-airflow/lib/python3.11/site-packages/airflow/example_dags/subdags/subdag.py
[2025-08-26T18:25:42.078+0100] {processor.py:183} INFO - Processing /Users/vlad.alex995/Desktop/de-sprint/.venv-airflow/lib/python3.11/site-packages/airflow/example_dags/subdags/subdag.py took 0.028 seconds
[2025-08-26T18:26:30.671+0100] {processor.py:161} INFO - Started process (PID=39236) to work on /Users/vlad.alex995/Desktop/de-sprint/.venv-airflow/lib/python3.11/site-packages/airflow/example_dags/subdags/subdag.py
[2025-08-26T18:26:30.672+0100] {processor.py:830} INFO - Processing file /Users/vlad.alex995/Desktop/de-sprint/.venv-airflow/lib/python3.11/site-packages/airflow/example_dags/subdags/subdag.py for tasks to queue
[2025-08-26T18:26:30.672+0100] {logging_mixin.py:188} INFO - [2025-08-26T18:26:30.672+0100] {dagbag.py:545} INFO - Filling up the DagBag from /Users/vlad.alex995/Desktop/de-sprint/.venv-airflow/lib/python3.11/site-packages/airflow/example_dags/subdags/subdag.py
[2025-08-26T18:26:30.673+0100] {processor.py:842} WARNING - No viable dags retrieved from /Users/vlad.alex995/Desktop/de-sprint/.venv-airflow/lib/python3.11/site-packages/airflow/example_dags/subdags/subdag.py
[2025-08-26T18:26:30.696+0100] {processor.py:183} INFO - Processing /Users/vlad.alex995/Desktop/de-sprint/.venv-airflow/lib/python3.11/site-packages/airflow/example_dags/subdags/subdag.py took 0.027 seconds
[2025-08-26T18:27:01.440+0100] {processor.py:161} INFO - Started process (PID=39533) to work on /Users/vlad.alex995/Desktop/de-sprint/.venv-airflow/lib/python3.11/site-packages/airflow/example_dags/subdags/subdag.py
[2025-08-26T18:27:01.441+0100] {processor.py:830} INFO - Processing file /Users/vlad.alex995/Desktop/de-sprint/.venv-airflow/lib/python3.11/site-packages/airflow/example_dags/subdags/subdag.py for tasks to queue
[2025-08-26T18:27:01.442+0100] {logging_mixin.py:188} INFO - [2025-08-26T18:27:01.442+0100] {dagbag.py:545} INFO - Filling up the DagBag from /Users/vlad.alex995/Desktop/de-sprint/.venv-airflow/lib/python3.11/site-packages/airflow/example_dags/subdags/subdag.py
[2025-08-26T18:27:01.442+0100] {processor.py:842} WARNING - No viable dags retrieved from /Users/vlad.alex995/Desktop/de-sprint/.venv-airflow/lib/python3.11/site-packages/airflow/example_dags/subdags/subdag.py
[2025-08-26T18:27:01.469+0100] {processor.py:183} INFO - Processing /Users/vlad.alex995/Desktop/de-sprint/.venv-airflow/lib/python3.11/site-packages/airflow/example_dags/subdags/subdag.py took 0.030 seconds
[2025-08-26T18:29:21.078+0100] {processor.py:161} INFO - Started process (PID=40069) to work on /Users/vlad.alex995/Desktop/de-sprint/.venv-airflow/lib/python3.11/site-packages/airflow/example_dags/subdags/subdag.py
[2025-08-26T18:29:21.079+0100] {processor.py:830} INFO - Processing file /Users/vlad.alex995/Desktop/de-sprint/.venv-airflow/lib/python3.11/site-packages/airflow/example_dags/subdags/subdag.py for tasks to queue
[2025-08-26T18:29:21.079+0100] {logging_mixin.py:188} INFO - [2025-08-26T18:29:21.079+0100] {dagbag.py:545} INFO - Filling up the DagBag from /Users/vlad.alex995/Desktop/de-sprint/.venv-airflow/lib/python3.11/site-packages/airflow/example_dags/subdags/subdag.py
[2025-08-26T18:29:21.080+0100] {processor.py:842} WARNING - No viable dags retrieved from /Users/vlad.alex995/Desktop/de-sprint/.venv-airflow/lib/python3.11/site-packages/airflow/example_dags/subdags/subdag.py
[2025-08-26T18:29:21.106+0100] {processor.py:183} INFO - Processing /Users/vlad.alex995/Desktop/de-sprint/.venv-airflow/lib/python3.11/site-packages/airflow/example_dags/subdags/subdag.py took 0.029 seconds
